<?xml version="1.0" encoding="UTF-8"?>
<testsuite name="org.springframework.jdbc.support.SQLExceptionCustomTranslatorTests" tests="2" skipped="0" failures="0" errors="0" timestamp="2020-12-12T06:25:34" hostname="DESKTOP-TMNPDT1" time="0.004">
  <properties/>
  <testcase name="dataAccessResourceException()" classname="org.springframework.jdbc.support.SQLExceptionCustomTranslatorTests" time="0.003"/>
  <testcase name="badSqlGrammarException()" classname="org.springframework.jdbc.support.SQLExceptionCustomTranslatorTests" time="0.001"/>
  <system-out><![CDATA[]]></system-out>
  <system-err><![CDATA[]]></system-err>
</testsuite>
