<?xml version="1.0" encoding="UTF-8"?>
<testsuite name="org.springframework.jdbc.core.RowMapperTests" tests="5" skipped="0" failures="0" errors="0" timestamp="2020-12-12T06:25:14" hostname="DESKTOP-TMNPDT1" time="0.063">
  <properties/>
  <testcase name="preparedStatementSetterWithRowMapper()" classname="org.springframework.jdbc.core.RowMapperTests" time="0.043"/>
  <testcase name="queryWithArgsAndRowMapper()" classname="org.springframework.jdbc.core.RowMapperTests" time="0.002"/>
  <testcase name="queryWithArgsAndTypesAndRowMapper()" classname="org.springframework.jdbc.core.RowMapperTests" time="0.008"/>
  <testcase name="staticQueryWithRowMapper()" classname="org.springframework.jdbc.core.RowMapperTests" time="0.002"/>
  <testcase name="preparedStatementCreatorWithRowMapper()" classname="org.springframework.jdbc.core.RowMapperTests" time="0.003"/>
  <system-out><![CDATA[]]></system-out>
  <system-err><![CDATA[]]></system-err>
</testsuite>
