<?xml version="1.0" encoding="UTF-8"?>
<testsuite name="org.springframework.jdbc.core.namedparam.NamedParameterUtilsTests" tests="23" skipped="0" failures="0" errors="0" timestamp="2020-12-12T06:25:14" hostname="DESKTOP-TMNPDT1" time="0.033">
  <properties/>
  <testcase name="parseSqlStatementWithEmptyBracketsOrBracketsInQuotes()" classname="org.springframework.jdbc.core.namedparam.NamedParameterUtilsTests" time="0.001"/>
  <testcase name="parseSqlStatementWithPostgresAnyArrayStringsExistsOperator()" classname="org.springframework.jdbc.core.namedparam.NamedParameterUtilsTests" time="0.001"/>
  <testcase name="parseSqlStatementWithQuotedSingleQuote()" classname="org.springframework.jdbc.core.namedparam.NamedParameterUtilsTests" time="0.001"/>
  <testcase name="parseSqlStatementWithPostgresCasting()" classname="org.springframework.jdbc.core.namedparam.NamedParameterUtilsTests" time="0.001"/>
  <testcase name="convertTypeMapToSqlParameterList()" classname="org.springframework.jdbc.core.namedparam.NamedParameterUtilsTests" time="0.001"/>
  <testcase name="substituteNamedParametersWithStringContainingQuotes()" classname="org.springframework.jdbc.core.namedparam.NamedParameterUtilsTests" time="0.001"/>
  <testcase name="parseSqlStatementWithSingleLetterInBrackets()" classname="org.springframework.jdbc.core.namedparam.NamedParameterUtilsTests" time="0.002"/>
  <testcase name="parseSqlStatementWithPostgresContainedOperator()" classname="org.springframework.jdbc.core.namedparam.NamedParameterUtilsTests" time="0.0"/>
  <testcase name="parseSqlStatementWithPostgresAllArrayStringsExistsOperator()" classname="org.springframework.jdbc.core.namedparam.NamedParameterUtilsTests" time="0.001"/>
  <testcase name="buildValueArrayWithMissingParameterValue()" classname="org.springframework.jdbc.core.namedparam.NamedParameterUtilsTests" time="0.001"/>
  <testcase name="convertParamMapToArray()" classname="org.springframework.jdbc.core.namedparam.NamedParameterUtilsTests" time="0.001"/>
  <testcase name="parseSqlStatementWithQuotesAndCommentBefore()" classname="org.springframework.jdbc.core.namedparam.NamedParameterUtilsTests" time="0.001"/>
  <testcase name="parseSqlContainingComments()" classname="org.springframework.jdbc.core.namedparam.NamedParameterUtilsTests" time="0.0"/>
  <testcase name="parseSqlStatementWithEscapedColon()" classname="org.springframework.jdbc.core.namedparam.NamedParameterUtilsTests" time="0.0"/>
  <testcase name="substituteNamedParameters()" classname="org.springframework.jdbc.core.namedparam.NamedParameterUtilsTests" time="0.0"/>
  <testcase name="testParseSqlStatementWithStringContainingQuotes()" classname="org.springframework.jdbc.core.namedparam.NamedParameterUtilsTests" time="0.0"/>
  <testcase name="parseSqlStatementWithBracketDelimitedParameterNames()" classname="org.springframework.jdbc.core.namedparam.NamedParameterUtilsTests" time="0.0"/>
  <testcase name="variableAssignmentOperator()" classname="org.springframework.jdbc.core.namedparam.NamedParameterUtilsTests" time="0.0"/>
  <testcase name="parseSql()" classname="org.springframework.jdbc.core.namedparam.NamedParameterUtilsTests" time="0.0"/>
  <testcase name="substituteNamedParametersWithLogicalAnd()" classname="org.springframework.jdbc.core.namedparam.NamedParameterUtilsTests" time="0.0"/>
  <testcase name="parseSqlStatementWithQuotesAndCommentAfter()" classname="org.springframework.jdbc.core.namedparam.NamedParameterUtilsTests" time="0.0"/>
  <testcase name="parseSqlStatementWithLogicalAnd()" classname="org.springframework.jdbc.core.namedparam.NamedParameterUtilsTests" time="0.0"/>
  <testcase name="convertTypeMapToArray()" classname="org.springframework.jdbc.core.namedparam.NamedParameterUtilsTests" time="0.0"/>
  <system-out><![CDATA[]]></system-out>
  <system-err><![CDATA[]]></system-err>
</testsuite>
