<?xml version="1.0" encoding="UTF-8"?>
<testsuite name="org.springframework.jdbc.datasource.embedded.EmbeddedDatabaseFactoryTests" tests="1" skipped="0" failures="0" errors="0" timestamp="2020-12-12T06:25:24" hostname="DESKTOP-TMNPDT1" time="0.013">
  <properties/>
  <testcase name="testGetDataSource()" classname="org.springframework.jdbc.datasource.embedded.EmbeddedDatabaseFactoryTests" time="0.013"/>
  <system-out><![CDATA[]]></system-out>
  <system-err><![CDATA[]]></system-err>
</testsuite>
