<?xml version="1.0" encoding="UTF-8"?>
<testsuite name="org.springframework.jdbc.datasource.DriverManagerDataSourceTests" tests="4" skipped="0" failures="0" errors="0" timestamp="2020-12-12T06:25:19" hostname="DESKTOP-TMNPDT1" time="0.011">
  <properties/>
  <testcase name="testUsageWithConnectionProperties()" classname="org.springframework.jdbc.datasource.DriverManagerDataSourceTests" time="0.002"/>
  <testcase name="testInvalidClassName()" classname="org.springframework.jdbc.datasource.DriverManagerDataSourceTests" time="0.003"/>
  <testcase name="testStandardUsage()" classname="org.springframework.jdbc.datasource.DriverManagerDataSourceTests" time="0.002"/>
  <testcase name="testUsageWithConnectionPropertiesAndUserCredentials()" classname="org.springframework.jdbc.datasource.DriverManagerDataSourceTests" time="0.001"/>
  <system-out><![CDATA[]]></system-out>
  <system-err><![CDATA[]]></system-err>
</testsuite>
