<?xml version="1.0" encoding="UTF-8"?>
<testsuite name="org.springframework.jdbc.object.SqlUpdateTests" tests="14" skipped="0" failures="0" errors="0" timestamp="2020-12-12T06:25:33" hostname="DESKTOP-TMNPDT1" time="0.112">
  <properties/>
  <testcase name="testNamedParameterUpdateWithUnnamedDeclarations()" classname="org.springframework.jdbc.object.SqlUpdateTests" time="0.007"/>
  <testcase name="testUpdateInt()" classname="org.springframework.jdbc.object.SqlUpdateTests" time="0.002"/>
  <testcase name="testUpdateMixed()" classname="org.springframework.jdbc.object.SqlUpdateTests" time="0.016"/>
  <testcase name="testUpdateConstructor()" classname="org.springframework.jdbc.object.SqlUpdateTests" time="0.004"/>
  <testcase name="testRequiredRows()" classname="org.springframework.jdbc.object.SqlUpdateTests" time="0.002"/>
  <testcase name="testUpdateIntInt()" classname="org.springframework.jdbc.object.SqlUpdateTests" time="0.004"/>
  <testcase name="testUpdateAndGeneratedKeys()" classname="org.springframework.jdbc.object.SqlUpdateTests" time="0.013"/>
  <testcase name="testUpdateString()" classname="org.springframework.jdbc.object.SqlUpdateTests" time="0.002"/>
  <testcase name="testNamedParameterUpdateWithNamedDeclarations()" classname="org.springframework.jdbc.object.SqlUpdateTests" time="0.006"/>
  <testcase name="testMaxRows()" classname="org.springframework.jdbc.object.SqlUpdateTests" time="0.003"/>
  <testcase name="testNotRequiredRows()" classname="org.springframework.jdbc.object.SqlUpdateTests" time="0.014"/>
  <testcase name="testOverMaxRows()" classname="org.springframework.jdbc.object.SqlUpdateTests" time="0.003"/>
  <testcase name="testUpdate()" classname="org.springframework.jdbc.object.SqlUpdateTests" time="0.001"/>
  <testcase name="testUnderMaxRows()" classname="org.springframework.jdbc.object.SqlUpdateTests" time="0.001"/>
  <system-out><![CDATA[]]></system-out>
  <system-err><![CDATA[]]></system-err>
</testsuite>
