<?xml version="1.0" encoding="UTF-8"?>
<testsuite name="org.springframework.jdbc.datasource.lookup.JndiDataSourceLookupTests" tests="2" skipped="0" failures="0" errors="0" timestamp="2020-12-12T06:25:33" hostname="DESKTOP-TMNPDT1" time="0.002">
  <properties/>
  <testcase name="testSunnyDay()" classname="org.springframework.jdbc.datasource.lookup.JndiDataSourceLookupTests" time="0.001"/>
  <testcase name="testNoDataSourceAtJndiLocation()" classname="org.springframework.jdbc.datasource.lookup.JndiDataSourceLookupTests" time="0.001"/>
  <system-out><![CDATA[]]></system-out>
  <system-err><![CDATA[]]></system-err>
</testsuite>
