<?xml version="1.0" encoding="UTF-8"?>
<testsuite name="org.springframework.jdbc.support.SQLStateExceptionTranslatorTests" tests="3" skipped="0" failures="0" errors="0" timestamp="2020-12-12T06:25:34" hostname="DESKTOP-TMNPDT1" time="0.002">
  <properties/>
  <testcase name="malformedSqlStateCodes()" classname="org.springframework.jdbc.support.SQLStateExceptionTranslatorTests" time="0.0"/>
  <testcase name="badSqlGrammar()" classname="org.springframework.jdbc.support.SQLStateExceptionTranslatorTests" time="0.0"/>
  <testcase name="invalidSqlStateCode()" classname="org.springframework.jdbc.support.SQLStateExceptionTranslatorTests" time="0.001"/>
  <system-out><![CDATA[]]></system-out>
  <system-err><![CDATA[]]></system-err>
</testsuite>
