<?xml version="1.0" encoding="UTF-8"?>
<testsuite name="org.springframework.jdbc.core.simple.TableMetaDataContextTests" tests="2" skipped="0" failures="0" errors="0" timestamp="2020-12-12T06:25:15" hostname="DESKTOP-TMNPDT1" time="0.011">
  <properties/>
  <testcase name="testTableWithSingleColumnGeneratedKey()" classname="org.springframework.jdbc.core.simple.TableMetaDataContextTests" time="0.007"/>
  <testcase name="testMatchInParametersAndSqlTypeInfoWrapping()" classname="org.springframework.jdbc.core.simple.TableMetaDataContextTests" time="0.004"/>
  <system-out><![CDATA[]]></system-out>
  <system-err><![CDATA[]]></system-err>
</testsuite>
