<?xml version="1.0" encoding="UTF-8"?>
<testsuite name="org.springframework.jdbc.datasource.DataSourceJtaTransactionTests" tests="28" skipped="0" failures="0" errors="0" timestamp="2020-12-12T06:25:15" hostname="DESKTOP-TMNPDT1" time="0.401">
  <properties/>
  <testcase name="testJtaTransactionCommitWithPropagationRequiresNewWithTransactionAwareDataSource()" classname="org.springframework.jdbc.datasource.DataSourceJtaTransactionTests" time="0.152"/>
  <testcase name="testJtaTransactionCommit()" classname="org.springframework.jdbc.datasource.DataSourceJtaTransactionTests" time="0.005"/>
  <testcase name="testJtaTransactionWithIsolationLevelDataSourceRouter()" classname="org.springframework.jdbc.datasource.DataSourceJtaTransactionTests" time="0.069"/>
  <testcase name="testJtaTransactionCommitWithPropagationRequiresNewWithOpenOuterConnectionAndTransactionAwareDataSourceAndBeginException()" classname="org.springframework.jdbc.datasource.DataSourceJtaTransactionTests" time="0.004"/>
  <testcase name="testJtaTransactionWithConnectionHolderStillBound()" classname="org.springframework.jdbc.datasource.DataSourceJtaTransactionTests" time="0.013"/>
  <testcase name="testJtaTransactionCommitWithPropagationRequiredWithinNotSupported()" classname="org.springframework.jdbc.datasource.DataSourceJtaTransactionTests" time="0.005"/>
  <testcase name="testJtaTransactionCommitWithPropagationRequiresNewWithTransactionAwareDataSourceAndSuspendException()" classname="org.springframework.jdbc.datasource.DataSourceJtaTransactionTests" time="0.005"/>
  <testcase name="testJtaTransactionRollbackWithPropagationRequiresNewWithTransactionAwareDataSource()" classname="org.springframework.jdbc.datasource.DataSourceJtaTransactionTests" time="0.005"/>
  <testcase name="testJtaTransactionCommitWithPropagationRequiresNewWithOpenOuterConnectionAccessed()" classname="org.springframework.jdbc.datasource.DataSourceJtaTransactionTests" time="0.004"/>
  <testcase name="testJtaTransactionRollbackWithPropagationRequiresNew()" classname="org.springframework.jdbc.datasource.DataSourceJtaTransactionTests" time="0.007"/>
  <testcase name="testJtaTransactionCommitWithPropagationRequiresNewAndBeginException()" classname="org.springframework.jdbc.datasource.DataSourceJtaTransactionTests" time="0.002"/>
  <testcase name="testJtaTransactionCommitWithPropagationRequiresNewWithOpenOuterConnectionAndTransactionAwareDataSourceAndSuspendException()" classname="org.springframework.jdbc.datasource.DataSourceJtaTransactionTests" time="0.003"/>
  <testcase name="testJtaTransactionRollback()" classname="org.springframework.jdbc.datasource.DataSourceJtaTransactionTests" time="0.005"/>
  <testcase name="testJtaTransactionCommitWithPropagationRequiresNew()" classname="org.springframework.jdbc.datasource.DataSourceJtaTransactionTests" time="0.012"/>
  <testcase name="testJtaTransactionCommitWithPropagationRequiresNewWithinSupports()" classname="org.springframework.jdbc.datasource.DataSourceJtaTransactionTests" time="0.005"/>
  <testcase name="testJtaTransactionCommitWithPropagationRequiresNewWithOpenOuterConnectionAndSuspendException()" classname="org.springframework.jdbc.datasource.DataSourceJtaTransactionTests" time="0.005"/>
  <testcase name="testJtaTransactionCommitWithPropagationRequiresNewWithAccessAfterResume()" classname="org.springframework.jdbc.datasource.DataSourceJtaTransactionTests" time="0.013"/>
  <testcase name="testJtaTransactionRollbackWithPropagationRequiresNewWithOpenOuterConnection()" classname="org.springframework.jdbc.datasource.DataSourceJtaTransactionTests" time="0.005"/>
  <testcase name="testJtaTransactionCommitWithPropagationRequiresNewWithTransactionAwareDataSourceAndBeginException()" classname="org.springframework.jdbc.datasource.DataSourceJtaTransactionTests" time="0.003"/>
  <testcase name="testJtaTransactionWithIsolationLevelDataSourceRouterWithDataSourceLookup()" classname="org.springframework.jdbc.datasource.DataSourceJtaTransactionTests" time="0.017"/>
  <testcase name="testJtaTransactionWithIsolationLevelDataSourceAdapter()" classname="org.springframework.jdbc.datasource.DataSourceJtaTransactionTests" time="0.009"/>
  <testcase name="testJtaTransactionCommitWithPropagationRequiresNewWithOpenOuterConnectionAndBeginException()" classname="org.springframework.jdbc.datasource.DataSourceJtaTransactionTests" time="0.002"/>
  <testcase name="testJtaTransactionCommitWithPropagationRequiredWithinSupports()" classname="org.springframework.jdbc.datasource.DataSourceJtaTransactionTests" time="0.003"/>
  <testcase name="testJtaTransactionRollbackWithPropagationRequiresNewWithOpenOuterConnectionAccessed()" classname="org.springframework.jdbc.datasource.DataSourceJtaTransactionTests" time="0.01"/>
  <testcase name="testJtaTransactionCommitWithPropagationRequiresNewWithinNotSupported()" classname="org.springframework.jdbc.datasource.DataSourceJtaTransactionTests" time="0.005"/>
  <testcase name="testJtaTransactionCommitWithPropagationRequiresNewAndSuspendException()" classname="org.springframework.jdbc.datasource.DataSourceJtaTransactionTests" time="0.003"/>
  <testcase name="testJtaTransactionRollbackWithPropagationRequiresNewWithAccessAfterResume()" classname="org.springframework.jdbc.datasource.DataSourceJtaTransactionTests" time="0.003"/>
  <testcase name="testJtaTransactionCommitWithPropagationRequiresNewWithOpenOuterConnection()" classname="org.springframework.jdbc.datasource.DataSourceJtaTransactionTests" time="0.007"/>
  <system-out><![CDATA[]]></system-out>
  <system-err><![CDATA[]]></system-err>
</testsuite>
