<?xml version="1.0" encoding="UTF-8"?>
<testsuite name="org.springframework.jdbc.core.simple.CallMetaDataContextTests" tests="1" skipped="0" failures="0" errors="0" timestamp="2020-12-12T06:25:14" hostname="DESKTOP-TMNPDT1" time="0.011">
  <properties/>
  <testcase name="testMatchParameterValuesAndSqlInOutParameters()" classname="org.springframework.jdbc.core.simple.CallMetaDataContextTests" time="0.011"/>
  <system-out><![CDATA[]]></system-out>
  <system-err><![CDATA[]]></system-err>
</testsuite>
