<?xml version="1.0" encoding="UTF-8"?>
<testsuite name="org.springframework.jdbc.core.support.LobSupportTests" tests="5" skipped="0" failures="0" errors="0" timestamp="2020-12-12T06:25:15" hostname="DESKTOP-TMNPDT1" time="0.106">
  <properties/>
  <testcase name="testAbstractLobStreamingResultSetExtractorCorrectException()" classname="org.springframework.jdbc.core.support.LobSupportTests" time="0.005"/>
  <testcase name="testAbstractLobStreamingResultSetExtractorNoRows()" classname="org.springframework.jdbc.core.support.LobSupportTests" time="0.001"/>
  <testcase name="testAbstractLobStreamingResultSetExtractorOneRow()" classname="org.springframework.jdbc.core.support.LobSupportTests" time="0.001"/>
  <testcase name="testCreatingPreparedStatementCallback()" classname="org.springframework.jdbc.core.support.LobSupportTests" time="0.089"/>
  <testcase name="testAbstractLobStreamingResultSetExtractorMultipleRows()" classname="org.springframework.jdbc.core.support.LobSupportTests" time="0.005"/>
  <system-out><![CDATA[]]></system-out>
  <system-err><![CDATA[]]></system-err>
</testsuite>
