<?xml version="1.0" encoding="UTF-8"?>
<testsuite name="org.springframework.jdbc.datasource.DataSourceTransactionManagerTests" tests="50" skipped="0" failures="0" errors="0" timestamp="2020-12-12T06:25:15" hostname="DESKTOP-TMNPDT1" time="3.409">
  <properties/>
  <testcase name="testTransactionRollbackOnly()" classname="org.springframework.jdbc.datasource.DataSourceTransactionManagerTests" time="0.006"/>
  <testcase name="testParticipatingTransactionWithIncompatibleReadOnly()" classname="org.springframework.jdbc.datasource.DataSourceTransactionManagerTests" time="0.005"/>
  <testcase name="testParticipatingTransactionWithIncompatibleIsolationLevel()" classname="org.springframework.jdbc.datasource.DataSourceTransactionManagerTests" time="0.004"/>
  <testcase name="testPropagationSupportsAndRequiresNewWithEarlyAccess()" classname="org.springframework.jdbc.datasource.DataSourceTransactionManagerTests" time="0.011"/>
  <testcase name="testTransactionWithPropagationSupports()" classname="org.springframework.jdbc.datasource.DataSourceTransactionManagerTests" time="0.003"/>
  <testcase name="testTransactionRollbackWithAutoCommitTrueAndLazyConnectionAndCreateStatement()" classname="org.springframework.jdbc.datasource.DataSourceTransactionManagerTests" time="0.017"/>
  <testcase name="testExistingTransactionWithManualSavepoint()" classname="org.springframework.jdbc.datasource.DataSourceTransactionManagerTests" time="0.01"/>
  <testcase name="testTransactionWithExceptionOnRollback()" classname="org.springframework.jdbc.datasource.DataSourceTransactionManagerTests" time="0.003"/>
  <testcase name="testPropagationRequiresNewWithExistingTransaction()" classname="org.springframework.jdbc.datasource.DataSourceTransactionManagerTests" time="0.003"/>
  <testcase name="testTransactionWithShortTimeout()" classname="org.springframework.jdbc.datasource.DataSourceTransactionManagerTests" time="1.534"/>
  <testcase name="testExistingTransactionWithPropagationNestedAndRequiredRollback()" classname="org.springframework.jdbc.datasource.DataSourceTransactionManagerTests" time="0.005"/>
  <testcase name="testTransactionCommitWithAutoCommitTrue()" classname="org.springframework.jdbc.datasource.DataSourceTransactionManagerTests" time="0.005"/>
  <testcase name="testTransactionWithPropagationNestedAndRollback()" classname="org.springframework.jdbc.datasource.DataSourceTransactionManagerTests" time="0.002"/>
  <testcase name="testParticipatingTransactionWithTransactionStartedFromSynch()" classname="org.springframework.jdbc.datasource.DataSourceTransactionManagerTests" time="0.005"/>
  <testcase name="testExistingTransactionWithPropagationNestedAndRequiredRollbackOnly()" classname="org.springframework.jdbc.datasource.DataSourceTransactionManagerTests" time="0.014"/>
  <testcase name="testTransactionAwareDataSourceProxyWithSuspensionAndReobtaining()" classname="org.springframework.jdbc.datasource.DataSourceTransactionManagerTests" time="0.012"/>
  <testcase name="testTransactionWithPropagationNever()" classname="org.springframework.jdbc.datasource.DataSourceTransactionManagerTests" time="0.003"/>
  <testcase name="testTransactionCommitWithAutoCommitFalseAndLazyConnectionAndStatementCreated()" classname="org.springframework.jdbc.datasource.DataSourceTransactionManagerTests" time="0.02"/>
  <testcase name="testPropagationNeverWithExistingTransaction()" classname="org.springframework.jdbc.datasource.DataSourceTransactionManagerTests" time="0.003"/>
  <testcase name="testTransactionAwareDataSourceProxy()" classname="org.springframework.jdbc.datasource.DataSourceTransactionManagerTests" time="0.005"/>
  <testcase name="testTransactionCommitWithAutoCommitTrueAndLazyConnectionAndStatementCreated()" classname="org.springframework.jdbc.datasource.DataSourceTransactionManagerTests" time="0.003"/>
  <testcase name="testTransactionCommitWithAutoCommitFalse()" classname="org.springframework.jdbc.datasource.DataSourceTransactionManagerTests" time="0.003"/>
  <testcase name="testExistingTransactionWithManualSavepointAndRollback()" classname="org.springframework.jdbc.datasource.DataSourceTransactionManagerTests" time="0.005"/>
  <testcase name="testTransactionRollbackWithAutoCommitFalseAndLazyConnection()" classname="org.springframework.jdbc.datasource.DataSourceTransactionManagerTests" time="0.002"/>
  <testcase name="testTransactionWithIsolationAndReadOnly()" classname="org.springframework.jdbc.datasource.DataSourceTransactionManagerTests" time="0.004"/>
  <testcase name="testTransactionAwareDataSourceProxyWithSuspension()" classname="org.springframework.jdbc.datasource.DataSourceTransactionManagerTests" time="0.004"/>
  <testcase name="testParticipatingTransactionWithDifferentConnectionObtainedFromSynch()" classname="org.springframework.jdbc.datasource.DataSourceTransactionManagerTests" time="0.009"/>
  <testcase name="testTransactionWithExceptionOnCommit()" classname="org.springframework.jdbc.datasource.DataSourceTransactionManagerTests" time="0.011"/>
  <testcase name="testTransactionWithPropagationNested()" classname="org.springframework.jdbc.datasource.DataSourceTransactionManagerTests" time="0.004"/>
  <testcase name="testTransactionWithEnforceReadOnly()" classname="org.springframework.jdbc.datasource.DataSourceTransactionManagerTests" time="0.008"/>
  <testcase name="testTransactionRollbackWithAutoCommitFalse()" classname="org.springframework.jdbc.datasource.DataSourceTransactionManagerTests" time="0.004"/>
  <testcase name="testParticipatingTransactionWithRollbackOnlyAndFailEarly()" classname="org.springframework.jdbc.datasource.DataSourceTransactionManagerTests" time="0.004"/>
  <testcase name="testExistingTransactionWithPropagationNestedAndRollback()" classname="org.springframework.jdbc.datasource.DataSourceTransactionManagerTests" time="0.012"/>
  <testcase name="testTransactionWithLongTimeout()" classname="org.springframework.jdbc.datasource.DataSourceTransactionManagerTests" time="1.505"/>
  <testcase name="testTransactionCommitWithAutoCommitTrueAndLazyConnection()" classname="org.springframework.jdbc.datasource.DataSourceTransactionManagerTests" time="0.002"/>
  <testcase name="testPropagationRequiresNewWithExistingTransactionAndUnrelatedFailingDataSource()" classname="org.springframework.jdbc.datasource.DataSourceTransactionManagerTests" time="0.004"/>
  <testcase name="testPropagationSupportsAndRequiresNew()" classname="org.springframework.jdbc.datasource.DataSourceTransactionManagerTests" time="0.004"/>
  <testcase name="testPropagationRequiresNewWithExistingTransactionAndUnrelatedDataSource()" classname="org.springframework.jdbc.datasource.DataSourceTransactionManagerTests" time="0.003"/>
  <testcase name="testTransactionWithExceptionOnCommitAndRollbackOnCommitFailure()" classname="org.springframework.jdbc.datasource.DataSourceTransactionManagerTests" time="0.003"/>
  <testcase name="testParticipatingTransactionWithRollbackOnly()" classname="org.springframework.jdbc.datasource.DataSourceTransactionManagerTests" time="0.001"/>
  <testcase name="testTransactionRollbackWithAutoCommitFalseAndLazyConnectionAndCreateStatement()" classname="org.springframework.jdbc.datasource.DataSourceTransactionManagerTests" time="0.002"/>
  <testcase name="testParticipatingTransactionWithRollbackOnlyAndInnerSynch()" classname="org.springframework.jdbc.datasource.DataSourceTransactionManagerTests" time="0.004"/>
  <testcase name="testPropagationNotSupportedWithExistingTransaction()" classname="org.springframework.jdbc.datasource.DataSourceTransactionManagerTests" time="0.003"/>
  <testcase name="testExistingTransactionWithPropagationNested()" classname="org.springframework.jdbc.datasource.DataSourceTransactionManagerTests" time="0.009"/>
  <testcase name="testTransactionRollbackWithAutoCommitTrueAndLazyConnection()" classname="org.springframework.jdbc.datasource.DataSourceTransactionManagerTests" time="0.002"/>
  <testcase name="testTransactionCommitWithAutoCommitFalseAndLazyConnection()" classname="org.springframework.jdbc.datasource.DataSourceTransactionManagerTests" time="0.003"/>
  <testcase name="testExistingTransactionWithPropagationNestedTwice()" classname="org.springframework.jdbc.datasource.DataSourceTransactionManagerTests" time="0.031"/>
  <testcase name="testTransactionWithPropagationNotSupported()" classname="org.springframework.jdbc.datasource.DataSourceTransactionManagerTests" time="0.003"/>
  <testcase name="testTransactionWithExceptionOnBegin()" classname="org.springframework.jdbc.datasource.DataSourceTransactionManagerTests" time="0.003"/>
  <testcase name="testTransactionRollbackWithAutoCommitTrue()" classname="org.springframework.jdbc.datasource.DataSourceTransactionManagerTests" time="0.002"/>
  <system-out><![CDATA[]]></system-out>
  <system-err><![CDATA[]]></system-err>
</testsuite>
