<?xml version="1.0" encoding="UTF-8"?>
<testsuite name="org.springframework.jdbc.datasource.init.ScriptUtilsIntegrationTests" tests="2" skipped="0" failures="0" errors="0" timestamp="2020-12-12T06:25:33" hostname="DESKTOP-TMNPDT1" time="0.079">
  <properties/>
  <testcase name="executeSqlScriptContainingSingleQuotesNestedInsideDoubleQuotes()" classname="org.springframework.jdbc.datasource.init.ScriptUtilsIntegrationTests" time="0.048"/>
  <testcase name="executeSqlScriptContainingMultiLineComments()" classname="org.springframework.jdbc.datasource.init.ScriptUtilsIntegrationTests" time="0.029"/>
  <system-out><![CDATA[]]></system-out>
  <system-err><![CDATA[]]></system-err>
</testsuite>
