<?xml version="1.0" encoding="UTF-8"?>
<testsuite name="org.springframework.jdbc.datasource.init.ResourceDatabasePopulatorTests" tests="10" skipped="0" failures="0" errors="0" timestamp="2020-12-12T06:25:33" hostname="DESKTOP-TMNPDT1" time="0.031">
  <properties/>
  <testcase name="addScriptsWithNullResourceArray()" classname="org.springframework.jdbc.datasource.init.ResourceDatabasePopulatorTests" time="0.003"/>
  <testcase name="constructWithNullResourceArray()" classname="org.springframework.jdbc.datasource.init.ResourceDatabasePopulatorTests" time="0.014"/>
  <testcase name="setScriptsWithNullResourceArray()" classname="org.springframework.jdbc.datasource.init.ResourceDatabasePopulatorTests" time="0.002"/>
  <testcase name="constructWithMultipleResourcesAndThenAddScript()" classname="org.springframework.jdbc.datasource.init.ResourceDatabasePopulatorTests" time="0.001"/>
  <testcase name="constructWithNullResource()" classname="org.springframework.jdbc.datasource.init.ResourceDatabasePopulatorTests" time="0.002"/>
  <testcase name="setScriptsAndThenAddScript()" classname="org.springframework.jdbc.datasource.init.ResourceDatabasePopulatorTests" time="0.001"/>
  <testcase name="setScriptsWithNullResource()" classname="org.springframework.jdbc.datasource.init.ResourceDatabasePopulatorTests" time="0.002"/>
  <testcase name="constructWithResource()" classname="org.springframework.jdbc.datasource.init.ResourceDatabasePopulatorTests" time="0.0"/>
  <testcase name="constructWithMultipleResources()" classname="org.springframework.jdbc.datasource.init.ResourceDatabasePopulatorTests" time="0.0"/>
  <testcase name="addScriptsWithNullResource()" classname="org.springframework.jdbc.datasource.init.ResourceDatabasePopulatorTests" time="0.002"/>
  <system-out><![CDATA[]]></system-out>
  <system-err><![CDATA[]]></system-err>
</testsuite>
