<?xml version="1.0" encoding="UTF-8"?>
<testsuite name="org.springframework.jdbc.core.support.JdbcBeanDefinitionReaderTests" tests="1" skipped="0" failures="0" errors="0" timestamp="2020-12-12T06:25:15" hostname="DESKTOP-TMNPDT1" time="0.009">
  <properties/>
  <testcase name="testValid()" classname="org.springframework.jdbc.core.support.JdbcBeanDefinitionReaderTests" time="0.009"/>
  <system-out><![CDATA[]]></system-out>
  <system-err><![CDATA[]]></system-err>
</testsuite>
