<?xml version="1.0" encoding="UTF-8"?>
<testsuite name="org.springframework.jdbc.core.StatementCreatorUtilsTests" tests="22" skipped="0" failures="0" errors="0" timestamp="2020-12-12T06:25:15" hostname="DESKTOP-TMNPDT1" time="0.141">
  <properties/>
  <testcase name="testSetParameterValueWithNullAndUnknownTypeOnInformix()" classname="org.springframework.jdbc.core.StatementCreatorUtilsTests" time="0.002"/>
  <testcase name="testSetParameterValueWithDateAndCalendar()" classname="org.springframework.jdbc.core.StatementCreatorUtilsTests" time="0.001"/>
  <testcase name="testSetParameterValueWithTimestampAndUtilDate()" classname="org.springframework.jdbc.core.StatementCreatorUtilsTests" time="0.005"/>
  <testcase name="testSetParameterValueWithNullAndGetParameterTypeWorking()" classname="org.springframework.jdbc.core.StatementCreatorUtilsTests" time="0.015"/>
  <testcase name="testSetParameterValueWithSqlTimestamp()" classname="org.springframework.jdbc.core.StatementCreatorUtilsTests" time="0.002"/>
  <testcase name="testSetParameterValueWithTimeAndCalendar()" classname="org.springframework.jdbc.core.StatementCreatorUtilsTests" time="0.001"/>
  <testcase name="testSetParameterValueWithDateAndUnknownType()" classname="org.springframework.jdbc.core.StatementCreatorUtilsTests" time="0.001"/>
  <testcase name="testSetParameterValueWithDateAndUtilDate()" classname="org.springframework.jdbc.core.StatementCreatorUtilsTests" time="0.002"/>
  <testcase name="testSetParameterValueWithCalendarAndUnknownType()" classname="org.springframework.jdbc.core.StatementCreatorUtilsTests" time="0.001"/>
  <testcase name="testSetParameterValueWithString()" classname="org.springframework.jdbc.core.StatementCreatorUtilsTests" time="0.001"/>
  <testcase name="testSetParameterValueWithStringAndUnknownType()" classname="org.springframework.jdbc.core.StatementCreatorUtilsTests" time="0.004"/>
  <testcase name="testSetParameterValueWithStringAndVendorSpecificType()" classname="org.springframework.jdbc.core.StatementCreatorUtilsTests" time="0.001"/>
  <testcase name="testSetParameterValueWithNullAndVendorSpecificType()" classname="org.springframework.jdbc.core.StatementCreatorUtilsTests" time="0.001"/>
  <testcase name="testSetParameterValueWithTimeAndUtilDate()" classname="org.springframework.jdbc.core.StatementCreatorUtilsTests" time="0.001"/>
  <testcase name="testSetParameterValueWithSqlDate()" classname="org.springframework.jdbc.core.StatementCreatorUtilsTests" time="0.001"/>
  <testcase name="testSetParameterValueWithSqlTime()" classname="org.springframework.jdbc.core.StatementCreatorUtilsTests" time="0.001"/>
  <testcase name="testSetParameterValueWithNullAndUnknownType()" classname="org.springframework.jdbc.core.StatementCreatorUtilsTests" time="0.031"/>
  <testcase name="testSetParameterValueWithNullAndType()" classname="org.springframework.jdbc.core.StatementCreatorUtilsTests" time="0.001"/>
  <testcase name="testSetParameterValueWithStringAndSpecialType()" classname="org.springframework.jdbc.core.StatementCreatorUtilsTests" time="0.002"/>
  <testcase name="testSetParameterValueWithNullAndTypeName()" classname="org.springframework.jdbc.core.StatementCreatorUtilsTests" time="0.001"/>
  <testcase name="testSetParameterValueWithTimestampAndCalendar()" classname="org.springframework.jdbc.core.StatementCreatorUtilsTests" time="0.005"/>
  <testcase name="testSetParameterValueWithNullAndUnknownTypeOnDerbyEmbedded()" classname="org.springframework.jdbc.core.StatementCreatorUtilsTests" time="0.004"/>
  <system-out><![CDATA[]]></system-out>
  <system-err><![CDATA[]]></system-err>
</testsuite>
