<?xml version="1.0" encoding="UTF-8"?>
<testsuite name="org.springframework.http.server.reactive.AsyncIntegrationTests" tests="4" skipped="0" failures="0" errors="0" timestamp="2020-12-11T19:55:30" hostname="DESKTOP-TMNPDT1" time="13.252">
  <properties/>
  <testcase name="basicTest(HttpServer)[1]" classname="org.springframework.http.server.reactive.AsyncIntegrationTests" time="3.49"/>
  <testcase name="basicTest(HttpServer)[2]" classname="org.springframework.http.server.reactive.AsyncIntegrationTests" time="2.165"/>
  <testcase name="basicTest(HttpServer)[3]" classname="org.springframework.http.server.reactive.AsyncIntegrationTests" time="6.406"/>
  <testcase name="basicTest(HttpServer)[4]" classname="org.springframework.http.server.reactive.AsyncIntegrationTests" time="1.179"/>
  <system-out><![CDATA[]]></system-out>
  <system-err><![CDATA[十二月 12, 2020 3:55:37 上午 org.apache.catalina.core.StandardService startInternal
信息: Starting service [Tomcat]
十二月 12, 2020 3:55:38 上午 org.apache.catalina.core.StandardEngine startInternal
信息: Starting Servlet engine: [Apache Tomcat/9.0.37]
十二月 12, 2020 3:55:39 上午 org.apache.coyote.AbstractProtocol init
信息: Initializing ProtocolHandler ["http-nio-auto-1"]
十二月 12, 2020 3:55:39 上午 org.apache.coyote.AbstractProtocol start
信息: Starting ProtocolHandler ["http-nio-auto-1-59550"]
十二月 12, 2020 3:55:41 上午 org.apache.coyote.AbstractProtocol pause
信息: Pausing ProtocolHandler ["http-nio-auto-1-59550"]
十二月 12, 2020 3:55:42 上午 org.apache.catalina.core.StandardService stopInternal
信息: Stopping service [Tomcat]
十二月 12, 2020 3:55:42 上午 org.apache.coyote.AbstractProtocol stop
信息: Stopping ProtocolHandler ["http-nio-auto-1-59550"]
十二月 12, 2020 3:55:42 上午 org.apache.coyote.AbstractProtocol destroy
信息: Destroying ProtocolHandler ["http-nio-auto-1-59550"]
]]></system-err>
</testsuite>
