<?xml version="1.0" encoding="UTF-8"?>
<testsuite name="org.springframework.web.filter.FormContentFilterTests" tests="13" skipped="0" failures="0" errors="0" timestamp="2020-12-11T19:56:40" hostname="DESKTOP-TMNPDT1" time="0.081">
  <properties/>
  <testcase name="getParameterValuesFromQueryString()" classname="org.springframework.web.filter.FormContentFilterTests" time="0.004"/>
  <testcase name="getParameterValuesInvalidName()" classname="org.springframework.web.filter.FormContentFilterTests" time="0.001"/>
  <testcase name="getParameterValues()" classname="org.springframework.web.filter.FormContentFilterTests" time="0.001"/>
  <testcase name="getParameterMap()" classname="org.springframework.web.filter.FormContentFilterTests" time="0.001"/>
  <testcase name="getParameterValuesFromFormContent()" classname="org.springframework.web.filter.FormContentFilterTests" time="0.002"/>
  <testcase name="getParameterNullValue()" classname="org.springframework.web.filter.FormContentFilterTests" time="0.0"/>
  <testcase name="getParameterNames()" classname="org.springframework.web.filter.FormContentFilterTests" time="0.001"/>
  <testcase name="wrapFormEncodedOnly()" classname="org.springframework.web.filter.FormContentFilterTests" time="0.001"/>
  <testcase name="wrapPutPatchAndDeleteOnly()" classname="org.springframework.web.filter.FormContentFilterTests" time="0.008"/>
  <testcase name="getParameterFromQueryString()" classname="org.springframework.web.filter.FormContentFilterTests" time="0.003"/>
  <testcase name="invalidMediaType()" classname="org.springframework.web.filter.FormContentFilterTests" time="0.002"/>
  <testcase name="hiddenHttpMethodFilterFollowedByHttpPutFormContentFilter()" classname="org.springframework.web.filter.FormContentFilterTests" time="0.0"/>
  <testcase name="getParameter()" classname="org.springframework.web.filter.FormContentFilterTests" time="0.001"/>
  <system-out><![CDATA[]]></system-out>
  <system-err><![CDATA[]]></system-err>
</testsuite>
