<?xml version="1.0" encoding="UTF-8"?>
<testsuite name="org.springframework.http.HttpEntityTests" tests="6" skipped="0" failures="0" errors="0" timestamp="2020-12-11T19:55:28" hostname="DESKTOP-TMNPDT1" time="0.058">
  <properties/>
  <testcase name="responseEntity()" classname="org.springframework.http.HttpEntityTests" time="0.003"/>
  <testcase name="multiValueMap()" classname="org.springframework.http.HttpEntityTests" time="0.0"/>
  <testcase name="requestEntity()" classname="org.springframework.http.HttpEntityTests" time="0.051"/>
  <testcase name="testEquals()" classname="org.springframework.http.HttpEntityTests" time="0.002"/>
  <testcase name="noHeaders()" classname="org.springframework.http.HttpEntityTests" time="0.0"/>
  <testcase name="httpHeaders()" classname="org.springframework.http.HttpEntityTests" time="0.001"/>
  <system-out><![CDATA[]]></system-out>
  <system-err><![CDATA[]]></system-err>
</testsuite>
