<?xml version="1.0" encoding="UTF-8"?>
<testsuite name="org.springframework.web.cors.CorsUtilsTests" tests="4" skipped="0" failures="0" errors="0" timestamp="2020-12-11T19:56:39" hostname="DESKTOP-TMNPDT1" time="0.006">
  <properties/>
  <testcase name="isCorsRequest()" classname="org.springframework.web.cors.CorsUtilsTests" time="0.005"/>
  <testcase name="isNotCorsRequest()" classname="org.springframework.web.cors.CorsUtilsTests" time="0.0"/>
  <testcase name="isNotPreFlightRequest()" classname="org.springframework.web.cors.CorsUtilsTests" time="0.0"/>
  <testcase name="isPreFlightRequest()" classname="org.springframework.web.cors.CorsUtilsTests" time="0.0"/>
  <system-out><![CDATA[]]></system-out>
  <system-err><![CDATA[]]></system-err>
</testsuite>
