<?xml version="1.0" encoding="UTF-8"?>
<testsuite name="org.springframework.http.converter.StringHttpMessageConverterTests" tests="11" skipped="0" failures="0" errors="0" timestamp="2020-12-11T19:55:26" hostname="DESKTOP-TMNPDT1" time="0.038">
  <properties/>
  <testcase name="readJsonApi()" classname="org.springframework.http.converter.StringHttpMessageConverterTests" time="0.001"/>
  <testcase name="writeJson()" classname="org.springframework.http.converter.StringHttpMessageConverterTests" time="0.007"/>
  <testcase name="writeUTF8()" classname="org.springframework.http.converter.StringHttpMessageConverterTests" time="0.001"/>
  <testcase name="readJson()" classname="org.springframework.http.converter.StringHttpMessageConverterTests" time="0.005"/>
  <testcase name="writeOverrideRequestedContentType()" classname="org.springframework.http.converter.StringHttpMessageConverterTests" time="0.002"/>
  <testcase name="canWrite()" classname="org.springframework.http.converter.StringHttpMessageConverterTests" time="0.002"/>
  <testcase name="read()" classname="org.springframework.http.converter.StringHttpMessageConverterTests" time="0.001"/>
  <testcase name="canRead()" classname="org.springframework.http.converter.StringHttpMessageConverterTests" time="0.002"/>
  <testcase name="writeWithWildCardMediaType()" classname="org.springframework.http.converter.StringHttpMessageConverterTests" time="0.002"/>
  <testcase name="writeDefaultCharset()" classname="org.springframework.http.converter.StringHttpMessageConverterTests" time="0.002"/>
  <testcase name="writeJsonApi()" classname="org.springframework.http.converter.StringHttpMessageConverterTests" time="0.001"/>
  <system-out><![CDATA[]]></system-out>
  <system-err><![CDATA[]]></system-err>
</testsuite>
