<?xml version="1.0" encoding="UTF-8"?>
<testsuite name="org.springframework.http.HttpRangeTests" tests="17" skipped="0" failures="0" errors="0" timestamp="2020-12-11T19:55:29" hostname="DESKTOP-TMNPDT1" time="0.448">
  <properties/>
  <testcase name="suffixRange()" classname="org.springframework.http.HttpRangeTests" time="0.001"/>
  <testcase name="byteRange()" classname="org.springframework.http.HttpRangeTests" time="0.001"/>
  <testcase name="invalidFirstPosition()" classname="org.springframework.http.HttpRangeTests" time="0.001"/>
  <testcase name="toResourceRegionIllegalLength()" classname="org.springframework.http.HttpRangeTests" time="0.228"/>
  <testcase name="toResourceRegionStartingAtResourceByteCount()" classname="org.springframework.http.HttpRangeTests" time="0.001"/>
  <testcase name="byteRangeOfZeroLength()" classname="org.springframework.http.HttpRangeTests" time="0.004"/>
  <testcase name="parseRanges()" classname="org.springframework.http.HttpRangeTests" time="0.001"/>
  <testcase name="toResourceRegion()" classname="org.springframework.http.HttpRangeTests" time="0.001"/>
  <testcase name="toResourceRegionInputStreamResource()" classname="org.springframework.http.HttpRangeTests" time="0.144"/>
  <testcase name="toResourceRegionExceptionLength()" classname="org.springframework.http.HttpRangeTests" time="0.018"/>
  <testcase name="invalidSuffixLength()" classname="org.springframework.http.HttpRangeTests" time="0.0"/>
  <testcase name="invalidLastLessThanFirst()" classname="org.springframework.http.HttpRangeTests" time="0.001"/>
  <testcase name="parseRangesValidations()" classname="org.springframework.http.HttpRangeTests" time="0.001"/>
  <testcase name="byteRangeWithoutLastPosition()" classname="org.springframework.http.HttpRangeTests" time="0.0"/>
  <testcase name="toResourceRegionsValidations()" classname="org.springframework.http.HttpRangeTests" time="0.0"/>
  <testcase name="suffixRangeShorterThanRepresentation()" classname="org.springframework.http.HttpRangeTests" time="0.0"/>
  <testcase name="rangeToString()" classname="org.springframework.http.HttpRangeTests" time="0.0"/>
  <system-out><![CDATA[]]></system-out>
  <system-err><![CDATA[]]></system-err>
</testsuite>
