<?xml version="1.0" encoding="UTF-8"?>
<testsuite name="org.springframework.http.converter.ResourceRegionHttpMessageConverterTests" tests="8" skipped="0" failures="0" errors="0" timestamp="2020-12-11T19:55:26" hostname="DESKTOP-TMNPDT1" time="0.486">
  <properties/>
  <testcase name="partialContentMultipleByteRanges()" classname="org.springframework.http.converter.ResourceRegionHttpMessageConverterTests" time="0.068"/>
  <testcase name="canWriteResourceCollection()" classname="org.springframework.http.converter.ResourceRegionHttpMessageConverterTests" time="0.003"/>
  <testcase name="partialContentMultipleByteRangesInRandomOrderAndOverlapping()" classname="org.springframework.http.converter.ResourceRegionHttpMessageConverterTests" time="0.081"/>
  <testcase name="canWriteResource()" classname="org.springframework.http.converter.ResourceRegionHttpMessageConverterTests" time="0.001"/>
  <testcase name="shouldWritePartialContentByteRangeNoEnd()" classname="org.springframework.http.converter.ResourceRegionHttpMessageConverterTests" time="0.003"/>
  <testcase name="applicationOctetStreamDefaultContentType()" classname="org.springframework.http.converter.ResourceRegionHttpMessageConverterTests" time="0.303"/>
  <testcase name="canReadResource()" classname="org.springframework.http.converter.ResourceRegionHttpMessageConverterTests" time="0.002"/>
  <testcase name="shouldWritePartialContentByteRange()" classname="org.springframework.http.converter.ResourceRegionHttpMessageConverterTests" time="0.018"/>
  <system-out><![CDATA[]]></system-out>
  <system-err><![CDATA[]]></system-err>
</testsuite>
