<?xml version="1.0" encoding="UTF-8"?>
<testsuite name="org.springframework.web.method.annotation.WebArgumentResolverAdapterTests" tests="8" skipped="0" failures="0" errors="0" timestamp="2020-12-11T19:56:43" hostname="DESKTOP-TMNPDT1" time="0.128">
  <properties/>
  <testcase name="resolveArgumentUnresolved()" classname="org.springframework.web.method.annotation.WebArgumentResolverAdapterTests" time="0.1"/>
  <testcase name="resolveArgumentThrowsException()" classname="org.springframework.web.method.annotation.WebArgumentResolverAdapterTests" time="0.002"/>
  <testcase name="resolveArgument()" classname="org.springframework.web.method.annotation.WebArgumentResolverAdapterTests" time="0.005"/>
  <testcase name="supportsParameterUnresolved()" classname="org.springframework.web.method.annotation.WebArgumentResolverAdapterTests" time="0.001"/>
  <testcase name="supportsParameterWrongType()" classname="org.springframework.web.method.annotation.WebArgumentResolverAdapterTests" time="0.002"/>
  <testcase name="resolveArgumentWrongType()" classname="org.springframework.web.method.annotation.WebArgumentResolverAdapterTests" time="0.005"/>
  <testcase name="supportsParameter()" classname="org.springframework.web.method.annotation.WebArgumentResolverAdapterTests" time="0.001"/>
  <testcase name="supportsParameterThrowsException()" classname="org.springframework.web.method.annotation.WebArgumentResolverAdapterTests" time="0.003"/>
  <system-out><![CDATA[]]></system-out>
  <system-err><![CDATA[]]></system-err>
</testsuite>
