<?xml version="1.0" encoding="UTF-8"?>
<testsuite name="org.springframework.http.converter.BufferedImageHttpMessageConverterTests" tests="5" skipped="0" failures="0" errors="0" timestamp="2020-12-11T19:55:18" hostname="DESKTOP-TMNPDT1" time="1.262">
  <properties/>
  <testcase name="canWrite()" classname="org.springframework.http.converter.BufferedImageHttpMessageConverterTests" time="0.124"/>
  <testcase name="read()" classname="org.springframework.http.converter.BufferedImageHttpMessageConverterTests" time="0.161"/>
  <testcase name="write()" classname="org.springframework.http.converter.BufferedImageHttpMessageConverterTests" time="0.705"/>
  <testcase name="canRead()" classname="org.springframework.http.converter.BufferedImageHttpMessageConverterTests" time="0.001"/>
  <testcase name="writeDefaultContentType()" classname="org.springframework.http.converter.BufferedImageHttpMessageConverterTests" time="0.266"/>
  <system-out><![CDATA[]]></system-out>
  <system-err><![CDATA[]]></system-err>
</testsuite>
