<?xml version="1.0" encoding="UTF-8"?>
<testsuite name="org.springframework.web.accept.ContentNegotiationManagerFactoryBeanTests" tests="12" skipped="0" failures="0" errors="0" timestamp="2020-12-11T19:56:26" hostname="DESKTOP-TMNPDT1" time="0.043">
  <properties/>
  <testcase name="favorPath()" classname="org.springframework.web.accept.ContentNegotiationManagerFactoryBeanTests" time="0.02"/>
  <testcase name="favorPathWithIgnoreUnknownPathExtensionTurnedOff()" classname="org.springframework.web.accept.ContentNegotiationManagerFactoryBeanTests" time="0.001"/>
  <testcase name="defaultSettings()" classname="org.springframework.web.accept.ContentNegotiationManagerFactoryBeanTests" time="0.001"/>
  <testcase name="setDefaultContentTypes()" classname="org.springframework.web.accept.ContentNegotiationManagerFactoryBeanTests" time="0.002"/>
  <testcase name="setDefaultContentType()" classname="org.springframework.web.accept.ContentNegotiationManagerFactoryBeanTests" time="0.0"/>
  <testcase name="fileExtensions()" classname="org.springframework.web.accept.ContentNegotiationManagerFactoryBeanTests" time="0.002"/>
  <testcase name="explicitStrategies()" classname="org.springframework.web.accept.ContentNegotiationManagerFactoryBeanTests" time="0.009"/>
  <testcase name="ignoreAcceptHeader()" classname="org.springframework.web.accept.ContentNegotiationManagerFactoryBeanTests" time="0.0"/>
  <testcase name="favorParameter()" classname="org.springframework.web.accept.ContentNegotiationManagerFactoryBeanTests" time="0.001"/>
  <testcase name="mediaTypeMappingsWithoutPathAndParameterStrategies()" classname="org.springframework.web.accept.ContentNegotiationManagerFactoryBeanTests" time="0.0"/>
  <testcase name="favorParameterWithUnknownMediaType()" classname="org.springframework.web.accept.ContentNegotiationManagerFactoryBeanTests" time="0.001"/>
  <testcase name="setDefaultContentTypeWithStrategy()" classname="org.springframework.web.accept.ContentNegotiationManagerFactoryBeanTests" time="0.001"/>
  <system-out><![CDATA[]]></system-out>
  <system-err><![CDATA[]]></system-err>
</testsuite>
