<?xml version="1.0" encoding="UTF-8"?>
<testsuite name="org.springframework.http.converter.smile.MappingJackson2SmileHttpMessageConverterTests" tests="4" skipped="0" failures="0" errors="0" timestamp="2020-12-11T19:55:26" hostname="DESKTOP-TMNPDT1" time="0.025">
  <properties/>
  <testcase name="canWrite()" classname="org.springframework.http.converter.smile.MappingJackson2SmileHttpMessageConverterTests" time="0.005"/>
  <testcase name="read()" classname="org.springframework.http.converter.smile.MappingJackson2SmileHttpMessageConverterTests" time="0.007"/>
  <testcase name="write()" classname="org.springframework.http.converter.smile.MappingJackson2SmileHttpMessageConverterTests" time="0.006"/>
  <testcase name="canRead()" classname="org.springframework.http.converter.smile.MappingJackson2SmileHttpMessageConverterTests" time="0.002"/>
  <system-out><![CDATA[]]></system-out>
  <system-err><![CDATA[]]></system-err>
</testsuite>
