<?xml version="1.0" encoding="UTF-8"?>
<testsuite name="org.springframework.web.filter.CompositeFilterTests" tests="1" skipped="0" failures="0" errors="0" timestamp="2020-12-11T19:56:40" hostname="DESKTOP-TMNPDT1" time="0.004">
  <properties/>
  <testcase name="testCompositeFilter()" classname="org.springframework.web.filter.CompositeFilterTests" time="0.004"/>
  <system-out><![CDATA[]]></system-out>
  <system-err><![CDATA[]]></system-err>
</testsuite>
