<?xml version="1.0" encoding="UTF-8"?>
<testsuite name="org.springframework.http.RequestEntityTests" tests="6" skipped="0" failures="0" errors="0" timestamp="2020-12-11T19:55:30" hostname="DESKTOP-TMNPDT1" time="0.021">
  <properties/>
  <testcase name="normal()" classname="org.springframework.http.RequestEntityTests" time="0.006"/>
  <testcase name="get()" classname="org.springframework.http.RequestEntityTests" time="0.0"/>
  <testcase name="types()" classname="org.springframework.http.RequestEntityTests" time="0.0"/>
  <testcase name="headers()" classname="org.springframework.http.RequestEntityTests" time="0.002"/>
  <testcase name="methods()" classname="org.springframework.http.RequestEntityTests" time="0.0"/>
  <testcase name="uriVariablesExpansion()" classname="org.springframework.http.RequestEntityTests" time="0.01"/>
  <system-out><![CDATA[]]></system-out>
  <system-err><![CDATA[]]></system-err>
</testsuite>
