<?xml version="1.0" encoding="UTF-8"?>
<testsuite name="org.springframework.web.jsf.DelegatingNavigationHandlerTests" tests="2" skipped="0" failures="0" errors="0" timestamp="2020-12-11T19:56:40" hostname="DESKTOP-TMNPDT1" time="0.003">
  <properties/>
  <testcase name="handleNavigationWithoutDecoration()" classname="org.springframework.web.jsf.DelegatingNavigationHandlerTests" time="0.002"/>
  <testcase name="handleNavigationWithDecoration()" classname="org.springframework.web.jsf.DelegatingNavigationHandlerTests" time="0.0"/>
  <system-out><![CDATA[]]></system-out>
  <system-err><![CDATA[]]></system-err>
</testsuite>
