<?xml version="1.0" encoding="UTF-8"?>
<testsuite name="org.springframework.http.codec.xml.Jaxb2XmlDecoderTests" tests="10" skipped="0" failures="0" errors="0" timestamp="2020-12-11T19:55:18" hostname="DESKTOP-TMNPDT1" time="0.301">
  <properties/>
  <testcase name="decodeSingleXmlTypeElement()" classname="org.springframework.http.codec.xml.Jaxb2XmlDecoderTests" time="0.174"/>
  <testcase name="splitOneBranches()" classname="org.springframework.http.codec.xml.Jaxb2XmlDecoderTests" time="0.073"/>
  <testcase name="decodeMultipleXmlTypeElement()" classname="org.springframework.http.codec.xml.Jaxb2XmlDecoderTests" time="0.012"/>
  <testcase name="canDecode()" classname="org.springframework.http.codec.xml.Jaxb2XmlDecoderTests" time="0.001"/>
  <testcase name="toExpectedQName()" classname="org.springframework.http.codec.xml.Jaxb2XmlDecoderTests" time="0.007"/>
  <testcase name="splitMultipleBranches()" classname="org.springframework.http.codec.xml.Jaxb2XmlDecoderTests" time="0.003"/>
  <testcase name="decodeError()" classname="org.springframework.http.codec.xml.Jaxb2XmlDecoderTests" time="0.002"/>
  <testcase name="decodeErrorWithXmlNotWellFormed()" classname="org.springframework.http.codec.xml.Jaxb2XmlDecoderTests" time="0.002"/>
  <testcase name="decodeSingleXmlRootElement()" classname="org.springframework.http.codec.xml.Jaxb2XmlDecoderTests" time="0.006"/>
  <testcase name="decodeMultipleXmlRootElement()" classname="org.springframework.http.codec.xml.Jaxb2XmlDecoderTests" time="0.015"/>
  <system-out><![CDATA[]]></system-out>
  <system-err><![CDATA[]]></system-err>
</testsuite>
