<?xml version="1.0" encoding="UTF-8"?>
<testsuite name="org.springframework.http.server.DefaultRequestPathTests" tests="2" skipped="0" failures="0" errors="0" timestamp="2020-12-11T19:55:30" hostname="DESKTOP-TMNPDT1" time="0.002">
  <properties/>
  <testcase name="updateRequestPath()" classname="org.springframework.http.server.DefaultRequestPathTests" time="0.001"/>
  <testcase name="requestPath()" classname="org.springframework.http.server.DefaultRequestPathTests" time="0.001"/>
  <system-out><![CDATA[]]></system-out>
  <system-err><![CDATA[]]></system-err>
</testsuite>
