<?xml version="1.0" encoding="UTF-8"?>
<testsuite name="org.springframework.web.util.UriUtilsTests" tests="13" skipped="0" failures="0" errors="0" timestamp="2020-12-11T19:56:51" hostname="DESKTOP-TMNPDT1" time="0.013">
  <properties/>
  <testcase name="encodeQueryParam()" classname="org.springframework.web.util.UriUtilsTests" time="0.0"/>
  <testcase name="encodeFragment()" classname="org.springframework.web.util.UriUtilsTests" time="0.001"/>
  <testcase name="decode()" classname="org.springframework.web.util.UriUtilsTests" time="0.0"/>
  <testcase name="encode()" classname="org.springframework.web.util.UriUtilsTests" time="0.0"/>
  <testcase name="encodeScheme()" classname="org.springframework.web.util.UriUtilsTests" time="0.0"/>
  <testcase name="encodeHost()" classname="org.springframework.web.util.UriUtilsTests" time="0.0"/>
  <testcase name="encodePath()" classname="org.springframework.web.util.UriUtilsTests" time="0.0"/>
  <testcase name="encodePort()" classname="org.springframework.web.util.UriUtilsTests" time="0.0"/>
  <testcase name="encodePathSegment()" classname="org.springframework.web.util.UriUtilsTests" time="0.0"/>
  <testcase name="encodeUserInfo()" classname="org.springframework.web.util.UriUtilsTests" time="0.001"/>
  <testcase name="extractFileExtension()" classname="org.springframework.web.util.UriUtilsTests" time="0.0"/>
  <testcase name="decodeInvalidSequence()" classname="org.springframework.web.util.UriUtilsTests" time="0.0"/>
  <testcase name="encodeQuery()" classname="org.springframework.web.util.UriUtilsTests" time="0.0"/>
  <system-out><![CDATA[]]></system-out>
  <system-err><![CDATA[]]></system-err>
</testsuite>
