<?xml version="1.0" encoding="UTF-8"?>
<testsuite name="org.springframework.http.server.reactive.ZeroCopyIntegrationTests" tests="4" skipped="2" failures="0" errors="0" timestamp="2020-12-11T19:56:10" hostname="DESKTOP-TMNPDT1" time="0.126">
  <properties/>
  <testcase name="zeroCopy(HttpServer)[1]" classname="org.springframework.http.server.reactive.ZeroCopyIntegrationTests" time="0.003">
    <skipped/>
  </testcase>
  <testcase name="zeroCopy(HttpServer)[2]" classname="org.springframework.http.server.reactive.ZeroCopyIntegrationTests" time="0.038"/>
  <testcase name="zeroCopy(HttpServer)[3]" classname="org.springframework.http.server.reactive.ZeroCopyIntegrationTests" time="0.0">
    <skipped/>
  </testcase>
  <testcase name="zeroCopy(HttpServer)[4]" classname="org.springframework.http.server.reactive.ZeroCopyIntegrationTests" time="0.082"/>
  <system-out><![CDATA[]]></system-out>
  <system-err><![CDATA[]]></system-err>
</testsuite>
