<?xml version="1.0" encoding="UTF-8"?>
<testsuite name="org.springframework.remoting.jaxws.JaxWsSupportTests" tests="2" skipped="0" failures="0" errors="0" timestamp="2020-12-11T19:56:23" hostname="DESKTOP-TMNPDT1" time="2.337">
  <properties/>
  <testcase name="testJaxWsPortAccessWithFeature()" classname="org.springframework.remoting.jaxws.JaxWsSupportTests" time="2.014"/>
  <testcase name="testJaxWsPortAccess()" classname="org.springframework.remoting.jaxws.JaxWsSupportTests" time="0.323"/>
  <system-out><![CDATA[]]></system-out>
  <system-err><![CDATA[十二月 12, 2020 3:56:25 上午 com.sun.xml.internal.ws.transport.http.HttpAdapter$HttpToolkit handle
严重: Unknown JAXBContext implementation: class com.sun.xml.bind.v2.runtime.JAXBContextImpl
com.sun.xml.internal.ws.spi.db.DatabindingException: Unknown JAXBContext implementation: class com.sun.xml.bind.v2.runtime.JAXBContextImpl
	at com.sun.xml.internal.ws.spi.db.BindingContextFactory.getJAXBFactory(BindingContextFactory.java:192)
	at com.sun.xml.internal.ws.spi.db.BindingContextFactory.create(BindingContextFactory.java:134)
	at com.sun.xml.internal.ws.message.jaxb.JAXBMessage.create(JAXBMessage.java:152)
	at com.sun.xml.internal.ws.fault.SOAPFaultBuilder.createSOAP11Fault(SOAPFaultBuilder.java:424)
	at com.sun.xml.internal.ws.fault.SOAPFaultBuilder.createSOAPFaultMessage(SOAPFaultBuilder.java:201)
	at com.sun.xml.internal.ws.fault.SOAPFaultBuilder.createSOAPFaultMessage(SOAPFaultBuilder.java:189)
	at com.sun.xml.internal.ws.server.WSEndpointImpl$2.process(WSEndpointImpl.java:411)
	at com.sun.xml.internal.ws.transport.http.HttpAdapter$HttpToolkit.handle(HttpAdapter.java:706)
	at com.sun.xml.internal.ws.transport.http.HttpAdapter.handle(HttpAdapter.java:260)
	at com.sun.xml.internal.ws.transport.http.server.WSHttpHandler.handleExchange(WSHttpHandler.java:98)
	at com.sun.xml.internal.ws.transport.http.server.WSHttpHandler.handle(WSHttpHandler.java:82)
	at com.sun.net.httpserver.Filter$Chain.doFilter(Filter.java:79)
	at sun.net.httpserver.AuthFilter.doFilter(AuthFilter.java:83)
	at com.sun.net.httpserver.Filter$Chain.doFilter(Filter.java:82)
	at sun.net.httpserver.ServerImpl$Exchange$LinkHandler.handle(ServerImpl.java:675)
	at com.sun.net.httpserver.Filter$Chain.doFilter(Filter.java:79)
	at sun.net.httpserver.ServerImpl$Exchange.run(ServerImpl.java:647)
	at java.util.concurrent.ThreadPoolExecutor.runWorker(ThreadPoolExecutor.java:1149)
	at java.util.concurrent.ThreadPoolExecutor$Worker.run(ThreadPoolExecutor.java:624)
	at java.lang.Thread.run(Thread.java:748)

十二月 12, 2020 3:56:25 上午 com.sun.xml.internal.ws.transport.http.HttpAdapter$HttpToolkit handle
严重: Unknown JAXBContext implementation: class com.sun.xml.bind.v2.runtime.JAXBContextImpl
com.sun.xml.internal.ws.spi.db.DatabindingException: Unknown JAXBContext implementation: class com.sun.xml.bind.v2.runtime.JAXBContextImpl
	at com.sun.xml.internal.ws.spi.db.BindingContextFactory.getJAXBFactory(BindingContextFactory.java:192)
	at com.sun.xml.internal.ws.spi.db.BindingContextFactory.create(BindingContextFactory.java:134)
	at com.sun.xml.internal.ws.message.jaxb.JAXBMessage.create(JAXBMessage.java:152)
	at com.sun.xml.internal.ws.fault.SOAPFaultBuilder.createSOAP11Fault(SOAPFaultBuilder.java:424)
	at com.sun.xml.internal.ws.fault.SOAPFaultBuilder.createSOAPFaultMessage(SOAPFaultBuilder.java:201)
	at com.sun.xml.internal.ws.fault.SOAPFaultBuilder.createSOAPFaultMessage(SOAPFaultBuilder.java:189)
	at com.sun.xml.internal.ws.server.WSEndpointImpl$2.process(WSEndpointImpl.java:411)
	at com.sun.xml.internal.ws.transport.http.HttpAdapter$HttpToolkit.handle(HttpAdapter.java:706)
	at com.sun.xml.internal.ws.transport.http.HttpAdapter.handle(HttpAdapter.java:260)
	at com.sun.xml.internal.ws.transport.http.server.WSHttpHandler.handleExchange(WSHttpHandler.java:98)
	at com.sun.xml.internal.ws.transport.http.server.WSHttpHandler.handle(WSHttpHandler.java:82)
	at com.sun.net.httpserver.Filter$Chain.doFilter(Filter.java:79)
	at sun.net.httpserver.AuthFilter.doFilter(AuthFilter.java:83)
	at com.sun.net.httpserver.Filter$Chain.doFilter(Filter.java:82)
	at sun.net.httpserver.ServerImpl$Exchange$LinkHandler.handle(ServerImpl.java:675)
	at com.sun.net.httpserver.Filter$Chain.doFilter(Filter.java:79)
	at sun.net.httpserver.ServerImpl$Exchange.run(ServerImpl.java:647)
	at java.util.concurrent.ThreadPoolExecutor.runWorker(ThreadPoolExecutor.java:1149)
	at java.util.concurrent.ThreadPoolExecutor$Worker.run(ThreadPoolExecutor.java:624)
	at java.lang.Thread.run(Thread.java:748)

十二月 12, 2020 3:56:26 上午 com.sun.xml.internal.ws.transport.http.HttpAdapter$HttpToolkit handle
严重: Unknown JAXBContext implementation: class com.sun.xml.bind.v2.runtime.JAXBContextImpl
com.sun.xml.internal.ws.spi.db.DatabindingException: Unknown JAXBContext implementation: class com.sun.xml.bind.v2.runtime.JAXBContextImpl
	at com.sun.xml.internal.ws.spi.db.BindingContextFactory.getJAXBFactory(BindingContextFactory.java:192)
	at com.sun.xml.internal.ws.spi.db.BindingContextFactory.create(BindingContextFactory.java:134)
	at com.sun.xml.internal.ws.message.jaxb.JAXBMessage.create(JAXBMessage.java:152)
	at com.sun.xml.internal.ws.fault.SOAPFaultBuilder.createSOAP11Fault(SOAPFaultBuilder.java:424)
	at com.sun.xml.internal.ws.fault.SOAPFaultBuilder.createSOAPFaultMessage(SOAPFaultBuilder.java:201)
	at com.sun.xml.internal.ws.fault.SOAPFaultBuilder.createSOAPFaultMessage(SOAPFaultBuilder.java:189)
	at com.sun.xml.internal.ws.server.WSEndpointImpl$2.process(WSEndpointImpl.java:411)
	at com.sun.xml.internal.ws.transport.http.HttpAdapter$HttpToolkit.handle(HttpAdapter.java:706)
	at com.sun.xml.internal.ws.transport.http.HttpAdapter.handle(HttpAdapter.java:260)
	at com.sun.xml.internal.ws.transport.http.server.WSHttpHandler.handleExchange(WSHttpHandler.java:98)
	at com.sun.xml.internal.ws.transport.http.server.WSHttpHandler.handle(WSHttpHandler.java:82)
	at com.sun.net.httpserver.Filter$Chain.doFilter(Filter.java:79)
	at sun.net.httpserver.AuthFilter.doFilter(AuthFilter.java:83)
	at com.sun.net.httpserver.Filter$Chain.doFilter(Filter.java:82)
	at sun.net.httpserver.ServerImpl$Exchange$LinkHandler.handle(ServerImpl.java:675)
	at com.sun.net.httpserver.Filter$Chain.doFilter(Filter.java:79)
	at sun.net.httpserver.ServerImpl$Exchange.run(ServerImpl.java:647)
	at java.util.concurrent.ThreadPoolExecutor.runWorker(ThreadPoolExecutor.java:1149)
	at java.util.concurrent.ThreadPoolExecutor$Worker.run(ThreadPoolExecutor.java:624)
	at java.lang.Thread.run(Thread.java:748)

十二月 12, 2020 3:56:26 上午 com.sun.xml.internal.ws.transport.http.HttpAdapter$HttpToolkit handle
严重: Unknown JAXBContext implementation: class com.sun.xml.bind.v2.runtime.JAXBContextImpl
com.sun.xml.internal.ws.spi.db.DatabindingException: Unknown JAXBContext implementation: class com.sun.xml.bind.v2.runtime.JAXBContextImpl
	at com.sun.xml.internal.ws.spi.db.BindingContextFactory.getJAXBFactory(BindingContextFactory.java:192)
	at com.sun.xml.internal.ws.spi.db.BindingContextFactory.create(BindingContextFactory.java:134)
	at com.sun.xml.internal.ws.message.jaxb.JAXBMessage.create(JAXBMessage.java:152)
	at com.sun.xml.internal.ws.fault.SOAPFaultBuilder.createSOAP11Fault(SOAPFaultBuilder.java:424)
	at com.sun.xml.internal.ws.fault.SOAPFaultBuilder.createSOAPFaultMessage(SOAPFaultBuilder.java:201)
	at com.sun.xml.internal.ws.fault.SOAPFaultBuilder.createSOAPFaultMessage(SOAPFaultBuilder.java:189)
	at com.sun.xml.internal.ws.server.WSEndpointImpl$2.process(WSEndpointImpl.java:411)
	at com.sun.xml.internal.ws.transport.http.HttpAdapter$HttpToolkit.handle(HttpAdapter.java:706)
	at com.sun.xml.internal.ws.transport.http.HttpAdapter.handle(HttpAdapter.java:260)
	at com.sun.xml.internal.ws.transport.http.server.WSHttpHandler.handleExchange(WSHttpHandler.java:98)
	at com.sun.xml.internal.ws.transport.http.server.WSHttpHandler.handle(WSHttpHandler.java:82)
	at com.sun.net.httpserver.Filter$Chain.doFilter(Filter.java:79)
	at sun.net.httpserver.AuthFilter.doFilter(AuthFilter.java:83)
	at com.sun.net.httpserver.Filter$Chain.doFilter(Filter.java:82)
	at sun.net.httpserver.ServerImpl$Exchange$LinkHandler.handle(ServerImpl.java:675)
	at com.sun.net.httpserver.Filter$Chain.doFilter(Filter.java:79)
	at sun.net.httpserver.ServerImpl$Exchange.run(ServerImpl.java:647)
	at java.util.concurrent.ThreadPoolExecutor.runWorker(ThreadPoolExecutor.java:1149)
	at java.util.concurrent.ThreadPoolExecutor$Worker.run(ThreadPoolExecutor.java:624)
	at java.lang.Thread.run(Thread.java:748)

]]></system-err>
</testsuite>
