<?xml version="1.0" encoding="UTF-8"?>
<testsuite name="org.springframework.http.server.reactive.HttpHeadResponseDecoratorTests" tests="3" skipped="0" failures="0" errors="0" timestamp="2020-12-11T19:56:06" hostname="DESKTOP-TMNPDT1" time="0.01">
  <properties/>
  <testcase name="writeWithGivenContentLength()" classname="org.springframework.http.server.reactive.HttpHeadResponseDecoratorTests" time="0.001"/>
  <testcase name="writeWithGivenTransferEncoding()" classname="org.springframework.http.server.reactive.HttpHeadResponseDecoratorTests" time="0.003"/>
  <testcase name="write()" classname="org.springframework.http.server.reactive.HttpHeadResponseDecoratorTests" time="0.006"/>
  <system-out><![CDATA[]]></system-out>
  <system-err><![CDATA[]]></system-err>
</testsuite>
