<?xml version="1.0" encoding="UTF-8"?>
<testsuite name="org.springframework.web.context.request.async.DeferredResultTests" tests="7" skipped="0" failures="0" errors="0" timestamp="2020-12-11T19:56:36" hostname="DESKTOP-TMNPDT1" time="0.019">
  <properties/>
  <testcase name="onCompletion()" classname="org.springframework.web.context.request.async.DeferredResultTests" time="0.004"/>
  <testcase name="onError()" classname="org.springframework.web.context.request.async.DeferredResultTests" time="0.011"/>
  <testcase name="isSetOrExpired()" classname="org.springframework.web.context.request.async.DeferredResultTests" time="0.0"/>
  <testcase name="hasResult()" classname="org.springframework.web.context.request.async.DeferredResultTests" time="0.001"/>
  <testcase name="onTimeout()" classname="org.springframework.web.context.request.async.DeferredResultTests" time="0.001"/>
  <testcase name="setResult()" classname="org.springframework.web.context.request.async.DeferredResultTests" time="0.001"/>
  <testcase name="setResultTwice()" classname="org.springframework.web.context.request.async.DeferredResultTests" time="0.001"/>
  <system-out><![CDATA[]]></system-out>
  <system-err><![CDATA[]]></system-err>
</testsuite>
