<?xml version="1.0" encoding="UTF-8"?>
<testsuite name="org.springframework.web.server.session.DefaultWebSessionManagerTests" tests="4" skipped="0" failures="0" errors="0" timestamp="2020-12-11T19:56:44" hostname="DESKTOP-TMNPDT1" time="0.12">
  <properties/>
  <testcase name="existingSession()" classname="org.springframework.web.server.session.DefaultWebSessionManagerTests" time="0.101"/>
  <testcase name="multipleSessionIds()" classname="org.springframework.web.server.session.DefaultWebSessionManagerTests" time="0.006"/>
  <testcase name="getSessionSaveWhenCreatedAndStartedThenSavesAndSetsId()" classname="org.springframework.web.server.session.DefaultWebSessionManagerTests" time="0.006"/>
  <testcase name="getSessionSaveWhenCreatedAndNotStartedThenNotSaved()" classname="org.springframework.web.server.session.DefaultWebSessionManagerTests" time="0.004"/>
  <system-out><![CDATA[]]></system-out>
  <system-err><![CDATA[]]></system-err>
</testsuite>
