<?xml version="1.0" encoding="UTF-8"?>
<testsuite name="org.springframework.web.util.pattern.PathPatternRouteMatcherTests" tests="4" skipped="0" failures="0" errors="0" timestamp="2020-12-11T19:56:51" hostname="DESKTOP-TMNPDT1" time="0.014">
  <properties/>
  <testcase name="separatorOnlyDecoded()" classname="org.springframework.web.util.pattern.PathPatternRouteMatcherTests" time="0.013"/>
  <testcase name="matchRouteWithCustomSeparator()" classname="org.springframework.web.util.pattern.PathPatternRouteMatcherTests" time="0.001"/>
  <testcase name="noDecodingAndNoParamParsing()" classname="org.springframework.web.util.pattern.PathPatternRouteMatcherTests" time="0.0"/>
  <testcase name="matchRoute()" classname="org.springframework.web.util.pattern.PathPatternRouteMatcherTests" time="0.0"/>
  <system-out><![CDATA[]]></system-out>
  <system-err><![CDATA[]]></system-err>
</testsuite>
