<?xml version="1.0" encoding="UTF-8"?>
<testsuite name="org.springframework.web.method.annotation.ModelFactoryOrderingTests" tests="4" skipped="0" failures="0" errors="0" timestamp="2020-12-11T19:56:42" hostname="DESKTOP-TMNPDT1" time="0.101">
  <properties/>
  <testcase name="unresolvedDependency()" classname="org.springframework.web.method.annotation.ModelFactoryOrderingTests" time="0.038"/>
  <testcase name="treeDependency()" classname="org.springframework.web.method.annotation.ModelFactoryOrderingTests" time="0.008"/>
  <testcase name="straightLineDependency()" classname="org.springframework.web.method.annotation.ModelFactoryOrderingTests" time="0.049"/>
  <testcase name="InvertedTreeDependency()" classname="org.springframework.web.method.annotation.ModelFactoryOrderingTests" time="0.004"/>
  <system-out><![CDATA[]]></system-out>
  <system-err><![CDATA[]]></system-err>
</testsuite>
