<?xml version="1.0" encoding="UTF-8"?>
<testsuite name="org.springframework.web.context.support.SpringBeanAutowiringSupportTests" tests="1" skipped="0" failures="0" errors="0" timestamp="2020-12-11T19:56:39" hostname="DESKTOP-TMNPDT1" time="0.036">
  <properties/>
  <testcase name="testProcessInjectionBasedOnServletContext()" classname="org.springframework.web.context.support.SpringBeanAutowiringSupportTests" time="0.036"/>
  <system-out><![CDATA[]]></system-out>
  <system-err><![CDATA[]]></system-err>
</testsuite>
