<?xml version="1.0" encoding="UTF-8"?>
<testsuite name="org.springframework.web.context.request.RequestAndSessionScopedBeanTests" tests="2" skipped="0" failures="0" errors="0" timestamp="2020-12-11T19:56:37" hostname="DESKTOP-TMNPDT1" time="0.015">
  <properties/>
  <testcase name="testPutBeanInSession()" classname="org.springframework.web.context.request.RequestAndSessionScopedBeanTests" time="0.011"/>
  <testcase name="testPutBeanInRequest()" classname="org.springframework.web.context.request.RequestAndSessionScopedBeanTests" time="0.004"/>
  <system-out><![CDATA[]]></system-out>
  <system-err><![CDATA[]]></system-err>
</testsuite>
