<?xml version="1.0" encoding="UTF-8"?>
<testsuite name="org.springframework.web.util.TagUtilsTests" tests="12" skipped="0" failures="0" errors="0" timestamp="2020-12-11T19:56:51" hostname="DESKTOP-TMNPDT1" time="0.01">
  <properties/>
  <testcase name="hasAncestorOfTypeWithNullAncestorTagClassArgument()" classname="org.springframework.web.util.TagUtilsTests" time="0.003"/>
  <testcase name="hasAncestorOfTypeWithNullTagArgument()" classname="org.springframework.web.util.TagUtilsTests" time="0.001"/>
  <testcase name="assertHasAncestorOfTypeThrowsExceptionOnFail()" classname="org.springframework.web.util.TagUtilsTests" time="0.001"/>
  <testcase name="hasAncestorOfTypeTrueScenario()" classname="org.springframework.web.util.TagUtilsTests" time="0.0"/>
  <testcase name="testAssertHasAncestorOfTypeDoesNotThrowExceptionOnPass()" classname="org.springframework.web.util.TagUtilsTests" time="0.0"/>
  <testcase name="getScopeWithNullScopeArgument()" classname="org.springframework.web.util.TagUtilsTests" time="0.0"/>
  <testcase name="hasAncestorOfTypeFalseScenario()" classname="org.springframework.web.util.TagUtilsTests" time="0.0"/>
  <testcase name="hasAncestorOfTypeWhenTagHasNoParent()" classname="org.springframework.web.util.TagUtilsTests" time="0.0"/>
  <testcase name="assertHasAncestorOfTypeWithNullAncestorTagName()" classname="org.springframework.web.util.TagUtilsTests" time="0.001"/>
  <testcase name="getScopeSunnyDay()" classname="org.springframework.web.util.TagUtilsTests" time="0.0"/>
  <testcase name="assertHasAncestorOfTypeWithNullTagName()" classname="org.springframework.web.util.TagUtilsTests" time="0.001"/>
  <testcase name="hasAncestorOfTypeWhereAncestorTagIsNotATagType()" classname="org.springframework.web.util.TagUtilsTests" time="0.001"/>
  <system-out><![CDATA[]]></system-out>
  <system-err><![CDATA[]]></system-err>
</testsuite>
