<?xml version="1.0" encoding="UTF-8"?>
<testsuite name="org.springframework.http.client.Netty4ClientHttpRequestFactoryTests" tests="6" skipped="0" failures="0" errors="0" timestamp="2020-12-11T19:54:49" hostname="DESKTOP-TMNPDT1" time="0.546">
  <properties/>
  <testcase name="headersAfterExecute()" classname="org.springframework.http.client.Netty4ClientHttpRequestFactoryTests" time="0.076"/>
  <testcase name="status()" classname="org.springframework.http.client.Netty4ClientHttpRequestFactoryTests" time="0.043"/>
  <testcase name="echo()" classname="org.springframework.http.client.Netty4ClientHttpRequestFactoryTests" time="0.109"/>
  <testcase name="multipleWrites()" classname="org.springframework.http.client.Netty4ClientHttpRequestFactoryTests" time="0.089"/>
  <testcase name="queryParameters()" classname="org.springframework.http.client.Netty4ClientHttpRequestFactoryTests" time="0.094"/>
  <testcase name="httpMethods()" classname="org.springframework.http.client.Netty4ClientHttpRequestFactoryTests" time="0.132"/>
  <system-out><![CDATA[]]></system-out>
  <system-err><![CDATA[十二月 12, 2020 3:54:49 上午 okhttp3.mockwebserver.MockWebServer$3 execute
信息: MockWebServer[59010] starting to accept connections
十二月 12, 2020 3:54:49 上午 okhttp3.mockwebserver.MockWebServer$4 processOneRequest
信息: MockWebServer[59010] received request: POST /status/ok HTTP/1.1 and responded: HTTP/1.1 200 OK
十二月 12, 2020 3:54:49 上午 okhttp3.mockwebserver.MockWebServer$3 acceptConnections
信息: MockWebServer[59010] done accepting connections: socket closed
十二月 12, 2020 3:54:49 上午 okhttp3.mockwebserver.MockWebServer$3 execute
信息: MockWebServer[59012] starting to accept connections
十二月 12, 2020 3:54:49 上午 okhttp3.mockwebserver.MockWebServer$4 processOneRequest
信息: MockWebServer[59012] received request: GET /status/notfound HTTP/1.1 and responded: HTTP/1.1 404 Client Error
十二月 12, 2020 3:54:49 上午 okhttp3.mockwebserver.MockWebServer$3 acceptConnections
信息: MockWebServer[59012] done accepting connections: socket closed
十二月 12, 2020 3:54:49 上午 okhttp3.mockwebserver.MockWebServer$3 execute
信息: MockWebServer[59014] starting to accept connections
十二月 12, 2020 3:54:49 上午 okhttp3.mockwebserver.MockWebServer$4 processOneRequest
信息: MockWebServer[59014] received request: PUT /echo HTTP/1.1 and responded: HTTP/1.1 200 OK
十二月 12, 2020 3:54:49 上午 okhttp3.mockwebserver.MockWebServer$3 acceptConnections
信息: MockWebServer[59014] done accepting connections: socket closed
十二月 12, 2020 3:54:49 上午 okhttp3.mockwebserver.MockWebServer$3 execute
信息: MockWebServer[59016] starting to accept connections
十二月 12, 2020 3:54:49 上午 okhttp3.mockwebserver.MockWebServer$4 processOneRequest
信息: MockWebServer[59016] received request: POST /echo HTTP/1.1 and responded: HTTP/1.1 200 OK
十二月 12, 2020 3:54:49 上午 okhttp3.mockwebserver.MockWebServer$3 acceptConnections
信息: MockWebServer[59016] done accepting connections: socket closed
十二月 12, 2020 3:54:49 上午 okhttp3.mockwebserver.MockWebServer$3 execute
信息: MockWebServer[59018] starting to accept connections
十二月 12, 2020 3:54:49 上午 okhttp3.mockwebserver.MockWebServer$4 processOneRequest
信息: MockWebServer[59018] received request: GET /params?param1=value&param2=value1&param2=value2 HTTP/1.1 and responded: HTTP/1.1 200 OK
十二月 12, 2020 3:54:49 上午 okhttp3.mockwebserver.MockWebServer$3 acceptConnections
信息: MockWebServer[59018] done accepting connections: socket closed
十二月 12, 2020 3:54:49 上午 okhttp3.mockwebserver.MockWebServer$3 execute
信息: MockWebServer[59020] starting to accept connections
十二月 12, 2020 3:54:49 上午 okhttp3.mockwebserver.MockWebServer$4 processOneRequest
信息: MockWebServer[59020] received request: GET /methods/get HTTP/1.1 and responded: HTTP/1.1 200 OK
十二月 12, 2020 3:54:49 上午 okhttp3.mockwebserver.MockWebServer$4 processOneRequest
信息: MockWebServer[59020] received request: HEAD /methods/head HTTP/1.1 and responded: HTTP/1.1 200 OK
十二月 12, 2020 3:54:49 上午 okhttp3.mockwebserver.MockWebServer$4 processOneRequest
信息: MockWebServer[59020] received request: POST /methods/post HTTP/1.1 and responded: HTTP/1.1 200 OK
十二月 12, 2020 3:54:49 上午 okhttp3.mockwebserver.MockWebServer$4 processOneRequest
信息: MockWebServer[59020] received request: PUT /methods/put HTTP/1.1 and responded: HTTP/1.1 200 OK
十二月 12, 2020 3:54:49 上午 okhttp3.mockwebserver.MockWebServer$4 processOneRequest
信息: MockWebServer[59020] received request: OPTIONS /methods/options HTTP/1.1 and responded: HTTP/1.1 200 OK
十二月 12, 2020 3:54:49 上午 okhttp3.mockwebserver.MockWebServer$4 processOneRequest
信息: MockWebServer[59020] received request: DELETE /methods/delete HTTP/1.1 and responded: HTTP/1.1 200 OK
十二月 12, 2020 3:54:49 上午 okhttp3.mockwebserver.MockWebServer$4 processOneRequest
信息: MockWebServer[59020] received request: PATCH /methods/patch HTTP/1.1 and responded: HTTP/1.1 200 OK
十二月 12, 2020 3:54:49 上午 okhttp3.mockwebserver.MockWebServer$3 acceptConnections
信息: MockWebServer[59020] done accepting connections: socket closed
]]></system-err>
</testsuite>
