<?xml version="1.0" encoding="UTF-8"?>
<testsuite name="org.springframework.web.server.handler.ResponseStatusExceptionHandlerTests" tests="6" skipped="0" failures="0" errors="0" timestamp="2020-12-11T19:56:44" hostname="DESKTOP-TMNPDT1" time="0.01">
  <properties/>
  <testcase name="handleNestedResponseStatusException()" classname="org.springframework.web.server.handler.ResponseStatusExceptionHandlerTests" time="0.002"/>
  <testcase name="unresolvedException()" classname="org.springframework.web.server.handler.ResponseStatusExceptionHandlerTests" time="0.001"/>
  <testcase name="handleResponseStatusExceptionWithHeaders()" classname="org.springframework.web.server.handler.ResponseStatusExceptionHandlerTests" time="0.002"/>
  <testcase name="handleMethodNotAllowed()" classname="org.springframework.web.server.handler.ResponseStatusExceptionHandlerTests" time="0.001"/>
  <testcase name="responseCommitted()" classname="org.springframework.web.server.handler.ResponseStatusExceptionHandlerTests" time="0.001"/>
  <testcase name="handleResponseStatusException()" classname="org.springframework.web.server.handler.ResponseStatusExceptionHandlerTests" time="0.001"/>
  <system-out><![CDATA[]]></system-out>
  <system-err><![CDATA[]]></system-err>
</testsuite>
