<?xml version="1.0" encoding="UTF-8"?>
<testsuite name="org.springframework.http.client.InterceptingClientHttpRequestFactoryTests" tests="6" skipped="0" failures="0" errors="0" timestamp="2020-12-11T19:54:40" hostname="DESKTOP-TMNPDT1" time="0.03">
  <properties/>
  <testcase name="changeBody()" classname="org.springframework.http.client.InterceptingClientHttpRequestFactoryTests" time="0.006"/>
  <testcase name="changeMethod()" classname="org.springframework.http.client.InterceptingClientHttpRequestFactoryTests" time="0.006"/>
  <testcase name="changeHeaders()" classname="org.springframework.http.client.InterceptingClientHttpRequestFactoryTests" time="0.003"/>
  <testcase name="basic()" classname="org.springframework.http.client.InterceptingClientHttpRequestFactoryTests" time="0.0"/>
  <testcase name="noExecution()" classname="org.springframework.http.client.InterceptingClientHttpRequestFactoryTests" time="0.004"/>
  <testcase name="changeURI()" classname="org.springframework.http.client.InterceptingClientHttpRequestFactoryTests" time="0.004"/>
  <system-out><![CDATA[]]></system-out>
  <system-err><![CDATA[]]></system-err>
</testsuite>
