<?xml version="1.0" encoding="UTF-8"?>
<testsuite name="org.springframework.web.bind.support.WebRequestDataBinderIntegrationTests" tests="2" skipped="0" failures="0" errors="0" timestamp="2020-12-11T19:56:27" hostname="DESKTOP-TMNPDT1" time="0.104">
  <properties/>
  <testcase name="partsBinding()" classname="org.springframework.web.bind.support.WebRequestDataBinderIntegrationTests" time="0.076"/>
  <testcase name="partListBinding()" classname="org.springframework.web.bind.support.WebRequestDataBinderIntegrationTests" time="0.021"/>
  <system-out><![CDATA[]]></system-out>
  <system-err><![CDATA[]]></system-err>
</testsuite>
