<?xml version="1.0" encoding="UTF-8"?>
<testsuite name="org.springframework.web.filter.reactive.HiddenHttpMethodFilterTests" tests="7" skipped="0" failures="0" errors="0" timestamp="2020-12-11T19:56:40" hostname="DESKTOP-TMNPDT1" time="0.031">
  <properties/>
  <testcase name="filterWithParameter()" classname="org.springframework.web.filter.reactive.HiddenHttpMethodFilterTests" time="0.006"/>
  <testcase name="filterWithNoParameter()" classname="org.springframework.web.filter.reactive.HiddenHttpMethodFilterTests" time="0.002"/>
  <testcase name="filterWithEmptyStringParameter()" classname="org.springframework.web.filter.reactive.HiddenHttpMethodFilterTests" time="0.003"/>
  <testcase name="filterWithInvalidMethodValue()" classname="org.springframework.web.filter.reactive.HiddenHttpMethodFilterTests" time="0.004"/>
  <testcase name="filterWithDifferentMethodParam()" classname="org.springframework.web.filter.reactive.HiddenHttpMethodFilterTests" time="0.002"/>
  <testcase name="filterWithParameterMethodNotAllowed()" classname="org.springframework.web.filter.reactive.HiddenHttpMethodFilterTests" time="0.01"/>
  <testcase name="filterWithHttpPut()" classname="org.springframework.web.filter.reactive.HiddenHttpMethodFilterTests" time="0.001"/>
  <system-out><![CDATA[]]></system-out>
  <system-err><![CDATA[]]></system-err>
</testsuite>
