<?xml version="1.0" encoding="UTF-8"?>
<testsuite name="org.springframework.http.converter.ObjectToStringHttpMessageConverterTests" tests="10" skipped="0" failures="0" errors="0" timestamp="2020-12-11T19:55:24" hostname="DESKTOP-TMNPDT1" time="0.276">
  <properties/>
  <testcase name="writeAcceptCharset()" classname="org.springframework.http.converter.ObjectToStringHttpMessageConverterTests" time="0.208"/>
  <testcase name="defaultCharset()" classname="org.springframework.http.converter.ObjectToStringHttpMessageConverterTests" time="0.002"/>
  <testcase name="writeUtf16()" classname="org.springframework.http.converter.ObjectToStringHttpMessageConverterTests" time="0.002"/>
  <testcase name="canWrite()" classname="org.springframework.http.converter.ObjectToStringHttpMessageConverterTests" time="0.003"/>
  <testcase name="read()" classname="org.springframework.http.converter.ObjectToStringHttpMessageConverterTests" time="0.049"/>
  <testcase name="write()" classname="org.springframework.http.converter.ObjectToStringHttpMessageConverterTests" time="0.001"/>
  <testcase name="testConversionServiceRequired()" classname="org.springframework.http.converter.ObjectToStringHttpMessageConverterTests" time="0.002"/>
  <testcase name="writeAcceptCharsetTurnedOff()" classname="org.springframework.http.converter.ObjectToStringHttpMessageConverterTests" time="0.002"/>
  <testcase name="canRead()" classname="org.springframework.http.converter.ObjectToStringHttpMessageConverterTests" time="0.003"/>
  <testcase name="defaultCharsetModified()" classname="org.springframework.http.converter.ObjectToStringHttpMessageConverterTests" time="0.002"/>
  <system-out><![CDATA[]]></system-out>
  <system-err><![CDATA[]]></system-err>
</testsuite>
