<?xml version="1.0" encoding="UTF-8"?>
<testsuite name="org.springframework.web.util.HtmlCharacterEntityReferencesTests" tests="2" skipped="0" failures="0" errors="0" timestamp="2020-12-11T19:56:51" hostname="DESKTOP-TMNPDT1" time="0.045">
  <properties/>
  <testcase name="testSupportsAllCharacterEntityReferencesDefinedByHtml()" classname="org.springframework.web.util.HtmlCharacterEntityReferencesTests" time="0.043"/>
  <testcase name="testConvertToReferenceUTF8()" classname="org.springframework.web.util.HtmlCharacterEntityReferencesTests" time="0.002"/>
  <system-out><![CDATA[]]></system-out>
  <system-err><![CDATA[]]></system-err>
</testsuite>
