<?xml version="1.0" encoding="UTF-8"?>
<testsuite name="org.springframework.http.client.NoOutputStreamingStreamingSimpleHttpRequestFactoryTests" tests="6" skipped="0" failures="0" errors="0" timestamp="2020-12-11T19:54:52" hostname="DESKTOP-TMNPDT1" time="0.518">
  <properties/>
  <testcase name="headersAfterExecute()" classname="org.springframework.http.client.NoOutputStreamingStreamingSimpleHttpRequestFactoryTests" time="0.126"/>
  <testcase name="status()" classname="org.springframework.http.client.NoOutputStreamingStreamingSimpleHttpRequestFactoryTests" time="0.171"/>
  <testcase name="echo()" classname="org.springframework.http.client.NoOutputStreamingStreamingSimpleHttpRequestFactoryTests" time="0.094"/>
  <testcase name="multipleWrites()" classname="org.springframework.http.client.NoOutputStreamingStreamingSimpleHttpRequestFactoryTests" time="0.04"/>
  <testcase name="queryParameters()" classname="org.springframework.http.client.NoOutputStreamingStreamingSimpleHttpRequestFactoryTests" time="0.044"/>
  <testcase name="httpMethods()" classname="org.springframework.http.client.NoOutputStreamingStreamingSimpleHttpRequestFactoryTests" time="0.04"/>
  <system-out><![CDATA[]]></system-out>
  <system-err><![CDATA[十二月 12, 2020 3:54:53 上午 okhttp3.mockwebserver.MockWebServer$3 execute
信息: MockWebServer[59042] starting to accept connections
十二月 12, 2020 3:54:53 上午 okhttp3.mockwebserver.MockWebServer$3 acceptConnections
信息: MockWebServer[59042] done accepting connections: socket closed
十二月 12, 2020 3:54:53 上午 okhttp3.mockwebserver.MockWebServer$4 processOneRequest
信息: MockWebServer[59042] received request: POST /status/ok HTTP/1.1 and responded: HTTP/1.1 200 OK
十二月 12, 2020 3:54:53 上午 okhttp3.mockwebserver.MockWebServer$3 execute
信息: MockWebServer[59047] starting to accept connections
十二月 12, 2020 3:54:53 上午 okhttp3.mockwebserver.MockWebServer$3 acceptConnections
信息: MockWebServer[59047] done accepting connections: socket closed
十二月 12, 2020 3:54:53 上午 okhttp3.mockwebserver.MockWebServer$4 processOneRequest
信息: MockWebServer[59047] received request: GET /status/notfound HTTP/1.1 and responded: HTTP/1.1 404 Client Error
十二月 12, 2020 3:54:53 上午 okhttp3.mockwebserver.MockWebServer$3 execute
信息: MockWebServer[59051] starting to accept connections
十二月 12, 2020 3:54:53 上午 okhttp3.mockwebserver.MockWebServer$4 processOneRequest
信息: MockWebServer[59051] received request: PUT /echo HTTP/1.1 and responded: HTTP/1.1 200 OK
十二月 12, 2020 3:54:53 上午 okhttp3.mockwebserver.MockWebServer$3 acceptConnections
信息: MockWebServer[59051] done accepting connections: socket closed
十二月 12, 2020 3:54:53 上午 okhttp3.mockwebserver.MockWebServer$3 execute
信息: MockWebServer[59053] starting to accept connections
十二月 12, 2020 3:54:53 上午 okhttp3.mockwebserver.MockWebServer$3 acceptConnections
信息: MockWebServer[59053] done accepting connections: Socket is closed
十二月 12, 2020 3:54:53 上午 okhttp3.mockwebserver.MockWebServer$3 execute
信息: MockWebServer[59057] starting to accept connections
十二月 12, 2020 3:54:53 上午 okhttp3.mockwebserver.MockWebServer$4 processOneRequest
信息: MockWebServer[59057] received request: GET /params?param1=value&param2=value1&param2=value2 HTTP/1.1 and responded: HTTP/1.1 200 OK
十二月 12, 2020 3:54:53 上午 okhttp3.mockwebserver.MockWebServer$3 acceptConnections
信息: MockWebServer[59057] done accepting connections: socket closed
十二月 12, 2020 3:54:53 上午 okhttp3.mockwebserver.MockWebServer$3 execute
信息: MockWebServer[59059] starting to accept connections
十二月 12, 2020 3:54:53 上午 okhttp3.mockwebserver.MockWebServer$4 processOneRequest
信息: MockWebServer[59059] received request: GET /methods/get HTTP/1.1 and responded: HTTP/1.1 200 OK
十二月 12, 2020 3:54:53 上午 okhttp3.mockwebserver.MockWebServer$4 processOneRequest
信息: MockWebServer[59059] received request: HEAD /methods/head HTTP/1.1 and responded: HTTP/1.1 200 OK
十二月 12, 2020 3:54:53 上午 okhttp3.mockwebserver.MockWebServer$4 processOneRequest
信息: MockWebServer[59059] received request: POST /methods/post HTTP/1.1 and responded: HTTP/1.1 200 OK
十二月 12, 2020 3:54:53 上午 okhttp3.mockwebserver.MockWebServer$4 processOneRequest
信息: MockWebServer[59059] received request: PUT /methods/put HTTP/1.1 and responded: HTTP/1.1 200 OK
十二月 12, 2020 3:54:53 上午 okhttp3.mockwebserver.MockWebServer$4 processOneRequest
信息: MockWebServer[59059] received request: OPTIONS /methods/options HTTP/1.1 and responded: HTTP/1.1 200 OK
十二月 12, 2020 3:54:53 上午 okhttp3.mockwebserver.MockWebServer$4 processOneRequest
信息: MockWebServer[59059] received request: DELETE /methods/delete HTTP/1.1 and responded: HTTP/1.1 200 OK
十二月 12, 2020 3:54:53 上午 okhttp3.mockwebserver.MockWebServer$3 acceptConnections
信息: MockWebServer[59059] done accepting connections: socket closed
]]></system-err>
</testsuite>
