<?xml version="1.0" encoding="UTF-8"?>
<testsuite name="org.springframework.web.server.i18n.FixedLocaleContextResolverTests" tests="3" skipped="0" failures="0" errors="0" timestamp="2020-12-11T19:56:44" hostname="DESKTOP-TMNPDT1" time="0.024">
  <properties/>
  <testcase name="resolveDefaultLocale()" classname="org.springframework.web.server.i18n.FixedLocaleContextResolverTests" time="0.01"/>
  <testcase name="resolveCustomizedLocale()" classname="org.springframework.web.server.i18n.FixedLocaleContextResolverTests" time="0.003"/>
  <testcase name="resolveCustomizedAndTimeZoneLocale()" classname="org.springframework.web.server.i18n.FixedLocaleContextResolverTests" time="0.009"/>
  <system-out><![CDATA[]]></system-out>
  <system-err><![CDATA[]]></system-err>
</testsuite>
