<?xml version="1.0" encoding="UTF-8"?>
<testsuite name="org.springframework.http.CacheControlTests" tests="12" skipped="0" failures="0" errors="0" timestamp="2020-12-11T19:54:27" hostname="DESKTOP-TMNPDT1" time="0.59">
  <properties/>
  <testcase name="maxAgeAndSMaxAge_duration()" classname="org.springframework.http.CacheControlTests" time="0.53"/>
  <testcase name="maxAge()" classname="org.springframework.http.CacheControlTests" time="0.001"/>
  <testcase name="staleIfError()" classname="org.springframework.http.CacheControlTests" time="0.0"/>
  <testcase name="staleIfError_duration()" classname="org.springframework.http.CacheControlTests" time="0.0"/>
  <testcase name="noCachePrivate()" classname="org.springframework.http.CacheControlTests" time="0.001"/>
  <testcase name="maxAgeAndDirectives()" classname="org.springframework.http.CacheControlTests" time="0.041"/>
  <testcase name="emptyCacheControl()" classname="org.springframework.http.CacheControlTests" time="0.001"/>
  <testcase name="staleWhileRevalidate_duration()" classname="org.springframework.http.CacheControlTests" time="0.001"/>
  <testcase name="staleWhileRevalidate()" classname="org.springframework.http.CacheControlTests" time="0.001"/>
  <testcase name="maxAgeAndSMaxAge()" classname="org.springframework.http.CacheControlTests" time="0.001"/>
  <testcase name="maxAge_duration()" classname="org.springframework.http.CacheControlTests" time="0.001"/>
  <testcase name="noStore()" classname="org.springframework.http.CacheControlTests" time="0.001"/>
  <system-out><![CDATA[]]></system-out>
  <system-err><![CDATA[]]></system-err>
</testsuite>
