<?xml version="1.0" encoding="UTF-8"?>
<testsuite name="org.springframework.web.filter.HiddenHttpMethodFilterTests" tests="3" skipped="0" failures="0" errors="0" timestamp="2020-12-11T19:56:40" hostname="DESKTOP-TMNPDT1" time="0.006">
  <properties/>
  <testcase name="filterWithParameter()" classname="org.springframework.web.filter.HiddenHttpMethodFilterTests" time="0.004"/>
  <testcase name="filterWithNoParameter()" classname="org.springframework.web.filter.HiddenHttpMethodFilterTests" time="0.0"/>
  <testcase name="filterWithParameterDisallowedMethods()" classname="org.springframework.web.filter.HiddenHttpMethodFilterTests" time="0.001"/>
  <system-out><![CDATA[]]></system-out>
  <system-err><![CDATA[]]></system-err>
</testsuite>
