<?xml version="1.0" encoding="UTF-8"?>
<testsuite name="org.springframework.http.server.ServletServerHttpResponseTests" tests="4" skipped="0" failures="0" errors="0" timestamp="2020-12-11T19:56:10" hostname="DESKTOP-TMNPDT1" time="0.002">
  <properties/>
  <testcase name="preExistingHeadersFromHttpServletResponse()" classname="org.springframework.http.server.ServletServerHttpResponseTests" time="0.001"/>
  <testcase name="getBody()" classname="org.springframework.http.server.ServletServerHttpResponseTests" time="0.0"/>
  <testcase name="setStatusCode()" classname="org.springframework.http.server.ServletServerHttpResponseTests" time="0.0"/>
  <testcase name="getHeaders()" classname="org.springframework.http.server.ServletServerHttpResponseTests" time="0.001"/>
  <system-out><![CDATA[]]></system-out>
  <system-err><![CDATA[]]></system-err>
</testsuite>
