<?xml version="1.0" encoding="UTF-8"?>
<testsuite name="org.springframework.http.codec.EncoderHttpMessageWriterTests" tests="11" skipped="0" failures="0" errors="0" timestamp="2020-12-11T19:55:04" hostname="DESKTOP-TMNPDT1" time="0.355">
  <properties/>
  <testcase name="useDefaultMediaTypeCharset()" classname="org.springframework.http.codec.EncoderHttpMessageWriterTests" time="0.1"/>
  <testcase name="monoBodyDoesNotCancelEncodedFlux()" classname="org.springframework.http.codec.EncoderHttpMessageWriterTests" time="0.084"/>
  <testcase name="useDefaultMediaType()" classname="org.springframework.http.codec.EncoderHttpMessageWriterTests" time="0.007"/>
  <testcase name="emptyBodyWritten()" classname="org.springframework.http.codec.EncoderHttpMessageWriterTests" time="0.039"/>
  <testcase name="canWrite()" classname="org.springframework.http.codec.EncoderHttpMessageWriterTests" time="0.003"/>
  <testcase name="setContentLengthForMonoBody()" classname="org.springframework.http.codec.EncoderHttpMessageWriterTests" time="0.047"/>
  <testcase name="useNegotiatedMediaTypeCharset()" classname="org.springframework.http.codec.EncoderHttpMessageWriterTests" time="0.002"/>
  <testcase name="isStreamingMediaType()" classname="org.springframework.http.codec.EncoderHttpMessageWriterTests" time="0.006"/>
  <testcase name="useNegotiatedMediaType()" classname="org.springframework.http.codec.EncoderHttpMessageWriterTests" time="0.004"/>
  <testcase name="getWritableMediaTypes()" classname="org.springframework.http.codec.EncoderHttpMessageWriterTests" time="0.006"/>
  <testcase name="useHttpOutputMessageMediaType()" classname="org.springframework.http.codec.EncoderHttpMessageWriterTests" time="0.003"/>
  <system-out><![CDATA[]]></system-out>
  <system-err><![CDATA[]]></system-err>
</testsuite>
