<?xml version="1.0" encoding="UTF-8"?>
<testsuite name="org.springframework.web.context.request.SessionScopeTests" tests="6" skipped="0" failures="0" errors="0" timestamp="2020-12-11T19:56:39" hostname="DESKTOP-TMNPDT1" time="0.202">
  <properties/>
  <testcase name="destructionWithSessionSerializationAndSerializableBeanPostProcessor()" classname="org.springframework.web.context.request.SessionScopeTests" time="0.095"/>
  <testcase name="destructionAtSessionTermination()" classname="org.springframework.web.context.request.SessionScopeTests" time="0.007"/>
  <testcase name="getFromScopeWithSingleAccess()" classname="org.springframework.web.context.request.SessionScopeTests" time="0.047"/>
  <testcase name="getFromScope()" classname="org.springframework.web.context.request.SessionScopeTests" time="0.031"/>
  <testcase name="destructionWithSessionSerialization()" classname="org.springframework.web.context.request.SessionScopeTests" time="0.008"/>
  <testcase name="destructionWithSessionSerializationAndBeanPostProcessor()" classname="org.springframework.web.context.request.SessionScopeTests" time="0.01"/>
  <system-out><![CDATA[]]></system-out>
  <system-err><![CDATA[]]></system-err>
</testsuite>
