<?xml version="1.0" encoding="UTF-8"?>
<testsuite name="org.springframework.web.method.annotation.ExpressionValueMethodArgumentResolverTests" tests="3" skipped="0" failures="0" errors="0" timestamp="2020-12-11T19:56:40" hostname="DESKTOP-TMNPDT1" time="0.008">
  <properties/>
  <testcase name="resolveSystemProperty()" classname="org.springframework.web.method.annotation.ExpressionValueMethodArgumentResolverTests" time="0.004"/>
  <testcase name="resolveContextPath()" classname="org.springframework.web.method.annotation.ExpressionValueMethodArgumentResolverTests" time="0.002"/>
  <testcase name="supportsParameter()" classname="org.springframework.web.method.annotation.ExpressionValueMethodArgumentResolverTests" time="0.001"/>
  <system-out><![CDATA[]]></system-out>
  <system-err><![CDATA[]]></system-err>
</testsuite>
