<?xml version="1.0" encoding="UTF-8"?>
<testsuite name="org.springframework.http.client.MultipartBodyBuilderTests" tests="2" skipped="0" failures="0" errors="0" timestamp="2020-12-11T19:54:41" hostname="DESKTOP-TMNPDT1" time="0.424">
  <properties/>
  <testcase name="publisherEntityAcceptedAsInput()" classname="org.springframework.http.client.MultipartBodyBuilderTests" time="0.409"/>
  <testcase name="builder()" classname="org.springframework.http.client.MultipartBodyBuilderTests" time="0.015"/>
  <system-out><![CDATA[]]></system-out>
  <system-err><![CDATA[]]></system-err>
</testsuite>
