<?xml version="1.0" encoding="UTF-8"?>
<testsuite name="org.springframework.http.converter.json.GsonFactoryBeanTests" tests="11" skipped="0" failures="0" errors="0" timestamp="2020-12-11T19:55:21" hostname="DESKTOP-TMNPDT1" time="0.917">
  <properties/>
  <testcase name="serializeNulls()" classname="org.springframework.http.converter.json.GsonFactoryBeanTests" time="0.618"/>
  <testcase name="base64EncodeByteArrays()" classname="org.springframework.http.converter.json.GsonFactoryBeanTests" time="0.01"/>
  <testcase name="base64EncodeByteArraysDisableHtmlEscaping()" classname="org.springframework.http.converter.json.GsonFactoryBeanTests" time="0.0"/>
  <testcase name="customizeDateFormatNone()" classname="org.springframework.http.converter.json.GsonFactoryBeanTests" time="0.002"/>
  <testcase name="prettyPrinting()" classname="org.springframework.http.converter.json.GsonFactoryBeanTests" time="0.0"/>
  <testcase name="serializeNullsFalse()" classname="org.springframework.http.converter.json.GsonFactoryBeanTests" time="0.0"/>
  <testcase name="disableHtmlEscaping()" classname="org.springframework.http.converter.json.GsonFactoryBeanTests" time="0.0"/>
  <testcase name="prettyPrintingFalse()" classname="org.springframework.http.converter.json.GsonFactoryBeanTests" time="0.0"/>
  <testcase name="customizeDateFormatPattern()" classname="org.springframework.http.converter.json.GsonFactoryBeanTests" time="0.28"/>
  <testcase name="disableHtmlEscapingFalse()" classname="org.springframework.http.converter.json.GsonFactoryBeanTests" time="0.0"/>
  <testcase name="base64EncodeByteArraysFalse()" classname="org.springframework.http.converter.json.GsonFactoryBeanTests" time="0.001"/>
  <system-out><![CDATA[]]></system-out>
  <system-err><![CDATA[]]></system-err>
</testsuite>
