<?xml version="1.0" encoding="UTF-8"?>
<testsuite name="org.springframework.http.converter.xml.MappingJackson2XmlHttpMessageConverterTests" tests="11" skipped="0" failures="0" errors="0" timestamp="2020-12-11T19:55:28" hostname="DESKTOP-TMNPDT1" time="0.174">
  <properties/>
  <testcase name="jsonView()" classname="org.springframework.http.converter.xml.MappingJackson2XmlHttpMessageConverterTests" time="0.004"/>
  <testcase name="readWithXmlBomb()" classname="org.springframework.http.converter.xml.MappingJackson2XmlHttpMessageConverterTests" time="0.062"/>
  <testcase name="readInvalidXml()" classname="org.springframework.http.converter.xml.MappingJackson2XmlHttpMessageConverterTests" time="0.002"/>
  <testcase name="readWithExternalReference()" classname="org.springframework.http.converter.xml.MappingJackson2XmlHttpMessageConverterTests" time="0.007"/>
  <testcase name="readValidXmlWithUnknownProperty()" classname="org.springframework.http.converter.xml.MappingJackson2XmlHttpMessageConverterTests" time="0.003"/>
  <testcase name="canWrite()" classname="org.springframework.http.converter.xml.MappingJackson2XmlHttpMessageConverterTests" time="0.003"/>
  <testcase name="read()" classname="org.springframework.http.converter.xml.MappingJackson2XmlHttpMessageConverterTests" time="0.004"/>
  <testcase name="write()" classname="org.springframework.http.converter.xml.MappingJackson2XmlHttpMessageConverterTests" time="0.027"/>
  <testcase name="canRead()" classname="org.springframework.http.converter.xml.MappingJackson2XmlHttpMessageConverterTests" time="0.005"/>
  <testcase name="customXmlMapper()" classname="org.springframework.http.converter.xml.MappingJackson2XmlHttpMessageConverterTests" time="0.004"/>
  <testcase name="readNonUnicode()" classname="org.springframework.http.converter.xml.MappingJackson2XmlHttpMessageConverterTests" time="0.008"/>
  <system-out><![CDATA[]]></system-out>
  <system-err><![CDATA[]]></system-err>
</testsuite>
