<?xml version="1.0" encoding="UTF-8"?>
<testsuite name="org.springframework.web.accept.HeaderContentNegotiationStrategyTests" tests="3" skipped="0" failures="0" errors="0" timestamp="2020-12-11T19:56:26" hostname="DESKTOP-TMNPDT1" time="0.005">
  <properties/>
  <testcase name="resolveMediaTypes()" classname="org.springframework.web.accept.HeaderContentNegotiationStrategyTests" time="0.002"/>
  <testcase name="resolveMediaTypesParseError()" classname="org.springframework.web.accept.HeaderContentNegotiationStrategyTests" time="0.001"/>
  <testcase name="resolveMediaTypesFromMultipleHeaderValues()" classname="org.springframework.web.accept.HeaderContentNegotiationStrategyTests" time="0.001"/>
  <system-out><![CDATA[]]></system-out>
  <system-err><![CDATA[]]></system-err>
</testsuite>
