<?xml version="1.0" encoding="UTF-8"?>
<testsuite name="org.springframework.web.context.request.async.WebAsyncManagerTests" tests="16" skipped="0" failures="0" errors="0" timestamp="2020-12-11T19:56:37" hostname="DESKTOP-TMNPDT1" time="0.145">
  <properties/>
  <testcase name="startCallableProcessingNullInput()" classname="org.springframework.web.context.request.async.WebAsyncManagerTests" time="0.046"/>
  <testcase name="startCallableProcessingPostProcessContinueAfterException()" classname="org.springframework.web.context.request.async.WebAsyncManagerTests" time="0.006"/>
  <testcase name="startDeferredResultProcessingPreProcessException()" classname="org.springframework.web.context.request.async.WebAsyncManagerTests" time="0.011"/>
  <testcase name="setAsyncWebRequestAfterAsyncStarted()" classname="org.springframework.web.context.request.async.WebAsyncManagerTests" time="0.007"/>
  <testcase name="isConcurrentHandlingStarted()" classname="org.springframework.web.context.request.async.WebAsyncManagerTests" time="0.003"/>
  <testcase name="startCallableProcessingPreProcessException()" classname="org.springframework.web.context.request.async.WebAsyncManagerTests" time="0.003"/>
  <testcase name="startCallableProcessingWithAsyncTask()" classname="org.springframework.web.context.request.async.WebAsyncManagerTests" time="0.012"/>
  <testcase name="startCallableProcessing()" classname="org.springframework.web.context.request.async.WebAsyncManagerTests" time="0.003"/>
  <testcase name="startDeferredResultProcessingNullInput()" classname="org.springframework.web.context.request.async.WebAsyncManagerTests" time="0.001"/>
  <testcase name="startAsyncProcessingWithoutAsyncWebRequest()" classname="org.springframework.web.context.request.async.WebAsyncManagerTests" time="0.002"/>
  <testcase name="startDeferredResultProcessing()" classname="org.springframework.web.context.request.async.WebAsyncManagerTests" time="0.004"/>
  <testcase name="startCallableProcessingBeforeConcurrentHandlingException()" classname="org.springframework.web.context.request.async.WebAsyncManagerTests" time="0.003"/>
  <testcase name="startCallableProcessingCallableException()" classname="org.springframework.web.context.request.async.WebAsyncManagerTests" time="0.003"/>
  <testcase name="startCallableProcessingPostProcessException()" classname="org.springframework.web.context.request.async.WebAsyncManagerTests" time="0.008"/>
  <testcase name="startDeferredResultProcessingPostProcessException()" classname="org.springframework.web.context.request.async.WebAsyncManagerTests" time="0.005"/>
  <testcase name="startDeferredResultProcessingBeforeConcurrentHandlingException()" classname="org.springframework.web.context.request.async.WebAsyncManagerTests" time="0.011"/>
  <system-out><![CDATA[03:56:37.172 [Test worker] WARN  o.s.w.c.r.a.WebAsyncManager - 
!!!
An Executor is required to handle java.util.concurrent.Callable return values.
Please, configure a TaskExecutor in the MVC config under "async support".
The SyncTaskExecutor currently in use is not suitable under load.
-------------------------------
Request URI: ''
!!!
]]></system-out>
  <system-err><![CDATA[]]></system-err>
</testsuite>
