<?xml version="1.0" encoding="UTF-8"?>
<testsuite name="org.springframework.http.server.reactive.ListenerReadPublisherTests" tests="3" skipped="0" failures="0" errors="0" timestamp="2020-12-11T19:56:06" hostname="DESKTOP-TMNPDT1" time="0.079">
  <properties/>
  <testcase name="discardDataOnCancel()" classname="org.springframework.http.server.reactive.ListenerReadPublisherTests" time="0.075"/>
  <testcase name="twoReads()" classname="org.springframework.http.server.reactive.ListenerReadPublisherTests" time="0.003"/>
  <testcase name="discardDataOnError()" classname="org.springframework.http.server.reactive.ListenerReadPublisherTests" time="0.001"/>
  <system-out><![CDATA[]]></system-out>
  <system-err><![CDATA[]]></system-err>
</testsuite>
