<?xml version="1.0" encoding="UTF-8"?>
<testsuite name="org.springframework.http.codec.ServerSentEventHttpMessageReaderTests" tests="11" skipped="0" failures="0" errors="0" timestamp="2020-12-11T19:55:08" hostname="DESKTOP-TMNPDT1" time="8.645">
  <properties/>
  <testcase name="readServerSentEvents()" classname="org.springframework.http.codec.ServerSentEventHttpMessageReaderTests" time="0.02"/>
  <testcase name="readServerSentEventsWithMultipleChunks()" classname="org.springframework.http.codec.ServerSentEventHttpMessageReaderTests" time="0.012"/>
  <testcase name="decodeFullContentAsString()" classname="org.springframework.http.codec.ServerSentEventHttpMessageReaderTests" time="0.003"/>
  <testcase name="readError()" classname="org.springframework.http.codec.ServerSentEventHttpMessageReaderTests" time="0.011"/>
  <testcase name="readPojo()" classname="org.springframework.http.codec.ServerSentEventHttpMessageReaderTests" time="0.011"/>
  <testcase name="readString()" classname="org.springframework.http.codec.ServerSentEventHttpMessageReaderTests" time="0.004"/>
  <testcase name="cantRead()" classname="org.springframework.http.codec.ServerSentEventHttpMessageReaderTests" time="0.001"/>
  <testcase name="maxInMemoryLimit()" classname="org.springframework.http.codec.ServerSentEventHttpMessageReaderTests" time="0.006"/>
  <testcase name="canRead()" classname="org.springframework.http.codec.ServerSentEventHttpMessageReaderTests" time="0.001"/>
  <testcase name="readPojoWithCommentOnly()" classname="org.springframework.http.codec.ServerSentEventHttpMessageReaderTests" time="0.005"/>
  <testcase name="maxInMemoryLimitAllowsReadingPojoLargerThanDefaultSize()" classname="org.springframework.http.codec.ServerSentEventHttpMessageReaderTests" time="8.54"/>
  <system-out><![CDATA[]]></system-out>
  <system-err><![CDATA[]]></system-err>
</testsuite>
