<?xml version="1.0" encoding="UTF-8"?>
<testsuite name="org.springframework.web.context.support.AnnotationConfigWebApplicationContextTests" tests="4" skipped="0" failures="0" errors="0" timestamp="2020-12-11T19:56:39" hostname="DESKTOP-TMNPDT1" time="0.194">
  <properties/>
  <testcase name="withBeanNameGenerator()" classname="org.springframework.web.context.support.AnnotationConfigWebApplicationContextTests" time="0.038"/>
  <testcase name="configLocationWithBasePackage()" classname="org.springframework.web.context.support.AnnotationConfigWebApplicationContextTests" time="0.116"/>
  <testcase name="registerSingleClass()" classname="org.springframework.web.context.support.AnnotationConfigWebApplicationContextTests" time="0.019"/>
  <testcase name="configLocationWithSingleClass()" classname="org.springframework.web.context.support.AnnotationConfigWebApplicationContextTests" time="0.018"/>
  <system-out><![CDATA[]]></system-out>
  <system-err><![CDATA[]]></system-err>
</testsuite>
