<?xml version="1.0" encoding="UTF-8"?>
<testsuite name="org.springframework.http.converter.HttpMessageConverterTests" tests="4" skipped="0" failures="0" errors="0" timestamp="2020-12-11T19:55:21" hostname="DESKTOP-TMNPDT1" time="0.005">
  <properties/>
  <testcase name="canWrite()" classname="org.springframework.http.converter.HttpMessageConverterTests" time="0.001"/>
  <testcase name="canRead()" classname="org.springframework.http.converter.HttpMessageConverterTests" time="0.001"/>
  <testcase name="canWriteWithWildcardInSupportedSubtype()" classname="org.springframework.http.converter.HttpMessageConverterTests" time="0.0"/>
  <testcase name="canReadWithWildcardSubtype()" classname="org.springframework.http.converter.HttpMessageConverterTests" time="0.0"/>
  <system-out><![CDATA[]]></system-out>
  <system-err><![CDATA[]]></system-err>
</testsuite>
