<?xml version="1.0" encoding="UTF-8"?>
<testsuite name="org.springframework.web.method.annotation.CookieValueMethodArgumentResolverTests" tests="3" skipped="0" failures="0" errors="0" timestamp="2020-12-11T19:56:40" hostname="DESKTOP-TMNPDT1" time="0.022">
  <properties/>
  <testcase name="resolveCookieDefaultValue()" classname="org.springframework.web.method.annotation.CookieValueMethodArgumentResolverTests" time="0.019"/>
  <testcase name="notFound()" classname="org.springframework.web.method.annotation.CookieValueMethodArgumentResolverTests" time="0.002"/>
  <testcase name="supportsParameter()" classname="org.springframework.web.method.annotation.CookieValueMethodArgumentResolverTests" time="0.001"/>
  <system-out><![CDATA[]]></system-out>
  <system-err><![CDATA[]]></system-err>
</testsuite>
