<?xml version="1.0" encoding="UTF-8"?>
<testsuite name="org.springframework.web.cors.reactive.CorsWebFilterTests" tests="6" skipped="0" failures="0" errors="0" timestamp="2020-12-11T19:56:39" hostname="DESKTOP-TMNPDT1" time="0.014">
  <properties/>
  <testcase name="sameOriginRequest()" classname="org.springframework.web.cors.reactive.CorsWebFilterTests" time="0.006"/>
  <testcase name="validActualRequest()" classname="org.springframework.web.cors.reactive.CorsWebFilterTests" time="0.002"/>
  <testcase name="validPreFlightRequest()" classname="org.springframework.web.cors.reactive.CorsWebFilterTests" time="0.002"/>
  <testcase name="nonCorsRequest()" classname="org.springframework.web.cors.reactive.CorsWebFilterTests" time="0.001"/>
  <testcase name="invalidPreFlightRequest()" classname="org.springframework.web.cors.reactive.CorsWebFilterTests" time="0.002"/>
  <testcase name="invalidActualRequest()" classname="org.springframework.web.cors.reactive.CorsWebFilterTests" time="0.001"/>
  <system-out><![CDATA[]]></system-out>
  <system-err><![CDATA[]]></system-err>
</testsuite>
