<?xml version="1.0" encoding="UTF-8"?>
<testsuite name="org.springframework.http.client.BufferedSimpleAsyncHttpRequestFactoryTests" tests="7" skipped="0" failures="0" errors="0" timestamp="2020-12-11T19:54:28" hostname="DESKTOP-TMNPDT1" time="5.876">
  <properties/>
  <testcase name="cancel()" classname="org.springframework.http.client.BufferedSimpleAsyncHttpRequestFactoryTests" time="4.342"/>
  <testcase name="headersAfterExecute()" classname="org.springframework.http.client.BufferedSimpleAsyncHttpRequestFactoryTests" time="0.196"/>
  <testcase name="status()" classname="org.springframework.http.client.BufferedSimpleAsyncHttpRequestFactoryTests" time="0.204"/>
  <testcase name="echo()" classname="org.springframework.http.client.BufferedSimpleAsyncHttpRequestFactoryTests" time="0.64"/>
  <testcase name="statusCallback()" classname="org.springframework.http.client.BufferedSimpleAsyncHttpRequestFactoryTests" time="0.248"/>
  <testcase name="multipleWrites()" classname="org.springframework.http.client.BufferedSimpleAsyncHttpRequestFactoryTests" time="0.013"/>
  <testcase name="httpMethods()" classname="org.springframework.http.client.BufferedSimpleAsyncHttpRequestFactoryTests" time="0.226"/>
  <system-out><![CDATA[]]></system-out>
  <system-err><![CDATA[十二月 12, 2020 3:54:30 上午 okhttp3.mockwebserver.MockWebServer$3 execute
信息: MockWebServer[58764] starting to accept connections
十二月 12, 2020 3:54:32 上午 okhttp3.mockwebserver.MockWebServer$3 acceptConnections
信息: MockWebServer[58764] done accepting connections: socket closed
十二月 12, 2020 3:54:32 上午 okhttp3.mockwebserver.MockWebServer$3 execute
信息: MockWebServer[58765] starting to accept connections
十二月 12, 2020 3:54:32 上午 okhttp3.mockwebserver.MockWebServer$4 processOneRequest
信息: MockWebServer[58765] received request: POST /echo HTTP/1.1 and responded: HTTP/1.1 200 OK
十二月 12, 2020 3:54:32 上午 okhttp3.mockwebserver.MockWebServer$3 acceptConnections
信息: MockWebServer[58765] done accepting connections: socket closed
十二月 12, 2020 3:54:32 上午 okhttp3.mockwebserver.MockWebServer$3 execute
信息: MockWebServer[58767] starting to accept connections
十二月 12, 2020 3:54:32 上午 okhttp3.mockwebserver.MockWebServer$4 processOneRequest
信息: MockWebServer[58767] received request: GET /status/notfound HTTP/1.1 and responded: HTTP/1.1 404 Client Error
十二月 12, 2020 3:54:32 上午 okhttp3.mockwebserver.MockWebServer$3 acceptConnections
信息: MockWebServer[58767] done accepting connections: socket closed
十二月 12, 2020 3:54:33 上午 okhttp3.mockwebserver.MockWebServer$3 execute
信息: MockWebServer[58769] starting to accept connections
十二月 12, 2020 3:54:33 上午 okhttp3.mockwebserver.MockWebServer$4 processOneRequest
信息: MockWebServer[58769] received request: PUT /echo HTTP/1.1 and responded: HTTP/1.1 200 OK
十二月 12, 2020 3:54:33 上午 okhttp3.mockwebserver.MockWebServer$3 acceptConnections
信息: MockWebServer[58769] done accepting connections: socket closed
十二月 12, 2020 3:54:33 上午 okhttp3.mockwebserver.MockWebServer$3 execute
信息: MockWebServer[58771] starting to accept connections
十二月 12, 2020 3:54:33 上午 okhttp3.mockwebserver.MockWebServer$4 processOneRequest
信息: MockWebServer[58771] received request: GET /status/notfound HTTP/1.1 and responded: HTTP/1.1 404 Client Error
十二月 12, 2020 3:54:33 上午 okhttp3.mockwebserver.MockWebServer$3 acceptConnections
信息: MockWebServer[58771] done accepting connections: socket closed
十二月 12, 2020 3:54:33 上午 okhttp3.mockwebserver.MockWebServer$3 execute
信息: MockWebServer[58773] starting to accept connections
十二月 12, 2020 3:54:33 上午 okhttp3.mockwebserver.MockWebServer$4 processOneRequest
信息: MockWebServer[58773] received request: POST /echo HTTP/1.1 and responded: HTTP/1.1 200 OK
十二月 12, 2020 3:54:33 上午 okhttp3.mockwebserver.MockWebServer$3 acceptConnections
信息: MockWebServer[58773] done accepting connections: socket closed
十二月 12, 2020 3:54:33 上午 okhttp3.mockwebserver.MockWebServer$3 execute
信息: MockWebServer[58775] starting to accept connections
十二月 12, 2020 3:54:33 上午 okhttp3.mockwebserver.MockWebServer$4 processOneRequest
信息: MockWebServer[58775] received request: GET /methods/get HTTP/1.1 and responded: HTTP/1.1 200 OK
十二月 12, 2020 3:54:33 上午 okhttp3.mockwebserver.MockWebServer$4 processOneRequest
信息: MockWebServer[58775] received request: HEAD /methods/head HTTP/1.1 and responded: HTTP/1.1 200 OK
十二月 12, 2020 3:54:33 上午 okhttp3.mockwebserver.MockWebServer$4 processOneRequest
信息: MockWebServer[58775] received request: POST /methods/post HTTP/1.1 and responded: HTTP/1.1 200 OK
十二月 12, 2020 3:54:33 上午 okhttp3.mockwebserver.MockWebServer$4 processOneRequest
信息: MockWebServer[58775] received request: PUT /methods/put HTTP/1.1 and responded: HTTP/1.1 200 OK
十二月 12, 2020 3:54:33 上午 okhttp3.mockwebserver.MockWebServer$4 processOneRequest
信息: MockWebServer[58775] received request: OPTIONS /methods/options HTTP/1.1 and responded: HTTP/1.1 200 OK
十二月 12, 2020 3:54:33 上午 okhttp3.mockwebserver.MockWebServer$4 processOneRequest
信息: MockWebServer[58775] received request: DELETE /methods/delete HTTP/1.1 and responded: HTTP/1.1 200 OK
十二月 12, 2020 3:54:33 上午 okhttp3.mockwebserver.MockWebServer$3 acceptConnections
信息: MockWebServer[58775] done accepting connections: socket closed
]]></system-err>
</testsuite>
