<?xml version="1.0" encoding="UTF-8"?>
<testsuite name="org.springframework.web.client.RestTemplateTests" tests="39" skipped="0" failures="0" errors="0" timestamp="2020-12-11T19:56:36" hostname="DESKTOP-TMNPDT1" time="0.246">
  <properties/>
  <testcase name="ioExceptionWithEmptyQueryString()" classname="org.springframework.web.client.RestTemplateTests" time="0.032"/>
  <testcase name="setMessageConvertersPreconditions()" classname="org.springframework.web.client.RestTemplateTests" time="0.002"/>
  <testcase name="delete()" classname="org.springframework.web.client.RestTemplateTests" time="0.003"/>
  <testcase name="uriTemplateWithTrailingSlash()" classname="org.springframework.web.client.RestTemplateTests" time="0.005"/>
  <testcase name="keepGivenAcceptHeaderOnPut()" classname="org.springframework.web.client.RestTemplateTests" time="0.045"/>
  <testcase name="postForLocationEntityContentType()" classname="org.springframework.web.client.RestTemplateTests" time="0.003"/>
  <testcase name="postForEntityNull()" classname="org.springframework.web.client.RestTemplateTests" time="0.004"/>
  <testcase name="errorHandling()" classname="org.springframework.web.client.RestTemplateTests" time="0.004"/>
  <testcase name="ioException()" classname="org.springframework.web.client.RestTemplateTests" time="0.005"/>
  <testcase name="getUnsupportedMediaType()" classname="org.springframework.web.client.RestTemplateTests" time="0.004"/>
  <testcase name="headForHeaders()" classname="org.springframework.web.client.RestTemplateTests" time="0.002"/>
  <testcase name="patchForObjectNull()" classname="org.springframework.web.client.RestTemplateTests" time="0.003"/>
  <testcase name="varArgsNullTemplateVariable()" classname="org.springframework.web.client.RestTemplateTests" time="0.003"/>
  <testcase name="postForEntity()" classname="org.springframework.web.client.RestTemplateTests" time="0.031"/>
  <testcase name="getForObjectWithCustomUriTemplateHandler()" classname="org.springframework.web.client.RestTemplateTests" time="0.007"/>
  <testcase name="constructorPreconditions()" classname="org.springframework.web.client.RestTemplateTests" time="0.001"/>
  <testcase name="mapTemplateVariables()" classname="org.springframework.web.client.RestTemplateTests" time="0.001"/>
  <testcase name="requestAvoidsDuplicateAcceptHeaderValues()" classname="org.springframework.web.client.RestTemplateTests" time="0.003"/>
  <testcase name="varArgsTemplateVariables()" classname="org.springframework.web.client.RestTemplateTests" time="0.003"/>
  <testcase name="putNull()" classname="org.springframework.web.client.RestTemplateTests" time="0.003"/>
  <testcase name="postForObject()" classname="org.springframework.web.client.RestTemplateTests" time="0.004"/>
  <testcase name="postForLocation()" classname="org.springframework.web.client.RestTemplateTests" time="0.003"/>
  <testcase name="put()" classname="org.springframework.web.client.RestTemplateTests" time="0.003"/>
  <testcase name="headerAcceptAllOnPut()" classname="org.springframework.web.client.RestTemplateTests" time="0.007"/>
  <testcase name="clientHttpRequestInitializerAndRequestInterceptorAreBothApplied()" classname="org.springframework.web.client.RestTemplateTests" time="0.005"/>
  <testcase name="postForLocationNoLocation()" classname="org.springframework.web.client.RestTemplateTests" time="0.003"/>
  <testcase name="getForEntity()" classname="org.springframework.web.client.RestTemplateTests" time="0.004"/>
  <testcase name="mapNullTemplateVariable()" classname="org.springframework.web.client.RestTemplateTests" time="0.002"/>
  <testcase name="patchForObject()" classname="org.springframework.web.client.RestTemplateTests" time="0.004"/>
  <testcase name="requestInterceptorCanAddExistingHeaderValueWithoutBody()" classname="org.springframework.web.client.RestTemplateTests" time="0.003"/>
  <testcase name="getForObject()" classname="org.springframework.web.client.RestTemplateTests" time="0.003"/>
  <testcase name="headerAcceptAllOnDelete()" classname="org.springframework.web.client.RestTemplateTests" time="0.007"/>
  <testcase name="requestInterceptorCanAddExistingHeaderValueWithBody()" classname="org.springframework.web.client.RestTemplateTests" time="0.004"/>
  <testcase name="postForLocationEntityCustomHeader()" classname="org.springframework.web.client.RestTemplateTests" time="0.003"/>
  <testcase name="optionsForAllow()" classname="org.springframework.web.client.RestTemplateTests" time="0.003"/>
  <testcase name="postForObjectNull()" classname="org.springframework.web.client.RestTemplateTests" time="0.003"/>
  <testcase name="postForLocationNull()" classname="org.springframework.web.client.RestTemplateTests" time="0.002"/>
  <testcase name="exchange()" classname="org.springframework.web.client.RestTemplateTests" time="0.004"/>
  <testcase name="exchangeParameterizedType()" classname="org.springframework.web.client.RestTemplateTests" time="0.004"/>
  <system-out><![CDATA[]]></system-out>
  <system-err><![CDATA[十二月 12, 2020 3:56:36 上午 okhttp3.mockwebserver.MockWebServer$3 execute
信息: MockWebServer[62010] starting to accept connections
十二月 12, 2020 3:56:36 上午 okhttp3.mockwebserver.MockWebServer$4 processOneRequest
信息: MockWebServer[62010] received request: PUT /internal/server/error HTTP/1.1 and responded: HTTP/1.1 500 Server Error
十二月 12, 2020 3:56:36 上午 okhttp3.mockwebserver.MockWebServer$3 acceptConnections
信息: MockWebServer[62010] done accepting connections: socket closed
十二月 12, 2020 3:56:36 上午 okhttp3.mockwebserver.MockWebServer$3 execute
信息: MockWebServer[62014] starting to accept connections
十二月 12, 2020 3:56:36 上午 okhttp3.mockwebserver.MockWebServer$3 acceptConnections
信息: MockWebServer[62014] done accepting connections: socket closed
十二月 12, 2020 3:56:36 上午 okhttp3.mockwebserver.MockWebServer$4 processOneRequest
信息: MockWebServer[62014] received request: PUT /internal/server/error HTTP/1.1 and responded: HTTP/1.1 500 Server Error
十二月 12, 2020 3:56:36 上午 okhttp3.mockwebserver.MockWebServer$3 execute
信息: MockWebServer[62016] starting to accept connections
十二月 12, 2020 3:56:36 上午 okhttp3.mockwebserver.MockWebServer$4 processOneRequest
信息: MockWebServer[62016] received request: DELETE /internal/server/error HTTP/1.1 and responded: HTTP/1.1 500 Server Error
十二月 12, 2020 3:56:36 上午 okhttp3.mockwebserver.MockWebServer$3 acceptConnections
信息: MockWebServer[62016] done accepting connections: socket closed
]]></system-err>
</testsuite>
