<?xml version="1.0" encoding="UTF-8"?>
<testsuite name="org.springframework.http.client.BufferingClientHttpRequestFactoryTests" tests="7" skipped="0" failures="0" errors="0" timestamp="2020-12-11T19:54:34" hostname="DESKTOP-TMNPDT1" time="1.183">
  <properties/>
  <testcase name="headersAfterExecute()" classname="org.springframework.http.client.BufferingClientHttpRequestFactoryTests" time="0.893"/>
  <testcase name="status()" classname="org.springframework.http.client.BufferingClientHttpRequestFactoryTests" time="0.183"/>
  <testcase name="echo()" classname="org.springframework.http.client.BufferingClientHttpRequestFactoryTests" time="0.02"/>
  <testcase name="multipleWrites()" classname="org.springframework.http.client.BufferingClientHttpRequestFactoryTests" time="0.026"/>
  <testcase name="queryParameters()" classname="org.springframework.http.client.BufferingClientHttpRequestFactoryTests" time="0.01"/>
  <testcase name="httpMethods()" classname="org.springframework.http.client.BufferingClientHttpRequestFactoryTests" time="0.034"/>
  <testcase name="repeatableRead()" classname="org.springframework.http.client.BufferingClientHttpRequestFactoryTests" time="0.012"/>
  <system-out><![CDATA[]]></system-out>
  <system-err><![CDATA[十二月 12, 2020 3:54:34 上午 okhttp3.mockwebserver.MockWebServer$3 execute
信息: MockWebServer[58790] starting to accept connections
十二月 12, 2020 3:54:35 上午 okhttp3.mockwebserver.MockWebServer$4 processOneRequest
信息: MockWebServer[58790] received request: POST /status/ok HTTP/1.1 and responded: HTTP/1.1 200 OK
十二月 12, 2020 3:54:35 上午 okhttp3.mockwebserver.MockWebServer$3 acceptConnections
信息: MockWebServer[58790] done accepting connections: socket closed
十二月 12, 2020 3:54:35 上午 okhttp3.mockwebserver.MockWebServer$3 execute
信息: MockWebServer[58792] starting to accept connections
十二月 12, 2020 3:54:35 上午 okhttp3.mockwebserver.MockWebServer$4 processOneRequest
信息: MockWebServer[58792] received request: GET /status/notfound HTTP/1.1 and responded: HTTP/1.1 404 Client Error
十二月 12, 2020 3:54:35 上午 okhttp3.mockwebserver.MockWebServer$3 acceptConnections
信息: MockWebServer[58792] done accepting connections: socket closed
十二月 12, 2020 3:54:35 上午 okhttp3.mockwebserver.MockWebServer$3 execute
信息: MockWebServer[58795] starting to accept connections
十二月 12, 2020 3:54:35 上午 okhttp3.mockwebserver.MockWebServer$4 processOneRequest
信息: MockWebServer[58795] received request: PUT /echo HTTP/1.1 and responded: HTTP/1.1 200 OK
十二月 12, 2020 3:54:35 上午 okhttp3.mockwebserver.MockWebServer$3 acceptConnections
信息: MockWebServer[58795] done accepting connections: socket closed
十二月 12, 2020 3:54:35 上午 okhttp3.mockwebserver.MockWebServer$3 execute
信息: MockWebServer[58797] starting to accept connections
十二月 12, 2020 3:54:35 上午 okhttp3.mockwebserver.MockWebServer$4 processOneRequest
信息: MockWebServer[58797] received request: POST /echo HTTP/1.1 and responded: HTTP/1.1 200 OK
十二月 12, 2020 3:54:35 上午 okhttp3.mockwebserver.MockWebServer$3 acceptConnections
信息: MockWebServer[58797] done accepting connections: socket closed
十二月 12, 2020 3:54:35 上午 okhttp3.mockwebserver.MockWebServer$3 execute
信息: MockWebServer[58799] starting to accept connections
十二月 12, 2020 3:54:35 上午 okhttp3.mockwebserver.MockWebServer$4 processOneRequest
信息: MockWebServer[58799] received request: GET /params?param1=value&param2=value1&param2=value2 HTTP/1.1 and responded: HTTP/1.1 200 OK
十二月 12, 2020 3:54:35 上午 okhttp3.mockwebserver.MockWebServer$3 acceptConnections
信息: MockWebServer[58799] done accepting connections: socket closed
十二月 12, 2020 3:54:35 上午 okhttp3.mockwebserver.MockWebServer$3 execute
信息: MockWebServer[58801] starting to accept connections
十二月 12, 2020 3:54:35 上午 okhttp3.mockwebserver.MockWebServer$4 processOneRequest
信息: MockWebServer[58801] received request: GET /methods/get HTTP/1.1 and responded: HTTP/1.1 200 OK
十二月 12, 2020 3:54:35 上午 okhttp3.mockwebserver.MockWebServer$4 processOneRequest
信息: MockWebServer[58801] received request: HEAD /methods/head HTTP/1.1 and responded: HTTP/1.1 200 OK
十二月 12, 2020 3:54:35 上午 okhttp3.mockwebserver.MockWebServer$4 processOneRequest
信息: MockWebServer[58801] received request: POST /methods/post HTTP/1.1 and responded: HTTP/1.1 200 OK
十二月 12, 2020 3:54:35 上午 okhttp3.mockwebserver.MockWebServer$4 processOneRequest
信息: MockWebServer[58801] received request: PUT /methods/put HTTP/1.1 and responded: HTTP/1.1 200 OK
十二月 12, 2020 3:54:35 上午 okhttp3.mockwebserver.MockWebServer$4 processOneRequest
信息: MockWebServer[58801] received request: OPTIONS /methods/options HTTP/1.1 and responded: HTTP/1.1 200 OK
十二月 12, 2020 3:54:35 上午 okhttp3.mockwebserver.MockWebServer$4 processOneRequest
信息: MockWebServer[58801] received request: DELETE /methods/delete HTTP/1.1 and responded: HTTP/1.1 200 OK
十二月 12, 2020 3:54:35 上午 okhttp3.mockwebserver.MockWebServer$3 acceptConnections
信息: MockWebServer[58801] done accepting connections: socket closed
十二月 12, 2020 3:54:35 上午 okhttp3.mockwebserver.MockWebServer$3 execute
信息: MockWebServer[58803] starting to accept connections
十二月 12, 2020 3:54:35 上午 okhttp3.mockwebserver.MockWebServer$4 processOneRequest
信息: MockWebServer[58803] received request: PUT /echo HTTP/1.1 and responded: HTTP/1.1 200 OK
十二月 12, 2020 3:54:35 上午 okhttp3.mockwebserver.MockWebServer$3 acceptConnections
信息: MockWebServer[58803] done accepting connections: socket closed
]]></system-err>
</testsuite>
