<?xml version="1.0" encoding="UTF-8"?>
<testsuite name="org.springframework.http.codec.xml.XmlEventDecoderTests" tests="5" skipped="0" failures="0" errors="0" timestamp="2020-12-11T19:55:18" hostname="DESKTOP-TMNPDT1" time="0.026">
  <properties/>
  <testcase name="toXMLEventsWithLimit()" classname="org.springframework.http.codec.xml.XmlEventDecoderTests" time="0.011"/>
  <testcase name="decodeErrorAalto()" classname="org.springframework.http.codec.xml.XmlEventDecoderTests" time="0.003"/>
  <testcase name="toXMLEventsNonAalto()" classname="org.springframework.http.codec.xml.XmlEventDecoderTests" time="0.004"/>
  <testcase name="decodeErrorNonAalto()" classname="org.springframework.http.codec.xml.XmlEventDecoderTests" time="0.001"/>
  <testcase name="toXMLEventsAalto()" classname="org.springframework.http.codec.xml.XmlEventDecoderTests" time="0.004"/>
  <system-out><![CDATA[]]></system-out>
  <system-err><![CDATA[]]></system-err>
</testsuite>
