<?xml version="1.0" encoding="UTF-8"?>
<testsuite name="org.springframework.http.client.StreamingSimpleClientHttpRequestFactoryTests" tests="8" skipped="1" failures="0" errors="0" timestamp="2020-12-11T19:54:55" hostname="DESKTOP-TMNPDT1" time="0.873">
  <properties/>
  <testcase name="headersAfterExecute()" classname="org.springframework.http.client.StreamingSimpleClientHttpRequestFactoryTests" time="0.199"/>
  <testcase name="status()" classname="org.springframework.http.client.StreamingSimpleClientHttpRequestFactoryTests" time="0.183"/>
  <testcase name="echo()" classname="org.springframework.http.client.StreamingSimpleClientHttpRequestFactoryTests" time="0.068"/>
  <testcase name="multipleWrites()" classname="org.springframework.http.client.StreamingSimpleClientHttpRequestFactoryTests" time="0.053"/>
  <testcase name="queryParameters()" classname="org.springframework.http.client.StreamingSimpleClientHttpRequestFactoryTests" time="0.056"/>
  <testcase name="httpMethods()" classname="org.springframework.http.client.StreamingSimpleClientHttpRequestFactoryTests" time="0.225"/>
  <testcase name="largeFileUpload()" classname="org.springframework.http.client.StreamingSimpleClientHttpRequestFactoryTests" time="0.001">
    <skipped/>
  </testcase>
  <testcase name="interceptor()" classname="org.springframework.http.client.StreamingSimpleClientHttpRequestFactoryTests" time="0.08"/>
  <system-out><![CDATA[]]></system-out>
  <system-err><![CDATA[十二月 12, 2020 3:54:56 上午 okhttp3.mockwebserver.MockWebServer$3 execute
信息: MockWebServer[59112] starting to accept connections
十二月 12, 2020 3:54:56 上午 okhttp3.mockwebserver.MockWebServer$4 processOneRequest
信息: MockWebServer[59112] received request: POST /status/ok HTTP/1.1 and responded: HTTP/1.1 200 OK
十二月 12, 2020 3:54:56 上午 okhttp3.mockwebserver.MockWebServer$3 acceptConnections
信息: MockWebServer[59112] done accepting connections: socket closed
十二月 12, 2020 3:54:56 上午 okhttp3.mockwebserver.MockWebServer$3 execute
信息: MockWebServer[59114] starting to accept connections
十二月 12, 2020 3:54:56 上午 okhttp3.mockwebserver.MockWebServer$4 processOneRequest
信息: MockWebServer[59114] received request: GET /status/notfound HTTP/1.1 and responded: HTTP/1.1 404 Client Error
十二月 12, 2020 3:54:56 上午 okhttp3.mockwebserver.MockWebServer$3 acceptConnections
信息: MockWebServer[59114] done accepting connections: socket closed
十二月 12, 2020 3:54:56 上午 okhttp3.mockwebserver.MockWebServer$3 execute
信息: MockWebServer[59116] starting to accept connections
十二月 12, 2020 3:54:56 上午 okhttp3.mockwebserver.MockWebServer$3 acceptConnections
信息: MockWebServer[59116] done accepting connections: socket closed
十二月 12, 2020 3:54:56 上午 okhttp3.mockwebserver.MockWebServer$4 processOneRequest
信息: MockWebServer[59116] received request: PUT /echo HTTP/1.1 and responded: HTTP/1.1 200 OK
十二月 12, 2020 3:54:56 上午 okhttp3.mockwebserver.MockWebServer$3 execute
信息: MockWebServer[59118] starting to accept connections
十二月 12, 2020 3:54:56 上午 okhttp3.mockwebserver.MockWebServer$3 acceptConnections
信息: MockWebServer[59118] done accepting connections: Socket is closed
十二月 12, 2020 3:54:56 上午 okhttp3.mockwebserver.MockWebServer$3 execute
信息: MockWebServer[59120] starting to accept connections
十二月 12, 2020 3:54:56 上午 okhttp3.mockwebserver.MockWebServer$4 processOneRequest
信息: MockWebServer[59120] received request: GET /params?param1=value&param2=value1&param2=value2 HTTP/1.1 and responded: HTTP/1.1 200 OK
十二月 12, 2020 3:54:56 上午 okhttp3.mockwebserver.MockWebServer$3 acceptConnections
信息: MockWebServer[59120] done accepting connections: socket closed
十二月 12, 2020 3:54:56 上午 okhttp3.mockwebserver.MockWebServer$3 execute
信息: MockWebServer[59122] starting to accept connections
十二月 12, 2020 3:54:56 上午 okhttp3.mockwebserver.MockWebServer$4 processOneRequest
信息: MockWebServer[59122] received request: GET /methods/get HTTP/1.1 and responded: HTTP/1.1 200 OK
十二月 12, 2020 3:54:56 上午 okhttp3.mockwebserver.MockWebServer$4 processOneRequest
信息: MockWebServer[59122] received request: HEAD /methods/head HTTP/1.1 and responded: HTTP/1.1 200 OK
十二月 12, 2020 3:54:56 上午 okhttp3.mockwebserver.MockWebServer$4 processOneRequest
信息: MockWebServer[59122] received request: POST /methods/post HTTP/1.1 and responded: HTTP/1.1 200 OK
十二月 12, 2020 3:54:56 上午 okhttp3.mockwebserver.MockWebServer$4 processOneRequest
信息: MockWebServer[59122] received request: PUT /methods/put HTTP/1.1 and responded: HTTP/1.1 200 OK
十二月 12, 2020 3:54:56 上午 okhttp3.mockwebserver.MockWebServer$4 processOneRequest
信息: MockWebServer[59122] received request: OPTIONS /methods/options HTTP/1.1 and responded: HTTP/1.1 200 OK
十二月 12, 2020 3:54:56 上午 okhttp3.mockwebserver.MockWebServer$4 processOneRequest
信息: MockWebServer[59122] received request: DELETE /methods/delete HTTP/1.1 and responded: HTTP/1.1 200 OK
十二月 12, 2020 3:54:56 上午 okhttp3.mockwebserver.MockWebServer$3 acceptConnections
信息: MockWebServer[59122] done accepting connections: socket closed
十二月 12, 2020 3:54:56 上午 okhttp3.mockwebserver.MockWebServer$3 execute
信息: MockWebServer[59126] starting to accept connections
十二月 12, 2020 3:54:56 上午 okhttp3.mockwebserver.MockWebServer$4 processOneRequest
信息: MockWebServer[59126] received request: GET /echo HTTP/1.1 and responded: HTTP/1.1 200 OK
十二月 12, 2020 3:54:56 上午 okhttp3.mockwebserver.MockWebServer$3 acceptConnections
信息: MockWebServer[59126] done accepting connections: socket closed
]]></system-err>
</testsuite>
