<?xml version="1.0" encoding="UTF-8"?>
<testsuite name="org.springframework.http.client.HttpComponentsAsyncClientHttpRequestFactoryTests" tests="9" skipped="0" failures="0" errors="0" timestamp="2020-12-11T19:54:35" hostname="DESKTOP-TMNPDT1" time="0.9">
  <properties/>
  <testcase name="cancel()" classname="org.springframework.http.client.HttpComponentsAsyncClientHttpRequestFactoryTests" time="0.179"/>
  <testcase name="headersAfterExecute()" classname="org.springframework.http.client.HttpComponentsAsyncClientHttpRequestFactoryTests" time="0.144"/>
  <testcase name="status()" classname="org.springframework.http.client.HttpComponentsAsyncClientHttpRequestFactoryTests" time="0.078"/>
  <testcase name="echo()" classname="org.springframework.http.client.HttpComponentsAsyncClientHttpRequestFactoryTests" time="0.028"/>
  <testcase name="statusCallback()" classname="org.springframework.http.client.HttpComponentsAsyncClientHttpRequestFactoryTests" time="0.03"/>
  <testcase name="multipleWrites()" classname="org.springframework.http.client.HttpComponentsAsyncClientHttpRequestFactoryTests" time="0.052"/>
  <testcase name="defaultSettingsOfHttpAsyncClientLostOnExecutorCustomization()" classname="org.springframework.http.client.HttpComponentsAsyncClientHttpRequestFactoryTests" time="0.017"/>
  <testcase name="customHttpAsyncClientUsesItsDefault()" classname="org.springframework.http.client.HttpComponentsAsyncClientHttpRequestFactoryTests" time="0.098"/>
  <testcase name="httpMethods()" classname="org.springframework.http.client.HttpComponentsAsyncClientHttpRequestFactoryTests" time="0.269"/>
  <system-out><![CDATA[]]></system-out>
  <system-err><![CDATA[十二月 12, 2020 3:54:35 上午 okhttp3.mockwebserver.MockWebServer$3 execute
信息: MockWebServer[58805] starting to accept connections
十二月 12, 2020 3:54:35 上午 okhttp3.mockwebserver.MockWebServer$4 processConnection
警告: MockWebServer[58805] connection from /127.0.0.1 didn't make a request
十二月 12, 2020 3:54:35 上午 okhttp3.mockwebserver.MockWebServer$3 acceptConnections
信息: MockWebServer[58805] done accepting connections: socket closed
十二月 12, 2020 3:54:36 上午 okhttp3.mockwebserver.MockWebServer$3 execute
信息: MockWebServer[58817] starting to accept connections
十二月 12, 2020 3:54:36 上午 okhttp3.mockwebserver.MockWebServer$4 processOneRequest
信息: MockWebServer[58817] received request: POST /echo HTTP/1.1 and responded: HTTP/1.1 200 OK
十二月 12, 2020 3:54:36 上午 okhttp3.mockwebserver.MockWebServer$3 acceptConnections
信息: MockWebServer[58817] done accepting connections: socket closed
十二月 12, 2020 3:54:36 上午 okhttp3.mockwebserver.MockWebServer$3 execute
信息: MockWebServer[58829] starting to accept connections
十二月 12, 2020 3:54:36 上午 okhttp3.mockwebserver.MockWebServer$4 processOneRequest
信息: MockWebServer[58829] received request: GET /status/notfound HTTP/1.1 and responded: HTTP/1.1 404 Client Error
十二月 12, 2020 3:54:36 上午 okhttp3.mockwebserver.MockWebServer$3 acceptConnections
信息: MockWebServer[58829] done accepting connections: socket closed
十二月 12, 2020 3:54:36 上午 okhttp3.mockwebserver.MockWebServer$3 execute
信息: MockWebServer[58841] starting to accept connections
十二月 12, 2020 3:54:36 上午 okhttp3.mockwebserver.MockWebServer$4 processOneRequest
信息: MockWebServer[58841] received request: PUT /echo HTTP/1.1 and responded: HTTP/1.1 200 OK
十二月 12, 2020 3:54:36 上午 okhttp3.mockwebserver.MockWebServer$3 acceptConnections
信息: MockWebServer[58841] done accepting connections: socket closed
十二月 12, 2020 3:54:36 上午 okhttp3.mockwebserver.MockWebServer$3 execute
信息: MockWebServer[58853] starting to accept connections
十二月 12, 2020 3:54:36 上午 okhttp3.mockwebserver.MockWebServer$4 processOneRequest
信息: MockWebServer[58853] received request: GET /status/notfound HTTP/1.1 and responded: HTTP/1.1 404 Client Error
十二月 12, 2020 3:54:36 上午 okhttp3.mockwebserver.MockWebServer$3 acceptConnections
信息: MockWebServer[58853] done accepting connections: socket closed
十二月 12, 2020 3:54:36 上午 okhttp3.mockwebserver.MockWebServer$3 execute
信息: MockWebServer[58865] starting to accept connections
十二月 12, 2020 3:54:36 上午 okhttp3.mockwebserver.MockWebServer$4 processOneRequest
信息: MockWebServer[58865] received request: POST /echo HTTP/1.1 and responded: HTTP/1.1 200 OK
十二月 12, 2020 3:54:36 上午 okhttp3.mockwebserver.MockWebServer$3 acceptConnections
信息: MockWebServer[58865] done accepting connections: socket closed
十二月 12, 2020 3:54:36 上午 okhttp3.mockwebserver.MockWebServer$3 execute
信息: MockWebServer[58877] starting to accept connections
十二月 12, 2020 3:54:36 上午 okhttp3.mockwebserver.MockWebServer$3 acceptConnections
信息: MockWebServer[58877] done accepting connections: socket closed
十二月 12, 2020 3:54:36 上午 okhttp3.mockwebserver.MockWebServer$3 execute
信息: MockWebServer[58884] starting to accept connections
十二月 12, 2020 3:54:36 上午 okhttp3.mockwebserver.MockWebServer$3 acceptConnections
信息: MockWebServer[58884] done accepting connections: socket closed
十二月 12, 2020 3:54:36 上午 okhttp3.mockwebserver.MockWebServer$3 execute
信息: MockWebServer[58903] starting to accept connections
十二月 12, 2020 3:54:36 上午 okhttp3.mockwebserver.MockWebServer$4 processOneRequest
信息: MockWebServer[58903] received request: GET /methods/get HTTP/1.1 and responded: HTTP/1.1 200 OK
十二月 12, 2020 3:54:36 上午 okhttp3.mockwebserver.MockWebServer$4 processOneRequest
信息: MockWebServer[58903] received request: HEAD /methods/head HTTP/1.1 and responded: HTTP/1.1 200 OK
十二月 12, 2020 3:54:36 上午 okhttp3.mockwebserver.MockWebServer$4 processOneRequest
信息: MockWebServer[58903] received request: POST /methods/post HTTP/1.1 and responded: HTTP/1.1 200 OK
十二月 12, 2020 3:54:36 上午 okhttp3.mockwebserver.MockWebServer$4 processOneRequest
信息: MockWebServer[58903] received request: PUT /methods/put HTTP/1.1 and responded: HTTP/1.1 200 OK
十二月 12, 2020 3:54:36 上午 okhttp3.mockwebserver.MockWebServer$4 processOneRequest
信息: MockWebServer[58903] received request: OPTIONS /methods/options HTTP/1.1 and responded: HTTP/1.1 200 OK
十二月 12, 2020 3:54:36 上午 okhttp3.mockwebserver.MockWebServer$4 processOneRequest
信息: MockWebServer[58903] received request: DELETE /methods/delete HTTP/1.1 and responded: HTTP/1.1 200 OK
十二月 12, 2020 3:54:36 上午 okhttp3.mockwebserver.MockWebServer$4 processOneRequest
信息: MockWebServer[58903] received request: PATCH /methods/patch HTTP/1.1 and responded: HTTP/1.1 200 OK
十二月 12, 2020 3:54:36 上午 okhttp3.mockwebserver.MockWebServer$3 acceptConnections
信息: MockWebServer[58903] done accepting connections: socket closed
]]></system-err>
</testsuite>
