<?xml version="1.0" encoding="UTF-8"?>
<testsuite name="org.springframework.http.server.reactive.ListenerWriteProcessorTests" tests="3" skipped="0" failures="0" errors="0" timestamp="2020-12-11T19:56:06" hostname="DESKTOP-TMNPDT1" time="0.006">
  <properties/>
  <testcase name="onNextWithoutDemand()" classname="org.springframework.http.server.reactive.ListenerWriteProcessorTests" time="0.003"/>
  <testcase name="writePublisherError()" classname="org.springframework.http.server.reactive.ListenerWriteProcessorTests" time="0.0"/>
  <testcase name="ioExceptionDuringWrite()" classname="org.springframework.http.server.reactive.ListenerWriteProcessorTests" time="0.001"/>
  <system-out><![CDATA[]]></system-out>
  <system-err><![CDATA[]]></system-err>
</testsuite>
