<?xml version="1.0" encoding="UTF-8"?>
<testsuite name="org.springframework.web.client.HttpStatusCodeExceptionTests" tests="2" skipped="0" failures="0" errors="0" timestamp="2020-12-11T19:56:31" hostname="DESKTOP-TMNPDT1" time="0.009">
  <properties/>
  <testcase name="testSerializability()" classname="org.springframework.web.client.HttpStatusCodeExceptionTests" time="0.009"/>
  <testcase name="emptyStatusText()" classname="org.springframework.web.client.HttpStatusCodeExceptionTests" time="0.0"/>
  <system-out><![CDATA[]]></system-out>
  <system-err><![CDATA[]]></system-err>
</testsuite>
