<?xml version="1.0" encoding="UTF-8"?>
<testsuite name="org.springframework.http.codec.xml.Jaxb2XmlEncoderTests" tests="4" skipped="0" failures="0" errors="0" timestamp="2020-12-11T19:55:18" hostname="DESKTOP-TMNPDT1" time="0.248">
  <properties/>
  <testcase name="encode()" classname="org.springframework.http.codec.xml.Jaxb2XmlEncoderTests" time="0.194"/>
  <testcase name="canEncode()" classname="org.springframework.http.codec.xml.Jaxb2XmlEncoderTests" time="0.0"/>
  <testcase name="encodeElementsWithCommonType()" classname="org.springframework.http.codec.xml.Jaxb2XmlEncoderTests" time="0.045"/>
  <testcase name="encodeError()" classname="org.springframework.http.codec.xml.Jaxb2XmlEncoderTests" time="0.005"/>
  <system-out><![CDATA[]]></system-out>
  <system-err><![CDATA[]]></system-err>
</testsuite>
