<?xml version="1.0" encoding="UTF-8"?>
<testsuite name="org.springframework.http.codec.protobuf.ProtobufEncoderTests" tests="3" skipped="0" failures="0" errors="0" timestamp="2020-12-11T19:55:08" hostname="DESKTOP-TMNPDT1" time="0.018">
  <properties/>
  <testcase name="encode()" classname="org.springframework.http.codec.protobuf.ProtobufEncoderTests" time="0.01"/>
  <testcase name="encodeStream()" classname="org.springframework.http.codec.protobuf.ProtobufEncoderTests" time="0.006"/>
  <testcase name="canEncode()" classname="org.springframework.http.codec.protobuf.ProtobufEncoderTests" time="0.0"/>
  <system-out><![CDATA[]]></system-out>
  <system-err><![CDATA[]]></system-err>
</testsuite>
