<?xml version="1.0" encoding="UTF-8"?>
<testsuite name="org.springframework.http.codec.json.Jackson2SmileDecoderTests" tests="3" skipped="0" failures="0" errors="0" timestamp="2020-12-11T19:55:06" hostname="DESKTOP-TMNPDT1" time="0.094">
  <properties/>
  <testcase name="decodeToMono()" classname="org.springframework.http.codec.json.Jackson2SmileDecoderTests" time="0.022"/>
  <testcase name="decode()" classname="org.springframework.http.codec.json.Jackson2SmileDecoderTests" time="0.022"/>
  <testcase name="canDecode()" classname="org.springframework.http.codec.json.Jackson2SmileDecoderTests" time="0.005"/>
  <system-out><![CDATA[]]></system-out>
  <system-err><![CDATA[]]></system-err>
</testsuite>
