<?xml version="1.0" encoding="UTF-8"?>
<testsuite name="org.springframework.http.converter.ResourceHttpMessageConverterTests" tests="10" skipped="0" failures="0" errors="0" timestamp="2020-12-11T19:55:26" hostname="DESKTOP-TMNPDT1" time="0.223">
  <properties/>
  <testcase name="shouldReadInputStreamResource()" classname="org.springframework.http.converter.ResourceHttpMessageConverterTests" time="0.008"/>
  <testcase name="writeContentNotClosingInputStream()" classname="org.springframework.http.converter.ResourceHttpMessageConverterTests" time="0.149"/>
  <testcase name="shouldWriteImageResource()" classname="org.springframework.http.converter.ResourceHttpMessageConverterTests" time="0.004"/>
  <testcase name="writeByteArrayNullMediaType()" classname="org.springframework.http.converter.ResourceHttpMessageConverterTests" time="0.001"/>
  <testcase name="canWriteResource()" classname="org.springframework.http.converter.ResourceHttpMessageConverterTests" time="0.0"/>
  <testcase name="writeContentInputStreamThrowingNullPointerException()" classname="org.springframework.http.converter.ResourceHttpMessageConverterTests" time="0.039"/>
  <testcase name="shouldNotReadInputStreamResource()" classname="org.springframework.http.converter.ResourceHttpMessageConverterTests" time="0.004"/>
  <testcase name="shouldReadImageResource()" classname="org.springframework.http.converter.ResourceHttpMessageConverterTests" time="0.004"/>
  <testcase name="writeContentNotGettingInputStream()" classname="org.springframework.http.converter.ResourceHttpMessageConverterTests" time="0.005"/>
  <testcase name="canReadResource()" classname="org.springframework.http.converter.ResourceHttpMessageConverterTests" time="0.001"/>
  <system-out><![CDATA[]]></system-out>
  <system-err><![CDATA[]]></system-err>
</testsuite>
