<?xml version="1.0" encoding="UTF-8"?>
<testsuite name="org.springframework.web.client.DefaultResponseErrorHandlerTests" tests="13" skipped="0" failures="0" errors="0" timestamp="2020-12-11T19:56:31" hostname="DESKTOP-TMNPDT1" time="0.037">
  <properties/>
  <testcase name="bodyAvailableAfterHasErrorForUnknownStatusCode()" classname="org.springframework.web.client.DefaultResponseErrorHandlerTests" time="0.001"/>
  <testcase name="hasErrorFalse()" classname="org.springframework.web.client.DefaultResponseErrorHandlerTests" time="0.001"/>
  <testcase name="handleErrorNullResponse()" classname="org.springframework.web.client.DefaultResponseErrorHandlerTests" time="0.004"/>
  <testcase name="handleErrorWithLongBody()" classname="org.springframework.web.client.DefaultResponseErrorHandlerTests" time="0.009"/>
  <testcase name="hasErrorTrue()" classname="org.springframework.web.client.DefaultResponseErrorHandlerTests" time="0.0"/>
  <testcase name="handleErrorIOException()" classname="org.springframework.web.client.DefaultResponseErrorHandlerTests" time="0.002"/>
  <testcase name="hasErrorForUnknownStatusCode()" classname="org.springframework.web.client.DefaultResponseErrorHandlerTests" time="0.001"/>
  <testcase name="hasErrorForCustomServerError()" classname="org.springframework.web.client.DefaultResponseErrorHandlerTests" time="0.001"/>
  <testcase name="handleErrorUnknownStatusCode()" classname="org.springframework.web.client.DefaultResponseErrorHandlerTests" time="0.002"/>
  <testcase name="handleErrorForCustomServerError()" classname="org.springframework.web.client.DefaultResponseErrorHandlerTests" time="0.002"/>
  <testcase name="hasErrorForCustomClientError()" classname="org.springframework.web.client.DefaultResponseErrorHandlerTests" time="0.001"/>
  <testcase name="handleErrorForCustomClientError()" classname="org.springframework.web.client.DefaultResponseErrorHandlerTests" time="0.002"/>
  <testcase name="handleError()" classname="org.springframework.web.client.DefaultResponseErrorHandlerTests" time="0.004"/>
  <system-out><![CDATA[]]></system-out>
  <system-err><![CDATA[]]></system-err>
</testsuite>
