<?xml version="1.0" encoding="UTF-8"?>
<testsuite name="org.springframework.http.converter.ByteArrayHttpMessageConverterTests" tests="4" skipped="0" failures="0" errors="0" timestamp="2020-12-11T19:55:20" hostname="DESKTOP-TMNPDT1" time="0.014">
  <properties/>
  <testcase name="canWrite()" classname="org.springframework.http.converter.ByteArrayHttpMessageConverterTests" time="0.001"/>
  <testcase name="read()" classname="org.springframework.http.converter.ByteArrayHttpMessageConverterTests" time="0.005"/>
  <testcase name="write()" classname="org.springframework.http.converter.ByteArrayHttpMessageConverterTests" time="0.002"/>
  <testcase name="canRead()" classname="org.springframework.http.converter.ByteArrayHttpMessageConverterTests" time="0.001"/>
  <system-out><![CDATA[]]></system-out>
  <system-err><![CDATA[]]></system-err>
</testsuite>
