<?xml version="1.0" encoding="UTF-8"?>
<testsuite name="org.springframework.web.cors.reactive.CorsUtilsTests" tests="7" skipped="0" failures="0" errors="0" timestamp="2020-12-11T19:56:39" hostname="DESKTOP-TMNPDT1" time="0.021">
  <properties/>
  <testcase name="isCorsRequest()" classname="org.springframework.web.cors.reactive.CorsUtilsTests" time="0.003"/>
  <testcase name="isSameOriginWithDifferentSchemes()" classname="org.springframework.web.cors.reactive.CorsUtilsTests" time="0.001"/>
  <testcase name="isNotCorsRequest()" classname="org.springframework.web.cors.reactive.CorsUtilsTests" time="0.0"/>
  <testcase name="isNotPreFlightRequest()" classname="org.springframework.web.cors.reactive.CorsUtilsTests" time="0.0"/>
  <testcase name="isSameOriginWithForwardedHeader()" classname="org.springframework.web.cors.reactive.CorsUtilsTests" time="0.013"/>
  <testcase name="isSameOriginWithXForwardedHeaders()" classname="org.springframework.web.cors.reactive.CorsUtilsTests" time="0.001"/>
  <testcase name="isPreFlightRequest()" classname="org.springframework.web.cors.reactive.CorsUtilsTests" time="0.0"/>
  <system-out><![CDATA[]]></system-out>
  <system-err><![CDATA[]]></system-err>
</testsuite>
