<?xml version="1.0" encoding="UTF-8"?>
<testsuite name="org.springframework.web.method.annotation.RequestParamMethodArgumentResolverKotlinTests" tests="16" skipped="0" failures="0" errors="0" timestamp="2020-12-11T19:56:59" hostname="DESKTOP-TMNPDT1" time="0.157">
  <properties/>
  <testcase name="resolveNullableRequiredWithoutParameter()" classname="org.springframework.web.method.annotation.RequestParamMethodArgumentResolverKotlinTests" time="0.045"/>
  <testcase name="resolveNonNullableRequiredWithParameter()" classname="org.springframework.web.method.annotation.RequestParamMethodArgumentResolverKotlinTests" time="0.005"/>
  <testcase name="resolveNonNullableNotRequiredWithParameter()" classname="org.springframework.web.method.annotation.RequestParamMethodArgumentResolverKotlinTests" time="0.002"/>
  <testcase name="resolveNullableRequiredWithMultipartParameter()" classname="org.springframework.web.method.annotation.RequestParamMethodArgumentResolverKotlinTests" time="0.008"/>
  <testcase name="resolveNonNullableNotRequiredWithoutParameter()" classname="org.springframework.web.method.annotation.RequestParamMethodArgumentResolverKotlinTests" time="0.004"/>
  <testcase name="resolveNullableRequiredWithoutMultipartParameter()" classname="org.springframework.web.method.annotation.RequestParamMethodArgumentResolverKotlinTests" time="0.002"/>
  <testcase name="resolveNonNullableRequiredWithoutMultipartParameter()" classname="org.springframework.web.method.annotation.RequestParamMethodArgumentResolverKotlinTests" time="0.011"/>
  <testcase name="resolveNullableNotRequiredWithoutParameter()" classname="org.springframework.web.method.annotation.RequestParamMethodArgumentResolverKotlinTests" time="0.001"/>
  <testcase name="resolveNullableNotRequiredWithMultipartParameter()" classname="org.springframework.web.method.annotation.RequestParamMethodArgumentResolverKotlinTests" time="0.002"/>
  <testcase name="resolveNullableNotRequiredWithParameter()" classname="org.springframework.web.method.annotation.RequestParamMethodArgumentResolverKotlinTests" time="0.002"/>
  <testcase name="resolveNonNullableNotRequiredWithMultipartParameter()" classname="org.springframework.web.method.annotation.RequestParamMethodArgumentResolverKotlinTests" time="0.002"/>
  <testcase name="resolveNullableNotRequiredWithoutMultipartParameter()" classname="org.springframework.web.method.annotation.RequestParamMethodArgumentResolverKotlinTests" time="0.004"/>
  <testcase name="resolveNullableRequiredWithParameter()" classname="org.springframework.web.method.annotation.RequestParamMethodArgumentResolverKotlinTests" time="0.003"/>
  <testcase name="resolveNonNullableNotRequiredWithoutMultipartParameter()" classname="org.springframework.web.method.annotation.RequestParamMethodArgumentResolverKotlinTests" time="0.01"/>
  <testcase name="resolveNonNullableRequiredWithoutParameter()" classname="org.springframework.web.method.annotation.RequestParamMethodArgumentResolverKotlinTests" time="0.005"/>
  <testcase name="resolveNonNullableRequiredWithMultipartParameter()" classname="org.springframework.web.method.annotation.RequestParamMethodArgumentResolverKotlinTests" time="0.015"/>
  <system-out><![CDATA[]]></system-out>
  <system-err><![CDATA[]]></system-err>
</testsuite>
