<?xml version="1.0" encoding="UTF-8"?>
<testsuite name="org.springframework.web.jsf.DelegatingPhaseListenerTests" tests="2" skipped="0" failures="0" errors="0" timestamp="2020-12-11T19:56:40" hostname="DESKTOP-TMNPDT1" time="0.006">
  <properties/>
  <testcase name="beforeAndAfterPhaseWithMultipleTargets()" classname="org.springframework.web.jsf.DelegatingPhaseListenerTests" time="0.005"/>
  <testcase name="beforeAndAfterPhaseWithSingleTarget()" classname="org.springframework.web.jsf.DelegatingPhaseListenerTests" time="0.0"/>
  <system-out><![CDATA[]]></system-out>
  <system-err><![CDATA[]]></system-err>
</testsuite>
