<?xml version="1.0" encoding="UTF-8"?>
<testsuite name="org.springframework.http.server.reactive.ServerHttpResponseTests" tests="8" skipped="0" failures="0" errors="0" timestamp="2020-12-11T19:56:08" hostname="DESKTOP-TMNPDT1" time="0.016">
  <properties/>
  <testcase name="writeWith()" classname="org.springframework.http.server.reactive.ServerHttpResponseTests" time="0.002"/>
  <testcase name="writeWithMonoError()" classname="org.springframework.http.server.reactive.ServerHttpResponseTests" time="0.001"/>
  <testcase name="writeAndFlushWithFluxOfDefaultDataBuffer()" classname="org.springframework.http.server.reactive.ServerHttpResponseTests" time="0.003"/>
  <testcase name="writeWithFluxError()" classname="org.springframework.http.server.reactive.ServerHttpResponseTests" time="0.0"/>
  <testcase name="beforeCommitErrorShouldLeaveResponseNotCommitted()" classname="org.springframework.http.server.reactive.ServerHttpResponseTests" time="0.004"/>
  <testcase name="beforeCommitWithComplete()" classname="org.springframework.http.server.reactive.ServerHttpResponseTests" time="0.003"/>
  <testcase name="beforeCommitActionWithSetComplete()" classname="org.springframework.http.server.reactive.ServerHttpResponseTests" time="0.001"/>
  <testcase name="setComplete()" classname="org.springframework.http.server.reactive.ServerHttpResponseTests" time="0.001"/>
  <system-out><![CDATA[]]></system-out>
  <system-err><![CDATA[]]></system-err>
</testsuite>
