<?xml version="1.0" encoding="UTF-8"?>
<testsuite name="org.springframework.http.server.reactive.ServerHttpRequestTests" tests="13" skipped="0" failures="0" errors="0" timestamp="2020-12-11T19:56:08" hostname="DESKTOP-TMNPDT1" time="0.027">
  <properties/>
  <testcase name="mutateContextPathWithoutUpdatingPathShouldFail()" classname="org.springframework.http.server.reactive.ServerHttpRequestTests" time="0.005"/>
  <testcase name="queryParams()" classname="org.springframework.http.server.reactive.ServerHttpRequestTests" time="0.0"/>
  <testcase name="mutateHeadersViaConsumer()" classname="org.springframework.http.server.reactive.ServerHttpRequestTests" time="0.002"/>
  <testcase name="mutatePathWithEncodedQueryParams()" classname="org.springframework.http.server.reactive.ServerHttpRequestTests" time="0.001"/>
  <testcase name="mutateRequest()" classname="org.springframework.http.server.reactive.ServerHttpRequestTests" time="0.011"/>
  <testcase name="mutateHeaderBySettingHeaderValues()" classname="org.springframework.http.server.reactive.ServerHttpRequestTests" time="0.0"/>
  <testcase name="mutateWithInvalidPath()" classname="org.springframework.http.server.reactive.ServerHttpRequestTests" time="0.001"/>
  <testcase name="queryParamsWithEncodedValue()" classname="org.springframework.http.server.reactive.ServerHttpRequestTests" time="0.0"/>
  <testcase name="mutateWithExistingContextPath()" classname="org.springframework.http.server.reactive.ServerHttpRequestTests" time="0.002"/>
  <testcase name="queryParamsWithEmptyValue()" classname="org.springframework.http.server.reactive.ServerHttpRequestTests" time="0.0"/>
  <testcase name="queryParamsWithNoValue()" classname="org.springframework.http.server.reactive.ServerHttpRequestTests" time="0.0"/>
  <testcase name="queryParamsNone()" classname="org.springframework.http.server.reactive.ServerHttpRequestTests" time="0.0"/>
  <testcase name="queryParamsWithMultipleValues()" classname="org.springframework.http.server.reactive.ServerHttpRequestTests" time="0.0"/>
  <system-out><![CDATA[]]></system-out>
  <system-err><![CDATA[]]></system-err>
</testsuite>
