<?xml version="1.0" encoding="UTF-8"?>
<testsuite name="org.springframework.web.filter.OncePerRequestFilterTests" tests="4" skipped="0" failures="0" errors="0" timestamp="2020-12-11T19:56:40" hostname="DESKTOP-TMNPDT1" time="0.004">
  <properties/>
  <testcase name="shouldNotFilterErrorDispatch()" classname="org.springframework.web.filter.OncePerRequestFilterTests" time="0.002"/>
  <testcase name="filterOnce()" classname="org.springframework.web.filter.OncePerRequestFilterTests" time="0.001"/>
  <testcase name="filterNestedErrorDispatch()" classname="org.springframework.web.filter.OncePerRequestFilterTests" time="0.0"/>
  <testcase name="shouldNotFilterNestedErrorDispatch()" classname="org.springframework.web.filter.OncePerRequestFilterTests" time="0.001"/>
  <system-out><![CDATA[]]></system-out>
  <system-err><![CDATA[]]></system-err>
</testsuite>
