<?xml version="1.0" encoding="UTF-8"?>
<testsuite name="org.springframework.web.method.HandlerTypePredicateTests" tests="2" skipped="0" failures="0" errors="0" timestamp="2020-12-11T19:56:43" hostname="DESKTOP-TMNPDT1" time="0.018">
  <properties/>
  <testcase name="forAnnotation()" classname="org.springframework.web.method.HandlerTypePredicateTests" time="0.016"/>
  <testcase name="forAnnotationWithException()" classname="org.springframework.web.method.HandlerTypePredicateTests" time="0.001"/>
  <system-out><![CDATA[]]></system-out>
  <system-err><![CDATA[]]></system-err>
</testsuite>
