<?xml version="1.0" encoding="UTF-8"?>
<testsuite name="org.springframework.http.client.SimpleClientHttpRequestFactoryTests" tests="1" skipped="0" failures="0" errors="0" timestamp="2020-12-11T19:54:54" hostname="DESKTOP-TMNPDT1" time="0.296">
  <properties/>
  <testcase name="headerWithNullValue()" classname="org.springframework.http.client.SimpleClientHttpRequestFactoryTests" time="0.296"/>
  <system-out><![CDATA[]]></system-out>
  <system-err><![CDATA[]]></system-err>
</testsuite>
