<?xml version="1.0" encoding="UTF-8"?>
<testsuite name="org.springframework.web.context.request.async.WebAsyncManagerTimeoutTests" tests="10" skipped="0" failures="0" errors="0" timestamp="2020-12-11T19:56:37" hostname="DESKTOP-TMNPDT1" time="0.036">
  <properties/>
  <testcase name="startCallableProcessingTimeoutAndResumeThroughInterceptor()" classname="org.springframework.web.context.request.async.WebAsyncManagerTimeoutTests" time="0.002"/>
  <testcase name="startCallableProcessingAfterTimeoutException()" classname="org.springframework.web.context.request.async.WebAsyncManagerTimeoutTests" time="0.001"/>
  <testcase name="startDeferredResultProcessingTimeoutAndResumeThroughCallback()" classname="org.springframework.web.context.request.async.WebAsyncManagerTimeoutTests" time="0.001"/>
  <testcase name="startCallableProcessingTimeoutAndResumeThroughCallback()" classname="org.springframework.web.context.request.async.WebAsyncManagerTimeoutTests" time="0.005"/>
  <testcase name="startCallableProcessingTimeoutAndComplete()" classname="org.springframework.web.context.request.async.WebAsyncManagerTimeoutTests" time="0.003"/>
  <testcase name="startDeferredResultProcessingAfterTimeoutException()" classname="org.springframework.web.context.request.async.WebAsyncManagerTimeoutTests" time="0.002"/>
  <testcase name="startDeferredResultProcessingTimeoutAndResumeThroughInterceptor()" classname="org.springframework.web.context.request.async.WebAsyncManagerTimeoutTests" time="0.002"/>
  <testcase name="startDeferredResultProcessingTimeoutAndComplete()" classname="org.springframework.web.context.request.async.WebAsyncManagerTimeoutTests" time="0.005"/>
  <testcase name="startCallableProcessingTimeoutAndCheckThreadInterrupted()" classname="org.springframework.web.context.request.async.WebAsyncManagerTimeoutTests" time="0.013"/>
  <testcase name="startDeferredResultProcessingTimeoutAndResumeWithDefaultResult()" classname="org.springframework.web.context.request.async.WebAsyncManagerTimeoutTests" time="0.0"/>
  <system-out><![CDATA[]]></system-out>
  <system-err><![CDATA[]]></system-err>
</testsuite>
