<?xml version="1.0" encoding="UTF-8"?>
<testsuite name="org.springframework.web.method.annotation.ModelAttributeMethodProcessorTests" tests="14" skipped="0" failures="0" errors="0" timestamp="2020-12-11T19:56:41" hostname="DESKTOP-TMNPDT1" time="0.922">
  <properties/>
  <testcase name="resolveArgumentFromModel()" classname="org.springframework.web.method.annotation.ModelAttributeMethodProcessorTests" time="0.876"/>
  <testcase name="handleNotAnnotatedReturnValue()" classname="org.springframework.web.method.annotation.ModelAttributeMethodProcessorTests" time="0.001"/>
  <testcase name="supportedParameters()" classname="org.springframework.web.method.annotation.ModelAttributeMethodProcessorTests" time="0.003"/>
  <testcase name="supportedReturnTypes()" classname="org.springframework.web.method.annotation.ModelAttributeMethodProcessorTests" time="0.0"/>
  <testcase name="resolveArgumentBindException()" classname="org.springframework.web.method.annotation.ModelAttributeMethodProcessorTests" time="0.003"/>
  <testcase name="bindExceptionRequired()" classname="org.springframework.web.method.annotation.ModelAttributeMethodProcessorTests" time="0.001"/>
  <testcase name="supportedReturnTypesInDefaultResolutionMode()" classname="org.springframework.web.method.annotation.ModelAttributeMethodProcessorTests" time="0.0"/>
  <testcase name="resolveArgumentBindingDisabledPreviously()" classname="org.springframework.web.method.annotation.ModelAttributeMethodProcessorTests" time="0.001"/>
  <testcase name="resolveArgumentOrdering()" classname="org.springframework.web.method.annotation.ModelAttributeMethodProcessorTests" time="0.006"/>
  <testcase name="handleAnnotatedReturnValue()" classname="org.springframework.web.method.annotation.ModelAttributeMethodProcessorTests" time="0.0"/>
  <testcase name="supportedParametersInDefaultResolutionMode()" classname="org.springframework.web.method.annotation.ModelAttributeMethodProcessorTests" time="0.002"/>
  <testcase name="resolveArgumentValidation()" classname="org.springframework.web.method.annotation.ModelAttributeMethodProcessorTests" time="0.013"/>
  <testcase name="resolveArgumentViaDefaultConstructor()" classname="org.springframework.web.method.annotation.ModelAttributeMethodProcessorTests" time="0.003"/>
  <testcase name="resolveArgumentBindingDisabled()" classname="org.springframework.web.method.annotation.ModelAttributeMethodProcessorTests" time="0.002"/>
  <system-out><![CDATA[]]></system-out>
  <system-err><![CDATA[]]></system-err>
</testsuite>
