<?xml version="1.0" encoding="UTF-8"?>
<testsuite name="org.springframework.http.codec.json.Jackson2JsonEncoderTests" tests="12" skipped="0" failures="0" errors="0" timestamp="2020-12-11T19:55:05" hostname="DESKTOP-TMNPDT1" time="0.998">
  <properties/>
  <testcase name="encode()" classname="org.springframework.http.codec.json.Jackson2JsonEncoderTests" time="0.6"/>
  <testcase name="encodeWithType()" classname="org.springframework.http.codec.json.Jackson2JsonEncoderTests" time="0.19"/>
  <testcase name="encodeWithFlushAfterWriteOff()" classname="org.springframework.http.codec.json.Jackson2JsonEncoderTests" time="0.019"/>
  <testcase name="canEncode()" classname="org.springframework.http.codec.json.Jackson2JsonEncoderTests" time="0.004"/>
  <testcase name="canEncodeWithCustomMimeType()" classname="org.springframework.http.codec.json.Jackson2JsonEncoderTests" time="0.003"/>
  <testcase name="canNotEncode()" classname="org.springframework.http.codec.json.Jackson2JsonEncoderTests" time="0.019"/>
  <testcase name="encodeNonStream()" classname="org.springframework.http.codec.json.Jackson2JsonEncoderTests" time="0.007"/>
  <testcase name="classLevelJsonView()" classname="org.springframework.http.codec.json.Jackson2JsonEncoderTests" time="0.008"/>
  <testcase name="encodableMimeTypesIsImmutable()" classname="org.springframework.http.codec.json.Jackson2JsonEncoderTests" time="0.002"/>
  <testcase name="encodeAsStreamWithCustomStreamingType()" classname="org.springframework.http.codec.json.Jackson2JsonEncoderTests" time="0.049"/>
  <testcase name="encodeAscii()" classname="org.springframework.http.codec.json.Jackson2JsonEncoderTests" time="0.004"/>
  <testcase name="fieldLevelJsonView()" classname="org.springframework.http.codec.json.Jackson2JsonEncoderTests" time="0.004"/>
  <system-out><![CDATA[]]></system-out>
  <system-err><![CDATA[]]></system-err>
</testsuite>
