<?xml version="1.0" encoding="UTF-8"?>
<testsuite name="org.springframework.http.server.DefaultPathContainerTests" tests="5" skipped="0" failures="0" errors="0" timestamp="2020-12-11T19:55:30" hostname="DESKTOP-TMNPDT1" time="0.017">
  <properties/>
  <testcase name="subPath()" classname="org.springframework.http.server.DefaultPathContainerTests" time="0.008"/>
  <testcase name="pathWithCustomSeparator()" classname="org.springframework.http.server.DefaultPathContainerTests" time="0.002"/>
  <testcase name="pathSegment()" classname="org.springframework.http.server.DefaultPathContainerTests" time="0.0"/>
  <testcase name="path()" classname="org.springframework.http.server.DefaultPathContainerTests" time="0.004"/>
  <testcase name="pathSegmentParams()" classname="org.springframework.http.server.DefaultPathContainerTests" time="0.001"/>
  <system-out><![CDATA[]]></system-out>
  <system-err><![CDATA[]]></system-err>
</testsuite>
