<?xml version="1.0" encoding="UTF-8"?>
<testsuite name="org.springframework.http.ResponseCookieTests" tests="5" skipped="0" failures="0" errors="0" timestamp="2020-12-11T19:55:30" hostname="DESKTOP-TMNPDT1" time="0.124">
  <properties/>
  <testcase name="valueChecks()" classname="org.springframework.http.ResponseCookieTests" time="0.022"/>
  <testcase name="domainChecks()" classname="org.springframework.http.ResponseCookieTests" time="0.089"/>
  <testcase name="nameChecks()" classname="org.springframework.http.ResponseCookieTests" time="0.007"/>
  <testcase name="domainWithEmptyDoubleQuotes()" classname="org.springframework.http.ResponseCookieTests" time="0.001"/>
  <testcase name="basic()" classname="org.springframework.http.ResponseCookieTests" time="0.001"/>
  <system-out><![CDATA[]]></system-out>
  <system-err><![CDATA[]]></system-err>
</testsuite>
