<?xml version="1.0" encoding="UTF-8"?>
<testsuite name="org.springframework.http.client.OkHttp3AsyncClientHttpRequestFactoryTests" tests="7" skipped="0" failures="0" errors="0" timestamp="2020-12-11T19:54:53" hostname="DESKTOP-TMNPDT1" time="0.336">
  <properties/>
  <testcase name="cancel()" classname="org.springframework.http.client.OkHttp3AsyncClientHttpRequestFactoryTests" time="0.045"/>
  <testcase name="headersAfterExecute()" classname="org.springframework.http.client.OkHttp3AsyncClientHttpRequestFactoryTests" time="0.132"/>
  <testcase name="status()" classname="org.springframework.http.client.OkHttp3AsyncClientHttpRequestFactoryTests" time="0.024"/>
  <testcase name="echo()" classname="org.springframework.http.client.OkHttp3AsyncClientHttpRequestFactoryTests" time="0.057"/>
  <testcase name="statusCallback()" classname="org.springframework.http.client.OkHttp3AsyncClientHttpRequestFactoryTests" time="0.013"/>
  <testcase name="multipleWrites()" classname="org.springframework.http.client.OkHttp3AsyncClientHttpRequestFactoryTests" time="0.019"/>
  <testcase name="httpMethods()" classname="org.springframework.http.client.OkHttp3AsyncClientHttpRequestFactoryTests" time="0.042"/>
  <system-out><![CDATA[]]></system-out>
  <system-err><![CDATA[十二月 12, 2020 3:54:53 上午 okhttp3.mockwebserver.MockWebServer$3 execute
信息: MockWebServer[59061] starting to accept connections
十二月 12, 2020 3:54:53 上午 okhttp3.mockwebserver.MockWebServer$3 acceptConnections
信息: MockWebServer[59061] done accepting connections: Socket is closed
十二月 12, 2020 3:54:53 上午 okhttp3.mockwebserver.MockWebServer$3 execute
信息: MockWebServer[59062] starting to accept connections
十二月 12, 2020 3:54:53 上午 okhttp3.mockwebserver.MockWebServer$4 processOneRequest
信息: MockWebServer[59062] received request: POST /echo HTTP/1.1 and responded: HTTP/1.1 200 OK
十二月 12, 2020 3:54:53 上午 okhttp3.mockwebserver.MockWebServer$3 acceptConnections
信息: MockWebServer[59062] done accepting connections: socket closed
十二月 12, 2020 3:54:53 上午 okhttp3.mockwebserver.MockWebServer$3 execute
信息: MockWebServer[59072] starting to accept connections
十二月 12, 2020 3:54:53 上午 okhttp3.mockwebserver.MockWebServer$4 processOneRequest
信息: MockWebServer[59072] received request: GET /status/notfound HTTP/1.1 and responded: HTTP/1.1 404 Client Error
十二月 12, 2020 3:54:53 上午 okhttp3.mockwebserver.MockWebServer$3 acceptConnections
信息: MockWebServer[59072] done accepting connections: socket closed
十二月 12, 2020 3:54:53 上午 okhttp3.mockwebserver.MockWebServer$3 execute
信息: MockWebServer[59074] starting to accept connections
十二月 12, 2020 3:54:53 上午 okhttp3.mockwebserver.MockWebServer$4 processOneRequest
信息: MockWebServer[59074] received request: PUT /echo HTTP/1.1 and responded: HTTP/1.1 200 OK
十二月 12, 2020 3:54:53 上午 okhttp3.mockwebserver.MockWebServer$3 acceptConnections
信息: MockWebServer[59074] done accepting connections: socket closed
十二月 12, 2020 3:54:53 上午 okhttp3.mockwebserver.MockWebServer$3 execute
信息: MockWebServer[59076] starting to accept connections
十二月 12, 2020 3:54:53 上午 okhttp3.mockwebserver.MockWebServer$4 processOneRequest
信息: MockWebServer[59076] received request: GET /status/notfound HTTP/1.1 and responded: HTTP/1.1 404 Client Error
十二月 12, 2020 3:54:53 上午 okhttp3.mockwebserver.MockWebServer$3 acceptConnections
信息: MockWebServer[59076] done accepting connections: socket closed
十二月 12, 2020 3:54:53 上午 okhttp3.mockwebserver.MockWebServer$3 execute
信息: MockWebServer[59078] starting to accept connections
十二月 12, 2020 3:54:53 上午 okhttp3.mockwebserver.MockWebServer$4 processOneRequest
信息: MockWebServer[59078] received request: POST /echo HTTP/1.1 and responded: HTTP/1.1 200 OK
十二月 12, 2020 3:54:53 上午 okhttp3.mockwebserver.MockWebServer$3 acceptConnections
信息: MockWebServer[59078] done accepting connections: socket closed
十二月 12, 2020 3:54:53 上午 okhttp3.mockwebserver.MockWebServer$3 execute
信息: MockWebServer[59080] starting to accept connections
十二月 12, 2020 3:54:53 上午 okhttp3.mockwebserver.MockWebServer$4 processOneRequest
信息: MockWebServer[59080] received request: GET /methods/get HTTP/1.1 and responded: HTTP/1.1 200 OK
十二月 12, 2020 3:54:53 上午 okhttp3.mockwebserver.MockWebServer$4 processOneRequest
信息: MockWebServer[59080] received request: HEAD /methods/head HTTP/1.1 and responded: HTTP/1.1 200 OK
十二月 12, 2020 3:54:53 上午 okhttp3.mockwebserver.MockWebServer$4 processOneRequest
信息: MockWebServer[59080] received request: POST /methods/post HTTP/1.1 and responded: HTTP/1.1 200 OK
十二月 12, 2020 3:54:53 上午 okhttp3.mockwebserver.MockWebServer$4 processOneRequest
信息: MockWebServer[59080] received request: PUT /methods/put HTTP/1.1 and responded: HTTP/1.1 200 OK
十二月 12, 2020 3:54:53 上午 okhttp3.mockwebserver.MockWebServer$4 processOneRequest
信息: MockWebServer[59080] received request: OPTIONS /methods/options HTTP/1.1 and responded: HTTP/1.1 200 OK
十二月 12, 2020 3:54:53 上午 okhttp3.mockwebserver.MockWebServer$4 processOneRequest
信息: MockWebServer[59080] received request: DELETE /methods/delete HTTP/1.1 and responded: HTTP/1.1 200 OK
十二月 12, 2020 3:54:53 上午 okhttp3.mockwebserver.MockWebServer$4 processOneRequest
信息: MockWebServer[59080] received request: PATCH /methods/patch HTTP/1.1 and responded: HTTP/1.1 200 OK
十二月 12, 2020 3:54:53 上午 okhttp3.mockwebserver.MockWebServer$3 acceptConnections
信息: MockWebServer[59080] done accepting connections: socket closed
]]></system-err>
</testsuite>
