<?xml version="1.0" encoding="UTF-8"?>
<testsuite name="org.springframework.http.HttpHeadersTests" tests="62" skipped="0" failures="0" errors="0" timestamp="2020-12-11T19:55:28" hostname="DESKTOP-TMNPDT1" time="0.537">
  <properties/>
  <testcase name="accessControlAllowOrigin()" classname="org.springframework.http.HttpHeadersTests" time="0.0"/>
  <testcase name="ifModifiedSince()" classname="org.springframework.http.HttpHeadersTests" time="0.011"/>
  <testcase name="acceptLanguageWithEmptyValue()" classname="org.springframework.http.HttpHeadersTests" time="0.0"/>
  <testcase name="acceptWithMultipleCommaSeparatedHeaderValues()" classname="org.springframework.http.HttpHeadersTests" time="0.001"/>
  <testcase name="accessControlAllowMethods()" classname="org.springframework.http.HttpHeadersTests" time="0.0"/>
  <testcase name="removalFromEntrySetRemovesEntryFromUnderlyingMap()" classname="org.springframework.http.HttpHeadersTests" time="0.002"/>
  <testcase name="ipv6Host()" classname="org.springframework.http.HttpHeadersTests" time="0.001"/>
  <testcase name="basicAuth()" classname="org.springframework.http.HttpHeadersTests" time="0.0"/>
  <testcase name="illegalETag()" classname="org.springframework.http.HttpHeadersTests" time="0.001"/>
  <testcase name="accessControlRequestMethod()" classname="org.springframework.http.HttpHeadersTests" time="0.0"/>
  <testcase name="bearerAuth()" classname="org.springframework.http.HttpHeadersTests" time="0.001"/>
  <testcase name="ifMatchIllegalHeader()" classname="org.springframework.http.HttpHeadersTests" time="0.001"/>
  <testcase name="accept()" classname="org.springframework.http.HttpHeadersTests" time="0.001"/>
  <testcase name="contentLanguageSerialized()" classname="org.springframework.http.HttpHeadersTests" time="0.002"/>
  <testcase name="cacheControl()" classname="org.springframework.http.HttpHeadersTests" time="0.0"/>
  <testcase name="removalFromKeySetRemovesEntryFromUnderlyingMap()" classname="org.springframework.http.HttpHeadersTests" time="0.001"/>
  <testcase name="hostNoPort()" classname="org.springframework.http.HttpHeadersTests" time="0.0"/>
  <testcase name="acceptWithMultipleHeaderValues()" classname="org.springframework.http.HttpHeadersTests" time="0.001"/>
  <testcase name="accessControlAllowHeadersMultipleValues()" classname="org.springframework.http.HttpHeadersTests" time="0.0"/>
  <testcase name="dateInvalid()" classname="org.springframework.http.HttpHeadersTests" time="0.002"/>
  <testcase name="dateOtherLocale()" classname="org.springframework.http.HttpHeadersTests" time="0.002"/>
  <testcase name="pragma()" classname="org.springframework.http.HttpHeadersTests" time="0.0"/>
  <testcase name="keySetOperations()" classname="org.springframework.http.HttpHeadersTests" time="0.003"/>
  <testcase name="keySetRemovalChecks()" classname="org.springframework.http.HttpHeadersTests" time="0.002"/>
  <testcase name="ifNoneMatchList()" classname="org.springframework.http.HttpHeadersTests" time="0.001"/>
  <testcase name="contentLength()" classname="org.springframework.http.HttpHeadersTests" time="0.0"/>
  <testcase name="invalidIfModifiedSinceHeader()" classname="org.springframework.http.HttpHeadersTests" time="0.001"/>
  <testcase name="contentType()" classname="org.springframework.http.HttpHeadersTests" time="0.018"/>
  <testcase name="cacheControlEmpty()" classname="org.springframework.http.HttpHeadersTests" time="0.0"/>
  <testcase name="cacheControlBuilder()" classname="org.springframework.http.HttpHeadersTests" time="0.0"/>
  <testcase name="acceptCharsets()" classname="org.springframework.http.HttpHeadersTests" time="0.001"/>
  <testcase name="getOrEmpty()" classname="org.springframework.http.HttpHeadersTests" time="0.142"/>
  <testcase name="expiresLong()" classname="org.springframework.http.HttpHeadersTests" time="0.003"/>
  <testcase name="date()" classname="org.springframework.http.HttpHeadersTests" time="0.002"/>
  <testcase name="eTag()" classname="org.springframework.http.HttpHeadersTests" time="0.001"/>
  <testcase name="host()" classname="org.springframework.http.HttpHeadersTests" time="0.001"/>
  <testcase name="allow()" classname="org.springframework.http.HttpHeadersTests" time="0.001"/>
  <testcase name="firstDate()" classname="org.springframework.http.HttpHeadersTests" time="0.002"/>
  <testcase name="ifNoneMatch()" classname="org.springframework.http.HttpHeadersTests" time="0.001"/>
  <testcase name="accessControlRequestHeaders()" classname="org.springframework.http.HttpHeadersTests" time="0.0"/>
  <testcase name="ifMatchMultipleHeaders()" classname="org.springframework.http.HttpHeadersTests" time="0.001"/>
  <testcase name="expiresZonedDateTime()" classname="org.springframework.http.HttpHeadersTests" time="0.0"/>
  <testcase name="accessControlAllowCredentials()" classname="org.springframework.http.HttpHeadersTests" time="0.0"/>
  <testcase name="contentLanguage()" classname="org.springframework.http.HttpHeadersTests" time="0.001"/>
  <testcase name="readOnlyHttpHeadersRetainEntrySetOrder()" classname="org.springframework.http.HttpHeadersTests" time="0.003"/>
  <testcase name="acceptCharsetWildcard()" classname="org.springframework.http.HttpHeadersTests" time="0.001"/>
  <testcase name="expiresInvalidDate()" classname="org.springframework.http.HttpHeadersTests" time="0.01"/>
  <testcase name="acceptLanguage()" classname="org.springframework.http.HttpHeadersTests" time="0.177"/>
  <testcase name="contentDisposition()" classname="org.springframework.http.HttpHeadersTests" time="0.0"/>
  <testcase name="accessControlExposeHeaders()" classname="org.springframework.http.HttpHeadersTests" time="0.0"/>
  <testcase name="accessControlMaxAge()" classname="org.springframework.http.HttpHeadersTests" time="0.0"/>
  <testcase name="getAllowEmptySet()" classname="org.springframework.http.HttpHeadersTests" time="0.0"/>
  <testcase name="ifNoneMatchWildCard()" classname="org.springframework.http.HttpHeadersTests" time="0.0"/>
  <testcase name="ifMatch()" classname="org.springframework.http.HttpHeadersTests" time="0.0"/>
  <testcase name="cacheControlAllValues()" classname="org.springframework.http.HttpHeadersTests" time="0.0"/>
  <testcase name="location()" classname="org.springframework.http.HttpHeadersTests" time="0.004"/>
  <testcase name="getFirst()" classname="org.springframework.http.HttpHeadersTests" time="0.0"/>
  <testcase name="lastModified()" classname="org.springframework.http.HttpHeadersTests" time="0.001"/>
  <testcase name="firstZonedDateTime()" classname="org.springframework.http.HttpHeadersTests" time="0.008"/>
  <testcase name="basicAuthIllegalChar()" classname="org.springframework.http.HttpHeadersTests" time="0.004"/>
  <testcase name="equalsUnwrapsHttpHeaders()" classname="org.springframework.http.HttpHeadersTests" time="0.001"/>
  <testcase name="accessControlAllowHeaders()" classname="org.springframework.http.HttpHeadersTests" time="0.001"/>
  <system-out><![CDATA[]]></system-out>
  <system-err><![CDATA[]]></system-err>
</testsuite>
