<?xml version="1.0" encoding="UTF-8"?>
<testsuite name="org.springframework.http.converter.xml.MarshallingHttpMessageConverterTests" tests="8" skipped="0" failures="0" errors="0" timestamp="2020-12-11T19:55:28" hostname="DESKTOP-TMNPDT1" time="0.118">
  <properties/>
  <testcase name="supports()" classname="org.springframework.http.converter.xml.MarshallingHttpMessageConverterTests" time="0.009"/>
  <testcase name="canWrite()" classname="org.springframework.http.converter.xml.MarshallingHttpMessageConverterTests" time="0.063"/>
  <testcase name="read()" classname="org.springframework.http.converter.xml.MarshallingHttpMessageConverterTests" time="0.019"/>
  <testcase name="writeWithMarshallingFailureException()" classname="org.springframework.http.converter.xml.MarshallingHttpMessageConverterTests" time="0.003"/>
  <testcase name="write()" classname="org.springframework.http.converter.xml.MarshallingHttpMessageConverterTests" time="0.002"/>
  <testcase name="canRead()" classname="org.springframework.http.converter.xml.MarshallingHttpMessageConverterTests" time="0.002"/>
  <testcase name="readWithMarshallingFailureException()" classname="org.springframework.http.converter.xml.MarshallingHttpMessageConverterTests" time="0.012"/>
  <testcase name="readWithTypeMismatchException()" classname="org.springframework.http.converter.xml.MarshallingHttpMessageConverterTests" time="0.003"/>
  <system-out><![CDATA[]]></system-out>
  <system-err><![CDATA[]]></system-err>
</testsuite>
