<?xml version="1.0" encoding="UTF-8"?>
<testsuite name="org.springframework.web.util.pattern.PathPatternTests" tests="36" skipped="0" failures="0" errors="0" timestamp="2020-12-11T19:56:51" hostname="DESKTOP-TMNPDT1" time="0.162">
  <properties/>
  <testcase name="encodingAndBoundVariablesCapturePathElement()" classname="org.springframework.web.util.pattern.PathPatternTests" time="0.001"/>
  <testcase name="extractUriTemplateVariables_spr15264()" classname="org.springframework.web.util.pattern.PathPatternTests" time="0.007"/>
  <testcase name="wildcards()" classname="org.springframework.web.util.pattern.PathPatternTests" time="0.003"/>
  <testcase name="extractPathWithinPattern_spr15259()" classname="org.springframework.web.util.pattern.PathPatternTests" time="0.001"/>
  <testcase name="combineWithTwoFileExtensionPatterns()" classname="org.springframework.web.util.pattern.PathPatternTests" time="0.004"/>
  <testcase name="optionalTrailingSeparators()" classname="org.springframework.web.util.pattern.PathPatternTests" time="0.006"/>
  <testcase name="pathRemainingCornerCases_spr15336()" classname="org.springframework.web.util.pattern.PathPatternTests" time="0.002"/>
  <testcase name="patternComparator()" classname="org.springframework.web.util.pattern.PathPatternTests" time="0.005"/>
  <testcase name="extractUriTemplateVarsRegexQualifiers()" classname="org.springframework.web.util.pattern.PathPatternTests" time="0.002"/>
  <testcase name="multipleSelectorsInPath()" classname="org.springframework.web.util.pattern.PathPatternTests" time="0.0"/>
  <testcase name="basicMatching()" classname="org.springframework.web.util.pattern.PathPatternTests" time="0.0"/>
  <testcase name="questionMarks()" classname="org.springframework.web.util.pattern.PathPatternTests" time="0.001"/>
  <testcase name="multipleSeparatorsInPatternAndPath()" classname="org.springframework.web.util.pattern.PathPatternTests" time="0.004"/>
  <testcase name="hasPatternSyntax()" classname="org.springframework.web.util.pattern.PathPatternTests" time="0.001"/>
  <testcase name="extractPathWithinPattern()" classname="org.springframework.web.util.pattern.PathPatternTests" time="0.003"/>
  <testcase name="extractUriTemplateVarsRegexCapturingGroups()" classname="org.springframework.web.util.pattern.PathPatternTests" time="0.001"/>
  <testcase name="compare_spr15597()" classname="org.springframework.web.util.pattern.PathPatternTests" time="0.001"/>
  <testcase name="extractUriTemplateVariables()" classname="org.springframework.web.util.pattern.PathPatternTests" time="0.007"/>
  <testcase name="encodingAndBoundVariablesRegexPathElement()" classname="org.springframework.web.util.pattern.PathPatternTests" time="0.001"/>
  <testcase name="pathRemainingEnhancements_spr15419()" classname="org.springframework.web.util.pattern.PathPatternTests" time="0.001"/>
  <testcase name="caseSensitivity()" classname="org.springframework.web.util.pattern.PathPatternTests" time="0.001"/>
  <testcase name="patternCompareWithNull()" classname="org.springframework.web.util.pattern.PathPatternTests" time="0.0"/>
  <testcase name="caseInsensitive()" classname="org.springframework.web.util.pattern.PathPatternTests" time="0.0"/>
  <testcase name="patternComparatorSort()" classname="org.springframework.web.util.pattern.PathPatternTests" time="0.001"/>
  <testcase name="extractPathWithinPatternCustomSeparator()" classname="org.springframework.web.util.pattern.PathPatternTests" time="0.001"/>
  <testcase name="parameters()" classname="org.springframework.web.util.pattern.PathPatternTests" time="0.002"/>
  <testcase name="encodingAndBoundVariablesCaptureTheRestPathElement()" classname="org.springframework.web.util.pattern.PathPatternTests" time="0.003"/>
  <testcase name="pathRemainderBasicCases_spr15336()" classname="org.springframework.web.util.pattern.PathPatternTests" time="0.001"/>
  <testcase name="combine()" classname="org.springframework.web.util.pattern.PathPatternTests" time="0.037"/>
  <testcase name="captureTheRest()" classname="org.springframework.web.util.pattern.PathPatternTests" time="0.001"/>
  <testcase name="antPathMatcherTests()" classname="org.springframework.web.util.pattern.PathPatternTests" time="0.022"/>
  <testcase name="pathContainer()" classname="org.springframework.web.util.pattern.PathPatternTests" time="0.0"/>
  <testcase name="multipleSeparatorsInPattern()" classname="org.springframework.web.util.pattern.PathPatternTests" time="0.001"/>
  <testcase name="extractUriTemplateVariablesRegex()" classname="org.springframework.web.util.pattern.PathPatternTests" time="0.001"/>
  <testcase name="constrainedMatches()" classname="org.springframework.web.util.pattern.PathPatternTests" time="0.001"/>
  <testcase name="matching_LiteralPathElement()" classname="org.springframework.web.util.pattern.PathPatternTests" time="0.0"/>
  <system-out><![CDATA[03:56:51.591 [Test worker] WARN  o.s.w.u.p.PathPatternParser - '**' patterns are not supported in the middle of patterns and will be rejected in the future. Consider using '*' instead for matching a single path segment.
03:56:51.630 [Test worker] WARN  o.s.w.u.p.PathPatternParser - '**' patterns are not supported in the middle of patterns and will be rejected in the future. Consider using '*' instead for matching a single path segment.
03:56:51.631 [Test worker] WARN  o.s.w.u.p.PathPatternParser - '**' patterns are not supported in the middle of patterns and will be rejected in the future. Consider using '*' instead for matching a single path segment.
03:56:51.632 [Test worker] WARN  o.s.w.u.p.PathPatternParser - '**' patterns are not supported in the middle of patterns and will be rejected in the future. Consider using '*' instead for matching a single path segment.
]]></system-out>
  <system-err><![CDATA[]]></system-err>
</testsuite>
