<?xml version="1.0" encoding="UTF-8"?>
<testsuite name="org.springframework.http.client.support.ProxyFactoryBeanTests" tests="4" skipped="0" failures="0" errors="0" timestamp="2020-12-11T19:54:57" hostname="DESKTOP-TMNPDT1" time="0.168">
  <properties/>
  <testcase name="noPort()" classname="org.springframework.http.client.support.ProxyFactoryBeanTests" time="0.002"/>
  <testcase name="noType()" classname="org.springframework.http.client.support.ProxyFactoryBeanTests" time="0.001"/>
  <testcase name="normal()" classname="org.springframework.http.client.support.ProxyFactoryBeanTests" time="0.163"/>
  <testcase name="noHostname()" classname="org.springframework.http.client.support.ProxyFactoryBeanTests" time="0.001"/>
  <system-out><![CDATA[]]></system-out>
  <system-err><![CDATA[]]></system-err>
</testsuite>
