<?xml version="1.0" encoding="UTF-8"?>
<testsuite name="org.springframework.web.filter.ShallowEtagHeaderFilterTests" tests="11" skipped="0" failures="0" errors="0" timestamp="2020-12-11T19:56:40" hostname="DESKTOP-TMNPDT1" time="0.024">
  <properties/>
  <testcase name="filterMatchWeakEtag()" classname="org.springframework.web.filter.ShallowEtagHeaderFilterTests" time="0.012"/>
  <testcase name="filterWriter()" classname="org.springframework.web.filter.ShallowEtagHeaderFilterTests" time="0.001"/>
  <testcase name="filterSendError()" classname="org.springframework.web.filter.ShallowEtagHeaderFilterTests" time="0.001"/>
  <testcase name="filterSendRedirect()" classname="org.springframework.web.filter.ShallowEtagHeaderFilterTests" time="0.001"/>
  <testcase name="filterMatch()" classname="org.springframework.web.filter.ShallowEtagHeaderFilterTests" time="0.001"/>
  <testcase name="filterNoMatchWeakETag()" classname="org.springframework.web.filter.ShallowEtagHeaderFilterTests" time="0.002"/>
  <testcase name="filterWriterWithDisabledCaching()" classname="org.springframework.web.filter.ShallowEtagHeaderFilterTests" time="0.001"/>
  <testcase name="isEligibleForEtag()" classname="org.springframework.web.filter.ShallowEtagHeaderFilterTests" time="0.0"/>
  <testcase name="filterFlushResponse()" classname="org.springframework.web.filter.ShallowEtagHeaderFilterTests" time="0.001"/>
  <testcase name="filterSendErrorMessage()" classname="org.springframework.web.filter.ShallowEtagHeaderFilterTests" time="0.001"/>
  <testcase name="filterNoMatch()" classname="org.springframework.web.filter.ShallowEtagHeaderFilterTests" time="0.001"/>
  <system-out><![CDATA[]]></system-out>
  <system-err><![CDATA[]]></system-err>
</testsuite>
