<?xml version="1.0" encoding="UTF-8"?>
<testsuite name="org.springframework.http.converter.feed.AtomFeedHttpMessageConverterTests" tests="6" skipped="0" failures="0" errors="0" timestamp="2020-12-11T19:55:20" hostname="DESKTOP-TMNPDT1" time="0.387">
  <properties/>
  <testcase name="writeOtherCharset()" classname="org.springframework.http.converter.feed.AtomFeedHttpMessageConverterTests" time="0.189"/>
  <testcase name="writeOtherContentTypeParameters()" classname="org.springframework.http.converter.feed.AtomFeedHttpMessageConverterTests" time="0.004"/>
  <testcase name="canWrite()" classname="org.springframework.http.converter.feed.AtomFeedHttpMessageConverterTests" time="0.0"/>
  <testcase name="read()" classname="org.springframework.http.converter.feed.AtomFeedHttpMessageConverterTests" time="0.135"/>
  <testcase name="write()" classname="org.springframework.http.converter.feed.AtomFeedHttpMessageConverterTests" time="0.052"/>
  <testcase name="canRead()" classname="org.springframework.http.converter.feed.AtomFeedHttpMessageConverterTests" time="0.0"/>
  <system-out><![CDATA[]]></system-out>
  <system-err><![CDATA[]]></system-err>
</testsuite>
