<?xml version="1.0" encoding="UTF-8"?>
<testsuite name="org.springframework.http.client.Netty4AsyncClientHttpRequestFactoryTests" tests="7" skipped="0" failures="0" errors="0" timestamp="2020-12-11T19:54:42" hostname="DESKTOP-TMNPDT1" time="4.733">
  <properties/>
  <testcase name="cancel()" classname="org.springframework.http.client.Netty4AsyncClientHttpRequestFactoryTests" time="4.277"/>
  <testcase name="headersAfterExecute()" classname="org.springframework.http.client.Netty4AsyncClientHttpRequestFactoryTests" time="0.221"/>
  <testcase name="status()" classname="org.springframework.http.client.Netty4AsyncClientHttpRequestFactoryTests" time="0.043"/>
  <testcase name="echo()" classname="org.springframework.http.client.Netty4AsyncClientHttpRequestFactoryTests" time="0.083"/>
  <testcase name="statusCallback()" classname="org.springframework.http.client.Netty4AsyncClientHttpRequestFactoryTests" time="0.014"/>
  <testcase name="multipleWrites()" classname="org.springframework.http.client.Netty4AsyncClientHttpRequestFactoryTests" time="0.017"/>
  <testcase name="httpMethods()" classname="org.springframework.http.client.Netty4AsyncClientHttpRequestFactoryTests" time="0.076"/>
  <system-out><![CDATA[]]></system-out>
  <system-err><![CDATA[十二月 12, 2020 3:54:42 上午 okhttp3.mockwebserver.MockWebServer$3 execute
信息: MockWebServer[58971] starting to accept connections
十二月 12, 2020 3:54:46 上午 okhttp3.mockwebserver.MockWebServer$3 acceptConnections
信息: MockWebServer[58971] done accepting connections: socket closed
十二月 12, 2020 3:54:46 上午 okhttp3.mockwebserver.MockWebServer$4 processConnection
警告: MockWebServer[58971] connection from /127.0.0.1 didn't make a request
十二月 12, 2020 3:54:46 上午 okhttp3.mockwebserver.MockWebServer$3 execute
信息: MockWebServer[58976] starting to accept connections
十二月 12, 2020 3:54:46 上午 okhttp3.mockwebserver.MockWebServer$4 processOneRequest
信息: MockWebServer[58976] received request: POST /echo HTTP/1.1 and responded: HTTP/1.1 200 OK
十二月 12, 2020 3:54:46 上午 okhttp3.mockwebserver.MockWebServer$3 acceptConnections
信息: MockWebServer[58976] done accepting connections: socket closed
十二月 12, 2020 3:54:46 上午 okhttp3.mockwebserver.MockWebServer$3 execute
信息: MockWebServer[58978] starting to accept connections
十二月 12, 2020 3:54:46 上午 okhttp3.mockwebserver.MockWebServer$4 processOneRequest
信息: MockWebServer[58978] received request: GET /status/notfound HTTP/1.1 and responded: HTTP/1.1 404 Client Error
十二月 12, 2020 3:54:46 上午 okhttp3.mockwebserver.MockWebServer$3 acceptConnections
信息: MockWebServer[58978] done accepting connections: socket closed
十二月 12, 2020 3:54:46 上午 okhttp3.mockwebserver.MockWebServer$3 execute
信息: MockWebServer[58980] starting to accept connections
十二月 12, 2020 3:54:46 上午 okhttp3.mockwebserver.MockWebServer$4 processOneRequest
信息: MockWebServer[58980] received request: PUT /echo HTTP/1.1 and responded: HTTP/1.1 200 OK
十二月 12, 2020 3:54:46 上午 okhttp3.mockwebserver.MockWebServer$3 acceptConnections
信息: MockWebServer[58980] done accepting connections: socket closed
十二月 12, 2020 3:54:46 上午 okhttp3.mockwebserver.MockWebServer$3 execute
信息: MockWebServer[58982] starting to accept connections
十二月 12, 2020 3:54:46 上午 okhttp3.mockwebserver.MockWebServer$4 processOneRequest
信息: MockWebServer[58982] received request: GET /status/notfound HTTP/1.1 and responded: HTTP/1.1 404 Client Error
十二月 12, 2020 3:54:46 上午 okhttp3.mockwebserver.MockWebServer$3 acceptConnections
信息: MockWebServer[58982] done accepting connections: socket closed
十二月 12, 2020 3:54:46 上午 okhttp3.mockwebserver.MockWebServer$3 execute
信息: MockWebServer[58984] starting to accept connections
十二月 12, 2020 3:54:46 上午 okhttp3.mockwebserver.MockWebServer$4 processOneRequest
信息: MockWebServer[58984] received request: POST /echo HTTP/1.1 and responded: HTTP/1.1 200 OK
十二月 12, 2020 3:54:46 上午 okhttp3.mockwebserver.MockWebServer$3 acceptConnections
信息: MockWebServer[58984] done accepting connections: socket closed
十二月 12, 2020 3:54:46 上午 okhttp3.mockwebserver.MockWebServer$3 execute
信息: MockWebServer[58986] starting to accept connections
十二月 12, 2020 3:54:46 上午 okhttp3.mockwebserver.MockWebServer$4 processOneRequest
信息: MockWebServer[58986] received request: GET /methods/get HTTP/1.1 and responded: HTTP/1.1 200 OK
十二月 12, 2020 3:54:46 上午 okhttp3.mockwebserver.MockWebServer$4 processOneRequest
信息: MockWebServer[58986] received request: HEAD /methods/head HTTP/1.1 and responded: HTTP/1.1 200 OK
十二月 12, 2020 3:54:46 上午 okhttp3.mockwebserver.MockWebServer$4 processOneRequest
信息: MockWebServer[58986] received request: POST /methods/post HTTP/1.1 and responded: HTTP/1.1 200 OK
十二月 12, 2020 3:54:46 上午 okhttp3.mockwebserver.MockWebServer$4 processOneRequest
信息: MockWebServer[58986] received request: PUT /methods/put HTTP/1.1 and responded: HTTP/1.1 200 OK
十二月 12, 2020 3:54:46 上午 okhttp3.mockwebserver.MockWebServer$4 processOneRequest
信息: MockWebServer[58986] received request: OPTIONS /methods/options HTTP/1.1 and responded: HTTP/1.1 200 OK
十二月 12, 2020 3:54:46 上午 okhttp3.mockwebserver.MockWebServer$4 processOneRequest
信息: MockWebServer[58986] received request: DELETE /methods/delete HTTP/1.1 and responded: HTTP/1.1 200 OK
十二月 12, 2020 3:54:46 上午 okhttp3.mockwebserver.MockWebServer$4 processOneRequest
信息: MockWebServer[58986] received request: PATCH /methods/patch HTTP/1.1 and responded: HTTP/1.1 200 OK
十二月 12, 2020 3:54:46 上午 okhttp3.mockwebserver.MockWebServer$3 acceptConnections
信息: MockWebServer[58986] done accepting connections: socket closed
]]></system-err>
</testsuite>
