<?xml version="1.0" encoding="UTF-8"?>
<testsuite name="org.springframework.web.context.request.async.StandardServletAsyncWebRequestTests" tests="12" skipped="0" failures="0" errors="0" timestamp="2020-12-11T19:56:36" hostname="DESKTOP-TMNPDT1" time="0.094">
  <properties/>
  <testcase name="onErrorHandlerAfterOnErrorEvent()" classname="org.springframework.web.context.request.async.StandardServletAsyncWebRequestTests" time="0.055"/>
  <testcase name="startAsync()" classname="org.springframework.web.context.request.async.StandardServletAsyncWebRequestTests" time="0.001"/>
  <testcase name="onErrorHandler()" classname="org.springframework.web.context.request.async.StandardServletAsyncWebRequestTests" time="0.002"/>
  <testcase name="onTimeoutHandler()" classname="org.springframework.web.context.request.async.StandardServletAsyncWebRequestTests" time="0.013"/>
  <testcase name="isAsyncStarted()" classname="org.springframework.web.context.request.async.StandardServletAsyncWebRequestTests" time="0.003"/>
  <testcase name="onTimeoutDefaultBehavior()" classname="org.springframework.web.context.request.async.StandardServletAsyncWebRequestTests" time="0.001"/>
  <testcase name="startAsyncMultipleTimes()" classname="org.springframework.web.context.request.async.StandardServletAsyncWebRequestTests" time="0.0"/>
  <testcase name="onCompletionHandlerAfterOnCompleteEvent()" classname="org.springframework.web.context.request.async.StandardServletAsyncWebRequestTests" time="0.001"/>
  <testcase name="startAsyncNotSupported()" classname="org.springframework.web.context.request.async.StandardServletAsyncWebRequestTests" time="0.003"/>
  <testcase name="setTimeoutDuringConcurrentHandling()" classname="org.springframework.web.context.request.async.StandardServletAsyncWebRequestTests" time="0.002"/>
  <testcase name="startAsyncAfterCompleted()" classname="org.springframework.web.context.request.async.StandardServletAsyncWebRequestTests" time="0.001"/>
  <testcase name="onCompletionHandler()" classname="org.springframework.web.context.request.async.StandardServletAsyncWebRequestTests" time="0.002"/>
  <system-out><![CDATA[]]></system-out>
  <system-err><![CDATA[]]></system-err>
</testsuite>
