<?xml version="1.0" encoding="UTF-8"?>
<testsuite name="org.springframework.web.server.session.CookieWebSessionIdResolverTests" tests="2" skipped="0" failures="0" errors="0" timestamp="2020-12-11T19:56:44" hostname="DESKTOP-TMNPDT1" time="0.004">
  <properties/>
  <testcase name="cookieInitializer()" classname="org.springframework.web.server.session.CookieWebSessionIdResolverTests" time="0.002"/>
  <testcase name="setSessionId()" classname="org.springframework.web.server.session.CookieWebSessionIdResolverTests" time="0.001"/>
  <system-out><![CDATA[]]></system-out>
  <system-err><![CDATA[]]></system-err>
</testsuite>
