<?xml version="1.0" encoding="UTF-8"?>
<testsuite name="org.springframework.web.method.annotation.InitBinderDataBinderFactoryTests" tests="7" skipped="0" failures="0" errors="0" timestamp="2020-12-11T19:56:40" hostname="DESKTOP-TMNPDT1" time="0.188">
  <properties/>
  <testcase name="createBinderNullAttrName()" classname="org.springframework.web.method.annotation.InitBinderDataBinderFactoryTests" time="0.017"/>
  <testcase name="createBinderWithAttrNameNoMatch()" classname="org.springframework.web.method.annotation.InitBinderDataBinderFactoryTests" time="0.0"/>
  <testcase name="createBinderWithGlobalInitialization()" classname="org.springframework.web.method.annotation.InitBinderDataBinderFactoryTests" time="0.122"/>
  <testcase name="createBinderTypeConversion()" classname="org.springframework.web.method.annotation.InitBinderDataBinderFactoryTests" time="0.043"/>
  <testcase name="returnValueNotExpected()" classname="org.springframework.web.method.annotation.InitBinderDataBinderFactoryTests" time="0.001"/>
  <testcase name="createBinder()" classname="org.springframework.web.method.annotation.InitBinderDataBinderFactoryTests" time="0.001"/>
  <testcase name="createBinderWithAttrName()" classname="org.springframework.web.method.annotation.InitBinderDataBinderFactoryTests" time="0.0"/>
  <system-out><![CDATA[]]></system-out>
  <system-err><![CDATA[]]></system-err>
</testsuite>
