<?xml version="1.0" encoding="UTF-8"?>
<testsuite name="org.springframework.web.context.ContextLoaderInitializerTests" tests="1" skipped="0" failures="0" errors="0" timestamp="2020-12-11T19:56:36" hostname="DESKTOP-TMNPDT1" time="0.051">
  <properties/>
  <testcase name="register()" classname="org.springframework.web.context.ContextLoaderInitializerTests" time="0.051"/>
  <system-out><![CDATA[]]></system-out>
  <system-err><![CDATA[]]></system-err>
</testsuite>
