<?xml version="1.0" encoding="UTF-8"?>
<testsuite name="org.springframework.web.filter.reactive.ServerWebExchangeContextFilterTests" tests="1" skipped="0" failures="0" errors="0" timestamp="2020-12-11T19:56:40" hostname="DESKTOP-TMNPDT1" time="0.044">
  <properties/>
  <testcase name="extractServerWebExchangeFromContext()" classname="org.springframework.web.filter.reactive.ServerWebExchangeContextFilterTests" time="0.044"/>
  <system-out><![CDATA[]]></system-out>
  <system-err><![CDATA[]]></system-err>
</testsuite>
