<?xml version="1.0" encoding="UTF-8"?>
<testsuite name="org.springframework.web.method.support.ModelAndViewContainerTests" tests="5" skipped="0" failures="0" errors="0" timestamp="2020-12-11T19:56:43" hostname="DESKTOP-TMNPDT1" time="0.007">
  <properties/>
  <testcase name="ignoreDefaultModel()" classname="org.springframework.web.method.support.ModelAndViewContainerTests" time="0.001"/>
  <testcase name="redirectScenarioWithoutRedirectModel()" classname="org.springframework.web.method.support.ModelAndViewContainerTests" time="0.001"/>
  <testcase name="ignoreDefaultModelAndWithoutRedirectModel()" classname="org.springframework.web.method.support.ModelAndViewContainerTests" time="0.001"/>
  <testcase name="redirectScenarioWithRedirectModel()" classname="org.springframework.web.method.support.ModelAndViewContainerTests" time="0.0"/>
  <testcase name="getModel()" classname="org.springframework.web.method.support.ModelAndViewContainerTests" time="0.001"/>
  <system-out><![CDATA[]]></system-out>
  <system-err><![CDATA[]]></system-err>
</testsuite>
