<?xml version="1.0" encoding="UTF-8"?>
<testsuite name="org.springframework.web.multipart.support.DefaultMultipartHttpServletRequestTests" tests="2" skipped="0" failures="0" errors="0" timestamp="2020-12-11T19:56:43" hostname="DESKTOP-TMNPDT1" time="0.001">
  <properties/>
  <testcase name="parameterMap()" classname="org.springframework.web.multipart.support.DefaultMultipartHttpServletRequestTests" time="0.0"/>
  <testcase name="parameterValues()" classname="org.springframework.web.multipart.support.DefaultMultipartHttpServletRequestTests" time="0.0"/>
  <system-out><![CDATA[]]></system-out>
  <system-err><![CDATA[]]></system-err>
</testsuite>
