<?xml version="1.0" encoding="UTF-8"?>
<testsuite name="org.springframework.web.filter.DelegatingFilterProxyTests" tests="13" skipped="0" failures="0" errors="0" timestamp="2020-12-11T19:56:40" hostname="DESKTOP-TMNPDT1" time="0.097">
  <properties/>
  <testcase name="testDelegatingFilterProxyNotInjectedWacServletAttrPreferred()" classname="org.springframework.web.filter.DelegatingFilterProxyTests" time="0.004"/>
  <testcase name="testDelegatingFilterProxyAndCustomContextAttribute()" classname="org.springframework.web.filter.DelegatingFilterProxyTests" time="0.027"/>
  <testcase name="testDelegatingFilterProxy()" classname="org.springframework.web.filter.DelegatingFilterProxyTests" time="0.002"/>
  <testcase name="testDelegatingFilterProxyWithFilterDelegateInstance()" classname="org.springframework.web.filter.DelegatingFilterProxyTests" time="0.001"/>
  <testcase name="testDelegatingFilterProxyWithTargetBeanNameAndNotYetRefreshedApplicationContext()" classname="org.springframework.web.filter.DelegatingFilterProxyTests" time="0.006"/>
  <testcase name="testDelegatingFilterProxyInjectedPreferred()" classname="org.springframework.web.filter.DelegatingFilterProxyTests" time="0.004"/>
  <testcase name="testDelegatingFilterProxyWithTargetBeanNameAndNoApplicationContext()" classname="org.springframework.web.filter.DelegatingFilterProxyTests" time="0.002"/>
  <testcase name="testDelegatingFilterProxyWithTargetBeanName()" classname="org.springframework.web.filter.DelegatingFilterProxyTests" time="0.001"/>
  <testcase name="testDelegatingFilterProxyWithFilterName()" classname="org.springframework.web.filter.DelegatingFilterProxyTests" time="0.002"/>
  <testcase name="testDelegatingFilterProxyWithTargetFilterLifecycle()" classname="org.springframework.web.filter.DelegatingFilterProxyTests" time="0.036"/>
  <testcase name="testDelegatingFilterProxyWithFrameworkServletContext()" classname="org.springframework.web.filter.DelegatingFilterProxyTests" time="0.002"/>
  <testcase name="testDelegatingFilterProxyNotInjectedWithRootPreferred()" classname="org.springframework.web.filter.DelegatingFilterProxyTests" time="0.003"/>
  <testcase name="testDelegatingFilterProxyWithLazyContextStartup()" classname="org.springframework.web.filter.DelegatingFilterProxyTests" time="0.002"/>
  <system-out><![CDATA[]]></system-out>
  <system-err><![CDATA[]]></system-err>
</testsuite>
