<?xml version="1.0" encoding="UTF-8"?>
<testsuite name="org.springframework.web.method.annotation.ErrorsMethodArgumentResolverTests" tests="4" skipped="0" failures="0" errors="0" timestamp="2020-12-11T19:56:40" hostname="DESKTOP-TMNPDT1" time="0.019">
  <properties/>
  <testcase name="supports()" classname="org.springframework.web.method.annotation.ErrorsMethodArgumentResolverTests" time="0.0"/>
  <testcase name="bindingResultNotFound()" classname="org.springframework.web.method.annotation.ErrorsMethodArgumentResolverTests" time="0.016"/>
  <testcase name="noBindingResult()" classname="org.springframework.web.method.annotation.ErrorsMethodArgumentResolverTests" time="0.001"/>
  <testcase name="bindingResult()" classname="org.springframework.web.method.annotation.ErrorsMethodArgumentResolverTests" time="0.0"/>
  <system-out><![CDATA[]]></system-out>
  <system-err><![CDATA[]]></system-err>
</testsuite>
