<?xml version="1.0" encoding="UTF-8"?>
<testsuite name="org.springframework.web.method.annotation.RequestParamMapMethodArgumentResolverTests" tests="7" skipped="0" failures="0" errors="0" timestamp="2020-12-11T19:56:42" hostname="DESKTOP-TMNPDT1" time="0.165">
  <properties/>
  <testcase name="resolveMultiValueMapOfPart()" classname="org.springframework.web.method.annotation.RequestParamMapMethodArgumentResolverTests" time="0.015"/>
  <testcase name="resolveMapOfPart()" classname="org.springframework.web.method.annotation.RequestParamMapMethodArgumentResolverTests" time="0.113"/>
  <testcase name="resolveMultiValueMapOfMultipartFile()" classname="org.springframework.web.method.annotation.RequestParamMapMethodArgumentResolverTests" time="0.005"/>
  <testcase name="resolveMapOfString()" classname="org.springframework.web.method.annotation.RequestParamMapMethodArgumentResolverTests" time="0.004"/>
  <testcase name="resolveMapOfMultipartFile()" classname="org.springframework.web.method.annotation.RequestParamMapMethodArgumentResolverTests" time="0.004"/>
  <testcase name="resolveMultiValueMapOfString()" classname="org.springframework.web.method.annotation.RequestParamMapMethodArgumentResolverTests" time="0.004"/>
  <testcase name="supportsParameter()" classname="org.springframework.web.method.annotation.RequestParamMapMethodArgumentResolverTests" time="0.013"/>
  <system-out><![CDATA[]]></system-out>
  <system-err><![CDATA[]]></system-err>
</testsuite>
