<?xml version="1.0" encoding="UTF-8"?>
<testsuite name="org.springframework.web.util.JavaScriptUtilsTests" tests="3" skipped="0" failures="0" errors="0" timestamp="2020-12-11T19:56:51" hostname="DESKTOP-TMNPDT1" time="0.005">
  <properties/>
  <testcase name="escapePsLsLineTerminators()" classname="org.springframework.web.util.JavaScriptUtilsTests" time="0.004"/>
  <testcase name="escape()" classname="org.springframework.web.util.JavaScriptUtilsTests" time="0.0"/>
  <testcase name="escapeLessThanGreaterThanSigns()" classname="org.springframework.web.util.JavaScriptUtilsTests" time="0.0"/>
  <system-out><![CDATA[]]></system-out>
  <system-err><![CDATA[]]></system-err>
</testsuite>
