<?xml version="1.0" encoding="UTF-8"?>
<testsuite name="org.springframework.web.client.RestTemplateIntegrationTests" tests="104" skipped="1" failures="0" errors="0" timestamp="2020-12-11T19:56:31" hostname="DESKTOP-TMNPDT1" time="4.707">
  <properties/>
  <testcase name="serverPort(ClientHttpRequestFactory)[1]" classname="org.springframework.web.client.RestTemplateIntegrationTests" time="0.096"/>
  <testcase name="serverPort(ClientHttpRequestFactory)[2]" classname="org.springframework.web.client.RestTemplateIntegrationTests" time="0.012"/>
  <testcase name="serverPort(ClientHttpRequestFactory)[3]" classname="org.springframework.web.client.RestTemplateIntegrationTests" time="0.035"/>
  <testcase name="serverPort(ClientHttpRequestFactory)[4]" classname="org.springframework.web.client.RestTemplateIntegrationTests" time="0.014"/>
  <testcase name="jsonPostForObjectWithJacksonView(ClientHttpRequestFactory)[1]" classname="org.springframework.web.client.RestTemplateIntegrationTests" time="0.027"/>
  <testcase name="jsonPostForObjectWithJacksonView(ClientHttpRequestFactory)[2]" classname="org.springframework.web.client.RestTemplateIntegrationTests" time="0.019"/>
  <testcase name="jsonPostForObjectWithJacksonView(ClientHttpRequestFactory)[3]" classname="org.springframework.web.client.RestTemplateIntegrationTests" time="0.027"/>
  <testcase name="jsonPostForObjectWithJacksonView(ClientHttpRequestFactory)[4]" classname="org.springframework.web.client.RestTemplateIntegrationTests" time="0.023"/>
  <testcase name="exchangeGet(ClientHttpRequestFactory)[1]" classname="org.springframework.web.client.RestTemplateIntegrationTests" time="0.013"/>
  <testcase name="exchangeGet(ClientHttpRequestFactory)[2]" classname="org.springframework.web.client.RestTemplateIntegrationTests" time="0.018"/>
  <testcase name="exchangeGet(ClientHttpRequestFactory)[3]" classname="org.springframework.web.client.RestTemplateIntegrationTests" time="0.021"/>
  <testcase name="exchangeGet(ClientHttpRequestFactory)[4]" classname="org.springframework.web.client.RestTemplateIntegrationTests" time="0.027"/>
  <testcase name="multipartMixed(ClientHttpRequestFactory)[1]" classname="org.springframework.web.client.RestTemplateIntegrationTests" time="0.052"/>
  <testcase name="multipartMixed(ClientHttpRequestFactory)[2]" classname="org.springframework.web.client.RestTemplateIntegrationTests" time="0.069"/>
  <testcase name="multipartMixed(ClientHttpRequestFactory)[3]" classname="org.springframework.web.client.RestTemplateIntegrationTests" time="0.034"/>
  <testcase name="multipartMixed(ClientHttpRequestFactory)[4]" classname="org.springframework.web.client.RestTemplateIntegrationTests" time="0.02"/>
  <testcase name="getNoContentTypeHeader(ClientHttpRequestFactory)[1]" classname="org.springframework.web.client.RestTemplateIntegrationTests" time="0.013"/>
  <testcase name="getNoContentTypeHeader(ClientHttpRequestFactory)[2]" classname="org.springframework.web.client.RestTemplateIntegrationTests" time="0.013"/>
  <testcase name="getNoContentTypeHeader(ClientHttpRequestFactory)[3]" classname="org.springframework.web.client.RestTemplateIntegrationTests" time="0.029"/>
  <testcase name="getNoContentTypeHeader(ClientHttpRequestFactory)[4]" classname="org.springframework.web.client.RestTemplateIntegrationTests" time="0.027"/>
  <testcase name="postWithoutBody(ClientHttpRequestFactory)[1]" classname="org.springframework.web.client.RestTemplateIntegrationTests" time="0.037"/>
  <testcase name="postWithoutBody(ClientHttpRequestFactory)[2]" classname="org.springframework.web.client.RestTemplateIntegrationTests" time="0.014"/>
  <testcase name="postWithoutBody(ClientHttpRequestFactory)[3]" classname="org.springframework.web.client.RestTemplateIntegrationTests" time="0.044"/>
  <testcase name="postWithoutBody(ClientHttpRequestFactory)[4]" classname="org.springframework.web.client.RestTemplateIntegrationTests" time="0.072"/>
  <testcase name="getNotModified(ClientHttpRequestFactory)[1]" classname="org.springframework.web.client.RestTemplateIntegrationTests" time="0.121"/>
  <testcase name="getNotModified(ClientHttpRequestFactory)[2]" classname="org.springframework.web.client.RestTemplateIntegrationTests" time="0.129"/>
  <testcase name="getNotModified(ClientHttpRequestFactory)[3]" classname="org.springframework.web.client.RestTemplateIntegrationTests" time="0.082"/>
  <testcase name="getNotModified(ClientHttpRequestFactory)[4]" classname="org.springframework.web.client.RestTemplateIntegrationTests" time="0.036"/>
  <testcase name="serverError(ClientHttpRequestFactory)[1]" classname="org.springframework.web.client.RestTemplateIntegrationTests" time="0.064"/>
  <testcase name="serverError(ClientHttpRequestFactory)[2]" classname="org.springframework.web.client.RestTemplateIntegrationTests" time="0.012"/>
  <testcase name="serverError(ClientHttpRequestFactory)[3]" classname="org.springframework.web.client.RestTemplateIntegrationTests" time="0.022"/>
  <testcase name="serverError(ClientHttpRequestFactory)[4]" classname="org.springframework.web.client.RestTemplateIntegrationTests" time="0.012"/>
  <testcase name="jsonPostForObject(ClientHttpRequestFactory)[1]" classname="org.springframework.web.client.RestTemplateIntegrationTests" time="0.048"/>
  <testcase name="jsonPostForObject(ClientHttpRequestFactory)[2]" classname="org.springframework.web.client.RestTemplateIntegrationTests" time="0.041"/>
  <testcase name="jsonPostForObject(ClientHttpRequestFactory)[3]" classname="org.springframework.web.client.RestTemplateIntegrationTests" time="0.075"/>
  <testcase name="jsonPostForObject(ClientHttpRequestFactory)[4]" classname="org.springframework.web.client.RestTemplateIntegrationTests" time="0.046"/>
  <testcase name="postForLocationEntity(ClientHttpRequestFactory)[1]" classname="org.springframework.web.client.RestTemplateIntegrationTests" time="0.051"/>
  <testcase name="postForLocationEntity(ClientHttpRequestFactory)[2]" classname="org.springframework.web.client.RestTemplateIntegrationTests" time="0.065"/>
  <testcase name="postForLocationEntity(ClientHttpRequestFactory)[3]" classname="org.springframework.web.client.RestTemplateIntegrationTests" time="0.032"/>
  <testcase name="postForLocationEntity(ClientHttpRequestFactory)[4]" classname="org.springframework.web.client.RestTemplateIntegrationTests" time="0.049"/>
  <testcase name="badRequest(ClientHttpRequestFactory)[1]" classname="org.springframework.web.client.RestTemplateIntegrationTests" time="0.026"/>
  <testcase name="badRequest(ClientHttpRequestFactory)[2]" classname="org.springframework.web.client.RestTemplateIntegrationTests" time="0.015"/>
  <testcase name="badRequest(ClientHttpRequestFactory)[3]" classname="org.springframework.web.client.RestTemplateIntegrationTests" time="0.087"/>
  <testcase name="badRequest(ClientHttpRequestFactory)[4]" classname="org.springframework.web.client.RestTemplateIntegrationTests" time="0.15"/>
  <testcase name="postForObject(ClientHttpRequestFactory)[1]" classname="org.springframework.web.client.RestTemplateIntegrationTests" time="0.019"/>
  <testcase name="postForObject(ClientHttpRequestFactory)[2]" classname="org.springframework.web.client.RestTemplateIntegrationTests" time="0.024"/>
  <testcase name="postForObject(ClientHttpRequestFactory)[3]" classname="org.springframework.web.client.RestTemplateIntegrationTests" time="0.027"/>
  <testcase name="postForObject(ClientHttpRequestFactory)[4]" classname="org.springframework.web.client.RestTemplateIntegrationTests" time="0.014"/>
  <testcase name="postForLocation(ClientHttpRequestFactory)[1]" classname="org.springframework.web.client.RestTemplateIntegrationTests" time="0.102"/>
  <testcase name="postForLocation(ClientHttpRequestFactory)[2]" classname="org.springframework.web.client.RestTemplateIntegrationTests" time="0.055"/>
  <testcase name="postForLocation(ClientHttpRequestFactory)[3]" classname="org.springframework.web.client.RestTemplateIntegrationTests" time="0.058"/>
  <testcase name="postForLocation(ClientHttpRequestFactory)[4]" classname="org.springframework.web.client.RestTemplateIntegrationTests" time="0.083"/>
  <testcase name="uri(ClientHttpRequestFactory)[1]" classname="org.springframework.web.client.RestTemplateIntegrationTests" time="0.227"/>
  <testcase name="uri(ClientHttpRequestFactory)[2]" classname="org.springframework.web.client.RestTemplateIntegrationTests" time="0.057"/>
  <testcase name="uri(ClientHttpRequestFactory)[3]" classname="org.springframework.web.client.RestTemplateIntegrationTests" time="0.101"/>
  <testcase name="uri(ClientHttpRequestFactory)[4]" classname="org.springframework.web.client.RestTemplateIntegrationTests" time="0.073"/>
  <testcase name="form(ClientHttpRequestFactory)[1]" classname="org.springframework.web.client.RestTemplateIntegrationTests" time="0.122"/>
  <testcase name="form(ClientHttpRequestFactory)[2]" classname="org.springframework.web.client.RestTemplateIntegrationTests" time="0.039"/>
  <testcase name="form(ClientHttpRequestFactory)[3]" classname="org.springframework.web.client.RestTemplateIntegrationTests" time="0.021"/>
  <testcase name="form(ClientHttpRequestFactory)[4]" classname="org.springframework.web.client.RestTemplateIntegrationTests" time="0.011"/>
  <testcase name="multipartRelated(ClientHttpRequestFactory)[1]" classname="org.springframework.web.client.RestTemplateIntegrationTests" time="0.091"/>
  <testcase name="multipartRelated(ClientHttpRequestFactory)[2]" classname="org.springframework.web.client.RestTemplateIntegrationTests" time="0.017"/>
  <testcase name="multipartRelated(ClientHttpRequestFactory)[3]" classname="org.springframework.web.client.RestTemplateIntegrationTests" time="0.047"/>
  <testcase name="multipartRelated(ClientHttpRequestFactory)[4]" classname="org.springframework.web.client.RestTemplateIntegrationTests" time="0.019"/>
  <testcase name="getEntity(ClientHttpRequestFactory)[1]" classname="org.springframework.web.client.RestTemplateIntegrationTests" time="0.013"/>
  <testcase name="getEntity(ClientHttpRequestFactory)[2]" classname="org.springframework.web.client.RestTemplateIntegrationTests" time="0.013"/>
  <testcase name="getEntity(ClientHttpRequestFactory)[3]" classname="org.springframework.web.client.RestTemplateIntegrationTests" time="0.042"/>
  <testcase name="getEntity(ClientHttpRequestFactory)[4]" classname="org.springframework.web.client.RestTemplateIntegrationTests" time="0.013"/>
  <testcase name="getNoResponse(ClientHttpRequestFactory)[1]" classname="org.springframework.web.client.RestTemplateIntegrationTests" time="0.044"/>
  <testcase name="getNoResponse(ClientHttpRequestFactory)[2]" classname="org.springframework.web.client.RestTemplateIntegrationTests" time="0.032"/>
  <testcase name="getNoResponse(ClientHttpRequestFactory)[3]" classname="org.springframework.web.client.RestTemplateIntegrationTests" time="0.041"/>
  <testcase name="getNoResponse(ClientHttpRequestFactory)[4]" classname="org.springframework.web.client.RestTemplateIntegrationTests" time="0.018"/>
  <testcase name="patchForObject(ClientHttpRequestFactory)[1]" classname="org.springframework.web.client.RestTemplateIntegrationTests" time="0.03">
    <skipped/>
  </testcase>
  <testcase name="patchForObject(ClientHttpRequestFactory)[2]" classname="org.springframework.web.client.RestTemplateIntegrationTests" time="0.015"/>
  <testcase name="patchForObject(ClientHttpRequestFactory)[3]" classname="org.springframework.web.client.RestTemplateIntegrationTests" time="0.028"/>
  <testcase name="patchForObject(ClientHttpRequestFactory)[4]" classname="org.springframework.web.client.RestTemplateIntegrationTests" time="0.015"/>
  <testcase name="getString(ClientHttpRequestFactory)[1]" classname="org.springframework.web.client.RestTemplateIntegrationTests" time="0.031"/>
  <testcase name="getString(ClientHttpRequestFactory)[2]" classname="org.springframework.web.client.RestTemplateIntegrationTests" time="0.017"/>
  <testcase name="getString(ClientHttpRequestFactory)[3]" classname="org.springframework.web.client.RestTemplateIntegrationTests" time="0.029"/>
  <testcase name="getString(ClientHttpRequestFactory)[4]" classname="org.springframework.web.client.RestTemplateIntegrationTests" time="0.038"/>
  <testcase name="optionsForAllow(ClientHttpRequestFactory)[1]" classname="org.springframework.web.client.RestTemplateIntegrationTests" time="0.022"/>
  <testcase name="optionsForAllow(ClientHttpRequestFactory)[2]" classname="org.springframework.web.client.RestTemplateIntegrationTests" time="0.09"/>
  <testcase name="optionsForAllow(ClientHttpRequestFactory)[3]" classname="org.springframework.web.client.RestTemplateIntegrationTests" time="0.018"/>
  <testcase name="optionsForAllow(ClientHttpRequestFactory)[4]" classname="org.springframework.web.client.RestTemplateIntegrationTests" time="0.013"/>
  <testcase name="exchangePost(ClientHttpRequestFactory)[1]" classname="org.springframework.web.client.RestTemplateIntegrationTests" time="0.018"/>
  <testcase name="exchangePost(ClientHttpRequestFactory)[2]" classname="org.springframework.web.client.RestTemplateIntegrationTests" time="0.047"/>
  <testcase name="exchangePost(ClientHttpRequestFactory)[3]" classname="org.springframework.web.client.RestTemplateIntegrationTests" time="0.016"/>
  <testcase name="exchangePost(ClientHttpRequestFactory)[4]" classname="org.springframework.web.client.RestTemplateIntegrationTests" time="0.011"/>
  <testcase name="getNoContent(ClientHttpRequestFactory)[1]" classname="org.springframework.web.client.RestTemplateIntegrationTests" time="0.029"/>
  <testcase name="getNoContent(ClientHttpRequestFactory)[2]" classname="org.springframework.web.client.RestTemplateIntegrationTests" time="0.016"/>
  <testcase name="getNoContent(ClientHttpRequestFactory)[3]" classname="org.springframework.web.client.RestTemplateIntegrationTests" time="0.034"/>
  <testcase name="getNoContent(ClientHttpRequestFactory)[4]" classname="org.springframework.web.client.RestTemplateIntegrationTests" time="0.02"/>
  <testcase name="notFound(ClientHttpRequestFactory)[1]" classname="org.springframework.web.client.RestTemplateIntegrationTests" time="0.019"/>
  <testcase name="notFound(ClientHttpRequestFactory)[2]" classname="org.springframework.web.client.RestTemplateIntegrationTests" time="0.028"/>
  <testcase name="notFound(ClientHttpRequestFactory)[3]" classname="org.springframework.web.client.RestTemplateIntegrationTests" time="0.027"/>
  <testcase name="notFound(ClientHttpRequestFactory)[4]" classname="org.springframework.web.client.RestTemplateIntegrationTests" time="0.013"/>
  <testcase name="multipartFormData(ClientHttpRequestFactory)[1]" classname="org.springframework.web.client.RestTemplateIntegrationTests" time="0.015"/>
  <testcase name="multipartFormData(ClientHttpRequestFactory)[2]" classname="org.springframework.web.client.RestTemplateIntegrationTests" time="0.019"/>
  <testcase name="multipartFormData(ClientHttpRequestFactory)[3]" classname="org.springframework.web.client.RestTemplateIntegrationTests" time="0.06"/>
  <testcase name="multipartFormData(ClientHttpRequestFactory)[4]" classname="org.springframework.web.client.RestTemplateIntegrationTests" time="0.017"/>
  <testcase name="jsonPostForObjectWithJacksonTypeInfoList(ClientHttpRequestFactory)[1]" classname="org.springframework.web.client.RestTemplateIntegrationTests" time="0.036"/>
  <testcase name="jsonPostForObjectWithJacksonTypeInfoList(ClientHttpRequestFactory)[2]" classname="org.springframework.web.client.RestTemplateIntegrationTests" time="0.025"/>
  <testcase name="jsonPostForObjectWithJacksonTypeInfoList(ClientHttpRequestFactory)[3]" classname="org.springframework.web.client.RestTemplateIntegrationTests" time="0.027"/>
  <testcase name="jsonPostForObjectWithJacksonTypeInfoList(ClientHttpRequestFactory)[4]" classname="org.springframework.web.client.RestTemplateIntegrationTests" time="0.023"/>
  <system-out><![CDATA[]]></system-out>
  <system-err><![CDATA[十二月 12, 2020 3:56:31 上午 okhttp3.mockwebserver.MockWebServer$3 execute
信息: MockWebServer[61318] starting to accept connections
十二月 12, 2020 3:56:31 上午 okhttp3.mockwebserver.MockWebServer$4 processOneRequest
信息: MockWebServer[61318] received request: GET /get HTTP/1.1 and responded: HTTP/1.1 200 OK
十二月 12, 2020 3:56:31 上午 okhttp3.mockwebserver.MockWebServer$3 acceptConnections
信息: MockWebServer[61318] done accepting connections: socket closed
十二月 12, 2020 3:56:31 上午 okhttp3.mockwebserver.MockWebServer$3 execute
信息: MockWebServer[61320] starting to accept connections
十二月 12, 2020 3:56:31 上午 okhttp3.mockwebserver.MockWebServer$4 processOneRequest
信息: MockWebServer[61320] received request: GET /get HTTP/1.1 and responded: HTTP/1.1 200 OK
十二月 12, 2020 3:56:31 上午 okhttp3.mockwebserver.MockWebServer$3 acceptConnections
信息: MockWebServer[61320] done accepting connections: socket closed
十二月 12, 2020 3:56:31 上午 okhttp3.mockwebserver.MockWebServer$3 execute
信息: MockWebServer[61322] starting to accept connections
十二月 12, 2020 3:56:31 上午 okhttp3.mockwebserver.MockWebServer$4 processOneRequest
信息: MockWebServer[61322] received request: GET /get HTTP/1.1 and responded: HTTP/1.1 200 OK
十二月 12, 2020 3:56:31 上午 okhttp3.mockwebserver.MockWebServer$3 acceptConnections
信息: MockWebServer[61322] done accepting connections: socket closed
十二月 12, 2020 3:56:31 上午 okhttp3.mockwebserver.MockWebServer$3 execute
信息: MockWebServer[61324] starting to accept connections
十二月 12, 2020 3:56:31 上午 okhttp3.mockwebserver.MockWebServer$4 processOneRequest
信息: MockWebServer[61324] received request: GET /get HTTP/1.1 and responded: HTTP/1.1 200 OK
十二月 12, 2020 3:56:31 上午 okhttp3.mockwebserver.MockWebServer$3 acceptConnections
信息: MockWebServer[61324] done accepting connections: socket closed
十二月 12, 2020 3:56:31 上午 okhttp3.mockwebserver.MockWebServer$3 execute
信息: MockWebServer[61342] starting to accept connections
十二月 12, 2020 3:56:32 上午 okhttp3.mockwebserver.MockWebServer$3 acceptConnections
信息: MockWebServer[61342] done accepting connections: socket closed
十二月 12, 2020 3:56:32 上午 okhttp3.mockwebserver.MockWebServer$4 processOneRequest
信息: MockWebServer[61342] received request: POST /jsonpost HTTP/1.1 and responded: HTTP/1.1 201 OK
十二月 12, 2020 3:56:32 上午 okhttp3.mockwebserver.MockWebServer$3 execute
信息: MockWebServer[61344] starting to accept connections
十二月 12, 2020 3:56:32 上午 okhttp3.mockwebserver.MockWebServer$4 processOneRequest
信息: MockWebServer[61344] received request: POST /jsonpost HTTP/1.1 and responded: HTTP/1.1 201 OK
十二月 12, 2020 3:56:32 上午 okhttp3.mockwebserver.MockWebServer$3 acceptConnections
信息: MockWebServer[61344] done accepting connections: socket closed
十二月 12, 2020 3:56:32 上午 okhttp3.mockwebserver.MockWebServer$3 execute
信息: MockWebServer[61346] starting to accept connections
十二月 12, 2020 3:56:32 上午 okhttp3.mockwebserver.MockWebServer$4 processOneRequest
信息: MockWebServer[61346] received request: POST /jsonpost HTTP/1.1 and responded: HTTP/1.1 201 OK
十二月 12, 2020 3:56:32 上午 okhttp3.mockwebserver.MockWebServer$3 acceptConnections
信息: MockWebServer[61346] done accepting connections: socket closed
十二月 12, 2020 3:56:32 上午 okhttp3.mockwebserver.MockWebServer$3 execute
信息: MockWebServer[61348] starting to accept connections
十二月 12, 2020 3:56:32 上午 okhttp3.mockwebserver.MockWebServer$4 processOneRequest
信息: MockWebServer[61348] received request: POST /jsonpost HTTP/1.1 and responded: HTTP/1.1 201 OK
十二月 12, 2020 3:56:32 上午 okhttp3.mockwebserver.MockWebServer$3 acceptConnections
信息: MockWebServer[61348] done accepting connections: socket closed
十二月 12, 2020 3:56:32 上午 okhttp3.mockwebserver.MockWebServer$3 execute
信息: MockWebServer[61366] starting to accept connections
十二月 12, 2020 3:56:32 上午 okhttp3.mockwebserver.MockWebServer$4 processOneRequest
信息: MockWebServer[61366] received request: GET /get HTTP/1.1 and responded: HTTP/1.1 200 OK
十二月 12, 2020 3:56:32 上午 okhttp3.mockwebserver.MockWebServer$3 acceptConnections
信息: MockWebServer[61366] done accepting connections: socket closed
十二月 12, 2020 3:56:32 上午 okhttp3.mockwebserver.MockWebServer$3 execute
信息: MockWebServer[61368] starting to accept connections
十二月 12, 2020 3:56:32 上午 okhttp3.mockwebserver.MockWebServer$4 processOneRequest
信息: MockWebServer[61368] received request: GET /get HTTP/1.1 and responded: HTTP/1.1 200 OK
十二月 12, 2020 3:56:32 上午 okhttp3.mockwebserver.MockWebServer$3 acceptConnections
信息: MockWebServer[61368] done accepting connections: socket closed
十二月 12, 2020 3:56:32 上午 okhttp3.mockwebserver.MockWebServer$3 execute
信息: MockWebServer[61370] starting to accept connections
十二月 12, 2020 3:56:32 上午 okhttp3.mockwebserver.MockWebServer$4 processOneRequest
信息: MockWebServer[61370] received request: GET /get HTTP/1.1 and responded: HTTP/1.1 200 OK
十二月 12, 2020 3:56:32 上午 okhttp3.mockwebserver.MockWebServer$3 acceptConnections
信息: MockWebServer[61370] done accepting connections: socket closed
十二月 12, 2020 3:56:32 上午 okhttp3.mockwebserver.MockWebServer$3 execute
信息: MockWebServer[61372] starting to accept connections
十二月 12, 2020 3:56:32 上午 okhttp3.mockwebserver.MockWebServer$3 acceptConnections
信息: MockWebServer[61372] done accepting connections: socket closed
十二月 12, 2020 3:56:32 上午 okhttp3.mockwebserver.MockWebServer$4 processOneRequest
信息: MockWebServer[61372] received request: GET /get HTTP/1.1 and responded: HTTP/1.1 200 OK
十二月 12, 2020 3:56:32 上午 okhttp3.mockwebserver.MockWebServer$3 execute
信息: MockWebServer[61390] starting to accept connections
十二月 12, 2020 3:56:32 上午 okhttp3.mockwebserver.MockWebServer$4 processOneRequest
信息: MockWebServer[61390] received request: POST /multipartMixed HTTP/1.1 and responded: HTTP/1.1 200 OK
十二月 12, 2020 3:56:32 上午 okhttp3.mockwebserver.MockWebServer$3 acceptConnections
信息: MockWebServer[61390] done accepting connections: socket closed
十二月 12, 2020 3:56:32 上午 okhttp3.mockwebserver.MockWebServer$3 execute
信息: MockWebServer[61392] starting to accept connections
十二月 12, 2020 3:56:32 上午 okhttp3.mockwebserver.MockWebServer$4 processOneRequest
信息: MockWebServer[61392] received request: POST /multipartMixed HTTP/1.1 and responded: HTTP/1.1 200 OK
十二月 12, 2020 3:56:32 上午 okhttp3.mockwebserver.MockWebServer$3 acceptConnections
信息: MockWebServer[61392] done accepting connections: socket closed
十二月 12, 2020 3:56:32 上午 okhttp3.mockwebserver.MockWebServer$3 execute
信息: MockWebServer[61395] starting to accept connections
十二月 12, 2020 3:56:32 上午 okhttp3.mockwebserver.MockWebServer$4 processOneRequest
信息: MockWebServer[61395] received request: POST /multipartMixed HTTP/1.1 and responded: HTTP/1.1 200 OK
十二月 12, 2020 3:56:32 上午 okhttp3.mockwebserver.MockWebServer$3 acceptConnections
信息: MockWebServer[61395] done accepting connections: socket closed
十二月 12, 2020 3:56:32 上午 okhttp3.mockwebserver.MockWebServer$3 execute
信息: MockWebServer[61397] starting to accept connections
十二月 12, 2020 3:56:32 上午 okhttp3.mockwebserver.MockWebServer$4 processOneRequest
信息: MockWebServer[61397] received request: POST /multipartMixed HTTP/1.1 and responded: HTTP/1.1 200 OK
十二月 12, 2020 3:56:32 上午 okhttp3.mockwebserver.MockWebServer$3 acceptConnections
信息: MockWebServer[61397] done accepting connections: socket closed
十二月 12, 2020 3:56:32 上午 okhttp3.mockwebserver.MockWebServer$3 execute
信息: MockWebServer[61415] starting to accept connections
十二月 12, 2020 3:56:32 上午 okhttp3.mockwebserver.MockWebServer$4 processOneRequest
信息: MockWebServer[61415] received request: GET /get/nocontenttype HTTP/1.1 and responded: HTTP/1.1 200 OK
十二月 12, 2020 3:56:32 上午 okhttp3.mockwebserver.MockWebServer$3 acceptConnections
信息: MockWebServer[61415] done accepting connections: socket closed
十二月 12, 2020 3:56:32 上午 okhttp3.mockwebserver.MockWebServer$3 execute
信息: MockWebServer[61417] starting to accept connections
十二月 12, 2020 3:56:32 上午 okhttp3.mockwebserver.MockWebServer$4 processOneRequest
信息: MockWebServer[61417] received request: GET /get/nocontenttype HTTP/1.1 and responded: HTTP/1.1 200 OK
十二月 12, 2020 3:56:32 上午 okhttp3.mockwebserver.MockWebServer$3 acceptConnections
信息: MockWebServer[61417] done accepting connections: socket closed
十二月 12, 2020 3:56:32 上午 okhttp3.mockwebserver.MockWebServer$3 execute
信息: MockWebServer[61419] starting to accept connections
十二月 12, 2020 3:56:32 上午 okhttp3.mockwebserver.MockWebServer$4 processOneRequest
信息: MockWebServer[61419] received request: GET /get/nocontenttype HTTP/1.1 and responded: HTTP/1.1 200 OK
十二月 12, 2020 3:56:32 上午 okhttp3.mockwebserver.MockWebServer$3 acceptConnections
信息: MockWebServer[61419] done accepting connections: socket closed
十二月 12, 2020 3:56:32 上午 okhttp3.mockwebserver.MockWebServer$3 execute
信息: MockWebServer[61421] starting to accept connections
十二月 12, 2020 3:56:32 上午 okhttp3.mockwebserver.MockWebServer$4 processOneRequest
信息: MockWebServer[61421] received request: GET /get/nocontenttype HTTP/1.1 and responded: HTTP/1.1 200 OK
十二月 12, 2020 3:56:32 上午 okhttp3.mockwebserver.MockWebServer$3 acceptConnections
信息: MockWebServer[61421] done accepting connections: socket closed
十二月 12, 2020 3:56:32 上午 okhttp3.mockwebserver.MockWebServer$3 execute
信息: MockWebServer[61439] starting to accept connections
十二月 12, 2020 3:56:32 上午 okhttp3.mockwebserver.MockWebServer$4 processOneRequest
信息: MockWebServer[61439] received request: POST /jsonpost HTTP/1.1 and responded: HTTP/1.1 201 OK
十二月 12, 2020 3:56:32 上午 okhttp3.mockwebserver.MockWebServer$3 acceptConnections
信息: MockWebServer[61439] done accepting connections: socket closed
十二月 12, 2020 3:56:32 上午 okhttp3.mockwebserver.MockWebServer$3 execute
信息: MockWebServer[61441] starting to accept connections
十二月 12, 2020 3:56:32 上午 okhttp3.mockwebserver.MockWebServer$4 processOneRequest
信息: MockWebServer[61441] received request: POST /jsonpost HTTP/1.1 and responded: HTTP/1.1 201 OK
十二月 12, 2020 3:56:32 上午 okhttp3.mockwebserver.MockWebServer$3 acceptConnections
信息: MockWebServer[61441] done accepting connections: socket closed
十二月 12, 2020 3:56:32 上午 okhttp3.mockwebserver.MockWebServer$3 execute
信息: MockWebServer[61443] starting to accept connections
十二月 12, 2020 3:56:32 上午 okhttp3.mockwebserver.MockWebServer$4 processOneRequest
信息: MockWebServer[61443] received request: POST /jsonpost HTTP/1.1 and responded: HTTP/1.1 201 OK
十二月 12, 2020 3:56:32 上午 okhttp3.mockwebserver.MockWebServer$3 acceptConnections
信息: MockWebServer[61443] done accepting connections: socket closed
十二月 12, 2020 3:56:32 上午 okhttp3.mockwebserver.MockWebServer$3 execute
信息: MockWebServer[61445] starting to accept connections
十二月 12, 2020 3:56:32 上午 okhttp3.mockwebserver.MockWebServer$4 processOneRequest
信息: MockWebServer[61445] received request: POST /jsonpost HTTP/1.1 and responded: HTTP/1.1 201 OK
十二月 12, 2020 3:56:32 上午 okhttp3.mockwebserver.MockWebServer$3 acceptConnections
信息: MockWebServer[61445] done accepting connections: socket closed
十二月 12, 2020 3:56:32 上午 okhttp3.mockwebserver.MockWebServer$3 execute
信息: MockWebServer[61475] starting to accept connections
十二月 12, 2020 3:56:32 上午 okhttp3.mockwebserver.MockWebServer$4 processOneRequest
信息: MockWebServer[61475] received request: GET /status/notmodified HTTP/1.1 and responded: HTTP/1.1 304 Redirection
十二月 12, 2020 3:56:32 上午 okhttp3.mockwebserver.MockWebServer$4 processOneRequest
信息: MockWebServer[61475] received request: GET /status/notmodified HTTP/1.1 and responded: HTTP/1.1 304 Redirection
十二月 12, 2020 3:56:32 上午 okhttp3.mockwebserver.MockWebServer$3 acceptConnections
信息: MockWebServer[61475] done accepting connections: socket closed
十二月 12, 2020 3:56:32 上午 okhttp3.mockwebserver.MockWebServer$3 execute
信息: MockWebServer[61477] starting to accept connections
十二月 12, 2020 3:56:32 上午 okhttp3.mockwebserver.MockWebServer$4 processOneRequest
信息: MockWebServer[61477] received request: GET /status/notmodified HTTP/1.1 and responded: HTTP/1.1 304 Redirection
十二月 12, 2020 3:56:32 上午 okhttp3.mockwebserver.MockWebServer$4 processOneRequest
信息: MockWebServer[61477] received request: GET /status/notmodified HTTP/1.1 and responded: HTTP/1.1 304 Redirection
十二月 12, 2020 3:56:32 上午 okhttp3.mockwebserver.MockWebServer$3 acceptConnections
信息: MockWebServer[61477] done accepting connections: socket closed
十二月 12, 2020 3:56:32 上午 okhttp3.mockwebserver.MockWebServer$3 execute
信息: MockWebServer[61482] starting to accept connections
十二月 12, 2020 3:56:32 上午 okhttp3.mockwebserver.MockWebServer$4 processOneRequest
信息: MockWebServer[61482] received request: GET /status/notmodified HTTP/1.1 and responded: HTTP/1.1 304 Redirection
十二月 12, 2020 3:56:33 上午 okhttp3.mockwebserver.MockWebServer$4 processOneRequest
信息: MockWebServer[61482] received request: GET /status/notmodified HTTP/1.1 and responded: HTTP/1.1 304 Redirection
十二月 12, 2020 3:56:33 上午 okhttp3.mockwebserver.MockWebServer$3 acceptConnections
信息: MockWebServer[61482] done accepting connections: socket closed
十二月 12, 2020 3:56:33 上午 okhttp3.mockwebserver.MockWebServer$3 execute
信息: MockWebServer[61488] starting to accept connections
十二月 12, 2020 3:56:33 上午 okhttp3.mockwebserver.MockWebServer$4 processOneRequest
信息: MockWebServer[61488] received request: GET /status/notmodified HTTP/1.1 and responded: HTTP/1.1 304 Redirection
十二月 12, 2020 3:56:33 上午 okhttp3.mockwebserver.MockWebServer$3 acceptConnections
信息: MockWebServer[61488] done accepting connections: socket closed
十二月 12, 2020 3:56:33 上午 okhttp3.mockwebserver.MockWebServer$4 processOneRequest
信息: MockWebServer[61488] received request: GET /status/notmodified HTTP/1.1 and responded: HTTP/1.1 304 Redirection
十二月 12, 2020 3:56:33 上午 okhttp3.mockwebserver.MockWebServer$3 execute
信息: MockWebServer[61506] starting to accept connections
十二月 12, 2020 3:56:33 上午 okhttp3.mockwebserver.MockWebServer$4 processOneRequest
信息: MockWebServer[61506] received request: GET /status/server HTTP/1.1 and responded: HTTP/1.1 500 Server Error
十二月 12, 2020 3:56:33 上午 okhttp3.mockwebserver.MockWebServer$3 acceptConnections
信息: MockWebServer[61506] done accepting connections: socket closed
十二月 12, 2020 3:56:33 上午 okhttp3.mockwebserver.MockWebServer$3 execute
信息: MockWebServer[61508] starting to accept connections
十二月 12, 2020 3:56:33 上午 okhttp3.mockwebserver.MockWebServer$4 processOneRequest
信息: MockWebServer[61508] received request: GET /status/server HTTP/1.1 and responded: HTTP/1.1 500 Server Error
十二月 12, 2020 3:56:33 上午 okhttp3.mockwebserver.MockWebServer$3 acceptConnections
信息: MockWebServer[61508] done accepting connections: socket closed
十二月 12, 2020 3:56:33 上午 okhttp3.mockwebserver.MockWebServer$3 execute
信息: MockWebServer[61510] starting to accept connections
十二月 12, 2020 3:56:33 上午 okhttp3.mockwebserver.MockWebServer$4 processOneRequest
信息: MockWebServer[61510] received request: GET /status/server HTTP/1.1 and responded: HTTP/1.1 500 Server Error
十二月 12, 2020 3:56:33 上午 okhttp3.mockwebserver.MockWebServer$3 acceptConnections
信息: MockWebServer[61510] done accepting connections: socket closed
十二月 12, 2020 3:56:33 上午 okhttp3.mockwebserver.MockWebServer$3 execute
信息: MockWebServer[61512] starting to accept connections
十二月 12, 2020 3:56:33 上午 okhttp3.mockwebserver.MockWebServer$4 processOneRequest
信息: MockWebServer[61512] received request: GET /status/server HTTP/1.1 and responded: HTTP/1.1 500 Server Error
十二月 12, 2020 3:56:33 上午 okhttp3.mockwebserver.MockWebServer$3 acceptConnections
信息: MockWebServer[61512] done accepting connections: socket closed
十二月 12, 2020 3:56:33 上午 okhttp3.mockwebserver.MockWebServer$3 execute
信息: MockWebServer[61530] starting to accept connections
十二月 12, 2020 3:56:33 上午 okhttp3.mockwebserver.MockWebServer$4 processOneRequest
信息: MockWebServer[61530] received request: POST /jsonpost HTTP/1.1 and responded: HTTP/1.1 201 OK
十二月 12, 2020 3:56:33 上午 okhttp3.mockwebserver.MockWebServer$3 acceptConnections
信息: MockWebServer[61530] done accepting connections: socket closed
十二月 12, 2020 3:56:33 上午 okhttp3.mockwebserver.MockWebServer$3 execute
信息: MockWebServer[61534] starting to accept connections
十二月 12, 2020 3:56:33 上午 okhttp3.mockwebserver.MockWebServer$4 processOneRequest
信息: MockWebServer[61534] received request: POST /jsonpost HTTP/1.1 and responded: HTTP/1.1 201 OK
十二月 12, 2020 3:56:33 上午 okhttp3.mockwebserver.MockWebServer$3 acceptConnections
信息: MockWebServer[61534] done accepting connections: socket closed
十二月 12, 2020 3:56:33 上午 okhttp3.mockwebserver.MockWebServer$3 execute
信息: MockWebServer[61536] starting to accept connections
十二月 12, 2020 3:56:33 上午 okhttp3.mockwebserver.MockWebServer$4 processOneRequest
信息: MockWebServer[61536] received request: POST /jsonpost HTTP/1.1 and responded: HTTP/1.1 201 OK
十二月 12, 2020 3:56:33 上午 okhttp3.mockwebserver.MockWebServer$3 acceptConnections
信息: MockWebServer[61536] done accepting connections: socket closed
十二月 12, 2020 3:56:33 上午 okhttp3.mockwebserver.MockWebServer$3 execute
信息: MockWebServer[61538] starting to accept connections
十二月 12, 2020 3:56:33 上午 okhttp3.mockwebserver.MockWebServer$4 processOneRequest
信息: MockWebServer[61538] received request: POST /jsonpost HTTP/1.1 and responded: HTTP/1.1 201 OK
十二月 12, 2020 3:56:33 上午 okhttp3.mockwebserver.MockWebServer$3 acceptConnections
信息: MockWebServer[61538] done accepting connections: socket closed
十二月 12, 2020 3:56:33 上午 okhttp3.mockwebserver.MockWebServer$3 execute
信息: MockWebServer[61556] starting to accept connections
十二月 12, 2020 3:56:33 上午 okhttp3.mockwebserver.MockWebServer$4 processOneRequest
信息: MockWebServer[61556] received request: POST /post HTTP/1.1 and responded: HTTP/1.1 201 OK
十二月 12, 2020 3:56:33 上午 okhttp3.mockwebserver.MockWebServer$3 acceptConnections
信息: MockWebServer[61556] done accepting connections: socket closed
十二月 12, 2020 3:56:33 上午 okhttp3.mockwebserver.MockWebServer$3 execute
信息: MockWebServer[61563] starting to accept connections
十二月 12, 2020 3:56:33 上午 okhttp3.mockwebserver.MockWebServer$4 processOneRequest
信息: MockWebServer[61563] received request: POST /post HTTP/1.1 and responded: HTTP/1.1 201 OK
十二月 12, 2020 3:56:33 上午 okhttp3.mockwebserver.MockWebServer$3 acceptConnections
信息: MockWebServer[61563] done accepting connections: socket closed
十二月 12, 2020 3:56:33 上午 okhttp3.mockwebserver.MockWebServer$3 execute
信息: MockWebServer[61566] starting to accept connections
十二月 12, 2020 3:56:33 上午 okhttp3.mockwebserver.MockWebServer$4 processOneRequest
信息: MockWebServer[61566] received request: POST /post HTTP/1.1 and responded: HTTP/1.1 201 OK
十二月 12, 2020 3:56:33 上午 okhttp3.mockwebserver.MockWebServer$3 acceptConnections
信息: MockWebServer[61566] done accepting connections: socket closed
十二月 12, 2020 3:56:33 上午 okhttp3.mockwebserver.MockWebServer$3 execute
信息: MockWebServer[61568] starting to accept connections
十二月 12, 2020 3:56:33 上午 okhttp3.mockwebserver.MockWebServer$4 processOneRequest
信息: MockWebServer[61568] received request: POST /post HTTP/1.1 and responded: HTTP/1.1 201 OK
十二月 12, 2020 3:56:33 上午 okhttp3.mockwebserver.MockWebServer$3 acceptConnections
信息: MockWebServer[61568] done accepting connections: socket closed
十二月 12, 2020 3:56:33 上午 okhttp3.mockwebserver.MockWebServer$3 execute
信息: MockWebServer[61586] starting to accept connections
十二月 12, 2020 3:56:33 上午 okhttp3.mockwebserver.MockWebServer$4 processOneRequest
信息: MockWebServer[61586] received request: GET /status/badrequest HTTP/1.1 and responded: HTTP/1.1 400 Client Error
十二月 12, 2020 3:56:33 上午 okhttp3.mockwebserver.MockWebServer$3 acceptConnections
信息: MockWebServer[61586] done accepting connections: socket closed
十二月 12, 2020 3:56:33 上午 okhttp3.mockwebserver.MockWebServer$3 execute
信息: MockWebServer[61588] starting to accept connections
十二月 12, 2020 3:56:33 上午 okhttp3.mockwebserver.MockWebServer$4 processOneRequest
信息: MockWebServer[61588] received request: GET /status/badrequest HTTP/1.1 and responded: HTTP/1.1 400 Client Error
十二月 12, 2020 3:56:33 上午 okhttp3.mockwebserver.MockWebServer$3 acceptConnections
信息: MockWebServer[61588] done accepting connections: socket closed
十二月 12, 2020 3:56:33 上午 okhttp3.mockwebserver.MockWebServer$3 execute
信息: MockWebServer[61590] starting to accept connections
十二月 12, 2020 3:56:33 上午 okhttp3.mockwebserver.MockWebServer$4 processOneRequest
信息: MockWebServer[61590] received request: GET /status/badrequest HTTP/1.1 and responded: HTTP/1.1 400 Client Error
十二月 12, 2020 3:56:33 上午 okhttp3.mockwebserver.MockWebServer$3 acceptConnections
信息: MockWebServer[61590] done accepting connections: socket closed
十二月 12, 2020 3:56:33 上午 okhttp3.mockwebserver.MockWebServer$3 execute
信息: MockWebServer[61592] starting to accept connections
十二月 12, 2020 3:56:33 上午 okhttp3.mockwebserver.MockWebServer$4 processOneRequest
信息: MockWebServer[61592] received request: GET /status/badrequest HTTP/1.1 and responded: HTTP/1.1 400 Client Error
十二月 12, 2020 3:56:33 上午 okhttp3.mockwebserver.MockWebServer$3 acceptConnections
信息: MockWebServer[61592] done accepting connections: socket closed
十二月 12, 2020 3:56:33 上午 okhttp3.mockwebserver.MockWebServer$3 execute
信息: MockWebServer[61610] starting to accept connections
十二月 12, 2020 3:56:33 上午 okhttp3.mockwebserver.MockWebServer$4 processOneRequest
信息: MockWebServer[61610] received request: POST /post HTTP/1.1 and responded: HTTP/1.1 201 OK
十二月 12, 2020 3:56:33 上午 okhttp3.mockwebserver.MockWebServer$3 acceptConnections
信息: MockWebServer[61610] done accepting connections: socket closed
十二月 12, 2020 3:56:33 上午 okhttp3.mockwebserver.MockWebServer$3 execute
信息: MockWebServer[61613] starting to accept connections
十二月 12, 2020 3:56:33 上午 okhttp3.mockwebserver.MockWebServer$4 processOneRequest
信息: MockWebServer[61613] received request: POST /post HTTP/1.1 and responded: HTTP/1.1 201 OK
十二月 12, 2020 3:56:33 上午 okhttp3.mockwebserver.MockWebServer$3 acceptConnections
信息: MockWebServer[61613] done accepting connections: socket closed
十二月 12, 2020 3:56:34 上午 okhttp3.mockwebserver.MockWebServer$3 execute
信息: MockWebServer[61615] starting to accept connections
十二月 12, 2020 3:56:34 上午 okhttp3.mockwebserver.MockWebServer$4 processOneRequest
信息: MockWebServer[61615] received request: POST /post HTTP/1.1 and responded: HTTP/1.1 201 OK
十二月 12, 2020 3:56:34 上午 okhttp3.mockwebserver.MockWebServer$3 acceptConnections
信息: MockWebServer[61615] done accepting connections: socket closed
十二月 12, 2020 3:56:34 上午 okhttp3.mockwebserver.MockWebServer$3 execute
信息: MockWebServer[61617] starting to accept connections
十二月 12, 2020 3:56:34 上午 okhttp3.mockwebserver.MockWebServer$4 processOneRequest
信息: MockWebServer[61617] received request: POST /post HTTP/1.1 and responded: HTTP/1.1 201 OK
十二月 12, 2020 3:56:34 上午 okhttp3.mockwebserver.MockWebServer$3 acceptConnections
信息: MockWebServer[61617] done accepting connections: socket closed
十二月 12, 2020 3:56:34 上午 okhttp3.mockwebserver.MockWebServer$3 execute
信息: MockWebServer[61635] starting to accept connections
十二月 12, 2020 3:56:34 上午 okhttp3.mockwebserver.MockWebServer$4 processOneRequest
信息: MockWebServer[61635] received request: POST /post HTTP/1.1 and responded: HTTP/1.1 201 OK
十二月 12, 2020 3:56:34 上午 okhttp3.mockwebserver.MockWebServer$3 acceptConnections
信息: MockWebServer[61635] done accepting connections: socket closed
十二月 12, 2020 3:56:34 上午 okhttp3.mockwebserver.MockWebServer$3 execute
信息: MockWebServer[61637] starting to accept connections
十二月 12, 2020 3:56:34 上午 okhttp3.mockwebserver.MockWebServer$4 processOneRequest
信息: MockWebServer[61637] received request: POST /post HTTP/1.1 and responded: HTTP/1.1 201 OK
十二月 12, 2020 3:56:34 上午 okhttp3.mockwebserver.MockWebServer$3 acceptConnections
信息: MockWebServer[61637] done accepting connections: socket closed
十二月 12, 2020 3:56:34 上午 okhttp3.mockwebserver.MockWebServer$3 execute
信息: MockWebServer[61639] starting to accept connections
十二月 12, 2020 3:56:34 上午 okhttp3.mockwebserver.MockWebServer$4 processOneRequest
信息: MockWebServer[61639] received request: POST /post HTTP/1.1 and responded: HTTP/1.1 201 OK
十二月 12, 2020 3:56:34 上午 okhttp3.mockwebserver.MockWebServer$3 acceptConnections
信息: MockWebServer[61639] done accepting connections: socket closed
十二月 12, 2020 3:56:34 上午 okhttp3.mockwebserver.MockWebServer$3 execute
信息: MockWebServer[61641] starting to accept connections
十二月 12, 2020 3:56:34 上午 okhttp3.mockwebserver.MockWebServer$3 acceptConnections
信息: MockWebServer[61641] done accepting connections: socket closed
十二月 12, 2020 3:56:34 上午 okhttp3.mockwebserver.MockWebServer$4 processOneRequest
信息: MockWebServer[61641] received request: POST /post HTTP/1.1 and responded: HTTP/1.1 201 OK
十二月 12, 2020 3:56:34 上午 okhttp3.mockwebserver.MockWebServer$3 execute
信息: MockWebServer[61671] starting to accept connections
十二月 12, 2020 3:56:34 上午 okhttp3.mockwebserver.MockWebServer$4 processOneRequest
信息: MockWebServer[61671] received request: GET /uri/Z%C3%BCrich HTTP/1.1 and responded: HTTP/1.1 200 OK
十二月 12, 2020 3:56:34 上午 okhttp3.mockwebserver.MockWebServer$4 processOneRequest
信息: MockWebServer[61671] received request: GET /uri/query=foo@bar HTTP/1.1 and responded: HTTP/1.1 200 OK
十二月 12, 2020 3:56:34 上午 okhttp3.mockwebserver.MockWebServer$4 processOneRequest
信息: MockWebServer[61671] received request: GET /uri/query=T%C5%8Dky%C5%8D HTTP/1.1 and responded: HTTP/1.1 200 OK
十二月 12, 2020 3:56:34 上午 okhttp3.mockwebserver.MockWebServer$3 acceptConnections
信息: MockWebServer[61671] done accepting connections: socket closed
十二月 12, 2020 3:56:34 上午 okhttp3.mockwebserver.MockWebServer$3 execute
信息: MockWebServer[61673] starting to accept connections
十二月 12, 2020 3:56:34 上午 okhttp3.mockwebserver.MockWebServer$4 processOneRequest
信息: MockWebServer[61673] received request: GET /uri/Z%C3%BCrich HTTP/1.1 and responded: HTTP/1.1 200 OK
十二月 12, 2020 3:56:34 上午 okhttp3.mockwebserver.MockWebServer$4 processOneRequest
信息: MockWebServer[61673] received request: GET /uri/query=foo@bar HTTP/1.1 and responded: HTTP/1.1 200 OK
十二月 12, 2020 3:56:34 上午 okhttp3.mockwebserver.MockWebServer$4 processOneRequest
信息: MockWebServer[61673] received request: GET /uri/query=T%C5%8Dky%C5%8D HTTP/1.1 and responded: HTTP/1.1 200 OK
十二月 12, 2020 3:56:34 上午 okhttp3.mockwebserver.MockWebServer$3 acceptConnections
信息: MockWebServer[61673] done accepting connections: socket closed
十二月 12, 2020 3:56:34 上午 okhttp3.mockwebserver.MockWebServer$3 execute
信息: MockWebServer[61675] starting to accept connections
十二月 12, 2020 3:56:34 上午 okhttp3.mockwebserver.MockWebServer$4 processOneRequest
信息: MockWebServer[61675] received request: GET /uri/Z%C3%BCrich HTTP/1.1 and responded: HTTP/1.1 200 OK
十二月 12, 2020 3:56:34 上午 okhttp3.mockwebserver.MockWebServer$4 processOneRequest
信息: MockWebServer[61675] received request: GET /uri/query=foo@bar HTTP/1.1 and responded: HTTP/1.1 200 OK
十二月 12, 2020 3:56:34 上午 okhttp3.mockwebserver.MockWebServer$4 processOneRequest
信息: MockWebServer[61675] received request: GET /uri/query=T%C5%8Dky%C5%8D HTTP/1.1 and responded: HTTP/1.1 200 OK
十二月 12, 2020 3:56:34 上午 okhttp3.mockwebserver.MockWebServer$3 acceptConnections
信息: MockWebServer[61675] done accepting connections: socket closed
十二月 12, 2020 3:56:34 上午 okhttp3.mockwebserver.MockWebServer$3 execute
信息: MockWebServer[61686] starting to accept connections
十二月 12, 2020 3:56:34 上午 okhttp3.mockwebserver.MockWebServer$4 processOneRequest
信息: MockWebServer[61686] received request: GET /uri/Z%C3%BCrich HTTP/1.1 and responded: HTTP/1.1 200 OK
十二月 12, 2020 3:56:34 上午 okhttp3.mockwebserver.MockWebServer$4 processOneRequest
信息: MockWebServer[61686] received request: GET /uri/query=foo@bar HTTP/1.1 and responded: HTTP/1.1 200 OK
十二月 12, 2020 3:56:34 上午 okhttp3.mockwebserver.MockWebServer$4 processOneRequest
信息: MockWebServer[61686] received request: GET /uri/query=T%C5%8Dky%C5%8D HTTP/1.1 and responded: HTTP/1.1 200 OK
十二月 12, 2020 3:56:34 上午 okhttp3.mockwebserver.MockWebServer$3 acceptConnections
信息: MockWebServer[61686] done accepting connections: socket closed
十二月 12, 2020 3:56:34 上午 okhttp3.mockwebserver.MockWebServer$3 execute
信息: MockWebServer[61704] starting to accept connections
十二月 12, 2020 3:56:34 上午 okhttp3.mockwebserver.MockWebServer$4 processOneRequest
信息: MockWebServer[61704] received request: POST /form HTTP/1.1 and responded: HTTP/1.1 200 OK
十二月 12, 2020 3:56:34 上午 okhttp3.mockwebserver.MockWebServer$3 acceptConnections
信息: MockWebServer[61704] done accepting connections: socket closed
十二月 12, 2020 3:56:35 上午 okhttp3.mockwebserver.MockWebServer$3 execute
信息: MockWebServer[61706] starting to accept connections
十二月 12, 2020 3:56:35 上午 okhttp3.mockwebserver.MockWebServer$4 processOneRequest
信息: MockWebServer[61706] received request: POST /form HTTP/1.1 and responded: HTTP/1.1 200 OK
十二月 12, 2020 3:56:35 上午 okhttp3.mockwebserver.MockWebServer$3 acceptConnections
信息: MockWebServer[61706] done accepting connections: socket closed
十二月 12, 2020 3:56:35 上午 okhttp3.mockwebserver.MockWebServer$3 execute
信息: MockWebServer[61710] starting to accept connections
十二月 12, 2020 3:56:35 上午 okhttp3.mockwebserver.MockWebServer$4 processOneRequest
信息: MockWebServer[61710] received request: POST /form HTTP/1.1 and responded: HTTP/1.1 200 OK
十二月 12, 2020 3:56:35 上午 okhttp3.mockwebserver.MockWebServer$3 acceptConnections
信息: MockWebServer[61710] done accepting connections: socket closed
十二月 12, 2020 3:56:35 上午 okhttp3.mockwebserver.MockWebServer$3 execute
信息: MockWebServer[61712] starting to accept connections
十二月 12, 2020 3:56:35 上午 okhttp3.mockwebserver.MockWebServer$4 processOneRequest
信息: MockWebServer[61712] received request: POST /form HTTP/1.1 and responded: HTTP/1.1 200 OK
十二月 12, 2020 3:56:35 上午 okhttp3.mockwebserver.MockWebServer$3 acceptConnections
信息: MockWebServer[61712] done accepting connections: socket closed
十二月 12, 2020 3:56:35 上午 okhttp3.mockwebserver.MockWebServer$3 execute
信息: MockWebServer[61730] starting to accept connections
十二月 12, 2020 3:56:35 上午 okhttp3.mockwebserver.MockWebServer$4 processOneRequest
信息: MockWebServer[61730] received request: POST /multipartRelated HTTP/1.1 and responded: HTTP/1.1 200 OK
十二月 12, 2020 3:56:35 上午 okhttp3.mockwebserver.MockWebServer$3 acceptConnections
信息: MockWebServer[61730] done accepting connections: socket closed
十二月 12, 2020 3:56:35 上午 okhttp3.mockwebserver.MockWebServer$3 execute
信息: MockWebServer[61744] starting to accept connections
十二月 12, 2020 3:56:35 上午 okhttp3.mockwebserver.MockWebServer$4 processOneRequest
信息: MockWebServer[61744] received request: POST /multipartRelated HTTP/1.1 and responded: HTTP/1.1 200 OK
十二月 12, 2020 3:56:35 上午 okhttp3.mockwebserver.MockWebServer$3 acceptConnections
信息: MockWebServer[61744] done accepting connections: socket closed
十二月 12, 2020 3:56:35 上午 okhttp3.mockwebserver.MockWebServer$3 execute
信息: MockWebServer[61746] starting to accept connections
十二月 12, 2020 3:56:35 上午 okhttp3.mockwebserver.MockWebServer$4 processOneRequest
信息: MockWebServer[61746] received request: POST /multipartRelated HTTP/1.1 and responded: HTTP/1.1 200 OK
十二月 12, 2020 3:56:35 上午 okhttp3.mockwebserver.MockWebServer$3 acceptConnections
信息: MockWebServer[61746] done accepting connections: socket closed
十二月 12, 2020 3:56:35 上午 okhttp3.mockwebserver.MockWebServer$3 execute
信息: MockWebServer[61748] starting to accept connections
十二月 12, 2020 3:56:35 上午 okhttp3.mockwebserver.MockWebServer$4 processOneRequest
信息: MockWebServer[61748] received request: POST /multipartRelated HTTP/1.1 and responded: HTTP/1.1 200 OK
十二月 12, 2020 3:56:35 上午 okhttp3.mockwebserver.MockWebServer$3 acceptConnections
信息: MockWebServer[61748] done accepting connections: socket closed
十二月 12, 2020 3:56:35 上午 okhttp3.mockwebserver.MockWebServer$3 execute
信息: MockWebServer[61766] starting to accept connections
十二月 12, 2020 3:56:35 上午 okhttp3.mockwebserver.MockWebServer$4 processOneRequest
信息: MockWebServer[61766] received request: GET /get HTTP/1.1 and responded: HTTP/1.1 200 OK
十二月 12, 2020 3:56:35 上午 okhttp3.mockwebserver.MockWebServer$3 acceptConnections
信息: MockWebServer[61766] done accepting connections: socket closed
十二月 12, 2020 3:56:35 上午 okhttp3.mockwebserver.MockWebServer$3 execute
信息: MockWebServer[61768] starting to accept connections
十二月 12, 2020 3:56:35 上午 okhttp3.mockwebserver.MockWebServer$4 processOneRequest
信息: MockWebServer[61768] received request: GET /get HTTP/1.1 and responded: HTTP/1.1 200 OK
十二月 12, 2020 3:56:35 上午 okhttp3.mockwebserver.MockWebServer$3 acceptConnections
信息: MockWebServer[61768] done accepting connections: socket closed
十二月 12, 2020 3:56:35 上午 okhttp3.mockwebserver.MockWebServer$3 execute
信息: MockWebServer[61770] starting to accept connections
十二月 12, 2020 3:56:35 上午 okhttp3.mockwebserver.MockWebServer$4 processOneRequest
信息: MockWebServer[61770] received request: GET /get HTTP/1.1 and responded: HTTP/1.1 200 OK
十二月 12, 2020 3:56:35 上午 okhttp3.mockwebserver.MockWebServer$3 acceptConnections
信息: MockWebServer[61770] done accepting connections: socket closed
十二月 12, 2020 3:56:35 上午 okhttp3.mockwebserver.MockWebServer$3 execute
信息: MockWebServer[61772] starting to accept connections
十二月 12, 2020 3:56:35 上午 okhttp3.mockwebserver.MockWebServer$4 processOneRequest
信息: MockWebServer[61772] received request: GET /get HTTP/1.1 and responded: HTTP/1.1 200 OK
十二月 12, 2020 3:56:35 上午 okhttp3.mockwebserver.MockWebServer$3 acceptConnections
信息: MockWebServer[61772] done accepting connections: socket closed
十二月 12, 2020 3:56:35 上午 okhttp3.mockwebserver.MockWebServer$3 execute
信息: MockWebServer[61790] starting to accept connections
十二月 12, 2020 3:56:35 上午 okhttp3.mockwebserver.MockWebServer$4 processOneRequest
信息: MockWebServer[61790] received request: GET /get/nothing HTTP/1.1 and responded: HTTP/1.1 200 OK
十二月 12, 2020 3:56:35 上午 okhttp3.mockwebserver.MockWebServer$3 acceptConnections
信息: MockWebServer[61790] done accepting connections: socket closed
十二月 12, 2020 3:56:35 上午 okhttp3.mockwebserver.MockWebServer$3 execute
信息: MockWebServer[61798] starting to accept connections
十二月 12, 2020 3:56:35 上午 okhttp3.mockwebserver.MockWebServer$4 processOneRequest
信息: MockWebServer[61798] received request: GET /get/nothing HTTP/1.1 and responded: HTTP/1.1 200 OK
十二月 12, 2020 3:56:35 上午 okhttp3.mockwebserver.MockWebServer$3 acceptConnections
信息: MockWebServer[61798] done accepting connections: socket closed
十二月 12, 2020 3:56:35 上午 okhttp3.mockwebserver.MockWebServer$3 execute
信息: MockWebServer[61800] starting to accept connections
十二月 12, 2020 3:56:35 上午 okhttp3.mockwebserver.MockWebServer$4 processOneRequest
信息: MockWebServer[61800] received request: GET /get/nothing HTTP/1.1 and responded: HTTP/1.1 200 OK
十二月 12, 2020 3:56:35 上午 okhttp3.mockwebserver.MockWebServer$3 acceptConnections
信息: MockWebServer[61800] done accepting connections: socket closed
十二月 12, 2020 3:56:35 上午 okhttp3.mockwebserver.MockWebServer$3 execute
信息: MockWebServer[61805] starting to accept connections
十二月 12, 2020 3:56:35 上午 okhttp3.mockwebserver.MockWebServer$4 processOneRequest
信息: MockWebServer[61805] received request: GET /get/nothing HTTP/1.1 and responded: HTTP/1.1 200 OK
十二月 12, 2020 3:56:35 上午 okhttp3.mockwebserver.MockWebServer$3 acceptConnections
信息: MockWebServer[61805] done accepting connections: socket closed
十二月 12, 2020 3:56:35 上午 okhttp3.mockwebserver.MockWebServer$3 execute
信息: MockWebServer[61826] starting to accept connections
十二月 12, 2020 3:56:35 上午 okhttp3.mockwebserver.MockWebServer$3 acceptConnections
信息: MockWebServer[61826] done accepting connections: Socket is closed
十二月 12, 2020 3:56:35 上午 okhttp3.mockwebserver.MockWebServer$3 execute
信息: MockWebServer[61827] starting to accept connections
十二月 12, 2020 3:56:35 上午 okhttp3.mockwebserver.MockWebServer$4 processOneRequest
信息: MockWebServer[61827] received request: PATCH /patch HTTP/1.1 and responded: HTTP/1.1 201 OK
十二月 12, 2020 3:56:35 上午 okhttp3.mockwebserver.MockWebServer$3 acceptConnections
信息: MockWebServer[61827] done accepting connections: socket closed
十二月 12, 2020 3:56:35 上午 okhttp3.mockwebserver.MockWebServer$3 execute
信息: MockWebServer[61829] starting to accept connections
十二月 12, 2020 3:56:35 上午 okhttp3.mockwebserver.MockWebServer$4 processOneRequest
信息: MockWebServer[61829] received request: PATCH /patch HTTP/1.1 and responded: HTTP/1.1 201 OK
十二月 12, 2020 3:56:35 上午 okhttp3.mockwebserver.MockWebServer$3 acceptConnections
信息: MockWebServer[61829] done accepting connections: socket closed
十二月 12, 2020 3:56:35 上午 okhttp3.mockwebserver.MockWebServer$3 execute
信息: MockWebServer[61831] starting to accept connections
十二月 12, 2020 3:56:35 上午 okhttp3.mockwebserver.MockWebServer$4 processOneRequest
信息: MockWebServer[61831] received request: PATCH /patch HTTP/1.1 and responded: HTTP/1.1 201 OK
十二月 12, 2020 3:56:35 上午 okhttp3.mockwebserver.MockWebServer$3 acceptConnections
信息: MockWebServer[61831] done accepting connections: socket closed
十二月 12, 2020 3:56:35 上午 okhttp3.mockwebserver.MockWebServer$3 execute
信息: MockWebServer[61849] starting to accept connections
十二月 12, 2020 3:56:35 上午 okhttp3.mockwebserver.MockWebServer$4 processOneRequest
信息: MockWebServer[61849] received request: GET /get HTTP/1.1 and responded: HTTP/1.1 200 OK
十二月 12, 2020 3:56:35 上午 okhttp3.mockwebserver.MockWebServer$3 acceptConnections
信息: MockWebServer[61849] done accepting connections: socket closed
十二月 12, 2020 3:56:35 上午 okhttp3.mockwebserver.MockWebServer$3 execute
信息: MockWebServer[61851] starting to accept connections
十二月 12, 2020 3:56:35 上午 okhttp3.mockwebserver.MockWebServer$4 processOneRequest
信息: MockWebServer[61851] received request: GET /get HTTP/1.1 and responded: HTTP/1.1 200 OK
十二月 12, 2020 3:56:35 上午 okhttp3.mockwebserver.MockWebServer$3 acceptConnections
信息: MockWebServer[61851] done accepting connections: socket closed
十二月 12, 2020 3:56:35 上午 okhttp3.mockwebserver.MockWebServer$3 execute
信息: MockWebServer[61853] starting to accept connections
十二月 12, 2020 3:56:35 上午 okhttp3.mockwebserver.MockWebServer$4 processOneRequest
信息: MockWebServer[61853] received request: GET /get HTTP/1.1 and responded: HTTP/1.1 200 OK
十二月 12, 2020 3:56:35 上午 okhttp3.mockwebserver.MockWebServer$3 acceptConnections
信息: MockWebServer[61853] done accepting connections: socket closed
十二月 12, 2020 3:56:35 上午 okhttp3.mockwebserver.MockWebServer$3 execute
信息: MockWebServer[61855] starting to accept connections
十二月 12, 2020 3:56:35 上午 okhttp3.mockwebserver.MockWebServer$4 processOneRequest
信息: MockWebServer[61855] received request: GET /get HTTP/1.1 and responded: HTTP/1.1 200 OK
十二月 12, 2020 3:56:35 上午 okhttp3.mockwebserver.MockWebServer$3 acceptConnections
信息: MockWebServer[61855] done accepting connections: socket closed
十二月 12, 2020 3:56:35 上午 okhttp3.mockwebserver.MockWebServer$3 execute
信息: MockWebServer[61873] starting to accept connections
十二月 12, 2020 3:56:35 上午 okhttp3.mockwebserver.MockWebServer$4 processOneRequest
信息: MockWebServer[61873] received request: OPTIONS /get HTTP/1.1 and responded: HTTP/1.1 200 OK
十二月 12, 2020 3:56:35 上午 okhttp3.mockwebserver.MockWebServer$3 acceptConnections
信息: MockWebServer[61873] done accepting connections: socket closed
十二月 12, 2020 3:56:35 上午 okhttp3.mockwebserver.MockWebServer$3 execute
信息: MockWebServer[61875] starting to accept connections
十二月 12, 2020 3:56:35 上午 okhttp3.mockwebserver.MockWebServer$4 processOneRequest
信息: MockWebServer[61875] received request: OPTIONS /get HTTP/1.1 and responded: HTTP/1.1 200 OK
十二月 12, 2020 3:56:35 上午 okhttp3.mockwebserver.MockWebServer$3 acceptConnections
信息: MockWebServer[61875] done accepting connections: socket closed
十二月 12, 2020 3:56:35 上午 okhttp3.mockwebserver.MockWebServer$3 execute
信息: MockWebServer[61879] starting to accept connections
十二月 12, 2020 3:56:35 上午 okhttp3.mockwebserver.MockWebServer$4 processOneRequest
信息: MockWebServer[61879] received request: OPTIONS /get HTTP/1.1 and responded: HTTP/1.1 200 OK
十二月 12, 2020 3:56:35 上午 okhttp3.mockwebserver.MockWebServer$3 acceptConnections
信息: MockWebServer[61879] done accepting connections: socket closed
十二月 12, 2020 3:56:35 上午 okhttp3.mockwebserver.MockWebServer$3 execute
信息: MockWebServer[61881] starting to accept connections
十二月 12, 2020 3:56:35 上午 okhttp3.mockwebserver.MockWebServer$4 processOneRequest
信息: MockWebServer[61881] received request: OPTIONS /get HTTP/1.1 and responded: HTTP/1.1 200 OK
十二月 12, 2020 3:56:35 上午 okhttp3.mockwebserver.MockWebServer$3 acceptConnections
信息: MockWebServer[61881] done accepting connections: socket closed
十二月 12, 2020 3:56:35 上午 okhttp3.mockwebserver.MockWebServer$3 execute
信息: MockWebServer[61899] starting to accept connections
十二月 12, 2020 3:56:35 上午 okhttp3.mockwebserver.MockWebServer$4 processOneRequest
信息: MockWebServer[61899] received request: POST /post HTTP/1.1 and responded: HTTP/1.1 201 OK
十二月 12, 2020 3:56:35 上午 okhttp3.mockwebserver.MockWebServer$3 acceptConnections
信息: MockWebServer[61899] done accepting connections: socket closed
十二月 12, 2020 3:56:35 上午 okhttp3.mockwebserver.MockWebServer$3 execute
信息: MockWebServer[61901] starting to accept connections
十二月 12, 2020 3:56:36 上午 okhttp3.mockwebserver.MockWebServer$4 processOneRequest
信息: MockWebServer[61901] received request: POST /post HTTP/1.1 and responded: HTTP/1.1 201 OK
十二月 12, 2020 3:56:36 上午 okhttp3.mockwebserver.MockWebServer$3 acceptConnections
信息: MockWebServer[61901] done accepting connections: socket closed
十二月 12, 2020 3:56:36 上午 okhttp3.mockwebserver.MockWebServer$3 execute
信息: MockWebServer[61903] starting to accept connections
十二月 12, 2020 3:56:36 上午 okhttp3.mockwebserver.MockWebServer$4 processOneRequest
信息: MockWebServer[61903] received request: POST /post HTTP/1.1 and responded: HTTP/1.1 201 OK
十二月 12, 2020 3:56:36 上午 okhttp3.mockwebserver.MockWebServer$3 acceptConnections
信息: MockWebServer[61903] done accepting connections: socket closed
十二月 12, 2020 3:56:36 上午 okhttp3.mockwebserver.MockWebServer$3 execute
信息: MockWebServer[61905] starting to accept connections
十二月 12, 2020 3:56:36 上午 okhttp3.mockwebserver.MockWebServer$4 processOneRequest
信息: MockWebServer[61905] received request: POST /post HTTP/1.1 and responded: HTTP/1.1 201 OK
十二月 12, 2020 3:56:36 上午 okhttp3.mockwebserver.MockWebServer$3 acceptConnections
信息: MockWebServer[61905] done accepting connections: socket closed
十二月 12, 2020 3:56:36 上午 okhttp3.mockwebserver.MockWebServer$3 execute
信息: MockWebServer[61923] starting to accept connections
十二月 12, 2020 3:56:36 上午 okhttp3.mockwebserver.MockWebServer$4 processOneRequest
信息: MockWebServer[61923] received request: GET /status/nocontent HTTP/1.1 and responded: HTTP/1.1 204 OK
十二月 12, 2020 3:56:36 上午 okhttp3.mockwebserver.MockWebServer$4 processOneRequest
信息: MockWebServer[61923] received request: GET /status/nocontent HTTP/1.1 and responded: HTTP/1.1 204 OK
十二月 12, 2020 3:56:36 上午 okhttp3.mockwebserver.MockWebServer$3 acceptConnections
信息: MockWebServer[61923] done accepting connections: socket closed
十二月 12, 2020 3:56:36 上午 okhttp3.mockwebserver.MockWebServer$3 execute
信息: MockWebServer[61931] starting to accept connections
十二月 12, 2020 3:56:36 上午 okhttp3.mockwebserver.MockWebServer$4 processOneRequest
信息: MockWebServer[61931] received request: GET /status/nocontent HTTP/1.1 and responded: HTTP/1.1 204 OK
十二月 12, 2020 3:56:36 上午 okhttp3.mockwebserver.MockWebServer$4 processOneRequest
信息: MockWebServer[61931] received request: GET /status/nocontent HTTP/1.1 and responded: HTTP/1.1 204 OK
十二月 12, 2020 3:56:36 上午 okhttp3.mockwebserver.MockWebServer$3 acceptConnections
信息: MockWebServer[61931] done accepting connections: socket closed
十二月 12, 2020 3:56:36 上午 okhttp3.mockwebserver.MockWebServer$3 execute
信息: MockWebServer[61933] starting to accept connections
十二月 12, 2020 3:56:36 上午 okhttp3.mockwebserver.MockWebServer$4 processOneRequest
信息: MockWebServer[61933] received request: GET /status/nocontent HTTP/1.1 and responded: HTTP/1.1 204 OK
十二月 12, 2020 3:56:36 上午 okhttp3.mockwebserver.MockWebServer$4 processOneRequest
信息: MockWebServer[61933] received request: GET /status/nocontent HTTP/1.1 and responded: HTTP/1.1 204 OK
十二月 12, 2020 3:56:36 上午 okhttp3.mockwebserver.MockWebServer$3 acceptConnections
信息: MockWebServer[61933] done accepting connections: socket closed
十二月 12, 2020 3:56:36 上午 okhttp3.mockwebserver.MockWebServer$3 execute
信息: MockWebServer[61936] starting to accept connections
十二月 12, 2020 3:56:36 上午 okhttp3.mockwebserver.MockWebServer$4 processOneRequest
信息: MockWebServer[61936] received request: GET /status/nocontent HTTP/1.1 and responded: HTTP/1.1 204 OK
十二月 12, 2020 3:56:36 上午 okhttp3.mockwebserver.MockWebServer$4 processOneRequest
信息: MockWebServer[61936] received request: GET /status/nocontent HTTP/1.1 and responded: HTTP/1.1 204 OK
十二月 12, 2020 3:56:36 上午 okhttp3.mockwebserver.MockWebServer$3 acceptConnections
信息: MockWebServer[61936] done accepting connections: socket closed
十二月 12, 2020 3:56:36 上午 okhttp3.mockwebserver.MockWebServer$3 execute
信息: MockWebServer[61954] starting to accept connections
十二月 12, 2020 3:56:36 上午 okhttp3.mockwebserver.MockWebServer$4 processOneRequest
信息: MockWebServer[61954] received request: GET /status/notfound HTTP/1.1 and responded: HTTP/1.1 404 Client Error
十二月 12, 2020 3:56:36 上午 okhttp3.mockwebserver.MockWebServer$3 acceptConnections
信息: MockWebServer[61954] done accepting connections: socket closed
十二月 12, 2020 3:56:36 上午 okhttp3.mockwebserver.MockWebServer$3 execute
信息: MockWebServer[61956] starting to accept connections
十二月 12, 2020 3:56:36 上午 okhttp3.mockwebserver.MockWebServer$4 processOneRequest
信息: MockWebServer[61956] received request: GET /status/notfound HTTP/1.1 and responded: HTTP/1.1 404 Client Error
十二月 12, 2020 3:56:36 上午 okhttp3.mockwebserver.MockWebServer$3 acceptConnections
信息: MockWebServer[61956] done accepting connections: socket closed
十二月 12, 2020 3:56:36 上午 okhttp3.mockwebserver.MockWebServer$3 execute
信息: MockWebServer[61958] starting to accept connections
十二月 12, 2020 3:56:36 上午 okhttp3.mockwebserver.MockWebServer$4 processOneRequest
信息: MockWebServer[61958] received request: GET /status/notfound HTTP/1.1 and responded: HTTP/1.1 404 Client Error
十二月 12, 2020 3:56:36 上午 okhttp3.mockwebserver.MockWebServer$3 acceptConnections
信息: MockWebServer[61958] done accepting connections: socket closed
十二月 12, 2020 3:56:36 上午 okhttp3.mockwebserver.MockWebServer$3 execute
信息: MockWebServer[61960] starting to accept connections
十二月 12, 2020 3:56:36 上午 okhttp3.mockwebserver.MockWebServer$3 acceptConnections
信息: MockWebServer[61960] done accepting connections: socket closed
十二月 12, 2020 3:56:36 上午 okhttp3.mockwebserver.MockWebServer$4 processOneRequest
信息: MockWebServer[61960] received request: GET /status/notfound HTTP/1.1 and responded: HTTP/1.1 404 Client Error
十二月 12, 2020 3:56:36 上午 okhttp3.mockwebserver.MockWebServer$3 execute
信息: MockWebServer[61978] starting to accept connections
十二月 12, 2020 3:56:36 上午 okhttp3.mockwebserver.MockWebServer$4 processOneRequest
信息: MockWebServer[61978] received request: POST /multipartFormData HTTP/1.1 and responded: HTTP/1.1 200 OK
十二月 12, 2020 3:56:36 上午 okhttp3.mockwebserver.MockWebServer$3 acceptConnections
信息: MockWebServer[61978] done accepting connections: socket closed
十二月 12, 2020 3:56:36 上午 okhttp3.mockwebserver.MockWebServer$3 execute
信息: MockWebServer[61980] starting to accept connections
十二月 12, 2020 3:56:36 上午 okhttp3.mockwebserver.MockWebServer$4 processOneRequest
信息: MockWebServer[61980] received request: POST /multipartFormData HTTP/1.1 and responded: HTTP/1.1 200 OK
十二月 12, 2020 3:56:36 上午 okhttp3.mockwebserver.MockWebServer$3 acceptConnections
信息: MockWebServer[61980] done accepting connections: socket closed
十二月 12, 2020 3:56:36 上午 okhttp3.mockwebserver.MockWebServer$3 execute
信息: MockWebServer[61982] starting to accept connections
十二月 12, 2020 3:56:36 上午 okhttp3.mockwebserver.MockWebServer$4 processOneRequest
信息: MockWebServer[61982] received request: POST /multipartFormData HTTP/1.1 and responded: HTTP/1.1 200 OK
十二月 12, 2020 3:56:36 上午 okhttp3.mockwebserver.MockWebServer$3 acceptConnections
信息: MockWebServer[61982] done accepting connections: socket closed
十二月 12, 2020 3:56:36 上午 okhttp3.mockwebserver.MockWebServer$3 execute
信息: MockWebServer[61984] starting to accept connections
十二月 12, 2020 3:56:36 上午 okhttp3.mockwebserver.MockWebServer$4 processOneRequest
信息: MockWebServer[61984] received request: POST /multipartFormData HTTP/1.1 and responded: HTTP/1.1 200 OK
十二月 12, 2020 3:56:36 上午 okhttp3.mockwebserver.MockWebServer$3 acceptConnections
信息: MockWebServer[61984] done accepting connections: socket closed
十二月 12, 2020 3:56:36 上午 okhttp3.mockwebserver.MockWebServer$3 execute
信息: MockWebServer[62002] starting to accept connections
十二月 12, 2020 3:56:36 上午 okhttp3.mockwebserver.MockWebServer$4 processOneRequest
信息: MockWebServer[62002] received request: POST /jsonpost HTTP/1.1 and responded: HTTP/1.1 201 OK
十二月 12, 2020 3:56:36 上午 okhttp3.mockwebserver.MockWebServer$3 acceptConnections
信息: MockWebServer[62002] done accepting connections: socket closed
十二月 12, 2020 3:56:36 上午 okhttp3.mockwebserver.MockWebServer$3 execute
信息: MockWebServer[62004] starting to accept connections
十二月 12, 2020 3:56:36 上午 okhttp3.mockwebserver.MockWebServer$4 processOneRequest
信息: MockWebServer[62004] received request: POST /jsonpost HTTP/1.1 and responded: HTTP/1.1 201 OK
十二月 12, 2020 3:56:36 上午 okhttp3.mockwebserver.MockWebServer$3 acceptConnections
信息: MockWebServer[62004] done accepting connections: socket closed
十二月 12, 2020 3:56:36 上午 okhttp3.mockwebserver.MockWebServer$3 execute
信息: MockWebServer[62006] starting to accept connections
十二月 12, 2020 3:56:36 上午 okhttp3.mockwebserver.MockWebServer$4 processOneRequest
信息: MockWebServer[62006] received request: POST /jsonpost HTTP/1.1 and responded: HTTP/1.1 201 OK
十二月 12, 2020 3:56:36 上午 okhttp3.mockwebserver.MockWebServer$3 acceptConnections
信息: MockWebServer[62006] done accepting connections: socket closed
十二月 12, 2020 3:56:36 上午 okhttp3.mockwebserver.MockWebServer$3 execute
信息: MockWebServer[62008] starting to accept connections
十二月 12, 2020 3:56:36 上午 okhttp3.mockwebserver.MockWebServer$4 processOneRequest
信息: MockWebServer[62008] received request: POST /jsonpost HTTP/1.1 and responded: HTTP/1.1 201 OK
十二月 12, 2020 3:56:36 上午 okhttp3.mockwebserver.MockWebServer$3 acceptConnections
信息: MockWebServer[62008] done accepting connections: socket closed
]]></system-err>
</testsuite>
