<?xml version="1.0" encoding="UTF-8"?>
<testsuite name="org.springframework.web.method.annotation.ModelMethodProcessorTests" tests="4" skipped="0" failures="0" errors="0" timestamp="2020-12-11T19:56:42" hostname="DESKTOP-TMNPDT1" time="0.002">
  <properties/>
  <testcase name="supportsParameter()" classname="org.springframework.web.method.annotation.ModelMethodProcessorTests" time="0.0"/>
  <testcase name="resolveArgumentValue()" classname="org.springframework.web.method.annotation.ModelMethodProcessorTests" time="0.0"/>
  <testcase name="supportsReturnType()" classname="org.springframework.web.method.annotation.ModelMethodProcessorTests" time="0.001"/>
  <testcase name="handleModelReturnValue()" classname="org.springframework.web.method.annotation.ModelMethodProcessorTests" time="0.0"/>
  <system-out><![CDATA[]]></system-out>
  <system-err><![CDATA[]]></system-err>
</testsuite>
