<?xml version="1.0" encoding="UTF-8"?>
<testsuite name="org.springframework.context.index.processor.CandidateComponentsIndexerTests" tests="25" skipped="0" failures="0" errors="0" timestamp="2020-12-12T06:22:57" hostname="DESKTOP-TMNPDT1" time="11.125">
  <properties/>
  <testcase name="persistenceEmbeddable()" classname="org.springframework.context.index.processor.CandidateComponentsIndexerTests" time="2.487"/>
  <testcase name="stereotypeService()" classname="org.springframework.context.index.processor.CandidateComponentsIndexerTests" time="0.408"/>
  <testcase name="cdiNamed()" classname="org.springframework.context.index.processor.CandidateComponentsIndexerTests" time="0.616"/>
  <testcase name="typeStereotypeFromInterfaceFromSuperClass()" classname="org.springframework.context.index.processor.CandidateComponentsIndexerTests" time="0.422"/>
  <testcase name="typeStereotypeOnIndexedInterface()" classname="org.springframework.context.index.processor.CandidateComponentsIndexerTests" time="0.447"/>
  <testcase name="stereotypeRepository()" classname="org.springframework.context.index.processor.CandidateComponentsIndexerTests" time="0.393"/>
  <testcase name="stereotypeControllerMetaAnnotation()" classname="org.springframework.context.index.processor.CandidateComponentsIndexerTests" time="0.271"/>
  <testcase name="embeddedNonStaticCandidateAreIgnored()" classname="org.springframework.context.index.processor.CandidateComponentsIndexerTests" time="0.184"/>
  <testcase name="noAnnotation()" classname="org.springframework.context.index.processor.CandidateComponentsIndexerTests" time="1.722"/>
  <testcase name="typeStereotypeFromMetaInterface()" classname="org.springframework.context.index.processor.CandidateComponentsIndexerTests" time="0.491"/>
  <testcase name="stereotypeOnAbstractClass()" classname="org.springframework.context.index.processor.CandidateComponentsIndexerTests" time="0.227"/>
  <testcase name="typeStereotypeFromSeveralInterfaces()" classname="org.springframework.context.index.processor.CandidateComponentsIndexerTests" time="0.265"/>
  <testcase name="typeStereotypeOnInterfaceFromSeveralInterfaces()" classname="org.springframework.context.index.processor.CandidateComponentsIndexerTests" time="0.405"/>
  <testcase name="cdiManagedBean()" classname="org.springframework.context.index.processor.CandidateComponentsIndexerTests" time="0.328"/>
  <testcase name="embeddedCandidatesAreDetected()" classname="org.springframework.context.index.processor.CandidateComponentsIndexerTests" time="0.298"/>
  <testcase name="stereotypeControllerMetaIndex()" classname="org.springframework.context.index.processor.CandidateComponentsIndexerTests" time="0.393"/>
  <testcase name="persistenceEntity()" classname="org.springframework.context.index.processor.CandidateComponentsIndexerTests" time="0.246"/>
  <testcase name="packageInfo()" classname="org.springframework.context.index.processor.CandidateComponentsIndexerTests" time="0.155"/>
  <testcase name="persistenceConverter()" classname="org.springframework.context.index.processor.CandidateComponentsIndexerTests" time="0.205"/>
  <testcase name="typeStereotypeOnInterface()" classname="org.springframework.context.index.processor.CandidateComponentsIndexerTests" time="0.208"/>
  <testcase name="cdiTransactional()" classname="org.springframework.context.index.processor.CandidateComponentsIndexerTests" time="0.164"/>
  <testcase name="persistenceMappedSuperClass()" classname="org.springframework.context.index.processor.CandidateComponentsIndexerTests" time="0.168"/>
  <testcase name="stereotypeController()" classname="org.springframework.context.index.processor.CandidateComponentsIndexerTests" time="0.16"/>
  <testcase name="noCandidate()" classname="org.springframework.context.index.processor.CandidateComponentsIndexerTests" time="0.18"/>
  <testcase name="stereotypeComponent()" classname="org.springframework.context.index.processor.CandidateComponentsIndexerTests" time="0.205"/>
  <system-out><![CDATA[]]></system-out>
  <system-err><![CDATA[]]></system-err>
</testsuite>
