<?xml version="1.0" encoding="UTF-8"?>
<testsuite name="org.springframework.aop.aspectj.DeclareParentsTests" tests="2" skipped="0" failures="0" errors="0" timestamp="2020-12-12T06:25:55" hostname="DESKTOP-TMNPDT1" time="0.12">
  <properties/>
  <testcase name="testLockingWorks()" classname="org.springframework.aop.aspectj.DeclareParentsTests" time="0.058"/>
  <testcase name="testIntroductionWasMade()" classname="org.springframework.aop.aspectj.DeclareParentsTests" time="0.062"/>
  <system-out><![CDATA[]]></system-out>
  <system-err><![CDATA[]]></system-err>
</testsuite>
