<?xml version="1.0" encoding="UTF-8"?>
<testsuite name="org.springframework.context.annotation.Spr16179Tests" tests="1" skipped="0" failures="0" errors="0" timestamp="2020-12-12T06:27:12" hostname="DESKTOP-TMNPDT1" time="0.021">
  <properties/>
  <testcase name="repro()" classname="org.springframework.context.annotation.Spr16179Tests" time="0.021"/>
  <system-out><![CDATA[]]></system-out>
  <system-err><![CDATA[]]></system-err>
</testsuite>
