<?xml version="1.0" encoding="UTF-8"?>
<testsuite name="org.springframework.context.annotation.AutoProxyLazyInitTests" tests="4" skipped="0" failures="0" errors="0" timestamp="2020-12-12T06:26:40" hostname="DESKTOP-TMNPDT1" time="0.103">
  <properties/>
  <testcase name="withNonStaticBeanMethodAndInterface()" classname="org.springframework.context.annotation.AutoProxyLazyInitTests" time="0.05"/>
  <testcase name="withStaticBeanMethodAndInterface()" classname="org.springframework.context.annotation.AutoProxyLazyInitTests" time="0.023"/>
  <testcase name="withStaticBeanMethod()" classname="org.springframework.context.annotation.AutoProxyLazyInitTests" time="0.011"/>
  <testcase name="withNonStaticBeanMethod()" classname="org.springframework.context.annotation.AutoProxyLazyInitTests" time="0.016"/>
  <system-out><![CDATA[]]></system-out>
  <system-err><![CDATA[]]></system-err>
</testsuite>
