<?xml version="1.0" encoding="UTF-8"?>
<testsuite name="org.springframework.context.annotation.PropertySourceAnnotationTests" tests="21" skipped="0" failures="0" errors="0" timestamp="2020-12-12T06:27:10" hostname="DESKTOP-TMNPDT1" time="0.605">
  <properties/>
  <testcase name="withPropertySources()" classname="org.springframework.context.annotation.PropertySourceAnnotationTests" time="0.009"/>
  <testcase name="withCustomFactory()" classname="org.springframework.context.annotation.PropertySourceAnnotationTests" time="0.016"/>
  <testcase name="orderingWithAndWithoutNameAndMultipleResourceLocations()" classname="org.springframework.context.annotation.PropertySourceAnnotationTests" time="0.026"/>
  <testcase name="withResolvablePlaceholderAndFactoryBean()" classname="org.springframework.context.annotation.PropertySourceAnnotationTests" time="0.094"/>
  <testcase name="withImplicitName()" classname="org.springframework.context.annotation.PropertySourceAnnotationTests" time="0.005"/>
  <testcase name="withIgnoredPropertySource()" classname="org.springframework.context.annotation.PropertySourceAnnotationTests" time="0.01"/>
  <testcase name="withResolvablePlaceholder()" classname="org.springframework.context.annotation.PropertySourceAnnotationTests" time="0.009"/>
  <testcase name="orderingIsLifo()" classname="org.springframework.context.annotation.PropertySourceAnnotationTests" time="0.017"/>
  <testcase name="withUnresolvablePlaceholderAndDefault()" classname="org.springframework.context.annotation.PropertySourceAnnotationTests" time="0.057"/>
  <testcase name="withNamedPropertySources()" classname="org.springframework.context.annotation.PropertySourceAnnotationTests" time="0.016"/>
  <testcase name="orderingDoesntReplaceExisting()" classname="org.springframework.context.annotation.PropertySourceAnnotationTests" time="0.01"/>
  <testcase name="withExplicitName()" classname="org.springframework.context.annotation.PropertySourceAnnotationTests" time="0.037"/>
  <testcase name="withMissingPropertySource()" classname="org.springframework.context.annotation.PropertySourceAnnotationTests" time="0.061"/>
  <testcase name="withCustomFactoryAsMeta()" classname="org.springframework.context.annotation.PropertySourceAnnotationTests" time="0.008"/>
  <testcase name="withEmptyResourceLocations()" classname="org.springframework.context.annotation.PropertySourceAnnotationTests" time="0.003"/>
  <testcase name="withTestProfileBeans()" classname="org.springframework.context.annotation.PropertySourceAnnotationTests" time="0.035"/>
  <testcase name="withNameAndMultipleResourceLocations()" classname="org.springframework.context.annotation.PropertySourceAnnotationTests" time="0.007"/>
  <testcase name="withSameSourceImportedInDifferentOrder()" classname="org.springframework.context.annotation.PropertySourceAnnotationTests" time="0.069"/>
  <testcase name="withMultipleResourceLocations()" classname="org.springframework.context.annotation.PropertySourceAnnotationTests" time="0.013"/>
  <testcase name="orderingWithAndWithoutNameAndFourResourceLocations()" classname="org.springframework.context.annotation.PropertySourceAnnotationTests" time="0.014"/>
  <testcase name="withUnresolvablePlaceholder()" classname="org.springframework.context.annotation.PropertySourceAnnotationTests" time="0.012"/>
  <system-out><![CDATA[14:27:10.758 [Test worker] WARN  o.s.c.a.AnnotationConfigApplicationContext - Exception encountered during context initialization - cancelling refresh attempt: org.springframework.beans.factory.BeanDefinitionStoreException: Failed to parse configuration class [org.springframework.context.annotation.PropertySourceAnnotationTests$ConfigWithMissingPropertySource]; nested exception is java.io.FileNotFoundException: class path resource [org/springframework/context/annotation/missing.properties] cannot be opened because it does not exist
14:27:10.825 [Test worker] WARN  o.s.c.a.AnnotationConfigApplicationContext - Exception encountered during context initialization - cancelling refresh attempt: org.springframework.beans.factory.BeanDefinitionStoreException: Failed to parse configuration class [org.springframework.context.annotation.PropertySourceAnnotationTests$ConfigWithEmptyResourceLocations]; nested exception is java.lang.IllegalArgumentException: At least one @PropertySource(value) location is required
14:27:10.973 [Test worker] WARN  o.s.c.a.AnnotationConfigApplicationContext - Exception encountered during context initialization - cancelling refresh attempt: org.springframework.beans.factory.BeanDefinitionStoreException: Failed to parse configuration class [org.springframework.context.annotation.PropertySourceAnnotationTests$ConfigWithUnresolvablePlaceholder]; nested exception is java.lang.IllegalArgumentException: Could not resolve placeholder 'unresolvable' in value "classpath:${unresolvable}/p1.properties"
]]></system-out>
  <system-err><![CDATA[]]></system-err>
</testsuite>
