<?xml version="1.0" encoding="UTF-8"?>
<testsuite name="org.springframework.aop.aspectj.PropertyDependentAspectTests" tests="4" skipped="0" failures="0" errors="0" timestamp="2020-12-12T06:25:57" hostname="DESKTOP-TMNPDT1" time="0.174">
  <properties/>
  <testcase name="propertyDependentAtAspectJAspectWithPropertyDeclaredAfterAdvice()" classname="org.springframework.aop.aspectj.PropertyDependentAspectTests" time="0.066"/>
  <testcase name="propertyDependentAtAspectJAspectWithPropertyDeclaredBeforeAdvice()" classname="org.springframework.aop.aspectj.PropertyDependentAspectTests" time="0.02"/>
  <testcase name="propertyDependentAspectWithPropertyDeclaredAfterAdvice()" classname="org.springframework.aop.aspectj.PropertyDependentAspectTests" time="0.038"/>
  <testcase name="propertyDependentAspectWithPropertyDeclaredBeforeAdvice()" classname="org.springframework.aop.aspectj.PropertyDependentAspectTests" time="0.048"/>
  <system-out><![CDATA[]]></system-out>
  <system-err><![CDATA[]]></system-err>
</testsuite>
