<?xml version="1.0" encoding="UTF-8"?>
<testsuite name="org.springframework.context.annotation.configuration.ImportTests" tests="12" skipped="0" failures="0" errors="0" timestamp="2020-12-12T06:27:00" hostname="DESKTOP-TMNPDT1" time="0.198">
  <properties/>
  <testcase name="testImportNonConfigurationAnnotationClass()" classname="org.springframework.context.annotation.configuration.ImportTests" time="0.002"/>
  <testcase name="testProcessImportsWithAsm()" classname="org.springframework.context.annotation.configuration.ImportTests" time="0.007"/>
  <testcase name="testImportAnnotationWithMultipleArgumentsResultingInOverriddenBeanDefinition()" classname="org.springframework.context.annotation.configuration.ImportTests" time="0.007"/>
  <testcase name="testImportAnnotationWithMultipleArguments()" classname="org.springframework.context.annotation.configuration.ImportTests" time="0.013"/>
  <testcase name="testImportAnnotationWithThreeLevelRecursion()" classname="org.springframework.context.annotation.configuration.ImportTests" time="0.063"/>
  <testcase name="testProcessImportsWithExplicitOverridingBefore()" classname="org.springframework.context.annotation.configuration.ImportTests" time="0.007"/>
  <testcase name="testImportAnnotationOnInnerClasses()" classname="org.springframework.context.annotation.configuration.ImportTests" time="0.009"/>
  <testcase name="reproSpr9023()" classname="org.springframework.context.annotation.configuration.ImportTests" time="0.015"/>
  <testcase name="testProcessImportsWithDoubleImports()" classname="org.springframework.context.annotation.configuration.ImportTests" time="0.005"/>
  <testcase name="testProcessImports()" classname="org.springframework.context.annotation.configuration.ImportTests" time="0.003"/>
  <testcase name="testProcessImportsWithExplicitOverridingAfter()" classname="org.springframework.context.annotation.configuration.ImportTests" time="0.002"/>
  <testcase name="testImportAnnotationWithTwoLevelRecursion()" classname="org.springframework.context.annotation.configuration.ImportTests" time="0.012"/>
  <system-out><![CDATA[org.springframework.beans.factory.support.DefaultListableBeanFactory@22e9f889: defining beans [org.springframework.context.annotation.internalConfigurationAnnotationProcessor,org.springframework.context.annotation.internalAutowiredAnnotationProcessor,org.springframework.context.annotation.internalCommonAnnotationProcessor,org.springframework.context.event.internalEventListenerProcessor,org.springframework.context.event.internalEventListenerFactory,config-b,config-a]; root of factory hierarchy
]]></system-out>
  <system-err><![CDATA[]]></system-err>
</testsuite>
