<?xml version="1.0" encoding="UTF-8"?>
<testsuite name="org.springframework.cache.config.EnableCachingTests" tests="69" skipped="0" failures="0" errors="0" timestamp="2020-12-12T06:26:33" hostname="DESKTOP-TMNPDT1" time="5.573">
  <properties/>
  <testcase name="testMultiConditionalCacheAndEvict()" classname="org.springframework.cache.config.EnableCachingTests" time="0.178"/>
  <testcase name="testClassEvictWithKeyEarly()" classname="org.springframework.cache.config.EnableCachingTests" time="0.07"/>
  <testcase name="testClassCheckedExceptionSync()" classname="org.springframework.cache.config.EnableCachingTests" time="0.105"/>
  <testcase name="testKeyExpression()" classname="org.springframework.cache.config.EnableCachingTests" time="0.053"/>
  <testcase name="testConditionalUpdate()" classname="org.springframework.cache.config.EnableCachingTests" time="0.096"/>
  <testcase name="testClassMultiCacheAndEvict()" classname="org.springframework.cache.config.EnableCachingTests" time="0.048"/>
  <testcase name="testCacheableSyncNull()" classname="org.springframework.cache.config.EnableCachingTests" time="0.038"/>
  <testcase name="testUnknownCustomKeyGenerator()" classname="org.springframework.cache.config.EnableCachingTests" time="0.042"/>
  <testcase name="testClassRootVars()" classname="org.springframework.cache.config.EnableCachingTests" time="0.021"/>
  <testcase name="testMethodName()" classname="org.springframework.cache.config.EnableCachingTests" time="0.098"/>
  <testcase name="testEvictWithException()" classname="org.springframework.cache.config.EnableCachingTests" time="0.026"/>
  <testcase name="testClassUpdate()" classname="org.springframework.cache.config.EnableCachingTests" time="0.293"/>
  <testcase name="testCustomCacheManager()" classname="org.springframework.cache.config.EnableCachingTests" time="0.237"/>
  <testcase name="testEvict()" classname="org.springframework.cache.config.EnableCachingTests" time="0.051"/>
  <testcase name="testCheckedExceptionSync()" classname="org.springframework.cache.config.EnableCachingTests" time="0.166"/>
  <testcase name="testClassEvictEarly()" classname="org.springframework.cache.config.EnableCachingTests" time="0.026"/>
  <testcase name="testClassNullArg()" classname="org.springframework.cache.config.EnableCachingTests" time="0.088"/>
  <testcase name="testClassEvictAll()" classname="org.springframework.cache.config.EnableCachingTests" time="0.172"/>
  <testcase name="testPutRefersToResult()" classname="org.springframework.cache.config.EnableCachingTests" time="0.049"/>
  <testcase name="testClassCacheUnlessExpression()" classname="org.springframework.cache.config.EnableCachingTests" time="0.14"/>
  <testcase name="testConditionalExpressionSync()" classname="org.springframework.cache.config.EnableCachingTests" time="0.032"/>
  <testcase name="testClassConditionalUpdate()" classname="org.springframework.cache.config.EnableCachingTests" time="0.034"/>
  <testcase name="testConditionalExpression()" classname="org.springframework.cache.config.EnableCachingTests" time="0.076"/>
  <testcase name="testClassMultiPut()" classname="org.springframework.cache.config.EnableCachingTests" time="0.038"/>
  <testcase name="testClassUncheckedException()" classname="org.springframework.cache.config.EnableCachingTests" time="0.022"/>
  <testcase name="testClassCacheEvictWithWKey()" classname="org.springframework.cache.config.EnableCachingTests" time="0.029"/>
  <testcase name="testClassNullValue()" classname="org.springframework.cache.config.EnableCachingTests" time="0.046"/>
  <testcase name="testUncheckedExceptionSync()" classname="org.springframework.cache.config.EnableCachingTests" time="0.025"/>
  <testcase name="testClassUncheckedExceptionSync()" classname="org.springframework.cache.config.EnableCachingTests" time="0.118"/>
  <testcase name="testClassCacheCacheable()" classname="org.springframework.cache.config.EnableCachingTests" time="0.041"/>
  <testcase name="testClassMethodName()" classname="org.springframework.cache.config.EnableCachingTests" time="0.056"/>
  <testcase name="testCustomKeyGenerator()" classname="org.springframework.cache.config.EnableCachingTests" time="0.09"/>
  <testcase name="testCacheable()" classname="org.springframework.cache.config.EnableCachingTests" time="0.028"/>
  <testcase name="testCheckedException()" classname="org.springframework.cache.config.EnableCachingTests" time="0.056"/>
  <testcase name="testClassPutRefersToResult()" classname="org.springframework.cache.config.EnableCachingTests" time="0.546"/>
  <testcase name="testVarArgsKey()" classname="org.springframework.cache.config.EnableCachingTests" time="0.147"/>
  <testcase name="testMultiCache()" classname="org.springframework.cache.config.EnableCachingTests" time="0.139"/>
  <testcase name="testMultiEvict()" classname="org.springframework.cache.config.EnableCachingTests" time="0.031"/>
  <testcase name="testMultiCacheAndEvict()" classname="org.springframework.cache.config.EnableCachingTests" time="0.038"/>
  <testcase name="testRootVars()" classname="org.springframework.cache.config.EnableCachingTests" time="0.1"/>
  <testcase name="testClassMultiConditionalCacheAndEvict()" classname="org.springframework.cache.config.EnableCachingTests" time="0.051"/>
  <testcase name="testClassEvictWithException()" classname="org.springframework.cache.config.EnableCachingTests" time="0.09"/>
  <testcase name="testClassCheckedException()" classname="org.springframework.cache.config.EnableCachingTests" time="0.056"/>
  <testcase name="testClassCacheEvict()" classname="org.springframework.cache.config.EnableCachingTests" time="0.106"/>
  <testcase name="testEvictWithKey()" classname="org.springframework.cache.config.EnableCachingTests" time="0.029"/>
  <testcase name="testUnlessExpression()" classname="org.springframework.cache.config.EnableCachingTests" time="0.075"/>
  <testcase name="testEvictAllEarly()" classname="org.springframework.cache.config.EnableCachingTests" time="0.056"/>
  <testcase name="testEvictAll()" classname="org.springframework.cache.config.EnableCachingTests" time="0.126"/>
  <testcase name="testCacheableNull()" classname="org.springframework.cache.config.EnableCachingTests" time="0.039"/>
  <testcase name="testCacheableSync()" classname="org.springframework.cache.config.EnableCachingTests" time="0.07"/>
  <testcase name="testEvictWithKeyEarly()" classname="org.springframework.cache.config.EnableCachingTests" time="0.086"/>
  <testcase name="testMultiPut()" classname="org.springframework.cache.config.EnableCachingTests" time="0.119"/>
  <testcase name="testUnknownCustomCacheManager()" classname="org.springframework.cache.config.EnableCachingTests" time="0.018"/>
  <testcase name="testUncheckedException()" classname="org.springframework.cache.config.EnableCachingTests" time="0.042"/>
  <testcase name="testNullValue()" classname="org.springframework.cache.config.EnableCachingTests" time="0.016"/>
  <testcase name="testEvictEarly()" classname="org.springframework.cache.config.EnableCachingTests" time="0.022"/>
  <testcase name="testUpdate()" classname="org.springframework.cache.config.EnableCachingTests" time="0.033"/>
  <testcase name="testNullArg()" classname="org.springframework.cache.config.EnableCachingTests" time="0.024"/>
  <testcase name="testClassMultiCache()" classname="org.springframework.cache.config.EnableCachingTests" time="0.017"/>
  <testcase name="testClassMultiEvict()" classname="org.springframework.cache.config.EnableCachingTests" time="0.023"/>
  <testcase name="multipleCacheManagerBeans_implementsCachingConfigurer()" classname="org.springframework.cache.config.EnableCachingTests" time="0.054"/>
  <testcase name="bothSetOnlyResolverIsUsed()" classname="org.springframework.cache.config.EnableCachingTests" time="0.046"/>
  <testcase name="emptyConfigSupport()" classname="org.springframework.cache.config.EnableCachingTests" time="0.124"/>
  <testcase name="testKeyStrategy()" classname="org.springframework.cache.config.EnableCachingTests" time="0.029"/>
  <testcase name="testCacheErrorHandler()" classname="org.springframework.cache.config.EnableCachingTests" time="0.027"/>
  <testcase name="multipleCacheManagerBeans()" classname="org.springframework.cache.config.EnableCachingTests" time="0.05"/>
  <testcase name="multipleCachingConfigurers()" classname="org.springframework.cache.config.EnableCachingTests" time="0.121"/>
  <testcase name="noCacheManagerBeans()" classname="org.springframework.cache.config.EnableCachingTests" time="0.041"/>
  <testcase name="singleCacheManagerBean()" classname="org.springframework.cache.config.EnableCachingTests" time="0.1"/>
  <system-out><![CDATA[14:26:38.974 [Test worker] WARN  o.s.c.a.AnnotationConfigApplicationContext - Exception encountered during context initialization - cancelling refresh attempt: org.springframework.beans.factory.BeanCreationException: Error creating bean with name 'enableCachingTests.MultiCacheManagerConfigurer': Initialization of bean failed; nested exception is org.springframework.beans.factory.BeanCreationException: Error creating bean with name 'org.springframework.cache.annotation.ProxyCachingConfiguration': Injection of autowired dependencies failed; nested exception is java.lang.IllegalStateException: 2 implementations of CachingConfigurer were found when only 1 was expected. Refactor the configuration such that CachingConfigurer is implemented only once or not at all.
]]></system-out>
  <system-err><![CDATA[]]></system-err>
</testsuite>
