<?xml version="1.0" encoding="UTF-8"?>
<testsuite name="org.springframework.cache.interceptor.CacheSyncFailureTests" tests="5" skipped="0" failures="0" errors="0" timestamp="2020-12-12T06:26:39" hostname="DESKTOP-TMNPDT1" time="0.128">
  <properties/>
  <testcase name="syncWithTwoGetOperations()" classname="org.springframework.cache.interceptor.CacheSyncFailureTests" time="0.037"/>
  <testcase name="unlessSync()" classname="org.springframework.cache.interceptor.CacheSyncFailureTests" time="0.019"/>
  <testcase name="severalCachesWithResolvedSync()" classname="org.springframework.cache.interceptor.CacheSyncFailureTests" time="0.023"/>
  <testcase name="severalCachesSync()" classname="org.springframework.cache.interceptor.CacheSyncFailureTests" time="0.018"/>
  <testcase name="syncWithAnotherOperation()" classname="org.springframework.cache.interceptor.CacheSyncFailureTests" time="0.027"/>
  <system-out><![CDATA[]]></system-out>
  <system-err><![CDATA[]]></system-err>
</testsuite>
