<?xml version="1.0" encoding="UTF-8"?>
<testsuite name="org.springframework.aop.aspectj.generic.GenericParameterMatchingTests" tests="3" skipped="0" failures="0" errors="0" timestamp="2020-12-12T06:25:56" hostname="DESKTOP-TMNPDT1" time="0.188">
  <properties/>
  <testcase name="testGenericInterfaceSubtypeGenericCollectionArgExecution()" classname="org.springframework.aop.aspectj.generic.GenericParameterMatchingTests" time="0.057"/>
  <testcase name="testGenericInterfaceGenericArgExecution()" classname="org.springframework.aop.aspectj.generic.GenericParameterMatchingTests" time="0.043"/>
  <testcase name="testGenericInterfaceGenericCollectionArgExecution()" classname="org.springframework.aop.aspectj.generic.GenericParameterMatchingTests" time="0.086"/>
  <system-out><![CDATA[]]></system-out>
  <system-err><![CDATA[]]></system-err>
</testsuite>
