<?xml version="1.0" encoding="UTF-8"?>
<testsuite name="org.springframework.validation.beanvalidation.MethodValidationTests" tests="4" skipped="0" failures="0" errors="0" timestamp="2020-12-12T06:28:08" hostname="DESKTOP-TMNPDT1" time="0.104">
  <properties/>
  <testcase name="testLazyValidatorForMethodValidation()" classname="org.springframework.validation.beanvalidation.MethodValidationTests" time="0.051"/>
  <testcase name="testMethodValidationInterceptor()" classname="org.springframework.validation.beanvalidation.MethodValidationTests" time="0.013"/>
  <testcase name="testLazyValidatorForMethodValidationWithProxyTargetClass()" classname="org.springframework.validation.beanvalidation.MethodValidationTests" time="0.028"/>
  <testcase name="testMethodValidationPostProcessor()" classname="org.springframework.validation.beanvalidation.MethodValidationTests" time="0.012"/>
  <system-out><![CDATA[]]></system-out>
  <system-err><![CDATA[]]></system-err>
</testsuite>
