<?xml version="1.0" encoding="UTF-8"?>
<testsuite name="org.springframework.context.annotation.configuration.ImportedConfigurationClassEnhancementTests" tests="5" skipped="0" failures="0" errors="0" timestamp="2020-12-12T06:27:00" hostname="DESKTOP-TMNPDT1" time="0.028">
  <properties/>
  <testcase name="autowiredConfigClassIsEnhancedWhenRegisteredViaConstructor()" classname="org.springframework.context.annotation.configuration.ImportedConfigurationClassEnhancementTests" time="0.008"/>
  <testcase name="autowiredConfigClassIsEnhancedWhenImported()" classname="org.springframework.context.annotation.configuration.ImportedConfigurationClassEnhancementTests" time="0.009"/>
  <testcase name="importingNonConfigurationClassCausesBeanDefinitionParsingException()" classname="org.springframework.context.annotation.configuration.ImportedConfigurationClassEnhancementTests" time="0.003"/>
  <testcase name="autowiredConfigClassBeanMethodsRespectScopingWhenImported()" classname="org.springframework.context.annotation.configuration.ImportedConfigurationClassEnhancementTests" time="0.003"/>
  <testcase name="autowiredConfigClassBeanMethodsRespectScopingWhenRegisteredViaConstructor()" classname="org.springframework.context.annotation.configuration.ImportedConfigurationClassEnhancementTests" time="0.004"/>
  <system-out><![CDATA[]]></system-out>
  <system-err><![CDATA[]]></system-err>
</testsuite>
