<?xml version="1.0" encoding="UTF-8"?>
<testsuite name="org.springframework.context.annotation.ConfigurationClassAndBFPPTests" tests="3" skipped="0" failures="0" errors="0" timestamp="2020-12-12T06:27:01" hostname="DESKTOP-TMNPDT1" time="0.028">
  <properties/>
  <testcase name="autowiringSucceedsWithBFPPAsStaticMethod()" classname="org.springframework.context.annotation.ConfigurationClassAndBFPPTests" time="0.009"/>
  <testcase name="autowiringFailsWithBFPPAsInstanceMethod()" classname="org.springframework.context.annotation.ConfigurationClassAndBFPPTests" time="0.008"/>
  <testcase name="staticBeanMethodsDoNotRespectScoping()" classname="org.springframework.context.annotation.ConfigurationClassAndBFPPTests" time="0.01"/>
  <system-out><![CDATA[]]></system-out>
  <system-err><![CDATA[]]></system-err>
</testsuite>
