<?xml version="1.0" encoding="UTF-8"?>
<testsuite name="org.springframework.scripting.config.ScriptingDefaultsTests" tests="6" skipped="0" failures="0" errors="0" timestamp="2020-12-12T06:28:01" hostname="DESKTOP-TMNPDT1" time="0.449">
  <properties/>
  <testcase name="defaultAutowire()" classname="org.springframework.scripting.config.ScriptingDefaultsTests" time="0.145"/>
  <testcase name="nameAsAlias()" classname="org.springframework.scripting.config.ScriptingDefaultsTests" time="0.06"/>
  <testcase name="defaultInitMethod()" classname="org.springframework.scripting.config.ScriptingDefaultsTests" time="0.074"/>
  <testcase name="defaultProxyTargetClass()" classname="org.springframework.scripting.config.ScriptingDefaultsTests" time="0.046"/>
  <testcase name="defaultRefreshCheckDelay()" classname="org.springframework.scripting.config.ScriptingDefaultsTests" time="0.06"/>
  <testcase name="defaultDestroyMethod()" classname="org.springframework.scripting.config.ScriptingDefaultsTests" time="0.061"/>
  <system-out><![CDATA[]]></system-out>
  <system-err><![CDATA[]]></system-err>
</testsuite>
