<?xml version="1.0" encoding="UTF-8"?>
<testsuite name="org.springframework.scheduling.concurrent.ThreadPoolExecutorFactoryBeanTests" tests="1" skipped="0" failures="0" errors="0" timestamp="2020-12-12T06:27:56" hostname="DESKTOP-TMNPDT1" time="0.02">
  <properties/>
  <testcase name="defaultExecutor()" classname="org.springframework.scheduling.concurrent.ThreadPoolExecutorFactoryBeanTests" time="0.02"/>
  <system-out><![CDATA[]]></system-out>
  <system-err><![CDATA[]]></system-err>
</testsuite>
