<?xml version="1.0" encoding="UTF-8"?>
<testsuite name="org.springframework.cache.config.AnnotationNamespaceDrivenTests" tests="64" skipped="0" failures="0" errors="0" timestamp="2020-12-12T06:26:16" hostname="DESKTOP-TMNPDT1" time="3.461">
  <properties/>
  <testcase name="testMultiConditionalCacheAndEvict()" classname="org.springframework.cache.config.AnnotationNamespaceDrivenTests" time="0.09"/>
  <testcase name="testClassEvictWithKeyEarly()" classname="org.springframework.cache.config.AnnotationNamespaceDrivenTests" time="0.066"/>
  <testcase name="testClassCheckedExceptionSync()" classname="org.springframework.cache.config.AnnotationNamespaceDrivenTests" time="0.049"/>
  <testcase name="testKeyExpression()" classname="org.springframework.cache.config.AnnotationNamespaceDrivenTests" time="0.083"/>
  <testcase name="testConditionalUpdate()" classname="org.springframework.cache.config.AnnotationNamespaceDrivenTests" time="0.047"/>
  <testcase name="testClassMultiCacheAndEvict()" classname="org.springframework.cache.config.AnnotationNamespaceDrivenTests" time="0.061"/>
  <testcase name="testCacheableSyncNull()" classname="org.springframework.cache.config.AnnotationNamespaceDrivenTests" time="0.105"/>
  <testcase name="testUnknownCustomKeyGenerator()" classname="org.springframework.cache.config.AnnotationNamespaceDrivenTests" time="0.092"/>
  <testcase name="testClassRootVars()" classname="org.springframework.cache.config.AnnotationNamespaceDrivenTests" time="0.097"/>
  <testcase name="testMethodName()" classname="org.springframework.cache.config.AnnotationNamespaceDrivenTests" time="0.09"/>
  <testcase name="testEvictWithException()" classname="org.springframework.cache.config.AnnotationNamespaceDrivenTests" time="0.131"/>
  <testcase name="testClassUpdate()" classname="org.springframework.cache.config.AnnotationNamespaceDrivenTests" time="0.079"/>
  <testcase name="testCustomCacheManager()" classname="org.springframework.cache.config.AnnotationNamespaceDrivenTests" time="0.043"/>
  <testcase name="testEvict()" classname="org.springframework.cache.config.AnnotationNamespaceDrivenTests" time="0.062"/>
  <testcase name="testCheckedExceptionSync()" classname="org.springframework.cache.config.AnnotationNamespaceDrivenTests" time="0.094"/>
  <testcase name="testClassEvictEarly()" classname="org.springframework.cache.config.AnnotationNamespaceDrivenTests" time="0.05"/>
  <testcase name="testClassNullArg()" classname="org.springframework.cache.config.AnnotationNamespaceDrivenTests" time="0.042"/>
  <testcase name="testClassEvictAll()" classname="org.springframework.cache.config.AnnotationNamespaceDrivenTests" time="0.035"/>
  <testcase name="testPutRefersToResult()" classname="org.springframework.cache.config.AnnotationNamespaceDrivenTests" time="0.038"/>
  <testcase name="testClassCacheUnlessExpression()" classname="org.springframework.cache.config.AnnotationNamespaceDrivenTests" time="0.034"/>
  <testcase name="testConditionalExpressionSync()" classname="org.springframework.cache.config.AnnotationNamespaceDrivenTests" time="0.038"/>
  <testcase name="testClassConditionalUpdate()" classname="org.springframework.cache.config.AnnotationNamespaceDrivenTests" time="0.041"/>
  <testcase name="testConditionalExpression()" classname="org.springframework.cache.config.AnnotationNamespaceDrivenTests" time="0.032"/>
  <testcase name="testClassMultiPut()" classname="org.springframework.cache.config.AnnotationNamespaceDrivenTests" time="0.03"/>
  <testcase name="testClassUncheckedException()" classname="org.springframework.cache.config.AnnotationNamespaceDrivenTests" time="0.037"/>
  <testcase name="testClassCacheEvictWithWKey()" classname="org.springframework.cache.config.AnnotationNamespaceDrivenTests" time="0.042"/>
  <testcase name="testClassNullValue()" classname="org.springframework.cache.config.AnnotationNamespaceDrivenTests" time="0.036"/>
  <testcase name="testUncheckedExceptionSync()" classname="org.springframework.cache.config.AnnotationNamespaceDrivenTests" time="0.036"/>
  <testcase name="testClassUncheckedExceptionSync()" classname="org.springframework.cache.config.AnnotationNamespaceDrivenTests" time="0.031"/>
  <testcase name="testClassCacheCacheable()" classname="org.springframework.cache.config.AnnotationNamespaceDrivenTests" time="0.034"/>
  <testcase name="testClassMethodName()" classname="org.springframework.cache.config.AnnotationNamespaceDrivenTests" time="0.06"/>
  <testcase name="testCustomKeyGenerator()" classname="org.springframework.cache.config.AnnotationNamespaceDrivenTests" time="0.036"/>
  <testcase name="testCacheable()" classname="org.springframework.cache.config.AnnotationNamespaceDrivenTests" time="0.045"/>
  <testcase name="testCheckedException()" classname="org.springframework.cache.config.AnnotationNamespaceDrivenTests" time="0.032"/>
  <testcase name="testClassPutRefersToResult()" classname="org.springframework.cache.config.AnnotationNamespaceDrivenTests" time="0.04"/>
  <testcase name="testVarArgsKey()" classname="org.springframework.cache.config.AnnotationNamespaceDrivenTests" time="0.031"/>
  <testcase name="testMultiCache()" classname="org.springframework.cache.config.AnnotationNamespaceDrivenTests" time="0.03"/>
  <testcase name="testMultiEvict()" classname="org.springframework.cache.config.AnnotationNamespaceDrivenTests" time="0.035"/>
  <testcase name="testMultiCacheAndEvict()" classname="org.springframework.cache.config.AnnotationNamespaceDrivenTests" time="0.05"/>
  <testcase name="testRootVars()" classname="org.springframework.cache.config.AnnotationNamespaceDrivenTests" time="0.032"/>
  <testcase name="testClassMultiConditionalCacheAndEvict()" classname="org.springframework.cache.config.AnnotationNamespaceDrivenTests" time="0.032"/>
  <testcase name="testClassEvictWithException()" classname="org.springframework.cache.config.AnnotationNamespaceDrivenTests" time="0.038"/>
  <testcase name="testClassCheckedException()" classname="org.springframework.cache.config.AnnotationNamespaceDrivenTests" time="0.027"/>
  <testcase name="testClassCacheEvict()" classname="org.springframework.cache.config.AnnotationNamespaceDrivenTests" time="0.033"/>
  <testcase name="testEvictWithKey()" classname="org.springframework.cache.config.AnnotationNamespaceDrivenTests" time="0.036"/>
  <testcase name="testUnlessExpression()" classname="org.springframework.cache.config.AnnotationNamespaceDrivenTests" time="0.044"/>
  <testcase name="testEvictAllEarly()" classname="org.springframework.cache.config.AnnotationNamespaceDrivenTests" time="0.032"/>
  <testcase name="testEvictAll()" classname="org.springframework.cache.config.AnnotationNamespaceDrivenTests" time="0.033"/>
  <testcase name="testCacheableNull()" classname="org.springframework.cache.config.AnnotationNamespaceDrivenTests" time="0.029"/>
  <testcase name="testCacheableSync()" classname="org.springframework.cache.config.AnnotationNamespaceDrivenTests" time="0.031"/>
  <testcase name="testEvictWithKeyEarly()" classname="org.springframework.cache.config.AnnotationNamespaceDrivenTests" time="0.044"/>
  <testcase name="testMultiPut()" classname="org.springframework.cache.config.AnnotationNamespaceDrivenTests" time="0.038"/>
  <testcase name="testUnknownCustomCacheManager()" classname="org.springframework.cache.config.AnnotationNamespaceDrivenTests" time="0.032"/>
  <testcase name="testUncheckedException()" classname="org.springframework.cache.config.AnnotationNamespaceDrivenTests" time="0.038"/>
  <testcase name="testNullValue()" classname="org.springframework.cache.config.AnnotationNamespaceDrivenTests" time="0.039"/>
  <testcase name="testEvictEarly()" classname="org.springframework.cache.config.AnnotationNamespaceDrivenTests" time="0.241"/>
  <testcase name="testUpdate()" classname="org.springframework.cache.config.AnnotationNamespaceDrivenTests" time="0.047"/>
  <testcase name="testNullArg()" classname="org.springframework.cache.config.AnnotationNamespaceDrivenTests" time="0.066"/>
  <testcase name="testClassMultiCache()" classname="org.springframework.cache.config.AnnotationNamespaceDrivenTests" time="0.04"/>
  <testcase name="testClassMultiEvict()" classname="org.springframework.cache.config.AnnotationNamespaceDrivenTests" time="0.055"/>
  <testcase name="bothSetOnlyResolverIsUsed()" classname="org.springframework.cache.config.AnnotationNamespaceDrivenTests" time="0.104"/>
  <testcase name="testKeyStrategy()" classname="org.springframework.cache.config.AnnotationNamespaceDrivenTests" time="0.048"/>
  <testcase name="testCacheErrorHandler()" classname="org.springframework.cache.config.AnnotationNamespaceDrivenTests" time="0.046"/>
  <testcase name="cacheResolver()" classname="org.springframework.cache.config.AnnotationNamespaceDrivenTests" time="0.087"/>
  <system-out><![CDATA[]]></system-out>
  <system-err><![CDATA[]]></system-err>
</testsuite>
