<?xml version="1.0" encoding="UTF-8"?>
<testsuite name="org.springframework.jmx.export.assembler.MethodExclusionMBeanInfoAssemblerTests" tests="15" skipped="0" failures="0" errors="0" timestamp="2020-12-12T06:27:52" hostname="DESKTOP-TMNPDT1" time="0.771">
  <properties/>
  <testcase name="testDescriptionNotNull()" classname="org.springframework.jmx.export.assembler.MethodExclusionMBeanInfoAssemblerTests" time="0.011"/>
  <testcase name="testGetMBeanAttributeInfo()" classname="org.springframework.jmx.export.assembler.MethodExclusionMBeanInfoAssemblerTests" time="0.013"/>
  <testcase name="testSetAttribute()" classname="org.springframework.jmx.export.assembler.MethodExclusionMBeanInfoAssemblerTests" time="0.008"/>
  <testcase name="testAttributeInfoHasDescriptors()" classname="org.springframework.jmx.export.assembler.MethodExclusionMBeanInfoAssemblerTests" time="0.021"/>
  <testcase name="testGetMBeanInfo()" classname="org.springframework.jmx.export.assembler.MethodExclusionMBeanInfoAssemblerTests" time="0.118"/>
  <testcase name="testGetMBeanOperationInfo()" classname="org.springframework.jmx.export.assembler.MethodExclusionMBeanInfoAssemblerTests" time="0.021"/>
  <testcase name="testRegisterOperations()" classname="org.springframework.jmx.export.assembler.MethodExclusionMBeanInfoAssemblerTests" time="0.016"/>
  <testcase name="testRegisterAttributes()" classname="org.springframework.jmx.export.assembler.MethodExclusionMBeanInfoAssemblerTests" time="0.045"/>
  <testcase name="testNotificationMetadata()" classname="org.springframework.jmx.export.assembler.MethodExclusionMBeanInfoAssemblerTests" time="0.038"/>
  <testcase name="testAttributeHasCorrespondingOperations()" classname="org.springframework.jmx.export.assembler.MethodExclusionMBeanInfoAssemblerTests" time="0.123"/>
  <testcase name="testMBeanRegistration()" classname="org.springframework.jmx.export.assembler.MethodExclusionMBeanInfoAssemblerTests" time="0.013"/>
  <testcase name="testGetAttribute()" classname="org.springframework.jmx.export.assembler.MethodExclusionMBeanInfoAssemblerTests" time="0.115"/>
  <testcase name="testOperationInvocation()" classname="org.springframework.jmx.export.assembler.MethodExclusionMBeanInfoAssemblerTests" time="0.011"/>
  <testcase name="testIsNotIgnoredDoesntIgnoreUnspecifiedBeanMethods()" classname="org.springframework.jmx.export.assembler.MethodExclusionMBeanInfoAssemblerTests" time="0.076"/>
  <testcase name="testSupermanIsReadOnly()" classname="org.springframework.jmx.export.assembler.MethodExclusionMBeanInfoAssemblerTests" time="0.008"/>
  <system-out><![CDATA[]]></system-out>
  <system-err><![CDATA[]]></system-err>
</testsuite>
