<?xml version="1.0" encoding="UTF-8"?>
<testsuite name="org.springframework.context.annotation.ClassPathFactoryBeanDefinitionScannerTests" tests="1" skipped="0" failures="0" errors="0" timestamp="2020-12-12T06:26:41" hostname="DESKTOP-TMNPDT1" time="0.038">
  <properties/>
  <testcase name="testSingletonScopedFactoryMethod()" classname="org.springframework.context.annotation.ClassPathFactoryBeanDefinitionScannerTests" time="0.038"/>
  <system-out><![CDATA[]]></system-out>
  <system-err><![CDATA[]]></system-err>
</testsuite>
