<?xml version="1.0" encoding="UTF-8"?>
<testsuite name="org.springframework.cache.config.CustomInterceptorTests" tests="3" skipped="0" failures="0" errors="0" timestamp="2020-12-12T06:26:32" hostname="DESKTOP-TMNPDT1" time="0.36">
  <properties/>
  <testcase name="customInterceptorAppliesWithCheckedException()" classname="org.springframework.cache.config.CustomInterceptorTests" time="0.198"/>
  <testcase name="customInterceptorAppliesWithRuntimeException()" classname="org.springframework.cache.config.CustomInterceptorTests" time="0.13"/>
  <testcase name="onlyOneInterceptorIsAvailable()" classname="org.springframework.cache.config.CustomInterceptorTests" time="0.032"/>
  <system-out><![CDATA[]]></system-out>
  <system-err><![CDATA[]]></system-err>
</testsuite>
