<?xml version="1.0" encoding="UTF-8"?>
<testsuite name="org.springframework.format.datetime.standard.DateTimeFormatterFactoryBeanTests" tests="4" skipped="0" failures="0" errors="0" timestamp="2020-12-12T06:27:44" hostname="DESKTOP-TMNPDT1" time="0.047">
  <properties/>
  <testcase name="isSingleton()" classname="org.springframework.format.datetime.standard.DateTimeFormatterFactoryBeanTests" time="0.0"/>
  <testcase name="getObjectIsAlwaysSingleton()" classname="org.springframework.format.datetime.standard.DateTimeFormatterFactoryBeanTests" time="0.044"/>
  <testcase name="getObject()" classname="org.springframework.format.datetime.standard.DateTimeFormatterFactoryBeanTests" time="0.0"/>
  <testcase name="getObjectType()" classname="org.springframework.format.datetime.standard.DateTimeFormatterFactoryBeanTests" time="0.001"/>
  <system-out><![CDATA[]]></system-out>
  <system-err><![CDATA[]]></system-err>
</testsuite>
