<?xml version="1.0" encoding="UTF-8"?>
<testsuite name="org.springframework.aop.aspectj.BeanNamePointcutAtAspectTests" tests="3" skipped="0" failures="0" errors="0" timestamp="2020-12-12T06:25:52" hostname="DESKTOP-TMNPDT1" time="0.2">
  <properties/>
  <testcase name="testMatchingBeanName()" classname="org.springframework.aop.aspectj.BeanNamePointcutAtAspectTests" time="0.036"/>
  <testcase name="testProgrammaticProxyCreation()" classname="org.springframework.aop.aspectj.BeanNamePointcutAtAspectTests" time="0.125"/>
  <testcase name="testNonMatchingBeanName()" classname="org.springframework.aop.aspectj.BeanNamePointcutAtAspectTests" time="0.038"/>
  <system-out><![CDATA[]]></system-out>
  <system-err><![CDATA[]]></system-err>
</testsuite>
