<?xml version="1.0" encoding="UTF-8"?>
<testsuite name="org.springframework.cache.interceptor.ExpressionEvaluatorTests" tests="7" skipped="0" failures="0" errors="0" timestamp="2020-12-12T06:26:40" hostname="DESKTOP-TMNPDT1" time="0.014">
  <properties/>
  <testcase name="withoutReturnValue()" classname="org.springframework.cache.interceptor.ExpressionEvaluatorTests" time="0.001"/>
  <testcase name="withReturnValue()" classname="org.springframework.cache.interceptor.ExpressionEvaluatorTests" time="0.001"/>
  <testcase name="withNullReturn()" classname="org.springframework.cache.interceptor.ExpressionEvaluatorTests" time="0.0"/>
  <testcase name="testMultipleCachingEval()" classname="org.springframework.cache.interceptor.ExpressionEvaluatorTests" time="0.002"/>
  <testcase name="testMultipleCachingSource()" classname="org.springframework.cache.interceptor.ExpressionEvaluatorTests" time="0.001"/>
  <testcase name="unavailableReturnValue()" classname="org.springframework.cache.interceptor.ExpressionEvaluatorTests" time="0.003"/>
  <testcase name="resolveBeanReference()" classname="org.springframework.cache.interceptor.ExpressionEvaluatorTests" time="0.004"/>
  <system-out><![CDATA[]]></system-out>
  <system-err><![CDATA[]]></system-err>
</testsuite>
