<?xml version="1.0" encoding="UTF-8"?>
<testsuite name="org.springframework.cache.CacheReproTests" tests="10" skipped="0" failures="0" errors="0" timestamp="2020-12-12T06:26:11" hostname="DESKTOP-TMNPDT1" time="1.186">
  <properties/>
  <testcase name="spr11124MultipleAnnotations()" classname="org.springframework.cache.CacheReproTests" time="0.423"/>
  <testcase name="spr11592GetNeverCache()" classname="org.springframework.cache.CacheReproTests" time="0.282"/>
  <testcase name="spr14230AdaptsToOptional()" classname="org.springframework.cache.CacheReproTests" time="0.066"/>
  <testcase name="spr11249PrimitiveVarargs()" classname="org.springframework.cache.CacheReproTests" time="0.104"/>
  <testcase name="spr15271FindsOnInterfaceWithCglibProxy()" classname="org.springframework.cache.CacheReproTests" time="0.084"/>
  <testcase name="spr11592GetSimple()" classname="org.springframework.cache.CacheReproTests" time="0.041"/>
  <testcase name="spr15271FindsOnInterfaceWithInterfaceProxy()" classname="org.springframework.cache.CacheReproTests" time="0.036"/>
  <testcase name="spr13081ConfigFailIfCacheResolverReturnsNullCacheName()" classname="org.springframework.cache.CacheReproTests" time="0.054"/>
  <testcase name="spr14853AdaptsToOptionalWithSync()" classname="org.springframework.cache.CacheReproTests" time="0.057"/>
  <testcase name="spr13081ConfigNoCacheNameIsRequired()" classname="org.springframework.cache.CacheReproTests" time="0.037"/>
  <system-out><![CDATA[]]></system-out>
  <system-err><![CDATA[]]></system-err>
</testsuite>
