<?xml version="1.0" encoding="UTF-8"?>
<testsuite name="org.springframework.aop.aspectj.DeclarationOrderIndependenceTests" tests="5" skipped="0" failures="0" errors="0" timestamp="2020-12-12T06:25:54" hostname="DESKTOP-TMNPDT1" time="0.557">
  <properties/>
  <testcase name="testBeforeAdviceFiringOk()" classname="org.springframework.aop.aspectj.DeclarationOrderIndependenceTests" time="0.263"/>
  <testcase name="testTargetIsBeanNameAware()" classname="org.springframework.aop.aspectj.DeclarationOrderIndependenceTests" time="0.056"/>
  <testcase name="testTargetIsSerializable()" classname="org.springframework.aop.aspectj.DeclarationOrderIndependenceTests" time="0.044"/>
  <testcase name="testAroundAdviceFiringOk()" classname="org.springframework.aop.aspectj.DeclarationOrderIndependenceTests" time="0.08"/>
  <testcase name="testAfterReturningFiringOk()" classname="org.springframework.aop.aspectj.DeclarationOrderIndependenceTests" time="0.105"/>
  <system-out><![CDATA[]]></system-out>
  <system-err><![CDATA[]]></system-err>
</testsuite>
