<?xml version="1.0" encoding="UTF-8"?>
<testsuite name="org.springframework.jmx.export.LazyInitMBeanTests" tests="1" skipped="0" failures="0" errors="0" timestamp="2020-12-12T06:27:53" hostname="DESKTOP-TMNPDT1" time="0.034">
  <properties/>
  <testcase name="invokeOnLazyInitBean()" classname="org.springframework.jmx.export.LazyInitMBeanTests" time="0.034"/>
  <system-out><![CDATA[]]></system-out>
  <system-err><![CDATA[]]></system-err>
</testsuite>
