<?xml version="1.0" encoding="UTF-8"?>
<testsuite name="org.springframework.context.annotation.Spr15275Tests" tests="6" skipped="0" failures="0" errors="0" timestamp="2020-12-12T06:27:11" hostname="DESKTOP-TMNPDT1" time="0.311">
  <properties/>
  <testcase name="testWithAbstractFactoryBeanForInterface()" classname="org.springframework.context.annotation.Spr15275Tests" time="0.062"/>
  <testcase name="testWithFactoryBean()" classname="org.springframework.context.annotation.Spr15275Tests" time="0.138"/>
  <testcase name="testWithAbstractFactoryBean()" classname="org.springframework.context.annotation.Spr15275Tests" time="0.024"/>
  <testcase name="testWithFinalFactoryBean()" classname="org.springframework.context.annotation.Spr15275Tests" time="0.014"/>
  <testcase name="testWithAbstractFactoryBeanAsReturnType()" classname="org.springframework.context.annotation.Spr15275Tests" time="0.048"/>
  <testcase name="testWithFinalFactoryBeanAsReturnType()" classname="org.springframework.context.annotation.Spr15275Tests" time="0.017"/>
  <system-out><![CDATA[]]></system-out>
  <system-err><![CDATA[]]></system-err>
</testsuite>
