<?xml version="1.0" encoding="UTF-8"?>
<testsuite name="org.springframework.context.annotation.AnnotationConfigApplicationContextExtensionsTests" tests="1" skipped="0" failures="0" errors="0" timestamp="2020-12-12T06:28:10" hostname="DESKTOP-TMNPDT1" time="0.552">
  <properties/>
  <testcase name="Instantiate AnnotationConfigApplicationContext()" classname="org.springframework.context.annotation.AnnotationConfigApplicationContextExtensionsTests" time="0.552"/>
  <system-out><![CDATA[]]></system-out>
  <system-err><![CDATA[]]></system-err>
</testsuite>
