<?xml version="1.0" encoding="UTF-8"?>
<testsuite name="org.springframework.context.annotation.Spr16217Tests" tests="3" skipped="1" failures="0" errors="0" timestamp="2020-12-12T06:27:12" hostname="DESKTOP-TMNPDT1" time="0.02">
  <properties/>
  <testcase name="baseConfigurationIsIncludedWhenFirstSuperclassReferenceIsSkippedInRegisterBeanPhase()" classname="org.springframework.context.annotation.Spr16217Tests" time="0.0">
    <skipped/>
  </testcase>
  <testcase name="baseConfigurationIsIncludedWhenFirstSuperclassReferenceIsSkippedInParseConfigurationPhase()" classname="org.springframework.context.annotation.Spr16217Tests" time="0.005"/>
  <testcase name="baseConfigurationIsIncludedOnceWhenBothConfigurationClassesAreActive()" classname="org.springframework.context.annotation.Spr16217Tests" time="0.013"/>
  <system-out><![CDATA[]]></system-out>
  <system-err><![CDATA[]]></system-err>
</testsuite>
