<?xml version="1.0" encoding="UTF-8"?>
<testsuite name="org.springframework.cache.config.CacheAdviceNamespaceTests" tests="61" skipped="0" failures="0" errors="0" timestamp="2020-12-12T06:26:20" hostname="DESKTOP-TMNPDT1" time="12.449">
  <properties/>
  <testcase name="testMultiConditionalCacheAndEvict()" classname="org.springframework.cache.config.CacheAdviceNamespaceTests" time="0.092"/>
  <testcase name="testClassEvictWithKeyEarly()" classname="org.springframework.cache.config.CacheAdviceNamespaceTests" time="0.126"/>
  <testcase name="testClassCheckedExceptionSync()" classname="org.springframework.cache.config.CacheAdviceNamespaceTests" time="0.118"/>
  <testcase name="testKeyExpression()" classname="org.springframework.cache.config.CacheAdviceNamespaceTests" time="0.12"/>
  <testcase name="testConditionalUpdate()" classname="org.springframework.cache.config.CacheAdviceNamespaceTests" time="0.122"/>
  <testcase name="testClassMultiCacheAndEvict()" classname="org.springframework.cache.config.CacheAdviceNamespaceTests" time="0.088"/>
  <testcase name="testCacheableSyncNull()" classname="org.springframework.cache.config.CacheAdviceNamespaceTests" time="0.096"/>
  <testcase name="testUnknownCustomKeyGenerator()" classname="org.springframework.cache.config.CacheAdviceNamespaceTests" time="0.111"/>
  <testcase name="testClassRootVars()" classname="org.springframework.cache.config.CacheAdviceNamespaceTests" time="0.053"/>
  <testcase name="testMethodName()" classname="org.springframework.cache.config.CacheAdviceNamespaceTests" time="0.06"/>
  <testcase name="testEvictWithException()" classname="org.springframework.cache.config.CacheAdviceNamespaceTests" time="0.057"/>
  <testcase name="testClassUpdate()" classname="org.springframework.cache.config.CacheAdviceNamespaceTests" time="0.249"/>
  <testcase name="testCustomCacheManager()" classname="org.springframework.cache.config.CacheAdviceNamespaceTests" time="0.041"/>
  <testcase name="testEvict()" classname="org.springframework.cache.config.CacheAdviceNamespaceTests" time="0.064"/>
  <testcase name="testCheckedExceptionSync()" classname="org.springframework.cache.config.CacheAdviceNamespaceTests" time="0.048"/>
  <testcase name="testClassEvictEarly()" classname="org.springframework.cache.config.CacheAdviceNamespaceTests" time="0.048"/>
  <testcase name="testClassNullArg()" classname="org.springframework.cache.config.CacheAdviceNamespaceTests" time="0.062"/>
  <testcase name="testClassEvictAll()" classname="org.springframework.cache.config.CacheAdviceNamespaceTests" time="0.393"/>
  <testcase name="testPutRefersToResult()" classname="org.springframework.cache.config.CacheAdviceNamespaceTests" time="0.156"/>
  <testcase name="testClassCacheUnlessExpression()" classname="org.springframework.cache.config.CacheAdviceNamespaceTests" time="0.127"/>
  <testcase name="testConditionalExpressionSync()" classname="org.springframework.cache.config.CacheAdviceNamespaceTests" time="0.638"/>
  <testcase name="testClassConditionalUpdate()" classname="org.springframework.cache.config.CacheAdviceNamespaceTests" time="0.183"/>
  <testcase name="testConditionalExpression()" classname="org.springframework.cache.config.CacheAdviceNamespaceTests" time="0.07"/>
  <testcase name="testClassMultiPut()" classname="org.springframework.cache.config.CacheAdviceNamespaceTests" time="0.199"/>
  <testcase name="testClassUncheckedException()" classname="org.springframework.cache.config.CacheAdviceNamespaceTests" time="0.184"/>
  <testcase name="testClassCacheEvictWithWKey()" classname="org.springframework.cache.config.CacheAdviceNamespaceTests" time="0.185"/>
  <testcase name="testClassNullValue()" classname="org.springframework.cache.config.CacheAdviceNamespaceTests" time="0.358"/>
  <testcase name="testUncheckedExceptionSync()" classname="org.springframework.cache.config.CacheAdviceNamespaceTests" time="1.137"/>
  <testcase name="testClassUncheckedExceptionSync()" classname="org.springframework.cache.config.CacheAdviceNamespaceTests" time="0.284"/>
  <testcase name="testClassCacheCacheable()" classname="org.springframework.cache.config.CacheAdviceNamespaceTests" time="0.062"/>
  <testcase name="testClassMethodName()" classname="org.springframework.cache.config.CacheAdviceNamespaceTests" time="0.212"/>
  <testcase name="testCustomKeyGenerator()" classname="org.springframework.cache.config.CacheAdviceNamespaceTests" time="0.541"/>
  <testcase name="testCacheable()" classname="org.springframework.cache.config.CacheAdviceNamespaceTests" time="0.222"/>
  <testcase name="testCheckedException()" classname="org.springframework.cache.config.CacheAdviceNamespaceTests" time="0.173"/>
  <testcase name="testClassPutRefersToResult()" classname="org.springframework.cache.config.CacheAdviceNamespaceTests" time="0.32"/>
  <testcase name="testVarArgsKey()" classname="org.springframework.cache.config.CacheAdviceNamespaceTests" time="0.322"/>
  <testcase name="testMultiCache()" classname="org.springframework.cache.config.CacheAdviceNamespaceTests" time="0.227"/>
  <testcase name="testMultiEvict()" classname="org.springframework.cache.config.CacheAdviceNamespaceTests" time="0.155"/>
  <testcase name="testMultiCacheAndEvict()" classname="org.springframework.cache.config.CacheAdviceNamespaceTests" time="0.167"/>
  <testcase name="testRootVars()" classname="org.springframework.cache.config.CacheAdviceNamespaceTests" time="0.481"/>
  <testcase name="testClassMultiConditionalCacheAndEvict()" classname="org.springframework.cache.config.CacheAdviceNamespaceTests" time="0.091"/>
  <testcase name="testClassEvictWithException()" classname="org.springframework.cache.config.CacheAdviceNamespaceTests" time="0.163"/>
  <testcase name="testClassCheckedException()" classname="org.springframework.cache.config.CacheAdviceNamespaceTests" time="0.147"/>
  <testcase name="testClassCacheEvict()" classname="org.springframework.cache.config.CacheAdviceNamespaceTests" time="0.15"/>
  <testcase name="testEvictWithKey()" classname="org.springframework.cache.config.CacheAdviceNamespaceTests" time="0.092"/>
  <testcase name="testUnlessExpression()" classname="org.springframework.cache.config.CacheAdviceNamespaceTests" time="0.135"/>
  <testcase name="testEvictAllEarly()" classname="org.springframework.cache.config.CacheAdviceNamespaceTests" time="0.216"/>
  <testcase name="testEvictAll()" classname="org.springframework.cache.config.CacheAdviceNamespaceTests" time="0.428"/>
  <testcase name="testCacheableNull()" classname="org.springframework.cache.config.CacheAdviceNamespaceTests" time="0.07"/>
  <testcase name="testCacheableSync()" classname="org.springframework.cache.config.CacheAdviceNamespaceTests" time="0.091"/>
  <testcase name="testEvictWithKeyEarly()" classname="org.springframework.cache.config.CacheAdviceNamespaceTests" time="0.152"/>
  <testcase name="testMultiPut()" classname="org.springframework.cache.config.CacheAdviceNamespaceTests" time="0.12"/>
  <testcase name="testUnknownCustomCacheManager()" classname="org.springframework.cache.config.CacheAdviceNamespaceTests" time="0.186"/>
  <testcase name="testUncheckedException()" classname="org.springframework.cache.config.CacheAdviceNamespaceTests" time="0.108"/>
  <testcase name="testNullValue()" classname="org.springframework.cache.config.CacheAdviceNamespaceTests" time="0.591"/>
  <testcase name="testEvictEarly()" classname="org.springframework.cache.config.CacheAdviceNamespaceTests" time="0.327"/>
  <testcase name="testUpdate()" classname="org.springframework.cache.config.CacheAdviceNamespaceTests" time="0.33"/>
  <testcase name="testNullArg()" classname="org.springframework.cache.config.CacheAdviceNamespaceTests" time="0.274"/>
  <testcase name="testClassMultiCache()" classname="org.springframework.cache.config.CacheAdviceNamespaceTests" time="0.21"/>
  <testcase name="testClassMultiEvict()" classname="org.springframework.cache.config.CacheAdviceNamespaceTests" time="0.051"/>
  <testcase name="testKeyStrategy()" classname="org.springframework.cache.config.CacheAdviceNamespaceTests" time="0.085"/>
  <system-out><![CDATA[]]></system-out>
  <system-err><![CDATA[]]></system-err>
</testsuite>
