<?xml version="1.0" encoding="UTF-8"?>
<testsuite name="org.springframework.aop.aspectj.DeclareParentsDelegateRefTests" tests="2" skipped="0" failures="0" errors="0" timestamp="2020-12-12T06:25:55" hostname="DESKTOP-TMNPDT1" time="0.275">
  <properties/>
  <testcase name="testIntroductionWasMade()" classname="org.springframework.aop.aspectj.DeclareParentsDelegateRefTests" time="0.151"/>
  <testcase name="testIntroductionDelegation()" classname="org.springframework.aop.aspectj.DeclareParentsDelegateRefTests" time="0.123"/>
  <system-out><![CDATA[]]></system-out>
  <system-err><![CDATA[]]></system-err>
</testsuite>
