<?xml version="1.0" encoding="UTF-8"?>
<testsuite name="org.springframework.context.support.GenericApplicationContextExtensionsTests" tests="6" skipped="0" failures="0" errors="0" timestamp="2020-12-12T06:28:11" hostname="DESKTOP-TMNPDT1" time="0.01">
  <properties/>
  <testcase name="registerBeanWithNameAndFunction()" classname="org.springframework.context.support.GenericApplicationContextExtensionsTests" time="0.004"/>
  <testcase name="registerBeanWithNameAndSupplier()" classname="org.springframework.context.support.GenericApplicationContextExtensionsTests" time="0.002"/>
  <testcase name="registerBeanWithFunction()" classname="org.springframework.context.support.GenericApplicationContextExtensionsTests" time="0.002"/>
  <testcase name="registerBeanWithNameAndClass()" classname="org.springframework.context.support.GenericApplicationContextExtensionsTests" time="0.0"/>
  <testcase name="registerBeanWithSupplier()" classname="org.springframework.context.support.GenericApplicationContextExtensionsTests" time="0.002"/>
  <testcase name="registerBeanWithClass()" classname="org.springframework.context.support.GenericApplicationContextExtensionsTests" time="0.0"/>
  <system-out><![CDATA[]]></system-out>
  <system-err><![CDATA[]]></system-err>
</testsuite>
