<?xml version="1.0" encoding="UTF-8"?>
<testsuite name="org.springframework.context.annotation.AnnotationConfigApplicationContextTests" tests="25" skipped="0" failures="0" errors="0" timestamp="2020-12-12T06:26:40" hostname="DESKTOP-TMNPDT1" time="0.402">
  <properties/>
  <testcase name="getBeanByType()" classname="org.springframework.context.annotation.AnnotationConfigApplicationContextTests" time="0.012"/>
  <testcase name="individualBeanWithSupplier()" classname="org.springframework.context.annotation.AnnotationConfigApplicationContextTests" time="0.009"/>
  <testcase name="scanAndRefresh()" classname="org.springframework.context.annotation.AnnotationConfigApplicationContextTests" time="0.023"/>
  <testcase name="defaultConfigClassBeanNameIsGeneratedProperly()" classname="org.springframework.context.annotation.AnnotationConfigApplicationContextTests" time="0.005"/>
  <testcase name="individualBeanWithFactoryBeanObjectTypeAsTargetType()" classname="org.springframework.context.annotation.AnnotationConfigApplicationContextTests" time="0.004"/>
  <testcase name="individualBeanWithSpecifiedConstructorArguments()" classname="org.springframework.context.annotation.AnnotationConfigApplicationContextTests" time="0.013"/>
  <testcase name="autowiringIsEnabledByDefault()" classname="org.springframework.context.annotation.AnnotationConfigApplicationContextTests" time="0.025"/>
  <testcase name="individualBeanWithFactoryBeanSupplierAndTargetType()" classname="org.springframework.context.annotation.AnnotationConfigApplicationContextTests" time="0.03"/>
  <testcase name="individualNamedBeanWithMixedConstructorArguments()" classname="org.springframework.context.annotation.AnnotationConfigApplicationContextTests" time="0.018"/>
  <testcase name="individualNamedBeanWithSupplier()" classname="org.springframework.context.annotation.AnnotationConfigApplicationContextTests" time="0.023"/>
  <testcase name="registerAndRefresh()" classname="org.springframework.context.annotation.AnnotationConfigApplicationContextTests" time="0.017"/>
  <testcase name="individualBeanWithMixedConstructorArguments()" classname="org.springframework.context.annotation.AnnotationConfigApplicationContextTests" time="0.008"/>
  <testcase name="getBeanByTypeRaisesNoSuchBeanDefinitionException()" classname="org.springframework.context.annotation.AnnotationConfigApplicationContextTests" time="0.004"/>
  <testcase name="individualBeanWithFactoryBeanSupplier()" classname="org.springframework.context.annotation.AnnotationConfigApplicationContextTests" time="0.004"/>
  <testcase name="explicitConfigClassBeanNameIsRespected()" classname="org.springframework.context.annotation.AnnotationConfigApplicationContextTests" time="0.012"/>
  <testcase name="individualBeanWithFactoryBeanObjectTypeAsTargetTypeAndLazy()" classname="org.springframework.context.annotation.AnnotationConfigApplicationContextTests" time="0.007"/>
  <testcase name="individualBeanWithSupplierAndCustomizer()" classname="org.springframework.context.annotation.AnnotationConfigApplicationContextTests" time="0.007"/>
  <testcase name="nullReturningBeanPostProcessor()" classname="org.springframework.context.annotation.AnnotationConfigApplicationContextTests" time="0.008"/>
  <testcase name="getBeansWithAnnotation()" classname="org.springframework.context.annotation.AnnotationConfigApplicationContextTests" time="0.023"/>
  <testcase name="individualNamedBeanWithSpecifiedConstructorArguments()" classname="org.springframework.context.annotation.AnnotationConfigApplicationContextTests" time="0.017"/>
  <testcase name="individualNamedBeanWithSupplierAndCustomizer()" classname="org.springframework.context.annotation.AnnotationConfigApplicationContextTests" time="0.008"/>
  <testcase name="individualBeans()" classname="org.springframework.context.annotation.AnnotationConfigApplicationContextTests" time="0.004"/>
  <testcase name="getBeanByTypeAmbiguityRaisesException()" classname="org.springframework.context.annotation.AnnotationConfigApplicationContextTests" time="0.099"/>
  <testcase name="individualNamedBeans()" classname="org.springframework.context.annotation.AnnotationConfigApplicationContextTests" time="0.002"/>
  <testcase name="individualBeanWithNullReturningSupplier()" classname="org.springframework.context.annotation.AnnotationConfigApplicationContextTests" time="0.005"/>
  <system-out><![CDATA[]]></system-out>
  <system-err><![CDATA[]]></system-err>
</testsuite>
