<?xml version="1.0" encoding="UTF-8"?>
<testsuite name="org.springframework.scheduling.concurrent.ScheduledExecutorFactoryBeanTests" tests="11" skipped="5" failures="0" errors="0" timestamp="2020-12-12T06:27:56" hostname="DESKTOP-TMNPDT1" time="0.127">
  <properties/>
  <testcase name="testSettingRejectedExecutionHandlerToNullForcesUseOfDefaultButIsOtherwiseCool()" classname="org.springframework.scheduling.concurrent.ScheduledExecutorFactoryBeanTests" time="0.001"/>
  <testcase name="testThrowsExceptionIfPoolSizeIsLessThanZero()" classname="org.springframework.scheduling.concurrent.ScheduledExecutorFactoryBeanTests" time="0.001"/>
  <testcase name="testSettingThreadFactoryToNullForcesUseOfDefaultButIsOtherwiseCool()" classname="org.springframework.scheduling.concurrent.ScheduledExecutorFactoryBeanTests" time="0.001"/>
  <testcase name="testWithInitialDelayRepeatedExecutionIsSetUpAndFiresCorrectly()" classname="org.springframework.scheduling.concurrent.ScheduledExecutorFactoryBeanTests" time="0.0">
    <skipped/>
  </testcase>
  <testcase name="testOneTimeExecutionIsSetUpAndFiresCorrectly()" classname="org.springframework.scheduling.concurrent.ScheduledExecutorFactoryBeanTests" time="0.0">
    <skipped/>
  </testcase>
  <testcase name="testObjectTypeReportsCorrectType()" classname="org.springframework.scheduling.concurrent.ScheduledExecutorFactoryBeanTests" time="0.0"/>
  <testcase name="testShutdownIsPropagatedToTheExecutorOnDestroy()" classname="org.springframework.scheduling.concurrent.ScheduledExecutorFactoryBeanTests" time="0.029"/>
  <testcase name="testFixedRepeatedExecutionIsSetUpAndFiresCorrectly()" classname="org.springframework.scheduling.concurrent.ScheduledExecutorFactoryBeanTests" time="0.001">
    <skipped/>
  </testcase>
  <testcase name="testFixedRepeatedExecutionIsSetUpAndFiresCorrectlyAfterException()" classname="org.springframework.scheduling.concurrent.ScheduledExecutorFactoryBeanTests" time="0.001">
    <skipped/>
  </testcase>
  <testcase name="testWithInitialDelayRepeatedExecutionIsSetUpAndFiresCorrectlyAfterException()" classname="org.springframework.scheduling.concurrent.ScheduledExecutorFactoryBeanTests" time="0.001">
    <skipped/>
  </testcase>
  <testcase name="testShutdownNowIsPropagatedToTheExecutorOnDestroy()" classname="org.springframework.scheduling.concurrent.ScheduledExecutorFactoryBeanTests" time="0.083"/>
  <system-out><![CDATA[]]></system-out>
  <system-err><![CDATA[]]></system-err>
</testsuite>
