<?xml version="1.0" encoding="UTF-8"?>
<testsuite name="org.springframework.ui.ModelMapTests" tests="25" skipped="0" failures="0" errors="0" timestamp="2020-12-12T06:28:08" hostname="DESKTOP-TMNPDT1" time="0.021">
  <properties/>
  <testcase name="testAddNullObjectWithExplicitKey()" classname="org.springframework.ui.ModelMapTests" time="0.001"/>
  <testcase name="testAddAllObjectsWithNullCollection()" classname="org.springframework.ui.ModelMapTests" time="0.0"/>
  <testcase name="testNamedObjectCtor()" classname="org.springframework.ui.ModelMapTests" time="0.0"/>
  <testcase name="testAddObjectWithNull()" classname="org.springframework.ui.ModelMapTests" time="0.001"/>
  <testcase name="testAddNullObjectViaCtorWithExplicitKey()" classname="org.springframework.ui.ModelMapTests" time="0.0"/>
  <testcase name="testOneArgCtorWithCollection()" classname="org.springframework.ui.ModelMapTests" time="0.0"/>
  <testcase name="testAddObjectWithEmptyArray()" classname="org.springframework.ui.ModelMapTests" time="0.003"/>
  <testcase name="testNoArgCtorYieldsEmptyModel()" classname="org.springframework.ui.ModelMapTests" time="0.0"/>
  <testcase name="testAopJdkProxyWithDetectedInterfaces()" classname="org.springframework.ui.ModelMapTests" time="0.0"/>
  <testcase name="testOneArgCtorWithScalar()" classname="org.springframework.ui.ModelMapTests" time="0.001"/>
  <testcase name="testAddListOfTheSameObjects()" classname="org.springframework.ui.ModelMapTests" time="0.0"/>
  <testcase name="testInnerClass()" classname="org.springframework.ui.ModelMapTests" time="0.0"/>
  <testcase name="testAddAllObjectsWithNullMap()" classname="org.springframework.ui.ModelMapTests" time="0.0"/>
  <testcase name="testRawJdkProxy()" classname="org.springframework.ui.ModelMapTests" time="0.003"/>
  <testcase name="testOneArgCtorWithNull()" classname="org.springframework.ui.ModelMapTests" time="0.001"/>
  <testcase name="testAopCglibProxy()" classname="org.springframework.ui.ModelMapTests" time="0.002"/>
  <testcase name="testAddObjectNoKeyOfSameTypeOverrides()" classname="org.springframework.ui.ModelMapTests" time="0.0"/>
  <testcase name="testAddMap()" classname="org.springframework.ui.ModelMapTests" time="0.0"/>
  <testcase name="testInnerClassWithTwoUpperCaseLetters()" classname="org.springframework.ui.ModelMapTests" time="0.0"/>
  <testcase name="testMergeMapWithOverriding()" classname="org.springframework.ui.ModelMapTests" time="0.001"/>
  <testcase name="testOneArgCtorWithEmptyCollection()" classname="org.springframework.ui.ModelMapTests" time="0.0"/>
  <testcase name="testAopJdkProxyWithMultipleInterfaces()" classname="org.springframework.ui.ModelMapTests" time="0.004"/>
  <testcase name="testAddAllObjectsWithSparseArrayList()" classname="org.springframework.ui.ModelMapTests" time="0.001"/>
  <testcase name="testAopJdkProxy()" classname="org.springframework.ui.ModelMapTests" time="0.002"/>
  <testcase name="testUnnamedCtorScalar()" classname="org.springframework.ui.ModelMapTests" time="0.0"/>
  <system-out><![CDATA[]]></system-out>
  <system-err><![CDATA[]]></system-err>
</testsuite>
