<?xml version="1.0" encoding="UTF-8"?>
<testsuite name="org.springframework.context.event.LifecycleEventTests" tests="2" skipped="0" failures="0" errors="0" timestamp="2020-12-12T06:27:20" hostname="DESKTOP-TMNPDT1" time="0.01">
  <properties/>
  <testcase name="contextStoppedEvent()" classname="org.springframework.context.event.LifecycleEventTests" time="0.007"/>
  <testcase name="contextStartedEvent()" classname="org.springframework.context.event.LifecycleEventTests" time="0.003"/>
  <system-out><![CDATA[]]></system-out>
  <system-err><![CDATA[]]></system-err>
</testsuite>
