<?xml version="1.0" encoding="UTF-8"?>
<testsuite name="org.springframework.validation.beanvalidation.BeanValidationPostProcessorTests" tests="6" skipped="0" failures="0" errors="0" timestamp="2020-12-12T06:28:08" hostname="DESKTOP-TMNPDT1" time="0.148">
  <properties/>
  <testcase name="testNotNullConstraintAfterInitializationWithProxy()" classname="org.springframework.validation.beanvalidation.BeanValidationPostProcessorTests" time="0.064"/>
  <testcase name="testSizeConstraintSatisfied()" classname="org.springframework.validation.beanvalidation.BeanValidationPostProcessorTests" time="0.014"/>
  <testcase name="testNotNullConstraintAfterInitialization()" classname="org.springframework.validation.beanvalidation.BeanValidationPostProcessorTests" time="0.008"/>
  <testcase name="testNotNullConstraintSatisfied()" classname="org.springframework.validation.beanvalidation.BeanValidationPostProcessorTests" time="0.008"/>
  <testcase name="testSizeConstraint()" classname="org.springframework.validation.beanvalidation.BeanValidationPostProcessorTests" time="0.04"/>
  <testcase name="testNotNullConstraint()" classname="org.springframework.validation.beanvalidation.BeanValidationPostProcessorTests" time="0.011"/>
  <system-out><![CDATA[14:28:08.696 [Test worker] WARN  o.s.c.s.GenericApplicationContext - Exception encountered during context initialization - cancelling refresh attempt: org.springframework.beans.factory.BeanCreationException: Error creating bean with name 'bean': Initialization of bean failed; nested exception is org.springframework.beans.factory.BeanInitializationException: Bean state is invalid: stringValue - muss zwischen 2 und 2147483647 liegen
14:28:08.707 [Test worker] WARN  o.s.c.s.GenericApplicationContext - Exception encountered during context initialization - cancelling refresh attempt: org.springframework.beans.factory.BeanCreationException: Error creating bean with name 'bean': Initialization of bean failed; nested exception is org.springframework.beans.factory.BeanInitializationException: Bean state is invalid: testBean - darf nicht null sein
]]></system-out>
  <system-err><![CDATA[]]></system-err>
</testsuite>
