<?xml version="1.0" encoding="UTF-8"?>
<testsuite name="org.atinject.tck.auto.Convertible$PrivateTests" tests="4" skipped="0" failures="0" errors="0" timestamp="2020-12-12T06:28:11" hostname="DESKTOP-TMNPDT1" time="0.002">
  <properties/>
  <testcase name="testSupertypePrivateMethodInjected" classname="org.atinject.tck.auto.Convertible$PrivateTests" time="0.0"/>
  <testcase name="testPrivateMethodInjectedEvenWhenSimilarMethodLacksAnnotation" classname="org.atinject.tck.auto.Convertible$PrivateTests" time="0.001"/>
  <testcase name="testPackagePrivateMethodInjectedSamePackage" classname="org.atinject.tck.auto.Convertible$PrivateTests" time="0.0"/>
  <testcase name="testSimilarPrivateMethodInjectedOnlyOnce" classname="org.atinject.tck.auto.Convertible$PrivateTests" time="0.001"/>
  <system-out><![CDATA[]]></system-out>
  <system-err><![CDATA[]]></system-err>
</testsuite>
