<?xml version="1.0" encoding="UTF-8"?>
<testsuite name="org.springframework.format.support.FormattingConversionServiceFactoryBeanTests" tests="5" skipped="0" failures="0" errors="0" timestamp="2020-12-12T06:27:45" hostname="DESKTOP-TMNPDT1" time="0.019">
  <properties/>
  <testcase name="testFormatterRegistrar()" classname="org.springframework.format.support.FormattingConversionServiceFactoryBeanTests" time="0.003"/>
  <testcase name="testInvalidFormatter()" classname="org.springframework.format.support.FormattingConversionServiceFactoryBeanTests" time="0.001"/>
  <testcase name="testCustomFormatter()" classname="org.springframework.format.support.FormattingConversionServiceFactoryBeanTests" time="0.01"/>
  <testcase name="testDefaultFormattersOn()" classname="org.springframework.format.support.FormattingConversionServiceFactoryBeanTests" time="0.001"/>
  <testcase name="testDefaultFormattersOff()" classname="org.springframework.format.support.FormattingConversionServiceFactoryBeanTests" time="0.003"/>
  <system-out><![CDATA[]]></system-out>
  <system-err><![CDATA[]]></system-err>
</testsuite>
