<?xml version="1.0" encoding="UTF-8"?>
<testsuite name="org.springframework.context.groovy.GroovyApplicationContextTests" tests="4" skipped="0" failures="0" errors="0" timestamp="2020-12-12T06:27:20" hostname="DESKTOP-TMNPDT1" time="6.071">
  <properties/>
  <testcase name="testLoadingMultipleConfigFiles()" classname="org.springframework.context.groovy.GroovyApplicationContextTests" time="5.211"/>
  <testcase name="testLoadingMultipleConfigFilesWithRelativeClass()" classname="org.springframework.context.groovy.GroovyApplicationContextTests" time="0.473"/>
  <testcase name="testConfigFileParsingError()" classname="org.springframework.context.groovy.GroovyApplicationContextTests" time="0.143"/>
  <testcase name="testLoadingConfigFile()" classname="org.springframework.context.groovy.GroovyApplicationContextTests" time="0.243"/>
  <system-out><![CDATA[]]></system-out>
  <system-err><![CDATA[]]></system-err>
</testsuite>
