<?xml version="1.0" encoding="UTF-8"?>
<testsuite name="org.springframework.scheduling.annotation.AnnotationAsyncExecutionInterceptorTests" tests="1" skipped="0" failures="0" errors="0" timestamp="2020-12-12T06:27:55" hostname="DESKTOP-TMNPDT1" time="0.014">
  <properties/>
  <testcase name="testGetExecutorQualifier()" classname="org.springframework.scheduling.annotation.AnnotationAsyncExecutionInterceptorTests" time="0.014"/>
  <system-out><![CDATA[]]></system-out>
  <system-err><![CDATA[]]></system-err>
</testsuite>
