<?xml version="1.0" encoding="UTF-8"?>
<testsuite name="org.springframework.jmx.export.CustomEditorConfigurerTests" tests="2" skipped="0" failures="0" errors="0" timestamp="2020-12-12T06:27:53" hostname="DESKTOP-TMNPDT1" time="0.023">
  <properties/>
  <testcase name="datesInApplicationContext()" classname="org.springframework.jmx.export.CustomEditorConfigurerTests" time="0.016"/>
  <testcase name="datesInJmx()" classname="org.springframework.jmx.export.CustomEditorConfigurerTests" time="0.006"/>
  <system-out><![CDATA[]]></system-out>
  <system-err><![CDATA[]]></system-err>
</testsuite>
