<?xml version="1.0" encoding="UTF-8"?>
<testsuite name="org.springframework.context.annotation.configuration.ImportWithConditionTests" tests="2" skipped="0" failures="0" errors="0" timestamp="2020-12-12T06:27:00" hostname="DESKTOP-TMNPDT1" time="0.03">
  <properties/>
  <testcase name="unconditionalThenConditional()" classname="org.springframework.context.annotation.configuration.ImportWithConditionTests" time="0.024"/>
  <testcase name="conditionalThenUnconditional()" classname="org.springframework.context.annotation.configuration.ImportWithConditionTests" time="0.005"/>
  <system-out><![CDATA[]]></system-out>
  <system-err><![CDATA[]]></system-err>
</testsuite>
