<?xml version="1.0" encoding="UTF-8"?>
<testsuite name="org.springframework.jmx.access.RemoteMBeanClientInterceptorTests" tests="14" skipped="0" failures="0" errors="0" timestamp="2020-12-12T06:27:45" hostname="DESKTOP-TMNPDT1" time="2.077">
  <properties/>
  <testcase name="invokeUnexposedMethodWithException()" classname="org.springframework.jmx.access.RemoteMBeanClientInterceptorTests" time="0.145"/>
  <testcase name="invokeNoArgs()" classname="org.springframework.jmx.access.RemoteMBeanClientInterceptorTests" time="0.136"/>
  <testcase name="differentProxiesSameClass()" classname="org.springframework.jmx.access.RemoteMBeanClientInterceptorTests" time="0.136"/>
  <testcase name="setReadOnlyAttribute()" classname="org.springframework.jmx.access.RemoteMBeanClientInterceptorTests" time="0.143"/>
  <testcase name="proxyClassIsDifferent()" classname="org.springframework.jmx.access.RemoteMBeanClientInterceptorTests" time="0.109"/>
  <testcase name="lazyConnectionToRemote()" classname="org.springframework.jmx.access.RemoteMBeanClientInterceptorTests" time="0.022"/>
  <testcase name="setAttributeValueWithIOException()" classname="org.springframework.jmx.access.RemoteMBeanClientInterceptorTests" time="0.132"/>
  <testcase name="mxBeanOperationAccess()" classname="org.springframework.jmx.access.RemoteMBeanClientInterceptorTests" time="0.007"/>
  <testcase name="setAttributeValue()" classname="org.springframework.jmx.access.RemoteMBeanClientInterceptorTests" time="0.147"/>
  <testcase name="setAttributeValueWithCheckedException()" classname="org.springframework.jmx.access.RemoteMBeanClientInterceptorTests" time="0.405"/>
  <testcase name="mxBeanAttributeAccess()" classname="org.springframework.jmx.access.RemoteMBeanClientInterceptorTests" time="0.056"/>
  <testcase name="invokeArgs()" classname="org.springframework.jmx.access.RemoteMBeanClientInterceptorTests" time="0.288"/>
  <testcase name="setAttributeValueWithRuntimeException()" classname="org.springframework.jmx.access.RemoteMBeanClientInterceptorTests" time="0.216"/>
  <testcase name="getAttributeValue()" classname="org.springframework.jmx.access.RemoteMBeanClientInterceptorTests" time="0.123"/>
  <system-out><![CDATA[]]></system-out>
  <system-err><![CDATA[Dez 12, 2020 2:27:46 PM ClientCommunicatorAdmin restart
WARNUNG: Failed to restart: java.net.ConnectException: Connection refused: connect
Dez 12, 2020 2:27:47 PM ClientCommunicatorAdmin restart
WARNUNG: Failed to restart: java.net.ConnectException: Connection refused: connect
Dez 12, 2020 2:27:47 PM ClientCommunicatorAdmin restart
WARNUNG: Failed to restart: java.net.ConnectException: Connection refused: connect
]]></system-err>
</testsuite>
