<?xml version="1.0" encoding="UTF-8"?>
<testsuite name="org.springframework.jmx.export.naming.IdentityNamingStrategyTests" tests="1" skipped="0" failures="0" errors="0" timestamp="2020-12-12T06:27:54" hostname="DESKTOP-TMNPDT1" time="0.004">
  <properties/>
  <testcase name="naming()" classname="org.springframework.jmx.export.naming.IdentityNamingStrategyTests" time="0.004"/>
  <system-out><![CDATA[]]></system-out>
  <system-err><![CDATA[]]></system-err>
</testsuite>
