<?xml version="1.0" encoding="UTF-8"?>
<testsuite name="org.springframework.ejb.config.JeeNamespaceHandlerEventTests" tests="3" skipped="0" failures="0" errors="0" timestamp="2020-12-12T06:27:42" hostname="DESKTOP-TMNPDT1" time="0.095">
  <properties/>
  <testcase name="testLocalSlsbComponentEventReceived()" classname="org.springframework.ejb.config.JeeNamespaceHandlerEventTests" time="0.031"/>
  <testcase name="testJndiLookupComponentEventReceived()" classname="org.springframework.ejb.config.JeeNamespaceHandlerEventTests" time="0.036"/>
  <testcase name="testRemoteSlsbComponentEventReceived()" classname="org.springframework.ejb.config.JeeNamespaceHandlerEventTests" time="0.022"/>
  <system-out><![CDATA[]]></system-out>
  <system-err><![CDATA[]]></system-err>
</testsuite>
