<?xml version="1.0" encoding="UTF-8"?>
<testsuite name="org.springframework.context.annotation.Spr11310Tests" tests="2" skipped="0" failures="0" errors="0" timestamp="2020-12-12T06:27:11" hostname="DESKTOP-TMNPDT1" time="0.019">
  <properties/>
  <testcase name="orderedArray()" classname="org.springframework.context.annotation.Spr11310Tests" time="0.014"/>
  <testcase name="orderedList()" classname="org.springframework.context.annotation.Spr11310Tests" time="0.005"/>
  <system-out><![CDATA[]]></system-out>
  <system-err><![CDATA[]]></system-err>
</testsuite>
