<?xml version="1.0" encoding="UTF-8"?>
<testsuite name="org.springframework.context.expression.ApplicationContextExpressionTests" tests="6" skipped="1" failures="0" errors="0" timestamp="2020-12-12T06:27:20" hostname="DESKTOP-TMNPDT1" time="0.518">
  <properties/>
  <testcase name="systemPropertiesSecurityManager()" classname="org.springframework.context.expression.ApplicationContextExpressionTests" time="0.151"/>
  <testcase name="prototypeCreationReevaluatesExpressions()" classname="org.springframework.context.expression.ApplicationContextExpressionTests" time="0.104"/>
  <testcase name="stringConcatenationWithDebugLogging()" classname="org.springframework.context.expression.ApplicationContextExpressionTests" time="0.028"/>
  <testcase name="resourceInjection()" classname="org.springframework.context.expression.ApplicationContextExpressionTests" time="0.036"/>
  <testcase name="prototypeCreationIsFastEnough()" classname="org.springframework.context.expression.ApplicationContextExpressionTests" time="0.0">
    <skipped/>
  </testcase>
  <testcase name="genericApplicationContext()" classname="org.springframework.context.expression.ApplicationContextExpressionTests" time="0.197"/>
  <system-out><![CDATA[]]></system-out>
  <system-err><![CDATA[]]></system-err>
</testsuite>
