<?xml version="1.0" encoding="UTF-8"?>
<testsuite name="org.springframework.jmx.export.notification.ModelMBeanNotificationPublisherTests" tests="4" skipped="0" failures="0" errors="0" timestamp="2020-12-12T06:27:54" hostname="DESKTOP-TMNPDT1" time="0.037">
  <properties/>
  <testcase name="testSendNullNotification()" classname="org.springframework.jmx.export.notification.ModelMBeanNotificationPublisherTests" time="0.033"/>
  <testcase name="testCtorWithNullManagedResource()" classname="org.springframework.jmx.export.notification.ModelMBeanNotificationPublisherTests" time="0.002"/>
  <testcase name="testCtorWithNullObjectName()" classname="org.springframework.jmx.export.notification.ModelMBeanNotificationPublisherTests" time="0.001"/>
  <testcase name="testCtorWithNullMBean()" classname="org.springframework.jmx.export.notification.ModelMBeanNotificationPublisherTests" time="0.001"/>
  <system-out><![CDATA[]]></system-out>
  <system-err><![CDATA[]]></system-err>
</testsuite>
