<?xml version="1.0" encoding="UTF-8"?>
<testsuite name="org.springframework.scheduling.config.ScheduledTasksBeanDefinitionParserTests" tests="6" skipped="0" failures="0" errors="0" timestamp="2020-12-12T06:27:57" hostname="DESKTOP-TMNPDT1" time="0.117">
  <properties/>
  <testcase name="fixedDelayTasks()" classname="org.springframework.scheduling.config.ScheduledTasksBeanDefinitionParserTests" time="0.022"/>
  <testcase name="triggerTasks()" classname="org.springframework.scheduling.config.ScheduledTasksBeanDefinitionParserTests" time="0.02"/>
  <testcase name="fixedRateTasks()" classname="org.springframework.scheduling.config.ScheduledTasksBeanDefinitionParserTests" time="0.02"/>
  <testcase name="checkTarget()" classname="org.springframework.scheduling.config.ScheduledTasksBeanDefinitionParserTests" time="0.018"/>
  <testcase name="cronTasks()" classname="org.springframework.scheduling.config.ScheduledTasksBeanDefinitionParserTests" time="0.016"/>
  <testcase name="checkScheduler()" classname="org.springframework.scheduling.config.ScheduledTasksBeanDefinitionParserTests" time="0.02"/>
  <system-out><![CDATA[]]></system-out>
  <system-err><![CDATA[]]></system-err>
</testsuite>
