<?xml version="1.0" encoding="UTF-8"?>
<testsuite name="org.springframework.context.annotation.ImportBeanDefinitionRegistrarTests" tests="1" skipped="0" failures="0" errors="0" timestamp="2020-12-12T06:27:04" hostname="DESKTOP-TMNPDT1" time="0.009">
  <properties/>
  <testcase name="shouldInvokeAwareMethodsInImportBeanDefinitionRegistrar()" classname="org.springframework.context.annotation.ImportBeanDefinitionRegistrarTests" time="0.009"/>
  <system-out><![CDATA[]]></system-out>
  <system-err><![CDATA[]]></system-err>
</testsuite>
