<?xml version="1.0" encoding="UTF-8"?>
<testsuite name="org.springframework.context.annotation.DeferredImportSelectorTests" tests="4" skipped="0" failures="0" errors="0" timestamp="2020-12-12T06:27:02" hostname="DESKTOP-TMNPDT1" time="0.178">
  <properties/>
  <testcase name="entryEqualSameMetadataAnDifferentClassName()" classname="org.springframework.context.annotation.DeferredImportSelectorTests" time="0.163"/>
  <testcase name="entryEqualsSameInstance()" classname="org.springframework.context.annotation.DeferredImportSelectorTests" time="0.001"/>
  <testcase name="entryEqualsSameMetadataAndClassName()" classname="org.springframework.context.annotation.DeferredImportSelectorTests" time="0.004"/>
  <testcase name="entryEqualDifferentMetadataAndSameClassName()" classname="org.springframework.context.annotation.DeferredImportSelectorTests" time="0.001"/>
  <system-out><![CDATA[]]></system-out>
  <system-err><![CDATA[]]></system-err>
</testsuite>
