<?xml version="1.0" encoding="UTF-8"?>
<testsuite name="org.springframework.aop.config.AopNamespaceHandlerTests" tests="5" skipped="0" failures="0" errors="0" timestamp="2020-12-12T06:26:01" hostname="DESKTOP-TMNPDT1" time="0.373">
  <properties/>
  <testcase name="testAspectAppliedForInitializeBeanWithEmptyName()" classname="org.springframework.aop.config.AopNamespaceHandlerTests" time="0.045"/>
  <testcase name="testAdviceInvokedCorrectly()" classname="org.springframework.aop.config.AopNamespaceHandlerTests" time="0.095"/>
  <testcase name="testAspectAppliedForInitializeBeanWithNullName()" classname="org.springframework.aop.config.AopNamespaceHandlerTests" time="0.035"/>
  <testcase name="testIsProxy()" classname="org.springframework.aop.config.AopNamespaceHandlerTests" time="0.113"/>
  <testcase name="testAspectApplied()" classname="org.springframework.aop.config.AopNamespaceHandlerTests" time="0.082"/>
  <system-out><![CDATA[]]></system-out>
  <system-err><![CDATA[]]></system-err>
</testsuite>
