<?xml version="1.0" encoding="UTF-8"?>
<testsuite name="org.springframework.scripting.support.ResourceScriptSourceTests" tests="4" skipped="0" failures="0" errors="0" timestamp="2020-12-12T06:28:07" hostname="DESKTOP-TMNPDT1" time="0.015">
  <properties/>
  <testcase name="beginsInModifiedState()" classname="org.springframework.scripting.support.ResourceScriptSourceTests" time="0.011"/>
  <testcase name="lastModifiedWorksWithResourceThatDoesNotSupportFileBasedAccessAtAll()" classname="org.springframework.scripting.support.ResourceScriptSourceTests" time="0.002"/>
  <testcase name="doesNotPropagateFatalExceptionOnResourceThatCannotBeResolvedToAFile()" classname="org.springframework.scripting.support.ResourceScriptSourceTests" time="0.001"/>
  <testcase name="lastModifiedWorksWithResourceThatDoesNotSupportFileBasedReading()" classname="org.springframework.scripting.support.ResourceScriptSourceTests" time="0.001"/>
  <system-out><![CDATA[]]></system-out>
  <system-err><![CDATA[]]></system-err>
</testsuite>
