<?xml version="1.0" encoding="UTF-8"?>
<testsuite name="org.springframework.context.annotation.Spr12636Tests" tests="2" skipped="0" failures="0" errors="0" timestamp="2020-12-12T06:27:11" hostname="DESKTOP-TMNPDT1" time="0.073">
  <properties/>
  <testcase name="orderOnImplementation()" classname="org.springframework.context.annotation.Spr12636Tests" time="0.004"/>
  <testcase name="orderOnImplementationWithProxy()" classname="org.springframework.context.annotation.Spr12636Tests" time="0.068"/>
  <system-out><![CDATA[]]></system-out>
  <system-err><![CDATA[]]></system-err>
</testsuite>
