<?xml version="1.0" encoding="UTF-8"?>
<testsuite name="org.springframework.aop.config.AopNamespaceHandlerThrowingTests" tests="2" skipped="0" failures="0" errors="0" timestamp="2020-12-12T06:26:02" hostname="DESKTOP-TMNPDT1" time="0.058">
  <properties/>
  <testcase name="testThrowingOnThrowingAdvice()" classname="org.springframework.aop.config.AopNamespaceHandlerThrowingTests" time="0.043"/>
  <testcase name="testParseThrowingOnOtherAdviceType()" classname="org.springframework.aop.config.AopNamespaceHandlerThrowingTests" time="0.015"/>
  <system-out><![CDATA[]]></system-out>
  <system-err><![CDATA[]]></system-err>
</testsuite>
