<?xml version="1.0" encoding="UTF-8"?>
<testsuite name="org.springframework.instrument.classloading.InstrumentableClassLoaderTests" tests="1" skipped="0" failures="0" errors="0" timestamp="2020-12-12T06:27:45" hostname="DESKTOP-TMNPDT1" time="0.003">
  <properties/>
  <testcase name="testDefaultLoadTimeWeaver()" classname="org.springframework.instrument.classloading.InstrumentableClassLoaderTests" time="0.003"/>
  <system-out><![CDATA[]]></system-out>
  <system-err><![CDATA[]]></system-err>
</testsuite>
