<?xml version="1.0" encoding="UTF-8"?>
<testsuite name="org.springframework.format.datetime.joda.JodaTimeFormattingTests" tests="42" skipped="0" failures="0" errors="0" timestamp="2020-12-12T06:27:43" hostname="DESKTOP-TMNPDT1" time="0.286">
  <properties/>
  <testcase name="testBindDateTime()" classname="org.springframework.format.datetime.joda.JodaTimeFormattingTests" time="0.075"/>
  <testcase name="testBindDateAnnotated()" classname="org.springframework.format.datetime.joda.JodaTimeFormattingTests" time="0.004"/>
  <testcase name="testBindDateTimeAnnotatedDefault()" classname="org.springframework.format.datetime.joda.JodaTimeFormattingTests" time="0.001"/>
  <testcase name="testBindYearMonth()" classname="org.springframework.format.datetime.joda.JodaTimeFormattingTests" time="0.034"/>
  <testcase name="testJodaTimePatternsForStyle()" classname="org.springframework.format.datetime.joda.JodaTimeFormattingTests" time="0.004"/>
  <testcase name="testBindDateTimeWithSpecificStyle()" classname="org.springframework.format.datetime.joda.JodaTimeFormattingTests" time="0.006"/>
  <testcase name="testBindDuration()" classname="org.springframework.format.datetime.joda.JodaTimeFormattingTests" time="0.04"/>
  <testcase name="testBindDateTimeAnnotated()" classname="org.springframework.format.datetime.joda.JodaTimeFormattingTests" time="0.002"/>
  <testcase name="testBindNestedLocalDateAnnotated()" classname="org.springframework.format.datetime.joda.JodaTimeFormattingTests" time="0.006"/>
  <testcase name="stringToDateWithGlobalFormat()" classname="org.springframework.format.datetime.joda.JodaTimeFormattingTests" time="0.001"/>
  <testcase name="testBindDateTimeWithSpecificFormatter()" classname="org.springframework.format.datetime.joda.JodaTimeFormattingTests" time="0.002"/>
  <testcase name="testBindDateTimeISO()" classname="org.springframework.format.datetime.joda.JodaTimeFormattingTests" time="0.002"/>
  <testcase name="testBindLongAnnotated()" classname="org.springframework.format.datetime.joda.JodaTimeFormattingTests" time="0.001"/>
  <testcase name="testBindLocalDateWithSpecificStyle()" classname="org.springframework.format.datetime.joda.JodaTimeFormattingTests" time="0.004"/>
  <testcase name="testBindLocalDateTime()" classname="org.springframework.format.datetime.joda.JodaTimeFormattingTests" time="0.001"/>
  <testcase name="testBindISODate()" classname="org.springframework.format.datetime.joda.JodaTimeFormattingTests" time="0.003"/>
  <testcase name="testBindISOTime()" classname="org.springframework.format.datetime.joda.JodaTimeFormattingTests" time="0.004"/>
  <testcase name="testBindPeriod()" classname="org.springframework.format.datetime.joda.JodaTimeFormattingTests" time="0.029"/>
  <testcase name="testBindLocalDateWithSpecificFormatter()" classname="org.springframework.format.datetime.joda.JodaTimeFormattingTests" time="0.001"/>
  <testcase name="testBindMonthDay()" classname="org.springframework.format.datetime.joda.JodaTimeFormattingTests" time="0.003"/>
  <testcase name="testBindCalendarAnnotated()" classname="org.springframework.format.datetime.joda.JodaTimeFormattingTests" time="0.015"/>
  <testcase name="testBindDateTimeAnnotatedPattern()" classname="org.springframework.format.datetime.joda.JodaTimeFormattingTests" time="0.001"/>
  <testcase name="testBindMutableDateTimeAnnotated()" classname="org.springframework.format.datetime.joda.JodaTimeFormattingTests" time="0.004"/>
  <testcase name="testBindLocalTimeWithSpecificFormatter()" classname="org.springframework.format.datetime.joda.JodaTimeFormattingTests" time="0.002"/>
  <testcase name="testBindLocalDateAnnotatedWithDirectFieldAccess()" classname="org.springframework.format.datetime.joda.JodaTimeFormattingTests" time="0.001"/>
  <testcase name="testBindLocalDateTimeAnnotated()" classname="org.springframework.format.datetime.joda.JodaTimeFormattingTests" time="0.002"/>
  <testcase name="dateToStringWithFormat()" classname="org.springframework.format.datetime.joda.JodaTimeFormattingTests" time="0.001"/>
  <testcase name="testBindDateWithoutErrorFallingBackToDateConstructor()" classname="org.springframework.format.datetime.joda.JodaTimeFormattingTests" time="0.001"/>
  <testcase name="testBindLocalDateAnnotatedWithError()" classname="org.springframework.format.datetime.joda.JodaTimeFormattingTests" time="0.002"/>
  <testcase name="testBindLocalDateArray()" classname="org.springframework.format.datetime.joda.JodaTimeFormattingTests" time="0.002"/>
  <testcase name="testBindDateTimeOverflow()" classname="org.springframework.format.datetime.joda.JodaTimeFormattingTests" time="0.003"/>
  <testcase name="testBindLocalTimeWithSpecificStyle()" classname="org.springframework.format.datetime.joda.JodaTimeFormattingTests" time="0.004"/>
  <testcase name="testBindLocalDateAnnotated()" classname="org.springframework.format.datetime.joda.JodaTimeFormattingTests" time="0.002"/>
  <testcase name="testBindISODateTime()" classname="org.springframework.format.datetime.joda.JodaTimeFormattingTests" time="0.001"/>
  <testcase name="testBindLong()" classname="org.springframework.format.datetime.joda.JodaTimeFormattingTests" time="0.0"/>
  <testcase name="testBindLocalTimeAnnotated()" classname="org.springframework.format.datetime.joda.JodaTimeFormattingTests" time="0.001"/>
  <testcase name="testBindDateWithErrorAvoidingDateConstructor()" classname="org.springframework.format.datetime.joda.JodaTimeFormattingTests" time="0.001"/>
  <testcase name="stringToDateWithoutGlobalFormat()" classname="org.springframework.format.datetime.joda.JodaTimeFormattingTests" time="0.0"/>
  <testcase name="testBindInstantAnnotated()" classname="org.springframework.format.datetime.joda.JodaTimeFormattingTests" time="0.001"/>
  <testcase name="testBindLocalDateAnnotatedWithDirectFieldAccessAndError()" classname="org.springframework.format.datetime.joda.JodaTimeFormattingTests" time="0.001"/>
  <testcase name="testBindLocalDate()" classname="org.springframework.format.datetime.joda.JodaTimeFormattingTests" time="0.001"/>
  <testcase name="testBindLocalTime()" classname="org.springframework.format.datetime.joda.JodaTimeFormattingTests" time="0.001"/>
  <system-out><![CDATA[M/d/yy h:mm a
MMM d, yyyy h:mm:ss a
MMMM d, yyyy h:mm:ss a z
EEEE, MMMM d, yyyy h:mm:ss a z
]]></system-out>
  <system-err><![CDATA[]]></system-err>
</testsuite>
