<?xml version="1.0" encoding="UTF-8"?>
<testsuite name="org.springframework.context.annotation.NestedConfigurationClassTests" tests="8" skipped="0" failures="0" errors="0" timestamp="2020-12-12T06:27:09" hostname="DESKTOP-TMNPDT1" time="0.43">
  <properties/>
  <testcase name="twoLevelsWithNoBeanMethods()" classname="org.springframework.context.annotation.NestedConfigurationClassTests" time="0.035"/>
  <testcase name="twoLevelsDeepWithInheritanceThroughImport()" classname="org.springframework.context.annotation.NestedConfigurationClassTests" time="0.032"/>
  <testcase name="twoLevelsDeep()" classname="org.springframework.context.annotation.NestedConfigurationClassTests" time="0.089"/>
  <testcase name="oneLevelDeep()" classname="org.springframework.context.annotation.NestedConfigurationClassTests" time="0.072"/>
  <testcase name="twoLevelsDeepWithInheritance()" classname="org.springframework.context.annotation.NestedConfigurationClassTests" time="0.021"/>
  <testcase name="twoLevelsInLiteMode()" classname="org.springframework.context.annotation.NestedConfigurationClassTests" time="0.01"/>
  <testcase name="twoLevelsDeepWithInheritanceAndScopedProxy()" classname="org.springframework.context.annotation.NestedConfigurationClassTests" time="0.123"/>
  <testcase name="twoLevelsOnNonAnnotatedBaseClass()" classname="org.springframework.context.annotation.NestedConfigurationClassTests" time="0.039"/>
  <system-out><![CDATA[]]></system-out>
  <system-err><![CDATA[]]></system-err>
</testsuite>
