<?xml version="1.0" encoding="UTF-8"?>
<testsuite name="org.springframework.scheduling.config.ScheduledTaskRegistrarTests" tests="7" skipped="0" failures="0" errors="0" timestamp="2020-12-12T06:27:57" hostname="DESKTOP-TMNPDT1" time="0.03">
  <properties/>
  <testcase name="addCronTaskWithDisabledExpression()" classname="org.springframework.scheduling.config.ScheduledTaskRegistrarTests" time="0.001"/>
  <testcase name="getFixedRateTasks()" classname="org.springframework.scheduling.config.ScheduledTaskRegistrarTests" time="0.008"/>
  <testcase name="addCronTaskWithValidExpression()" classname="org.springframework.scheduling.config.ScheduledTaskRegistrarTests" time="0.001"/>
  <testcase name="getCronTasks()" classname="org.springframework.scheduling.config.ScheduledTaskRegistrarTests" time="0.008"/>
  <testcase name="addCronTaskWithInvalidExpression()" classname="org.springframework.scheduling.config.ScheduledTaskRegistrarTests" time="0.0"/>
  <testcase name="getFixedDelayTasks()" classname="org.springframework.scheduling.config.ScheduledTaskRegistrarTests" time="0.0"/>
  <testcase name="getTriggerTasks()" classname="org.springframework.scheduling.config.ScheduledTaskRegistrarTests" time="0.008"/>
  <system-out><![CDATA[]]></system-out>
  <system-err><![CDATA[]]></system-err>
</testsuite>
