<?xml version="1.0" encoding="UTF-8"?>
<testsuite name="org.springframework.scheduling.concurrent.ThreadPoolTaskExecutorTests" tests="14" skipped="0" failures="0" errors="0" timestamp="2020-12-12T06:27:56" hostname="DESKTOP-TMNPDT1" time="0.154">
  <properties/>
  <testcase name="submitCallableWithGetAfterShutdown()" classname="org.springframework.scheduling.concurrent.ThreadPoolTaskExecutorTests" time="0.016"/>
  <testcase name="submitListenableCallableWithGetAfterShutdown()" classname="org.springframework.scheduling.concurrent.ThreadPoolTaskExecutorTests" time="0.002"/>
  <testcase name="submitListenableCallable()" classname="org.springframework.scheduling.concurrent.ThreadPoolTaskExecutorTests" time="0.012"/>
  <testcase name="executeRunnable()" classname="org.springframework.scheduling.concurrent.ThreadPoolTaskExecutorTests" time="0.012"/>
  <testcase name="submitListenableRunnable()" classname="org.springframework.scheduling.concurrent.ThreadPoolTaskExecutorTests" time="0.013"/>
  <testcase name="submitFailingCallable()" classname="org.springframework.scheduling.concurrent.ThreadPoolTaskExecutorTests" time="0.012"/>
  <testcase name="submitCallable()" classname="org.springframework.scheduling.concurrent.ThreadPoolTaskExecutorTests" time="0.011"/>
  <testcase name="submitFailingListenableCallable()" classname="org.springframework.scheduling.concurrent.ThreadPoolTaskExecutorTests" time="0.022"/>
  <testcase name="submitRunnableWithGetAfterShutdown()" classname="org.springframework.scheduling.concurrent.ThreadPoolTaskExecutorTests" time="0.001"/>
  <testcase name="submitListenableRunnableWithGetAfterShutdown()" classname="org.springframework.scheduling.concurrent.ThreadPoolTaskExecutorTests" time="0.012"/>
  <testcase name="submitFailingRunnable()" classname="org.springframework.scheduling.concurrent.ThreadPoolTaskExecutorTests" time="0.011"/>
  <testcase name="submitRunnable()" classname="org.springframework.scheduling.concurrent.ThreadPoolTaskExecutorTests" time="0.012"/>
  <testcase name="executeFailingRunnable()" classname="org.springframework.scheduling.concurrent.ThreadPoolTaskExecutorTests" time="0.001"/>
  <testcase name="submitFailingListenableRunnable()" classname="org.springframework.scheduling.concurrent.ThreadPoolTaskExecutorTests" time="0.012"/>
  <system-out><![CDATA[]]></system-out>
  <system-err><![CDATA[Dez 12, 2020 2:27:56 PM ClientIntermediary close
INFORMATION: java.io.IOException: The connection is not currently established.
java.io.IOException: The connection is not currently established.
	at com.sun.jmx.remote.generic.ClientSynchroMessageConnectionImpl.checkState(ClientSynchroMessageConnectionImpl.java:617)
	at com.sun.jmx.remote.generic.ClientSynchroMessageConnectionImpl.sendOneWay(ClientSynchroMessageConnectionImpl.java:202)
	at javax.management.remote.generic.GenericConnector.close(GenericConnector.java:300)
	at javax.management.remote.generic.GenericConnector.close(GenericConnector.java:271)
	at javax.management.remote.generic.ClientIntermediary$GenericClientCommunicatorAdmin.doStop(ClientIntermediary.java:897)
	at com.sun.jmx.remote.opt.internal.ClientCommunicatorAdmin.restart(ClientCommunicatorAdmin.java:172)
	at com.sun.jmx.remote.opt.internal.ClientCommunicatorAdmin.gotIOException(ClientCommunicatorAdmin.java:73)
	at javax.management.remote.generic.GenericConnector$RequestHandler.execute(GenericConnector.java:662)
	at com.sun.jmx.remote.generic.ClientSynchroMessageConnectionImpl$RemoteJob.run(ClientSynchroMessageConnectionImpl.java:568)
	at com.sun.jmx.remote.opt.util.ThreadService$ThreadServiceJob.run(ThreadService.java:248)
	at com.sun.jmx.remote.opt.util.JobExecutor.run(JobExecutor.java:99)

]]></system-err>
</testsuite>
