<?xml version="1.0" encoding="UTF-8"?>
<testsuite name="org.springframework.aop.aspectj.autoproxy.AtAspectJAnnotationBindingTests" tests="3" skipped="0" failures="0" errors="0" timestamp="2020-12-12T06:25:51" hostname="DESKTOP-TMNPDT1" time="0.197">
  <properties/>
  <testcase name="testAnnotationBindingInAroundAdvice()" classname="org.springframework.aop.aspectj.autoproxy.AtAspectJAnnotationBindingTests" time="0.087"/>
  <testcase name="testNoMatchingWithoutAnnotationPresent()" classname="org.springframework.aop.aspectj.autoproxy.AtAspectJAnnotationBindingTests" time="0.032"/>
  <testcase name="testPointcutEvaluatedAgainstArray()" classname="org.springframework.aop.aspectj.autoproxy.AtAspectJAnnotationBindingTests" time="0.069"/>
  <system-out><![CDATA[]]></system-out>
  <system-err><![CDATA[]]></system-err>
</testsuite>
