<?xml version="1.0" encoding="UTF-8"?>
<testsuite name="org.springframework.ejb.config.JeeNamespaceHandlerTests" tests="9" skipped="0" failures="0" errors="0" timestamp="2020-12-12T06:27:42" hostname="DESKTOP-TMNPDT1" time="0.405">
  <properties/>
  <testcase name="testSimpleDefinition()" classname="org.springframework.ejb.config.JeeNamespaceHandlerTests" time="0.077"/>
  <testcase name="testComplexRemoteSlsb()" classname="org.springframework.ejb.config.JeeNamespaceHandlerTests" time="0.028"/>
  <testcase name="testLazyInitJndiLookup()" classname="org.springframework.ejb.config.JeeNamespaceHandlerTests" time="0.041"/>
  <testcase name="testWithEnvironment()" classname="org.springframework.ejb.config.JeeNamespaceHandlerTests" time="0.038"/>
  <testcase name="testWithReferencedEnvironment()" classname="org.springframework.ejb.config.JeeNamespaceHandlerTests" time="0.024"/>
  <testcase name="testComplexLocalSlsb()" classname="org.springframework.ejb.config.JeeNamespaceHandlerTests" time="0.053"/>
  <testcase name="testSimpleRemoteSlsb()" classname="org.springframework.ejb.config.JeeNamespaceHandlerTests" time="0.033"/>
  <testcase name="testComplexDefinition()" classname="org.springframework.ejb.config.JeeNamespaceHandlerTests" time="0.079"/>
  <testcase name="testSimpleLocalSlsb()" classname="org.springframework.ejb.config.JeeNamespaceHandlerTests" time="0.027"/>
  <system-out><![CDATA[]]></system-out>
  <system-err><![CDATA[]]></system-err>
</testsuite>
