<?xml version="1.0" encoding="UTF-8"?>
<testsuite name="org.springframework.jmx.export.NotificationListenerTests" tests="13" skipped="0" failures="0" errors="0" timestamp="2020-12-12T06:27:54" hostname="DESKTOP-TMNPDT1" time="0.072">
  <properties/>
  <testcase name="testRegisterNotificationListenerWithTwoBeanNamesMappedToDifferentBeanInstances()" classname="org.springframework.jmx.export.NotificationListenerTests" time="0.011"/>
  <testcase name="testRegisterNotificationListenerForMBean()" classname="org.springframework.jmx.export.NotificationListenerTests" time="0.009"/>
  <testcase name="testNotificationListenerRegistrar()" classname="org.springframework.jmx.export.NotificationListenerTests" time="0.009"/>
  <testcase name="testRegisterNotificationListenerWithWildcard()" classname="org.springframework.jmx.export.NotificationListenerTests" time="0.002"/>
  <testcase name="testRegisterNotificationListenerWithFilter()" classname="org.springframework.jmx.export.NotificationListenerTests" time="0.005"/>
  <testcase name="testRegisterNotificationListenerWithBeanNameAndBeanNameInBeansMap()" classname="org.springframework.jmx.export.NotificationListenerTests" time="0.009"/>
  <testcase name="testCreationWithNoNotificationListenerSet()" classname="org.springframework.jmx.export.NotificationListenerTests" time="0.001"/>
  <testcase name="testRegisterNotificationListenerWithHandback()" classname="org.springframework.jmx.export.NotificationListenerTests" time="0.004"/>
  <testcase name="testRegisterNotificationListenerWithObjectNameBeforeBeanNameMappedToSameBeanInstance()" classname="org.springframework.jmx.export.NotificationListenerTests" time="0.001"/>
  <testcase name="testRegisterNotificationListenerForAllMBeans()" classname="org.springframework.jmx.export.NotificationListenerTests" time="0.012"/>
  <testcase name="testRegisterNotificationListenerWithBeanNameAndBeanInstanceInBeansMap()" classname="org.springframework.jmx.export.NotificationListenerTests" time="0.002"/>
  <testcase name="testNotificationListenerRegistrarWithMultipleNames()" classname="org.springframework.jmx.export.NotificationListenerTests" time="0.003"/>
  <testcase name="testRegisterNotificationListenerWithBeanNameBeforeObjectNameMappedToSameBeanInstance()" classname="org.springframework.jmx.export.NotificationListenerTests" time="0.002"/>
  <system-out><![CDATA[]]></system-out>
  <system-err><![CDATA[]]></system-err>
</testsuite>
