<?xml version="1.0" encoding="UTF-8"?>
<testsuite name="org.springframework.remoting.support.RemoteInvocationUtilsTests" tests="2" skipped="0" failures="0" errors="0" timestamp="2020-12-12T06:27:55" hostname="DESKTOP-TMNPDT1" time="0.006">
  <properties/>
  <testcase name="fillInClientStackTraceIfPossibleWithNullThrowable()" classname="org.springframework.remoting.support.RemoteInvocationUtilsTests" time="0.005"/>
  <testcase name="fillInClientStackTraceIfPossibleSunnyDay()" classname="org.springframework.remoting.support.RemoteInvocationUtilsTests" time="0.001"/>
  <system-out><![CDATA[]]></system-out>
  <system-err><![CDATA[]]></system-err>
</testsuite>
