<?xml version="1.0" encoding="UTF-8"?>
<testsuite name="org.springframework.context.annotation.LazyAutowiredAnnotationBeanPostProcessorTests" tests="10" skipped="0" failures="0" errors="0" timestamp="2020-12-12T06:27:08" hostname="DESKTOP-TMNPDT1" time="0.509">
  <properties/>
  <testcase name="testLazyResourceInjectionWithConstructorAndCustomAnnotation()" classname="org.springframework.context.annotation.LazyAutowiredAnnotationBeanPostProcessorTests" time="0.01"/>
  <testcase name="testLazyOptionalResourceInjectionWithNonExistingTarget()" classname="org.springframework.context.annotation.LazyAutowiredAnnotationBeanPostProcessorTests" time="0.113"/>
  <testcase name="testLazyResourceInjectionWithField()" classname="org.springframework.context.annotation.LazyAutowiredAnnotationBeanPostProcessorTests" time="0.027"/>
  <testcase name="testLazyResourceInjectionWithMethodLevelLazy()" classname="org.springframework.context.annotation.LazyAutowiredAnnotationBeanPostProcessorTests" time="0.008"/>
  <testcase name="testLazyResourceInjectionWithConstructor()" classname="org.springframework.context.annotation.LazyAutowiredAnnotationBeanPostProcessorTests" time="0.003"/>
  <testcase name="testLazyResourceInjectionWithMethodAndCustomAnnotation()" classname="org.springframework.context.annotation.LazyAutowiredAnnotationBeanPostProcessorTests" time="0.011"/>
  <testcase name="testLazyResourceInjectionWithFieldAndCustomAnnotation()" classname="org.springframework.context.annotation.LazyAutowiredAnnotationBeanPostProcessorTests" time="0.273"/>
  <testcase name="testLazyResourceInjectionWithConstructorLevelLazy()" classname="org.springframework.context.annotation.LazyAutowiredAnnotationBeanPostProcessorTests" time="0.009"/>
  <testcase name="testLazyResourceInjectionWithNonExistingTarget()" classname="org.springframework.context.annotation.LazyAutowiredAnnotationBeanPostProcessorTests" time="0.01"/>
  <testcase name="testLazyResourceInjectionWithMethod()" classname="org.springframework.context.annotation.LazyAutowiredAnnotationBeanPostProcessorTests" time="0.038"/>
  <system-out><![CDATA[]]></system-out>
  <system-err><![CDATA[]]></system-err>
</testsuite>
