<?xml version="1.0" encoding="UTF-8"?>
<testsuite name="org.springframework.cache.config.CacheAdviceParserTests" tests="1" skipped="0" failures="0" errors="0" timestamp="2020-12-12T06:26:32" hostname="DESKTOP-TMNPDT1" time="0.065">
  <properties/>
  <testcase name="keyAndKeyGeneratorCannotBeSetTogether()" classname="org.springframework.cache.config.CacheAdviceParserTests" time="0.065"/>
  <system-out><![CDATA[]]></system-out>
  <system-err><![CDATA[]]></system-err>
</testsuite>
