<?xml version="1.0" encoding="UTF-8"?>
<testsuite name="org.springframework.context.annotation.configuration.ConfigurationClassAspectIntegrationTests" tests="3" skipped="0" failures="0" errors="0" timestamp="2020-12-12T06:26:58" hostname="DESKTOP-TMNPDT1" time="0.471">
  <properties/>
  <testcase name="configurationIncludesAspect()" classname="org.springframework.context.annotation.configuration.ConfigurationClassAspectIntegrationTests" time="0.184"/>
  <testcase name="withInnerClassAndLambdaExpression()" classname="org.springframework.context.annotation.configuration.ConfigurationClassAspectIntegrationTests" time="0.115"/>
  <testcase name="aspectAnnotatedConfiguration()" classname="org.springframework.context.annotation.configuration.ConfigurationClassAspectIntegrationTests" time="0.17"/>
  <system-out><![CDATA[]]></system-out>
  <system-err><![CDATA[]]></system-err>
</testsuite>
