<?xml version="1.0" encoding="UTF-8"?>
<testsuite name="org.springframework.aop.framework.ProxyFactoryBeanTests" tests="31" skipped="0" failures="0" errors="0" timestamp="2020-12-12T06:26:06" hostname="DESKTOP-TMNPDT1" time="0.957">
  <properties/>
  <testcase name="testDetectsInterfaces()" classname="org.springframework.aop.framework.ProxyFactoryBeanTests" time="0.008"/>
  <testcase name="testTargetSourceNotAtEndOfInterceptorNamesIsRejected()" classname="org.springframework.aop.framework.ProxyFactoryBeanTests" time="0.014"/>
  <testcase name="testSingletonInstancesAreEqual()" classname="org.springframework.aop.framework.ProxyFactoryBeanTests" time="0.046"/>
  <testcase name="testGetObjectTypeWithNoTargetOrTargetSource()" classname="org.springframework.aop.framework.ProxyFactoryBeanTests" time="0.023"/>
  <testcase name="testSerializableSingletonProxyFactoryBean()" classname="org.springframework.aop.framework.ProxyFactoryBeanTests" time="0.132"/>
  <testcase name="testPrototypeAdvisor()" classname="org.springframework.aop.framework.ProxyFactoryBeanTests" time="0.015"/>
  <testcase name="testIsDynamicProxyWhenInterfaceSpecifiedForPrototype()" classname="org.springframework.aop.framework.ProxyFactoryBeanTests" time="0.02"/>
  <testcase name="testGlobalsWithoutTarget()" classname="org.springframework.aop.framework.ProxyFactoryBeanTests" time="0.037"/>
  <testcase name="testIsDynamicProxyWhenAutodetectingInterfacesForPrototype()" classname="org.springframework.aop.framework.ProxyFactoryBeanTests" time="0.007"/>
  <testcase name="testInnerBeanTargetUsingAutowiring()" classname="org.springframework.aop.framework.ProxyFactoryBeanTests" time="0.033"/>
  <testcase name="testTargetAsInnerBean()" classname="org.springframework.aop.framework.ProxyFactoryBeanTests" time="0.013"/>
  <testcase name="testCanAddAndRemoveAspectInterfacesOnPrototype()" classname="org.springframework.aop.framework.ProxyFactoryBeanTests" time="0.012"/>
  <testcase name="testGlobalsCanAddAspectInterfaces()" classname="org.springframework.aop.framework.ProxyFactoryBeanTests" time="0.029"/>
  <testcase name="testAutoInvoker()" classname="org.springframework.aop.framework.ProxyFactoryBeanTests" time="0.018"/>
  <testcase name="testPrototypeInterceptorSingletonTarget()" classname="org.springframework.aop.framework.ProxyFactoryBeanTests" time="0.023"/>
  <testcase name="testSerializableSingletonProxy()" classname="org.springframework.aop.framework.ProxyFactoryBeanTests" time="0.066"/>
  <testcase name="testCanGetFactoryReferenceAndManipulate()" classname="org.springframework.aop.framework.ProxyFactoryBeanTests" time="0.027"/>
  <testcase name="testIsDynamicProxyWhenInterfaceSpecified()" classname="org.springframework.aop.framework.ProxyFactoryBeanTests" time="0.013"/>
  <testcase name="testDoubleTargetSourcesAreRejected()" classname="org.springframework.aop.framework.ProxyFactoryBeanTests" time="0.026"/>
  <testcase name="testSerializablePrototypeProxy()" classname="org.springframework.aop.framework.ProxyFactoryBeanTests" time="0.037"/>
  <testcase name="testIsDynamicProxyWhenAutodetectingInterfaces()" classname="org.springframework.aop.framework.ProxyFactoryBeanTests" time="0.013"/>
  <testcase name="testCglibPrototypeInstance()" classname="org.springframework.aop.framework.ProxyFactoryBeanTests" time="0.1"/>
  <testcase name="testEmptyInterceptorNames()" classname="org.springframework.aop.framework.ProxyFactoryBeanTests" time="0.014"/>
  <testcase name="testGetObjectTypeWithTargetViaTargetSource()" classname="org.springframework.aop.framework.ProxyFactoryBeanTests" time="0.092"/>
  <testcase name="testGetObjectTypeWithDirectTarget()" classname="org.springframework.aop.framework.ProxyFactoryBeanTests" time="0.043"/>
  <testcase name="testProxyNotSerializableBecauseOfAdvice()" classname="org.springframework.aop.framework.ProxyFactoryBeanTests" time="0.012"/>
  <testcase name="testMethodPointcuts()" classname="org.springframework.aop.framework.ProxyFactoryBeanTests" time="0.009"/>
  <testcase name="testCanAddAndRemoveAdvicesOnSingleton()" classname="org.springframework.aop.framework.ProxyFactoryBeanTests" time="0.007"/>
  <testcase name="testCanAddThrowsAdviceWithoutAdvisor()" classname="org.springframework.aop.framework.ProxyFactoryBeanTests" time="0.012"/>
  <testcase name="testPrototypeInstancesAreNotEqual()" classname="org.springframework.aop.framework.ProxyFactoryBeanTests" time="0.006"/>
  <testcase name="testFrozenFactoryBean()" classname="org.springframework.aop.framework.ProxyFactoryBeanTests" time="0.023"/>
  <system-out><![CDATA[]]></system-out>
  <system-err><![CDATA[]]></system-err>
</testsuite>
