<?xml version="1.0" encoding="UTF-8"?>
<testsuite name="org.springframework.aop.config.AopNamespaceHandlerReturningTests" tests="2" skipped="0" failures="0" errors="0" timestamp="2020-12-12T06:26:01" hostname="DESKTOP-TMNPDT1" time="0.089">
  <properties/>
  <testcase name="testParseReturningOnOtherAdviceType()" classname="org.springframework.aop.config.AopNamespaceHandlerReturningTests" time="0.017"/>
  <testcase name="testReturningOnReturningAdvice()" classname="org.springframework.aop.config.AopNamespaceHandlerReturningTests" time="0.072"/>
  <system-out><![CDATA[]]></system-out>
  <system-err><![CDATA[]]></system-err>
</testsuite>
