<?xml version="1.0" encoding="UTF-8"?>
<testsuite name="org.springframework.aop.config.MethodLocatingFactoryBeanTests" tests="9" skipped="0" failures="0" errors="0" timestamp="2020-12-12T06:26:02" hostname="DESKTOP-TMNPDT1" time="0.183">
  <properties/>
  <testcase name="testWhenTargetBeanClassCannotBeResolved()" classname="org.springframework.aop.config.MethodLocatingFactoryBeanTests" time="0.14"/>
  <testcase name="testWithNullTargetMethodName()" classname="org.springframework.aop.config.MethodLocatingFactoryBeanTests" time="0.001"/>
  <testcase name="testGetObjectType()" classname="org.springframework.aop.config.MethodLocatingFactoryBeanTests" time="0.004"/>
  <testcase name="testWithNullTargetBeanName()" classname="org.springframework.aop.config.MethodLocatingFactoryBeanTests" time="0.001"/>
  <testcase name="testIsSingleton()" classname="org.springframework.aop.config.MethodLocatingFactoryBeanTests" time="0.001"/>
  <testcase name="testWhereMethodCannotBeResolved()" classname="org.springframework.aop.config.MethodLocatingFactoryBeanTests" time="0.025"/>
  <testcase name="testSunnyDayPath()" classname="org.springframework.aop.config.MethodLocatingFactoryBeanTests" time="0.001"/>
  <testcase name="testWithEmptyTargetBeanName()" classname="org.springframework.aop.config.MethodLocatingFactoryBeanTests" time="0.001"/>
  <testcase name="testWithEmptyTargetMethodName()" classname="org.springframework.aop.config.MethodLocatingFactoryBeanTests" time="0.0"/>
  <system-out><![CDATA[]]></system-out>
  <system-err><![CDATA[]]></system-err>
</testsuite>
