<?xml version="1.0" encoding="UTF-8"?>
<testsuite name="org.springframework.scheduling.annotation.EnableAsyncTests" tests="17" skipped="0" failures="0" errors="0" timestamp="2020-12-12T06:27:55" hostname="DESKTOP-TMNPDT1" time="0.379">
  <properties/>
  <testcase name="customAsyncAnnotationIsPropagated()" classname="org.springframework.scheduling.annotation.EnableAsyncTests" time="0.014"/>
  <testcase name="properExceptionForResolvedProxyDependencyMismatch()" classname="org.springframework.scheduling.annotation.EnableAsyncTests" time="0.011"/>
  <testcase name="customExecutorConfig()" classname="org.springframework.scheduling.annotation.EnableAsyncTests" time="0.028"/>
  <testcase name="aspectModeAspectJAttemptsToRegisterAsyncAspect()" classname="org.springframework.scheduling.annotation.EnableAsyncTests" time="0.004"/>
  <testcase name="proxyingOccurs()" classname="org.springframework.scheduling.annotation.EnableAsyncTests" time="0.01"/>
  <testcase name="asyncProcessorIsOrderedLowestPrecedenceByDefault()" classname="org.springframework.scheduling.annotation.EnableAsyncTests" time="0.01"/>
  <testcase name="exceptionThrownWithBeanNotOfRequiredTypeRootCause()" classname="org.springframework.scheduling.annotation.EnableAsyncTests" time="0.015"/>
  <testcase name="customExecutorBeanConfigWithThrowsException()" classname="org.springframework.scheduling.annotation.EnableAsyncTests" time="0.046"/>
  <testcase name="customExecutorBeanConfig()" classname="org.springframework.scheduling.annotation.EnableAsyncTests" time="0.025"/>
  <testcase name="properExceptionForExistingProxyDependencyMismatch()" classname="org.springframework.scheduling.annotation.EnableAsyncTests" time="0.013"/>
  <testcase name="findOnInterfaceWithInterfaceProxy()" classname="org.springframework.scheduling.annotation.EnableAsyncTests" time="0.034"/>
  <testcase name="findOnInterfaceWithCglibProxy()" classname="org.springframework.scheduling.annotation.EnableAsyncTests" time="0.03"/>
  <testcase name="customExecutorBean()" classname="org.springframework.scheduling.annotation.EnableAsyncTests" time="0.036"/>
  <testcase name="customExecutorConfigWithThrowsException()" classname="org.springframework.scheduling.annotation.EnableAsyncTests" time="0.023"/>
  <testcase name="proxyingOccursWithMockitoStub()" classname="org.springframework.scheduling.annotation.EnableAsyncTests" time="0.031"/>
  <testcase name="withAsyncBeanWithExecutorQualifiedByName()" classname="org.springframework.scheduling.annotation.EnableAsyncTests" time="0.028"/>
  <testcase name="orderAttributeIsPropagated()" classname="org.springframework.scheduling.annotation.EnableAsyncTests" time="0.013"/>
  <system-out><![CDATA[14:27:55.661 [Test worker] WARN  o.s.c.a.AnnotationConfigApplicationContext - Exception encountered during context initialization - cancelling refresh attempt: org.springframework.beans.factory.UnsatisfiedDependencyException: Error creating bean with name 'enableAsyncTests.AsyncBeanUser': Unsatisfied dependency expressed through constructor parameter 0; nested exception is org.springframework.beans.factory.BeanNotOfRequiredTypeException: Bean named 'asyncBean' is expected to be of type 'org.springframework.scheduling.annotation.EnableAsyncTests$AsyncBean' but was actually of type 'com.sun.proxy.$Proxy232'
14:27:55.694 [Test worker] WARN  o.s.c.a.AnnotationConfigApplicationContext - Exception encountered during context initialization - cancelling refresh attempt: org.springframework.beans.factory.BeanDefinitionStoreException: Failed to process import candidates for configuration class [org.springframework.scheduling.annotation.EnableAsyncTests$AspectJAsyncAnnotationConfig]; nested exception is java.io.FileNotFoundException: class path resource [org/springframework/scheduling/aspectj/AspectJAsyncConfiguration.class] cannot be opened because it does not exist
14:27:55.732 [Test worker] WARN  o.s.c.a.AnnotationConfigApplicationContext - Exception encountered during context initialization - cancelling refresh attempt: org.springframework.beans.factory.UnsatisfiedDependencyException: Error creating bean with name 'user' defined in org.springframework.scheduling.annotation.EnableAsyncTests$UserConfiguration: Unsatisfied dependency expressed through method 'user' parameter 0; nested exception is org.springframework.beans.factory.BeanNotOfRequiredTypeException: Bean named 'asyncBean' is expected to be of type 'org.springframework.scheduling.annotation.EnableAsyncTests$AsyncBeanWithInterface' but was actually of type 'com.sun.proxy.$Proxy232'
14:27:55.817 [Test worker] WARN  o.s.c.a.AnnotationConfigApplicationContext - Exception encountered during context initialization - cancelling refresh attempt: org.springframework.beans.factory.UnsatisfiedDependencyException: Error creating bean with name 'enableAsyncTests.AsyncBeanUser': Unsatisfied dependency expressed through constructor parameter 0; nested exception is org.springframework.beans.factory.BeanNotOfRequiredTypeException: Bean named 'asyncBean' is expected to be of type 'org.springframework.scheduling.annotation.EnableAsyncTests$AsyncBean' but was actually of type 'com.sun.proxy.$Proxy232'
]]></system-out>
  <system-err><![CDATA[Dez 12, 2020 2:27:55 PM ClientCommunicatorAdmin restart
WARNUNG: Failed to restart: java.net.ConnectException: Connection refused: connect
Dez 12, 2020 2:27:55 PM ClientCommunicatorAdmin restart
WARNUNG: Failed to restart: java.net.ConnectException: Connection refused: connect
]]></system-err>
</testsuite>
