<?xml version="1.0" encoding="UTF-8"?>
<testsuite name="org.springframework.context.support.LiveBeansViewTests" tests="4" skipped="0" failures="0" errors="0" timestamp="2020-12-12T06:27:37" hostname="DESKTOP-TMNPDT1" time="0.397">
  <properties/>
  <testcase name="registerUnregisterSingleContext(TestInfo)" classname="org.springframework.context.support.LiveBeansViewTests" time="0.251"/>
  <testcase name="registerUnregisterSeveralContexts(TestInfo)" classname="org.springframework.context.support.LiveBeansViewTests" time="0.011"/>
  <testcase name="registerIgnoredIfPropertyIsNotSet(TestInfo)" classname="org.springframework.context.support.LiveBeansViewTests" time="0.005"/>
  <testcase name="registerUnregisterSeveralContextsDifferentOrder(TestInfo)" classname="org.springframework.context.support.LiveBeansViewTests" time="0.121"/>
  <system-out><![CDATA[]]></system-out>
  <system-err><![CDATA[]]></system-err>
</testsuite>
