<?xml version="1.0" encoding="UTF-8"?>
<testsuite name="org.springframework.scripting.groovy.GroovyAspectIntegrationTests" tests="4" skipped="0" failures="0" errors="0" timestamp="2020-12-12T06:28:02" hostname="DESKTOP-TMNPDT1" time="0.272">
  <properties/>
  <testcase name="testJavaBean()" classname="org.springframework.scripting.groovy.GroovyAspectIntegrationTests" time="0.034"/>
  <testcase name="testGroovyBeanProxyTargetClass()" classname="org.springframework.scripting.groovy.GroovyAspectIntegrationTests" time="0.101"/>
  <testcase name="testGroovyBeanDynamic()" classname="org.springframework.scripting.groovy.GroovyAspectIntegrationTests" time="0.085"/>
  <testcase name="testGroovyBeanInterface()" classname="org.springframework.scripting.groovy.GroovyAspectIntegrationTests" time="0.051"/>
  <system-out><![CDATA[]]></system-out>
  <system-err><![CDATA[]]></system-err>
</testsuite>
