<?xml version="1.0" encoding="UTF-8"?>
<testsuite name="org.springframework.context.annotation.configuration.spr9031.Spr9031Tests" tests="2" skipped="0" failures="0" errors="0" timestamp="2020-12-12T06:27:01" hostname="DESKTOP-TMNPDT1" time="0.021">
  <properties/>
  <testcase name="withoutAsmAnnotationProcessing()" classname="org.springframework.context.annotation.configuration.spr9031.Spr9031Tests" time="0.014"/>
  <testcase name="withAsmAnnotationProcessing()" classname="org.springframework.context.annotation.configuration.spr9031.Spr9031Tests" time="0.007"/>
  <system-out><![CDATA[]]></system-out>
  <system-err><![CDATA[]]></system-err>
</testsuite>
