<?xml version="1.0" encoding="UTF-8"?>
<testsuite name="org.springframework.jndi.JndiTemplateEditorTests" tests="3" skipped="0" failures="0" errors="0" timestamp="2020-12-12T06:27:55" hostname="DESKTOP-TMNPDT1" time="0.005">
  <properties/>
  <testcase name="testCustomEnvironment()" classname="org.springframework.jndi.JndiTemplateEditorTests" time="0.004"/>
  <testcase name="testNullIsIllegalArgument()" classname="org.springframework.jndi.JndiTemplateEditorTests" time="0.001"/>
  <testcase name="testEmptyStringMeansNullEnvironment()" classname="org.springframework.jndi.JndiTemplateEditorTests" time="0.0"/>
  <system-out><![CDATA[]]></system-out>
  <system-err><![CDATA[]]></system-err>
</testsuite>
