<?xml version="1.0" encoding="UTF-8"?>
<testsuite name="org.springframework.context.annotation.DestroyMethodInferenceTests" tests="2" skipped="0" failures="0" errors="0" timestamp="2020-12-12T06:27:02" hostname="DESKTOP-TMNPDT1" time="0.107">
  <properties/>
  <testcase name="beanMethods()" classname="org.springframework.context.annotation.DestroyMethodInferenceTests" time="0.02"/>
  <testcase name="xml()" classname="org.springframework.context.annotation.DestroyMethodInferenceTests" time="0.086"/>
  <system-out><![CDATA[]]></system-out>
  <system-err><![CDATA[]]></system-err>
</testsuite>
