<?xml version="1.0" encoding="UTF-8"?>
<testsuite name="org.springframework.context.support.EnvironmentIntegrationTests" tests="1" skipped="0" failures="0" errors="0" timestamp="2020-12-12T06:27:37" hostname="DESKTOP-TMNPDT1" time="0.003">
  <properties/>
  <testcase name="repro()" classname="org.springframework.context.support.EnvironmentIntegrationTests" time="0.003"/>
  <system-out><![CDATA[]]></system-out>
  <system-err><![CDATA[]]></system-err>
</testsuite>
