<?xml version="1.0" encoding="UTF-8"?>
<testsuite name="org.springframework.context.annotation.AsmCircularImportDetectionTests" tests="2" skipped="0" failures="0" errors="0" timestamp="2020-12-12T06:26:40" hostname="DESKTOP-TMNPDT1" time="0.034">
  <properties/>
  <testcase name="complexCircularImportIsDetected()" classname="org.springframework.context.annotation.AsmCircularImportDetectionTests" time="0.011"/>
  <testcase name="simpleCircularImportIsDetected()" classname="org.springframework.context.annotation.AsmCircularImportDetectionTests" time="0.022"/>
  <system-out><![CDATA[]]></system-out>
  <system-err><![CDATA[]]></system-err>
</testsuite>
