<?xml version="1.0" encoding="UTF-8"?>
<testsuite name="org.springframework.jndi.JndiLocatorDelegateTests" tests="1" skipped="0" failures="0" errors="0" timestamp="2020-12-12T06:27:55" hostname="DESKTOP-TMNPDT1" time="0.001">
  <properties/>
  <testcase name="isDefaultJndiEnvironmentAvailableFalse()" classname="org.springframework.jndi.JndiLocatorDelegateTests" time="0.001"/>
  <system-out><![CDATA[]]></system-out>
  <system-err><![CDATA[]]></system-err>
</testsuite>
