<?xml version="1.0" encoding="UTF-8"?>
<testsuite name="org.springframework.context.annotation.configuration.ImportAnnotationDetectionTests" tests="4" skipped="0" failures="0" errors="0" timestamp="2020-12-12T06:26:59" hostname="DESKTOP-TMNPDT1" time="0.178">
  <properties/>
  <testcase name="localImportIsProcessedLast()" classname="org.springframework.context.annotation.configuration.ImportAnnotationDetectionTests" time="0.104"/>
  <testcase name="importFromBean()" classname="org.springframework.context.annotation.configuration.ImportAnnotationDetectionTests" time="0.005"/>
  <testcase name="localAndMetaImportsAreProcessed()" classname="org.springframework.context.annotation.configuration.ImportAnnotationDetectionTests" time="0.065"/>
  <testcase name="multipleMetaImportsAreProcessed()" classname="org.springframework.context.annotation.configuration.ImportAnnotationDetectionTests" time="0.004"/>
  <system-out><![CDATA[]]></system-out>
  <system-err><![CDATA[]]></system-err>
</testsuite>
