<?xml version="1.0" encoding="UTF-8"?>
<testsuite name="org.springframework.context.annotation.ClassPathBeanDefinitionScannerTests" tests="26" skipped="0" failures="0" errors="0" timestamp="2020-12-12T06:26:40" hostname="DESKTOP-TMNPDT1" time="0.897">
  <properties/>
  <testcase name="testBeanNotAutowiredWithAnnotationConfigDisabled()" classname="org.springframework.context.annotation.ClassPathBeanDefinitionScannerTests" time="0.073"/>
  <testcase name="testMultipleScanCalls()" classname="org.springframework.context.annotation.ClassPathBeanDefinitionScannerTests" time="0.06"/>
  <testcase name="testAutowireCandidatePatternMatches()" classname="org.springframework.context.annotation.ClassPathBeanDefinitionScannerTests" time="0.061"/>
  <testcase name="testSimpleScanWithDefaultFiltersAndSameBeanTwice()" classname="org.springframework.context.annotation.ClassPathBeanDefinitionScannerTests" time="0.033"/>
  <testcase name="testMultipleBasePackagesWithDefaultsOnly()" classname="org.springframework.context.annotation.ClassPathBeanDefinitionScannerTests" time="0.058"/>
  <testcase name="testCustomAnnotationExcludeFilterAndDefaults()" classname="org.springframework.context.annotation.ClassPathBeanDefinitionScannerTests" time="0.026"/>
  <testcase name="testBeanAutowiredWithAnnotationConfigEnabled()" classname="org.springframework.context.annotation.ClassPathBeanDefinitionScannerTests" time="0.052"/>
  <testcase name="testDoubleScanWithIndex()" classname="org.springframework.context.annotation.ClassPathBeanDefinitionScannerTests" time="0.038"/>
  <testcase name="testSimpleScanWithDefaultFiltersAndNoPostProcessors()" classname="org.springframework.context.annotation.ClassPathBeanDefinitionScannerTests" time="0.015"/>
  <testcase name="testSimpleScanWithDefaultFiltersAndOverriddenEqualNamedBean()" classname="org.springframework.context.annotation.ClassPathBeanDefinitionScannerTests" time="0.023"/>
  <testcase name="testSimpleScanWithDefaultFiltersAndPrimaryLazyBean()" classname="org.springframework.context.annotation.ClassPathBeanDefinitionScannerTests" time="0.058"/>
  <testcase name="testSimpleScanWithDefaultFiltersAndSpecifiedBeanNameClash()" classname="org.springframework.context.annotation.ClassPathBeanDefinitionScannerTests" time="0.025"/>
  <testcase name="testCustomAssignableTypeExcludeFilterAndDefaults()" classname="org.springframework.context.annotation.ClassPathBeanDefinitionScannerTests" time="0.033"/>
  <testcase name="testDoubleScan()" classname="org.springframework.context.annotation.ClassPathBeanDefinitionScannerTests" time="0.027"/>
  <testcase name="testCustomAssignableTypeExcludeFilterAndDefaultsWithoutPostProcessors()" classname="org.springframework.context.annotation.ClassPathBeanDefinitionScannerTests" time="0.028"/>
  <testcase name="testSimpleScanWithDefaultFiltersAndDefaultBeanNameClash()" classname="org.springframework.context.annotation.ClassPathBeanDefinitionScannerTests" time="0.016"/>
  <testcase name="testSimpleScanWithDefaultFiltersAndPostProcessors()" classname="org.springframework.context.annotation.ClassPathBeanDefinitionScannerTests" time="0.035"/>
  <testcase name="testCustomIncludeFilterWithoutDefaultsAndNoPostProcessors()" classname="org.springframework.context.annotation.ClassPathBeanDefinitionScannerTests" time="0.013"/>
  <testcase name="testMultipleCustomExcludeFiltersAndDefaults()" classname="org.springframework.context.annotation.ClassPathBeanDefinitionScannerTests" time="0.023"/>
  <testcase name="testCustomIncludeFilterWithoutDefaultsButIncludingPostProcessors()" classname="org.springframework.context.annotation.ClassPathBeanDefinitionScannerTests" time="0.016"/>
  <testcase name="testSimpleScanWithDefaultFiltersAndOverridingBean()" classname="org.springframework.context.annotation.ClassPathBeanDefinitionScannerTests" time="0.03"/>
  <testcase name="testAutowireCandidatePatternDoesNotMatch()" classname="org.springframework.context.annotation.ClassPathBeanDefinitionScannerTests" time="0.068"/>
  <testcase name="testCustomIncludeFilterAndDefaults()" classname="org.springframework.context.annotation.ClassPathBeanDefinitionScannerTests" time="0.014"/>
  <testcase name="testWithIndex()" classname="org.springframework.context.annotation.ClassPathBeanDefinitionScannerTests" time="0.019"/>
  <testcase name="testCustomBeanNameGenerator()" classname="org.springframework.context.annotation.ClassPathBeanDefinitionScannerTests" time="0.014"/>
  <testcase name="testSimpleScanWithDefaultFiltersAndOverriddenCompatibleNamedBean()" classname="org.springframework.context.annotation.ClassPathBeanDefinitionScannerTests" time="0.018"/>
  <system-out><![CDATA[]]></system-out>
  <system-err><![CDATA[]]></system-err>
</testsuite>
