<?xml version="1.0" encoding="UTF-8"?>
<testsuite name="org.springframework.context.annotation.ComponentScanParserScopedProxyTests" tests="5" skipped="0" failures="0" errors="0" timestamp="2020-12-12T06:26:54" hostname="DESKTOP-TMNPDT1" time="0.212">
  <properties/>
  <testcase name="testDefaultScopedProxy()" classname="org.springframework.context.annotation.ComponentScanParserScopedProxyTests" time="0.024"/>
  <testcase name="testTargetClassScopedProxy()" classname="org.springframework.context.annotation.ComponentScanParserScopedProxyTests" time="0.061"/>
  <testcase name="testInterfacesScopedProxy()" classname="org.springframework.context.annotation.ComponentScanParserScopedProxyTests" time="0.083"/>
  <testcase name="testNoScopedProxy()" classname="org.springframework.context.annotation.ComponentScanParserScopedProxyTests" time="0.027"/>
  <testcase name="testInvalidConfigScopedProxy()" classname="org.springframework.context.annotation.ComponentScanParserScopedProxyTests" time="0.015"/>
  <system-out><![CDATA[]]></system-out>
  <system-err><![CDATA[]]></system-err>
</testsuite>
