<?xml version="1.0" encoding="UTF-8"?>
<testsuite name="org.springframework.aop.aspectj.autoproxy.AspectImplementingInterfaceTests" tests="1" skipped="0" failures="0" errors="0" timestamp="2020-12-12T06:25:46" hostname="DESKTOP-TMNPDT1" time="0.066">
  <properties/>
  <testcase name="testProxyCreation()" classname="org.springframework.aop.aspectj.autoproxy.AspectImplementingInterfaceTests" time="0.066"/>
  <system-out><![CDATA[]]></system-out>
  <system-err><![CDATA[]]></system-err>
</testsuite>
