<?xml version="1.0" encoding="UTF-8"?>
<testsuite name="org.springframework.aop.config.AopNamespaceHandlerArgNamesTests" tests="2" skipped="0" failures="0" errors="0" timestamp="2020-12-12T06:26:01" hostname="DESKTOP-TMNPDT1" time="0.077">
  <properties/>
  <testcase name="testArgNamesError()" classname="org.springframework.aop.config.AopNamespaceHandlerArgNamesTests" time="0.05"/>
  <testcase name="testArgNamesOK()" classname="org.springframework.aop.config.AopNamespaceHandlerArgNamesTests" time="0.026"/>
  <system-out><![CDATA[14:26:01.213 [Test worker] WARN  o.s.c.s.ClassPathXmlApplicationContext - Exception encountered during context initialization - cancelling refresh attempt: org.springframework.beans.factory.BeanCreationException: Error creating bean with name 'org.springframework.aop.aspectj.AspectJPointcutAdvisor#0': Cannot create inner bean '(inner bean)#6ce677b0' of type [org.springframework.aop.aspectj.AspectJMethodBeforeAdvice] while setting constructor argument; nested exception is org.springframework.beans.factory.BeanCreationException: Error creating bean with name '(inner bean)#6ce677b0': Error setting property values; nested exception is org.springframework.beans.PropertyBatchUpdateException; nested PropertyAccessExceptions (1) are:
PropertyAccessException 1: org.springframework.beans.MethodInvocationException: Property 'argumentNames' threw exception; nested exception is java.lang.IllegalArgumentException: 'argumentNames' property of AbstractAspectJAdvice contains an argument name 'age bean' that is not a valid Java identifier
]]></system-out>
  <system-err><![CDATA[]]></system-err>
</testsuite>
