<?xml version="1.0" encoding="UTF-8"?>
<testsuite name="org.springframework.aop.framework.autoproxy.AdvisorAutoProxyCreatorTests" tests="6" skipped="0" failures="0" errors="0" timestamp="2020-12-12T06:26:02" hostname="DESKTOP-TMNPDT1" time="0.187">
  <properties/>
  <testcase name="testCustomTargetSourceNoMatch()" classname="org.springframework.aop.framework.autoproxy.AdvisorAutoProxyCreatorTests" time="0.023"/>
  <testcase name="testLazyInitTargetSource()" classname="org.springframework.aop.framework.autoproxy.AdvisorAutoProxyCreatorTests" time="0.012"/>
  <testcase name="testQuickTargetSourceCreator()" classname="org.springframework.aop.framework.autoproxy.AdvisorAutoProxyCreatorTests" time="0.049"/>
  <testcase name="testCustomPrototypeTargetSource()" classname="org.springframework.aop.framework.autoproxy.AdvisorAutoProxyCreatorTests" time="0.012"/>
  <testcase name="testCommonInterceptorAndAdvisor()" classname="org.springframework.aop.framework.autoproxy.AdvisorAutoProxyCreatorTests" time="0.041"/>
  <testcase name="testWithOptimizedProxy()" classname="org.springframework.aop.framework.autoproxy.AdvisorAutoProxyCreatorTests" time="0.047"/>
  <system-out><![CDATA[]]></system-out>
  <system-err><![CDATA[]]></system-err>
</testsuite>
