<?xml version="1.0" encoding="UTF-8"?>
<testsuite name="org.springframework.jms.annotation.AnnotationDrivenNamespaceTests" tests="9" skipped="0" failures="0" errors="0" timestamp="2020-12-12T06:25:42" hostname="DESKTOP-TMNPDT1" time="11.721">
  <properties/>
  <testcase name="jmsListeners()" classname="org.springframework.jms.annotation.AnnotationDrivenNamespaceTests" time="4.386"/>
  <testcase name="sampleConfiguration()" classname="org.springframework.jms.annotation.AnnotationDrivenNamespaceTests" time="0.252"/>
  <testcase name="customConfiguration()" classname="org.springframework.jms.annotation.AnnotationDrivenNamespaceTests" time="0.654"/>
  <testcase name="jmsHandlerMethodFactoryConfiguration()" classname="org.springframework.jms.annotation.AnnotationDrivenNamespaceTests" time="4.715"/>
  <testcase name="explicitContainerFactory()" classname="org.springframework.jms.annotation.AnnotationDrivenNamespaceTests" time="0.579"/>
  <testcase name="fullConfiguration()" classname="org.springframework.jms.annotation.AnnotationDrivenNamespaceTests" time="0.065"/>
  <testcase name="defaultContainerFactory()" classname="org.springframework.jms.annotation.AnnotationDrivenNamespaceTests" time="0.066"/>
  <testcase name="fullConfigurableConfiguration()" classname="org.springframework.jms.annotation.AnnotationDrivenNamespaceTests" time="0.401"/>
  <testcase name="jmsListenerIsRepeatable()" classname="org.springframework.jms.annotation.AnnotationDrivenNamespaceTests" time="0.099"/>
  <system-out><![CDATA[]]></system-out>
  <system-err><![CDATA[]]></system-err>
</testsuite>
