<?xml version="1.0" encoding="UTF-8"?>
<testsuite name="org.springframework.jms.annotation.JmsListenerAnnotationBeanPostProcessorTests" tests="5" skipped="0" failures="0" errors="0" timestamp="2020-12-12T06:25:56" hostname="DESKTOP-TMNPDT1" time="0.777">
  <properties/>
  <testcase name="simpleMessageListener()" classname="org.springframework.jms.annotation.JmsListenerAnnotationBeanPostProcessorTests" time="0.097"/>
  <testcase name="invalidProxy()" classname="org.springframework.jms.annotation.JmsListenerAnnotationBeanPostProcessorTests" time="0.326"/>
  <testcase name="sendToAnnotationFoundOnCglibProxy()" classname="org.springframework.jms.annotation.JmsListenerAnnotationBeanPostProcessorTests" time="0.207"/>
  <testcase name="metaAnnotationIsDiscovered()" classname="org.springframework.jms.annotation.JmsListenerAnnotationBeanPostProcessorTests" time="0.02"/>
  <testcase name="sendToAnnotationFoundOnInterfaceProxy()" classname="org.springframework.jms.annotation.JmsListenerAnnotationBeanPostProcessorTests" time="0.109"/>
  <system-out><![CDATA[]]></system-out>
  <system-err><![CDATA[]]></system-err>
</testsuite>
