<?xml version="1.0" encoding="UTF-8"?>
<testsuite name="org.springframework.jms.config.JmsListenerContainerFactoryTests" tests="6" skipped="0" failures="0" errors="0" timestamp="2020-12-12T06:25:57" hostname="DESKTOP-TMNPDT1" time="0.039">
  <properties/>
  <testcase name="endpointConcurrencyTakesPrecedence()" classname="org.springframework.jms.config.JmsListenerContainerFactoryTests" time="0.0"/>
  <testcase name="createJmsContainerFullConfig()" classname="org.springframework.jms.config.JmsListenerContainerFactoryTests" time="0.001"/>
  <testcase name="createJcaContainerFullConfig()" classname="org.springframework.jms.config.JmsListenerContainerFactoryTests" time="0.012"/>
  <testcase name="backOffOverridesRecoveryInterval()" classname="org.springframework.jms.config.JmsListenerContainerFactoryTests" time="0.002"/>
  <testcase name="jcaExclusiveProperties()" classname="org.springframework.jms.config.JmsListenerContainerFactoryTests" time="0.003"/>
  <testcase name="createSimpleContainer()" classname="org.springframework.jms.config.JmsListenerContainerFactoryTests" time="0.017"/>
  <system-out><![CDATA[]]></system-out>
  <system-err><![CDATA[]]></system-err>
</testsuite>
