<?xml version="1.0" encoding="UTF-8"?>
<testsuite name="org.springframework.jms.remoting.JmsInvokerTests" tests="3" skipped="0" failures="0" errors="0" timestamp="2020-12-12T06:26:06" hostname="DESKTOP-TMNPDT1" time="0.116">
  <properties/>
  <testcase name="testJmsInvokerProxyFactoryBeanAndServiceExporterWithDynamicQueue()" classname="org.springframework.jms.remoting.JmsInvokerTests" time="0.101"/>
  <testcase name="testJmsInvokerProxyFactoryBeanAndServiceExporter()" classname="org.springframework.jms.remoting.JmsInvokerTests" time="0.006"/>
  <testcase name="receiveTimeoutExpired()" classname="org.springframework.jms.remoting.JmsInvokerTests" time="0.002"/>
  <system-out><![CDATA[]]></system-out>
  <system-err><![CDATA[]]></system-err>
</testsuite>
