<?xml version="1.0" encoding="UTF-8"?>
<testsuite name="org.springframework.jms.support.JmsAccessorTests" tests="4" skipped="0" failures="0" errors="0" timestamp="2020-12-12T06:26:06" hostname="DESKTOP-TMNPDT1" time="0.01">
  <properties/>
  <testcase name="testSessionTransactedModeReallyDoesDefaultToFalse()" classname="org.springframework.jms.support.JmsAccessorTests" time="0.003"/>
  <testcase name="testChokesIfConnectionFactoryIsNotSupplied()" classname="org.springframework.jms.support.JmsAccessorTests" time="0.002"/>
  <testcase name="testSetAcknowledgeModeNameChokesIfBadAckModeIsSupplied()" classname="org.springframework.jms.support.JmsAccessorTests" time="0.001"/>
  <testcase name="testAcknowledgeModeReallyDoesDefaultToAutoAcknowledge()" classname="org.springframework.jms.support.JmsAccessorTests" time="0.001"/>
  <system-out><![CDATA[]]></system-out>
  <system-err><![CDATA[]]></system-err>
</testsuite>
