<?xml version="1.0" encoding="UTF-8"?>
<testsuite name="org.springframework.jms.config.JmsListenerEndpointRegistryTests" tests="4" skipped="0" failures="0" errors="0" timestamp="2020-12-12T06:25:57" hostname="DESKTOP-TMNPDT1" time="0.019">
  <properties/>
  <testcase name="createWithDuplicateEndpointId()" classname="org.springframework.jms.config.JmsListenerEndpointRegistryTests" time="0.002"/>
  <testcase name="createWithNullEndpointId()" classname="org.springframework.jms.config.JmsListenerEndpointRegistryTests" time="0.001"/>
  <testcase name="createWithNullContainerFactory()" classname="org.springframework.jms.config.JmsListenerEndpointRegistryTests" time="0.004"/>
  <testcase name="createWithNullEndpoint()" classname="org.springframework.jms.config.JmsListenerEndpointRegistryTests" time="0.002"/>
  <system-out><![CDATA[]]></system-out>
  <system-err><![CDATA[]]></system-err>
</testsuite>
