<?xml version="1.0" encoding="UTF-8"?>
<testsuite name="org.springframework.jms.core.support.JmsGatewaySupportTests" tests="2" skipped="0" failures="0" errors="0" timestamp="2020-12-12T06:26:04" hostname="DESKTOP-TMNPDT1" time="0.007">
  <properties/>
  <testcase name="testJmsGatewaySupportWithJmsTemplate()" classname="org.springframework.jms.core.support.JmsGatewaySupportTests" time="0.002"/>
  <testcase name="testJmsGatewaySupportWithConnectionFactory()" classname="org.springframework.jms.core.support.JmsGatewaySupportTests" time="0.002"/>
  <system-out><![CDATA[]]></system-out>
  <system-err><![CDATA[]]></system-err>
</testsuite>
