<?xml version="1.0" encoding="UTF-8"?>
<testsuite name="org.springframework.web.socket.sockjs.transport.handler.HttpSendingTransportHandlerTests" tests="5" skipped="0" failures="0" errors="0" timestamp="2020-12-11T20:00:32" hostname="DESKTOP-TMNPDT1" time="0.053">
  <properties/>
  <testcase name="handleRequestXhrStreaming()" classname="org.springframework.web.socket.sockjs.transport.handler.HttpSendingTransportHandlerTests" time="0.015"/>
  <testcase name="eventSourceTransport()" classname="org.springframework.web.socket.sockjs.transport.handler.HttpSendingTransportHandlerTests" time="0.01"/>
  <testcase name="htmlFileTransport()" classname="org.springframework.web.socket.sockjs.transport.handler.HttpSendingTransportHandlerTests" time="0.008"/>
  <testcase name="frameFormats()" classname="org.springframework.web.socket.sockjs.transport.handler.HttpSendingTransportHandlerTests" time="0.012"/>
  <testcase name="handleRequestXhr()" classname="org.springframework.web.socket.sockjs.transport.handler.HttpSendingTransportHandlerTests" time="0.005"/>
  <system-out><![CDATA[]]></system-out>
  <system-err><![CDATA[]]></system-err>
</testsuite>
