<?xml version="1.0" encoding="UTF-8"?>
<testsuite name="org.springframework.web.socket.server.DefaultHandshakeHandlerTests" tests="4" skipped="0" failures="0" errors="0" timestamp="2020-12-11T20:00:29" hostname="DESKTOP-TMNPDT1" time="0.052">
  <properties/>
  <testcase name="subProtocolCapableHandlerNoMatch()" classname="org.springframework.web.socket.server.DefaultHandshakeHandlerTests" time="0.011"/>
  <testcase name="supportedExtensions()" classname="org.springframework.web.socket.server.DefaultHandshakeHandlerTests" time="0.003"/>
  <testcase name="subProtocolCapableHandler()" classname="org.springframework.web.socket.server.DefaultHandshakeHandlerTests" time="0.002"/>
  <testcase name="supportedSubProtocols()" classname="org.springframework.web.socket.server.DefaultHandshakeHandlerTests" time="0.033"/>
  <system-out><![CDATA[]]></system-out>
  <system-err><![CDATA[]]></system-err>
</testsuite>
