<?xml version="1.0" encoding="UTF-8"?>
<testsuite name="org.springframework.web.socket.messaging.WebSocketStompClientIntegrationTests" tests="1" skipped="0" failures="0" errors="0" timestamp="2020-12-11T20:00:27" hostname="DESKTOP-TMNPDT1" time="2.021">
  <properties/>
  <testcase name="publishSubscribe()" classname="org.springframework.web.socket.messaging.WebSocketStompClientIntegrationTests" time="2.021"/>
  <system-out><![CDATA[04:00:29.197 [WebSocketClient-AsyncIO-2] ERROR o.s.w.s.m.WebSocketStompClientIntegrationTests - org.springframework.messaging.simp.stomp.ConnectionLostException: Connection closed
]]></system-out>
  <system-err><![CDATA[十二月 12, 2020 4:00:27 上午 org.apache.coyote.AbstractProtocol init
信息: Initializing ProtocolHandler ["http-nio-auto-9"]
十二月 12, 2020 4:00:27 上午 org.apache.catalina.core.StandardService startInternal
信息: Starting service [Tomcat]
十二月 12, 2020 4:00:27 上午 org.apache.catalina.core.StandardEngine startInternal
信息: Starting Servlet engine: [Apache Tomcat/9.0.37]
十二月 12, 2020 4:00:27 上午 org.apache.coyote.AbstractProtocol start
信息: Starting ProtocolHandler ["http-nio-auto-9-49999"]
十二月 12, 2020 4:00:28 上午 org.apache.catalina.core.ApplicationContext log
信息: Initializing Spring DispatcherServlet 'dispatcherServlet'
十二月 12, 2020 4:00:29 上午 org.apache.catalina.core.ApplicationContext log
信息: Destroying Spring FrameworkServlet 'dispatcherServlet'
十二月 12, 2020 4:00:29 上午 org.apache.coyote.AbstractProtocol pause
信息: Pausing ProtocolHandler ["http-nio-auto-9-49999"]
十二月 12, 2020 4:00:29 上午 org.apache.catalina.core.StandardService stopInternal
信息: Stopping service [Tomcat]
十二月 12, 2020 4:00:29 上午 org.apache.coyote.AbstractProtocol stop
信息: Stopping ProtocolHandler ["http-nio-auto-9-49999"]
]]></system-err>
</testsuite>
