<?xml version="1.0" encoding="UTF-8"?>
<testsuite name="org.springframework.web.socket.server.support.HttpSessionHandshakeInterceptorTests" tests="5" skipped="0" failures="0" errors="0" timestamp="2020-12-11T20:00:30" hostname="DESKTOP-TMNPDT1" time="0.008">
  <properties/>
  <testcase name="constructorWithAttributeNames()" classname="org.springframework.web.socket.server.support.HttpSessionHandshakeInterceptorTests" time="0.003"/>
  <testcase name="defaultConstructor()" classname="org.springframework.web.socket.server.support.HttpSessionHandshakeInterceptorTests" time="0.0"/>
  <testcase name="doNotCauseSessionCreation()" classname="org.springframework.web.socket.server.support.HttpSessionHandshakeInterceptorTests" time="0.0"/>
  <testcase name="doNotCopyHttpSessionId()" classname="org.springframework.web.socket.server.support.HttpSessionHandshakeInterceptorTests" time="0.001"/>
  <testcase name="doNotCopyAttributes()" classname="org.springframework.web.socket.server.support.HttpSessionHandshakeInterceptorTests" time="0.001"/>
  <system-out><![CDATA[]]></system-out>
  <system-err><![CDATA[]]></system-err>
</testsuite>
