<?xml version="1.0" encoding="UTF-8"?>
<testsuite name="org.springframework.web.socket.sockjs.transport.session.HttpSockJsSessionTests" tests="2" skipped="0" failures="0" errors="0" timestamp="2020-12-11T20:00:32" hostname="DESKTOP-TMNPDT1" time="0.053">
  <properties/>
  <testcase name="handleInitialRequest()" classname="org.springframework.web.socket.sockjs.transport.session.HttpSockJsSessionTests" time="0.012"/>
  <testcase name="handleSuccessiveRequest()" classname="org.springframework.web.socket.sockjs.transport.session.HttpSockJsSessionTests" time="0.041"/>
  <system-out><![CDATA[]]></system-out>
  <system-err><![CDATA[]]></system-err>
</testsuite>
