<?xml version="1.0" encoding="UTF-8"?>
<testsuite name="org.springframework.web.socket.TextMessageTests" tests="2" skipped="0" failures="0" errors="0" timestamp="2020-12-11T20:00:33" hostname="DESKTOP-TMNPDT1" time="0.009">
  <properties/>
  <testcase name="toStringWithMultibyteString()" classname="org.springframework.web.socket.TextMessageTests" time="0.007"/>
  <testcase name="toStringWithAscii()" classname="org.springframework.web.socket.TextMessageTests" time="0.001"/>
  <system-out><![CDATA[]]></system-out>
  <system-err><![CDATA[]]></system-err>
</testsuite>
