<?xml version="1.0" encoding="UTF-8"?>
<testsuite name="org.springframework.web.socket.handler.PerConnectionWebSocketHandlerTests" tests="1" skipped="0" failures="0" errors="0" timestamp="2020-12-11T20:00:08" hostname="DESKTOP-TMNPDT1" time="0.015">
  <properties/>
  <testcase name="afterConnectionEstablished()" classname="org.springframework.web.socket.handler.PerConnectionWebSocketHandlerTests" time="0.015"/>
  <system-out><![CDATA[]]></system-out>
  <system-err><![CDATA[]]></system-err>
</testsuite>
