<?xml version="1.0" encoding="UTF-8"?>
<testsuite name="org.springframework.web.socket.client.WebSocketConnectionManagerTests" tests="2" skipped="0" failures="0" errors="0" timestamp="2020-12-11T19:59:44" hostname="DESKTOP-TMNPDT1" time="0.036">
  <properties/>
  <testcase name="openConnection()" classname="org.springframework.web.socket.client.WebSocketConnectionManagerTests" time="0.035"/>
  <testcase name="clientLifecycle()" classname="org.springframework.web.socket.client.WebSocketConnectionManagerTests" time="0.0"/>
  <system-out><![CDATA[]]></system-out>
  <system-err><![CDATA[]]></system-err>
</testsuite>
