<?xml version="1.0" encoding="UTF-8"?>
<testsuite name="org.springframework.web.socket.server.standard.ServerEndpointRegistrationTests" tests="2" skipped="0" failures="0" errors="0" timestamp="2020-12-11T20:00:30" hostname="DESKTOP-TMNPDT1" time="0.011">
  <properties/>
  <testcase name="endpointSingleton()" classname="org.springframework.web.socket.server.standard.ServerEndpointRegistrationTests" time="0.0"/>
  <testcase name="endpointPerConnection()" classname="org.springframework.web.socket.server.standard.ServerEndpointRegistrationTests" time="0.01"/>
  <system-out><![CDATA[]]></system-out>
  <system-err><![CDATA[]]></system-err>
</testsuite>
