<?xml version="1.0" encoding="UTF-8"?>
<testsuite name="org.springframework.web.socket.messaging.DefaultSimpUserRegistryTests" tests="5" skipped="0" failures="0" errors="0" timestamp="2020-12-11T20:00:08" hostname="DESKTOP-TMNPDT1" time="0.011">
  <properties/>
  <testcase name="removeSessionIds()" classname="org.springframework.web.socket.messaging.DefaultSimpUserRegistryTests" time="0.004"/>
  <testcase name="addOneSessionId()" classname="org.springframework.web.socket.messaging.DefaultSimpUserRegistryTests" time="0.0"/>
  <testcase name="findSubscriptions()" classname="org.springframework.web.socket.messaging.DefaultSimpUserRegistryTests" time="0.003"/>
  <testcase name="addMultipleSessionIds()" classname="org.springframework.web.socket.messaging.DefaultSimpUserRegistryTests" time="0.001"/>
  <testcase name="nullSessionId()" classname="org.springframework.web.socket.messaging.DefaultSimpUserRegistryTests" time="0.0"/>
  <system-out><![CDATA[]]></system-out>
  <system-err><![CDATA[]]></system-err>
</testsuite>
