<?xml version="1.0" encoding="UTF-8"?>
<testsuite name="org.springframework.web.socket.config.annotation.WebMvcStompWebSocketEndpointRegistrationTests" tests="9" skipped="0" failures="0" errors="0" timestamp="2020-12-11T19:59:44" hostname="DESKTOP-TMNPDT1" time="0.107">
  <properties/>
  <testcase name="minimalRegistration()" classname="org.springframework.web.socket.config.annotation.WebMvcStompWebSocketEndpointRegistrationTests" time="0.029"/>
  <testcase name="sameOrigin()" classname="org.springframework.web.socket.config.annotation.WebMvcStompWebSocketEndpointRegistrationTests" time="0.001"/>
  <testcase name="handshakeHandlerAndInterceptorWithAllowedOrigins()" classname="org.springframework.web.socket.config.annotation.WebMvcStompWebSocketEndpointRegistrationTests" time="0.003"/>
  <testcase name="allowedOrigins()" classname="org.springframework.web.socket.config.annotation.WebMvcStompWebSocketEndpointRegistrationTests" time="0.001"/>
  <testcase name="handshakeHandlerInterceptorWithSockJsServiceAndAllowedOrigins()" classname="org.springframework.web.socket.config.annotation.WebMvcStompWebSocketEndpointRegistrationTests" time="0.005"/>
  <testcase name="allowedOriginsWithSockJsService()" classname="org.springframework.web.socket.config.annotation.WebMvcStompWebSocketEndpointRegistrationTests" time="0.039"/>
  <testcase name="handshakeHandlerAndInterceptor()" classname="org.springframework.web.socket.config.annotation.WebMvcStompWebSocketEndpointRegistrationTests" time="0.004"/>
  <testcase name="disableCorsWithSockJsService()" classname="org.springframework.web.socket.config.annotation.WebMvcStompWebSocketEndpointRegistrationTests" time="0.006"/>
  <testcase name="handshakeHandlerInterceptorWithSockJsService()" classname="org.springframework.web.socket.config.annotation.WebMvcStompWebSocketEndpointRegistrationTests" time="0.006"/>
  <system-out><![CDATA[]]></system-out>
  <system-err><![CDATA[]]></system-err>
</testsuite>
