<?xml version="1.0" encoding="UTF-8"?>
<testsuite name="org.springframework.web.socket.sockjs.client.SockJsUrlInfoTests" tests="4" skipped="0" failures="0" errors="0" timestamp="2020-12-11T20:00:31" hostname="DESKTOP-TMNPDT1" time="0.011">
  <properties/>
  <testcase name="transportUrl()" classname="org.springframework.web.socket.sockjs.client.SockJsUrlInfoTests" time="0.001"/>
  <testcase name="sessionId()" classname="org.springframework.web.socket.sockjs.client.SockJsUrlInfoTests" time="0.002"/>
  <testcase name="serverId()" classname="org.springframework.web.socket.sockjs.client.SockJsUrlInfoTests" time="0.001"/>
  <testcase name="infoUrl()" classname="org.springframework.web.socket.sockjs.client.SockJsUrlInfoTests" time="0.002"/>
  <system-out><![CDATA[]]></system-out>
  <system-err><![CDATA[]]></system-err>
</testsuite>
