<?xml version="1.0" encoding="UTF-8"?>
<testsuite name="org.springframework.web.socket.handler.WebSocketHandlerDecoratorTests" tests="1" skipped="0" failures="0" errors="0" timestamp="2020-12-11T20:00:08" hostname="DESKTOP-TMNPDT1" time="0.003">
  <properties/>
  <testcase name="getLastHandler()" classname="org.springframework.web.socket.handler.WebSocketHandlerDecoratorTests" time="0.003"/>
  <system-out><![CDATA[]]></system-out>
  <system-err><![CDATA[]]></system-err>
</testsuite>
