<?xml version="1.0" encoding="UTF-8"?>
<testsuite name="org.springframework.web.socket.messaging.StompSubProtocolErrorHandlerTests" tests="2" skipped="0" failures="0" errors="0" timestamp="2020-12-11T20:00:08" hostname="DESKTOP-TMNPDT1" time="0.003">
  <properties/>
  <testcase name="handleClientMessageProcessingError()" classname="org.springframework.web.socket.messaging.StompSubProtocolErrorHandlerTests" time="0.001"/>
  <testcase name="handleClientMessageProcessingErrorWithReceipt()" classname="org.springframework.web.socket.messaging.StompSubProtocolErrorHandlerTests" time="0.001"/>
  <system-out><![CDATA[]]></system-out>
  <system-err><![CDATA[]]></system-err>
</testsuite>
