<?xml version="1.0" encoding="UTF-8"?>
<testsuite name="org.springframework.web.socket.sockjs.transport.handler.SockJsWebSocketHandlerTests" tests="2" skipped="0" failures="0" errors="0" timestamp="2020-12-11T20:00:32" hostname="DESKTOP-TMNPDT1" time="0.011">
  <properties/>
  <testcase name="getSubProtocols()" classname="org.springframework.web.socket.sockjs.transport.handler.SockJsWebSocketHandlerTests" time="0.006"/>
  <testcase name="getSubProtocolsNone()" classname="org.springframework.web.socket.sockjs.transport.handler.SockJsWebSocketHandlerTests" time="0.005"/>
  <system-out><![CDATA[]]></system-out>
  <system-err><![CDATA[]]></system-err>
</testsuite>
