<?xml version="1.0" encoding="UTF-8"?>
<testsuite name="org.springframework.web.socket.sockjs.transport.handler.DefaultSockJsServiceTests" tests="15" skipped="0" failures="0" errors="0" timestamp="2020-12-11T20:00:32" hostname="DESKTOP-TMNPDT1" time="0.355">
  <properties/>
  <testcase name="handleTransportRequestXhrSend()" classname="org.springframework.web.socket.sockjs.transport.handler.DefaultSockJsServiceTests" time="0.156"/>
  <testcase name="handleInvalidTransportType()" classname="org.springframework.web.socket.sockjs.transport.handler.DefaultSockJsServiceTests" time="0.015"/>
  <testcase name="handleTransportRequestNoSuitableHandler()" classname="org.springframework.web.socket.sockjs.transport.handler.DefaultSockJsServiceTests" time="0.011"/>
  <testcase name="handleTransportRequestXhrSendWithDifferentUser()" classname="org.springframework.web.socket.sockjs.transport.handler.DefaultSockJsServiceTests" time="0.009"/>
  <testcase name="handleTransportRequestIframe()" classname="org.springframework.web.socket.sockjs.transport.handler.DefaultSockJsServiceTests" time="0.026"/>
  <testcase name="handleTransportRequestWebsocket()" classname="org.springframework.web.socket.sockjs.transport.handler.DefaultSockJsServiceTests" time="0.013"/>
  <testcase name="handleTransportRequestXhr()" classname="org.springframework.web.socket.sockjs.transport.handler.DefaultSockJsServiceTests" time="0.011"/>
  <testcase name="customizedTransportHandlerList()" classname="org.springframework.web.socket.sockjs.transport.handler.DefaultSockJsServiceTests" time="0.015"/>
  <testcase name="defaultTransportHandlers()" classname="org.springframework.web.socket.sockjs.transport.handler.DefaultSockJsServiceTests" time="0.013"/>
  <testcase name="handleTransportRequestXhrAllowedOriginsMatch()" classname="org.springframework.web.socket.sockjs.transport.handler.DefaultSockJsServiceTests" time="0.011"/>
  <testcase name="handleTransportRequestXhrAllowedOriginsNoMatch()" classname="org.springframework.web.socket.sockjs.transport.handler.DefaultSockJsServiceTests" time="0.013"/>
  <testcase name="handleTransportRequestXhrOptions()" classname="org.springframework.web.socket.sockjs.transport.handler.DefaultSockJsServiceTests" time="0.012"/>
  <testcase name="invalidAllowedOrigins()" classname="org.springframework.web.socket.sockjs.transport.handler.DefaultSockJsServiceTests" time="0.01"/>
  <testcase name="handleTransportRequestXhrSameOrigin()" classname="org.springframework.web.socket.sockjs.transport.handler.DefaultSockJsServiceTests" time="0.011"/>
  <testcase name="defaultTransportHandlersWithOverride()" classname="org.springframework.web.socket.sockjs.transport.handler.DefaultSockJsServiceTests" time="0.011"/>
  <system-out><![CDATA[04:00:32.190 [Test worker] WARN  o.s.w.s.s.t.TransportHandlingSockJsService - Origin check enabled but transport 'invalid' does not support it.
04:00:32.206 [Test worker] WARN  o.s.w.s.s.t.TransportHandlingSockJsService - No TransportHandler for http://localhost/mysockjs/server1/session1/eventsource
04:00:32.324 [Test worker] WARN  o.s.w.s.s.t.TransportHandlingSockJsService - Origin header value 'http://mydomain3.example' not allowed.
]]></system-out>
  <system-err><![CDATA[]]></system-err>
</testsuite>
