<?xml version="1.0" encoding="UTF-8"?>
<testsuite name="org.springframework.web.socket.config.HandlersBeanDefinitionParserTests" tests="4" skipped="0" failures="0" errors="0" timestamp="2020-12-11T20:00:00" hostname="DESKTOP-TMNPDT1" time="1.58">
  <properties/>
  <testcase name="sockJs()" classname="org.springframework.web.socket.config.HandlersBeanDefinitionParserTests" time="1.085"/>
  <testcase name="webSocketHandlersAttributes()" classname="org.springframework.web.socket.config.HandlersBeanDefinitionParserTests" time="0.28"/>
  <testcase name="sockJsAttributes()" classname="org.springframework.web.socket.config.HandlersBeanDefinitionParserTests" time="0.108"/>
  <testcase name="webSocketHandlers()" classname="org.springframework.web.socket.config.HandlersBeanDefinitionParserTests" time="0.104"/>
  <system-out><![CDATA[]]></system-out>
  <system-err><![CDATA[]]></system-err>
</testsuite>
