<?xml version="1.0" encoding="UTF-8"?>
<testsuite name="org.springframework.web.socket.messaging.WebSocketStompClientTests" tests="18" skipped="0" failures="0" errors="0" timestamp="2020-12-11T20:00:29" hostname="DESKTOP-TMNPDT1" time="0.406">
  <properties/>
  <testcase name="sendWebSocketBinary()" classname="org.springframework.web.socket.messaging.WebSocketStompClientTests" time="0.161"/>
  <testcase name="handleWebSocketMessageBinary()" classname="org.springframework.web.socket.messaging.WebSocketStompClientTests" time="0.002"/>
  <testcase name="handleWebSocketMessagePong()" classname="org.springframework.web.socket.messaging.WebSocketStompClientTests" time="0.002"/>
  <testcase name="heartbeatDefaultValue()" classname="org.springframework.web.socket.messaging.WebSocketStompClientTests" time="0.002"/>
  <testcase name="webSocketConnectionClosed()" classname="org.springframework.web.socket.messaging.WebSocketStompClientTests" time="0.002"/>
  <testcase name="webSocketConnectionEstablished()" classname="org.springframework.web.socket.messaging.WebSocketStompClientTests" time="0.005"/>
  <testcase name="heartbeatDefaultValueSetWithoutScheduler()" classname="org.springframework.web.socket.messaging.WebSocketStompClientTests" time="0.004"/>
  <testcase name="writeInactivityAfterDelayHasElapsed()" classname="org.springframework.web.socket.messaging.WebSocketStompClientTests" time="0.023"/>
  <testcase name="writeInactivityBeforeDelayHasElapsed()" classname="org.springframework.web.socket.messaging.WebSocketStompClientTests" time="0.003"/>
  <testcase name="readInactivityAfterDelayHasElapsed()" classname="org.springframework.web.socket.messaging.WebSocketStompClientTests" time="0.028"/>
  <testcase name="heartbeatDefaultValueWithScheduler()" classname="org.springframework.web.socket.messaging.WebSocketStompClientTests" time="0.003"/>
  <testcase name="handleWebSocketMessage()" classname="org.springframework.web.socket.messaging.WebSocketStompClientTests" time="0.003"/>
  <testcase name="readInactivityBeforeDelayHasElapsed()" classname="org.springframework.web.socket.messaging.WebSocketStompClientTests" time="0.002"/>
  <testcase name="sendWebSocketMessage()" classname="org.springframework.web.socket.messaging.WebSocketStompClientTests" time="0.005"/>
  <testcase name="webSocketHandshakeFailure()" classname="org.springframework.web.socket.messaging.WebSocketStompClientTests" time="0.05"/>
  <testcase name="webSocketTransportError()" classname="org.springframework.web.socket.messaging.WebSocketStompClientTests" time="0.008"/>
  <testcase name="handleWebSocketMessageSplitAcrossTwoMessage()" classname="org.springframework.web.socket.messaging.WebSocketStompClientTests" time="0.004"/>
  <testcase name="cancelInactivityTasks()" classname="org.springframework.web.socket.messaging.WebSocketStompClientTests" time="0.032"/>
  <system-out><![CDATA[]]></system-out>
  <system-err><![CDATA[]]></system-err>
</testsuite>
