<?xml version="1.0" encoding="UTF-8"?>
<testsuite name="org.springframework.transaction.annotation.AnnotationTransactionNamespaceHandlerTests" tests="5" skipped="0" failures="0" errors="0" timestamp="2020-12-11T19:53:29" hostname="DESKTOP-TMNPDT1" time="0.397">
  <properties/>
  <testcase name="invokeTransactional()" classname="org.springframework.transaction.annotation.AnnotationTransactionNamespaceHandlerTests" time="0.017"/>
  <testcase name="nonPublicMethodsNotAdvised()" classname="org.springframework.transaction.annotation.AnnotationTransactionNamespaceHandlerTests" time="0.001"/>
  <testcase name="transactionalEventListenerRegisteredProperly()" classname="org.springframework.transaction.annotation.AnnotationTransactionNamespaceHandlerTests" time="0.002"/>
  <testcase name="mBeanExportAlsoWorks()" classname="org.springframework.transaction.annotation.AnnotationTransactionNamespaceHandlerTests" time="0.009"/>
  <testcase name="isProxy()" classname="org.springframework.transaction.annotation.AnnotationTransactionNamespaceHandlerTests" time="0.005"/>
  <system-out><![CDATA[]]></system-out>
  <system-err><![CDATA[]]></system-err>
</testsuite>
