<?xml version="1.0" encoding="UTF-8"?>
<testsuite name="org.springframework.transaction.reactive.TransactionalOperatorExtensionsTests" tests="4" skipped="0" failures="0" errors="0" timestamp="2020-12-11T19:53:37" hostname="DESKTOP-TMNPDT1" time="0.882">
  <properties/>
  <testcase name="rollbackWithSuspendingFunction()" classname="org.springframework.transaction.reactive.TransactionalOperatorExtensionsTests" time="0.608"/>
  <testcase name="commitWithFlow()" classname="org.springframework.transaction.reactive.TransactionalOperatorExtensionsTests" time="0.252"/>
  <testcase name="rollbackWithFlow()" classname="org.springframework.transaction.reactive.TransactionalOperatorExtensionsTests" time="0.01"/>
  <testcase name="commitWithSuspendingFunction()" classname="org.springframework.transaction.reactive.TransactionalOperatorExtensionsTests" time="0.01"/>
  <system-out><![CDATA[]]></system-out>
  <system-err><![CDATA[]]></system-err>
</testsuite>
