<?xml version="1.0" encoding="UTF-8"?>
<testsuite name="org.springframework.transaction.interceptor.RuleBasedTransactionAttributeTests" tests="9" skipped="0" failures="0" errors="0" timestamp="2020-12-11T19:53:35" hostname="DESKTOP-TMNPDT1" time="0.118">
  <properties/>
  <testcase name="testRuleForRollbackOnChecked()" classname="org.springframework.transaction.interceptor.RuleBasedTransactionAttributeTests" time="0.002"/>
  <testcase name="testConflictingRulesToDetermineExactContract()" classname="org.springframework.transaction.interceptor.RuleBasedTransactionAttributeTests" time="0.001"/>
  <testcase name="testRuleForCommitOnSubclassOfChecked()" classname="org.springframework.transaction.interceptor.RuleBasedTransactionAttributeTests" time="0.0"/>
  <testcase name="testDefaultRule()" classname="org.springframework.transaction.interceptor.RuleBasedTransactionAttributeTests" time="0.005"/>
  <testcase name="testToStringMatchesEditor()" classname="org.springframework.transaction.interceptor.RuleBasedTransactionAttributeTests" time="0.094"/>
  <testcase name="testRuleForSelectiveRollbackOnCheckedWithClass()" classname="org.springframework.transaction.interceptor.RuleBasedTransactionAttributeTests" time="0.001"/>
  <testcase name="testRollbackNever()" classname="org.springframework.transaction.interceptor.RuleBasedTransactionAttributeTests" time="0.001"/>
  <testcase name="testRuleForSelectiveRollbackOnCheckedWithString()" classname="org.springframework.transaction.interceptor.RuleBasedTransactionAttributeTests" time="0.002"/>
  <testcase name="testRuleForCommitOnUnchecked()" classname="org.springframework.transaction.interceptor.RuleBasedTransactionAttributeTests" time="0.001"/>
  <system-out><![CDATA[]]></system-out>
  <system-err><![CDATA[]]></system-err>
</testsuite>
