<?xml version="1.0" encoding="UTF-8"?>
<testsuite name="org.springframework.transaction.TxNamespaceHandlerTests" tests="3" skipped="0" failures="0" errors="0" timestamp="2020-12-11T19:53:37" hostname="DESKTOP-TMNPDT1" time="0.459">
  <properties/>
  <testcase name="rollbackRules()" classname="org.springframework.transaction.TxNamespaceHandlerTests" time="0.167"/>
  <testcase name="invokeTransactional()" classname="org.springframework.transaction.TxNamespaceHandlerTests" time="0.167"/>
  <testcase name="isProxy()" classname="org.springframework.transaction.TxNamespaceHandlerTests" time="0.125"/>
  <system-out><![CDATA[]]></system-out>
  <system-err><![CDATA[]]></system-err>
</testsuite>
