<?xml version="1.0" encoding="UTF-8"?>
<testsuite name="org.springframework.transaction.config.AnnotationDrivenTests" tests="5" skipped="0" failures="0" errors="0" timestamp="2020-12-11T19:53:30" hostname="DESKTOP-TMNPDT1" time="1.049">
  <properties/>
  <testcase name="withProxyTargetClass()" classname="org.springframework.transaction.config.AnnotationDrivenTests" time="0.39"/>
  <testcase name="serializableWithoutPreviousUsage()" classname="org.springframework.transaction.config.AnnotationDrivenTests" time="0.218"/>
  <testcase name="withConfigurationClass()" classname="org.springframework.transaction.config.AnnotationDrivenTests" time="0.132"/>
  <testcase name="serializableWithPreviousUsage()" classname="org.springframework.transaction.config.AnnotationDrivenTests" time="0.114"/>
  <testcase name="withAnnotatedTransactionManagers()" classname="org.springframework.transaction.config.AnnotationDrivenTests" time="0.188"/>
  <system-out><![CDATA[]]></system-out>
  <system-err><![CDATA[]]></system-err>
</testsuite>
