<?xml version="1.0" encoding="UTF-8"?>
<testsuite name="org.springframework.transaction.JndiJtaTransactionManagerTests" tests="6" skipped="0" failures="0" errors="0" timestamp="2020-12-11T19:53:36" hostname="DESKTOP-TMNPDT1" time="0.128">
  <properties/>
  <testcase name="jtaTransactionManagerWithDefaultJndiLookupsAndNoTmFound()" classname="org.springframework.transaction.JndiJtaTransactionManagerTests" time="0.096"/>
  <testcase name="jtaTransactionManagerWithDefaultJndiLookups1()" classname="org.springframework.transaction.JndiJtaTransactionManagerTests" time="0.004"/>
  <testcase name="jtaTransactionManagerWithDefaultJndiLookups2()" classname="org.springframework.transaction.JndiJtaTransactionManagerTests" time="0.002"/>
  <testcase name="jtaTransactionManagerWithDefaultJndiLookupsAndNoUtFound()" classname="org.springframework.transaction.JndiJtaTransactionManagerTests" time="0.007"/>
  <testcase name="jtaTransactionManagerWithNotCacheUserTransaction()" classname="org.springframework.transaction.JndiJtaTransactionManagerTests" time="0.014"/>
  <testcase name="jtaTransactionManagerWithCustomJndiLookups()" classname="org.springframework.transaction.JndiJtaTransactionManagerTests" time="0.003"/>
  <system-out><![CDATA[03:53:36.207 [Test worker] WARN  o.s.t.j.JtaTransactionManager - No JTA TransactionManager found: transaction suspension not available
03:53:36.245 [Test worker] WARN  o.s.t.j.JtaTransactionManager - No JTA TransactionManager found: transaction suspension not available
]]></system-out>
  <system-err><![CDATA[]]></system-err>
</testsuite>
