<?xml version="1.0" encoding="UTF-8"?>
<testsuite name="org.springframework.jca.cci.CciLocalTransactionTests" tests="2" skipped="0" failures="0" errors="0" timestamp="2020-12-11T19:53:25" hostname="DESKTOP-TMNPDT1" time="1.599">
  <properties/>
  <testcase name="testLocalTransactionRollback()" classname="org.springframework.jca.cci.CciLocalTransactionTests" time="1.588"/>
  <testcase name="testLocalTransactionCommit()" classname="org.springframework.jca.cci.CciLocalTransactionTests" time="0.009"/>
  <system-out><![CDATA[]]></system-out>
  <system-err><![CDATA[]]></system-err>
</testsuite>
