<?xml version="1.0" encoding="UTF-8"?>
<testsuite name="org.springframework.transaction.interceptor.TransactionAttributeSourceTests" tests="5" skipped="0" failures="0" errors="0" timestamp="2020-12-11T19:53:35" hostname="DESKTOP-TMNPDT1" time="0.064">
  <properties/>
  <testcase name="matchAlwaysTransactionAttributeSource()" classname="org.springframework.transaction.interceptor.TransactionAttributeSourceTests" time="0.006"/>
  <testcase name="nameMatchTransactionAttributeSourceMostSpecificMethodNameIsDefinitelyMatched()" classname="org.springframework.transaction.interceptor.TransactionAttributeSourceTests" time="0.0"/>
  <testcase name="nameMatchTransactionAttributeSourceWithEmptyMethodName()" classname="org.springframework.transaction.interceptor.TransactionAttributeSourceTests" time="0.054"/>
  <testcase name="nameMatchTransactionAttributeSourceWithStarAtEndOfMethodName()" classname="org.springframework.transaction.interceptor.TransactionAttributeSourceTests" time="0.0"/>
  <testcase name="nameMatchTransactionAttributeSourceWithStarAtStartOfMethodName()" classname="org.springframework.transaction.interceptor.TransactionAttributeSourceTests" time="0.001"/>
  <system-out><![CDATA[]]></system-out>
  <system-err><![CDATA[]]></system-err>
</testsuite>
