<?xml version="1.0" encoding="UTF-8"?>
<testsuite name="org.springframework.transaction.JtaTransactionManagerTests" tests="44" skipped="0" failures="0" errors="0" timestamp="2020-12-11T19:53:36" hostname="DESKTOP-TMNPDT1" time="0.36">
  <properties/>
  <testcase name="jtaTransactionManagerWithPropagationRequiresNewAndAdapter()" classname="org.springframework.transaction.JtaTransactionManagerTests" time="0.016"/>
  <testcase name="jtaTransactionManagerWithPropagationNotSupported()" classname="org.springframework.transaction.JtaTransactionManagerTests" time="0.004"/>
  <testcase name="jtaTransactionManagerWithHeuristicRollbackExceptionOnCommit()" classname="org.springframework.transaction.JtaTransactionManagerTests" time="0.008"/>
  <testcase name="jtaTransactionManagerWithExistingTransactionAndSynchronizationNever()" classname="org.springframework.transaction.JtaTransactionManagerTests" time="0.011"/>
  <testcase name="jtaTransactionManagerWithPropagationSupportsAndSynchronizationNever()" classname="org.springframework.transaction.JtaTransactionManagerTests" time="0.003"/>
  <testcase name="jtaTransactionManagerWithCommitAndSynchronizationNever()" classname="org.springframework.transaction.JtaTransactionManagerTests" time="0.003"/>
  <testcase name="jtaTransactionManagerWithNestedBegin()" classname="org.springframework.transaction.JtaTransactionManagerTests" time="0.004"/>
  <testcase name="jtaTransactionManagerWithDoubleRollback()" classname="org.springframework.transaction.JtaTransactionManagerTests" time="0.003"/>
  <testcase name="jtaTransactionManagerWithExistingTransactionAndCommitException()" classname="org.springframework.transaction.JtaTransactionManagerTests" time="0.075"/>
  <testcase name="jtaTransactionManagerWithPropagationSupportsAndSynchronizationOnActual()" classname="org.springframework.transaction.JtaTransactionManagerTests" time="0.004"/>
  <testcase name="jtaTransactionManagerWithNoExceptionOnGlobalRollbackOnlyAndFailEarly()" classname="org.springframework.transaction.JtaTransactionManagerTests" time="0.003"/>
  <testcase name="jtaTransactionManagerWithSystemExceptionOnCommit()" classname="org.springframework.transaction.JtaTransactionManagerTests" time="0.026"/>
  <testcase name="jtaTransactionManagerWithPropagationRequiresNewAndExistingWithSuspendException()" classname="org.springframework.transaction.JtaTransactionManagerTests" time="0.005"/>
  <testcase name="jtaTransactionManagerWithNoExceptionOnGlobalRollbackOnly()" classname="org.springframework.transaction.JtaTransactionManagerTests" time="0.004"/>
  <testcase name="jtaTransactionManagerWithRollbackExceptionOnCommit()" classname="org.springframework.transaction.JtaTransactionManagerTests" time="0.005"/>
  <testcase name="jtaTransactionManagerWithIllegalStateExceptionOnRollbackOnly()" classname="org.springframework.transaction.JtaTransactionManagerTests" time="0.004"/>
  <testcase name="jtaTransactionManagerWithExistingTransactionAndRollbackOnly()" classname="org.springframework.transaction.JtaTransactionManagerTests" time="0.006"/>
  <testcase name="jtaTransactionManagerWithPropagationRequiresNewWithinSupports()" classname="org.springframework.transaction.JtaTransactionManagerTests" time="0.008"/>
  <testcase name="jtaTransactionManagerWithHeuristicMixedExceptionOnCommit()" classname="org.springframework.transaction.JtaTransactionManagerTests" time="0.006"/>
  <testcase name="jtaTransactionManagerWithRollback()" classname="org.springframework.transaction.JtaTransactionManagerTests" time="0.005"/>
  <testcase name="jtaTransactionManagerWithExistingTransactionAndRollbackOnlyAndNoGlobalRollback()" classname="org.springframework.transaction.JtaTransactionManagerTests" time="0.006"/>
  <testcase name="jtaTransactionManagerWithRollbackAndSynchronizationOnActual()" classname="org.springframework.transaction.JtaTransactionManagerTests" time="0.005"/>
  <testcase name="jtaTransactionManagerWithRollbackAndSynchronizationNever()" classname="org.springframework.transaction.JtaTransactionManagerTests" time="0.007"/>
  <testcase name="jtaTransactionManagerWithIsolationLevel()" classname="org.springframework.transaction.JtaTransactionManagerTests" time="0.003"/>
  <testcase name="jtaTransactionManagerWithExistingTransactionAndJtaSynchronization()" classname="org.springframework.transaction.JtaTransactionManagerTests" time="0.005"/>
  <testcase name="jtaTransactionManagerWithRollbackAndCommit()" classname="org.springframework.transaction.JtaTransactionManagerTests" time="0.002"/>
  <testcase name="jtaTransactionManagerWithPropagationRequiresNew()" classname="org.springframework.transaction.JtaTransactionManagerTests" time="0.006"/>
  <testcase name="jtaTransactionManagerWithPropagationRequiresNewAndSuspensionNotSupported()" classname="org.springframework.transaction.JtaTransactionManagerTests" time="0.003"/>
  <testcase name="jtaTransactionManagerWithPropagationRequiresNewAndExistingWithBeginException()" classname="org.springframework.transaction.JtaTransactionManagerTests" time="0.004"/>
  <testcase name="jtaTransactionManagerWithExistingTransactionAndExceptionAndNoGlobalRollback()" classname="org.springframework.transaction.JtaTransactionManagerTests" time="0.004"/>
  <testcase name="jtaTransactionManagerWithSystemExceptionOnBegin()" classname="org.springframework.transaction.JtaTransactionManagerTests" time="0.003"/>
  <testcase name="jtaTransactionManagerWithSystemExceptionOnIsExisting()" classname="org.springframework.transaction.JtaTransactionManagerTests" time="0.002"/>
  <testcase name="jtaTransactionManagerWithUnsupportedOperationExceptionOnNestedBegin()" classname="org.springframework.transaction.JtaTransactionManagerTests" time="0.002"/>
  <testcase name="jtaTransactionManagerWithCommitAndSynchronizationOnActual()" classname="org.springframework.transaction.JtaTransactionManagerTests" time="0.003"/>
  <testcase name="jtaTransactionManagerWithNotSupportedExceptionOnNestedBegin()" classname="org.springframework.transaction.JtaTransactionManagerTests" time="0.003"/>
  <testcase name="jtaTransactionManagerWithSystemExceptionOnRollback()" classname="org.springframework.transaction.JtaTransactionManagerTests" time="0.008"/>
  <testcase name="jtaTransactionManagerWithPropagationSupports()" classname="org.springframework.transaction.JtaTransactionManagerTests" time="0.004"/>
  <testcase name="jtaTransactionManagerWithExistingTransactionAndException()" classname="org.springframework.transaction.JtaTransactionManagerTests" time="0.006"/>
  <testcase name="jtaTransactionManagerWithExistingAndPropagationSupports()" classname="org.springframework.transaction.JtaTransactionManagerTests" time="0.006"/>
  <testcase name="jtaTransactionManagerWithPropagationRequiresNewAndExisting()" classname="org.springframework.transaction.JtaTransactionManagerTests" time="0.004"/>
  <testcase name="jtaTransactionManagerWithExistingTransactionAndSynchronizationOnActual()" classname="org.springframework.transaction.JtaTransactionManagerTests" time="0.005"/>
  <testcase name="jtaTransactionManagerWithCommit()" classname="org.springframework.transaction.JtaTransactionManagerTests" time="0.007"/>
  <testcase name="jtaTransactionManagerWithSystemExceptionOnRollbackOnly()" classname="org.springframework.transaction.JtaTransactionManagerTests" time="0.011"/>
  <testcase name="jtaTransactionManagerWithDoubleCommit()" classname="org.springframework.transaction.JtaTransactionManagerTests" time="0.006"/>
  <system-out><![CDATA[03:53:36.390 [Test worker] WARN  o.s.t.j.JtaTransactionManager - No JTA TransactionManager found: transaction suspension not available
03:53:36.396 [Test worker] WARN  o.s.t.j.JtaTransactionManager - No JTA TransactionManager found: transaction suspension not available
03:53:36.400 [Test worker] WARN  o.s.t.j.JtaTransactionManager - No JTA TransactionManager found: transaction suspension not available
03:53:36.483 [Test worker] WARN  o.s.t.j.JtaTransactionManager - Participating in existing JTA transaction, but no JTA TransactionManager available: cannot register Spring after-completion callbacks with outer JTA transaction - processing Spring after-completion callbacks with outcome status 'unknown'
03:53:36.489 [Test worker] WARN  o.s.t.j.JtaTransactionManager - No JTA TransactionManager found: transaction suspension not available
03:53:36.559 [Test worker] WARN  o.s.t.j.JtaTransactionManager - Participating in existing JTA transaction, but no JTA TransactionManager available: cannot register Spring after-completion callbacks with outer JTA transaction - processing Spring after-completion callbacks with outcome status 'unknown'
03:53:36.588 [Test worker] WARN  o.s.t.j.JtaTransactionManager - Participating in existing JTA transaction, but no JTA TransactionManager available: cannot register Spring after-completion callbacks with outer JTA transaction - processing Spring after-completion callbacks with outcome status 'unknown'
03:53:36.597 [Test worker] WARN  o.s.t.j.JtaTransactionManager - No JTA TransactionManager found: transaction suspension not available
03:53:36.633 [Test worker] WARN  o.s.t.j.JtaTransactionManager - Participating in existing JTA transaction, but no JTA TransactionManager available: cannot register Spring after-completion callbacks with outer JTA transaction - processing Spring after-completion callbacks with outcome status 'unknown'
03:53:36.668 [Test worker] WARN  o.s.t.j.JtaTransactionManager - Participating in existing JTA transaction, but no JTA TransactionManager available: cannot register Spring after-completion callbacks with outer JTA transaction - processing Spring after-completion callbacks with outcome status 'unknown'
03:53:36.674 [Test worker] WARN  o.s.t.j.JtaTransactionManager - Participating in existing JTA transaction, but no JTA TransactionManager available: cannot register Spring after-completion callbacks with outer JTA transaction - processing Spring after-completion callbacks with outcome status 'unknown'
03:53:36.684 [Test worker] WARN  o.s.t.j.JtaTransactionManager - Participating in existing JTA transaction, but no JTA TransactionManager available: cannot register Spring after-completion callbacks with outer JTA transaction - processing Spring after-completion callbacks with outcome status 'unknown'
03:53:36.702 [Test worker] WARN  o.s.t.j.JtaTransactionManager - Participating in existing JTA transaction, but no JTA TransactionManager available: cannot register Spring after-completion callbacks with outer JTA transaction - processing Spring after-completion callbacks with outcome status 'unknown'
]]></system-out>
  <system-err><![CDATA[]]></system-err>
</testsuite>
