<?xml version="1.0" encoding="UTF-8"?>
<testsuite name="org.springframework.dao.support.ChainedPersistenceExceptionTranslatorTests" tests="2" skipped="0" failures="0" errors="0" timestamp="2020-12-11T19:53:24" hostname="DESKTOP-TMNPDT1" time="0.003">
  <properties/>
  <testcase name="empty()" classname="org.springframework.dao.support.ChainedPersistenceExceptionTranslatorTests" time="0.0"/>
  <testcase name="exceptionTranslationWithTranslation()" classname="org.springframework.dao.support.ChainedPersistenceExceptionTranslatorTests" time="0.002"/>
  <system-out><![CDATA[]]></system-out>
  <system-err><![CDATA[]]></system-err>
</testsuite>
