<?xml version="1.0" encoding="UTF-8"?>
<testsuite name="org.springframework.jca.cci.EisOperationTests" tests="5" skipped="0" failures="0" errors="0" timestamp="2020-12-11T19:53:27" hostname="DESKTOP-TMNPDT1" time="0.043">
  <properties/>
  <testcase name="testSimpleRecordOperationWithInputOutputRecord()" classname="org.springframework.jca.cci.EisOperationTests" time="0.005"/>
  <testcase name="testMappingRecordOperationWithOutputRecordCreator()" classname="org.springframework.jca.cci.EisOperationTests" time="0.026"/>
  <testcase name="testSimpleRecordOperation()" classname="org.springframework.jca.cci.EisOperationTests" time="0.004"/>
  <testcase name="testSimpleRecordOperationWithExplicitOutputRecord()" classname="org.springframework.jca.cci.EisOperationTests" time="0.003"/>
  <testcase name="testMappingRecordOperation()" classname="org.springframework.jca.cci.EisOperationTests" time="0.005"/>
  <system-out><![CDATA[]]></system-out>
  <system-err><![CDATA[]]></system-err>
</testsuite>
