<?xml version="1.0" encoding="UTF-8"?>
<testsuite name="org.springframework.dao.annotation.PersistenceExceptionTranslationInterceptorTests" tests="7" skipped="0" failures="0" errors="0" timestamp="2020-12-11T19:53:23" hostname="DESKTOP-TMNPDT1" time="0.507">
  <properties/>
  <testcase name="translationNeededForTheseExceptionsWithCustomStereotype()" classname="org.springframework.dao.annotation.PersistenceExceptionTranslationInterceptorTests" time="0.473"/>
  <testcase name="translationNotNeededForTheseExceptions()" classname="org.springframework.dao.annotation.PersistenceExceptionTranslationInterceptorTests" time="0.008"/>
  <testcase name="translationNeededForTheseExceptions()" classname="org.springframework.dao.annotation.PersistenceExceptionTranslationInterceptorTests" time="0.002"/>
  <testcase name="noTranslationNeeded()" classname="org.springframework.dao.annotation.PersistenceExceptionTranslationInterceptorTests" time="0.003"/>
  <testcase name="translationNeededForTheseExceptionsOnInheritedInterface()" classname="org.springframework.dao.annotation.PersistenceExceptionTranslationInterceptorTests" time="0.005"/>
  <testcase name="translationNeededForTheseExceptionsOnSuperclass()" classname="org.springframework.dao.annotation.PersistenceExceptionTranslationInterceptorTests" time="0.004"/>
  <testcase name="translationNeededForTheseExceptionsOnInterface()" classname="org.springframework.dao.annotation.PersistenceExceptionTranslationInterceptorTests" time="0.003"/>
  <system-out><![CDATA[]]></system-out>
  <system-err><![CDATA[]]></system-err>
</testsuite>
