<?xml version="1.0" encoding="UTF-8"?>
<testsuite name="org.springframework.transaction.interceptor.TransactionAttributeSourceAdvisorTests" tests="1" skipped="0" failures="0" errors="0" timestamp="2020-12-11T19:53:35" hostname="DESKTOP-TMNPDT1" time="0.01">
  <properties/>
  <testcase name="serializability()" classname="org.springframework.transaction.interceptor.TransactionAttributeSourceAdvisorTests" time="0.01"/>
  <system-out><![CDATA[]]></system-out>
  <system-err><![CDATA[]]></system-err>
</testsuite>
