<?xml version="1.0" encoding="UTF-8"?>
<testsuite name="org.springframework.transaction.support.SimpleTransactionScopeTests" tests="2" skipped="0" failures="0" errors="0" timestamp="2020-12-11T19:53:36" hostname="DESKTOP-TMNPDT1" time="0.034">
  <properties/>
  <testcase name="getFromScope()" classname="org.springframework.transaction.support.SimpleTransactionScopeTests" time="0.011"/>
  <testcase name="getWithTransactionManager()" classname="org.springframework.transaction.support.SimpleTransactionScopeTests" time="0.022"/>
  <system-out><![CDATA[]]></system-out>
  <system-err><![CDATA[]]></system-err>
</testsuite>
