<?xml version="1.0" encoding="UTF-8"?>
<testsuite name="org.springframework.transaction.interceptor.TransactionAttributeSourceEditorTests" tests="4" skipped="0" failures="0" errors="0" timestamp="2020-12-11T19:53:35" hostname="DESKTOP-TMNPDT1" time="0.015">
  <properties/>
  <testcase name="invalidFormat()" classname="org.springframework.transaction.interceptor.TransactionAttributeSourceEditorTests" time="0.002"/>
  <testcase name="matchesSpecific()" classname="org.springframework.transaction.interceptor.TransactionAttributeSourceEditorTests" time="0.003"/>
  <testcase name="nullValue()" classname="org.springframework.transaction.interceptor.TransactionAttributeSourceEditorTests" time="0.005"/>
  <testcase name="matchesAll()" classname="org.springframework.transaction.interceptor.TransactionAttributeSourceEditorTests" time="0.002"/>
  <system-out><![CDATA[]]></system-out>
  <system-err><![CDATA[]]></system-err>
</testsuite>
