<?xml version="1.0" encoding="UTF-8"?>
<testsuite name="org.springframework.transaction.annotation.AnnotationTransactionAttributeSourceTests" tests="21" skipped="0" failures="0" errors="0" timestamp="2020-12-11T19:53:27" hostname="DESKTOP-TMNPDT1" time="0.635">
  <properties/>
  <testcase name="transactionAttributeDeclaredOnClassWithEjb3()" classname="org.springframework.transaction.annotation.AnnotationTransactionAttributeSourceTests" time="0.022"/>
  <testcase name="transactionAttributeDeclaredOnClassMethodWithJta()" classname="org.springframework.transaction.annotation.AnnotationTransactionAttributeSourceTests" time="0.021"/>
  <testcase name="transactionAttributeDeclaredOnInterfaceWithEjb3()" classname="org.springframework.transaction.annotation.AnnotationTransactionAttributeSourceTests" time="0.003"/>
  <testcase name="customMethodAttributeDetected()" classname="org.springframework.transaction.annotation.AnnotationTransactionAttributeSourceTests" time="0.029"/>
  <testcase name="transactionAttributeDeclaredOnGroovyClass()" classname="org.springframework.transaction.annotation.AnnotationTransactionAttributeSourceTests" time="0.005"/>
  <testcase name="transactionAttributeDeclaredOnInterfaceWithJta()" classname="org.springframework.transaction.annotation.AnnotationTransactionAttributeSourceTests" time="0.001"/>
  <testcase name="transactionAttributeDeclaredOnInterfaceMethodOnly()" classname="org.springframework.transaction.annotation.AnnotationTransactionAttributeSourceTests" time="0.002"/>
  <testcase name="rollbackRulesAreApplied()" classname="org.springframework.transaction.annotation.AnnotationTransactionAttributeSourceTests" time="0.002"/>
  <testcase name="customClassAttributeWithReadOnlyOverrideDetected()" classname="org.springframework.transaction.annotation.AnnotationTransactionAttributeSourceTests" time="0.006"/>
  <testcase name="customMethodAttributeWithReadOnlyOverrideOnInterface()" classname="org.springframework.transaction.annotation.AnnotationTransactionAttributeSourceTests" time="0.003"/>
  <testcase name="transactionAttributeDeclaredOnClassWithJta()" classname="org.springframework.transaction.annotation.AnnotationTransactionAttributeSourceTests" time="0.001"/>
  <testcase name="customClassAttributeWithReadOnlyOverrideOnInterface()" classname="org.springframework.transaction.annotation.AnnotationTransactionAttributeSourceTests" time="0.001"/>
  <testcase name="nullOrEmpty()" classname="org.springframework.transaction.annotation.AnnotationTransactionAttributeSourceTests" time="0.001"/>
  <testcase name="transactionAttributeOnTargetClassMethodOverridesAttributeOnInterfaceMethod()" classname="org.springframework.transaction.annotation.AnnotationTransactionAttributeSourceTests" time="0.003"/>
  <testcase name="customClassAttributeDetected()" classname="org.springframework.transaction.annotation.AnnotationTransactionAttributeSourceTests" time="0.001"/>
  <testcase name="defaultsToClassTransactionAttribute()" classname="org.springframework.transaction.annotation.AnnotationTransactionAttributeSourceTests" time="0.001"/>
  <testcase name="serializable()" classname="org.springframework.transaction.annotation.AnnotationTransactionAttributeSourceTests" time="0.468"/>
  <testcase name="transactionAttributeDeclaredOnClassMethod()" classname="org.springframework.transaction.annotation.AnnotationTransactionAttributeSourceTests" time="0.004"/>
  <testcase name="transactionAttributeDeclaredOnClassMethodWithEjb3()" classname="org.springframework.transaction.annotation.AnnotationTransactionAttributeSourceTests" time="0.004"/>
  <testcase name="customMethodAttributeWithReadOnlyOverrideDetected()" classname="org.springframework.transaction.annotation.AnnotationTransactionAttributeSourceTests" time="0.02"/>
  <testcase name="transactionAttributeDeclaredOnCglibClassMethod()" classname="org.springframework.transaction.annotation.AnnotationTransactionAttributeSourceTests" time="0.018"/>
  <system-out><![CDATA[]]></system-out>
  <system-err><![CDATA[]]></system-err>
</testsuite>
