<?xml version="1.0" encoding="UTF-8"?>
<testsuite name="org.springframework.oxm.xstream.XStreamMarshallerTests" tests="20" skipped="0" failures="0" errors="0" timestamp="2020-12-11T19:53:06" hostname="DESKTOP-TMNPDT1" time="1.057">
  <properties/>
  <testcase name="aliasesByTypeStringClassMap()" classname="org.springframework.oxm.xstream.XStreamMarshallerTests" time="0.324"/>
  <testcase name="marshalStaxResultXMLStreamWriter()" classname="org.springframework.oxm.xstream.XStreamMarshallerTests" time="0.01"/>
  <testcase name="marshalStreamResultOutputStream()" classname="org.springframework.oxm.xstream.XStreamMarshallerTests" time="0.019"/>
  <testcase name="jettisonDriver()" classname="org.springframework.oxm.xstream.XStreamMarshallerTests" time="0.057"/>
  <testcase name="marshalDOMResultToExistentDocument()" classname="org.springframework.oxm.xstream.XStreamMarshallerTests" time="0.02"/>
  <testcase name="useAttributesForClassStringListMap()" classname="org.springframework.oxm.xstream.XStreamMarshallerTests" time="0.012"/>
  <testcase name="fieldAliases()" classname="org.springframework.oxm.xstream.XStreamMarshallerTests" time="0.03"/>
  <testcase name="implicitCollections()" classname="org.springframework.oxm.xstream.XStreamMarshallerTests" time="0.077"/>
  <testcase name="useAttributesForStringClassMap()" classname="org.springframework.oxm.xstream.XStreamMarshallerTests" time="0.006"/>
  <testcase name="jsonDriver()" classname="org.springframework.oxm.xstream.XStreamMarshallerTests" time="0.012"/>
  <testcase name="annotatedMarshalStreamResultWriter()" classname="org.springframework.oxm.xstream.XStreamMarshallerTests" time="0.016"/>
  <testcase name="useAttributesForClassStringMap()" classname="org.springframework.oxm.xstream.XStreamMarshallerTests" time="0.007"/>
  <testcase name="omitFields()" classname="org.springframework.oxm.xstream.XStreamMarshallerTests" time="0.006"/>
  <testcase name="aliasesByTypeStringStringMap()" classname="org.springframework.oxm.xstream.XStreamMarshallerTests" time="0.009"/>
  <testcase name="marshalStaxResultXMLEventWriter()" classname="org.springframework.oxm.xstream.XStreamMarshallerTests" time="0.038"/>
  <testcase name="marshalSaxResult()" classname="org.springframework.oxm.xstream.XStreamMarshallerTests" time="0.021"/>
  <testcase name="marshalStreamResultWriter()" classname="org.springframework.oxm.xstream.XStreamMarshallerTests" time="0.007"/>
  <testcase name="marshalDOMResult()" classname="org.springframework.oxm.xstream.XStreamMarshallerTests" time="0.024"/>
  <testcase name="useAttributesFor()" classname="org.springframework.oxm.xstream.XStreamMarshallerTests" time="0.01"/>
  <testcase name="converters()" classname="org.springframework.oxm.xstream.XStreamMarshallerTests" time="0.334"/>
  <system-out><![CDATA[]]></system-out>
  <system-err><![CDATA[Security framework of XStream not initialized, XStream is probably vulnerable.
Security framework of XStream not initialized, XStream is probably vulnerable.
]]></system-err>
</testsuite>
