<?xml version="1.0" encoding="UTF-8"?>
<testsuite name="org.springframework.orm.jpa.LocalEntityManagerFactoryBeanTests" tests="2" skipped="0" failures="0" errors="0" timestamp="2020-12-12T06:27:30" hostname="DESKTOP-TMNPDT1" time="0.006">
  <properties/>
  <testcase name="testValidUsageWithExplicitProperties()" classname="org.springframework.orm.jpa.LocalEntityManagerFactoryBeanTests" time="0.002"/>
  <testcase name="testValidUsageWithDefaultProperties()" classname="org.springframework.orm.jpa.LocalEntityManagerFactoryBeanTests" time="0.002"/>
  <system-out><![CDATA[]]></system-out>
  <system-err><![CDATA[]]></system-err>
</testsuite>
