<?xml version="1.0" encoding="UTF-8"?>
<testsuite name="org.springframework.orm.jpa.support.PersistenceInjectionIntegrationTests" tests="2" skipped="0" failures="0" errors="0" timestamp="2020-12-12T06:27:32" hostname="DESKTOP-TMNPDT1" time="0.846">
  <properties/>
  <testcase name="testDefaultPersistenceContextSetterInjection()" classname="org.springframework.orm.jpa.support.PersistenceInjectionIntegrationTests" time="0.829"/>
  <testcase name="testSetterInjectionOfNamedPersistenceContext()" classname="org.springframework.orm.jpa.support.PersistenceInjectionIntegrationTests" time="0.015"/>
  <system-out><![CDATA[[EL Info]: 2020-12-12 14:27:32.91--ServerSession(1043433650)--EclipseLink, version: Eclipse Persistence Services - 2.7.7.v20200504-69f2c2b80d
[EL Warning]: metadata: 2020-12-12 14:27:32.911--ServerSession(1043433650)--Reverting the lazy setting on the OneToOne or ManyToOne attribute [driversLicense] for the entity class [class org.springframework.orm.jpa.domain.Person] since weaving was not enabled or did not occur.
[EL Fine]: sql: 2020-12-12 14:27:32.918--ServerSession(1043433650)--Connection(675656379)--SELECT * FROM SEQUENCE WHERE SEQ_NAME = 'SEQ_GEN'
]]></system-out>
  <system-err><![CDATA[]]></system-err>
</testsuite>
