<?xml version="1.0" encoding="UTF-8"?>
<testsuite name="org.springframework.orm.jpa.hibernate.HibernateNativeEntityManagerFactorySpringBeanContainerIntegrationTests" tests="12" skipped="0" failures="0" errors="0" timestamp="2020-12-12T06:27:28" hostname="DESKTOP-TMNPDT1" time="1.665">
  <properties/>
  <testcase name="testCanRetrieveBeanByTypeWithJpaCompliantOptions()" classname="org.springframework.orm.jpa.hibernate.HibernateNativeEntityManagerFactorySpringBeanContainerIntegrationTests" time="1.384"/>
  <testcase name="testCanRetrieveFallbackBeanByTypeWithNativeOptions()" classname="org.springframework.orm.jpa.hibernate.HibernateNativeEntityManagerFactorySpringBeanContainerIntegrationTests" time="0.014"/>
  <testcase name="testCanRetrieveFallbackBeanByNameWithJpaCompliantOptions()" classname="org.springframework.orm.jpa.hibernate.HibernateNativeEntityManagerFactorySpringBeanContainerIntegrationTests" time="0.025"/>
  <testcase name="testCanRetrieveFallbackBeanByTypeWithJpaCompliantOptions()" classname="org.springframework.orm.jpa.hibernate.HibernateNativeEntityManagerFactorySpringBeanContainerIntegrationTests" time="0.011"/>
  <testcase name="testCanRetrieveBeanByNameWithNativeOptions()" classname="org.springframework.orm.jpa.hibernate.HibernateNativeEntityManagerFactorySpringBeanContainerIntegrationTests" time="0.156"/>
  <testcase name="testOriginalExceptionInCaseOfFallbackProducerFailure()" classname="org.springframework.orm.jpa.hibernate.HibernateNativeEntityManagerFactorySpringBeanContainerIntegrationTests" time="0.037"/>
  <testcase name="testFallbackExceptionInCaseOfNoSpringBeanFound()" classname="org.springframework.orm.jpa.hibernate.HibernateNativeEntityManagerFactorySpringBeanContainerIntegrationTests" time="0.003"/>
  <testcase name="testCanRetrieveFallbackBeanByNameWithNativeOptions()" classname="org.springframework.orm.jpa.hibernate.HibernateNativeEntityManagerFactorySpringBeanContainerIntegrationTests" time="0.002"/>
  <testcase name="testOriginalExceptionInCaseOfFallbackProducerFailureByName()" classname="org.springframework.orm.jpa.hibernate.HibernateNativeEntityManagerFactorySpringBeanContainerIntegrationTests" time="0.009"/>
  <testcase name="testCanRetrieveBeanByTypeWithNativeOptions()" classname="org.springframework.orm.jpa.hibernate.HibernateNativeEntityManagerFactorySpringBeanContainerIntegrationTests" time="0.007"/>
  <testcase name="testCanRetrieveBeanByNameWithJpaCompliantOptions()" classname="org.springframework.orm.jpa.hibernate.HibernateNativeEntityManagerFactorySpringBeanContainerIntegrationTests" time="0.003"/>
  <testcase name="testFallbackExceptionInCaseOfNoSpringBeanFoundByName()" classname="org.springframework.orm.jpa.hibernate.HibernateNativeEntityManagerFactorySpringBeanContainerIntegrationTests" time="0.002"/>
  <system-out><![CDATA[]]></system-out>
  <system-err><![CDATA[]]></system-err>
</testsuite>
