<?xml version="1.0" encoding="UTF-8"?>
<testsuite name="org.springframework.orm.jpa.hibernate.HibernateEntityManagerFactoryIntegrationTests" tests="22" skipped="0" failures="0" errors="0" timestamp="2020-12-12T06:27:13" hostname="DESKTOP-TMNPDT1" time="12.034">
  <properties/>
  <testcase name="testJdbcTx2()" classname="org.springframework.orm.jpa.hibernate.HibernateEntityManagerFactoryIntegrationTests" time="9.309"/>
  <testcase name="testEntityManagerProxyRejectsProgrammaticTxManagement()" classname="org.springframework.orm.jpa.hibernate.HibernateEntityManagerFactoryIntegrationTests" time="0.213"/>
  <testcase name="testQueryNoPersons()" classname="org.springframework.orm.jpa.hibernate.HibernateEntityManagerFactoryIntegrationTests" time="1.774"/>
  <testcase name="testEntityManagerFactoryImplementsEntityManagerFactoryInfo()" classname="org.springframework.orm.jpa.hibernate.HibernateEntityManagerFactoryIntegrationTests" time="0.031"/>
  <testcase name="testMultipleResults()" classname="org.springframework.orm.jpa.hibernate.HibernateEntityManagerFactoryIntegrationTests" time="0.046"/>
  <testcase name="testStateClean()" classname="org.springframework.orm.jpa.hibernate.HibernateEntityManagerFactoryIntegrationTests" time="0.002"/>
  <testcase name="testGetReferenceWhenNoRow()" classname="org.springframework.orm.jpa.hibernate.HibernateEntityManagerFactoryIntegrationTests" time="0.287"/>
  <testcase name="testInstantiateAndSaveWithSharedEmProxy()" classname="org.springframework.orm.jpa.hibernate.HibernateEntityManagerFactoryIntegrationTests" time="0.09"/>
  <testcase name="testQueryNoPersonsSharedNotTransactional()" classname="org.springframework.orm.jpa.hibernate.HibernateEntityManagerFactoryIntegrationTests" time="0.087"/>
  <testcase name="testJdbcTx1_1()" classname="org.springframework.orm.jpa.hibernate.HibernateEntityManagerFactoryIntegrationTests" time="0.004"/>
  <testcase name="testJdbcTx1_2()" classname="org.springframework.orm.jpa.hibernate.HibernateEntityManagerFactoryIntegrationTests" time="0.006"/>
  <testcase name="testJdbcTx1_3()" classname="org.springframework.orm.jpa.hibernate.HibernateEntityManagerFactoryIntegrationTests" time="0.004"/>
  <testcase name="testCanSerializeProxies()" classname="org.springframework.orm.jpa.hibernate.HibernateEntityManagerFactoryIntegrationTests" time="0.007"/>
  <testcase name="testQueryNoPersonsShared()" classname="org.springframework.orm.jpa.hibernate.HibernateEntityManagerFactoryIntegrationTests" time="0.005"/>
  <testcase name="testQueryNoPersonsNotTransactional()" classname="org.springframework.orm.jpa.hibernate.HibernateEntityManagerFactoryIntegrationTests" time="0.016"/>
  <testcase name="testEntityManagerProxyIsProxy()" classname="org.springframework.orm.jpa.hibernate.HibernateEntityManagerFactoryIntegrationTests" time="0.004"/>
  <testcase name="testBogusQuery()" classname="org.springframework.orm.jpa.hibernate.HibernateEntityManagerFactoryIntegrationTests" time="0.038"/>
  <testcase name="testLazyLoading()" classname="org.springframework.orm.jpa.hibernate.HibernateEntityManagerFactoryIntegrationTests" time="0.019"/>
  <testcase name="testCanCastSharedEntityManagerProxyToHibernateEntityManager()" classname="org.springframework.orm.jpa.hibernate.HibernateEntityManagerFactoryIntegrationTests" time="0.003"/>
  <testcase name="testCanUnwrapAopProxy()" classname="org.springframework.orm.jpa.hibernate.HibernateEntityManagerFactoryIntegrationTests" time="0.044"/>
  <testcase name="testReadOnly()" classname="org.springframework.orm.jpa.hibernate.HibernateEntityManagerFactoryIntegrationTests" time="0.003"/>
  <testcase name="testCanCastNativeEntityManagerFactoryToHibernateEntityManagerFactoryImpl()" classname="org.springframework.orm.jpa.hibernate.HibernateEntityManagerFactoryIntegrationTests" time="0.002"/>
  <system-out><![CDATA[Hibernate: create sequence hibernate_sequence start with 1 increment by 1
Hibernate: alter table Person add constraint FKhsilw37bohsue5exltut0wcpq foreign key (DRIVERS_LICENSE_ID) references DRIVERS_LICENSE
Hibernate: select person0_.id as id1_1_, person0_.DRIVERS_LICENSE_ID as drivers_4_1_, person0_.first_name as first_na2_1_, person0_.last_name as last_nam3_1_ from Person person0_
Hibernate: select person0_.id as id1_1_, person0_.DRIVERS_LICENSE_ID as drivers_4_1_, person0_.first_name as first_na2_1_, person0_.last_name as last_nam3_1_ from Person person0_
Hibernate: select person0_.id as id1_1_, person0_.DRIVERS_LICENSE_ID as drivers_4_1_, person0_.first_name as first_na2_1_, person0_.last_name as last_nam3_1_ from Person person0_
Hibernate: select person0_.id as id1_1_0_, person0_.DRIVERS_LICENSE_ID as drivers_4_1_0_, person0_.first_name as first_na2_1_0_, person0_.last_name as last_nam3_1_0_ from Person person0_ where person0_.id=?
Hibernate: call next value for hibernate_sequence
Hibernate: insert into Person (DRIVERS_LICENSE_ID, first_name, last_name, id) values (?, ?, ?, ?)
Hibernate: select person0_.id as id1_1_, person0_.DRIVERS_LICENSE_ID as drivers_4_1_, person0_.first_name as first_na2_1_, person0_.last_name as last_nam3_1_ from Person person0_
Hibernate: select person0_.id as id1_1_, person0_.DRIVERS_LICENSE_ID as drivers_4_1_, person0_.first_name as first_na2_1_, person0_.last_name as last_nam3_1_ from Person person0_
Hibernate: select person0_.id as id1_1_, person0_.DRIVERS_LICENSE_ID as drivers_4_1_, person0_.first_name as first_na2_1_, person0_.last_name as last_nam3_1_ from Person person0_
Hibernate: select person0_.id as id1_1_, person0_.DRIVERS_LICENSE_ID as drivers_4_1_, person0_.first_name as first_na2_1_, person0_.last_name as last_nam3_1_ from Person person0_
Hibernate: select person0_.id as id1_1_, person0_.DRIVERS_LICENSE_ID as drivers_4_1_, person0_.first_name as first_na2_1_, person0_.last_name as last_nam3_1_ from Person person0_
Hibernate: select person0_.id as id1_1_, person0_.DRIVERS_LICENSE_ID as drivers_4_1_, person0_.first_name as first_na2_1_, person0_.last_name as last_nam3_1_ from Person person0_
Hibernate: select person0_.id as id1_1_, person0_.DRIVERS_LICENSE_ID as drivers_4_1_, person0_.first_name as first_na2_1_, person0_.last_name as last_nam3_1_ from Person person0_
14:27:25.808 [Test worker] ERROR o.h.h.i.a.ErrorTracker - line 1:1: unexpected token: It
14:27:25.816 [Test worker] ERROR o.h.h.i.a.ErrorTracker - line 1:1: unexpected token: It
antlr.NoViableAltException: unexpected token: It
	at org.hibernate.hql.internal.antlr.HqlBaseParser.statement(HqlBaseParser.java:212) ~[hibernate-core-5.4.23.Final.jar:5.4.23.Final]
	at org.hibernate.hql.internal.ast.QueryTranslatorImpl.parse(QueryTranslatorImpl.java:294) ~[hibernate-core-5.4.23.Final.jar:5.4.23.Final]
	at org.hibernate.hql.internal.ast.QueryTranslatorImpl.doCompile(QueryTranslatorImpl.java:189) ~[hibernate-core-5.4.23.Final.jar:5.4.23.Final]
	at org.hibernate.hql.internal.ast.QueryTranslatorImpl.compile(QueryTranslatorImpl.java:144) ~[hibernate-core-5.4.23.Final.jar:5.4.23.Final]
	at org.hibernate.engine.query.spi.HQLQueryPlan.<init>(HQLQueryPlan.java:113) ~[hibernate-core-5.4.23.Final.jar:5.4.23.Final]
	at org.hibernate.engine.query.spi.HQLQueryPlan.<init>(HQLQueryPlan.java:73) ~[hibernate-core-5.4.23.Final.jar:5.4.23.Final]
	at org.hibernate.engine.query.spi.QueryPlanCache.getHQLQueryPlan(QueryPlanCache.java:162) ~[hibernate-core-5.4.23.Final.jar:5.4.23.Final]
	at org.hibernate.internal.AbstractSharedSessionContract.getQueryPlan(AbstractSharedSessionContract.java:604) ~[hibernate-core-5.4.23.Final.jar:5.4.23.Final]
	at org.hibernate.internal.AbstractSharedSessionContract.createQuery(AbstractSharedSessionContract.java:716) ~[hibernate-core-5.4.23.Final.jar:5.4.23.Final]
	at org.hibernate.internal.AbstractSessionImpl.createQuery(AbstractSessionImpl.java:23) ~[hibernate-core-5.4.23.Final.jar:5.4.23.Final]
	at sun.reflect.GeneratedMethodAccessor40.invoke(Unknown Source) ~[?:?]
	at sun.reflect.DelegatingMethodAccessorImpl.invoke(DelegatingMethodAccessorImpl.java:43) ~[?:1.8.0_191]
	at java.lang.reflect.Method.invoke(Method.java:498) ~[?:1.8.0_191]
	at org.springframework.orm.jpa.SharedEntityManagerCreator$SharedEntityManagerInvocationHandler.invoke(SharedEntityManagerCreator.java:314) ~[main/:?]
	at com.sun.proxy.$Proxy70.createQuery(Unknown Source) ~[?:?]
	at org.springframework.orm.jpa.AbstractContainerEntityManagerFactoryIntegrationTests.lambda$testBogusQuery$0(AbstractContainerEntityManagerFactoryIntegrationTests.java:97) ~[test/:?]
	at org.assertj.core.api.ThrowableAssert.catchThrowable(ThrowableAssert.java:62) ~[assertj-core-3.17.2.jar:?]
	at org.assertj.core.api.ThrowableTypeAssert.isThrownBy(ThrowableTypeAssert.java:59) ~[assertj-core-3.17.2.jar:?]
	at org.springframework.orm.jpa.AbstractContainerEntityManagerFactoryIntegrationTests.testBogusQuery(AbstractContainerEntityManagerFactoryIntegrationTests.java:96) ~[test/:?]
	at sun.reflect.NativeMethodAccessorImpl.invoke0(Native Method) ~[?:1.8.0_191]
	at sun.reflect.NativeMethodAccessorImpl.invoke(NativeMethodAccessorImpl.java:62) ~[?:1.8.0_191]
	at sun.reflect.DelegatingMethodAccessorImpl.invoke(DelegatingMethodAccessorImpl.java:43) ~[?:1.8.0_191]
	at java.lang.reflect.Method.invoke(Method.java:498) ~[?:1.8.0_191]
	at org.junit.platform.commons.util.ReflectionUtils.invokeMethod(ReflectionUtils.java:686) ~[junit-platform-commons-1.6.3.jar:1.6.3]
	at org.junit.jupiter.engine.execution.MethodInvocation.proceed(MethodInvocation.java:60) ~[junit-jupiter-engine-5.6.3.jar:5.6.3]
	at org.junit.jupiter.engine.execution.InvocationInterceptorChain$ValidatingInvocation.proceed(InvocationInterceptorChain.java:131) ~[junit-jupiter-engine-5.6.3.jar:5.6.3]
	at org.junit.jupiter.engine.extension.TimeoutExtension.intercept(TimeoutExtension.java:149) ~[junit-jupiter-engine-5.6.3.jar:5.6.3]
	at org.junit.jupiter.engine.extension.TimeoutExtension.interceptTestableMethod(TimeoutExtension.java:140) ~[junit-jupiter-engine-5.6.3.jar:5.6.3]
	at org.junit.jupiter.engine.extension.TimeoutExtension.interceptTestMethod(TimeoutExtension.java:84) ~[junit-jupiter-engine-5.6.3.jar:5.6.3]
	at org.junit.jupiter.engine.execution.ExecutableInvoker$ReflectiveInterceptorCall.lambda$ofVoidMethod$0(ExecutableInvoker.java:115) ~[junit-jupiter-engine-5.6.3.jar:5.6.3]
	at org.junit.jupiter.engine.execution.ExecutableInvoker.lambda$invoke$0(ExecutableInvoker.java:105) ~[junit-jupiter-engine-5.6.3.jar:5.6.3]
	at org.junit.jupiter.engine.execution.InvocationInterceptorChain$InterceptedInvocation.proceed(InvocationInterceptorChain.java:106) ~[junit-jupiter-engine-5.6.3.jar:5.6.3]
	at org.junit.jupiter.engine.execution.InvocationInterceptorChain.proceed(InvocationInterceptorChain.java:64) ~[junit-jupiter-engine-5.6.3.jar:5.6.3]
	at org.junit.jupiter.engine.execution.InvocationInterceptorChain.chainAndInvoke(InvocationInterceptorChain.java:45) ~[junit-jupiter-engine-5.6.3.jar:5.6.3]
	at org.junit.jupiter.engine.execution.InvocationInterceptorChain.invoke(InvocationInterceptorChain.java:37) ~[junit-jupiter-engine-5.6.3.jar:5.6.3]
	at org.junit.jupiter.engine.execution.ExecutableInvoker.invoke(ExecutableInvoker.java:104) ~[junit-jupiter-engine-5.6.3.jar:5.6.3]
	at org.junit.jupiter.engine.execution.ExecutableInvoker.invoke(ExecutableInvoker.java:98) ~[junit-jupiter-engine-5.6.3.jar:5.6.3]
	at org.junit.jupiter.engine.descriptor.TestMethodTestDescriptor.lambda$invokeTestMethod$6(TestMethodTestDescriptor.java:212) ~[junit-jupiter-engine-5.6.3.jar:5.6.3]
	at org.junit.platform.engine.support.hierarchical.ThrowableCollector.execute(ThrowableCollector.java:73) ~[junit-platform-engine-1.6.3.jar:1.6.3]
	at org.junit.jupiter.engine.descriptor.TestMethodTestDescriptor.invokeTestMethod(TestMethodTestDescriptor.java:208) ~[junit-jupiter-engine-5.6.3.jar:5.6.3]
	at org.junit.jupiter.engine.descriptor.TestMethodTestDescriptor.execute(TestMethodTestDescriptor.java:137) ~[junit-jupiter-engine-5.6.3.jar:5.6.3]
	at org.junit.jupiter.engine.descriptor.TestMethodTestDescriptor.execute(TestMethodTestDescriptor.java:71) ~[junit-jupiter-engine-5.6.3.jar:5.6.3]
	at org.junit.platform.engine.support.hierarchical.NodeTestTask.lambda$executeRecursively$5(NodeTestTask.java:135) ~[junit-platform-engine-1.6.3.jar:1.6.3]
	at org.junit.platform.engine.support.hierarchical.ThrowableCollector.execute(ThrowableCollector.java:73) ~[junit-platform-engine-1.6.3.jar:1.6.3]
	at org.junit.platform.engine.support.hierarchical.NodeTestTask.lambda$executeRecursively$7(NodeTestTask.java:125) ~[junit-platform-engine-1.6.3.jar:1.6.3]
	at org.junit.platform.engine.support.hierarchical.Node.around(Node.java:135) ~[junit-platform-engine-1.6.3.jar:1.6.3]
	at org.junit.platform.engine.support.hierarchical.NodeTestTask.lambda$executeRecursively$8(NodeTestTask.java:123) ~[junit-platform-engine-1.6.3.jar:1.6.3]
	at org.junit.platform.engine.support.hierarchical.ThrowableCollector.execute(ThrowableCollector.java:73) ~[junit-platform-engine-1.6.3.jar:1.6.3]
	at org.junit.platform.engine.support.hierarchical.NodeTestTask.executeRecursively(NodeTestTask.java:122) ~[junit-platform-engine-1.6.3.jar:1.6.3]
	at org.junit.platform.engine.support.hierarchical.NodeTestTask.execute(NodeTestTask.java:80) ~[junit-platform-engine-1.6.3.jar:1.6.3]
	at java.util.ArrayList.forEach(ArrayList.java:1257) ~[?:1.8.0_191]
	at org.junit.platform.engine.support.hierarchical.SameThreadHierarchicalTestExecutorService.invokeAll(SameThreadHierarchicalTestExecutorService.java:38) ~[junit-platform-engine-1.6.3.jar:1.6.3]
	at org.junit.platform.engine.support.hierarchical.NodeTestTask.lambda$executeRecursively$5(NodeTestTask.java:139) ~[junit-platform-engine-1.6.3.jar:1.6.3]
	at org.junit.platform.engine.support.hierarchical.ThrowableCollector.execute(ThrowableCollector.java:73) ~[junit-platform-engine-1.6.3.jar:1.6.3]
	at org.junit.platform.engine.support.hierarchical.NodeTestTask.lambda$executeRecursively$7(NodeTestTask.java:125) ~[junit-platform-engine-1.6.3.jar:1.6.3]
	at org.junit.platform.engine.support.hierarchical.Node.around(Node.java:135) ~[junit-platform-engine-1.6.3.jar:1.6.3]
	at org.junit.platform.engine.support.hierarchical.NodeTestTask.lambda$executeRecursively$8(NodeTestTask.java:123) ~[junit-platform-engine-1.6.3.jar:1.6.3]
	at org.junit.platform.engine.support.hierarchical.ThrowableCollector.execute(ThrowableCollector.java:73) ~[junit-platform-engine-1.6.3.jar:1.6.3]
	at org.junit.platform.engine.support.hierarchical.NodeTestTask.executeRecursively(NodeTestTask.java:122) ~[junit-platform-engine-1.6.3.jar:1.6.3]
	at org.junit.platform.engine.support.hierarchical.NodeTestTask.execute(NodeTestTask.java:80) ~[junit-platform-engine-1.6.3.jar:1.6.3]
	at java.util.ArrayList.forEach(ArrayList.java:1257) ~[?:1.8.0_191]
	at org.junit.platform.engine.support.hierarchical.SameThreadHierarchicalTestExecutorService.invokeAll(SameThreadHierarchicalTestExecutorService.java:38) ~[junit-platform-engine-1.6.3.jar:1.6.3]
	at org.junit.platform.engine.support.hierarchical.NodeTestTask.lambda$executeRecursively$5(NodeTestTask.java:139) ~[junit-platform-engine-1.6.3.jar:1.6.3]
	at org.junit.platform.engine.support.hierarchical.ThrowableCollector.execute(ThrowableCollector.java:73) ~[junit-platform-engine-1.6.3.jar:1.6.3]
	at org.junit.platform.engine.support.hierarchical.NodeTestTask.lambda$executeRecursively$7(NodeTestTask.java:125) ~[junit-platform-engine-1.6.3.jar:1.6.3]
	at org.junit.platform.engine.support.hierarchical.Node.around(Node.java:135) ~[junit-platform-engine-1.6.3.jar:1.6.3]
	at org.junit.platform.engine.support.hierarchical.NodeTestTask.lambda$executeRecursively$8(NodeTestTask.java:123) ~[junit-platform-engine-1.6.3.jar:1.6.3]
	at org.junit.platform.engine.support.hierarchical.ThrowableCollector.execute(ThrowableCollector.java:73) ~[junit-platform-engine-1.6.3.jar:1.6.3]
	at org.junit.platform.engine.support.hierarchical.NodeTestTask.executeRecursively(NodeTestTask.java:122) ~[junit-platform-engine-1.6.3.jar:1.6.3]
	at org.junit.platform.engine.support.hierarchical.NodeTestTask.execute(NodeTestTask.java:80) ~[junit-platform-engine-1.6.3.jar:1.6.3]
	at org.junit.platform.engine.support.hierarchical.SameThreadHierarchicalTestExecutorService.submit(SameThreadHierarchicalTestExecutorService.java:32) ~[junit-platform-engine-1.6.3.jar:1.6.3]
	at org.junit.platform.engine.support.hierarchical.HierarchicalTestExecutor.execute(HierarchicalTestExecutor.java:57) ~[junit-platform-engine-1.6.3.jar:1.6.3]
	at org.junit.platform.engine.support.hierarchical.HierarchicalTestEngine.execute(HierarchicalTestEngine.java:51) ~[junit-platform-engine-1.6.3.jar:1.6.3]
	at org.junit.platform.launcher.core.DefaultLauncher.execute(DefaultLauncher.java:248) ~[junit-platform-launcher-1.6.3.jar:1.6.3]
	at org.junit.platform.launcher.core.DefaultLauncher.lambda$execute$5(DefaultLauncher.java:211) ~[junit-platform-launcher-1.6.3.jar:1.6.3]
	at org.junit.platform.launcher.core.DefaultLauncher.withInterceptedStreams(DefaultLauncher.java:226) [junit-platform-launcher-1.6.3.jar:1.6.3]
	at org.junit.platform.launcher.core.DefaultLauncher.execute(DefaultLauncher.java:199) [junit-platform-launcher-1.6.3.jar:1.6.3]
	at org.junit.platform.launcher.core.DefaultLauncher.execute(DefaultLauncher.java:132) [junit-platform-launcher-1.6.3.jar:1.6.3]
	at org.gradle.api.internal.tasks.testing.junitplatform.JUnitPlatformTestClassProcessor$CollectAllTestClassesExecutor.processAllTestClasses(JUnitPlatformTestClassProcessor.java:102) [gradle-testing-junit-platform-5.6.4.jar:5.6.4]
	at org.gradle.api.internal.tasks.testing.junitplatform.JUnitPlatformTestClassProcessor$CollectAllTestClassesExecutor.access$000(JUnitPlatformTestClassProcessor.java:82) [gradle-testing-junit-platform-5.6.4.jar:5.6.4]
	at org.gradle.api.internal.tasks.testing.junitplatform.JUnitPlatformTestClassProcessor.stop(JUnitPlatformTestClassProcessor.java:78) [gradle-testing-junit-platform-5.6.4.jar:5.6.4]
	at org.gradle.api.internal.tasks.testing.SuiteTestClassProcessor.stop(SuiteTestClassProcessor.java:61) [gradle-testing-base-5.6.4.jar:5.6.4]
	at sun.reflect.NativeMethodAccessorImpl.invoke0(Native Method) ~[?:1.8.0_191]
	at sun.reflect.NativeMethodAccessorImpl.invoke(NativeMethodAccessorImpl.java:62) ~[?:1.8.0_191]
	at sun.reflect.DelegatingMethodAccessorImpl.invoke(DelegatingMethodAccessorImpl.java:43) ~[?:1.8.0_191]
	at java.lang.reflect.Method.invoke(Method.java:498) ~[?:1.8.0_191]
	at org.gradle.internal.dispatch.ReflectionDispatch.dispatch(ReflectionDispatch.java:36) [gradle-messaging-5.6.4.jar:5.6.4]
	at org.gradle.internal.dispatch.ReflectionDispatch.dispatch(ReflectionDispatch.java:24) [gradle-messaging-5.6.4.jar:5.6.4]
	at org.gradle.internal.dispatch.ContextClassLoaderDispatch.dispatch(ContextClassLoaderDispatch.java:33) [gradle-messaging-5.6.4.jar:5.6.4]
	at org.gradle.internal.dispatch.ProxyDispatchAdapter$DispatchingInvocationHandler.invoke(ProxyDispatchAdapter.java:94) [gradle-messaging-5.6.4.jar:5.6.4]
	at com.sun.proxy.$Proxy2.stop(Unknown Source) [?:?]
	at org.gradle.api.internal.tasks.testing.worker.TestWorker.stop(TestWorker.java:132) [gradle-testing-base-5.6.4.jar:5.6.4]
	at sun.reflect.NativeMethodAccessorImpl.invoke0(Native Method) ~[?:1.8.0_191]
	at sun.reflect.NativeMethodAccessorImpl.invoke(NativeMethodAccessorImpl.java:62) ~[?:1.8.0_191]
	at sun.reflect.DelegatingMethodAccessorImpl.invoke(DelegatingMethodAccessorImpl.java:43) ~[?:1.8.0_191]
	at java.lang.reflect.Method.invoke(Method.java:498) ~[?:1.8.0_191]
	at org.gradle.internal.dispatch.ReflectionDispatch.dispatch(ReflectionDispatch.java:36) [gradle-messaging-5.6.4.jar:5.6.4]
	at org.gradle.internal.dispatch.ReflectionDispatch.dispatch(ReflectionDispatch.java:24) [gradle-messaging-5.6.4.jar:5.6.4]
	at org.gradle.internal.remote.internal.hub.MessageHubBackedObjectConnection$DispatchWrapper.dispatch(MessageHubBackedObjectConnection.java:182) [gradle-messaging-5.6.4.jar:5.6.4]
	at org.gradle.internal.remote.internal.hub.MessageHubBackedObjectConnection$DispatchWrapper.dispatch(MessageHubBackedObjectConnection.java:164) [gradle-messaging-5.6.4.jar:5.6.4]
	at org.gradle.internal.remote.internal.hub.MessageHub$Handler.run(MessageHub.java:412) [gradle-messaging-5.6.4.jar:5.6.4]
	at org.gradle.internal.concurrent.ExecutorPolicy$CatchAndRecordFailures.onExecute(ExecutorPolicy.java:64) [gradle-base-services-5.6.4.jar:5.6.4]
	at org.gradle.internal.concurrent.ManagedExecutorImpl$1.run(ManagedExecutorImpl.java:48) [gradle-base-services-5.6.4.jar:5.6.4]
	at java.util.concurrent.ThreadPoolExecutor.runWorker(ThreadPoolExecutor.java:1149) [?:1.8.0_191]
	at java.util.concurrent.ThreadPoolExecutor$Worker.run(ThreadPoolExecutor.java:624) [?:1.8.0_191]
	at org.gradle.internal.concurrent.ThreadFactoryImpl$ManagedThreadRunnable.run(ThreadFactoryImpl.java:56) [gradle-base-services-5.6.4.jar:5.6.4]
	at java.lang.Thread.run(Thread.java:748) [?:1.8.0_191]
Hibernate: call next value for hibernate_sequence
Hibernate: insert into DRIVERS_LICENSE (serial_number, id) values (?, ?)
Hibernate: insert into Person (DRIVERS_LICENSE_ID, first_name, last_name, id) values (?, ?, ?, ?)
Hibernate: select person0_.id as id1_1_0_, person0_.DRIVERS_LICENSE_ID as drivers_4_1_0_, person0_.first_name as first_na2_1_0_, person0_.last_name as last_nam3_1_0_ from Person person0_ where person0_.id=?
Hibernate: select driverslic0_.id as id1_0_0_, driverslic0_.serial_number as serial_n2_0_0_ from DRIVERS_LICENSE driverslic0_ where driverslic0_.id=?
]]></system-out>
  <system-err><![CDATA[]]></system-err>
</testsuite>
