<?xml version="1.0" encoding="UTF-8"?>
<testsuite name="org.springframework.orm.jpa.ContainerManagedEntityManagerIntegrationTests" tests="10" skipped="0" failures="0" errors="0" timestamp="2020-12-12T06:27:08" hostname="DESKTOP-TMNPDT1" time="1.301">
  <properties/>
  <testcase name="testEntityManagerProxyRejectsProgrammaticTxManagement()" classname="org.springframework.orm.jpa.ContainerManagedEntityManagerIntegrationTests" time="1.076"/>
  <testcase name="testContainerEntityManagerProxyAllowsJoinTransactionInTransaction()" classname="org.springframework.orm.jpa.ContainerManagedEntityManagerIntegrationTests" time="0.005"/>
  <testcase name="testExceptionTranslationWithDialectFoundOnIntroducedEntityManagerInfo()" classname="org.springframework.orm.jpa.ContainerManagedEntityManagerIntegrationTests" time="0.009"/>
  <testcase name="testExceptionTranslationWithDialectFoundOnEntityManagerFactoryBean()" classname="org.springframework.orm.jpa.ContainerManagedEntityManagerIntegrationTests" time="0.013"/>
  <testcase name="testCommitOccurs()" classname="org.springframework.orm.jpa.ContainerManagedEntityManagerIntegrationTests" time="0.036"/>
  <testcase name="testContainerEntityManagerProxyRejectsJoinTransactionWithoutTransaction()" classname="org.springframework.orm.jpa.ContainerManagedEntityManagerIntegrationTests" time="0.004"/>
  <testcase name="testEntityManagerProxyIsProxy()" classname="org.springframework.orm.jpa.ContainerManagedEntityManagerIntegrationTests" time="0.007"/>
  <testcase name="testRollbackOccurs()" classname="org.springframework.orm.jpa.ContainerManagedEntityManagerIntegrationTests" time="0.014"/>
  <testcase name="testReuseInNewTransaction()" classname="org.springframework.orm.jpa.ContainerManagedEntityManagerIntegrationTests" time="0.034"/>
  <testcase name="testInstantiateAndSave()" classname="org.springframework.orm.jpa.ContainerManagedEntityManagerIntegrationTests" time="0.014"/>
  <system-out><![CDATA[[EL Info]: 2020-12-12 14:27:09.11--ServerSession(1654708414)--EclipseLink, version: Eclipse Persistence Services - 2.7.7.v20200504-69f2c2b80d
[EL Warning]: metadata: 2020-12-12 14:27:09.111--ServerSession(1654708414)--Reverting the lazy setting on the OneToOne or ManyToOne attribute [driversLicense] for the entity class [class org.springframework.orm.jpa.domain.Person] since weaving was not enabled or did not occur.
[EL Fine]: sql: 2020-12-12 14:27:09.118--ServerSession(1654708414)--Connection(1076384567)--SELECT * FROM SEQUENCE WHERE SEQ_NAME = 'SEQ_GEN'
[EL Fine]: sql: 2020-12-12 14:27:09.404--ClientSession(1618793362)--Connection(2048372053)--SELECT COUNT(0) FROM person
[EL Fine]: sql: 2020-12-12 14:27:09.409--ClientSession(1618793362)--Connection(2048372053)--UPDATE SEQUENCE SET SEQ_COUNT = SEQ_COUNT + ? WHERE SEQ_NAME = ?
	bind => [50, SEQ_GEN]
[EL Fine]: sql: 2020-12-12 14:27:09.412--ClientSession(1618793362)--Connection(2048372053)--SELECT SEQ_COUNT FROM SEQUENCE WHERE SEQ_NAME = ?
	bind => [SEQ_GEN]
[EL Fine]: sql: 2020-12-12 14:27:09.419--ClientSession(1618793362)--Connection(2048372053)--INSERT INTO PERSON (ID, FIRST_NAME, LAST_NAME, DRIVERS_LICENSE_ID) VALUES (?, ?, ?, ?)
	bind => [51, Tony, Blair, null]
[EL Fine]: sql: 2020-12-12 14:27:09.422--ClientSession(1618793362)--Connection(2048372053)--SELECT COUNT(0) FROM person
[EL Fine]: sql: 2020-12-12 14:27:09.427--ServerSession(1654708414)--Connection(1364782889)--SELECT COUNT(0) FROM person
[EL Fine]: sql: 2020-12-12 14:27:09.465--ServerSession(1654708414)--Connection(1505708241)--SELECT ID, FIRST_NAME, LAST_NAME, DRIVERS_LICENSE_ID FROM PERSON
[EL Fine]: sql: 2020-12-12 14:27:09.477--ClientSession(1456361326)--Connection(203906844)--SELECT COUNT(0) FROM person
[EL Fine]: sql: 2020-12-12 14:27:09.478--ClientSession(1456361326)--Connection(203906844)--INSERT INTO PERSON (ID, FIRST_NAME, LAST_NAME, DRIVERS_LICENSE_ID) VALUES (?, ?, ?, ?)
	bind => [52, Tony, Blair, null]
[EL Fine]: sql: 2020-12-12 14:27:09.48--ClientSession(1456361326)--Connection(203906844)--SELECT COUNT(0) FROM person
[EL Fine]: sql: 2020-12-12 14:27:09.482--ServerSession(1654708414)--Connection(42739509)--SELECT COUNT(0) FROM person
[EL Fine]: sql: 2020-12-12 14:27:09.487--ClientSession(1568905287)--Connection(990164822)--SELECT COUNT(0) FROM person
[EL Fine]: sql: 2020-12-12 14:27:09.492--ClientSession(1568905287)--Connection(990164822)--INSERT INTO PERSON (ID, FIRST_NAME, LAST_NAME, DRIVERS_LICENSE_ID) VALUES (?, ?, ?, ?)
	bind => [53, Tony, Blair, null]
[EL Fine]: sql: 2020-12-12 14:27:09.494--ClientSession(1568905287)--Connection(990164822)--SELECT COUNT(0) FROM person
[EL Fine]: sql: 2020-12-12 14:27:09.496--ClientSession(1776983470)--Connection(516277088)--SELECT COUNT(0) FROM person
[EL Fine]: sql: 2020-12-12 14:27:09.498--ClientSession(1776983470)--Connection(516277088)--INSERT INTO PERSON (ID, FIRST_NAME, LAST_NAME, DRIVERS_LICENSE_ID) VALUES (?, ?, ?, ?)
	bind => [54, Tony, Blair, null]
[EL Fine]: sql: 2020-12-12 14:27:09.499--ClientSession(1776983470)--Connection(516277088)--SELECT COUNT(0) FROM person
[EL Fine]: sql: 2020-12-12 14:27:09.503--ServerSession(1654708414)--Connection(366395642)--SELECT COUNT(0) FROM person
[EL Fine]: sql: 2020-12-12 14:27:09.531--ClientSession(1817396716)--Connection(281749530)--SELECT COUNT(0) FROM person
[EL Fine]: sql: 2020-12-12 14:27:09.533--ClientSession(1817396716)--Connection(281749530)--INSERT INTO PERSON (ID, FIRST_NAME, LAST_NAME, DRIVERS_LICENSE_ID) VALUES (?, ?, ?, ?)
	bind => [55, Tony, Blair, null]
[EL Fine]: sql: 2020-12-12 14:27:09.534--ClientSession(1817396716)--Connection(281749530)--SELECT COUNT(0) FROM person
]]></system-out>
  <system-err><![CDATA[]]></system-err>
</testsuite>
