<?xml version="1.0" encoding="UTF-8"?>
<testsuite name="org.springframework.orm.jpa.ApplicationManagedEntityManagerIntegrationTests" tests="8" skipped="0" failures="0" errors="0" timestamp="2020-12-12T06:26:57" hostname="DESKTOP-TMNPDT1" time="10.282">
  <properties/>
  <testcase name="testEntityManagerProxyAcceptsProgrammaticTxJoining()" classname="org.springframework.orm.jpa.ApplicationManagedEntityManagerIntegrationTests" time="8.821"/>
  <testcase name="testStateClean()" classname="org.springframework.orm.jpa.ApplicationManagedEntityManagerIntegrationTests" time="0.099"/>
  <testcase name="testCommitOccurs()" classname="org.springframework.orm.jpa.ApplicationManagedEntityManagerIntegrationTests" time="0.099"/>
  <testcase name="testEntityManagerProxyIsProxy()" classname="org.springframework.orm.jpa.ApplicationManagedEntityManagerIntegrationTests" time="1.097"/>
  <testcase name="testCannotFlushWithoutGettingTransaction()" classname="org.springframework.orm.jpa.ApplicationManagedEntityManagerIntegrationTests" time="0.038"/>
  <testcase name="testRollbackOccurs()" classname="org.springframework.orm.jpa.ApplicationManagedEntityManagerIntegrationTests" time="0.039"/>
  <testcase name="testReuseInNewTransaction()" classname="org.springframework.orm.jpa.ApplicationManagedEntityManagerIntegrationTests" time="0.047"/>
  <testcase name="testInstantiateAndSave()" classname="org.springframework.orm.jpa.ApplicationManagedEntityManagerIntegrationTests" time="0.028"/>
  <system-out><![CDATA[[EL Info]: 2020-12-12 14:27:04.989--ServerSession(802282548)--EclipseLink, version: Eclipse Persistence Services - 2.7.7.v20200504-69f2c2b80d
[EL Warning]: metadata: 2020-12-12 14:27:06.081--ServerSession(802282548)--Reverting the lazy setting on the OneToOne or ManyToOne attribute [driversLicense] for the entity class [class org.springframework.orm.jpa.domain.Person] since weaving was not enabled or did not occur.
[EL Fine]: sql: 2020-12-12 14:27:06.316--ServerSession(802282548)--Connection(1162424255)--CREATE TABLE PERSON (ID INTEGER NOT NULL, FIRST_NAME VARCHAR(255), LAST_NAME VARCHAR(255), DRIVERS_LICENSE_ID INTEGER, PRIMARY KEY (ID))
[EL Fine]: sql: 2020-12-12 14:27:06.319--ServerSession(802282548)--Connection(1000019303)--CREATE TABLE DRIVERS_LICENSE (ID INTEGER NOT NULL, SERIAL_NUMBER VARCHAR(255), PRIMARY KEY (ID))
[EL Fine]: sql: 2020-12-12 14:27:06.322--ServerSession(802282548)--Connection(76798151)--ALTER TABLE PERSON ADD CONSTRAINT FK_PERSON_DRIVERS_LICENSE_ID FOREIGN KEY (DRIVERS_LICENSE_ID) REFERENCES DRIVERS_LICENSE (ID)
[EL Fine]: sql: 2020-12-12 14:27:06.334--ServerSession(802282548)--Connection(1685548305)--CREATE TABLE SEQUENCE (SEQ_NAME VARCHAR(50) NOT NULL, SEQ_COUNT NUMERIC(38), PRIMARY KEY (SEQ_NAME))
[EL Fine]: sql: 2020-12-12 14:27:06.335--ServerSession(802282548)--Connection(2004480878)--SELECT * FROM SEQUENCE WHERE SEQ_NAME = 'SEQ_GEN'
[EL Fine]: sql: 2020-12-12 14:27:06.339--ServerSession(802282548)--Connection(1519612112)--INSERT INTO SEQUENCE(SEQ_NAME, SEQ_COUNT) values ('SEQ_GEN', 0)
[EL Fine]: sql: 2020-12-12 14:27:06.824--ClientSession(402230551)--Connection(1162224609)--UPDATE SEQUENCE SET SEQ_COUNT = SEQ_COUNT + ? WHERE SEQ_NAME = ?
	bind => [50, SEQ_GEN]
[EL Fine]: sql: 2020-12-12 14:27:06.83--ClientSession(402230551)--Connection(1162224609)--SELECT SEQ_COUNT FROM SEQUENCE WHERE SEQ_NAME = ?
	bind => [SEQ_GEN]
[EL Fine]: sql: 2020-12-12 14:27:06.883--ClientSession(402230551)--Connection(1429641055)--INSERT INTO PERSON (ID, FIRST_NAME, LAST_NAME, DRIVERS_LICENSE_ID) VALUES (?, ?, ?, ?)
	bind => [1, Tony, Blair, null]
[EL Fine]: sql: 2020-12-12 14:27:06.894--ClientSession(402230551)--Connection(1429641055)--SELECT COUNT(0) FROM person
[EL Fine]: sql: 2020-12-12 14:27:06.911--ServerSession(802282548)--Connection(1502790955)--SELECT COUNT(0) FROM person
[EL Fine]: sql: 2020-12-12 14:27:07.922--ServerSession(802282548)--Connection(1247076001)--SELECT ID, FIRST_NAME, LAST_NAME, DRIVERS_LICENSE_ID FROM PERSON
[EL Fine]: sql: 2020-12-12 14:27:08.048--ClientSession(1341043990)--Connection(2060853873)--DELETE FROM PERSON
[EL Fine]: sql: 2020-12-12 14:27:08.062--ClientSession(2044440596)--Connection(167874964)--INSERT INTO PERSON (ID, FIRST_NAME, LAST_NAME, DRIVERS_LICENSE_ID) VALUES (?, ?, ?, ?)
	bind => [3, Tony, Blair, null]
[EL Fine]: sql: 2020-12-12 14:27:08.064--ClientSession(2044440596)--Connection(167874964)--SELECT COUNT(0) FROM person
[EL Fine]: sql: 2020-12-12 14:27:08.067--ServerSession(802282548)--Connection(1756411730)--SELECT COUNT(0) FROM person
[EL Fine]: sql: 2020-12-12 14:27:08.104--ClientSession(739920197)--Connection(180893666)--INSERT INTO PERSON (ID, FIRST_NAME, LAST_NAME, DRIVERS_LICENSE_ID) VALUES (?, ?, ?, ?)
	bind => [4, Tony, Blair, null]
[EL Fine]: sql: 2020-12-12 14:27:08.109--ClientSession(739920197)--Connection(180893666)--SELECT COUNT(0) FROM person
[EL Fine]: sql: 2020-12-12 14:27:08.113--ClientSession(894442034)--Connection(1710795044)--INSERT INTO PERSON (ID, FIRST_NAME, LAST_NAME, DRIVERS_LICENSE_ID) VALUES (?, ?, ?, ?)
	bind => [5, Tony, Blair, null]
[EL Fine]: sql: 2020-12-12 14:27:08.126--ClientSession(894442034)--Connection(1710795044)--SELECT COUNT(0) FROM person
[EL Fine]: sql: 2020-12-12 14:27:08.13--ServerSession(802282548)--Connection(1254299545)--SELECT COUNT(0) FROM person
[EL Fine]: sql: 2020-12-12 14:27:08.133--ClientSession(894442034)--Connection(1785895958)--DELETE FROM PERSON
[EL Fine]: sql: 2020-12-12 14:27:08.137--ClientSession(894442034)--Connection(1785895958)--SELECT COUNT(0) FROM person
[EL Fine]: sql: 2020-12-12 14:27:08.169--ClientSession(1661102488)--Connection(1143554009)--INSERT INTO PERSON (ID, FIRST_NAME, LAST_NAME, DRIVERS_LICENSE_ID) VALUES (?, ?, ?, ?)
	bind => [6, Tony, Blair, null]
[EL Fine]: sql: 2020-12-12 14:27:08.171--ClientSession(1661102488)--Connection(1143554009)--SELECT COUNT(0) FROM person
]]></system-out>
  <system-err><![CDATA[]]></system-err>
</testsuite>
