<?xml version="1.0" encoding="UTF-8"?>
<testsuite name="org.springframework.orm.jpa.SharedEntityManagerCreatorTests" tests="13" skipped="0" failures="0" errors="0" timestamp="2020-12-12T06:27:31" hostname="DESKTOP-TMNPDT1" time="0.599">
  <properties/>
  <testcase name="transactionRequiredExceptionOnRemove()" classname="org.springframework.orm.jpa.SharedEntityManagerCreatorTests" time="0.03"/>
  <testcase name="transactionRequiredExceptionOnJoinTransaction()" classname="org.springframework.orm.jpa.SharedEntityManagerCreatorTests" time="0.003"/>
  <testcase name="proxyingWorksIfInfoReturnsNullEntityManagerInterface()" classname="org.springframework.orm.jpa.SharedEntityManagerCreatorTests" time="0.11"/>
  <testcase name="transactionRequiredExceptionOnRefresh()" classname="org.springframework.orm.jpa.SharedEntityManagerCreatorTests" time="0.002"/>
  <testcase name="transactionRequiredExceptionOnFlush()" classname="org.springframework.orm.jpa.SharedEntityManagerCreatorTests" time="0.005"/>
  <testcase name="transactionRequiredExceptionOnMerge()" classname="org.springframework.orm.jpa.SharedEntityManagerCreatorTests" time="0.002"/>
  <testcase name="deferredQueryWithUpdate()" classname="org.springframework.orm.jpa.SharedEntityManagerCreatorTests" time="0.093"/>
  <testcase name="deferredQueryWithResultStream()" classname="org.springframework.orm.jpa.SharedEntityManagerCreatorTests" time="0.032"/>
  <testcase name="deferredStoredProcedureQueryWithNamedParameters()" classname="org.springframework.orm.jpa.SharedEntityManagerCreatorTests" time="0.261"/>
  <testcase name="deferredQueryWithResultList()" classname="org.springframework.orm.jpa.SharedEntityManagerCreatorTests" time="0.003"/>
  <testcase name="deferredStoredProcedureQueryWithIndexedParameters()" classname="org.springframework.orm.jpa.SharedEntityManagerCreatorTests" time="0.002"/>
  <testcase name="deferredQueryWithSingleResult()" classname="org.springframework.orm.jpa.SharedEntityManagerCreatorTests" time="0.001"/>
  <testcase name="transactionRequiredExceptionOnPersist()" classname="org.springframework.orm.jpa.SharedEntityManagerCreatorTests" time="0.001"/>
  <system-out><![CDATA[]]></system-out>
  <system-err><![CDATA[]]></system-err>
</testsuite>
