<?xml version="1.0" encoding="UTF-8"?>
<testsuite name="org.springframework.orm.jpa.DefaultJpaDialectTests" tests="3" skipped="0" failures="0" errors="0" timestamp="2020-12-12T06:27:09" hostname="DESKTOP-TMNPDT1" time="2.91">
  <properties/>
  <testcase name="testDefaultTransactionDefinition()" classname="org.springframework.orm.jpa.DefaultJpaDialectTests" time="0.006"/>
  <testcase name="testDefaultBeginTransaction()" classname="org.springframework.orm.jpa.DefaultJpaDialectTests" time="2.896"/>
  <testcase name="testTranslateException()" classname="org.springframework.orm.jpa.DefaultJpaDialectTests" time="0.002"/>
  <system-out><![CDATA[]]></system-out>
  <system-err><![CDATA[]]></system-err>
</testsuite>
