<?xml version="1.0" encoding="UTF-8"?>
<testsuite name="org.springframework.orm.jpa.JpaTransactionManagerTests" tests="21" skipped="0" failures="0" errors="0" timestamp="2020-12-12T06:27:30" hostname="DESKTOP-TMNPDT1" time="0.376">
  <properties/>
  <testcase name="testTransactionRollbackOnly()" classname="org.springframework.orm.jpa.JpaTransactionManagerTests" time="0.014"/>
  <testcase name="testTransactionCommitWithRollbackException()" classname="org.springframework.orm.jpa.JpaTransactionManagerTests" time="0.014"/>
  <testcase name="testTransactionRollbackWithPropagationSupports()" classname="org.springframework.orm.jpa.JpaTransactionManagerTests" time="0.007"/>
  <testcase name="testInvalidIsolation()" classname="org.springframework.orm.jpa.JpaTransactionManagerTests" time="0.005"/>
  <testcase name="testTransactionCommitWithPreboundAndPropagationSupports()" classname="org.springframework.orm.jpa.JpaTransactionManagerTests" time="0.029"/>
  <testcase name="testTransactionFlush()" classname="org.springframework.orm.jpa.JpaTransactionManagerTests" time="0.006"/>
  <testcase name="testTransactionCommitWithPropagationSupports()" classname="org.springframework.orm.jpa.JpaTransactionManagerTests" time="0.021"/>
  <testcase name="testTransactionCommit()" classname="org.springframework.orm.jpa.JpaTransactionManagerTests" time="0.007"/>
  <testcase name="testTransactionCommitWithPrebound()" classname="org.springframework.orm.jpa.JpaTransactionManagerTests" time="0.005"/>
  <testcase name="testParticipatingTransactionWithRollback()" classname="org.springframework.orm.jpa.JpaTransactionManagerTests" time="0.008"/>
  <testcase name="testParticipatingTransactionWithCommit()" classname="org.springframework.orm.jpa.JpaTransactionManagerTests" time="0.006"/>
  <testcase name="testTransactionRollback()" classname="org.springframework.orm.jpa.JpaTransactionManagerTests" time="0.005"/>
  <testcase name="testTransactionRollbackWithAlreadyRolledBack()" classname="org.springframework.orm.jpa.JpaTransactionManagerTests" time="0.069"/>
  <testcase name="testPropagationSupportsAndRequiresNew()" classname="org.springframework.orm.jpa.JpaTransactionManagerTests" time="0.009"/>
  <testcase name="testParticipatingTransactionWithRequiresNewAndPrebound()" classname="org.springframework.orm.jpa.JpaTransactionManagerTests" time="0.007"/>
  <testcase name="testTransactionRollbackWithPrebound()" classname="org.springframework.orm.jpa.JpaTransactionManagerTests" time="0.004"/>
  <testcase name="testTransactionWithRequiresNewInAfterCompletion()" classname="org.springframework.orm.jpa.JpaTransactionManagerTests" time="0.014"/>
  <testcase name="testParticipatingTransactionWithRollbackOnly()" classname="org.springframework.orm.jpa.JpaTransactionManagerTests" time="0.035"/>
  <testcase name="testPropagationSupportsAndRequiresNewAndEarlyAccess()" classname="org.springframework.orm.jpa.JpaTransactionManagerTests" time="0.011"/>
  <testcase name="testParticipatingTransactionWithRequiresNew()" classname="org.springframework.orm.jpa.JpaTransactionManagerTests" time="0.014"/>
  <testcase name="testTransactionRollbackWithPreboundAndPropagationSupports()" classname="org.springframework.orm.jpa.JpaTransactionManagerTests" time="0.009"/>
  <system-out><![CDATA[]]></system-out>
  <system-err><![CDATA[]]></system-err>
</testsuite>
