<?xml version="1.0" encoding="UTF-8"?>
<testsuite name="org.springframework.web.reactive.result.method.annotation.RequestHeaderMapMethodArgumentResolverTests" tests="4" skipped="0" failures="0" errors="0" timestamp="2020-12-12T04:30:22" hostname="DESKTOP-TMNPDT1" time="0.018">
  <properties/>
  <testcase name="resolveMapArgument()" classname="org.springframework.web.reactive.result.method.annotation.RequestHeaderMapMethodArgumentResolverTests" time="0.002"/>
  <testcase name="resolveHttpHeadersArgument()" classname="org.springframework.web.reactive.result.method.annotation.RequestHeaderMapMethodArgumentResolverTests" time="0.001"/>
  <testcase name="resolveMultiValueMapArgument()" classname="org.springframework.web.reactive.result.method.annotation.RequestHeaderMapMethodArgumentResolverTests" time="0.007"/>
  <testcase name="supportsParameter()" classname="org.springframework.web.reactive.result.method.annotation.RequestHeaderMapMethodArgumentResolverTests" time="0.006"/>
  <system-out><![CDATA[]]></system-out>
  <system-err><![CDATA[]]></system-err>
</testsuite>
