<?xml version="1.0" encoding="UTF-8"?>
<testsuite name="org.springframework.web.reactive.resource.ResourceWebHandlerTests" tests="31" skipped="0" failures="0" errors="0" timestamp="2020-12-12T04:30:14" hostname="DESKTOP-TMNPDT1" time="1.633">
  <properties/>
  <testcase name="getResourceNoCache()" classname="org.springframework.web.reactive.resource.ResourceWebHandlerTests" time="0.294"/>
  <testcase name="getResourceFromAlternatePath()" classname="org.springframework.web.reactive.resource.ResourceWebHandlerTests" time="0.083"/>
  <testcase name="missingResourcePath()" classname="org.springframework.web.reactive.resource.ResourceWebHandlerTests" time="0.002"/>
  <testcase name="partialContentMultipleByteRanges()" classname="org.springframework.web.reactive.resource.ResourceWebHandlerTests" time="0.035"/>
  <testcase name="testInvalidPath()" classname="org.springframework.web.reactive.resource.ResourceWebHandlerTests" time="0.231"/>
  <testcase name="partialContentByteRange()" classname="org.springframework.web.reactive.resource.ResourceWebHandlerTests" time="0.023"/>
  <testcase name="getResourceFromSubDirectoryOfAlternatePath()" classname="org.springframework.web.reactive.resource.ResourceWebHandlerTests" time="0.071"/>
  <testcase name="getResourceHttpOptions()" classname="org.springframework.web.reactive.resource.ResourceWebHandlerTests" time="0.003"/>
  <testcase name="directory()" classname="org.springframework.web.reactive.resource.ResourceWebHandlerTests" time="0.004"/>
  <testcase name="modified()" classname="org.springframework.web.reactive.resource.ResourceWebHandlerTests" time="0.006"/>
  <testcase name="partialContentByteRangeNoEnd()" classname="org.springframework.web.reactive.resource.ResourceWebHandlerTests" time="0.007"/>
  <testcase name="resourceNotFound()" classname="org.springframework.web.reactive.resource.ResourceWebHandlerTests" time="0.35"/>
  <testcase name="unsupportedHttpMethod()" classname="org.springframework.web.reactive.resource.ResourceWebHandlerTests" time="0.006"/>
  <testcase name="notModified()" classname="org.springframework.web.reactive.resource.ResourceWebHandlerTests" time="0.007"/>
  <testcase name="processPath()" classname="org.springframework.web.reactive.resource.ResourceWebHandlerTests" time="0.001"/>
  <testcase name="partialContentSuffixRange()" classname="org.springframework.web.reactive.resource.ResourceWebHandlerTests" time="0.062"/>
  <testcase name="doOverwriteExistingCacheControlHeaders()" classname="org.springframework.web.reactive.resource.ResourceWebHandlerTests" time="0.011"/>
  <testcase name="getResourceWithHtmlMediaType()" classname="org.springframework.web.reactive.resource.ResourceWebHandlerTests" time="0.022"/>
  <testcase name="partialContentInvalidRangeHeader()" classname="org.springframework.web.reactive.resource.ResourceWebHandlerTests" time="0.006"/>
  <testcase name="directoryInJarFile()" classname="org.springframework.web.reactive.resource.ResourceWebHandlerTests" time="0.004"/>
  <testcase name="initAllowedLocationsWithExplicitConfiguration()" classname="org.springframework.web.reactive.resource.ResourceWebHandlerTests" time="0.0"/>
  <testcase name="testResolvePathWithTraversal()" classname="org.springframework.web.reactive.resource.ResourceWebHandlerTests" time="0.27"/>
  <testcase name="getMediaTypeWithFavorPathExtensionOff()" classname="org.springframework.web.reactive.resource.ResourceWebHandlerTests" time="0.009"/>
  <testcase name="partialContentSuffixRangeLargeSuffix()" classname="org.springframework.web.reactive.resource.ResourceWebHandlerTests" time="0.007"/>
  <testcase name="noPathWithinHandlerMappingAttribute()" classname="org.springframework.web.reactive.resource.ResourceWebHandlerTests" time="0.002"/>
  <testcase name="partialContentByteRangeLargeEnd()" classname="org.springframework.web.reactive.resource.ResourceWebHandlerTests" time="0.008"/>
  <testcase name="getResourceFromSubDirectory()" classname="org.springframework.web.reactive.resource.ResourceWebHandlerTests" time="0.052"/>
  <testcase name="getVersionedResource()" classname="org.springframework.web.reactive.resource.ResourceWebHandlerTests" time="0.022"/>
  <testcase name="initAllowedLocations()" classname="org.springframework.web.reactive.resource.ResourceWebHandlerTests" time="0.001"/>
  <testcase name="getResource()" classname="org.springframework.web.reactive.resource.ResourceWebHandlerTests" time="0.006"/>
  <testcase name="getResourceHttpHeader()" classname="org.springframework.web.reactive.resource.ResourceWebHandlerTests" time="0.006"/>
  <system-out><![CDATA[12:30:14.712 [Test worker] DEBUG o.s.c.c.ResourceEncoder - [2f308fdc] Writing [class path resource [org/springframework/web/reactive/resource/test/foo.css]]
12:30:14.997 [Test worker] DEBUG o.s.c.c.ResourceEncoder - [323c4219] Writing [class path resource [org/springframework/web/reactive/resource/testalternatepath/baz.css]]
12:30:15.078 [Test worker] DEBUG o.s.w.r.r.ResourceWebHandler - [7dff8630] Resource not found
12:30:15.087 [Test worker] DEBUG o.s.c.c.ResourceRegionEncoder - [1b673117] Writing region 0-2 of [class path resource [org/springframework/web/reactive/resource/test/foo.txt]]
12:30:15.105 [Thread-82] DEBUG o.s.c.c.ResourceRegionEncoder - [1b673117] Writing region 4-6 of [class path resource [org/springframework/web/reactive/resource/test/foo.txt]]
12:30:15.107 [Thread-81] DEBUG o.s.c.c.ResourceRegionEncoder - [1b673117] Writing region 8-10 of [class path resource [org/springframework/web/reactive/resource/test/foo.txt]]
12:30:15.318 [Test worker] WARN  o.s.w.r.r.ResourceWebHandler - Path contains "../" after call to StringUtils#cleanPath: [../testsecret/secret.txt]
12:30:15.319 [Test worker] DEBUG o.s.w.r.r.ResourceWebHandler - [25119077] Resource not found
12:30:15.321 [Test worker] WARN  o.s.w.r.r.ResourceWebHandler - Path contains "../" after call to StringUtils#cleanPath: [test/../../testsecret/secret.txt]
12:30:15.321 [Test worker] DEBUG o.s.w.r.r.ResourceWebHandler - [617b9248] Resource not found
12:30:15.322 [Test worker] WARN  o.s.w.r.r.ResourceWebHandler - Path contains "../" after call to StringUtils#cleanPath: [:/../../testsecret/secret.txt]
12:30:15.322 [Test worker] DEBUG o.s.w.r.r.ResourceWebHandler - [326fddf6] Resource not found
12:30:15.323 [Test worker] WARN  o.s.w.r.r.ResourceWebHandler - Path represents URL or has "url:" prefix: [file:/D:/IDEA/source_code/spring-framework-V5.1.11.RELEASE/spring-framework/spring-webflux/build/resources/test/org/springframework/web/reactive/resource/testsecret/secret.txt]
12:30:15.323 [Test worker] DEBUG o.s.w.r.r.ResourceWebHandler - [1bd461e4] Resource not found
12:30:15.325 [Test worker] WARN  o.s.w.r.r.ResourceWebHandler - Path represents URL or has "url:" prefix: [/file:/D:/IDEA/source_code/spring-framework-V5.1.11.RELEASE/spring-framework/spring-webflux/build/resources/test/org/springframework/web/reactive/resource/testsecret/secret.txt]
12:30:15.325 [Test worker] DEBUG o.s.w.r.r.ResourceWebHandler - [6acbc5dd] Resource not found
12:30:15.326 [Test worker] WARN  o.s.w.r.r.ResourceWebHandler - Path represents URL or has "url:" prefix: [url:/D:/IDEA/source_code/spring-framework-V5.1.11.RELEASE/spring-framework/spring-webflux/build/resources/test/org/springframework/web/reactive/resource/testsecret/secret.txt]
12:30:15.327 [Test worker] DEBUG o.s.w.r.r.ResourceWebHandler - [579ff31e] Resource not found
12:30:15.329 [Test worker] WARN  o.s.w.r.r.ResourceWebHandler - Path represents URL or has "url:" prefix: [/url:/D:/IDEA/source_code/spring-framework-V5.1.11.RELEASE/spring-framework/spring-webflux/build/resources/test/org/springframework/web/reactive/resource/testsecret/secret.txt]
12:30:15.338 [Test worker] DEBUG o.s.w.r.r.ResourceWebHandler - [1b530476] Resource not found
12:30:15.339 [Test worker] WARN  o.s.w.r.r.ResourceWebHandler - Path contains "../" after call to StringUtils#cleanPath: [/../../D:/IDEA/source_code/spring-framework-V5.1.11.RELEASE/spring-framework/spring-webflux/build/resources/test/org/springframework/web/reactive/resource/testsecret/secret.txt]
12:30:15.339 [Test worker] DEBUG o.s.w.r.r.ResourceWebHandler - [23308db9] Resource not found
12:30:15.340 [Test worker] WARN  o.s.w.r.r.ResourceWebHandler - Path contains "../" after call to StringUtils#cleanPath: [/../testsecret/secret.txt]
12:30:15.341 [Test worker] DEBUG o.s.w.r.r.ResourceWebHandler - [17e1412f] Resource not found
12:30:15.342 [Test worker] WARN  o.s.w.r.r.ResourceWebHandler - Path contains "../" after call to StringUtils#cleanPath: [/../testsecret/secret.txt]
12:30:15.342 [Test worker] DEBUG o.s.w.r.r.ResourceWebHandler - [3fce47ce] Resource not found
12:30:15.346 [Test worker] WARN  o.s.w.r.r.ResourceWebHandler - Path contains "../" after call to StringUtils#cleanPath: [/../../D:/IDEA/source_code/spring-framework-V5.1.11.RELEASE/spring-framework/spring-webflux/build/resources/test/org/springframework/web/reactive/resource/testsecret/secret.txt]
12:30:15.347 [Test worker] DEBUG o.s.w.r.r.ResourceWebHandler - [3cbd84f5] Resource not found
12:30:15.362 [Test worker] DEBUG o.s.c.c.ResourceRegionEncoder - [1b479b9e] Writing region 0-2 of [class path resource [org/springframework/web/reactive/resource/test/foo.txt]]
12:30:15.380 [Test worker] DEBUG o.s.c.c.ResourceEncoder - [6b259e0] Writing [class path resource [org/springframework/web/reactive/resource/testalternatepath/js/baz.js]]
12:30:15.452 [Test worker] DEBUG o.s.w.r.r.ResourceWebHandler - [1b452177] Resource not found
12:30:15.457 [Test worker] DEBUG o.s.c.c.ResourceEncoder - [2810e1dc] Writing [class path resource [org/springframework/web/reactive/resource/test/foo.css]]
12:30:15.463 [Test worker] DEBUG o.s.c.c.ResourceRegionEncoder - [1fde7be7] Writing region 9-10 of [class path resource [org/springframework/web/reactive/resource/test/foo.txt]]
12:30:15.470 [Test worker] DEBUG o.s.w.r.r.ResourceWebHandler - [2da2aff2] Resource not found
12:30:15.473 [Test worker] DEBUG o.s.w.r.r.ResourceWebHandler - [2da2aff2] Resource not found
12:30:15.476 [Test worker] DEBUG o.s.w.r.r.ResourceWebHandler - [2da2aff2] Resource not found
12:30:15.479 [Test worker] DEBUG o.s.w.r.r.ResourceWebHandler - [24076fe0] Resource not found
12:30:15.520 [Test worker] DEBUG o.s.w.r.r.ResourceWebHandler - [24076fe0] Resource not found
12:30:15.598 [Test worker] DEBUG o.s.w.r.r.ResourceWebHandler - [24076fe0] Resource not found
12:30:15.601 [Test worker] DEBUG o.s.w.r.r.ResourceWebHandler - [da1c2f8] Resource not found
12:30:15.603 [Test worker] DEBUG o.s.w.r.r.ResourceWebHandler - [da1c2f8] Resource not found
12:30:15.609 [Test worker] DEBUG o.s.w.r.r.ResourceWebHandler - [da1c2f8] Resource not found
12:30:15.615 [Test worker] DEBUG o.s.w.r.r.ResourceWebHandler - [3302e2a] Resource not found
12:30:15.619 [Test worker] DEBUG o.s.w.r.r.ResourceWebHandler - [3302e2a] Resource not found
12:30:15.631 [Test worker] DEBUG o.s.w.r.r.ResourceWebHandler - [3302e2a] Resource not found
12:30:15.636 [Test worker] DEBUG o.s.w.r.r.ResourceWebHandler - [baf2feb] Resource not found
12:30:15.643 [Test worker] DEBUG o.s.w.r.r.ResourceWebHandler - [baf2feb] Resource not found
12:30:15.648 [Test worker] DEBUG o.s.w.r.r.ResourceWebHandler - [baf2feb] Resource not found
12:30:15.652 [Test worker] DEBUG o.s.w.r.r.ResourceWebHandler - [14482911] Resource not found
12:30:15.768 [Test worker] DEBUG o.s.w.r.r.ResourceWebHandler - [14482911] Resource not found
12:30:15.771 [Test worker] DEBUG o.s.w.r.r.ResourceWebHandler - [14482911] Resource not found
12:30:15.779 [Test worker] DEBUG o.s.w.r.r.ResourceWebHandler - [17fd9f62] Resource not found
12:30:15.784 [Test worker] DEBUG o.s.w.r.r.ResourceWebHandler - [17fd9f62] Resource not found
12:30:15.787 [Test worker] DEBUG o.s.w.r.r.ResourceWebHandler - [17fd9f62] Resource not found
12:30:15.794 [Test worker] DEBUG o.s.w.r.r.ResourceWebHandler - [153ea2c9] Resource not found
12:30:15.797 [Test worker] DEBUG o.s.w.r.r.ResourceWebHandler - [153ea2c9] Resource not found
12:30:15.813 [Test worker] DEBUG o.s.w.r.r.ResourceWebHandler - [153ea2c9] Resource not found
12:30:15.877 [Test worker] DEBUG o.s.c.c.ResourceRegionEncoder - [394fffad] Writing region 9-10 of [class path resource [org/springframework/web/reactive/resource/test/foo.txt]]
12:30:15.904 [Test worker] DEBUG o.s.c.c.ResourceEncoder - [778d1afa] Writing [class path resource [org/springframework/web/reactive/resource/test/foo.css]]
12:30:15.916 [Test worker] DEBUG o.s.c.c.ResourceEncoder - [1f47395e] Writing [class path resource [org/springframework/web/reactive/resource/test/foo.html]]
12:30:15.944 [Test worker] DEBUG o.s.w.r.r.ResourceWebHandler - [6ecc211f] Resource not found
12:30:15.946 [Test worker] WARN  o.s.w.r.r.ResourceWebHandler - Path contains "../" after call to StringUtils#cleanPath: [../testsecret/secret.txt]
12:30:15.947 [Test worker] DEBUG o.s.w.r.r.ResourceWebHandler - [9e75e47] Resource not found
12:30:15.948 [Test worker] WARN  o.s.w.r.r.ResourceWebHandler - Path contains "../" after call to StringUtils#cleanPath: [test/../../testsecret/secret.txt]
12:30:15.948 [Test worker] DEBUG o.s.w.r.r.ResourceWebHandler - [755c02a7] Resource not found
12:30:15.949 [Test worker] WARN  o.s.w.r.r.ResourceWebHandler - Path contains "../" after call to StringUtils#cleanPath: [:/../../testsecret/secret.txt]
12:30:15.949 [Test worker] DEBUG o.s.w.r.r.ResourceWebHandler - [591a8d2] Resource not found
12:30:15.952 [Test worker] WARN  o.s.w.r.r.ResourceWebHandler - Path represents URL or has "url:" prefix: [file:/D:/IDEA/source_code/spring-framework-V5.1.11.RELEASE/spring-framework/spring-webflux/build/resources/test/org/springframework/web/reactive/resource/testsecret/secret.txt]
12:30:15.952 [Test worker] DEBUG o.s.w.r.r.ResourceWebHandler - [36b7db41] Resource not found
12:30:15.953 [Test worker] WARN  o.s.w.r.r.ResourceWebHandler - Path represents URL or has "url:" prefix: [/file:/D:/IDEA/source_code/spring-framework-V5.1.11.RELEASE/spring-framework/spring-webflux/build/resources/test/org/springframework/web/reactive/resource/testsecret/secret.txt]
12:30:15.953 [Test worker] DEBUG o.s.w.r.r.ResourceWebHandler - [74e343bc] Resource not found
12:30:15.954 [Test worker] WARN  o.s.w.r.r.ResourceWebHandler - Path represents URL or has "url:" prefix: [url:/D:/IDEA/source_code/spring-framework-V5.1.11.RELEASE/spring-framework/spring-webflux/build/resources/test/org/springframework/web/reactive/resource/testsecret/secret.txt]
12:30:15.954 [Test worker] DEBUG o.s.w.r.r.ResourceWebHandler - [61bf2ebd] Resource not found
12:30:15.954 [Test worker] WARN  o.s.w.r.r.ResourceWebHandler - Path represents URL or has "url:" prefix: [/url:/D:/IDEA/source_code/spring-framework-V5.1.11.RELEASE/spring-framework/spring-webflux/build/resources/test/org/springframework/web/reactive/resource/testsecret/secret.txt]
12:30:15.955 [Test worker] DEBUG o.s.w.r.r.ResourceWebHandler - [69e0dd60] Resource not found
12:30:15.955 [Test worker] WARN  o.s.w.r.r.ResourceWebHandler - Path contains "../" after call to StringUtils#cleanPath: [/../../D:/IDEA/source_code/spring-framework-V5.1.11.RELEASE/spring-framework/spring-webflux/build/resources/test/org/springframework/web/reactive/resource/testsecret/secret.txt]
12:30:15.955 [Test worker] DEBUG o.s.w.r.r.ResourceWebHandler - [61056ece] Resource not found
12:30:15.956 [Test worker] WARN  o.s.w.r.r.ResourceWebHandler - Path contains "../" after call to StringUtils#cleanPath: [/../testsecret/secret.txt]
12:30:15.956 [Test worker] DEBUG o.s.w.r.r.ResourceWebHandler - [f152ff1] Resource not found
12:30:15.999 [Test worker] WARN  o.s.w.r.r.ResourceWebHandler - Path contains "../" after call to StringUtils#cleanPath: [/../testsecret/secret.txt]
12:30:15.999 [Test worker] DEBUG o.s.w.r.r.ResourceWebHandler - [17c72268] Resource not found
12:30:16.002 [Test worker] WARN  o.s.w.r.r.ResourceWebHandler - Path represents URL or has "url:" prefix: [url:/D:/IDEA/source_code/spring-framework-V5.1.11.RELEASE/spring-framework/spring-webflux/build/resources/test/org/springframework/web/reactive/resource/testsecret/secret.txt]
12:30:16.011 [Test worker] DEBUG o.s.w.r.r.ResourceWebHandler - [78a3f62d] Resource not found
12:30:16.014 [Test worker] WARN  o.s.w.r.r.ResourceWebHandler - Path contains "../" after call to StringUtils#cleanPath: [../testsecret/secret.txt]
12:30:16.014 [Test worker] DEBUG o.s.w.r.r.ResourceWebHandler - [321a94e9] Resource not found
12:30:16.015 [Test worker] WARN  o.s.w.r.r.ResourceWebHandler - Path contains "../" after call to StringUtils#cleanPath: [test/../../testsecret/secret.txt]
12:30:16.016 [Test worker] DEBUG o.s.w.r.r.ResourceWebHandler - [14d64ffc] Resource not found
12:30:16.017 [Test worker] WARN  o.s.w.r.r.ResourceWebHandler - Path contains "../" after call to StringUtils#cleanPath: [:/../../testsecret/secret.txt]
12:30:16.018 [Test worker] DEBUG o.s.w.r.r.ResourceWebHandler - [3a2cfb6c] Resource not found
12:30:16.019 [Test worker] WARN  o.s.w.r.r.ResourceWebHandler - Path represents URL or has "url:" prefix: [file:/D:/IDEA/source_code/spring-framework-V5.1.11.RELEASE/spring-framework/spring-webflux/build/resources/test/org/springframework/web/reactive/resource/testsecret/secret.txt]
12:30:16.020 [Test worker] DEBUG o.s.w.r.r.ResourceWebHandler - [5d59709a] Resource not found
12:30:16.026 [Test worker] WARN  o.s.w.r.r.ResourceWebHandler - Path represents URL or has "url:" prefix: [/file:/D:/IDEA/source_code/spring-framework-V5.1.11.RELEASE/spring-framework/spring-webflux/build/resources/test/org/springframework/web/reactive/resource/testsecret/secret.txt]
12:30:16.026 [Test worker] DEBUG o.s.w.r.r.ResourceWebHandler - [3b821a04] Resource not found
12:30:16.027 [Test worker] WARN  o.s.w.r.r.ResourceWebHandler - Path represents URL or has "url:" prefix: [url:/D:/IDEA/source_code/spring-framework-V5.1.11.RELEASE/spring-framework/spring-webflux/build/resources/test/org/springframework/web/reactive/resource/testsecret/secret.txt]
12:30:16.027 [Test worker] DEBUG o.s.w.r.r.ResourceWebHandler - [1d8d1b27] Resource not found
12:30:16.027 [Test worker] WARN  o.s.w.r.r.ResourceWebHandler - Path represents URL or has "url:" prefix: [/url:/D:/IDEA/source_code/spring-framework-V5.1.11.RELEASE/spring-framework/spring-webflux/build/resources/test/org/springframework/web/reactive/resource/testsecret/secret.txt]
12:30:16.028 [Test worker] DEBUG o.s.w.r.r.ResourceWebHandler - [40276461] Resource not found
12:30:16.028 [Test worker] WARN  o.s.w.r.r.ResourceWebHandler - Path contains "../" after call to StringUtils#cleanPath: [/../../D:/IDEA/source_code/spring-framework-V5.1.11.RELEASE/spring-framework/spring-webflux/build/resources/test/org/springframework/web/reactive/resource/testsecret/secret.txt]
12:30:16.028 [Test worker] DEBUG o.s.w.r.r.ResourceWebHandler - [566c015f] Resource not found
12:30:16.029 [Test worker] WARN  o.s.w.r.r.ResourceWebHandler - Path contains "../" after call to StringUtils#cleanPath: [/../testsecret/secret.txt]
12:30:16.029 [Test worker] DEBUG o.s.w.r.r.ResourceWebHandler - [7d1563ac] Resource not found
12:30:16.029 [Test worker] WARN  o.s.w.r.r.ResourceWebHandler - Path contains "../" after call to StringUtils#cleanPath: [/../testsecret/secret.txt]
12:30:16.030 [Test worker] DEBUG o.s.w.r.r.ResourceWebHandler - [8b41b0a] Resource not found
12:30:16.032 [Test worker] WARN  o.s.w.r.r.ResourceWebHandler - Path represents URL or has "url:" prefix: [url:/D:/IDEA/source_code/spring-framework-V5.1.11.RELEASE/spring-framework/spring-webflux/build/resources/test/org/springframework/web/reactive/resource/testsecret/secret.txt]
12:30:16.032 [Test worker] DEBUG o.s.w.r.r.ResourceWebHandler - [734b6211] Resource not found
12:30:16.033 [Test worker] WARN  o.s.w.r.r.ResourceWebHandler - Path contains "../" after call to StringUtils#cleanPath: [../testsecret/secret.txt]
12:30:16.033 [Test worker] DEBUG o.s.w.r.r.ResourceWebHandler - [451bf3de] Resource not found
12:30:16.034 [Test worker] WARN  o.s.w.r.r.ResourceWebHandler - Path contains "../" after call to StringUtils#cleanPath: [test/../../testsecret/secret.txt]
12:30:16.034 [Test worker] DEBUG o.s.w.r.r.ResourceWebHandler - [13c5f0d2] Resource not found
12:30:16.034 [Test worker] WARN  o.s.w.r.r.ResourceWebHandler - Path contains "../" after call to StringUtils#cleanPath: [:/../../testsecret/secret.txt]
12:30:16.035 [Test worker] DEBUG o.s.w.r.r.ResourceWebHandler - [3b81c5eb] Resource not found
12:30:16.035 [Test worker] WARN  o.s.w.r.r.ResourceWebHandler - Path represents URL or has "url:" prefix: [file:/D:/IDEA/source_code/spring-framework-V5.1.11.RELEASE/spring-framework/spring-webflux/build/resources/test/org/springframework/web/reactive/resource/testsecret/secret.txt]
12:30:16.036 [Test worker] DEBUG o.s.w.r.r.ResourceWebHandler - [13f26360] Resource not found
12:30:16.037 [Test worker] WARN  o.s.w.r.r.ResourceWebHandler - Path represents URL or has "url:" prefix: [/file:/D:/IDEA/source_code/spring-framework-V5.1.11.RELEASE/spring-framework/spring-webflux/build/resources/test/org/springframework/web/reactive/resource/testsecret/secret.txt]
12:30:16.037 [Test worker] DEBUG o.s.w.r.r.ResourceWebHandler - [9edf7c3] Resource not found
12:30:16.037 [Test worker] WARN  o.s.w.r.r.ResourceWebHandler - Path represents URL or has "url:" prefix: [url:/D:/IDEA/source_code/spring-framework-V5.1.11.RELEASE/spring-framework/spring-webflux/build/resources/test/org/springframework/web/reactive/resource/testsecret/secret.txt]
12:30:16.038 [Test worker] DEBUG o.s.w.r.r.ResourceWebHandler - [3512d54c] Resource not found
12:30:16.038 [Test worker] WARN  o.s.w.r.r.ResourceWebHandler - Path represents URL or has "url:" prefix: [/url:/D:/IDEA/source_code/spring-framework-V5.1.11.RELEASE/spring-framework/spring-webflux/build/resources/test/org/springframework/web/reactive/resource/testsecret/secret.txt]
12:30:16.039 [Test worker] DEBUG o.s.w.r.r.ResourceWebHandler - [9f098] Resource not found
12:30:16.040 [Test worker] WARN  o.s.w.r.r.ResourceWebHandler - Path contains "../" after call to StringUtils#cleanPath: [/../../D:/IDEA/source_code/spring-framework-V5.1.11.RELEASE/spring-framework/spring-webflux/build/resources/test/org/springframework/web/reactive/resource/testsecret/secret.txt]
12:30:16.040 [Test worker] DEBUG o.s.w.r.r.ResourceWebHandler - [e07a9a] Resource not found
12:30:16.040 [Test worker] WARN  o.s.w.r.r.ResourceWebHandler - Path contains "../" after call to StringUtils#cleanPath: [/../testsecret/secret.txt]
12:30:16.041 [Test worker] DEBUG o.s.w.r.r.ResourceWebHandler - [66d5c6aa] Resource not found
12:30:16.041 [Test worker] WARN  o.s.w.r.r.ResourceWebHandler - Path contains "../" after call to StringUtils#cleanPath: [/../testsecret/secret.txt]
12:30:16.041 [Test worker] DEBUG o.s.w.r.r.ResourceWebHandler - [454ec789] Resource not found
12:30:16.042 [Test worker] WARN  o.s.w.r.r.ResourceWebHandler - Path represents URL or has "url:" prefix: [url:/D:/IDEA/source_code/spring-framework-V5.1.11.RELEASE/spring-framework/spring-webflux/build/resources/test/org/springframework/web/reactive/resource/testsecret/secret.txt]
12:30:16.042 [Test worker] DEBUG o.s.w.r.r.ResourceWebHandler - [a8c7288] Resource not found
12:30:16.043 [Test worker] WARN  o.s.w.r.r.ResourceWebHandler - Path contains "../" after call to StringUtils#cleanPath: [../testsecret/secret.txt]
12:30:16.044 [Test worker] DEBUG o.s.w.r.r.ResourceWebHandler - [9bbede9] Resource not found
12:30:16.044 [Test worker] WARN  o.s.w.r.r.ResourceWebHandler - Path contains "../" after call to StringUtils#cleanPath: [test/../../testsecret/secret.txt]
12:30:16.044 [Test worker] DEBUG o.s.w.r.r.ResourceWebHandler - [41939ae2] Resource not found
12:30:16.045 [Test worker] WARN  o.s.w.r.r.ResourceWebHandler - Path contains "../" after call to StringUtils#cleanPath: [:/../../testsecret/secret.txt]
12:30:16.046 [Test worker] DEBUG o.s.w.r.r.ResourceWebHandler - [72d27fd6] Resource not found
12:30:16.047 [Test worker] WARN  o.s.w.r.r.ResourceWebHandler - Path represents URL or has "url:" prefix: [file:/D:/IDEA/source_code/spring-framework-V5.1.11.RELEASE/spring-framework/spring-webflux/build/resources/test/org/springframework/web/reactive/resource/testsecret/secret.txt]
12:30:16.047 [Test worker] DEBUG o.s.w.r.r.ResourceWebHandler - [1ba34b36] Resource not found
12:30:16.048 [Test worker] WARN  o.s.w.r.r.ResourceWebHandler - Path represents URL or has "url:" prefix: [/file:/D:/IDEA/source_code/spring-framework-V5.1.11.RELEASE/spring-framework/spring-webflux/build/resources/test/org/springframework/web/reactive/resource/testsecret/secret.txt]
12:30:16.048 [Test worker] DEBUG o.s.w.r.r.ResourceWebHandler - [4da1290e] Resource not found
12:30:16.049 [Test worker] WARN  o.s.w.r.r.ResourceWebHandler - Path represents URL or has "url:" prefix: [url:/D:/IDEA/source_code/spring-framework-V5.1.11.RELEASE/spring-framework/spring-webflux/build/resources/test/org/springframework/web/reactive/resource/testsecret/secret.txt]
12:30:16.049 [Test worker] DEBUG o.s.w.r.r.ResourceWebHandler - [10b8eed2] Resource not found
12:30:16.049 [Test worker] WARN  o.s.w.r.r.ResourceWebHandler - Path represents URL or has "url:" prefix: [/url:/D:/IDEA/source_code/spring-framework-V5.1.11.RELEASE/spring-framework/spring-webflux/build/resources/test/org/springframework/web/reactive/resource/testsecret/secret.txt]
12:30:16.050 [Test worker] DEBUG o.s.w.r.r.ResourceWebHandler - [71f50fdc] Resource not found
12:30:16.050 [Test worker] WARN  o.s.w.r.r.ResourceWebHandler - Path contains "../" after call to StringUtils#cleanPath: [/../../D:/IDEA/source_code/spring-framework-V5.1.11.RELEASE/spring-framework/spring-webflux/build/resources/test/org/springframework/web/reactive/resource/testsecret/secret.txt]
12:30:16.050 [Test worker] DEBUG o.s.w.r.r.ResourceWebHandler - [708e002f] Resource not found
12:30:16.051 [Test worker] WARN  o.s.w.r.r.ResourceWebHandler - Path contains "../" after call to StringUtils#cleanPath: [/../testsecret/secret.txt]
12:30:16.052 [Test worker] DEBUG o.s.w.r.r.ResourceWebHandler - [3423ae69] Resource not found
12:30:16.054 [Test worker] WARN  o.s.w.r.r.ResourceWebHandler - Path contains "../" after call to StringUtils#cleanPath: [/../testsecret/secret.txt]
12:30:16.054 [Test worker] DEBUG o.s.w.r.r.ResourceWebHandler - [633a0841] Resource not found
12:30:16.055 [Test worker] WARN  o.s.w.r.r.ResourceWebHandler - Path represents URL or has "url:" prefix: [url:/D:/IDEA/source_code/spring-framework-V5.1.11.RELEASE/spring-framework/spring-webflux/build/resources/test/org/springframework/web/reactive/resource/testsecret/secret.txt]
12:30:16.055 [Test worker] DEBUG o.s.w.r.r.ResourceWebHandler - [3a686015] Resource not found
12:30:16.055 [Test worker] WARN  o.s.w.r.r.ResourceWebHandler - Path contains "../" after call to StringUtils#cleanPath: [../testsecret/secret.txt]
12:30:16.092 [Test worker] DEBUG o.s.w.r.r.ResourceWebHandler - [3a67800f] Resource not found
12:30:16.093 [Test worker] WARN  o.s.w.r.r.ResourceWebHandler - Path contains "../" after call to StringUtils#cleanPath: [test/../../testsecret/secret.txt]
12:30:16.093 [Test worker] DEBUG o.s.w.r.r.ResourceWebHandler - [139e31cc] Resource not found
12:30:16.094 [Test worker] WARN  o.s.w.r.r.ResourceWebHandler - Path contains "../" after call to StringUtils#cleanPath: [:/../../testsecret/secret.txt]
12:30:16.094 [Test worker] DEBUG o.s.w.r.r.ResourceWebHandler - [20555bfe] Resource not found
12:30:16.095 [Test worker] WARN  o.s.w.r.r.ResourceWebHandler - Path represents URL or has "url:" prefix: [file:/D:/IDEA/source_code/spring-framework-V5.1.11.RELEASE/spring-framework/spring-webflux/build/resources/test/org/springframework/web/reactive/resource/testsecret/secret.txt]
12:30:16.095 [Test worker] DEBUG o.s.w.r.r.ResourceWebHandler - [59c4ff29] Resource not found
12:30:16.096 [Test worker] WARN  o.s.w.r.r.ResourceWebHandler - Path represents URL or has "url:" prefix: [/file:/D:/IDEA/source_code/spring-framework-V5.1.11.RELEASE/spring-framework/spring-webflux/build/resources/test/org/springframework/web/reactive/resource/testsecret/secret.txt]
12:30:16.097 [Test worker] DEBUG o.s.w.r.r.ResourceWebHandler - [5fa57be6] Resource not found
12:30:16.097 [Test worker] WARN  o.s.w.r.r.ResourceWebHandler - Path represents URL or has "url:" prefix: [url:/D:/IDEA/source_code/spring-framework-V5.1.11.RELEASE/spring-framework/spring-webflux/build/resources/test/org/springframework/web/reactive/resource/testsecret/secret.txt]
12:30:16.097 [Test worker] DEBUG o.s.w.r.r.ResourceWebHandler - [3dd7218f] Resource not found
12:30:16.098 [Test worker] WARN  o.s.w.r.r.ResourceWebHandler - Path represents URL or has "url:" prefix: [/url:/D:/IDEA/source_code/spring-framework-V5.1.11.RELEASE/spring-framework/spring-webflux/build/resources/test/org/springframework/web/reactive/resource/testsecret/secret.txt]
12:30:16.098 [Test worker] DEBUG o.s.w.r.r.ResourceWebHandler - [37d71760] Resource not found
12:30:16.098 [Test worker] WARN  o.s.w.r.r.ResourceWebHandler - Path contains "../" after call to StringUtils#cleanPath: [/../../D:/IDEA/source_code/spring-framework-V5.1.11.RELEASE/spring-framework/spring-webflux/build/resources/test/org/springframework/web/reactive/resource/testsecret/secret.txt]
12:30:16.099 [Test worker] DEBUG o.s.w.r.r.ResourceWebHandler - [49149b04] Resource not found
12:30:16.099 [Test worker] WARN  o.s.w.r.r.ResourceWebHandler - Path contains "../" after call to StringUtils#cleanPath: [/../testsecret/secret.txt]
12:30:16.099 [Test worker] DEBUG o.s.w.r.r.ResourceWebHandler - [3d9ab38b] Resource not found
12:30:16.100 [Test worker] WARN  o.s.w.r.r.ResourceWebHandler - Path contains "../" after call to StringUtils#cleanPath: [/../testsecret/secret.txt]
12:30:16.100 [Test worker] DEBUG o.s.w.r.r.ResourceWebHandler - [394536ee] Resource not found
12:30:16.100 [Test worker] WARN  o.s.w.r.r.ResourceWebHandler - Path represents URL or has "url:" prefix: [url:/D:/IDEA/source_code/spring-framework-V5.1.11.RELEASE/spring-framework/spring-webflux/build/resources/test/org/springframework/web/reactive/resource/testsecret/secret.txt]
12:30:16.100 [Test worker] DEBUG o.s.w.r.r.ResourceWebHandler - [36a64ab1] Resource not found
12:30:16.101 [Test worker] WARN  o.s.w.r.r.ResourceWebHandler - Path contains "../" after call to StringUtils#cleanPath: [../testsecret/secret.txt]
12:30:16.101 [Test worker] DEBUG o.s.w.r.r.ResourceWebHandler - [5b072bda] Resource not found
12:30:16.101 [Test worker] WARN  o.s.w.r.r.ResourceWebHandler - Path contains "../" after call to StringUtils#cleanPath: [test/../../testsecret/secret.txt]
12:30:16.103 [Test worker] DEBUG o.s.w.r.r.ResourceWebHandler - [33e9ddda] Resource not found
12:30:16.104 [Test worker] WARN  o.s.w.r.r.ResourceWebHandler - Path contains "../" after call to StringUtils#cleanPath: [:/../../testsecret/secret.txt]
12:30:16.104 [Test worker] DEBUG o.s.w.r.r.ResourceWebHandler - [230b6f0f] Resource not found
12:30:16.105 [Test worker] WARN  o.s.w.r.r.ResourceWebHandler - Path represents URL or has "url:" prefix: [file:/D:/IDEA/source_code/spring-framework-V5.1.11.RELEASE/spring-framework/spring-webflux/build/resources/test/org/springframework/web/reactive/resource/testsecret/secret.txt]
12:30:16.105 [Test worker] DEBUG o.s.w.r.r.ResourceWebHandler - [277c5a1d] Resource not found
12:30:16.106 [Test worker] WARN  o.s.w.r.r.ResourceWebHandler - Path represents URL or has "url:" prefix: [/file:/D:/IDEA/source_code/spring-framework-V5.1.11.RELEASE/spring-framework/spring-webflux/build/resources/test/org/springframework/web/reactive/resource/testsecret/secret.txt]
12:30:16.106 [Test worker] DEBUG o.s.w.r.r.ResourceWebHandler - [45c7ecd3] Resource not found
12:30:16.106 [Test worker] WARN  o.s.w.r.r.ResourceWebHandler - Path represents URL or has "url:" prefix: [url:/D:/IDEA/source_code/spring-framework-V5.1.11.RELEASE/spring-framework/spring-webflux/build/resources/test/org/springframework/web/reactive/resource/testsecret/secret.txt]
12:30:16.107 [Test worker] DEBUG o.s.w.r.r.ResourceWebHandler - [38bdeebc] Resource not found
12:30:16.107 [Test worker] WARN  o.s.w.r.r.ResourceWebHandler - Path represents URL or has "url:" prefix: [/url:/D:/IDEA/source_code/spring-framework-V5.1.11.RELEASE/spring-framework/spring-webflux/build/resources/test/org/springframework/web/reactive/resource/testsecret/secret.txt]
12:30:16.107 [Test worker] DEBUG o.s.w.r.r.ResourceWebHandler - [40b68db3] Resource not found
12:30:16.109 [Test worker] WARN  o.s.w.r.r.ResourceWebHandler - Path contains "../" after call to StringUtils#cleanPath: [/../../D:/IDEA/source_code/spring-framework-V5.1.11.RELEASE/spring-framework/spring-webflux/build/resources/test/org/springframework/web/reactive/resource/testsecret/secret.txt]
12:30:16.109 [Test worker] DEBUG o.s.w.r.r.ResourceWebHandler - [55f9b0a] Resource not found
12:30:16.110 [Test worker] WARN  o.s.w.r.r.ResourceWebHandler - Path contains "../" after call to StringUtils#cleanPath: [/../testsecret/secret.txt]
12:30:16.111 [Test worker] DEBUG o.s.w.r.r.ResourceWebHandler - [7f844e06] Resource not found
12:30:16.112 [Test worker] WARN  o.s.w.r.r.ResourceWebHandler - Path contains "../" after call to StringUtils#cleanPath: [/../testsecret/secret.txt]
12:30:16.112 [Test worker] DEBUG o.s.w.r.r.ResourceWebHandler - [289b8744] Resource not found
12:30:16.115 [Test worker] WARN  o.s.w.r.r.ResourceWebHandler - Path represents URL or has "url:" prefix: [url:/D:/IDEA/source_code/spring-framework-V5.1.11.RELEASE/spring-framework/spring-webflux/build/resources/test/org/springframework/web/reactive/resource/testsecret/secret.txt]
12:30:16.115 [Test worker] DEBUG o.s.w.r.r.ResourceWebHandler - [5cb45cf1] Resource not found
12:30:16.116 [Test worker] WARN  o.s.w.r.r.ResourceWebHandler - Path contains "../" after call to StringUtils#cleanPath: [../testsecret/secret.txt]
12:30:16.116 [Test worker] DEBUG o.s.w.r.r.ResourceWebHandler - [25ca1ba6] Resource not found
12:30:16.117 [Test worker] WARN  o.s.w.r.r.ResourceWebHandler - Path contains "../" after call to StringUtils#cleanPath: [test/../../testsecret/secret.txt]
12:30:16.117 [Test worker] DEBUG o.s.w.r.r.ResourceWebHandler - [78638567] Resource not found
12:30:16.118 [Test worker] WARN  o.s.w.r.r.ResourceWebHandler - Path contains "../" after call to StringUtils#cleanPath: [:/../../testsecret/secret.txt]
12:30:16.118 [Test worker] DEBUG o.s.w.r.r.ResourceWebHandler - [cb69c88] Resource not found
12:30:16.119 [Test worker] WARN  o.s.w.r.r.ResourceWebHandler - Path represents URL or has "url:" prefix: [file:/D:/IDEA/source_code/spring-framework-V5.1.11.RELEASE/spring-framework/spring-webflux/build/resources/test/org/springframework/web/reactive/resource/testsecret/secret.txt]
12:30:16.119 [Test worker] DEBUG o.s.w.r.r.ResourceWebHandler - [721b0a3b] Resource not found
12:30:16.119 [Test worker] WARN  o.s.w.r.r.ResourceWebHandler - Path represents URL or has "url:" prefix: [/file:/D:/IDEA/source_code/spring-framework-V5.1.11.RELEASE/spring-framework/spring-webflux/build/resources/test/org/springframework/web/reactive/resource/testsecret/secret.txt]
12:30:16.120 [Test worker] DEBUG o.s.w.r.r.ResourceWebHandler - [7f938f5] Resource not found
12:30:16.120 [Test worker] WARN  o.s.w.r.r.ResourceWebHandler - Path represents URL or has "url:" prefix: [url:/D:/IDEA/source_code/spring-framework-V5.1.11.RELEASE/spring-framework/spring-webflux/build/resources/test/org/springframework/web/reactive/resource/testsecret/secret.txt]
12:30:16.120 [Test worker] DEBUG o.s.w.r.r.ResourceWebHandler - [6355ddd0] Resource not found
12:30:16.120 [Test worker] WARN  o.s.w.r.r.ResourceWebHandler - Path represents URL or has "url:" prefix: [/url:/D:/IDEA/source_code/spring-framework-V5.1.11.RELEASE/spring-framework/spring-webflux/build/resources/test/org/springframework/web/reactive/resource/testsecret/secret.txt]
12:30:16.121 [Test worker] DEBUG o.s.w.r.r.ResourceWebHandler - [5b3f5fee] Resource not found
12:30:16.122 [Test worker] WARN  o.s.w.r.r.ResourceWebHandler - Path contains "../" after call to StringUtils#cleanPath: [/../../D:/IDEA/source_code/spring-framework-V5.1.11.RELEASE/spring-framework/spring-webflux/build/resources/test/org/springframework/web/reactive/resource/testsecret/secret.txt]
12:30:16.122 [Test worker] DEBUG o.s.w.r.r.ResourceWebHandler - [71dfcc60] Resource not found
12:30:16.123 [Test worker] WARN  o.s.w.r.r.ResourceWebHandler - Path contains "../" after call to StringUtils#cleanPath: [/../testsecret/secret.txt]
12:30:16.125 [Test worker] DEBUG o.s.w.r.r.ResourceWebHandler - [3faf7c3e] Resource not found
12:30:16.126 [Test worker] WARN  o.s.w.r.r.ResourceWebHandler - Path contains "../" after call to StringUtils#cleanPath: [/../testsecret/secret.txt]
12:30:16.126 [Test worker] DEBUG o.s.w.r.r.ResourceWebHandler - [72d98d46] Resource not found
12:30:16.129 [Test worker] WARN  o.s.w.r.r.ResourceWebHandler - Path represents URL or has "url:" prefix: [url:/D:/IDEA/source_code/spring-framework-V5.1.11.RELEASE/spring-framework/spring-webflux/build/resources/test/org/springframework/web/reactive/resource/testsecret/secret.txt]
12:30:16.129 [Test worker] DEBUG o.s.w.r.r.ResourceWebHandler - [53b86cdc] Resource not found
12:30:16.139 [Test worker] WARN  o.s.w.r.r.ResourceWebHandler - Path contains "../" after call to StringUtils#cleanPath: [../testsecret/secret.txt]
12:30:16.139 [Test worker] DEBUG o.s.w.r.r.ResourceWebHandler - [5c0b0607] Resource not found
12:30:16.140 [Test worker] WARN  o.s.w.r.r.ResourceWebHandler - Path contains "../" after call to StringUtils#cleanPath: [test/../../testsecret/secret.txt]
12:30:16.140 [Test worker] DEBUG o.s.w.r.r.ResourceWebHandler - [1881df34] Resource not found
12:30:16.143 [Test worker] WARN  o.s.w.r.r.ResourceWebHandler - Path contains "../" after call to StringUtils#cleanPath: [:/../../testsecret/secret.txt]
12:30:16.144 [Test worker] DEBUG o.s.w.r.r.ResourceWebHandler - [268cd2df] Resource not found
12:30:16.145 [Test worker] WARN  o.s.w.r.r.ResourceWebHandler - Path represents URL or has "url:" prefix: [file:/D:/IDEA/source_code/spring-framework-V5.1.11.RELEASE/spring-framework/spring-webflux/build/resources/test/org/springframework/web/reactive/resource/testsecret/secret.txt]
12:30:16.145 [Test worker] DEBUG o.s.w.r.r.ResourceWebHandler - [3642945e] Resource not found
12:30:16.200 [Test worker] WARN  o.s.w.r.r.ResourceWebHandler - Path represents URL or has "url:" prefix: [/file:/D:/IDEA/source_code/spring-framework-V5.1.11.RELEASE/spring-framework/spring-webflux/build/resources/test/org/springframework/web/reactive/resource/testsecret/secret.txt]
12:30:16.200 [Test worker] DEBUG o.s.w.r.r.ResourceWebHandler - [32fd87af] Resource not found
12:30:16.201 [Test worker] WARN  o.s.w.r.r.ResourceWebHandler - Path represents URL or has "url:" prefix: [url:/D:/IDEA/source_code/spring-framework-V5.1.11.RELEASE/spring-framework/spring-webflux/build/resources/test/org/springframework/web/reactive/resource/testsecret/secret.txt]
12:30:16.201 [Test worker] DEBUG o.s.w.r.r.ResourceWebHandler - [249386bb] Resource not found
12:30:16.201 [Test worker] WARN  o.s.w.r.r.ResourceWebHandler - Path represents URL or has "url:" prefix: [/url:/D:/IDEA/source_code/spring-framework-V5.1.11.RELEASE/spring-framework/spring-webflux/build/resources/test/org/springframework/web/reactive/resource/testsecret/secret.txt]
12:30:16.201 [Test worker] DEBUG o.s.w.r.r.ResourceWebHandler - [6449b2dc] Resource not found
12:30:16.202 [Test worker] WARN  o.s.w.r.r.ResourceWebHandler - Path contains "../" after call to StringUtils#cleanPath: [/../../D:/IDEA/source_code/spring-framework-V5.1.11.RELEASE/spring-framework/spring-webflux/build/resources/test/org/springframework/web/reactive/resource/testsecret/secret.txt]
12:30:16.202 [Test worker] DEBUG o.s.w.r.r.ResourceWebHandler - [460b2a6f] Resource not found
12:30:16.209 [Test worker] WARN  o.s.w.r.r.ResourceWebHandler - Path contains "../" after call to StringUtils#cleanPath: [/../testsecret/secret.txt]
12:30:16.210 [Test worker] DEBUG o.s.w.r.r.ResourceWebHandler - [18151dfe] Resource not found
12:30:16.211 [Test worker] WARN  o.s.w.r.r.ResourceWebHandler - Path contains "../" after call to StringUtils#cleanPath: [/../testsecret/secret.txt]
12:30:16.213 [Test worker] DEBUG o.s.w.r.r.ResourceWebHandler - [200bf619] Resource not found
12:30:16.215 [Test worker] WARN  o.s.w.r.r.ResourceWebHandler - Path represents URL or has "url:" prefix: [url:/D:/IDEA/source_code/spring-framework-V5.1.11.RELEASE/spring-framework/spring-webflux/build/resources/test/org/springframework/web/reactive/resource/testsecret/secret.txt]
12:30:16.215 [Test worker] DEBUG o.s.w.r.r.ResourceWebHandler - [97d7f96] Resource not found
12:30:16.222 [Test worker] DEBUG o.s.c.c.ResourceEncoder - [163a6484] Writing [class path resource [org/springframework/web/reactive/resource/test/foo.html]]
12:30:16.229 [Test worker] DEBUG o.s.c.c.ResourceRegionEncoder - [26f06150] Writing region 0-10 of [class path resource [org/springframework/web/reactive/resource/test/foo.txt]]
12:30:16.239 [Test worker] DEBUG o.s.c.c.ResourceRegionEncoder - [7e8ce86c] Writing region 9-10 of [class path resource [org/springframework/web/reactive/resource/test/foo.txt]]
12:30:16.249 [Test worker] DEBUG o.s.c.c.ResourceEncoder - [5b53ec0c] Writing [class path resource [org/springframework/web/reactive/resource/test/js/foo.js]]
12:30:16.314 [Test worker] DEBUG o.s.c.c.ResourceEncoder - [259cfe77] Writing [class path resource [org/springframework/web/reactive/resource/test/foo.css]]
12:30:16.321 [Test worker] DEBUG o.s.c.c.ResourceEncoder - [72ded604] Writing [class path resource [org/springframework/web/reactive/resource/test/foo.css]]
12:30:16.327 [Test worker] DEBUG o.s.c.c.ResourceEncoder - [46e35736] Writing [class path resource [org/springframework/web/reactive/resource/test/foo.css]]
]]></system-out>
  <system-err><![CDATA[]]></system-err>
</testsuite>
