<?xml version="1.0" encoding="UTF-8"?>
<testsuite name="org.springframework.web.reactive.result.method.annotation.RequestAttributeMethodArgumentResolverTests" tests="6" skipped="0" failures="0" errors="0" timestamp="2020-12-12T04:32:12" hostname="DESKTOP-TMNPDT1" time="0.105">
  <properties/>
  <testcase name="resolveOptional()" classname="org.springframework.web.reactive.result.method.annotation.RequestAttributeMethodArgumentResolverTests" time="0.021"/>
  <testcase name="resolveMonoParameter()" classname="org.springframework.web.reactive.result.method.annotation.RequestAttributeMethodArgumentResolverTests" time="0.038"/>
  <testcase name="resolve()" classname="org.springframework.web.reactive.result.method.annotation.RequestAttributeMethodArgumentResolverTests" time="0.005"/>
  <testcase name="resolveNotRequired()" classname="org.springframework.web.reactive.result.method.annotation.RequestAttributeMethodArgumentResolverTests" time="0.006"/>
  <testcase name="resolveWithName()" classname="org.springframework.web.reactive.result.method.annotation.RequestAttributeMethodArgumentResolverTests" time="0.008"/>
  <testcase name="supportsParameter()" classname="org.springframework.web.reactive.result.method.annotation.RequestAttributeMethodArgumentResolverTests" time="0.025"/>
  <system-out><![CDATA[]]></system-out>
  <system-err><![CDATA[]]></system-err>
</testsuite>
