<?xml version="1.0" encoding="UTF-8"?>
<testsuite name="org.springframework.web.reactive.function.server.RequestPredicatesTests" tests="15" skipped="0" failures="0" errors="0" timestamp="2020-12-12T04:28:59" hostname="DESKTOP-TMNPDT1" time="0.151">
  <properties/>
  <testcase name="allMethods()" classname="org.springframework.web.reactive.function.server.RequestPredicatesTests" time="0.015"/>
  <testcase name="accept()" classname="org.springframework.web.reactive.function.server.RequestPredicatesTests" time="0.006"/>
  <testcase name="method()" classname="org.springframework.web.reactive.function.server.RequestPredicatesTests" time="0.002"/>
  <testcase name="pathPredicates()" classname="org.springframework.web.reactive.function.server.RequestPredicatesTests" time="0.002"/>
  <testcase name="contentType()" classname="org.springframework.web.reactive.function.server.RequestPredicatesTests" time="0.091"/>
  <testcase name="queryParam()" classname="org.springframework.web.reactive.function.server.RequestPredicatesTests" time="0.004"/>
  <testcase name="all()" classname="org.springframework.web.reactive.function.server.RequestPredicatesTests" time="0.002"/>
  <testcase name="path()" classname="org.springframework.web.reactive.function.server.RequestPredicatesTests" time="0.002"/>
  <testcase name="pathNoLeadingSlash()" classname="org.springframework.web.reactive.function.server.RequestPredicatesTests" time="0.002"/>
  <testcase name="pathEncoded()" classname="org.springframework.web.reactive.function.server.RequestPredicatesTests" time="0.002"/>
  <testcase name="headers()" classname="org.springframework.web.reactive.function.server.RequestPredicatesTests" time="0.002"/>
  <testcase name="methods()" classname="org.springframework.web.reactive.function.server.RequestPredicatesTests" time="0.004"/>
  <testcase name="methodCorsPreFlight()" classname="org.springframework.web.reactive.function.server.RequestPredicatesTests" time="0.001"/>
  <testcase name="headersCors()" classname="org.springframework.web.reactive.function.server.RequestPredicatesTests" time="0.004"/>
  <testcase name="pathExtension()" classname="org.springframework.web.reactive.function.server.RequestPredicatesTests" time="0.005"/>
  <system-out><![CDATA[]]></system-out>
  <system-err><![CDATA[]]></system-err>
</testsuite>
