<?xml version="1.0" encoding="UTF-8"?>
<testsuite name="org.springframework.web.reactive.function.BodyExtractorsTests" tests="13" skipped="0" failures="0" errors="0" timestamp="2020-12-12T04:29:06" hostname="DESKTOP-TMNPDT1" time="1.321">
  <properties/>
  <testcase name="toDataBuffers()" classname="org.springframework.web.reactive.function.BodyExtractorsTests" time="0.085"/>
  <testcase name="toParts()" classname="org.springframework.web.reactive.function.BodyExtractorsTests" time="0.136"/>
  <testcase name="toMonoVoidAsClientWithEmptyBody()" classname="org.springframework.web.reactive.function.BodyExtractorsTests" time="0.03"/>
  <testcase name="toFlux()" classname="org.springframework.web.reactive.function.BodyExtractorsTests" time="0.175"/>
  <testcase name="toMono()" classname="org.springframework.web.reactive.function.BodyExtractorsTests" time="0.051"/>
  <testcase name="toFluxUnacceptable()" classname="org.springframework.web.reactive.function.BodyExtractorsTests" time="0.03"/>
  <testcase name="unsupportedMediaTypeShouldConsumeAndCancel()" classname="org.springframework.web.reactive.function.BodyExtractorsTests" time="0.489"/>
  <testcase name="toMonoParameterizedTypeReference()" classname="org.springframework.web.reactive.function.BodyExtractorsTests" time="0.096"/>
  <testcase name="toFormData()" classname="org.springframework.web.reactive.function.BodyExtractorsTests" time="0.04"/>
  <testcase name="toMonoWithHints()" classname="org.springframework.web.reactive.function.BodyExtractorsTests" time="0.011"/>
  <testcase name="toMonoWithEmptyBodyAndNoContentType()" classname="org.springframework.web.reactive.function.BodyExtractorsTests" time="0.014"/>
  <testcase name="toMonoVoidAsClientShouldConsumeAndCancel()" classname="org.springframework.web.reactive.function.BodyExtractorsTests" time="0.053"/>
  <testcase name="toFluxWithHints()" classname="org.springframework.web.reactive.function.BodyExtractorsTests" time="0.063"/>
  <system-out><![CDATA[12:29:06.611 [Test worker] DEBUG o.s.h.c.m.SynchronossPartHttpMessageReader - Parsed parts 'text' (content masked)
12:29:06.623 [Test worker] DEBUG o.s.h.c.m.SynchronossPartHttpMessageReader - Parsed parts 'file1' (content masked)
12:29:06.626 [Test worker] DEBUG o.s.h.c.m.SynchronossPartHttpMessageReader - Parsed parts 'file2' (content masked)
12:29:06.835 [Test worker] DEBUG o.s.c.c.StringDecoder - Decoded "foo"
12:29:06.889 [Test worker] DEBUG o.s.c.c.StringDecoder - Decoded "foo"
12:29:07.513 [Test worker] DEBUG o.s.h.c.j.Jackson2JsonDecoder - Decoded [{username=foo, password=bar}]
12:29:07.554 [Test worker] DEBUG o.s.h.c.FormHttpMessageReader - Read form fields [name 1, name 2, name 3] (content masked)
12:29:07.566 [Test worker] DEBUG o.s.h.c.j.Jackson2JsonDecoder - Decoded [org.springframework.web.reactive.function.BodyExtractorsTests$User@5b5c7e92]
12:29:07.727 [Test worker] DEBUG o.s.h.c.j.Jackson2JsonDecoder - Decoded [org.springframework.web.reactive.function.BodyExtractorsTests$User@4e1baa4f]
12:29:07.728 [Test worker] DEBUG o.s.h.c.j.Jackson2JsonDecoder - Decoded [org.springframework.web.reactive.function.BodyExtractorsTests$User@74cda769]
]]></system-out>
  <system-err><![CDATA[]]></system-err>
</testsuite>
