<?xml version="1.0" encoding="UTF-8"?>
<testsuite name="org.springframework.web.reactive.socket.server.upgrade.ReactorNettyRequestUpgradeStrategyTests" tests="1" skipped="0" failures="0" errors="0" timestamp="2020-12-12T04:31:45" hostname="DESKTOP-TMNPDT1" time="0.011">
  <properties/>
  <testcase name="defaultWebSocketSpecBuilderIsUniquePerRequest()" classname="org.springframework.web.reactive.socket.server.upgrade.ReactorNettyRequestUpgradeStrategyTests" time="0.011"/>
  <system-out><![CDATA[]]></system-out>
  <system-err><![CDATA[]]></system-err>
</testsuite>
