<?xml version="1.0" encoding="UTF-8"?>
<testsuite name="org.springframework.web.reactive.resource.EncodedResourceResolverTests" tests="4" skipped="0" failures="0" errors="0" timestamp="2020-12-12T04:31:01" hostname="DESKTOP-TMNPDT1" time="0.118">
  <properties/>
  <testcase name="resolveGzippedWithVersion(GzippedFiles)" classname="org.springframework.web.reactive.resource.EncodedResourceResolverTests" time="0.047"/>
  <testcase name="resolveGzipped(GzippedFiles)" classname="org.springframework.web.reactive.resource.EncodedResourceResolverTests" time="0.048"/>
  <testcase name="resolveWithNullRequest()" classname="org.springframework.web.reactive.resource.EncodedResourceResolverTests" time="0.002"/>
  <testcase name="resolveFromCacheWithEncodingVariants(GzippedFiles)" classname="org.springframework.web.reactive.resource.EncodedResourceResolverTests" time="0.019"/>
  <system-out><![CDATA[]]></system-out>
  <system-err><![CDATA[]]></system-err>
</testsuite>
