<?xml version="1.0" encoding="UTF-8"?>
<testsuite name="org.springframework.web.reactive.function.server.DefaultServerRequestBuilderTests" tests="1" skipped="0" failures="0" errors="0" timestamp="2020-12-12T04:29:38" hostname="DESKTOP-TMNPDT1" time="0.054">
  <properties/>
  <testcase name="from()" classname="org.springframework.web.reactive.function.server.DefaultServerRequestBuilderTests" time="0.054"/>
  <system-out><![CDATA[12:29:38.570 [Test worker] DEBUG o.s.c.c.StringDecoder - [ea44472] Decoded "baz"
]]></system-out>
  <system-err><![CDATA[]]></system-err>
</testsuite>
