<?xml version="1.0" encoding="UTF-8"?>
<testsuite name="org.springframework.web.reactive.resource.VersionResourceResolverTests" tests="9" skipped="0" failures="0" errors="0" timestamp="2020-12-12T04:29:03" hostname="DESKTOP-TMNPDT1" time="0.211">
  <properties/>
  <testcase name="getStrategyForPath()" classname="org.springframework.web.reactive.resource.VersionResourceResolverTests" time="0.09"/>
  <testcase name="resolveResourceNoResourceAfterVersionRemoved()" classname="org.springframework.web.reactive.resource.VersionResourceResolverTests" time="0.033"/>
  <testcase name="resolveResourceSuccess()" classname="org.springframework.web.reactive.resource.VersionResourceResolverTests" time="0.008"/>
  <testcase name="shouldConfigureFixedPrefixAutomatically()" classname="org.springframework.web.reactive.resource.VersionResourceResolverTests" time="0.004"/>
  <testcase name="resolveResourceNoVersionStrategy()" classname="org.springframework.web.reactive.resource.VersionResourceResolverTests" time="0.002"/>
  <testcase name="resolveResourceNoVersionInPath()" classname="org.springframework.web.reactive.resource.VersionResourceResolverTests" time="0.054"/>
  <testcase name="resolveResourceExisting()" classname="org.springframework.web.reactive.resource.VersionResourceResolverTests" time="0.003"/>
  <testcase name="resolveResourceVersionDoesNotMatch()" classname="org.springframework.web.reactive.resource.VersionResourceResolverTests" time="0.005"/>
  <testcase name="resolveUrlPathNoVersionStrategy()" classname="org.springframework.web.reactive.resource.VersionResourceResolverTests" time="0.002"/>
  <system-out><![CDATA[]]></system-out>
  <system-err><![CDATA[]]></system-err>
</testsuite>
