<?xml version="1.0" encoding="UTF-8"?>
<testsuite name="org.springframework.web.reactive.resource.WebJarsResourceResolverTests" tests="7" skipped="0" failures="0" errors="0" timestamp="2020-12-12T04:30:06" hostname="DESKTOP-TMNPDT1" time="5.062">
  <properties/>
  <testcase name="resolveResourceWebJar()" classname="org.springframework.web.reactive.resource.WebJarsResourceResolverTests" time="1.294"/>
  <testcase name="resolveUrlExistingNotInJarFile()" classname="org.springframework.web.reactive.resource.WebJarsResourceResolverTests" time="0.7"/>
  <testcase name="resolveUrlWebJarResource()" classname="org.springframework.web.reactive.resource.WebJarsResourceResolverTests" time="0.625"/>
  <testcase name="resolveResourceNotFound()" classname="org.springframework.web.reactive.resource.WebJarsResourceResolverTests" time="0.685"/>
  <testcase name="resolveUrlExisting()" classname="org.springframework.web.reactive.resource.WebJarsResourceResolverTests" time="0.574"/>
  <testcase name="resolveUrlWebJarResourceNotFound()" classname="org.springframework.web.reactive.resource.WebJarsResourceResolverTests" time="0.511"/>
  <testcase name="resolveResourceExisting()" classname="org.springframework.web.reactive.resource.WebJarsResourceResolverTests" time="0.669"/>
  <system-out><![CDATA[]]></system-out>
  <system-err><![CDATA[]]></system-err>
</testsuite>
