<?xml version="1.0" encoding="UTF-8"?>
<testsuite name="org.springframework.web.reactive.config.CorsRegistryTests" tests="3" skipped="0" failures="0" errors="0" timestamp="2020-12-12T04:28:41" hostname="DESKTOP-TMNPDT1" time="0.569">
  <properties/>
  <testcase name="customizedMapping()" classname="org.springframework.web.reactive.config.CorsRegistryTests" time="0.565"/>
  <testcase name="noMapping()" classname="org.springframework.web.reactive.config.CorsRegistryTests" time="0.0"/>
  <testcase name="multipleMappings()" classname="org.springframework.web.reactive.config.CorsRegistryTests" time="0.001"/>
  <system-out><![CDATA[]]></system-out>
  <system-err><![CDATA[]]></system-err>
</testsuite>
