<?xml version="1.0" encoding="UTF-8"?>
<testsuite name="org.springframework.web.reactive.result.view.script.ScriptTemplateViewTests" tests="14" skipped="0" failures="0" errors="0" timestamp="2020-12-12T04:33:09" hostname="DESKTOP-TMNPDT1" time="0.568">
  <properties/>
  <testcase name="detectScriptTemplateConfigWithEngineName()" classname="org.springframework.web.reactive.result.view.script.ScriptTemplateViewTests" time="0.342"/>
  <testcase name="nonInvocableScriptEngineWithRenderFunction()" classname="org.springframework.web.reactive.result.view.script.ScriptTemplateViewTests" time="0.025"/>
  <testcase name="engineAndEngineNameBothDefined()" classname="org.springframework.web.reactive.result.view.script.ScriptTemplateViewTests" time="0.038"/>
  <testcase name="nonSharedEngine()" classname="org.springframework.web.reactive.result.view.script.ScriptTemplateViewTests" time="0.144"/>
  <testcase name="missingTemplate()" classname="org.springframework.web.reactive.result.view.script.ScriptTemplateViewTests" time="0.003"/>
  <testcase name="engineSupplierWithNonSharedEngine()" classname="org.springframework.web.reactive.result.view.script.ScriptTemplateViewTests" time="0.001"/>
  <testcase name="engineNameAndEngineSupplierBothDefined()" classname="org.springframework.web.reactive.result.view.script.ScriptTemplateViewTests" time="0.002"/>
  <testcase name="missingScriptTemplateConfig()" classname="org.springframework.web.reactive.result.view.script.ScriptTemplateViewTests" time="0.002"/>
  <testcase name="engineSetterAndNonSharedEngine()" classname="org.springframework.web.reactive.result.view.script.ScriptTemplateViewTests" time="0.001"/>
  <testcase name="customEngineAndRenderFunction()" classname="org.springframework.web.reactive.result.view.script.ScriptTemplateViewTests" time="0.002"/>
  <testcase name="engineSupplierWithSharedEngine()" classname="org.springframework.web.reactive.result.view.script.ScriptTemplateViewTests" time="0.001"/>
  <testcase name="engineAndEngineSupplierBothDefined()" classname="org.springframework.web.reactive.result.view.script.ScriptTemplateViewTests" time="0.001"/>
  <testcase name="nonInvocableScriptEngine()" classname="org.springframework.web.reactive.result.view.script.ScriptTemplateViewTests" time="0.0"/>
  <testcase name="detectScriptTemplateConfigWithEngine()" classname="org.springframework.web.reactive.result.view.script.ScriptTemplateViewTests" time="0.0"/>
  <system-out><![CDATA[]]></system-out>
  <system-err><![CDATA[]]></system-err>
</testsuite>
