<?xml version="1.0" encoding="UTF-8"?>
<testsuite name="org.springframework.web.reactive.config.DelegatingWebFluxConfigurationTests" tests="5" skipped="0" failures="0" errors="0" timestamp="2020-12-12T04:28:46" hostname="DESKTOP-TMNPDT1" time="6.197">
  <properties/>
  <testcase name="requestMappingHandlerAdapter()" classname="org.springframework.web.reactive.config.DelegatingWebFluxConfigurationTests" time="5.633"/>
  <testcase name="responseBodyResultHandler()" classname="org.springframework.web.reactive.config.DelegatingWebFluxConfigurationTests" time="0.397"/>
  <testcase name="viewResolutionResultHandler()" classname="org.springframework.web.reactive.config.DelegatingWebFluxConfigurationTests" time="0.015"/>
  <testcase name="requestMappingHandlerMapping()" classname="org.springframework.web.reactive.config.DelegatingWebFluxConfigurationTests" time="0.083"/>
  <testcase name="resourceHandlerMapping()" classname="org.springframework.web.reactive.config.DelegatingWebFluxConfigurationTests" time="0.056"/>
  <system-out><![CDATA[12:28:51.915 [Test worker] WARN  o.s.h.c.j.Jackson2ObjectMapperBuilder - For Jackson Kotlin classes support please add "com.fasterxml.jackson.module:jackson-module-kotlin" to the classpath
]]></system-out>
  <system-err><![CDATA[]]></system-err>
</testsuite>
