<?xml version="1.0" encoding="UTF-8"?>
<testsuite name="org.springframework.web.reactive.function.server.DispatcherHandlerIntegrationTests" tests="16" skipped="0" failures="0" errors="0" timestamp="2020-12-12T04:29:38" hostname="DESKTOP-TMNPDT1" time="32.003">
  <properties/>
  <testcase name="flux(HttpServer)[1]" classname="org.springframework.web.reactive.function.server.DispatcherHandlerIntegrationTests" time="0.592"/>
  <testcase name="flux(HttpServer)[2]" classname="org.springframework.web.reactive.function.server.DispatcherHandlerIntegrationTests" time="0.226"/>
  <testcase name="flux(HttpServer)[3]" classname="org.springframework.web.reactive.function.server.DispatcherHandlerIntegrationTests" time="3.478"/>
  <testcase name="flux(HttpServer)[4]" classname="org.springframework.web.reactive.function.server.DispatcherHandlerIntegrationTests" time="0.824"/>
  <testcase name="mono(HttpServer)[1]" classname="org.springframework.web.reactive.function.server.DispatcherHandlerIntegrationTests" time="0.309"/>
  <testcase name="mono(HttpServer)[2]" classname="org.springframework.web.reactive.function.server.DispatcherHandlerIntegrationTests" time="0.125"/>
  <testcase name="mono(HttpServer)[3]" classname="org.springframework.web.reactive.function.server.DispatcherHandlerIntegrationTests" time="11.763"/>
  <testcase name="mono(HttpServer)[4]" classname="org.springframework.web.reactive.function.server.DispatcherHandlerIntegrationTests" time="0.568"/>
  <testcase name="attributes(HttpServer)[1]" classname="org.springframework.web.reactive.function.server.DispatcherHandlerIntegrationTests" time="0.746"/>
  <testcase name="attributes(HttpServer)[2]" classname="org.springframework.web.reactive.function.server.DispatcherHandlerIntegrationTests" time="0.306"/>
  <testcase name="attributes(HttpServer)[3]" classname="org.springframework.web.reactive.function.server.DispatcherHandlerIntegrationTests" time="4.451"/>
  <testcase name="attributes(HttpServer)[4]" classname="org.springframework.web.reactive.function.server.DispatcherHandlerIntegrationTests" time="0.214"/>
  <testcase name="controller(HttpServer)[1]" classname="org.springframework.web.reactive.function.server.DispatcherHandlerIntegrationTests" time="0.211"/>
  <testcase name="controller(HttpServer)[2]" classname="org.springframework.web.reactive.function.server.DispatcherHandlerIntegrationTests" time="0.187"/>
  <testcase name="controller(HttpServer)[3]" classname="org.springframework.web.reactive.function.server.DispatcherHandlerIntegrationTests" time="6.925"/>
  <testcase name="controller(HttpServer)[4]" classname="org.springframework.web.reactive.function.server.DispatcherHandlerIntegrationTests" time="0.632"/>
  <system-out><![CDATA[12:29:38.848 [Test worker] DEBUG o.s.w.r.r.m.a.RequestMappingHandlerMapping - 1 mappings in 'requestMappingHandlerMapping'
12:29:38.920 [Test worker] DEBUG o.s.w.r.f.s.s.RouterFunctionMapping - 3 RouterFunction(s) in 'routerFunctionMapping'
12:29:38.977 [Test worker] DEBUG o.s.w.r.r.m.a.ControllerMethodResolver - ControllerAdvice beans: none
12:29:39.060 [Test worker] DEBUG o.s.w.s.a.HttpWebHandlerAdapter - enableLoggingRequestDetails='false': form data and headers will be masked to prevent unsafe logging of potentially sensitive data
12:29:39.060 [Test worker] WARN  o.e.j.s.h.ContextHandler - Empty contextPath
12:29:39.061 [Test worker] INFO  o.e.j.s.h.ContextHandler - Started o.e.j.s.ServletContextHandler@3eea2afd{/,null,AVAILABLE}
12:29:39.061 [Test worker] DEBUG o.s.w.t.h.s.r.b.JettyHttpServer - Starting JettyHttpServer...
12:29:39.061 [Test worker] INFO  o.e.j.s.Server - jetty-9.4.31.v20200723; built: 2020-07-23T17:57:36.812Z; git: 450ba27947e13e66baa8cd1ce7e85a4461cacc1d; jvm 1.8.0_191-b12
12:29:39.128 [Test worker] INFO  o.e.j.s.AbstractConnector - Started ServerConnector@1361777e{HTTP/1.1, (http/1.1)}{0.0.0.0:64722}
12:29:39.128 [Test worker] INFO  o.e.j.s.Server - Started @66819ms
12:29:39.128 [Test worker] DEBUG o.s.w.t.h.s.r.b.JettyHttpServer - Server started on port 64722(0 millis).
12:29:39.148 [Test worker] DEBUG o.s.w.c.RestTemplate - HTTP GET http://localhost:64722/flux
12:29:39.154 [Test worker] DEBUG o.s.w.c.RestTemplate - Accept=[application/json, application/x-jackson-smile, application/*+json]
12:29:39.177 [qtp178036420-109] DEBUG o.s.w.s.a.HttpWebHandlerAdapter - [779ca5c6] HTTP GET "/flux"
12:29:39.182 [qtp178036420-109] DEBUG o.s.w.r.f.s.s.RouterFunctionMapping - [779ca5c6] Mapped to org.springframework.web.reactive.function.server.DispatcherHandlerIntegrationTests$TestConfiguration$$Lambda$992/1665256564@6694bc0
12:29:39.265 [qtp178036420-109] DEBUG o.s.h.c.j.Jackson2JsonEncoder - [779ca5c6] Encoding [[Person{name='John'}, Person{name='Jane'}]]
12:29:39.276 [Test worker] DEBUG o.s.w.c.RestTemplate - Response 200 OK
12:29:39.278 [Test worker] DEBUG o.s.w.c.RestTemplate - Reading to [java.util.List<org.springframework.web.reactive.function.server.DispatcherHandlerIntegrationTests$Person>]
12:29:39.282 [Test worker] DEBUG o.s.w.t.h.s.r.b.JettyHttpServer - Stopping JettyHttpServer...
12:29:39.282 [Test worker] INFO  o.e.j.s.h.ContextHandler - Stopped o.e.j.s.ServletContextHandler@3eea2afd{/,null,UNAVAILABLE}
12:29:39.286 [Test worker] INFO  o.e.j.s.AbstractConnector - Stopped ServerConnector@1361777e{HTTP/1.1, (http/1.1)}{0.0.0.0:0}
12:29:39.293 [qtp178036420-109] DEBUG o.s.w.s.a.HttpWebHandlerAdapter - [779ca5c6] Completed 200 OK
12:29:39.294 [Test worker] DEBUG o.s.w.t.h.s.r.b.JettyHttpServer - Server stopped (0 millis).
12:29:39.352 [Test worker] DEBUG o.s.w.r.r.m.a.RequestMappingHandlerMapping - 1 mappings in 'requestMappingHandlerMapping'
12:29:39.373 [Test worker] DEBUG o.s.w.r.f.s.s.RouterFunctionMapping - 3 RouterFunction(s) in 'routerFunctionMapping'
12:29:39.416 [Test worker] DEBUG o.s.w.r.r.m.a.ControllerMethodResolver - ControllerAdvice beans: none
12:29:39.514 [Test worker] DEBUG o.s.w.s.a.HttpWebHandlerAdapter - enableLoggingRequestDetails='false': form data and headers will be masked to prevent unsafe logging of potentially sensitive data
12:29:39.515 [Test worker] DEBUG o.s.w.t.h.s.r.b.ReactorHttpServer - Starting ReactorHttpServer...
12:29:39.518 [Test worker] DEBUG o.s.w.t.h.s.r.b.ReactorHttpServer - Server started on port 64744(0 millis).
12:29:39.522 [Test worker] DEBUG o.s.w.c.RestTemplate - HTTP GET http://localhost:64744/flux
12:29:39.522 [Test worker] DEBUG o.s.w.c.RestTemplate - Accept=[application/json, application/x-jackson-smile, application/*+json]
12:29:39.530 [reactor-http-nio-4] DEBUG o.s.w.s.a.HttpWebHandlerAdapter - [5bd16ea6-4] HTTP GET "/flux"
12:29:39.530 [reactor-http-nio-4] DEBUG o.s.w.r.f.s.s.RouterFunctionMapping - [5bd16ea6-4] Mapped to org.springframework.web.reactive.function.server.DispatcherHandlerIntegrationTests$TestConfiguration$$Lambda$992/1665256564@2cb5fd95
12:29:39.532 [reactor-http-nio-4] DEBUG o.s.h.c.j.Jackson2JsonEncoder - [5bd16ea6-4] Encoding [[Person{name='John'}, Person{name='Jane'}]]
12:29:39.535 [reactor-http-nio-4] DEBUG o.s.w.s.a.HttpWebHandlerAdapter - [5bd16ea6-4] Completed 200 OK
12:29:39.537 [Test worker] DEBUG o.s.w.c.RestTemplate - Response 200 OK
12:29:39.538 [Test worker] DEBUG o.s.w.c.RestTemplate - Reading to [java.util.List<org.springframework.web.reactive.function.server.DispatcherHandlerIntegrationTests$Person>]
12:29:39.547 [Test worker] DEBUG o.s.w.t.h.s.r.b.ReactorHttpServer - Stopping ReactorHttpServer...
12:29:39.547 [Test worker] DEBUG o.s.w.t.h.s.r.b.ReactorHttpServer - Server stopped (0 millis).
12:29:39.600 [Test worker] DEBUG o.s.w.r.r.m.a.RequestMappingHandlerMapping - 1 mappings in 'requestMappingHandlerMapping'
12:29:39.654 [Test worker] DEBUG o.s.w.r.f.s.s.RouterFunctionMapping - 3 RouterFunction(s) in 'routerFunctionMapping'
12:29:39.788 [Test worker] DEBUG o.s.w.r.r.m.a.ControllerMethodResolver - ControllerAdvice beans: none
12:29:39.827 [Test worker] DEBUG o.s.w.s.a.HttpWebHandlerAdapter - enableLoggingRequestDetails='false': form data and headers will be masked to prevent unsafe logging of potentially sensitive data
12:29:39.829 [Test worker] DEBUG o.s.w.t.h.s.r.b.TomcatHttpServer - Starting TomcatHttpServer...
12:29:39.876 [Test worker] DEBUG o.s.w.t.h.s.r.b.TomcatHttpServer - Server started on port 64752(0 millis).
12:29:39.877 [Test worker] DEBUG o.s.w.c.RestTemplate - HTTP GET http://localhost:64752/flux
12:29:39.880 [Test worker] DEBUG o.s.w.c.RestTemplate - Accept=[application/json, application/x-jackson-smile, application/*+json]
12:29:41.959 [http-nio-auto-4-exec-1] DEBUG o.s.w.s.a.HttpWebHandlerAdapter - [59166189] HTTP GET "/flux"
12:29:41.960 [http-nio-auto-4-exec-1] DEBUG o.s.w.r.f.s.s.RouterFunctionMapping - [59166189] Mapped to org.springframework.web.reactive.function.server.DispatcherHandlerIntegrationTests$TestConfiguration$$Lambda$992/1665256564@57d194db
12:29:41.961 [http-nio-auto-4-exec-1] DEBUG o.s.h.c.j.Jackson2JsonEncoder - [59166189] Encoding [[Person{name='John'}, Person{name='Jane'}]]
12:29:41.982 [Test worker] DEBUG o.s.w.c.RestTemplate - Response 200 OK
12:29:41.982 [Test worker] DEBUG o.s.w.c.RestTemplate - Reading to [java.util.List<org.springframework.web.reactive.function.server.DispatcherHandlerIntegrationTests$Person>]
12:29:41.982 [http-nio-auto-4-exec-1] DEBUG o.s.w.s.a.HttpWebHandlerAdapter - [59166189] Completed 200 OK
12:29:41.984 [Test worker] DEBUG o.s.w.t.h.s.r.b.TomcatHttpServer - Stopping TomcatHttpServer...
12:29:43.055 [Test worker] DEBUG o.s.w.t.h.s.r.b.TomcatHttpServer - Server stopped (0 millis).
12:29:43.198 [Test worker] DEBUG o.s.w.r.r.m.a.RequestMappingHandlerMapping - 1 mappings in 'requestMappingHandlerMapping'
12:29:43.315 [Test worker] DEBUG o.s.w.r.f.s.s.RouterFunctionMapping - 3 RouterFunction(s) in 'routerFunctionMapping'
12:29:43.337 [Test worker] DEBUG o.s.w.r.r.m.a.ControllerMethodResolver - ControllerAdvice beans: none
12:29:43.532 [Test worker] DEBUG o.s.w.s.a.HttpWebHandlerAdapter - enableLoggingRequestDetails='false': form data and headers will be masked to prevent unsafe logging of potentially sensitive data
12:29:43.532 [Test worker] DEBUG o.s.w.t.h.s.r.b.UndertowHttpServer - Starting UndertowHttpServer...
12:29:43.533 [Test worker] INFO  i.undertow - starting server: Undertow - 2.0.32.Final
12:29:43.547 [Test worker] DEBUG o.s.w.t.h.s.r.b.UndertowHttpServer - Server started on port 64832(0 millis).
12:29:43.548 [Test worker] DEBUG o.s.w.c.RestTemplate - HTTP GET http://localhost:64832/flux
12:29:43.549 [Test worker] DEBUG o.s.w.c.RestTemplate - Accept=[application/json, application/x-jackson-smile, application/*+json]
12:29:43.895 [XNIO-4 I/O-2] DEBUG o.s.w.s.a.HttpWebHandlerAdapter - [7dde314e] HTTP GET "/flux"
12:29:43.896 [XNIO-4 I/O-2] DEBUG o.s.w.r.f.s.s.RouterFunctionMapping - [7dde314e] Mapped to org.springframework.web.reactive.function.server.DispatcherHandlerIntegrationTests$TestConfiguration$$Lambda$992/1665256564@795170f6
12:29:43.897 [XNIO-4 I/O-2] DEBUG o.s.h.c.j.Jackson2JsonEncoder - [7dde314e] Encoding [[Person{name='John'}, Person{name='Jane'}]]
12:29:43.901 [XNIO-4 I/O-2] DEBUG o.s.w.s.a.HttpWebHandlerAdapter - [7dde314e] Completed 200 OK
12:29:43.901 [Test worker] DEBUG o.s.w.c.RestTemplate - Response 200 OK
12:29:43.901 [Test worker] DEBUG o.s.w.c.RestTemplate - Reading to [java.util.List<org.springframework.web.reactive.function.server.DispatcherHandlerIntegrationTests$Person>]
12:29:43.903 [Test worker] DEBUG o.s.w.t.h.s.r.b.UndertowHttpServer - Stopping UndertowHttpServer...
12:29:43.903 [Test worker] INFO  i.undertow - stopping server: Undertow - 2.0.32.Final
12:29:43.907 [Test worker] DEBUG o.s.w.t.h.s.r.b.UndertowHttpServer - Server stopped (0 millis).
12:29:43.961 [Test worker] DEBUG o.s.w.r.r.m.a.RequestMappingHandlerMapping - 1 mappings in 'requestMappingHandlerMapping'
12:29:43.978 [Test worker] DEBUG o.s.w.r.f.s.s.RouterFunctionMapping - 3 RouterFunction(s) in 'routerFunctionMapping'
12:29:44.047 [Test worker] DEBUG o.s.w.r.r.m.a.ControllerMethodResolver - ControllerAdvice beans: none
12:29:44.099 [Test worker] DEBUG o.s.w.s.a.HttpWebHandlerAdapter - enableLoggingRequestDetails='false': form data and headers will be masked to prevent unsafe logging of potentially sensitive data
12:29:44.100 [Test worker] WARN  o.e.j.s.h.ContextHandler - Empty contextPath
12:29:44.100 [Test worker] INFO  o.e.j.s.h.ContextHandler - Started o.e.j.s.ServletContextHandler@4774fc7b{/,null,AVAILABLE}
12:29:44.100 [Test worker] DEBUG o.s.w.t.h.s.r.b.JettyHttpServer - Starting JettyHttpServer...
12:29:44.100 [Test worker] INFO  o.e.j.s.Server - jetty-9.4.31.v20200723; built: 2020-07-23T17:57:36.812Z; git: 450ba27947e13e66baa8cd1ce7e85a4461cacc1d; jvm 1.8.0_191-b12
12:29:44.167 [Test worker] INFO  o.e.j.s.AbstractConnector - Started ServerConnector@52181395{HTTP/1.1, (http/1.1)}{0.0.0.0:64834}
12:29:44.167 [Test worker] INFO  o.e.j.s.Server - Started @71858ms
12:29:44.167 [Test worker] DEBUG o.s.w.t.h.s.r.b.JettyHttpServer - Server started on port 64834(0 millis).
12:29:44.168 [Test worker] DEBUG o.s.w.c.RestTemplate - HTTP GET http://localhost:64834/mono
12:29:44.170 [Test worker] DEBUG o.s.w.c.RestTemplate - Accept=[application/json, application/x-jackson-smile, application/*+json]
12:29:44.215 [qtp1848123223-137] DEBUG o.s.w.s.a.HttpWebHandlerAdapter - [686e7c67] HTTP GET "/mono"
12:29:44.216 [qtp1848123223-137] DEBUG o.s.w.r.f.s.s.RouterFunctionMapping - [686e7c67] Mapped to org.springframework.web.reactive.function.server.DispatcherHandlerIntegrationTests$TestConfiguration$$Lambda$991/1458074423@66a98f1a
12:29:44.218 [qtp1848123223-137] DEBUG o.s.h.c.j.Jackson2JsonEncoder - [686e7c67] Encoding [Person{name='John'}]
12:29:44.238 [qtp1848123223-137] DEBUG o.s.w.s.a.HttpWebHandlerAdapter - [686e7c67] Completed 200 OK
12:29:44.238 [Test worker] DEBUG o.s.w.c.RestTemplate - Response 200 OK
12:29:44.238 [Test worker] DEBUG o.s.w.c.RestTemplate - Reading to [org.springframework.web.reactive.function.server.DispatcherHandlerIntegrationTests$Person]
12:29:44.239 [Test worker] DEBUG o.s.w.t.h.s.r.b.JettyHttpServer - Stopping JettyHttpServer...
12:29:44.239 [Test worker] INFO  o.e.j.s.h.ContextHandler - Stopped o.e.j.s.ServletContextHandler@4774fc7b{/,null,UNAVAILABLE}
12:29:44.242 [Test worker] INFO  o.e.j.s.AbstractConnector - Stopped ServerConnector@52181395{HTTP/1.1, (http/1.1)}{0.0.0.0:0}
12:29:44.243 [Test worker] DEBUG o.s.w.t.h.s.r.b.JettyHttpServer - Server stopped (0 millis).
12:29:44.298 [Test worker] DEBUG o.s.w.r.r.m.a.RequestMappingHandlerMapping - 1 mappings in 'requestMappingHandlerMapping'
12:29:44.316 [Test worker] DEBUG o.s.w.r.f.s.s.RouterFunctionMapping - 3 RouterFunction(s) in 'routerFunctionMapping'
12:29:44.356 [Test worker] DEBUG o.s.w.r.r.m.a.ControllerMethodResolver - ControllerAdvice beans: none
12:29:44.384 [Test worker] DEBUG o.s.w.s.a.HttpWebHandlerAdapter - enableLoggingRequestDetails='false': form data and headers will be masked to prevent unsafe logging of potentially sensitive data
12:29:44.385 [Test worker] DEBUG o.s.w.t.h.s.r.b.ReactorHttpServer - Starting ReactorHttpServer...
12:29:44.387 [Test worker] DEBUG o.s.w.t.h.s.r.b.ReactorHttpServer - Server started on port 64846(0 millis).
12:29:44.390 [Test worker] DEBUG o.s.w.c.RestTemplate - HTTP GET http://localhost:64846/mono
12:29:44.391 [Test worker] DEBUG o.s.w.c.RestTemplate - Accept=[application/json, application/x-jackson-smile, application/*+json]
12:29:44.394 [reactor-http-nio-2] DEBUG o.s.w.s.a.HttpWebHandlerAdapter - [e17cb0cb-5] HTTP GET "/mono"
12:29:44.394 [reactor-http-nio-2] DEBUG o.s.w.r.f.s.s.RouterFunctionMapping - [e17cb0cb-5] Mapped to org.springframework.web.reactive.function.server.DispatcherHandlerIntegrationTests$TestConfiguration$$Lambda$991/1458074423@93a81d5
12:29:44.395 [reactor-http-nio-2] DEBUG o.s.h.c.j.Jackson2JsonEncoder - [e17cb0cb-5] Encoding [Person{name='John'}]
12:29:44.397 [reactor-http-nio-2] DEBUG o.s.w.s.a.HttpWebHandlerAdapter - [e17cb0cb-5] Completed 200 OK
12:29:44.398 [Test worker] DEBUG o.s.w.c.RestTemplate - Response 200 OK
12:29:44.398 [Test worker] DEBUG o.s.w.c.RestTemplate - Reading to [org.springframework.web.reactive.function.server.DispatcherHandlerIntegrationTests$Person]
12:29:44.399 [Test worker] DEBUG o.s.w.t.h.s.r.b.ReactorHttpServer - Stopping ReactorHttpServer...
12:29:44.399 [Test worker] DEBUG o.s.w.t.h.s.r.b.ReactorHttpServer - Server stopped (0 millis).
12:29:44.444 [Test worker] DEBUG o.s.w.r.r.m.a.RequestMappingHandlerMapping - 1 mappings in 'requestMappingHandlerMapping'
12:29:44.462 [Test worker] DEBUG o.s.w.r.f.s.s.RouterFunctionMapping - 3 RouterFunction(s) in 'routerFunctionMapping'
12:29:44.493 [Test worker] DEBUG o.s.w.r.r.m.a.ControllerMethodResolver - ControllerAdvice beans: none
12:29:44.526 [Test worker] DEBUG o.s.w.s.a.HttpWebHandlerAdapter - enableLoggingRequestDetails='false': form data and headers will be masked to prevent unsafe logging of potentially sensitive data
12:29:44.527 [Test worker] DEBUG o.s.w.t.h.s.r.b.TomcatHttpServer - Starting TomcatHttpServer...
12:29:45.027 [Test worker] DEBUG o.s.w.t.h.s.r.b.TomcatHttpServer - Server started on port 64856(0 millis).
12:29:45.028 [Test worker] DEBUG o.s.w.c.RestTemplate - HTTP GET http://localhost:64856/mono
12:29:45.029 [Test worker] DEBUG o.s.w.c.RestTemplate - Accept=[application/json, application/x-jackson-smile, application/*+json]
12:29:55.546 [http-nio-auto-5-exec-1] DEBUG o.s.w.s.a.HttpWebHandlerAdapter - [66bbdc8b] HTTP GET "/mono"
12:29:55.546 [http-nio-auto-5-exec-1] DEBUG o.s.w.r.f.s.s.RouterFunctionMapping - [66bbdc8b] Mapped to org.springframework.web.reactive.function.server.DispatcherHandlerIntegrationTests$TestConfiguration$$Lambda$991/1458074423@687c2e2c
12:29:55.548 [http-nio-auto-5-exec-1] DEBUG o.s.h.c.j.Jackson2JsonEncoder - [66bbdc8b] Encoding [Person{name='John'}]
12:29:55.553 [Test worker] DEBUG o.s.w.c.RestTemplate - Response 200 OK
12:29:55.553 [http-nio-auto-5-exec-1] DEBUG o.s.w.s.a.HttpWebHandlerAdapter - [66bbdc8b] Completed 200 OK
12:29:55.553 [Test worker] DEBUG o.s.w.c.RestTemplate - Reading to [org.springframework.web.reactive.function.server.DispatcherHandlerIntegrationTests$Person]
12:29:55.554 [Test worker] DEBUG o.s.w.t.h.s.r.b.TomcatHttpServer - Stopping TomcatHttpServer...
12:29:56.185 [Test worker] DEBUG o.s.w.t.h.s.r.b.TomcatHttpServer - Server stopped (0 millis).
12:29:56.316 [Test worker] DEBUG o.s.w.r.r.m.a.RequestMappingHandlerMapping - 1 mappings in 'requestMappingHandlerMapping'
12:29:56.387 [Test worker] DEBUG o.s.w.r.f.s.s.RouterFunctionMapping - 3 RouterFunction(s) in 'routerFunctionMapping'
12:29:56.510 [Test worker] DEBUG o.s.w.r.r.m.a.ControllerMethodResolver - ControllerAdvice beans: none
12:29:56.696 [Test worker] DEBUG o.s.w.s.a.HttpWebHandlerAdapter - enableLoggingRequestDetails='false': form data and headers will be masked to prevent unsafe logging of potentially sensitive data
12:29:56.697 [Test worker] DEBUG o.s.w.t.h.s.r.b.UndertowHttpServer - Starting UndertowHttpServer...
12:29:56.697 [Test worker] INFO  i.undertow - starting server: Undertow - 2.0.32.Final
12:29:56.761 [Test worker] DEBUG o.s.w.t.h.s.r.b.UndertowHttpServer - Server started on port 64958(0 millis).
12:29:56.761 [Test worker] DEBUG o.s.w.c.RestTemplate - HTTP GET http://localhost:64958/mono
12:29:56.762 [Test worker] DEBUG o.s.w.c.RestTemplate - Accept=[application/json, application/x-jackson-smile, application/*+json]
12:29:56.766 [XNIO-5 I/O-2] DEBUG o.s.w.s.a.HttpWebHandlerAdapter - [8d9a665] HTTP GET "/mono"
12:29:56.768 [XNIO-5 I/O-2] DEBUG o.s.w.r.f.s.s.RouterFunctionMapping - [8d9a665] Mapped to org.springframework.web.reactive.function.server.DispatcherHandlerIntegrationTests$TestConfiguration$$Lambda$991/1458074423@ce633a6
12:29:56.769 [XNIO-5 I/O-2] DEBUG o.s.h.c.j.Jackson2JsonEncoder - [8d9a665] Encoding [Person{name='John'}]
12:29:56.770 [XNIO-5 I/O-2] DEBUG o.s.w.s.a.HttpWebHandlerAdapter - [8d9a665] Completed 200 OK
12:29:56.770 [Test worker] DEBUG o.s.w.c.RestTemplate - Response 200 OK
12:29:56.771 [Test worker] DEBUG o.s.w.c.RestTemplate - Reading to [org.springframework.web.reactive.function.server.DispatcherHandlerIntegrationTests$Person]
12:29:56.771 [Test worker] DEBUG o.s.w.t.h.s.r.b.UndertowHttpServer - Stopping UndertowHttpServer...
12:29:56.771 [Test worker] INFO  i.undertow - stopping server: Undertow - 2.0.32.Final
12:29:56.776 [Test worker] DEBUG o.s.w.t.h.s.r.b.UndertowHttpServer - Server stopped (0 millis).
12:29:56.841 [Test worker] DEBUG o.s.w.r.r.m.a.RequestMappingHandlerMapping - 1 mappings in 'requestMappingHandlerMapping'
12:29:56.891 [Test worker] DEBUG o.s.w.r.f.s.s.RouterFunctionMapping - 3 RouterFunction(s) in 'routerFunctionMapping'
12:29:57.062 [Test worker] DEBUG o.s.w.r.r.m.a.ControllerMethodResolver - ControllerAdvice beans: none
12:29:57.113 [Test worker] DEBUG o.s.w.s.a.HttpWebHandlerAdapter - enableLoggingRequestDetails='false': form data and headers will be masked to prevent unsafe logging of potentially sensitive data
12:29:57.113 [Test worker] WARN  o.e.j.s.h.ContextHandler - Empty contextPath
12:29:57.114 [Test worker] INFO  o.e.j.s.h.ContextHandler - Started o.e.j.s.ServletContextHandler@17ce98b1{/,null,AVAILABLE}
12:29:57.115 [Test worker] DEBUG o.s.w.t.h.s.r.b.JettyHttpServer - Starting JettyHttpServer...
12:29:57.115 [Test worker] INFO  o.e.j.s.Server - jetty-9.4.31.v20200723; built: 2020-07-23T17:57:36.812Z; git: 450ba27947e13e66baa8cd1ce7e85a4461cacc1d; jvm 1.8.0_191-b12
12:29:57.455 [Test worker] INFO  o.e.j.s.AbstractConnector - Started ServerConnector@315e5ad9{HTTP/1.1, (http/1.1)}{0.0.0.0:64960}
12:29:57.455 [Test worker] INFO  o.e.j.s.Server - Started @85146ms
12:29:57.456 [Test worker] DEBUG o.s.w.t.h.s.r.b.JettyHttpServer - Server started on port 64960(0 millis).
12:29:57.458 [Test worker] DEBUG o.s.w.c.RestTemplate - HTTP GET http://localhost:64960/attributes/bar
12:29:57.458 [Test worker] DEBUG o.s.w.c.RestTemplate - Accept=[text/plain, application/json, application/x-jackson-smile, application/*+json, */*]
12:29:57.533 [qtp778133971-166] DEBUG o.s.w.s.a.HttpWebHandlerAdapter - [1a50d380] HTTP GET "/attributes/bar"
12:29:57.545 [qtp778133971-166] DEBUG o.s.w.r.f.s.s.RouterFunctionMapping - [1a50d380] Mapped to org.springframework.web.reactive.function.server.DispatcherHandlerIntegrationTests$TestConfiguration$$Lambda$993/1559504696@7425f7e
12:29:57.546 [qtp778133971-166] DEBUG o.s.w.s.a.HttpWebHandlerAdapter - [1a50d380] Completed 200 OK
12:29:57.547 [Test worker] DEBUG o.s.w.c.RestTemplate - Response 200 OK
12:29:57.548 [Test worker] DEBUG o.s.w.t.h.s.r.b.JettyHttpServer - Stopping JettyHttpServer...
12:29:57.548 [Test worker] INFO  o.e.j.s.h.ContextHandler - Stopped o.e.j.s.ServletContextHandler@17ce98b1{/,null,UNAVAILABLE}
12:29:57.551 [Test worker] INFO  o.e.j.s.AbstractConnector - Stopped ServerConnector@315e5ad9{HTTP/1.1, (http/1.1)}{0.0.0.0:0}
12:29:57.553 [Test worker] DEBUG o.s.w.t.h.s.r.b.JettyHttpServer - Server stopped (0 millis).
12:29:57.654 [Test worker] DEBUG o.s.w.r.r.m.a.RequestMappingHandlerMapping - 1 mappings in 'requestMappingHandlerMapping'
12:29:57.682 [Test worker] DEBUG o.s.w.r.f.s.s.RouterFunctionMapping - 3 RouterFunction(s) in 'routerFunctionMapping'
12:29:57.753 [Test worker] DEBUG o.s.w.r.r.m.a.ControllerMethodResolver - ControllerAdvice beans: none
12:29:57.870 [Test worker] DEBUG o.s.w.s.a.HttpWebHandlerAdapter - enableLoggingRequestDetails='false': form data and headers will be masked to prevent unsafe logging of potentially sensitive data
12:29:57.871 [Test worker] DEBUG o.s.w.t.h.s.r.b.ReactorHttpServer - Starting ReactorHttpServer...
12:29:57.878 [Test worker] DEBUG o.s.w.t.h.s.r.b.ReactorHttpServer - Server started on port 64966(0 millis).
12:29:57.879 [Test worker] DEBUG o.s.w.c.RestTemplate - HTTP GET http://localhost:64966/attributes/bar
12:29:57.879 [Test worker] DEBUG o.s.w.c.RestTemplate - Accept=[text/plain, application/json, application/x-jackson-smile, application/*+json, */*]
12:29:57.881 [reactor-http-nio-4] DEBUG o.s.w.s.a.HttpWebHandlerAdapter - [a2a664d6-6] HTTP GET "/attributes/bar"
12:29:57.882 [reactor-http-nio-4] DEBUG o.s.w.r.f.s.s.RouterFunctionMapping - [a2a664d6-6] Mapped to org.springframework.web.reactive.function.server.DispatcherHandlerIntegrationTests$TestConfiguration$$Lambda$993/1559504696@6daa76b9
12:29:57.883 [reactor-http-nio-4] DEBUG o.s.w.s.a.HttpWebHandlerAdapter - [a2a664d6-6] Completed 200 OK
12:29:57.884 [Test worker] DEBUG o.s.w.c.RestTemplate - Response 200 OK
12:29:57.885 [Test worker] DEBUG o.s.w.t.h.s.r.b.ReactorHttpServer - Stopping ReactorHttpServer...
12:29:57.886 [Test worker] DEBUG o.s.w.t.h.s.r.b.ReactorHttpServer - Server stopped (0 millis).
12:29:57.950 [Test worker] DEBUG o.s.w.r.r.m.a.RequestMappingHandlerMapping - 1 mappings in 'requestMappingHandlerMapping'
12:29:57.962 [Test worker] DEBUG o.s.w.r.f.s.s.RouterFunctionMapping - 3 RouterFunction(s) in 'routerFunctionMapping'
12:29:58.021 [Test worker] DEBUG o.s.w.r.r.m.a.ControllerMethodResolver - ControllerAdvice beans: none
12:29:58.178 [Test worker] DEBUG o.s.w.s.a.HttpWebHandlerAdapter - enableLoggingRequestDetails='false': form data and headers will be masked to prevent unsafe logging of potentially sensitive data
12:29:58.180 [Test worker] DEBUG o.s.w.t.h.s.r.b.TomcatHttpServer - Starting TomcatHttpServer...
12:29:58.203 [Test worker] DEBUG o.s.w.t.h.s.r.b.TomcatHttpServer - Server started on port 64968(0 millis).
12:29:58.203 [Test worker] DEBUG o.s.w.c.RestTemplate - HTTP GET http://localhost:64968/attributes/bar
12:29:58.204 [Test worker] DEBUG o.s.w.c.RestTemplate - Accept=[text/plain, application/json, application/x-jackson-smile, application/*+json, */*]
12:30:01.896 [http-nio-auto-6-exec-1] DEBUG o.s.w.s.a.HttpWebHandlerAdapter - [278933a6] HTTP GET "/attributes/bar"
12:30:01.897 [http-nio-auto-6-exec-1] DEBUG o.s.w.r.f.s.s.RouterFunctionMapping - [278933a6] Mapped to org.springframework.web.reactive.function.server.DispatcherHandlerIntegrationTests$TestConfiguration$$Lambda$993/1559504696@294ed927
12:30:01.898 [http-nio-auto-6-exec-1] DEBUG o.s.w.s.a.HttpWebHandlerAdapter - [278933a6] Completed 200 OK
12:30:01.906 [Test worker] DEBUG o.s.w.c.RestTemplate - Response 200 OK
12:30:01.907 [Test worker] DEBUG o.s.w.t.h.s.r.b.TomcatHttpServer - Stopping TomcatHttpServer...
12:30:02.384 [Test worker] DEBUG o.s.w.t.h.s.r.b.TomcatHttpServer - Server stopped (0 millis).
12:30:02.494 [Test worker] DEBUG o.s.w.r.r.m.a.RequestMappingHandlerMapping - 1 mappings in 'requestMappingHandlerMapping'
12:30:02.514 [Test worker] DEBUG o.s.w.r.f.s.s.RouterFunctionMapping - 3 RouterFunction(s) in 'routerFunctionMapping'
12:30:02.548 [Test worker] DEBUG o.s.w.r.r.m.a.ControllerMethodResolver - ControllerAdvice beans: none
12:30:02.593 [Test worker] DEBUG o.s.w.s.a.HttpWebHandlerAdapter - enableLoggingRequestDetails='false': form data and headers will be masked to prevent unsafe logging of potentially sensitive data
12:30:02.594 [Test worker] DEBUG o.s.w.t.h.s.r.b.UndertowHttpServer - Starting UndertowHttpServer...
12:30:02.594 [Test worker] INFO  i.undertow - starting server: Undertow - 2.0.32.Final
12:30:02.607 [Test worker] DEBUG o.s.w.t.h.s.r.b.UndertowHttpServer - Server started on port 65067(0 millis).
12:30:02.608 [Test worker] DEBUG o.s.w.c.RestTemplate - HTTP GET http://localhost:65067/attributes/bar
12:30:02.609 [Test worker] DEBUG o.s.w.c.RestTemplate - Accept=[text/plain, application/json, application/x-jackson-smile, application/*+json, */*]
12:30:02.623 [XNIO-6 I/O-2] DEBUG o.s.w.s.a.HttpWebHandlerAdapter - [440694e8] HTTP GET "/attributes/bar"
12:30:02.624 [XNIO-6 I/O-2] DEBUG o.s.w.r.f.s.s.RouterFunctionMapping - [440694e8] Mapped to org.springframework.web.reactive.function.server.DispatcherHandlerIntegrationTests$TestConfiguration$$Lambda$993/1559504696@403918b0
12:30:02.625 [XNIO-6 I/O-2] DEBUG o.s.w.s.a.HttpWebHandlerAdapter - [440694e8] Completed 200 OK
12:30:02.627 [Test worker] DEBUG o.s.w.c.RestTemplate - Response 200 OK
12:30:02.628 [Test worker] DEBUG o.s.w.t.h.s.r.b.UndertowHttpServer - Stopping UndertowHttpServer...
12:30:02.628 [Test worker] INFO  i.undertow - stopping server: Undertow - 2.0.32.Final
12:30:02.632 [Test worker] DEBUG o.s.w.t.h.s.r.b.UndertowHttpServer - Server stopped (0 millis).
12:30:02.701 [Test worker] DEBUG o.s.w.r.r.m.a.RequestMappingHandlerMapping - 1 mappings in 'requestMappingHandlerMapping'
12:30:02.732 [Test worker] DEBUG o.s.w.r.f.s.s.RouterFunctionMapping - 3 RouterFunction(s) in 'routerFunctionMapping'
12:30:02.760 [Test worker] DEBUG o.s.w.r.r.m.a.ControllerMethodResolver - ControllerAdvice beans: none
12:30:02.806 [Test worker] DEBUG o.s.w.s.a.HttpWebHandlerAdapter - enableLoggingRequestDetails='false': form data and headers will be masked to prevent unsafe logging of potentially sensitive data
12:30:02.807 [Test worker] WARN  o.e.j.s.h.ContextHandler - Empty contextPath
12:30:02.807 [Test worker] INFO  o.e.j.s.h.ContextHandler - Started o.e.j.s.ServletContextHandler@1e7c99c0{/,null,AVAILABLE}
12:30:02.808 [Test worker] DEBUG o.s.w.t.h.s.r.b.JettyHttpServer - Starting JettyHttpServer...
12:30:02.808 [Test worker] INFO  o.e.j.s.Server - jetty-9.4.31.v20200723; built: 2020-07-23T17:57:36.812Z; git: 450ba27947e13e66baa8cd1ce7e85a4461cacc1d; jvm 1.8.0_191-b12
12:30:02.834 [Test worker] INFO  o.e.j.s.AbstractConnector - Started ServerConnector@2262cbd3{HTTP/1.1, (http/1.1)}{0.0.0.0:65069}
12:30:02.834 [Test worker] INFO  o.e.j.s.Server - Started @90525ms
12:30:02.834 [Test worker] DEBUG o.s.w.t.h.s.r.b.JettyHttpServer - Server started on port 65069(0 millis).
12:30:02.835 [Test worker] DEBUG o.s.w.c.RestTemplate - HTTP GET http://localhost:65069/controller
12:30:02.837 [Test worker] DEBUG o.s.w.c.RestTemplate - Accept=[application/json, application/x-jackson-smile, application/*+json]
12:30:02.841 [qtp704807090-200] DEBUG o.s.w.s.a.HttpWebHandlerAdapter - [3a5ab301] HTTP GET "/controller"
12:30:02.845 [qtp704807090-200] DEBUG o.s.w.r.r.m.a.RequestMappingHandlerMapping - [3a5ab301] Mapped to org.springframework.web.reactive.function.server.DispatcherHandlerIntegrationTests$PersonController#controller()
12:30:02.867 [qtp704807090-200] DEBUG o.s.w.r.r.m.a.ResponseBodyResultHandler - Using 'application/json' given [application/json, application/x-jackson-smile, application/*+json] and supported [application/json, application/*+json, application/x-jackson-smile, application/*+x-jackson-smile, text/event-stream]
12:30:02.868 [qtp704807090-200] DEBUG o.s.w.r.r.m.a.ResponseBodyResultHandler - [3a5ab301] 0..1 [org.springframework.web.reactive.function.server.DispatcherHandlerIntegrationTests$Person]
12:30:02.868 [qtp704807090-200] DEBUG o.s.h.c.j.Jackson2JsonEncoder - [3a5ab301] Encoding [Person{name='John'}]
12:30:02.870 [Test worker] DEBUG o.s.w.c.RestTemplate - Response 200 OK
12:30:02.870 [qtp704807090-200] DEBUG o.s.w.s.a.HttpWebHandlerAdapter - [3a5ab301] Completed 200 OK
12:30:02.870 [Test worker] DEBUG o.s.w.c.RestTemplate - Reading to [org.springframework.web.reactive.function.server.DispatcherHandlerIntegrationTests$Person]
12:30:02.870 [Test worker] DEBUG o.s.w.t.h.s.r.b.JettyHttpServer - Stopping JettyHttpServer...
12:30:02.871 [Test worker] INFO  o.e.j.s.h.ContextHandler - Stopped o.e.j.s.ServletContextHandler@1e7c99c0{/,null,UNAVAILABLE}
12:30:02.873 [Test worker] INFO  o.e.j.s.AbstractConnector - Stopped ServerConnector@2262cbd3{HTTP/1.1, (http/1.1)}{0.0.0.0:0}
12:30:02.874 [Test worker] DEBUG o.s.w.t.h.s.r.b.JettyHttpServer - Server stopped (0 millis).
12:30:02.928 [Test worker] DEBUG o.s.w.r.r.m.a.RequestMappingHandlerMapping - 1 mappings in 'requestMappingHandlerMapping'
12:30:02.957 [Test worker] DEBUG o.s.w.r.f.s.s.RouterFunctionMapping - 3 RouterFunction(s) in 'routerFunctionMapping'
12:30:03.001 [Test worker] DEBUG o.s.w.r.r.m.a.ControllerMethodResolver - ControllerAdvice beans: none
12:30:03.067 [Test worker] DEBUG o.s.w.s.a.HttpWebHandlerAdapter - enableLoggingRequestDetails='false': form data and headers will be masked to prevent unsafe logging of potentially sensitive data
12:30:03.067 [Test worker] DEBUG o.s.w.t.h.s.r.b.ReactorHttpServer - Starting ReactorHttpServer...
12:30:03.070 [Test worker] DEBUG o.s.w.t.h.s.r.b.ReactorHttpServer - Server started on port 65077(0 millis).
12:30:03.070 [Test worker] DEBUG o.s.w.c.RestTemplate - HTTP GET http://localhost:65077/controller
12:30:03.077 [Test worker] DEBUG o.s.w.c.RestTemplate - Accept=[application/json, application/x-jackson-smile, application/*+json]
12:30:03.080 [reactor-http-nio-2] DEBUG o.s.w.s.a.HttpWebHandlerAdapter - [d0119437-7] HTTP GET "/controller"
12:30:03.080 [reactor-http-nio-2] DEBUG o.s.w.r.r.m.a.RequestMappingHandlerMapping - [d0119437-7] Mapped to org.springframework.web.reactive.function.server.DispatcherHandlerIntegrationTests$PersonController#controller()
12:30:03.082 [reactor-http-nio-2] DEBUG o.s.w.r.r.m.a.ResponseBodyResultHandler - Using 'application/json' given [application/json, application/x-jackson-smile, application/*+json] and supported [application/json, application/*+json, application/x-jackson-smile, application/*+x-jackson-smile, text/event-stream]
12:30:03.083 [reactor-http-nio-2] DEBUG o.s.w.r.r.m.a.ResponseBodyResultHandler - [d0119437-7] 0..1 [org.springframework.web.reactive.function.server.DispatcherHandlerIntegrationTests$Person]
12:30:03.083 [reactor-http-nio-2] DEBUG o.s.h.c.j.Jackson2JsonEncoder - [d0119437-7] Encoding [Person{name='John'}]
12:30:03.085 [Test worker] DEBUG o.s.w.c.RestTemplate - Response 200 OK
12:30:03.085 [reactor-http-nio-2] DEBUG o.s.w.s.a.HttpWebHandlerAdapter - [d0119437-7] Completed 200 OK
12:30:03.085 [Test worker] DEBUG o.s.w.c.RestTemplate - Reading to [org.springframework.web.reactive.function.server.DispatcherHandlerIntegrationTests$Person]
12:30:03.085 [Test worker] DEBUG o.s.w.t.h.s.r.b.ReactorHttpServer - Stopping ReactorHttpServer...
12:30:03.086 [Test worker] DEBUG o.s.w.t.h.s.r.b.ReactorHttpServer - Server stopped (0 millis).
12:30:03.138 [Test worker] DEBUG o.s.w.r.r.m.a.RequestMappingHandlerMapping - 1 mappings in 'requestMappingHandlerMapping'
12:30:03.158 [Test worker] DEBUG o.s.w.r.f.s.s.RouterFunctionMapping - 3 RouterFunction(s) in 'routerFunctionMapping'
12:30:03.219 [Test worker] DEBUG o.s.w.r.r.m.a.ControllerMethodResolver - ControllerAdvice beans: none
12:30:03.262 [Test worker] DEBUG o.s.w.s.a.HttpWebHandlerAdapter - enableLoggingRequestDetails='false': form data and headers will be masked to prevent unsafe logging of potentially sensitive data
12:30:03.263 [Test worker] DEBUG o.s.w.t.h.s.r.b.TomcatHttpServer - Starting TomcatHttpServer...
12:30:03.281 [Test worker] DEBUG o.s.w.t.h.s.r.b.TomcatHttpServer - Server started on port 65096(0 millis).
12:30:03.290 [Test worker] DEBUG o.s.w.c.RestTemplate - HTTP GET http://localhost:65096/controller
12:30:03.292 [Test worker] DEBUG o.s.w.c.RestTemplate - Accept=[application/json, application/x-jackson-smile, application/*+json]
12:30:04.475 [http-nio-auto-7-exec-1] DEBUG o.s.w.s.a.HttpWebHandlerAdapter - [41ec2fea] HTTP GET "/controller"
12:30:04.476 [http-nio-auto-7-exec-1] DEBUG o.s.w.r.r.m.a.RequestMappingHandlerMapping - [41ec2fea] Mapped to org.springframework.web.reactive.function.server.DispatcherHandlerIntegrationTests$PersonController#controller()
12:30:04.478 [http-nio-auto-7-exec-1] DEBUG o.s.w.r.r.m.a.ResponseBodyResultHandler - Using 'application/json' given [application/json, application/x-jackson-smile, application/*+json] and supported [application/json, application/*+json, application/x-jackson-smile, application/*+x-jackson-smile, text/event-stream]
12:30:04.478 [http-nio-auto-7-exec-1] DEBUG o.s.w.r.r.m.a.ResponseBodyResultHandler - [41ec2fea] 0..1 [org.springframework.web.reactive.function.server.DispatcherHandlerIntegrationTests$Person]
12:30:04.479 [http-nio-auto-7-exec-1] DEBUG o.s.h.c.j.Jackson2JsonEncoder - [41ec2fea] Encoding [Person{name='John'}]
12:30:04.480 [http-nio-auto-7-exec-1] DEBUG o.s.w.s.a.HttpWebHandlerAdapter - [41ec2fea] Completed 200 OK
12:30:04.480 [Test worker] DEBUG o.s.w.c.RestTemplate - Response 200 OK
12:30:04.480 [Test worker] DEBUG o.s.w.c.RestTemplate - Reading to [org.springframework.web.reactive.function.server.DispatcherHandlerIntegrationTests$Person]
12:30:04.488 [Test worker] DEBUG o.s.w.t.h.s.r.b.TomcatHttpServer - Stopping TomcatHttpServer...
12:30:10.038 [Test worker] DEBUG o.s.w.t.h.s.r.b.TomcatHttpServer - Server stopped (0 millis).
12:30:10.216 [Test worker] DEBUG o.s.w.r.r.m.a.RequestMappingHandlerMapping - 1 mappings in 'requestMappingHandlerMapping'
12:30:10.314 [Test worker] DEBUG o.s.w.r.f.s.s.RouterFunctionMapping - 3 RouterFunction(s) in 'routerFunctionMapping'
12:30:10.497 [Test worker] DEBUG o.s.w.r.r.m.a.ControllerMethodResolver - ControllerAdvice beans: none
12:30:10.593 [Test worker] DEBUG o.s.w.s.a.HttpWebHandlerAdapter - enableLoggingRequestDetails='false': form data and headers will be masked to prevent unsafe logging of potentially sensitive data
12:30:10.593 [Test worker] DEBUG o.s.w.t.h.s.r.b.UndertowHttpServer - Starting UndertowHttpServer...
12:30:10.594 [Test worker] INFO  i.undertow - starting server: Undertow - 2.0.32.Final
12:30:10.650 [Test worker] DEBUG o.s.w.t.h.s.r.b.UndertowHttpServer - Server started on port 65216(0 millis).
12:30:10.650 [Test worker] DEBUG o.s.w.c.RestTemplate - HTTP GET http://localhost:65216/controller
12:30:10.652 [Test worker] DEBUG o.s.w.c.RestTemplate - Accept=[application/json, application/x-jackson-smile, application/*+json]
12:30:10.688 [XNIO-7 I/O-2] DEBUG o.s.w.s.a.HttpWebHandlerAdapter - [6ad6ab65] HTTP GET "/controller"
12:30:10.689 [XNIO-7 I/O-2] DEBUG o.s.w.r.r.m.a.RequestMappingHandlerMapping - [6ad6ab65] Mapped to org.springframework.web.reactive.function.server.DispatcherHandlerIntegrationTests$PersonController#controller()
12:30:10.691 [XNIO-7 I/O-2] DEBUG o.s.w.r.r.m.a.ResponseBodyResultHandler - Using 'application/json' given [application/json, application/x-jackson-smile, application/*+json] and supported [application/json, application/*+json, application/x-jackson-smile, application/*+x-jackson-smile, text/event-stream]
12:30:10.691 [XNIO-7 I/O-2] DEBUG o.s.w.r.r.m.a.ResponseBodyResultHandler - [6ad6ab65] 0..1 [org.springframework.web.reactive.function.server.DispatcherHandlerIntegrationTests$Person]
12:30:10.691 [XNIO-7 I/O-2] DEBUG o.s.h.c.j.Jackson2JsonEncoder - [6ad6ab65] Encoding [Person{name='John'}]
12:30:10.693 [XNIO-7 I/O-2] DEBUG o.s.w.s.a.HttpWebHandlerAdapter - [6ad6ab65] Completed 200 OK
12:30:10.693 [Test worker] DEBUG o.s.w.c.RestTemplate - Response 200 OK
12:30:10.694 [Test worker] DEBUG o.s.w.c.RestTemplate - Reading to [org.springframework.web.reactive.function.server.DispatcherHandlerIntegrationTests$Person]
12:30:10.695 [Test worker] DEBUG o.s.w.t.h.s.r.b.UndertowHttpServer - Stopping UndertowHttpServer...
12:30:10.695 [Test worker] INFO  i.undertow - stopping server: Undertow - 2.0.32.Final
12:30:10.705 [Test worker] DEBUG o.s.w.t.h.s.r.b.UndertowHttpServer - Server stopped (0 millis).
]]></system-out>
  <system-err><![CDATA[]]></system-err>
</testsuite>
