<?xml version="1.0" encoding="UTF-8"?>
<testsuite name="org.springframework.web.reactive.function.server.ToStringVisitorTests" tests="2" skipped="0" failures="0" errors="0" timestamp="2020-12-12T04:31:01" hostname="DESKTOP-TMNPDT1" time="0.02">
  <properties/>
  <testcase name="nested()" classname="org.springframework.web.reactive.function.server.ToStringVisitorTests" time="0.006"/>
  <testcase name="predicates()" classname="org.springframework.web.reactive.function.server.ToStringVisitorTests" time="0.014"/>
  <system-out><![CDATA[]]></system-out>
  <system-err><![CDATA[]]></system-err>
</testsuite>
