<?xml version="1.0" encoding="UTF-8"?>
<testsuite name="org.springframework.web.reactive.function.server.CoRouterFunctionDslTests" tests="12" skipped="0" failures="0" errors="0" timestamp="2020-12-12T04:31:45" hostname="DESKTOP-TMNPDT1" time="0.315">
  <properties/>
  <testcase name="accept()" classname="org.springframework.web.reactive.function.server.CoRouterFunctionDslTests" time="0.079"/>
  <testcase name="header()" classname="org.springframework.web.reactive.function.server.CoRouterFunctionDslTests" time="0.003"/>
  <testcase name="method()" classname="org.springframework.web.reactive.function.server.CoRouterFunctionDslTests" time="0.002"/>
  <testcase name="resourceByPath()" classname="org.springframework.web.reactive.function.server.CoRouterFunctionDslTests" time="0.006"/>
  <testcase name="contentType()" classname="org.springframework.web.reactive.function.server.CoRouterFunctionDslTests" time="0.002"/>
  <testcase name="resource()" classname="org.springframework.web.reactive.function.server.CoRouterFunctionDslTests" time="0.17"/>
  <testcase name="path()" classname="org.springframework.web.reactive.function.server.CoRouterFunctionDslTests" time="0.001"/>
  <testcase name="emptyRouter()" classname="org.springframework.web.reactive.function.server.CoRouterFunctionDslTests" time="0.003"/>
  <testcase name="acceptAndPOSTWithRequestPredicate()" classname="org.springframework.web.reactive.function.server.CoRouterFunctionDslTests" time="0.001"/>
  <testcase name="rendering()" classname="org.springframework.web.reactive.function.server.CoRouterFunctionDslTests" time="0.039"/>
  <testcase name="acceptAndPOST()" classname="org.springframework.web.reactive.function.server.CoRouterFunctionDslTests" time="0.001"/>
  <testcase name="noRoute()" classname="org.springframework.web.reactive.function.server.CoRouterFunctionDslTests" time="0.001"/>
  <system-out><![CDATA[]]></system-out>
  <system-err><![CDATA[]]></system-err>
</testsuite>
