<?xml version="1.0" encoding="UTF-8"?>
<testsuite name="org.springframework.web.reactive.result.method.annotation.GlobalCorsConfigIntegrationTests" tests="36" skipped="0" failures="0" errors="0" timestamp="2020-12-12T04:30:22" hostname="DESKTOP-TMNPDT1" time="76.414">
  <properties/>
  <testcase name="actualRequestWithCorsEnabled(HttpServer)[1]" classname="org.springframework.web.reactive.result.method.annotation.GlobalCorsConfigIntegrationTests" time="2.261"/>
  <testcase name="actualRequestWithCorsEnabled(HttpServer)[2]" classname="org.springframework.web.reactive.result.method.annotation.GlobalCorsConfigIntegrationTests" time="0.733"/>
  <testcase name="actualRequestWithCorsEnabled(HttpServer)[3]" classname="org.springframework.web.reactive.result.method.annotation.GlobalCorsConfigIntegrationTests" time="10.032"/>
  <testcase name="actualRequestWithCorsEnabled(HttpServer)[4]" classname="org.springframework.web.reactive.result.method.annotation.GlobalCorsConfigIntegrationTests" time="0.451"/>
  <testcase name="actualRequestWithCorsRejected(HttpServer)[1]" classname="org.springframework.web.reactive.result.method.annotation.GlobalCorsConfigIntegrationTests" time="0.516"/>
  <testcase name="actualRequestWithCorsRejected(HttpServer)[2]" classname="org.springframework.web.reactive.result.method.annotation.GlobalCorsConfigIntegrationTests" time="0.341"/>
  <testcase name="actualRequestWithCorsRejected(HttpServer)[3]" classname="org.springframework.web.reactive.result.method.annotation.GlobalCorsConfigIntegrationTests" time="5.704"/>
  <testcase name="actualRequestWithCorsRejected(HttpServer)[4]" classname="org.springframework.web.reactive.result.method.annotation.GlobalCorsConfigIntegrationTests" time="0.318"/>
  <testcase name="preFlightRequestWithCorsEnabled(HttpServer)[1]" classname="org.springframework.web.reactive.result.method.annotation.GlobalCorsConfigIntegrationTests" time="0.526"/>
  <testcase name="preFlightRequestWithCorsEnabled(HttpServer)[2]" classname="org.springframework.web.reactive.result.method.annotation.GlobalCorsConfigIntegrationTests" time="0.435"/>
  <testcase name="preFlightRequestWithCorsEnabled(HttpServer)[3]" classname="org.springframework.web.reactive.result.method.annotation.GlobalCorsConfigIntegrationTests" time="8.108"/>
  <testcase name="preFlightRequestWithCorsEnabled(HttpServer)[4]" classname="org.springframework.web.reactive.result.method.annotation.GlobalCorsConfigIntegrationTests" time="0.569"/>
  <testcase name="preFlightRequestWithCorsRejected(HttpServer)[1]" classname="org.springframework.web.reactive.result.method.annotation.GlobalCorsConfigIntegrationTests" time="0.726"/>
  <testcase name="preFlightRequestWithCorsRejected(HttpServer)[2]" classname="org.springframework.web.reactive.result.method.annotation.GlobalCorsConfigIntegrationTests" time="0.465"/>
  <testcase name="preFlightRequestWithCorsRejected(HttpServer)[3]" classname="org.springframework.web.reactive.result.method.annotation.GlobalCorsConfigIntegrationTests" time="11.982"/>
  <testcase name="preFlightRequestWithCorsRejected(HttpServer)[4]" classname="org.springframework.web.reactive.result.method.annotation.GlobalCorsConfigIntegrationTests" time="0.53"/>
  <testcase name="actualRequestWithAmbiguousMapping(HttpServer)[1]" classname="org.springframework.web.reactive.result.method.annotation.GlobalCorsConfigIntegrationTests" time="0.307"/>
  <testcase name="actualRequestWithAmbiguousMapping(HttpServer)[2]" classname="org.springframework.web.reactive.result.method.annotation.GlobalCorsConfigIntegrationTests" time="0.72"/>
  <testcase name="actualRequestWithAmbiguousMapping(HttpServer)[3]" classname="org.springframework.web.reactive.result.method.annotation.GlobalCorsConfigIntegrationTests" time="14.154"/>
  <testcase name="actualRequestWithAmbiguousMapping(HttpServer)[4]" classname="org.springframework.web.reactive.result.method.annotation.GlobalCorsConfigIntegrationTests" time="0.513"/>
  <testcase name="preFlightRequestWithAmbiguousMapping(HttpServer)[1]" classname="org.springframework.web.reactive.result.method.annotation.GlobalCorsConfigIntegrationTests" time="0.251"/>
  <testcase name="preFlightRequestWithAmbiguousMapping(HttpServer)[2]" classname="org.springframework.web.reactive.result.method.annotation.GlobalCorsConfigIntegrationTests" time="0.171"/>
  <testcase name="preFlightRequestWithAmbiguousMapping(HttpServer)[3]" classname="org.springframework.web.reactive.result.method.annotation.GlobalCorsConfigIntegrationTests" time="7.118"/>
  <testcase name="preFlightRequestWithAmbiguousMapping(HttpServer)[4]" classname="org.springframework.web.reactive.result.method.annotation.GlobalCorsConfigIntegrationTests" time="0.247"/>
  <testcase name="preFlightRequestWithCorsRestricted(HttpServer)[1]" classname="org.springframework.web.reactive.result.method.annotation.GlobalCorsConfigIntegrationTests" time="0.214"/>
  <testcase name="preFlightRequestWithCorsRestricted(HttpServer)[2]" classname="org.springframework.web.reactive.result.method.annotation.GlobalCorsConfigIntegrationTests" time="0.179"/>
  <testcase name="preFlightRequestWithCorsRestricted(HttpServer)[3]" classname="org.springframework.web.reactive.result.method.annotation.GlobalCorsConfigIntegrationTests" time="4.209"/>
  <testcase name="preFlightRequestWithCorsRestricted(HttpServer)[4]" classname="org.springframework.web.reactive.result.method.annotation.GlobalCorsConfigIntegrationTests" time="0.192"/>
  <testcase name="actualRequestWithoutCorsEnabled(HttpServer)[1]" classname="org.springframework.web.reactive.result.method.annotation.GlobalCorsConfigIntegrationTests" time="0.22"/>
  <testcase name="actualRequestWithoutCorsEnabled(HttpServer)[2]" classname="org.springframework.web.reactive.result.method.annotation.GlobalCorsConfigIntegrationTests" time="0.133"/>
  <testcase name="actualRequestWithoutCorsEnabled(HttpServer)[3]" classname="org.springframework.web.reactive.result.method.annotation.GlobalCorsConfigIntegrationTests" time="0.639"/>
  <testcase name="actualRequestWithoutCorsEnabled(HttpServer)[4]" classname="org.springframework.web.reactive.result.method.annotation.GlobalCorsConfigIntegrationTests" time="0.357"/>
  <testcase name="preFlightRequestWithoutCorsEnabled(HttpServer)[1]" classname="org.springframework.web.reactive.result.method.annotation.GlobalCorsConfigIntegrationTests" time="0.181"/>
  <testcase name="preFlightRequestWithoutCorsEnabled(HttpServer)[2]" classname="org.springframework.web.reactive.result.method.annotation.GlobalCorsConfigIntegrationTests" time="0.228"/>
  <testcase name="preFlightRequestWithoutCorsEnabled(HttpServer)[3]" classname="org.springframework.web.reactive.result.method.annotation.GlobalCorsConfigIntegrationTests" time="1.168"/>
  <testcase name="preFlightRequestWithoutCorsEnabled(HttpServer)[4]" classname="org.springframework.web.reactive.result.method.annotation.GlobalCorsConfigIntegrationTests" time="0.248"/>
  <system-out><![CDATA[12:30:24.482 [Test worker] DEBUG o.s.w.r.r.m.a.RequestMappingHandlerMapping - 5 mappings in 'requestMappingHandlerMapping'
12:30:24.582 [Test worker] DEBUG o.s.w.r.r.m.a.ControllerMethodResolver - ControllerAdvice beans: none
12:30:24.687 [Test worker] DEBUG o.s.w.s.a.HttpWebHandlerAdapter - enableLoggingRequestDetails='false': form data and headers will be masked to prevent unsafe logging of potentially sensitive data
12:30:24.687 [Test worker] WARN  o.e.j.s.h.ContextHandler - Empty contextPath
12:30:24.688 [Test worker] INFO  o.e.j.s.h.ContextHandler - Started o.e.j.s.ServletContextHandler@488da7a{/,null,AVAILABLE}
12:30:24.689 [Test worker] DEBUG o.s.w.t.h.s.r.b.JettyHttpServer - Starting JettyHttpServer...
12:30:24.689 [Test worker] INFO  o.e.j.s.Server - jetty-9.4.31.v20200723; built: 2020-07-23T17:57:36.812Z; git: 450ba27947e13e66baa8cd1ce7e85a4461cacc1d; jvm 1.8.0_191-b12
12:30:24.827 [Test worker] INFO  o.e.j.s.AbstractConnector - Started ServerConnector@48934715{HTTP/1.1, (http/1.1)}{0.0.0.0:65374}
12:30:24.828 [Test worker] INFO  o.e.j.s.Server - Started @111891ms
12:30:24.828 [Test worker] DEBUG o.s.w.t.h.s.r.b.JettyHttpServer - Server started on port 65374(0 millis).
12:30:24.861 [Test worker] DEBUG o.s.w.c.RestTemplate - HTTP GET http://localhost:65374/cors
12:30:24.861 [Test worker] DEBUG o.s.w.c.RestTemplate - Accept=[text/plain, application/json, application/x-jackson-smile, application/*+json, */*]
12:30:25.131 [qtp1289607615-816] DEBUG o.s.w.s.a.HttpWebHandlerAdapter - [1e4bd4eb] HTTP GET "/cors"
12:30:25.132 [qtp1289607615-816] DEBUG o.s.w.r.r.m.a.RequestMappingHandlerMapping - [1e4bd4eb] Mapped to org.springframework.web.reactive.result.method.annotation.GlobalCorsConfigIntegrationTests$TestController#cors()
12:30:25.136 [qtp1289607615-816] DEBUG o.s.w.r.r.m.a.ResponseBodyResultHandler - Using 'text/plain;charset=UTF-8' given [text/plain, application/json, application/x-jackson-smile, application/*+json, */*] and supported [text/plain;charset=UTF-8, text/event-stream, text/plain;charset=UTF-8, */*]
12:30:25.136 [qtp1289607615-816] DEBUG o.s.w.r.r.m.a.ResponseBodyResultHandler - [1e4bd4eb] 0..1 [java.lang.String]
12:30:25.136 [qtp1289607615-816] DEBUG o.s.c.c.CharSequenceEncoder - [1e4bd4eb] Writing "cors"
12:30:25.138 [qtp1289607615-816] DEBUG o.s.w.s.a.HttpWebHandlerAdapter - [1e4bd4eb] Completed 200 OK
12:30:25.159 [Test worker] DEBUG o.s.w.c.RestTemplate - Response 200 OK
12:30:25.160 [Test worker] DEBUG o.s.w.c.RestTemplate - Reading to [java.lang.String] as "text/plain;charset=utf-8"
12:30:25.162 [Test worker] DEBUG o.s.w.t.h.s.r.b.JettyHttpServer - Stopping JettyHttpServer...
12:30:25.162 [Test worker] INFO  o.e.j.s.h.ContextHandler - Stopped o.e.j.s.ServletContextHandler@488da7a{/,null,UNAVAILABLE}
12:30:25.166 [Test worker] INFO  o.e.j.s.AbstractConnector - Stopped ServerConnector@48934715{HTTP/1.1, (http/1.1)}{0.0.0.0:0}
12:30:25.180 [Test worker] DEBUG o.s.w.t.h.s.r.b.JettyHttpServer - Server stopped (0 millis).
12:30:25.676 [Test worker] DEBUG o.s.w.r.r.m.a.RequestMappingHandlerMapping - 5 mappings in 'requestMappingHandlerMapping'
12:30:25.856 [Test worker] DEBUG o.s.w.r.r.m.a.ControllerMethodResolver - ControllerAdvice beans: none
12:30:25.967 [Test worker] DEBUG o.s.w.s.a.HttpWebHandlerAdapter - enableLoggingRequestDetails='false': form data and headers will be masked to prevent unsafe logging of potentially sensitive data
12:30:25.967 [Test worker] DEBUG o.s.w.t.h.s.r.b.ReactorHttpServer - Starting ReactorHttpServer...
12:30:25.969 [Test worker] DEBUG o.s.w.t.h.s.r.b.ReactorHttpServer - Server started on port 65393(0 millis).
12:30:25.969 [Test worker] DEBUG o.s.w.c.RestTemplate - HTTP GET http://localhost:65393/cors
12:30:25.970 [Test worker] DEBUG o.s.w.c.RestTemplate - Accept=[text/plain, application/json, application/x-jackson-smile, application/*+json, */*]
12:30:26.005 [reactor-http-nio-1] DEBUG o.s.w.s.a.HttpWebHandlerAdapter - [8cdb99ec-10] HTTP GET "/cors"
12:30:26.005 [reactor-http-nio-1] DEBUG o.s.w.r.r.m.a.RequestMappingHandlerMapping - [8cdb99ec-10] Mapped to org.springframework.web.reactive.result.method.annotation.GlobalCorsConfigIntegrationTests$TestController#cors()
12:30:26.010 [reactor-http-nio-1] DEBUG o.s.w.r.r.m.a.ResponseBodyResultHandler - Using 'text/plain;charset=UTF-8' given [text/plain, application/json, application/x-jackson-smile, application/*+json, */*] and supported [text/plain;charset=UTF-8, text/event-stream, text/plain;charset=UTF-8, */*]
12:30:26.010 [reactor-http-nio-1] DEBUG o.s.w.r.r.m.a.ResponseBodyResultHandler - [8cdb99ec-10] 0..1 [java.lang.String]
12:30:26.011 [reactor-http-nio-1] DEBUG o.s.c.c.CharSequenceEncoder - [8cdb99ec-10] Writing "cors"
12:30:26.013 [reactor-http-nio-1] DEBUG o.s.w.s.a.HttpWebHandlerAdapter - [8cdb99ec-10] Completed 200 OK
12:30:26.022 [Test worker] DEBUG o.s.w.c.RestTemplate - Response 200 OK
12:30:26.023 [Test worker] DEBUG o.s.w.c.RestTemplate - Reading to [java.lang.String] as "text/plain;charset=UTF-8"
12:30:26.023 [Test worker] DEBUG o.s.w.t.h.s.r.b.ReactorHttpServer - Stopping ReactorHttpServer...
12:30:26.024 [Test worker] DEBUG o.s.w.t.h.s.r.b.ReactorHttpServer - Server stopped (0 millis).
12:30:26.432 [Test worker] DEBUG o.s.w.r.r.m.a.RequestMappingHandlerMapping - 5 mappings in 'requestMappingHandlerMapping'
12:30:26.563 [Test worker] DEBUG o.s.w.r.r.m.a.ControllerMethodResolver - ControllerAdvice beans: none
12:30:26.809 [Test worker] DEBUG o.s.w.s.a.HttpWebHandlerAdapter - enableLoggingRequestDetails='false': form data and headers will be masked to prevent unsafe logging of potentially sensitive data
12:30:26.810 [Test worker] DEBUG o.s.w.t.h.s.r.b.TomcatHttpServer - Starting TomcatHttpServer...
12:30:26.975 [Test worker] DEBUG o.s.w.t.h.s.r.b.TomcatHttpServer - Server started on port 65397(0 millis).
12:30:26.975 [Test worker] DEBUG o.s.w.c.RestTemplate - HTTP GET http://localhost:65397/cors
12:30:26.975 [Test worker] DEBUG o.s.w.c.RestTemplate - Accept=[text/plain, application/json, application/x-jackson-smile, application/*+json, */*]
12:30:35.013 [http-nio-auto-9-exec-1] DEBUG o.s.w.s.a.HttpWebHandlerAdapter - [1955b284] HTTP GET "/cors"
12:30:35.014 [http-nio-auto-9-exec-1] DEBUG o.s.w.r.r.m.a.RequestMappingHandlerMapping - [1955b284] Mapped to org.springframework.web.reactive.result.method.annotation.GlobalCorsConfigIntegrationTests$TestController#cors()
12:30:35.018 [http-nio-auto-9-exec-1] DEBUG o.s.w.r.r.m.a.ResponseBodyResultHandler - Using 'text/plain;charset=UTF-8' given [text/plain, application/json, application/x-jackson-smile, application/*+json, */*] and supported [text/plain;charset=UTF-8, text/event-stream, text/plain;charset=UTF-8, */*]
12:30:35.018 [http-nio-auto-9-exec-1] DEBUG o.s.w.r.r.m.a.ResponseBodyResultHandler - [1955b284] 0..1 [java.lang.String]
12:30:35.019 [http-nio-auto-9-exec-1] DEBUG o.s.c.c.CharSequenceEncoder - [1955b284] Writing "cors"
12:30:35.020 [http-nio-auto-9-exec-1] DEBUG o.s.w.s.a.HttpWebHandlerAdapter - [1955b284] Completed 200 OK
12:30:35.405 [Test worker] DEBUG o.s.w.c.RestTemplate - Response 200 OK
12:30:35.406 [Test worker] DEBUG o.s.w.c.RestTemplate - Reading to [java.lang.String] as "text/plain;charset=UTF-8"
12:30:35.406 [Test worker] DEBUG o.s.w.t.h.s.r.b.TomcatHttpServer - Stopping TomcatHttpServer...
12:30:36.091 [Test worker] DEBUG o.s.w.t.h.s.r.b.TomcatHttpServer - Server stopped (0 millis).
12:30:36.299 [Test worker] DEBUG o.s.w.r.r.m.a.RequestMappingHandlerMapping - 5 mappings in 'requestMappingHandlerMapping'
12:30:36.406 [Test worker] DEBUG o.s.w.r.r.m.a.ControllerMethodResolver - ControllerAdvice beans: none
12:30:36.468 [Test worker] DEBUG o.s.w.s.a.HttpWebHandlerAdapter - enableLoggingRequestDetails='false': form data and headers will be masked to prevent unsafe logging of potentially sensitive data
12:30:36.468 [Test worker] DEBUG o.s.w.t.h.s.r.b.UndertowHttpServer - Starting UndertowHttpServer...
12:30:36.468 [Test worker] INFO  i.undertow - starting server: Undertow - 2.0.32.Final
12:30:36.490 [Test worker] DEBUG o.s.w.t.h.s.r.b.UndertowHttpServer - Server started on port 65506(0 millis).
12:30:36.496 [Test worker] DEBUG o.s.w.c.RestTemplate - HTTP GET http://localhost:65506/cors
12:30:36.497 [Test worker] DEBUG o.s.w.c.RestTemplate - Accept=[text/plain, application/json, application/x-jackson-smile, application/*+json, */*]
12:30:36.545 [XNIO-8 I/O-2] DEBUG o.s.w.s.a.HttpWebHandlerAdapter - [11354ab0] HTTP GET "/cors"
12:30:36.545 [XNIO-8 I/O-2] DEBUG o.s.w.r.r.m.a.RequestMappingHandlerMapping - [11354ab0] Mapped to org.springframework.web.reactive.result.method.annotation.GlobalCorsConfigIntegrationTests$TestController#cors()
12:30:36.550 [XNIO-8 I/O-2] DEBUG o.s.w.r.r.m.a.ResponseBodyResultHandler - Using 'text/plain;charset=UTF-8' given [text/plain, application/json, application/x-jackson-smile, application/*+json, */*] and supported [text/plain;charset=UTF-8, text/event-stream, text/plain;charset=UTF-8, */*]
12:30:36.550 [XNIO-8 I/O-2] DEBUG o.s.w.r.r.m.a.ResponseBodyResultHandler - [11354ab0] 0..1 [java.lang.String]
12:30:36.550 [XNIO-8 I/O-2] DEBUG o.s.c.c.CharSequenceEncoder - [11354ab0] Writing "cors"
12:30:36.551 [XNIO-8 I/O-2] DEBUG o.s.w.s.a.HttpWebHandlerAdapter - [11354ab0] Completed 200 OK
12:30:36.551 [Test worker] DEBUG o.s.w.c.RestTemplate - Response 200 OK
12:30:36.552 [Test worker] DEBUG o.s.w.c.RestTemplate - Reading to [java.lang.String] as "text/plain;charset=UTF-8"
12:30:36.552 [Test worker] DEBUG o.s.w.t.h.s.r.b.UndertowHttpServer - Stopping UndertowHttpServer...
12:30:36.552 [Test worker] INFO  i.undertow - stopping server: Undertow - 2.0.32.Final
12:30:36.564 [Test worker] DEBUG o.s.w.t.h.s.r.b.UndertowHttpServer - Server stopped (0 millis).
12:30:36.757 [Test worker] DEBUG o.s.w.r.r.m.a.RequestMappingHandlerMapping - 5 mappings in 'requestMappingHandlerMapping'
12:30:36.909 [Test worker] DEBUG o.s.w.r.r.m.a.ControllerMethodResolver - ControllerAdvice beans: none
12:30:37.057 [Test worker] DEBUG o.s.w.s.a.HttpWebHandlerAdapter - enableLoggingRequestDetails='false': form data and headers will be masked to prevent unsafe logging of potentially sensitive data
12:30:37.058 [Test worker] WARN  o.e.j.s.h.ContextHandler - Empty contextPath
12:30:37.058 [Test worker] INFO  o.e.j.s.h.ContextHandler - Started o.e.j.s.ServletContextHandler@11559be6{/,null,AVAILABLE}
12:30:37.058 [Test worker] DEBUG o.s.w.t.h.s.r.b.JettyHttpServer - Starting JettyHttpServer...
12:30:37.059 [Test worker] INFO  o.e.j.s.Server - jetty-9.4.31.v20200723; built: 2020-07-23T17:57:36.812Z; git: 450ba27947e13e66baa8cd1ce7e85a4461cacc1d; jvm 1.8.0_191-b12
12:30:37.081 [Test worker] INFO  o.e.j.s.AbstractConnector - Started ServerConnector@586f856f{HTTP/1.1, (http/1.1)}{0.0.0.0:65519}
12:30:37.081 [Test worker] INFO  o.e.j.s.Server - Started @124145ms
12:30:37.081 [Test worker] DEBUG o.s.w.t.h.s.r.b.JettyHttpServer - Server started on port 65519(0 millis).
12:30:37.082 [Test worker] DEBUG o.s.w.c.RestTemplate - HTTP GET http://localhost:65519/cors-restricted
12:30:37.082 [Test worker] DEBUG o.s.w.c.RestTemplate - Accept=[text/plain, application/json, application/x-jackson-smile, application/*+json, */*]
12:30:37.086 [qtp1054870070-845] DEBUG o.s.w.s.a.HttpWebHandlerAdapter - [70bae913] HTTP GET "/cors-restricted"
12:30:37.087 [qtp1054870070-845] DEBUG o.s.w.r.r.m.a.RequestMappingHandlerMapping - [70bae913] Mapped to org.springframework.web.reactive.result.method.annotation.GlobalCorsConfigIntegrationTests$TestController#corsRestricted()
12:30:37.087 [qtp1054870070-845] DEBUG o.s.w.c.r.DefaultCorsProcessor - Reject: 'http://localhost:9000' origin is not allowed
12:30:37.087 [qtp1054870070-845] DEBUG o.s.w.s.a.HttpWebHandlerAdapter - [70bae913] Completed 403 FORBIDDEN
12:30:37.088 [Test worker] DEBUG o.s.w.c.RestTemplate - Response 403 FORBIDDEN
12:30:37.100 [Test worker] DEBUG o.s.w.t.h.s.r.b.JettyHttpServer - Stopping JettyHttpServer...
12:30:37.100 [Test worker] INFO  o.e.j.s.h.ContextHandler - Stopped o.e.j.s.ServletContextHandler@11559be6{/,null,UNAVAILABLE}
12:30:37.102 [Test worker] INFO  o.e.j.s.AbstractConnector - Stopped ServerConnector@586f856f{HTTP/1.1, (http/1.1)}{0.0.0.0:0}
12:30:37.103 [Test worker] DEBUG o.s.w.t.h.s.r.b.JettyHttpServer - Server stopped (0 millis).
12:30:37.320 [Test worker] DEBUG o.s.w.r.r.m.a.RequestMappingHandlerMapping - 5 mappings in 'requestMappingHandlerMapping'
12:30:37.371 [Test worker] DEBUG o.s.w.r.r.m.a.ControllerMethodResolver - ControllerAdvice beans: none
12:30:37.462 [Test worker] DEBUG o.s.w.s.a.HttpWebHandlerAdapter - enableLoggingRequestDetails='false': form data and headers will be masked to prevent unsafe logging of potentially sensitive data
12:30:37.462 [Test worker] DEBUG o.s.w.t.h.s.r.b.ReactorHttpServer - Starting ReactorHttpServer...
12:30:37.463 [Test worker] DEBUG o.s.w.t.h.s.r.b.ReactorHttpServer - Server started on port 65525(0 millis).
12:30:37.464 [Test worker] DEBUG o.s.w.c.RestTemplate - HTTP GET http://localhost:65525/cors-restricted
12:30:37.465 [Test worker] DEBUG o.s.w.c.RestTemplate - Accept=[text/plain, application/json, application/x-jackson-smile, application/*+json, */*]
12:30:37.468 [reactor-http-nio-3] DEBUG o.s.w.s.a.HttpWebHandlerAdapter - [c0be93c0-11] HTTP GET "/cors-restricted"
12:30:37.469 [reactor-http-nio-3] DEBUG o.s.w.r.r.m.a.RequestMappingHandlerMapping - [c0be93c0-11] Mapped to org.springframework.web.reactive.result.method.annotation.GlobalCorsConfigIntegrationTests$TestController#corsRestricted()
12:30:37.469 [reactor-http-nio-3] DEBUG o.s.w.c.r.DefaultCorsProcessor - Reject: 'http://localhost:9000' origin is not allowed
12:30:37.469 [reactor-http-nio-3] DEBUG o.s.w.s.a.HttpWebHandlerAdapter - [c0be93c0-11] Completed 403 FORBIDDEN
12:30:37.471 [Test worker] DEBUG o.s.w.c.RestTemplate - Response 403 FORBIDDEN
12:30:37.472 [Test worker] DEBUG o.s.w.t.h.s.r.b.ReactorHttpServer - Stopping ReactorHttpServer...
12:30:37.472 [Test worker] DEBUG o.s.w.t.h.s.r.b.ReactorHttpServer - Server stopped (0 millis).
12:30:37.715 [Test worker] DEBUG o.s.w.r.r.m.a.RequestMappingHandlerMapping - 5 mappings in 'requestMappingHandlerMapping'
12:30:37.773 [Test worker] DEBUG o.s.w.r.r.m.a.ControllerMethodResolver - ControllerAdvice beans: none
12:30:37.857 [Test worker] DEBUG o.s.w.s.a.HttpWebHandlerAdapter - enableLoggingRequestDetails='false': form data and headers will be masked to prevent unsafe logging of potentially sensitive data
12:30:37.924 [Test worker] DEBUG o.s.w.t.h.s.r.b.TomcatHttpServer - Starting TomcatHttpServer...
12:30:37.949 [Test worker] DEBUG o.s.w.t.h.s.r.b.TomcatHttpServer - Server started on port 65527(0 millis).
12:30:37.949 [Test worker] DEBUG o.s.w.c.RestTemplate - HTTP GET http://localhost:65527/cors-restricted
12:30:37.949 [Test worker] DEBUG o.s.w.c.RestTemplate - Accept=[text/plain, application/json, application/x-jackson-smile, application/*+json, */*]
12:30:42.330 [http-nio-auto-10-exec-1] DEBUG o.s.w.s.a.HttpWebHandlerAdapter - [abe3cc] HTTP GET "/cors-restricted"
12:30:42.330 [http-nio-auto-10-exec-1] DEBUG o.s.w.r.r.m.a.RequestMappingHandlerMapping - [abe3cc] Mapped to org.springframework.web.reactive.result.method.annotation.GlobalCorsConfigIntegrationTests$TestController#corsRestricted()
12:30:42.332 [http-nio-auto-10-exec-1] DEBUG o.s.w.c.r.DefaultCorsProcessor - Reject: 'http://localhost:9000' origin is not allowed
12:30:42.332 [http-nio-auto-10-exec-1] DEBUG o.s.w.s.a.HttpWebHandlerAdapter - [abe3cc] Completed 403 FORBIDDEN
12:30:42.341 [Test worker] DEBUG o.s.w.c.RestTemplate - Response 403 FORBIDDEN
12:30:42.531 [Test worker] DEBUG o.s.w.t.h.s.r.b.TomcatHttpServer - Stopping TomcatHttpServer...
12:30:43.240 [Test worker] DEBUG o.s.w.t.h.s.r.b.TomcatHttpServer - Server stopped (0 millis).
12:30:43.409 [Test worker] DEBUG o.s.w.r.r.m.a.RequestMappingHandlerMapping - 5 mappings in 'requestMappingHandlerMapping'
12:30:43.465 [Test worker] DEBUG o.s.w.r.r.m.a.ControllerMethodResolver - ControllerAdvice beans: none
12:30:43.508 [Test worker] DEBUG o.s.w.s.a.HttpWebHandlerAdapter - enableLoggingRequestDetails='false': form data and headers will be masked to prevent unsafe logging of potentially sensitive data
12:30:43.508 [Test worker] DEBUG o.s.w.t.h.s.r.b.UndertowHttpServer - Starting UndertowHttpServer...
12:30:43.508 [Test worker] INFO  i.undertow - starting server: Undertow - 2.0.32.Final
12:30:43.521 [Test worker] DEBUG o.s.w.t.h.s.r.b.UndertowHttpServer - Server started on port 49188(0 millis).
12:30:43.521 [Test worker] DEBUG o.s.w.c.RestTemplate - HTTP GET http://localhost:49188/cors-restricted
12:30:43.522 [Test worker] DEBUG o.s.w.c.RestTemplate - Accept=[text/plain, application/json, application/x-jackson-smile, application/*+json, */*]
12:30:43.572 [XNIO-9 I/O-2] DEBUG o.s.w.s.a.HttpWebHandlerAdapter - [66f88284] HTTP GET "/cors-restricted"
12:30:43.572 [XNIO-9 I/O-2] DEBUG o.s.w.r.r.m.a.RequestMappingHandlerMapping - [66f88284] Mapped to org.springframework.web.reactive.result.method.annotation.GlobalCorsConfigIntegrationTests$TestController#corsRestricted()
12:30:43.572 [XNIO-9 I/O-2] DEBUG o.s.w.c.r.DefaultCorsProcessor - Reject: 'http://localhost:9000' origin is not allowed
12:30:43.572 [XNIO-9 I/O-2] DEBUG o.s.w.s.a.HttpWebHandlerAdapter - [66f88284] Completed 403 FORBIDDEN
12:30:43.573 [Test worker] DEBUG o.s.w.c.RestTemplate - Response 403 FORBIDDEN
12:30:43.574 [Test worker] DEBUG o.s.w.t.h.s.r.b.UndertowHttpServer - Stopping UndertowHttpServer...
12:30:43.574 [Test worker] INFO  i.undertow - stopping server: Undertow - 2.0.32.Final
12:30:43.588 [Test worker] DEBUG o.s.w.t.h.s.r.b.UndertowHttpServer - Server stopped (0 millis).
12:30:43.850 [Test worker] DEBUG o.s.w.r.r.m.a.RequestMappingHandlerMapping - 5 mappings in 'requestMappingHandlerMapping'
12:30:43.968 [Test worker] DEBUG o.s.w.r.r.m.a.ControllerMethodResolver - ControllerAdvice beans: none
12:30:44.053 [Test worker] DEBUG o.s.w.s.a.HttpWebHandlerAdapter - enableLoggingRequestDetails='false': form data and headers will be masked to prevent unsafe logging of potentially sensitive data
12:30:44.053 [Test worker] WARN  o.e.j.s.h.ContextHandler - Empty contextPath
12:30:44.054 [Test worker] INFO  o.e.j.s.h.ContextHandler - Started o.e.j.s.ServletContextHandler@2140422b{/,null,AVAILABLE}
12:30:44.055 [Test worker] DEBUG o.s.w.t.h.s.r.b.JettyHttpServer - Starting JettyHttpServer...
12:30:44.055 [Test worker] INFO  o.e.j.s.Server - jetty-9.4.31.v20200723; built: 2020-07-23T17:57:36.812Z; git: 450ba27947e13e66baa8cd1ce7e85a4461cacc1d; jvm 1.8.0_191-b12
12:30:44.077 [Test worker] INFO  o.e.j.s.AbstractConnector - Started ServerConnector@91888f9{HTTP/1.1, (http/1.1)}{0.0.0.0:49190}
12:30:44.077 [Test worker] INFO  o.e.j.s.Server - Started @131140ms
12:30:44.077 [Test worker] DEBUG o.s.w.t.h.s.r.b.JettyHttpServer - Server started on port 49190(0 millis).
12:30:44.079 [Test worker] DEBUG o.s.w.c.RestTemplate - HTTP OPTIONS http://localhost:49190/cors
12:30:44.079 [Test worker] DEBUG o.s.w.c.RestTemplate - Accept=[text/plain, application/json, application/x-jackson-smile, application/*+json, */*]
12:30:44.117 [qtp416723611-873] DEBUG o.s.w.s.a.HttpWebHandlerAdapter - [3e106d3f] HTTP OPTIONS "/cors"
12:30:44.120 [qtp416723611-873] DEBUG o.s.w.r.r.m.a.RequestMappingHandlerMapping - [3e106d3f] Mapped to org.springframework.web.reactive.result.method.annotation.GlobalCorsConfigIntegrationTests$TestController#cors()
12:30:44.121 [qtp416723611-873] DEBUG o.s.w.s.a.HttpWebHandlerAdapter - [3e106d3f] Completed 200 OK
12:30:44.122 [Test worker] DEBUG o.s.w.c.RestTemplate - Response 200 OK
12:30:44.124 [Test worker] DEBUG o.s.w.t.h.s.r.b.JettyHttpServer - Stopping JettyHttpServer...
12:30:44.124 [Test worker] INFO  o.e.j.s.h.ContextHandler - Stopped o.e.j.s.ServletContextHandler@2140422b{/,null,UNAVAILABLE}
12:30:44.131 [Test worker] INFO  o.e.j.s.AbstractConnector - Stopped ServerConnector@91888f9{HTTP/1.1, (http/1.1)}{0.0.0.0:0}
12:30:44.134 [Test worker] DEBUG o.s.w.t.h.s.r.b.JettyHttpServer - Server stopped (0 millis).
12:30:44.394 [Test worker] DEBUG o.s.w.r.r.m.a.RequestMappingHandlerMapping - 5 mappings in 'requestMappingHandlerMapping'
12:30:44.492 [Test worker] DEBUG o.s.w.r.r.m.a.ControllerMethodResolver - ControllerAdvice beans: none
12:30:44.575 [Test worker] DEBUG o.s.w.s.a.HttpWebHandlerAdapter - enableLoggingRequestDetails='false': form data and headers will be masked to prevent unsafe logging of potentially sensitive data
12:30:44.576 [Test worker] DEBUG o.s.w.t.h.s.r.b.ReactorHttpServer - Starting ReactorHttpServer...
12:30:44.578 [Test worker] DEBUG o.s.w.t.h.s.r.b.ReactorHttpServer - Server started on port 49196(0 millis).
12:30:44.579 [Test worker] DEBUG o.s.w.c.RestTemplate - HTTP OPTIONS http://localhost:49196/cors
12:30:44.579 [Test worker] DEBUG o.s.w.c.RestTemplate - Accept=[text/plain, application/json, application/x-jackson-smile, application/*+json, */*]
12:30:44.586 [reactor-http-nio-1] DEBUG o.s.w.s.a.HttpWebHandlerAdapter - [a07bd56d-12] HTTP OPTIONS "/cors"
12:30:44.587 [reactor-http-nio-1] DEBUG o.s.w.r.r.m.a.RequestMappingHandlerMapping - [a07bd56d-12] Mapped to org.springframework.web.reactive.result.method.annotation.GlobalCorsConfigIntegrationTests$TestController#cors()
12:30:44.587 [reactor-http-nio-1] DEBUG o.s.w.s.a.HttpWebHandlerAdapter - [a07bd56d-12] Completed 200 OK
12:30:44.592 [Test worker] DEBUG o.s.w.c.RestTemplate - Response 200 OK
12:30:44.593 [Test worker] DEBUG o.s.w.t.h.s.r.b.ReactorHttpServer - Stopping ReactorHttpServer...
12:30:44.594 [Test worker] DEBUG o.s.w.t.h.s.r.b.ReactorHttpServer - Server stopped (0 millis).
12:30:44.826 [Test worker] DEBUG o.s.w.r.r.m.a.RequestMappingHandlerMapping - 5 mappings in 'requestMappingHandlerMapping'
12:30:44.939 [Test worker] DEBUG o.s.w.r.r.m.a.ControllerMethodResolver - ControllerAdvice beans: none
12:30:45.022 [Test worker] DEBUG o.s.w.s.a.HttpWebHandlerAdapter - enableLoggingRequestDetails='false': form data and headers will be masked to prevent unsafe logging of potentially sensitive data
12:30:45.048 [Test worker] DEBUG o.s.w.t.h.s.r.b.TomcatHttpServer - Starting TomcatHttpServer...
12:30:45.068 [Test worker] DEBUG o.s.w.t.h.s.r.b.TomcatHttpServer - Server started on port 49198(0 millis).
12:30:45.069 [Test worker] DEBUG o.s.w.c.RestTemplate - HTTP OPTIONS http://localhost:49198/cors
12:30:45.070 [Test worker] DEBUG o.s.w.c.RestTemplate - Accept=[text/plain, application/json, application/x-jackson-smile, application/*+json, */*]
12:30:51.518 [http-nio-auto-11-exec-1] DEBUG o.s.w.s.a.HttpWebHandlerAdapter - [23865418] HTTP OPTIONS "/cors"
12:30:51.520 [http-nio-auto-11-exec-1] DEBUG o.s.w.r.r.m.a.RequestMappingHandlerMapping - [23865418] Mapped to org.springframework.web.reactive.result.method.annotation.GlobalCorsConfigIntegrationTests$TestController#cors()
12:30:51.520 [http-nio-auto-11-exec-1] DEBUG o.s.w.s.a.HttpWebHandlerAdapter - [23865418] Completed 200 OK
12:30:51.527 [Test worker] DEBUG o.s.w.c.RestTemplate - Response 200 OK
12:30:51.528 [Test worker] DEBUG o.s.w.t.h.s.r.b.TomcatHttpServer - Stopping TomcatHttpServer...
12:30:52.784 [Test worker] DEBUG o.s.w.t.h.s.r.b.TomcatHttpServer - Server stopped (0 millis).
12:30:53.005 [Test worker] DEBUG o.s.w.r.r.m.a.RequestMappingHandlerMapping - 5 mappings in 'requestMappingHandlerMapping'
12:30:53.127 [Test worker] DEBUG o.s.w.r.r.m.a.ControllerMethodResolver - ControllerAdvice beans: none
12:30:53.235 [Test worker] DEBUG o.s.w.s.a.HttpWebHandlerAdapter - enableLoggingRequestDetails='false': form data and headers will be masked to prevent unsafe logging of potentially sensitive data
12:30:53.235 [Test worker] DEBUG o.s.w.t.h.s.r.b.UndertowHttpServer - Starting UndertowHttpServer...
12:30:53.235 [Test worker] INFO  i.undertow - starting server: Undertow - 2.0.32.Final
12:30:53.246 [Test worker] DEBUG o.s.w.t.h.s.r.b.UndertowHttpServer - Server started on port 49274(0 millis).
12:30:53.246 [Test worker] DEBUG o.s.w.c.RestTemplate - HTTP OPTIONS http://localhost:49274/cors
12:30:53.247 [Test worker] DEBUG o.s.w.c.RestTemplate - Accept=[text/plain, application/json, application/x-jackson-smile, application/*+json, */*]
12:30:53.396 [XNIO-10 I/O-2] DEBUG o.s.w.s.a.HttpWebHandlerAdapter - [22bb04d6] HTTP OPTIONS "/cors"
12:30:53.397 [XNIO-10 I/O-2] DEBUG o.s.w.r.r.m.a.RequestMappingHandlerMapping - [22bb04d6] Mapped to org.springframework.web.reactive.result.method.annotation.GlobalCorsConfigIntegrationTests$TestController#cors()
12:30:53.397 [XNIO-10 I/O-2] DEBUG o.s.w.s.a.HttpWebHandlerAdapter - [22bb04d6] Completed 200 OK
12:30:53.398 [Test worker] DEBUG o.s.w.c.RestTemplate - Response 200 OK
12:30:53.399 [Test worker] DEBUG o.s.w.t.h.s.r.b.UndertowHttpServer - Stopping UndertowHttpServer...
12:30:53.399 [Test worker] INFO  i.undertow - stopping server: Undertow - 2.0.32.Final
12:30:53.408 [Test worker] DEBUG o.s.w.t.h.s.r.b.UndertowHttpServer - Server stopped (0 millis).
12:30:53.603 [Test worker] DEBUG o.s.w.r.r.m.a.RequestMappingHandlerMapping - 5 mappings in 'requestMappingHandlerMapping'
12:30:53.669 [Test worker] DEBUG o.s.w.r.r.m.a.ControllerMethodResolver - ControllerAdvice beans: none
12:30:53.790 [Test worker] DEBUG o.s.w.s.a.HttpWebHandlerAdapter - enableLoggingRequestDetails='false': form data and headers will be masked to prevent unsafe logging of potentially sensitive data
12:30:53.791 [Test worker] WARN  o.e.j.s.h.ContextHandler - Empty contextPath
12:30:53.821 [Test worker] INFO  o.e.j.s.h.ContextHandler - Started o.e.j.s.ServletContextHandler@892238a{/,null,AVAILABLE}
12:30:53.826 [Test worker] DEBUG o.s.w.t.h.s.r.b.JettyHttpServer - Starting JettyHttpServer...
12:30:53.827 [Test worker] INFO  o.e.j.s.Server - jetty-9.4.31.v20200723; built: 2020-07-23T17:57:36.812Z; git: 450ba27947e13e66baa8cd1ce7e85a4461cacc1d; jvm 1.8.0_191-b12
12:30:53.869 [Test worker] INFO  o.e.j.s.AbstractConnector - Started ServerConnector@1e8b560{HTTP/1.1, (http/1.1)}{0.0.0.0:49276}
12:30:53.870 [Test worker] INFO  o.e.j.s.Server - Started @140932ms
12:30:53.870 [Test worker] DEBUG o.s.w.t.h.s.r.b.JettyHttpServer - Server started on port 49276(0 millis).
12:30:53.870 [Test worker] DEBUG o.s.w.c.RestTemplate - HTTP OPTIONS http://localhost:49276/cors-restricted
12:30:53.870 [Test worker] DEBUG o.s.w.c.RestTemplate - Accept=[text/plain, application/json, application/x-jackson-smile, application/*+json, */*]
12:30:53.960 [qtp15631915-901] DEBUG o.s.w.s.a.HttpWebHandlerAdapter - [439e0233] HTTP OPTIONS "/cors-restricted"
12:30:53.962 [qtp15631915-901] DEBUG o.s.w.r.r.m.a.RequestMappingHandlerMapping - [439e0233] Mapped to org.springframework.web.reactive.result.method.annotation.GlobalCorsConfigIntegrationTests$TestController#corsRestricted()
12:30:53.962 [qtp15631915-901] DEBUG o.s.w.c.r.DefaultCorsProcessor - Reject: 'http://localhost:9000' origin is not allowed
12:30:53.962 [qtp15631915-901] DEBUG o.s.w.s.a.HttpWebHandlerAdapter - [439e0233] Completed 403 FORBIDDEN
12:30:53.963 [Test worker] DEBUG o.s.w.c.RestTemplate - Response 403 FORBIDDEN
12:30:53.964 [Test worker] DEBUG o.s.w.t.h.s.r.b.JettyHttpServer - Stopping JettyHttpServer...
12:30:53.964 [Test worker] INFO  o.e.j.s.h.ContextHandler - Stopped o.e.j.s.ServletContextHandler@892238a{/,null,UNAVAILABLE}
12:30:53.967 [Test worker] INFO  o.e.j.s.AbstractConnector - Stopped ServerConnector@1e8b560{HTTP/1.1, (http/1.1)}{0.0.0.0:0}
12:30:54.168 [Test worker] DEBUG o.s.w.t.h.s.r.b.JettyHttpServer - Server stopped (0 millis).
12:30:54.539 [Test worker] DEBUG o.s.w.r.r.m.a.RequestMappingHandlerMapping - 5 mappings in 'requestMappingHandlerMapping'
12:30:54.634 [Test worker] DEBUG o.s.w.r.r.m.a.ControllerMethodResolver - ControllerAdvice beans: none
12:30:54.711 [Test worker] DEBUG o.s.w.s.a.HttpWebHandlerAdapter - enableLoggingRequestDetails='false': form data and headers will be masked to prevent unsafe logging of potentially sensitive data
12:30:54.711 [Test worker] DEBUG o.s.w.t.h.s.r.b.ReactorHttpServer - Starting ReactorHttpServer...
12:30:54.712 [Test worker] DEBUG o.s.w.t.h.s.r.b.ReactorHttpServer - Server started on port 49299(0 millis).
12:30:54.712 [Test worker] DEBUG o.s.w.c.RestTemplate - HTTP OPTIONS http://localhost:49299/cors-restricted
12:30:54.712 [Test worker] DEBUG o.s.w.c.RestTemplate - Accept=[text/plain, application/json, application/x-jackson-smile, application/*+json, */*]
12:30:54.715 [reactor-http-nio-3] DEBUG o.s.w.s.a.HttpWebHandlerAdapter - [d9441bab-13] HTTP OPTIONS "/cors-restricted"
12:30:54.716 [reactor-http-nio-3] DEBUG o.s.w.r.r.m.a.RequestMappingHandlerMapping - [d9441bab-13] Mapped to org.springframework.web.reactive.result.method.annotation.GlobalCorsConfigIntegrationTests$TestController#corsRestricted()
12:30:54.716 [reactor-http-nio-3] DEBUG o.s.w.c.r.DefaultCorsProcessor - Reject: 'http://localhost:9000' origin is not allowed
12:30:54.716 [reactor-http-nio-3] DEBUG o.s.w.s.a.HttpWebHandlerAdapter - [d9441bab-13] Completed 403 FORBIDDEN
12:30:54.717 [Test worker] DEBUG o.s.w.c.RestTemplate - Response 403 FORBIDDEN
12:30:54.717 [Test worker] DEBUG o.s.w.t.h.s.r.b.ReactorHttpServer - Stopping ReactorHttpServer...
12:30:54.718 [Test worker] DEBUG o.s.w.t.h.s.r.b.ReactorHttpServer - Server stopped (0 millis).
12:30:54.918 [Test worker] DEBUG o.s.w.r.r.m.a.RequestMappingHandlerMapping - 5 mappings in 'requestMappingHandlerMapping'
12:30:55.097 [Test worker] DEBUG o.s.w.r.r.m.a.ControllerMethodResolver - ControllerAdvice beans: none
12:30:55.188 [Test worker] DEBUG o.s.w.s.a.HttpWebHandlerAdapter - enableLoggingRequestDetails='false': form data and headers will be masked to prevent unsafe logging of potentially sensitive data
12:30:55.190 [Test worker] DEBUG o.s.w.t.h.s.r.b.TomcatHttpServer - Starting TomcatHttpServer...
12:30:55.219 [Test worker] DEBUG o.s.w.t.h.s.r.b.TomcatHttpServer - Server started on port 49314(0 millis).
12:30:55.219 [Test worker] DEBUG o.s.w.c.RestTemplate - HTTP OPTIONS http://localhost:49314/cors-restricted
12:30:55.220 [Test worker] DEBUG o.s.w.c.RestTemplate - Accept=[text/plain, application/json, application/x-jackson-smile, application/*+json, */*]
12:31:04.623 [http-nio-auto-12-exec-1] DEBUG o.s.w.s.a.HttpWebHandlerAdapter - [17553282] HTTP OPTIONS "/cors-restricted"
12:31:04.624 [http-nio-auto-12-exec-1] DEBUG o.s.w.r.r.m.a.RequestMappingHandlerMapping - [17553282] Mapped to org.springframework.web.reactive.result.method.annotation.GlobalCorsConfigIntegrationTests$TestController#corsRestricted()
12:31:04.624 [http-nio-auto-12-exec-1] DEBUG o.s.w.c.r.DefaultCorsProcessor - Reject: 'http://localhost:9000' origin is not allowed
12:31:04.625 [http-nio-auto-12-exec-1] DEBUG o.s.w.s.a.HttpWebHandlerAdapter - [17553282] Completed 403 FORBIDDEN
12:31:04.675 [Test worker] DEBUG o.s.w.c.RestTemplate - Response 403 FORBIDDEN
12:31:04.675 [Test worker] DEBUG o.s.w.t.h.s.r.b.TomcatHttpServer - Stopping TomcatHttpServer...
12:31:06.719 [Test worker] DEBUG o.s.w.t.h.s.r.b.TomcatHttpServer - Server stopped (0 millis).
12:31:06.958 [Test worker] DEBUG o.s.w.r.r.m.a.RequestMappingHandlerMapping - 5 mappings in 'requestMappingHandlerMapping'
12:31:07.054 [Test worker] DEBUG o.s.w.r.r.m.a.ControllerMethodResolver - ControllerAdvice beans: none
12:31:07.145 [Test worker] DEBUG o.s.w.s.a.HttpWebHandlerAdapter - enableLoggingRequestDetails='false': form data and headers will be masked to prevent unsafe logging of potentially sensitive data
12:31:07.145 [Test worker] DEBUG o.s.w.t.h.s.r.b.UndertowHttpServer - Starting UndertowHttpServer...
12:31:07.145 [Test worker] INFO  i.undertow - starting server: Undertow - 2.0.32.Final
12:31:07.156 [Test worker] DEBUG o.s.w.t.h.s.r.b.UndertowHttpServer - Server started on port 49474(0 millis).
12:31:07.156 [Test worker] DEBUG o.s.w.c.RestTemplate - HTTP OPTIONS http://localhost:49474/cors-restricted
12:31:07.157 [Test worker] DEBUG o.s.w.c.RestTemplate - Accept=[text/plain, application/json, application/x-jackson-smile, application/*+json, */*]
12:31:07.265 [XNIO-11 I/O-2] DEBUG o.s.w.s.a.HttpWebHandlerAdapter - [2cd27a84] HTTP OPTIONS "/cors-restricted"
12:31:07.265 [XNIO-11 I/O-2] DEBUG o.s.w.r.r.m.a.RequestMappingHandlerMapping - [2cd27a84] Mapped to org.springframework.web.reactive.result.method.annotation.GlobalCorsConfigIntegrationTests$TestController#corsRestricted()
12:31:07.266 [XNIO-11 I/O-2] DEBUG o.s.w.c.r.DefaultCorsProcessor - Reject: 'http://localhost:9000' origin is not allowed
12:31:07.266 [XNIO-11 I/O-2] DEBUG o.s.w.s.a.HttpWebHandlerAdapter - [2cd27a84] Completed 403 FORBIDDEN
12:31:07.266 [Test worker] DEBUG o.s.w.c.RestTemplate - Response 403 FORBIDDEN
12:31:07.267 [Test worker] DEBUG o.s.w.t.h.s.r.b.UndertowHttpServer - Stopping UndertowHttpServer...
12:31:07.267 [Test worker] INFO  i.undertow - stopping server: Undertow - 2.0.32.Final
12:31:07.279 [Test worker] DEBUG o.s.w.t.h.s.r.b.UndertowHttpServer - Server stopped (0 millis).
12:31:07.418 [Test worker] DEBUG o.s.w.r.r.m.a.RequestMappingHandlerMapping - 5 mappings in 'requestMappingHandlerMapping'
12:31:07.472 [Test worker] DEBUG o.s.w.r.r.m.a.ControllerMethodResolver - ControllerAdvice beans: none
12:31:07.584 [Test worker] DEBUG o.s.w.s.a.HttpWebHandlerAdapter - enableLoggingRequestDetails='false': form data and headers will be masked to prevent unsafe logging of potentially sensitive data
12:31:07.585 [Test worker] WARN  o.e.j.s.h.ContextHandler - Empty contextPath
12:31:07.585 [Test worker] INFO  o.e.j.s.h.ContextHandler - Started o.e.j.s.ServletContextHandler@1244390c{/,null,AVAILABLE}
12:31:07.586 [Test worker] DEBUG o.s.w.t.h.s.r.b.JettyHttpServer - Starting JettyHttpServer...
12:31:07.586 [Test worker] INFO  o.e.j.s.Server - jetty-9.4.31.v20200723; built: 2020-07-23T17:57:36.812Z; git: 450ba27947e13e66baa8cd1ce7e85a4461cacc1d; jvm 1.8.0_191-b12
12:31:07.597 [Test worker] INFO  o.e.j.s.AbstractConnector - Started ServerConnector@2706e8d3{HTTP/1.1, (http/1.1)}{0.0.0.0:49482}
12:31:07.597 [Test worker] INFO  o.e.j.s.Server - Started @154660ms
12:31:07.597 [Test worker] DEBUG o.s.w.t.h.s.r.b.JettyHttpServer - Server started on port 49482(0 millis).
12:31:07.597 [Test worker] DEBUG o.s.w.c.RestTemplate - HTTP GET http://localhost:49482/ambiguous
12:31:07.597 [Test worker] DEBUG o.s.w.c.RestTemplate - Accept=[text/plain, application/json, application/x-jackson-smile, application/*+json, */*]
12:31:07.603 [qtp1257149671-932] DEBUG o.s.w.s.a.HttpWebHandlerAdapter - [7a7d8803] HTTP GET "/ambiguous"
12:31:07.604 [qtp1257149671-932] DEBUG o.s.w.r.r.m.a.RequestMappingHandlerMapping - [7a7d8803] Mapped to org.springframework.web.reactive.result.method.annotation.GlobalCorsConfigIntegrationTests$TestController#ambiguous2()
12:31:07.607 [qtp1257149671-932] DEBUG o.s.w.r.r.m.a.ResponseBodyResultHandler - Using 'text/html' given [text/html] and supported [text/html]
12:31:07.607 [qtp1257149671-932] DEBUG o.s.w.r.r.m.a.ResponseBodyResultHandler - [7a7d8803] 0..1 [java.lang.String]
12:31:07.608 [qtp1257149671-932] DEBUG o.s.c.c.CharSequenceEncoder - [7a7d8803] Writing "<p>ambiguous</p>"
12:31:07.609 [qtp1257149671-932] DEBUG o.s.w.s.a.HttpWebHandlerAdapter - [7a7d8803] Completed 200 OK
12:31:07.609 [Test worker] DEBUG o.s.w.c.RestTemplate - Response 200 OK
12:31:07.609 [Test worker] DEBUG o.s.w.c.RestTemplate - Reading to [java.lang.String] as "text/html;charset=utf-8"
12:31:07.609 [Test worker] DEBUG o.s.w.t.h.s.r.b.JettyHttpServer - Stopping JettyHttpServer...
12:31:07.609 [Test worker] INFO  o.e.j.s.h.ContextHandler - Stopped o.e.j.s.ServletContextHandler@1244390c{/,null,UNAVAILABLE}
12:31:07.612 [Test worker] INFO  o.e.j.s.AbstractConnector - Stopped ServerConnector@2706e8d3{HTTP/1.1, (http/1.1)}{0.0.0.0:0}
12:31:07.613 [Test worker] DEBUG o.s.w.t.h.s.r.b.JettyHttpServer - Server stopped (0 millis).
12:31:07.781 [Test worker] DEBUG o.s.w.r.r.m.a.RequestMappingHandlerMapping - 5 mappings in 'requestMappingHandlerMapping'
12:31:07.911 [Test worker] DEBUG o.s.w.r.r.m.a.ControllerMethodResolver - ControllerAdvice beans: none
12:31:08.345 [Test worker] DEBUG o.s.w.s.a.HttpWebHandlerAdapter - enableLoggingRequestDetails='false': form data and headers will be masked to prevent unsafe logging of potentially sensitive data
12:31:08.346 [Test worker] DEBUG o.s.w.t.h.s.r.b.ReactorHttpServer - Starting ReactorHttpServer...
12:31:08.347 [Test worker] DEBUG o.s.w.t.h.s.r.b.ReactorHttpServer - Server started on port 49489(0 millis).
12:31:08.348 [Test worker] DEBUG o.s.w.c.RestTemplate - HTTP GET http://localhost:49489/ambiguous
12:31:08.349 [Test worker] DEBUG o.s.w.c.RestTemplate - Accept=[text/plain, application/json, application/x-jackson-smile, application/*+json, */*]
12:31:08.353 [reactor-http-nio-1] DEBUG o.s.w.s.a.HttpWebHandlerAdapter - [ad3b34f0-14] HTTP GET "/ambiguous"
12:31:08.354 [reactor-http-nio-1] DEBUG o.s.w.r.r.m.a.RequestMappingHandlerMapping - [ad3b34f0-14] Mapped to org.springframework.web.reactive.result.method.annotation.GlobalCorsConfigIntegrationTests$TestController#ambiguous2()
12:31:08.355 [reactor-http-nio-1] DEBUG o.s.w.r.r.m.a.ResponseBodyResultHandler - Using 'text/html' given [text/html] and supported [text/html]
12:31:08.355 [reactor-http-nio-1] DEBUG o.s.w.r.r.m.a.ResponseBodyResultHandler - [ad3b34f0-14] 0..1 [java.lang.String]
12:31:08.355 [reactor-http-nio-1] DEBUG o.s.c.c.CharSequenceEncoder - [ad3b34f0-14] Writing "<p>ambiguous</p>"
12:31:08.357 [reactor-http-nio-1] DEBUG o.s.w.s.a.HttpWebHandlerAdapter - [ad3b34f0-14] Completed 200 OK
12:31:08.358 [Test worker] DEBUG o.s.w.c.RestTemplate - Response 200 OK
12:31:08.358 [Test worker] DEBUG o.s.w.c.RestTemplate - Reading to [java.lang.String] as "text/html;charset=UTF-8"
12:31:08.359 [Test worker] DEBUG o.s.w.t.h.s.r.b.ReactorHttpServer - Stopping ReactorHttpServer...
12:31:08.359 [Test worker] DEBUG o.s.w.t.h.s.r.b.ReactorHttpServer - Server stopped (0 millis).
12:31:08.487 [Test worker] DEBUG o.s.w.r.r.m.a.RequestMappingHandlerMapping - 5 mappings in 'requestMappingHandlerMapping'
12:31:08.712 [Test worker] DEBUG o.s.w.r.r.m.a.ControllerMethodResolver - ControllerAdvice beans: none
12:31:09.098 [Test worker] DEBUG o.s.w.s.a.HttpWebHandlerAdapter - enableLoggingRequestDetails='false': form data and headers will be masked to prevent unsafe logging of potentially sensitive data
12:31:09.107 [Test worker] DEBUG o.s.w.t.h.s.r.b.TomcatHttpServer - Starting TomcatHttpServer...
12:31:09.238 [Test worker] DEBUG o.s.w.t.h.s.r.b.TomcatHttpServer - Server started on port 49493(0 millis).
12:31:09.239 [Test worker] DEBUG o.s.w.c.RestTemplate - HTTP GET http://localhost:49493/ambiguous
12:31:09.241 [Test worker] DEBUG o.s.w.c.RestTemplate - Accept=[text/plain, application/json, application/x-jackson-smile, application/*+json, */*]
12:31:21.968 [http-nio-auto-13-exec-1] DEBUG o.s.w.s.a.HttpWebHandlerAdapter - [6e29d9fd] HTTP GET "/ambiguous"
12:31:21.971 [http-nio-auto-13-exec-1] DEBUG o.s.w.r.r.m.a.RequestMappingHandlerMapping - [6e29d9fd] Mapped to org.springframework.web.reactive.result.method.annotation.GlobalCorsConfigIntegrationTests$TestController#ambiguous2()
12:31:21.976 [http-nio-auto-13-exec-1] DEBUG o.s.w.r.r.m.a.ResponseBodyResultHandler - Using 'text/html' given [text/html] and supported [text/html]
12:31:21.976 [http-nio-auto-13-exec-1] DEBUG o.s.w.r.r.m.a.ResponseBodyResultHandler - [6e29d9fd] 0..1 [java.lang.String]
12:31:21.977 [http-nio-auto-13-exec-1] DEBUG o.s.c.c.CharSequenceEncoder - [6e29d9fd] Writing "<p>ambiguous</p>"
12:31:21.979 [http-nio-auto-13-exec-1] DEBUG o.s.w.s.a.HttpWebHandlerAdapter - [6e29d9fd] Completed 200 OK
12:31:21.982 [Test worker] DEBUG o.s.w.c.RestTemplate - Response 200 OK
12:31:21.983 [Test worker] DEBUG o.s.w.c.RestTemplate - Reading to [java.lang.String] as "text/html;charset=UTF-8"
12:31:21.985 [Test worker] DEBUG o.s.w.t.h.s.r.b.TomcatHttpServer - Stopping TomcatHttpServer...
12:31:22.530 [Test worker] DEBUG o.s.w.t.h.s.r.b.TomcatHttpServer - Server stopped (0 millis).
12:31:22.752 [Test worker] DEBUG o.s.w.r.r.m.a.RequestMappingHandlerMapping - 5 mappings in 'requestMappingHandlerMapping'
12:31:22.999 [Test worker] DEBUG o.s.w.r.r.m.a.ControllerMethodResolver - ControllerAdvice beans: none
12:31:23.039 [Test worker] DEBUG o.s.w.s.a.HttpWebHandlerAdapter - enableLoggingRequestDetails='false': form data and headers will be masked to prevent unsafe logging of potentially sensitive data
12:31:23.040 [Test worker] DEBUG o.s.w.t.h.s.r.b.UndertowHttpServer - Starting UndertowHttpServer...
12:31:23.040 [Test worker] INFO  i.undertow - starting server: Undertow - 2.0.32.Final
12:31:23.053 [Test worker] DEBUG o.s.w.t.h.s.r.b.UndertowHttpServer - Server started on port 49609(0 millis).
12:31:23.053 [Test worker] DEBUG o.s.w.c.RestTemplate - HTTP GET http://localhost:49609/ambiguous
12:31:23.053 [Test worker] DEBUG o.s.w.c.RestTemplate - Accept=[text/plain, application/json, application/x-jackson-smile, application/*+json, */*]
12:31:23.062 [XNIO-12 I/O-2] DEBUG o.s.w.s.a.HttpWebHandlerAdapter - [5e80980f] HTTP GET "/ambiguous"
12:31:23.063 [XNIO-12 I/O-2] DEBUG o.s.w.r.r.m.a.RequestMappingHandlerMapping - [5e80980f] Mapped to org.springframework.web.reactive.result.method.annotation.GlobalCorsConfigIntegrationTests$TestController#ambiguous2()
12:31:23.064 [XNIO-12 I/O-2] DEBUG o.s.w.r.r.m.a.ResponseBodyResultHandler - Using 'text/html' given [text/html] and supported [text/html]
12:31:23.064 [XNIO-12 I/O-2] DEBUG o.s.w.r.r.m.a.ResponseBodyResultHandler - [5e80980f] 0..1 [java.lang.String]
12:31:23.065 [XNIO-12 I/O-2] DEBUG o.s.c.c.CharSequenceEncoder - [5e80980f] Writing "<p>ambiguous</p>"
12:31:23.066 [XNIO-12 I/O-2] DEBUG o.s.w.s.a.HttpWebHandlerAdapter - [5e80980f] Completed 200 OK
12:31:23.066 [Test worker] DEBUG o.s.w.c.RestTemplate - Response 200 OK
12:31:23.067 [Test worker] DEBUG o.s.w.c.RestTemplate - Reading to [java.lang.String] as "text/html;charset=UTF-8"
12:31:23.067 [Test worker] DEBUG o.s.w.t.h.s.r.b.UndertowHttpServer - Stopping UndertowHttpServer...
12:31:23.067 [Test worker] INFO  i.undertow - stopping server: Undertow - 2.0.32.Final
12:31:23.096 [Test worker] DEBUG o.s.w.t.h.s.r.b.UndertowHttpServer - Server stopped (0 millis).
12:31:23.218 [Test worker] DEBUG o.s.w.r.r.m.a.RequestMappingHandlerMapping - 5 mappings in 'requestMappingHandlerMapping'
12:31:23.261 [Test worker] DEBUG o.s.w.r.r.m.a.ControllerMethodResolver - ControllerAdvice beans: none
12:31:23.349 [Test worker] DEBUG o.s.w.s.a.HttpWebHandlerAdapter - enableLoggingRequestDetails='false': form data and headers will be masked to prevent unsafe logging of potentially sensitive data
12:31:23.350 [Test worker] WARN  o.e.j.s.h.ContextHandler - Empty contextPath
12:31:23.351 [Test worker] INFO  o.e.j.s.h.ContextHandler - Started o.e.j.s.ServletContextHandler@2f2374e0{/,null,AVAILABLE}
12:31:23.352 [Test worker] DEBUG o.s.w.t.h.s.r.b.JettyHttpServer - Starting JettyHttpServer...
12:31:23.352 [Test worker] INFO  o.e.j.s.Server - jetty-9.4.31.v20200723; built: 2020-07-23T17:57:36.812Z; git: 450ba27947e13e66baa8cd1ce7e85a4461cacc1d; jvm 1.8.0_191-b12
12:31:23.359 [Test worker] INFO  o.e.j.s.AbstractConnector - Started ServerConnector@7369a31{HTTP/1.1, (http/1.1)}{0.0.0.0:49617}
12:31:23.359 [Test worker] INFO  o.e.j.s.Server - Started @170422ms
12:31:23.359 [Test worker] DEBUG o.s.w.t.h.s.r.b.JettyHttpServer - Server started on port 49617(0 millis).
12:31:23.360 [Test worker] DEBUG o.s.w.c.RestTemplate - HTTP OPTIONS http://localhost:49617/ambiguous
12:31:23.360 [Test worker] DEBUG o.s.w.c.RestTemplate - Accept=[text/plain, application/json, application/x-jackson-smile, application/*+json, */*]
12:31:23.366 [qtp73094525-961] DEBUG o.s.w.s.a.HttpWebHandlerAdapter - [43ce848d] HTTP OPTIONS "/ambiguous"
12:31:23.368 [qtp73094525-961] DEBUG o.s.w.r.r.m.a.RequestMappingHandlerMapping - [43ce848d] Mapped to org.springframework.web.reactive.result.method.AbstractHandlerMethodMapping$PreFlightAmbiguousMatchHandler#handle()
12:31:23.368 [qtp73094525-961] DEBUG o.s.w.s.a.HttpWebHandlerAdapter - [43ce848d] Completed 200 OK
12:31:23.369 [Test worker] DEBUG o.s.w.c.RestTemplate - Response 200 OK
12:31:23.370 [Test worker] DEBUG o.s.w.t.h.s.r.b.JettyHttpServer - Stopping JettyHttpServer...
12:31:23.370 [Test worker] INFO  o.e.j.s.h.ContextHandler - Stopped o.e.j.s.ServletContextHandler@2f2374e0{/,null,UNAVAILABLE}
12:31:23.375 [Test worker] INFO  o.e.j.s.AbstractConnector - Stopped ServerConnector@7369a31{HTTP/1.1, (http/1.1)}{0.0.0.0:0}
12:31:23.376 [Test worker] DEBUG o.s.w.t.h.s.r.b.JettyHttpServer - Server stopped (0 millis).
12:31:23.485 [Test worker] DEBUG o.s.w.r.r.m.a.RequestMappingHandlerMapping - 5 mappings in 'requestMappingHandlerMapping'
12:31:23.528 [Test worker] DEBUG o.s.w.r.r.m.a.ControllerMethodResolver - ControllerAdvice beans: none
12:31:23.564 [Test worker] DEBUG o.s.w.s.a.HttpWebHandlerAdapter - enableLoggingRequestDetails='false': form data and headers will be masked to prevent unsafe logging of potentially sensitive data
12:31:23.564 [Test worker] DEBUG o.s.w.t.h.s.r.b.ReactorHttpServer - Starting ReactorHttpServer...
12:31:23.565 [Test worker] DEBUG o.s.w.t.h.s.r.b.ReactorHttpServer - Server started on port 49631(0 millis).
12:31:23.566 [Test worker] DEBUG o.s.w.c.RestTemplate - HTTP OPTIONS http://localhost:49631/ambiguous
12:31:23.566 [Test worker] DEBUG o.s.w.c.RestTemplate - Accept=[text/plain, application/json, application/x-jackson-smile, application/*+json, */*]
12:31:23.571 [reactor-http-nio-3] DEBUG o.s.w.s.a.HttpWebHandlerAdapter - [0816f701-15] HTTP OPTIONS "/ambiguous"
12:31:23.572 [reactor-http-nio-3] DEBUG o.s.w.r.r.m.a.RequestMappingHandlerMapping - [0816f701-15] Mapped to org.springframework.web.reactive.result.method.AbstractHandlerMethodMapping$PreFlightAmbiguousMatchHandler#handle()
12:31:23.572 [reactor-http-nio-3] DEBUG o.s.w.s.a.HttpWebHandlerAdapter - [0816f701-15] Completed 200 OK
12:31:23.576 [Test worker] DEBUG o.s.w.c.RestTemplate - Response 200 OK
12:31:23.577 [Test worker] DEBUG o.s.w.t.h.s.r.b.ReactorHttpServer - Stopping ReactorHttpServer...
12:31:23.577 [Test worker] DEBUG o.s.w.t.h.s.r.b.ReactorHttpServer - Server stopped (0 millis).
12:31:23.713 [Test worker] DEBUG o.s.w.r.r.m.a.RequestMappingHandlerMapping - 5 mappings in 'requestMappingHandlerMapping'
12:31:23.767 [Test worker] DEBUG o.s.w.r.r.m.a.ControllerMethodResolver - ControllerAdvice beans: none
12:31:23.825 [Test worker] DEBUG o.s.w.s.a.HttpWebHandlerAdapter - enableLoggingRequestDetails='false': form data and headers will be masked to prevent unsafe logging of potentially sensitive data
12:31:23.826 [Test worker] DEBUG o.s.w.t.h.s.r.b.TomcatHttpServer - Starting TomcatHttpServer...
12:31:23.896 [Test worker] DEBUG o.s.w.t.h.s.r.b.TomcatHttpServer - Server started on port 49640(0 millis).
12:31:23.896 [Test worker] DEBUG o.s.w.c.RestTemplate - HTTP OPTIONS http://localhost:49640/ambiguous
12:31:23.896 [Test worker] DEBUG o.s.w.c.RestTemplate - Accept=[text/plain, application/json, application/x-jackson-smile, application/*+json, */*]
12:31:29.809 [http-nio-auto-14-exec-10] DEBUG o.s.w.s.a.HttpWebHandlerAdapter - [5b34931f] HTTP OPTIONS "/ambiguous"
12:31:29.811 [http-nio-auto-14-exec-10] DEBUG o.s.w.r.r.m.a.RequestMappingHandlerMapping - [5b34931f] Mapped to org.springframework.web.reactive.result.method.AbstractHandlerMethodMapping$PreFlightAmbiguousMatchHandler#handle()
12:31:29.811 [http-nio-auto-14-exec-10] DEBUG o.s.w.s.a.HttpWebHandlerAdapter - [5b34931f] Completed 200 OK
12:31:29.847 [Test worker] DEBUG o.s.w.c.RestTemplate - Response 200 OK
12:31:29.849 [Test worker] DEBUG o.s.w.t.h.s.r.b.TomcatHttpServer - Stopping TomcatHttpServer...
12:31:30.721 [Test worker] DEBUG o.s.w.t.h.s.r.b.TomcatHttpServer - Server stopped (0 millis).
12:31:30.831 [Test worker] DEBUG o.s.w.r.r.m.a.RequestMappingHandlerMapping - 5 mappings in 'requestMappingHandlerMapping'
12:31:30.900 [Test worker] DEBUG o.s.w.r.r.m.a.ControllerMethodResolver - ControllerAdvice beans: none
12:31:30.962 [Test worker] DEBUG o.s.w.s.a.HttpWebHandlerAdapter - enableLoggingRequestDetails='false': form data and headers will be masked to prevent unsafe logging of potentially sensitive data
12:31:30.962 [Test worker] DEBUG o.s.w.t.h.s.r.b.UndertowHttpServer - Starting UndertowHttpServer...
12:31:30.963 [Test worker] INFO  i.undertow - starting server: Undertow - 2.0.32.Final
12:31:30.974 [Test worker] DEBUG o.s.w.t.h.s.r.b.UndertowHttpServer - Server started on port 49782(0 millis).
12:31:30.974 [Test worker] DEBUG o.s.w.c.RestTemplate - HTTP OPTIONS http://localhost:49782/ambiguous
12:31:30.975 [Test worker] DEBUG o.s.w.c.RestTemplate - Accept=[text/plain, application/json, application/x-jackson-smile, application/*+json, */*]
12:31:30.982 [XNIO-13 I/O-3] DEBUG o.s.w.s.a.HttpWebHandlerAdapter - [47f9dcc5] HTTP OPTIONS "/ambiguous"
12:31:30.988 [XNIO-13 I/O-3] DEBUG o.s.w.r.r.m.a.RequestMappingHandlerMapping - [47f9dcc5] Mapped to org.springframework.web.reactive.result.method.AbstractHandlerMethodMapping$PreFlightAmbiguousMatchHandler#handle()
12:31:30.988 [XNIO-13 I/O-3] DEBUG o.s.w.s.a.HttpWebHandlerAdapter - [47f9dcc5] Completed 200 OK
12:31:30.989 [Test worker] DEBUG o.s.w.c.RestTemplate - Response 200 OK
12:31:30.990 [Test worker] DEBUG o.s.w.t.h.s.r.b.UndertowHttpServer - Stopping UndertowHttpServer...
12:31:30.990 [Test worker] INFO  i.undertow - stopping server: Undertow - 2.0.32.Final
12:31:30.996 [Test worker] DEBUG o.s.w.t.h.s.r.b.UndertowHttpServer - Server stopped (0 millis).
12:31:31.122 [Test worker] DEBUG o.s.w.r.r.m.a.RequestMappingHandlerMapping - 5 mappings in 'requestMappingHandlerMapping'
12:31:31.176 [Test worker] DEBUG o.s.w.r.r.m.a.ControllerMethodResolver - ControllerAdvice beans: none
12:31:31.224 [Test worker] DEBUG o.s.w.s.a.HttpWebHandlerAdapter - enableLoggingRequestDetails='false': form data and headers will be masked to prevent unsafe logging of potentially sensitive data
12:31:31.224 [Test worker] WARN  o.e.j.s.h.ContextHandler - Empty contextPath
12:31:31.225 [Test worker] INFO  o.e.j.s.h.ContextHandler - Started o.e.j.s.ServletContextHandler@71f76ac1{/,null,AVAILABLE}
12:31:31.225 [Test worker] DEBUG o.s.w.t.h.s.r.b.JettyHttpServer - Starting JettyHttpServer...
12:31:31.225 [Test worker] INFO  o.e.j.s.Server - jetty-9.4.31.v20200723; built: 2020-07-23T17:57:36.812Z; git: 450ba27947e13e66baa8cd1ce7e85a4461cacc1d; jvm 1.8.0_191-b12
12:31:31.231 [Test worker] INFO  o.e.j.s.AbstractConnector - Started ServerConnector@7bb716d6{HTTP/1.1, (http/1.1)}{0.0.0.0:49796}
12:31:31.231 [Test worker] INFO  o.e.j.s.Server - Started @178294ms
12:31:31.231 [Test worker] DEBUG o.s.w.t.h.s.r.b.JettyHttpServer - Server started on port 49796(0 millis).
12:31:31.231 [Test worker] DEBUG o.s.w.c.RestTemplate - HTTP OPTIONS http://localhost:49796/cors-restricted
12:31:31.231 [Test worker] DEBUG o.s.w.c.RestTemplate - Accept=[text/plain, application/json, application/x-jackson-smile, application/*+json, */*]
12:31:31.235 [qtp1379683733-990] DEBUG o.s.w.s.a.HttpWebHandlerAdapter - [4efe6e5f] HTTP OPTIONS "/cors-restricted"
12:31:31.235 [qtp1379683733-990] DEBUG o.s.w.r.r.m.a.RequestMappingHandlerMapping - [4efe6e5f] Mapped to org.springframework.web.reactive.result.method.annotation.GlobalCorsConfigIntegrationTests$TestController#corsRestricted()
12:31:31.236 [qtp1379683733-990] DEBUG o.s.w.s.a.HttpWebHandlerAdapter - [4efe6e5f] Completed 200 OK
12:31:31.236 [Test worker] DEBUG o.s.w.c.RestTemplate - Response 200 OK
12:31:31.237 [Test worker] DEBUG o.s.w.t.h.s.r.b.JettyHttpServer - Stopping JettyHttpServer...
12:31:31.237 [Test worker] INFO  o.e.j.s.h.ContextHandler - Stopped o.e.j.s.ServletContextHandler@71f76ac1{/,null,UNAVAILABLE}
12:31:31.239 [Test worker] INFO  o.e.j.s.AbstractConnector - Stopped ServerConnector@7bb716d6{HTTP/1.1, (http/1.1)}{0.0.0.0:0}
12:31:31.241 [Test worker] DEBUG o.s.w.t.h.s.r.b.JettyHttpServer - Server stopped (0 millis).
12:31:31.341 [Test worker] DEBUG o.s.w.r.r.m.a.RequestMappingHandlerMapping - 5 mappings in 'requestMappingHandlerMapping'
12:31:31.385 [Test worker] DEBUG o.s.w.r.r.m.a.ControllerMethodResolver - ControllerAdvice beans: none
12:31:31.430 [Test worker] DEBUG o.s.w.s.a.HttpWebHandlerAdapter - enableLoggingRequestDetails='false': form data and headers will be masked to prevent unsafe logging of potentially sensitive data
12:31:31.430 [Test worker] DEBUG o.s.w.t.h.s.r.b.ReactorHttpServer - Starting ReactorHttpServer...
12:31:31.437 [Test worker] DEBUG o.s.w.t.h.s.r.b.ReactorHttpServer - Server started on port 49802(0 millis).
12:31:31.438 [Test worker] DEBUG o.s.w.c.RestTemplate - HTTP OPTIONS http://localhost:49802/cors-restricted
12:31:31.438 [Test worker] DEBUG o.s.w.c.RestTemplate - Accept=[text/plain, application/json, application/x-jackson-smile, application/*+json, */*]
12:31:31.441 [reactor-http-nio-1] DEBUG o.s.w.s.a.HttpWebHandlerAdapter - [1e1fe8ae-16] HTTP OPTIONS "/cors-restricted"
12:31:31.442 [reactor-http-nio-1] DEBUG o.s.w.r.r.m.a.RequestMappingHandlerMapping - [1e1fe8ae-16] Mapped to org.springframework.web.reactive.result.method.annotation.GlobalCorsConfigIntegrationTests$TestController#corsRestricted()
12:31:31.442 [reactor-http-nio-1] DEBUG o.s.w.s.a.HttpWebHandlerAdapter - [1e1fe8ae-16] Completed 200 OK
12:31:31.444 [Test worker] DEBUG o.s.w.c.RestTemplate - Response 200 OK
12:31:31.444 [Test worker] DEBUG o.s.w.t.h.s.r.b.ReactorHttpServer - Stopping ReactorHttpServer...
12:31:31.444 [Test worker] DEBUG o.s.w.t.h.s.r.b.ReactorHttpServer - Server stopped (0 millis).
12:31:31.577 [Test worker] DEBUG o.s.w.r.r.m.a.RequestMappingHandlerMapping - 5 mappings in 'requestMappingHandlerMapping'
12:31:31.615 [Test worker] DEBUG o.s.w.r.r.m.a.ControllerMethodResolver - ControllerAdvice beans: none
12:31:31.654 [Test worker] DEBUG o.s.w.s.a.HttpWebHandlerAdapter - enableLoggingRequestDetails='false': form data and headers will be masked to prevent unsafe logging of potentially sensitive data
12:31:31.656 [Test worker] DEBUG o.s.w.t.h.s.r.b.TomcatHttpServer - Starting TomcatHttpServer...
12:31:31.696 [Test worker] DEBUG o.s.w.t.h.s.r.b.TomcatHttpServer - Server started on port 49805(0 millis).
12:31:31.697 [Test worker] DEBUG o.s.w.c.RestTemplate - HTTP OPTIONS http://localhost:49805/cors-restricted
12:31:31.697 [Test worker] DEBUG o.s.w.c.RestTemplate - Accept=[text/plain, application/json, application/x-jackson-smile, application/*+json, */*]
12:31:35.227 [http-nio-auto-15-exec-1] DEBUG o.s.w.s.a.HttpWebHandlerAdapter - [62f1e446] HTTP OPTIONS "/cors-restricted"
12:31:35.230 [http-nio-auto-15-exec-1] DEBUG o.s.w.r.r.m.a.RequestMappingHandlerMapping - [62f1e446] Mapped to org.springframework.web.reactive.result.method.annotation.GlobalCorsConfigIntegrationTests$TestController#corsRestricted()
12:31:35.231 [http-nio-auto-15-exec-1] DEBUG o.s.w.s.a.HttpWebHandlerAdapter - [62f1e446] Completed 200 OK
12:31:35.235 [Test worker] DEBUG o.s.w.c.RestTemplate - Response 200 OK
12:31:35.245 [Test worker] DEBUG o.s.w.t.h.s.r.b.TomcatHttpServer - Stopping TomcatHttpServer...
12:31:35.678 [Test worker] DEBUG o.s.w.t.h.s.r.b.TomcatHttpServer - Server stopped (0 millis).
12:31:35.799 [Test worker] DEBUG o.s.w.r.r.m.a.RequestMappingHandlerMapping - 5 mappings in 'requestMappingHandlerMapping'
12:31:35.839 [Test worker] DEBUG o.s.w.r.r.m.a.ControllerMethodResolver - ControllerAdvice beans: none
12:31:35.867 [Test worker] DEBUG o.s.w.s.a.HttpWebHandlerAdapter - enableLoggingRequestDetails='false': form data and headers will be masked to prevent unsafe logging of potentially sensitive data
12:31:35.868 [Test worker] DEBUG o.s.w.t.h.s.r.b.UndertowHttpServer - Starting UndertowHttpServer...
12:31:35.868 [Test worker] INFO  i.undertow - starting server: Undertow - 2.0.32.Final
12:31:35.881 [Test worker] DEBUG o.s.w.t.h.s.r.b.UndertowHttpServer - Server started on port 49904(0 millis).
12:31:35.882 [Test worker] DEBUG o.s.w.c.RestTemplate - HTTP OPTIONS http://localhost:49904/cors-restricted
12:31:35.882 [Test worker] DEBUG o.s.w.c.RestTemplate - Accept=[text/plain, application/json, application/x-jackson-smile, application/*+json, */*]
12:31:35.889 [XNIO-14 I/O-2] DEBUG o.s.w.s.a.HttpWebHandlerAdapter - [38ec33b1] HTTP OPTIONS "/cors-restricted"
12:31:35.890 [XNIO-14 I/O-2] DEBUG o.s.w.r.r.m.a.RequestMappingHandlerMapping - [38ec33b1] Mapped to org.springframework.web.reactive.result.method.annotation.GlobalCorsConfigIntegrationTests$TestController#corsRestricted()
12:31:35.890 [XNIO-14 I/O-2] DEBUG o.s.w.s.a.HttpWebHandlerAdapter - [38ec33b1] Completed 200 OK
12:31:35.891 [Test worker] DEBUG o.s.w.c.RestTemplate - Response 200 OK
12:31:35.892 [Test worker] DEBUG o.s.w.t.h.s.r.b.UndertowHttpServer - Stopping UndertowHttpServer...
12:31:35.892 [Test worker] INFO  i.undertow - stopping server: Undertow - 2.0.32.Final
12:31:35.900 [Test worker] DEBUG o.s.w.t.h.s.r.b.UndertowHttpServer - Server stopped (0 millis).
12:31:36.060 [Test worker] DEBUG o.s.w.r.r.m.a.RequestMappingHandlerMapping - 5 mappings in 'requestMappingHandlerMapping'
12:31:36.093 [Test worker] DEBUG o.s.w.r.r.m.a.ControllerMethodResolver - ControllerAdvice beans: none
12:31:36.126 [Test worker] DEBUG o.s.w.s.a.HttpWebHandlerAdapter - enableLoggingRequestDetails='false': form data and headers will be masked to prevent unsafe logging of potentially sensitive data
12:31:36.126 [Test worker] WARN  o.e.j.s.h.ContextHandler - Empty contextPath
12:31:36.127 [Test worker] INFO  o.e.j.s.h.ContextHandler - Started o.e.j.s.ServletContextHandler@7121c8b5{/,null,AVAILABLE}
12:31:36.127 [Test worker] DEBUG o.s.w.t.h.s.r.b.JettyHttpServer - Starting JettyHttpServer...
12:31:36.128 [Test worker] INFO  o.e.j.s.Server - jetty-9.4.31.v20200723; built: 2020-07-23T17:57:36.812Z; git: 450ba27947e13e66baa8cd1ce7e85a4461cacc1d; jvm 1.8.0_191-b12
12:31:36.132 [Test worker] INFO  o.e.j.s.AbstractConnector - Started ServerConnector@78d472e1{HTTP/1.1, (http/1.1)}{0.0.0.0:49906}
12:31:36.133 [Test worker] INFO  o.e.j.s.Server - Started @183196ms
12:31:36.133 [Test worker] DEBUG o.s.w.t.h.s.r.b.JettyHttpServer - Server started on port 49906(0 millis).
12:31:36.134 [Test worker] DEBUG o.s.w.c.RestTemplate - HTTP GET http://localhost:49906/welcome
12:31:36.134 [Test worker] DEBUG o.s.w.c.RestTemplate - Accept=[text/plain, application/json, application/x-jackson-smile, application/*+json, */*]
12:31:36.138 [qtp931497129-1019] DEBUG o.s.w.s.a.HttpWebHandlerAdapter - [35f557b] HTTP GET "/welcome"
12:31:36.139 [qtp931497129-1019] DEBUG o.s.w.r.r.m.a.RequestMappingHandlerMapping - [35f557b] Mapped to org.springframework.web.reactive.result.method.annotation.GlobalCorsConfigIntegrationTests$TestController#welcome()
12:31:36.140 [qtp931497129-1019] DEBUG o.s.w.r.r.m.a.ResponseBodyResultHandler - Using 'text/plain;charset=UTF-8' given [text/plain, application/json, application/x-jackson-smile, application/*+json, */*] and supported [text/plain;charset=UTF-8, text/event-stream, text/plain;charset=UTF-8, */*]
12:31:36.140 [qtp931497129-1019] DEBUG o.s.w.r.r.m.a.ResponseBodyResultHandler - [35f557b] 0..1 [java.lang.String]
12:31:36.140 [qtp931497129-1019] DEBUG o.s.c.c.CharSequenceEncoder - [35f557b] Writing "welcome"
12:31:36.141 [qtp931497129-1019] DEBUG o.s.w.s.a.HttpWebHandlerAdapter - [35f557b] Completed 200 OK
12:31:36.142 [Test worker] DEBUG o.s.w.c.RestTemplate - Response 200 OK
12:31:36.142 [Test worker] DEBUG o.s.w.c.RestTemplate - Reading to [java.lang.String] as "text/plain;charset=utf-8"
12:31:36.142 [Test worker] DEBUG o.s.w.t.h.s.r.b.JettyHttpServer - Stopping JettyHttpServer...
12:31:36.142 [Test worker] INFO  o.e.j.s.h.ContextHandler - Stopped o.e.j.s.ServletContextHandler@7121c8b5{/,null,UNAVAILABLE}
12:31:36.145 [Test worker] INFO  o.e.j.s.AbstractConnector - Stopped ServerConnector@78d472e1{HTTP/1.1, (http/1.1)}{0.0.0.0:0}
12:31:36.145 [Test worker] DEBUG o.s.w.t.h.s.r.b.JettyHttpServer - Server stopped (0 millis).
12:31:36.219 [Test worker] DEBUG o.s.w.r.r.m.a.RequestMappingHandlerMapping - 5 mappings in 'requestMappingHandlerMapping'
12:31:36.248 [Test worker] DEBUG o.s.w.r.r.m.a.ControllerMethodResolver - ControllerAdvice beans: none
12:31:36.283 [Test worker] DEBUG o.s.w.s.a.HttpWebHandlerAdapter - enableLoggingRequestDetails='false': form data and headers will be masked to prevent unsafe logging of potentially sensitive data
12:31:36.284 [Test worker] DEBUG o.s.w.t.h.s.r.b.ReactorHttpServer - Starting ReactorHttpServer...
12:31:36.287 [Test worker] DEBUG o.s.w.t.h.s.r.b.ReactorHttpServer - Server started on port 49912(0 millis).
12:31:36.287 [Test worker] DEBUG o.s.w.c.RestTemplate - HTTP GET http://localhost:49912/welcome
12:31:36.288 [Test worker] DEBUG o.s.w.c.RestTemplate - Accept=[text/plain, application/json, application/x-jackson-smile, application/*+json, */*]
12:31:36.293 [reactor-http-nio-3] DEBUG o.s.w.s.a.HttpWebHandlerAdapter - [711fd8b5-17] HTTP GET "/welcome"
12:31:36.293 [reactor-http-nio-3] DEBUG o.s.w.r.r.m.a.RequestMappingHandlerMapping - [711fd8b5-17] Mapped to org.springframework.web.reactive.result.method.annotation.GlobalCorsConfigIntegrationTests$TestController#welcome()
12:31:36.294 [reactor-http-nio-3] DEBUG o.s.w.r.r.m.a.ResponseBodyResultHandler - Using 'text/plain;charset=UTF-8' given [text/plain, application/json, application/x-jackson-smile, application/*+json, */*] and supported [text/plain;charset=UTF-8, text/event-stream, text/plain;charset=UTF-8, */*]
12:31:36.294 [reactor-http-nio-3] DEBUG o.s.w.r.r.m.a.ResponseBodyResultHandler - [711fd8b5-17] 0..1 [java.lang.String]
12:31:36.295 [reactor-http-nio-3] DEBUG o.s.c.c.CharSequenceEncoder - [711fd8b5-17] Writing "welcome"
12:31:36.297 [reactor-http-nio-3] DEBUG o.s.w.s.a.HttpWebHandlerAdapter - [711fd8b5-17] Completed 200 OK
12:31:36.297 [Test worker] DEBUG o.s.w.c.RestTemplate - Response 200 OK
12:31:36.297 [Test worker] DEBUG o.s.w.c.RestTemplate - Reading to [java.lang.String] as "text/plain;charset=UTF-8"
12:31:36.297 [Test worker] DEBUG o.s.w.t.h.s.r.b.ReactorHttpServer - Stopping ReactorHttpServer...
12:31:36.298 [Test worker] DEBUG o.s.w.t.h.s.r.b.ReactorHttpServer - Server stopped (0 millis).
12:31:36.380 [Test worker] DEBUG o.s.w.r.r.m.a.RequestMappingHandlerMapping - 5 mappings in 'requestMappingHandlerMapping'
12:31:36.413 [Test worker] DEBUG o.s.w.r.r.m.a.ControllerMethodResolver - ControllerAdvice beans: none
12:31:36.444 [Test worker] DEBUG o.s.w.s.a.HttpWebHandlerAdapter - enableLoggingRequestDetails='false': form data and headers will be masked to prevent unsafe logging of potentially sensitive data
12:31:36.445 [Test worker] DEBUG o.s.w.t.h.s.r.b.TomcatHttpServer - Starting TomcatHttpServer...
12:31:36.470 [Test worker] DEBUG o.s.w.t.h.s.r.b.TomcatHttpServer - Server started on port 49914(0 millis).
12:31:36.470 [Test worker] DEBUG o.s.w.c.RestTemplate - HTTP GET http://localhost:49914/welcome
12:31:36.471 [Test worker] DEBUG o.s.w.c.RestTemplate - Accept=[text/plain, application/json, application/x-jackson-smile, application/*+json, */*]
12:31:36.581 [http-nio-auto-16-exec-1] DEBUG o.s.w.s.a.HttpWebHandlerAdapter - [798b4fde] HTTP GET "/welcome"
12:31:36.582 [http-nio-auto-16-exec-1] DEBUG o.s.w.r.r.m.a.RequestMappingHandlerMapping - [798b4fde] Mapped to org.springframework.web.reactive.result.method.annotation.GlobalCorsConfigIntegrationTests$TestController#welcome()
12:31:36.584 [http-nio-auto-16-exec-1] DEBUG o.s.w.r.r.m.a.ResponseBodyResultHandler - Using 'text/plain;charset=UTF-8' given [text/plain, application/json, application/x-jackson-smile, application/*+json, */*] and supported [text/plain;charset=UTF-8, text/event-stream, text/plain;charset=UTF-8, */*]
12:31:36.584 [http-nio-auto-16-exec-1] DEBUG o.s.w.r.r.m.a.ResponseBodyResultHandler - [798b4fde] 0..1 [java.lang.String]
12:31:36.585 [http-nio-auto-16-exec-1] DEBUG o.s.c.c.CharSequenceEncoder - [798b4fde] Writing "welcome"
12:31:36.587 [Test worker] DEBUG o.s.w.c.RestTemplate - Response 200 OK
12:31:36.587 [Test worker] DEBUG o.s.w.c.RestTemplate - Reading to [java.lang.String] as "text/plain;charset=UTF-8"
12:31:36.588 [Test worker] DEBUG o.s.w.t.h.s.r.b.TomcatHttpServer - Stopping TomcatHttpServer...
12:31:36.588 [http-nio-auto-16-exec-1] DEBUG o.s.w.s.a.HttpWebHandlerAdapter - [798b4fde] Completed 200 OK
12:31:36.960 [Test worker] DEBUG o.s.w.t.h.s.r.b.TomcatHttpServer - Server stopped (0 millis).
12:31:37.085 [Test worker] DEBUG o.s.w.r.r.m.a.RequestMappingHandlerMapping - 5 mappings in 'requestMappingHandlerMapping'
12:31:37.140 [Test worker] DEBUG o.s.w.r.r.m.a.ControllerMethodResolver - ControllerAdvice beans: none
12:31:37.196 [Test worker] DEBUG o.s.w.s.a.HttpWebHandlerAdapter - enableLoggingRequestDetails='false': form data and headers will be masked to prevent unsafe logging of potentially sensitive data
12:31:37.196 [Test worker] DEBUG o.s.w.t.h.s.r.b.UndertowHttpServer - Starting UndertowHttpServer...
12:31:37.196 [Test worker] INFO  i.undertow - starting server: Undertow - 2.0.32.Final
12:31:37.208 [Test worker] DEBUG o.s.w.t.h.s.r.b.UndertowHttpServer - Server started on port 49959(0 millis).
12:31:37.208 [Test worker] DEBUG o.s.w.c.RestTemplate - HTTP GET http://localhost:49959/welcome
12:31:37.262 [Test worker] DEBUG o.s.w.c.RestTemplate - Accept=[text/plain, application/json, application/x-jackson-smile, application/*+json, */*]
12:31:37.331 [XNIO-15 I/O-2] DEBUG o.s.w.s.a.HttpWebHandlerAdapter - [6519155b] HTTP GET "/welcome"
12:31:37.332 [XNIO-15 I/O-2] DEBUG o.s.w.r.r.m.a.RequestMappingHandlerMapping - [6519155b] Mapped to org.springframework.web.reactive.result.method.annotation.GlobalCorsConfigIntegrationTests$TestController#welcome()
12:31:37.333 [XNIO-15 I/O-2] DEBUG o.s.w.r.r.m.a.ResponseBodyResultHandler - Using 'text/plain;charset=UTF-8' given [text/plain, application/json, application/x-jackson-smile, application/*+json, */*] and supported [text/plain;charset=UTF-8, text/event-stream, text/plain;charset=UTF-8, */*]
12:31:37.333 [XNIO-15 I/O-2] DEBUG o.s.w.r.r.m.a.ResponseBodyResultHandler - [6519155b] 0..1 [java.lang.String]
12:31:37.333 [XNIO-15 I/O-2] DEBUG o.s.c.c.CharSequenceEncoder - [6519155b] Writing "welcome"
12:31:37.334 [XNIO-15 I/O-2] DEBUG o.s.w.s.a.HttpWebHandlerAdapter - [6519155b] Completed 200 OK
12:31:37.334 [Test worker] DEBUG o.s.w.c.RestTemplate - Response 200 OK
12:31:37.334 [Test worker] DEBUG o.s.w.c.RestTemplate - Reading to [java.lang.String] as "text/plain;charset=UTF-8"
12:31:37.334 [Test worker] DEBUG o.s.w.t.h.s.r.b.UndertowHttpServer - Stopping UndertowHttpServer...
12:31:37.334 [Test worker] INFO  i.undertow - stopping server: Undertow - 2.0.32.Final
12:31:37.343 [Test worker] DEBUG o.s.w.t.h.s.r.b.UndertowHttpServer - Server stopped (0 millis).
12:31:37.448 [Test worker] DEBUG o.s.w.r.r.m.a.RequestMappingHandlerMapping - 5 mappings in 'requestMappingHandlerMapping'
12:31:37.485 [Test worker] DEBUG o.s.w.r.r.m.a.ControllerMethodResolver - ControllerAdvice beans: none
12:31:37.527 [Test worker] DEBUG o.s.w.s.a.HttpWebHandlerAdapter - enableLoggingRequestDetails='false': form data and headers will be masked to prevent unsafe logging of potentially sensitive data
12:31:37.528 [Test worker] WARN  o.e.j.s.h.ContextHandler - Empty contextPath
12:31:37.528 [Test worker] INFO  o.e.j.s.h.ContextHandler - Started o.e.j.s.ServletContextHandler@223735af{/,null,AVAILABLE}
12:31:37.528 [Test worker] DEBUG o.s.w.t.h.s.r.b.JettyHttpServer - Starting JettyHttpServer...
12:31:37.528 [Test worker] INFO  o.e.j.s.Server - jetty-9.4.31.v20200723; built: 2020-07-23T17:57:36.812Z; git: 450ba27947e13e66baa8cd1ce7e85a4461cacc1d; jvm 1.8.0_191-b12
12:31:37.535 [Test worker] INFO  o.e.j.s.AbstractConnector - Started ServerConnector@1025735a{HTTP/1.1, (http/1.1)}{0.0.0.0:49979}
12:31:37.535 [Test worker] INFO  o.e.j.s.Server - Started @184598ms
12:31:37.535 [Test worker] DEBUG o.s.w.t.h.s.r.b.JettyHttpServer - Server started on port 49979(0 millis).
12:31:37.536 [Test worker] DEBUG o.s.w.c.RestTemplate - HTTP OPTIONS http://localhost:49979/welcome
12:31:37.536 [Test worker] DEBUG o.s.w.c.RestTemplate - Accept=[text/plain, application/json, application/x-jackson-smile, application/*+json, */*]
12:31:37.540 [qtp1484751376-1048] DEBUG o.s.w.s.a.HttpWebHandlerAdapter - [58fb6561] HTTP OPTIONS "/welcome"
12:31:37.542 [qtp1484751376-1048] DEBUG o.s.w.r.r.m.a.RequestMappingHandlerMapping - [58fb6561] Mapped to org.springframework.web.reactive.result.method.annotation.GlobalCorsConfigIntegrationTests$TestController#welcome()
12:31:37.542 [qtp1484751376-1048] DEBUG o.s.w.s.a.HttpWebHandlerAdapter - [58fb6561] Completed 403 FORBIDDEN
12:31:37.543 [Test worker] DEBUG o.s.w.c.RestTemplate - Response 403 FORBIDDEN
12:31:37.544 [Test worker] DEBUG o.s.w.t.h.s.r.b.JettyHttpServer - Stopping JettyHttpServer...
12:31:37.544 [Test worker] INFO  o.e.j.s.h.ContextHandler - Stopped o.e.j.s.ServletContextHandler@223735af{/,null,UNAVAILABLE}
12:31:37.547 [Test worker] INFO  o.e.j.s.AbstractConnector - Stopped ServerConnector@1025735a{HTTP/1.1, (http/1.1)}{0.0.0.0:0}
12:31:37.549 [Test worker] DEBUG o.s.w.t.h.s.r.b.JettyHttpServer - Server stopped (0 millis).
12:31:37.670 [Test worker] DEBUG o.s.w.r.r.m.a.RequestMappingHandlerMapping - 5 mappings in 'requestMappingHandlerMapping'
12:31:37.741 [Test worker] DEBUG o.s.w.r.r.m.a.ControllerMethodResolver - ControllerAdvice beans: none
12:31:37.773 [Test worker] DEBUG o.s.w.s.a.HttpWebHandlerAdapter - enableLoggingRequestDetails='false': form data and headers will be masked to prevent unsafe logging of potentially sensitive data
12:31:37.774 [Test worker] DEBUG o.s.w.t.h.s.r.b.ReactorHttpServer - Starting ReactorHttpServer...
12:31:37.791 [Test worker] DEBUG o.s.w.t.h.s.r.b.ReactorHttpServer - Server started on port 49992(0 millis).
12:31:37.792 [Test worker] DEBUG o.s.w.c.RestTemplate - HTTP OPTIONS http://localhost:49992/welcome
12:31:37.792 [Test worker] DEBUG o.s.w.c.RestTemplate - Accept=[text/plain, application/json, application/x-jackson-smile, application/*+json, */*]
12:31:37.796 [reactor-http-nio-1] DEBUG o.s.w.s.a.HttpWebHandlerAdapter - [54f26740-18] HTTP OPTIONS "/welcome"
12:31:37.797 [reactor-http-nio-1] DEBUG o.s.w.r.r.m.a.RequestMappingHandlerMapping - [54f26740-18] Mapped to org.springframework.web.reactive.result.method.annotation.GlobalCorsConfigIntegrationTests$TestController#welcome()
12:31:37.797 [reactor-http-nio-1] DEBUG o.s.w.s.a.HttpWebHandlerAdapter - [54f26740-18] Completed 403 FORBIDDEN
12:31:37.799 [Test worker] DEBUG o.s.w.c.RestTemplate - Response 403 FORBIDDEN
12:31:37.799 [Test worker] DEBUG o.s.w.t.h.s.r.b.ReactorHttpServer - Stopping ReactorHttpServer...
12:31:37.800 [Test worker] DEBUG o.s.w.t.h.s.r.b.ReactorHttpServer - Server stopped (0 millis).
12:31:37.989 [Test worker] DEBUG o.s.w.r.r.m.a.RequestMappingHandlerMapping - 5 mappings in 'requestMappingHandlerMapping'
12:31:38.055 [Test worker] DEBUG o.s.w.r.r.m.a.ControllerMethodResolver - ControllerAdvice beans: none
12:31:38.088 [Test worker] DEBUG o.s.w.s.a.HttpWebHandlerAdapter - enableLoggingRequestDetails='false': form data and headers will be masked to prevent unsafe logging of potentially sensitive data
12:31:38.089 [Test worker] DEBUG o.s.w.t.h.s.r.b.TomcatHttpServer - Starting TomcatHttpServer...
12:31:38.111 [Test worker] DEBUG o.s.w.t.h.s.r.b.TomcatHttpServer - Server started on port 50006(0 millis).
12:31:38.111 [Test worker] DEBUG o.s.w.c.RestTemplate - HTTP OPTIONS http://localhost:50006/welcome
12:31:38.111 [Test worker] DEBUG o.s.w.c.RestTemplate - Accept=[text/plain, application/json, application/x-jackson-smile, application/*+json, */*]
12:31:38.178 [http-nio-auto-17-exec-1] DEBUG o.s.w.s.a.HttpWebHandlerAdapter - [526bc9a6] HTTP OPTIONS "/welcome"
12:31:38.179 [http-nio-auto-17-exec-1] DEBUG o.s.w.r.r.m.a.RequestMappingHandlerMapping - [526bc9a6] Mapped to org.springframework.web.reactive.result.method.annotation.GlobalCorsConfigIntegrationTests$TestController#welcome()
12:31:38.180 [http-nio-auto-17-exec-1] DEBUG o.s.w.s.a.HttpWebHandlerAdapter - [526bc9a6] Completed 403 FORBIDDEN
12:31:38.181 [Test worker] DEBUG o.s.w.c.RestTemplate - Response 403 FORBIDDEN
12:31:38.181 [Test worker] DEBUG o.s.w.t.h.s.r.b.TomcatHttpServer - Stopping TomcatHttpServer...
12:31:39.066 [Test worker] DEBUG o.s.w.t.h.s.r.b.TomcatHttpServer - Server stopped (0 millis).
12:31:39.176 [Test worker] DEBUG o.s.w.r.r.m.a.RequestMappingHandlerMapping - 5 mappings in 'requestMappingHandlerMapping'
12:31:39.258 [Test worker] DEBUG o.s.w.r.r.m.a.ControllerMethodResolver - ControllerAdvice beans: none
12:31:39.304 [Test worker] DEBUG o.s.w.s.a.HttpWebHandlerAdapter - enableLoggingRequestDetails='false': form data and headers will be masked to prevent unsafe logging of potentially sensitive data
12:31:39.304 [Test worker] DEBUG o.s.w.t.h.s.r.b.UndertowHttpServer - Starting UndertowHttpServer...
12:31:39.304 [Test worker] INFO  i.undertow - starting server: Undertow - 2.0.32.Final
12:31:39.316 [Test worker] DEBUG o.s.w.t.h.s.r.b.UndertowHttpServer - Server started on port 50045(0 millis).
12:31:39.316 [Test worker] DEBUG o.s.w.c.RestTemplate - HTTP OPTIONS http://localhost:50045/welcome
12:31:39.317 [Test worker] DEBUG o.s.w.c.RestTemplate - Accept=[text/plain, application/json, application/x-jackson-smile, application/*+json, */*]
12:31:39.329 [XNIO-16 I/O-2] DEBUG o.s.w.s.a.HttpWebHandlerAdapter - [477f7a00] HTTP OPTIONS "/welcome"
12:31:39.329 [XNIO-16 I/O-2] DEBUG o.s.w.r.r.m.a.RequestMappingHandlerMapping - [477f7a00] Mapped to org.springframework.web.reactive.result.method.annotation.GlobalCorsConfigIntegrationTests$TestController#welcome()
12:31:39.329 [XNIO-16 I/O-2] DEBUG o.s.w.s.a.HttpWebHandlerAdapter - [477f7a00] Completed 403 FORBIDDEN
12:31:39.330 [Test worker] DEBUG o.s.w.c.RestTemplate - Response 403 FORBIDDEN
12:31:39.330 [Test worker] DEBUG o.s.w.t.h.s.r.b.UndertowHttpServer - Stopping UndertowHttpServer...
12:31:39.330 [Test worker] INFO  i.undertow - stopping server: Undertow - 2.0.32.Final
12:31:39.337 [Test worker] DEBUG o.s.w.t.h.s.r.b.UndertowHttpServer - Server stopped (0 millis).
]]></system-out>
  <system-err><![CDATA[]]></system-err>
</testsuite>
