<?xml version="1.0" encoding="UTF-8"?>
<testsuite name="org.springframework.web.reactive.function.client.ExchangeStrategiesTests" tests="3" skipped="0" failures="0" errors="0" timestamp="2020-12-12T04:29:29" hostname="DESKTOP-TMNPDT1" time="0.047">
  <properties/>
  <testcase name="withDefaults()" classname="org.springframework.web.reactive.function.client.ExchangeStrategiesTests" time="0.001"/>
  <testcase name="mutate()" classname="org.springframework.web.reactive.function.client.ExchangeStrategiesTests" time="0.043"/>
  <testcase name="empty()" classname="org.springframework.web.reactive.function.client.ExchangeStrategiesTests" time="0.001"/>
  <system-out><![CDATA[]]></system-out>
  <system-err><![CDATA[]]></system-err>
</testsuite>
