<?xml version="1.0" encoding="UTF-8"?>
<testsuite name="org.springframework.web.reactive.result.view.script.ScriptTemplateViewResolverTests" tests="1" skipped="0" failures="0" errors="0" timestamp="2020-12-12T04:30:24" hostname="DESKTOP-TMNPDT1" time="0.032">
  <properties/>
  <testcase name="viewClass()" classname="org.springframework.web.reactive.result.view.script.ScriptTemplateViewResolverTests" time="0.032"/>
  <system-out><![CDATA[]]></system-out>
  <system-err><![CDATA[]]></system-err>
</testsuite>
