<?xml version="1.0" encoding="UTF-8"?>
<testsuite name="org.springframework.web.reactive.function.client.WebClientExtensionsTests" tests="8" skipped="0" failures="0" errors="0" timestamp="2020-12-12T04:33:40" hostname="DESKTOP-TMNPDT1" time="3.204">
  <properties/>
  <testcase name="RequestBodySpec#body with CompletableFuture and reified type parameters()" classname="org.springframework.web.reactive.function.client.WebClientExtensionsTests" time="1.345"/>
  <testcase name="bodyToFlow with reified type parameters()" classname="org.springframework.web.reactive.function.client.WebClientExtensionsTests" time="1.132"/>
  <testcase name="ResponseSpec#bodyToMono with reified type parameters()" classname="org.springframework.web.reactive.function.client.WebClientExtensionsTests" time="0.273"/>
  <testcase name="RequestBodySpec#body with Publisher and reified type parameters()" classname="org.springframework.web.reactive.function.client.WebClientExtensionsTests" time="0.028"/>
  <testcase name="awaitExchange()" classname="org.springframework.web.reactive.function.client.WebClientExtensionsTests" time="0.29"/>
  <testcase name="awaitBody()" classname="org.springframework.web.reactive.function.client.WebClientExtensionsTests" time="0.014"/>
  <testcase name="RequestBodySpec#body with Flow and reified type parameters()" classname="org.springframework.web.reactive.function.client.WebClientExtensionsTests" time="0.092"/>
  <testcase name="ResponseSpec#bodyToFlux with reified type parameters()" classname="org.springframework.web.reactive.function.client.WebClientExtensionsTests" time="0.012"/>
  <system-out><![CDATA[]]></system-out>
  <system-err><![CDATA[]]></system-err>
</testsuite>
