<?xml version="1.0" encoding="UTF-8"?>
<testsuite name="org.springframework.web.reactive.result.method.annotation.JacksonHintsIntegrationTests" tests="36" skipped="0" failures="0" errors="0" timestamp="2020-12-12T04:29:04" hostname="DESKTOP-TMNPDT1" time="76.837">
  <properties/>
  <testcase name="jsonViewWithEntityMonoRequest(HttpServer)[1]" classname="org.springframework.web.reactive.result.method.annotation.JacksonHintsIntegrationTests" time="5.748"/>
  <testcase name="jsonViewWithEntityMonoRequest(HttpServer)[2]" classname="org.springframework.web.reactive.result.method.annotation.JacksonHintsIntegrationTests" time="4.531"/>
  <testcase name="jsonViewWithEntityMonoRequest(HttpServer)[3]" classname="org.springframework.web.reactive.result.method.annotation.JacksonHintsIntegrationTests" time="8.632"/>
  <testcase name="jsonViewWithEntityMonoRequest(HttpServer)[4]" classname="org.springframework.web.reactive.result.method.annotation.JacksonHintsIntegrationTests" time="1.93"/>
  <testcase name="jsonViewWithRequest(HttpServer)[1]" classname="org.springframework.web.reactive.result.method.annotation.JacksonHintsIntegrationTests" time="0.57"/>
  <testcase name="jsonViewWithRequest(HttpServer)[2]" classname="org.springframework.web.reactive.result.method.annotation.JacksonHintsIntegrationTests" time="0.783"/>
  <testcase name="jsonViewWithRequest(HttpServer)[3]" classname="org.springframework.web.reactive.result.method.annotation.JacksonHintsIntegrationTests" time="4.444"/>
  <testcase name="jsonViewWithRequest(HttpServer)[4]" classname="org.springframework.web.reactive.result.method.annotation.JacksonHintsIntegrationTests" time="0.947"/>
  <testcase name="jsonViewWithMonoResponseEntity(HttpServer)[1]" classname="org.springframework.web.reactive.result.method.annotation.JacksonHintsIntegrationTests" time="1.686"/>
  <testcase name="jsonViewWithMonoResponseEntity(HttpServer)[2]" classname="org.springframework.web.reactive.result.method.annotation.JacksonHintsIntegrationTests" time="0.353"/>
  <testcase name="jsonViewWithMonoResponseEntity(HttpServer)[3]" classname="org.springframework.web.reactive.result.method.annotation.JacksonHintsIntegrationTests" time="3.249"/>
  <testcase name="jsonViewWithMonoResponseEntity(HttpServer)[4]" classname="org.springframework.web.reactive.result.method.annotation.JacksonHintsIntegrationTests" time="0.452"/>
  <testcase name="jsonViewWithFluxRequest(HttpServer)[1]" classname="org.springframework.web.reactive.result.method.annotation.JacksonHintsIntegrationTests" time="0.452"/>
  <testcase name="jsonViewWithFluxRequest(HttpServer)[2]" classname="org.springframework.web.reactive.result.method.annotation.JacksonHintsIntegrationTests" time="0.356"/>
  <testcase name="jsonViewWithFluxRequest(HttpServer)[3]" classname="org.springframework.web.reactive.result.method.annotation.JacksonHintsIntegrationTests" time="7.211"/>
  <testcase name="jsonViewWithFluxRequest(HttpServer)[4]" classname="org.springframework.web.reactive.result.method.annotation.JacksonHintsIntegrationTests" time="0.589"/>
  <testcase name="jsonViewWithMonoRequest(HttpServer)[1]" classname="org.springframework.web.reactive.result.method.annotation.JacksonHintsIntegrationTests" time="0.443"/>
  <testcase name="jsonViewWithMonoRequest(HttpServer)[2]" classname="org.springframework.web.reactive.result.method.annotation.JacksonHintsIntegrationTests" time="0.191"/>
  <testcase name="jsonViewWithMonoRequest(HttpServer)[3]" classname="org.springframework.web.reactive.result.method.annotation.JacksonHintsIntegrationTests" time="12.314"/>
  <testcase name="jsonViewWithMonoRequest(HttpServer)[4]" classname="org.springframework.web.reactive.result.method.annotation.JacksonHintsIntegrationTests" time="0.545"/>
  <testcase name="jsonViewResponse(HttpServer)[1]" classname="org.springframework.web.reactive.result.method.annotation.JacksonHintsIntegrationTests" time="0.272"/>
  <testcase name="jsonViewResponse(HttpServer)[2]" classname="org.springframework.web.reactive.result.method.annotation.JacksonHintsIntegrationTests" time="0.498"/>
  <testcase name="jsonViewResponse(HttpServer)[3]" classname="org.springframework.web.reactive.result.method.annotation.JacksonHintsIntegrationTests" time="1.44"/>
  <testcase name="jsonViewResponse(HttpServer)[4]" classname="org.springframework.web.reactive.result.method.annotation.JacksonHintsIntegrationTests" time="0.37"/>
  <testcase name="jsonViewWithFluxResponse(HttpServer)[1]" classname="org.springframework.web.reactive.result.method.annotation.JacksonHintsIntegrationTests" time="0.255"/>
  <testcase name="jsonViewWithFluxResponse(HttpServer)[2]" classname="org.springframework.web.reactive.result.method.annotation.JacksonHintsIntegrationTests" time="0.265"/>
  <testcase name="jsonViewWithFluxResponse(HttpServer)[3]" classname="org.springframework.web.reactive.result.method.annotation.JacksonHintsIntegrationTests" time="3.434"/>
  <testcase name="jsonViewWithFluxResponse(HttpServer)[4]" classname="org.springframework.web.reactive.result.method.annotation.JacksonHintsIntegrationTests" time="0.696"/>
  <testcase name="jsonViewWithEntityFluxRequest(HttpServer)[1]" classname="org.springframework.web.reactive.result.method.annotation.JacksonHintsIntegrationTests" time="0.712"/>
  <testcase name="jsonViewWithEntityFluxRequest(HttpServer)[2]" classname="org.springframework.web.reactive.result.method.annotation.JacksonHintsIntegrationTests" time="0.574"/>
  <testcase name="jsonViewWithEntityFluxRequest(HttpServer)[3]" classname="org.springframework.web.reactive.result.method.annotation.JacksonHintsIntegrationTests" time="7.082"/>
  <testcase name="jsonViewWithEntityFluxRequest(HttpServer)[4]" classname="org.springframework.web.reactive.result.method.annotation.JacksonHintsIntegrationTests" time="0.403"/>
  <testcase name="jsonViewWithMonoResponse(HttpServer)[1]" classname="org.springframework.web.reactive.result.method.annotation.JacksonHintsIntegrationTests" time="0.429"/>
  <testcase name="jsonViewWithMonoResponse(HttpServer)[2]" classname="org.springframework.web.reactive.result.method.annotation.JacksonHintsIntegrationTests" time="0.447"/>
  <testcase name="jsonViewWithMonoResponse(HttpServer)[3]" classname="org.springframework.web.reactive.result.method.annotation.JacksonHintsIntegrationTests" time="2.219"/>
  <testcase name="jsonViewWithMonoResponse(HttpServer)[4]" classname="org.springframework.web.reactive.result.method.annotation.JacksonHintsIntegrationTests" time="1.181"/>
  <system-out><![CDATA[12:29:04.872 [Test worker] DEBUG o.s.w.r.r.m.a.RequestMappingHandlerMapping - 9 mappings in 'requestMappingHandlerMapping'
12:29:05.965 [Test worker] INFO  o.h.v.i.u.Version - HV000001: Hibernate Validator 6.1.6.Final
12:29:07.549 [Test worker] DEBUG o.s.w.r.r.m.a.ControllerMethodResolver - ControllerAdvice beans: none
12:29:07.733 [Test worker] DEBUG o.s.w.s.a.HttpWebHandlerAdapter - enableLoggingRequestDetails='false': form data and headers will be masked to prevent unsafe logging of potentially sensitive data
12:29:07.809 [Test worker] INFO  o.e.j.u.log - Logging initialized @35527ms to org.eclipse.jetty.util.log.Slf4jLog
12:29:08.245 [Test worker] WARN  o.e.j.s.h.ContextHandler - Empty contextPath
12:29:08.354 [Test worker] INFO  o.e.j.s.h.ContextHandler - Started o.e.j.s.ServletContextHandler@37c010fb{/,null,AVAILABLE}
12:29:08.541 [Test worker] DEBUG o.s.w.t.h.s.r.b.JettyHttpServer - Starting JettyHttpServer...
12:29:08.555 [Test worker] INFO  o.e.j.s.Server - jetty-9.4.31.v20200723; built: 2020-07-23T17:57:36.812Z; git: 450ba27947e13e66baa8cd1ce7e85a4461cacc1d; jvm 1.8.0_191-b12
12:29:08.608 [Test worker] INFO  o.e.j.s.AbstractConnector - Started ServerConnector@2bd28c0d{HTTP/1.1, (http/1.1)}{0.0.0.0:64069}
12:29:08.608 [Test worker] INFO  o.e.j.s.Server - Started @36329ms
12:29:08.608 [Test worker] DEBUG o.s.w.t.h.s.r.b.JettyHttpServer - Server started on port 64069(0 millis).
12:29:08.643 [Test worker] DEBUG o.s.w.c.RestTemplate - HTTP POST http://localhost:64069/request/entity/mono
12:29:08.647 [Test worker] DEBUG o.s.w.c.RestTemplate - Accept=[text/plain, application/json, application/x-jackson-smile, application/*+json, */*]
12:29:08.808 [Test worker] DEBUG o.s.w.c.RestTemplate - Writing [org.springframework.web.reactive.result.method.annotation.JacksonHintsIntegrationTests$JacksonViewBean@1ac81004] as "application/json"
12:29:09.805 [qtp239237849-73] DEBUG o.s.w.s.a.HttpWebHandlerAdapter - [3e0ce695] HTTP POST "/request/entity/mono"
12:29:09.813 [qtp239237849-73] DEBUG o.s.w.r.r.m.a.RequestMappingHandlerMapping - [3e0ce695] Mapped to org.springframework.web.reactive.result.method.annotation.JacksonHintsIntegrationTests$JsonViewRestController#entityMonoRequest(HttpEntity)
12:29:09.864 [qtp239237849-73] DEBUG o.s.w.r.r.m.a.HttpEntityMethodArgumentResolver - [3e0ce695] Content-Type:application/json;charset=UTF-8
12:29:09.935 [qtp239237849-73] DEBUG o.s.w.r.r.m.a.HttpEntityMethodArgumentResolver - [3e0ce695] 0..1 [org.springframework.web.reactive.result.method.annotation.JacksonHintsIntegrationTests$JacksonViewBean]
12:29:09.959 [qtp239237849-73] DEBUG o.s.w.r.r.m.a.ResponseBodyResultHandler - Using 'application/json' given [application/json] and supported [application/json, application/*+json, application/x-jackson-smile, application/*+x-jackson-smile, text/event-stream]
12:29:09.960 [qtp239237849-73] DEBUG o.s.w.r.r.m.a.ResponseBodyResultHandler - [3e0ce695] 0..1 [org.springframework.web.reactive.result.method.annotation.JacksonHintsIntegrationTests$JacksonViewBean]
12:29:09.971 [qtp239237849-73] DEBUG o.s.h.c.j.Jackson2JsonDecoder - [3e0ce695] Decoded [org.springframework.web.reactive.result.method.annotation.JacksonHintsIntegrationTests$JacksonViewBe (truncated)...]
12:29:09.973 [qtp239237849-73] DEBUG o.s.h.c.j.Jackson2JsonEncoder - [3e0ce695] Encoding [org.springframework.web.reactive.result.method.annotation.JacksonHintsIntegrationTests$JacksonViewBe (truncated)...]
12:29:10.211 [Test worker] DEBUG o.s.w.c.RestTemplate - Response 200 OK
12:29:10.212 [Test worker] DEBUG o.s.w.c.RestTemplate - Reading to [java.lang.String] as "application/json"
12:29:10.213 [qtp239237849-73] DEBUG o.s.w.s.a.HttpWebHandlerAdapter - [3e0ce695] Completed 200 OK
12:29:10.226 [Test worker] DEBUG o.s.w.t.h.s.r.b.JettyHttpServer - Stopping JettyHttpServer...
12:29:10.230 [Test worker] INFO  o.e.j.s.h.ContextHandler - Stopped o.e.j.s.ServletContextHandler@37c010fb{/,null,UNAVAILABLE}
12:29:10.246 [Test worker] INFO  o.e.j.s.AbstractConnector - Stopped ServerConnector@2bd28c0d{HTTP/1.1, (http/1.1)}{0.0.0.0:0}
12:29:10.248 [Test worker] DEBUG o.s.w.t.h.s.r.b.JettyHttpServer - Server stopped (0 millis).
12:29:10.447 [Test worker] DEBUG o.s.w.r.r.m.a.RequestMappingHandlerMapping - 9 mappings in 'requestMappingHandlerMapping'
12:29:10.503 [Test worker] DEBUG o.s.w.r.r.m.a.ControllerMethodResolver - ControllerAdvice beans: none
12:29:10.619 [Test worker] DEBUG o.s.w.s.a.HttpWebHandlerAdapter - enableLoggingRequestDetails='false': form data and headers will be masked to prevent unsafe logging of potentially sensitive data
12:29:11.065 [Test worker] DEBUG o.s.w.t.h.s.r.b.ReactorHttpServer - Starting ReactorHttpServer...
12:29:13.509 [Test worker] DEBUG o.s.w.t.h.s.r.b.ReactorHttpServer - Server started on port 64205(0 millis).
12:29:13.510 [Test worker] DEBUG o.s.w.c.RestTemplate - HTTP POST http://localhost:64205/request/entity/mono
12:29:13.512 [Test worker] DEBUG o.s.w.c.RestTemplate - Accept=[text/plain, application/json, application/x-jackson-smile, application/*+json, */*]
12:29:13.516 [Test worker] DEBUG o.s.w.c.RestTemplate - Writing [org.springframework.web.reactive.result.method.annotation.JacksonHintsIntegrationTests$JacksonViewBean@6896f084] as "application/json"
12:29:14.641 [reactor-http-nio-2] DEBUG o.s.w.s.a.HttpWebHandlerAdapter - [c4851702-1] HTTP POST "/request/entity/mono"
12:29:14.643 [reactor-http-nio-2] DEBUG o.s.w.r.r.m.a.RequestMappingHandlerMapping - [c4851702-1] Mapped to org.springframework.web.reactive.result.method.annotation.JacksonHintsIntegrationTests$JsonViewRestController#entityMonoRequest(HttpEntity)
12:29:14.647 [reactor-http-nio-2] DEBUG o.s.w.r.r.m.a.HttpEntityMethodArgumentResolver - [c4851702-1] Content-Type:application/json
12:29:14.648 [reactor-http-nio-2] DEBUG o.s.w.r.r.m.a.HttpEntityMethodArgumentResolver - [c4851702-1] 0..1 [org.springframework.web.reactive.result.method.annotation.JacksonHintsIntegrationTests$JacksonViewBean]
12:29:14.682 [reactor-http-nio-2] DEBUG o.s.w.r.r.m.a.ResponseBodyResultHandler - Using 'application/json' given [application/json] and supported [application/json, application/*+json, application/x-jackson-smile, application/*+x-jackson-smile, text/event-stream]
12:29:14.682 [reactor-http-nio-2] DEBUG o.s.w.r.r.m.a.ResponseBodyResultHandler - [c4851702-1] 0..1 [org.springframework.web.reactive.result.method.annotation.JacksonHintsIntegrationTests$JacksonViewBean]
12:29:14.762 [reactor-http-nio-2] DEBUG o.s.h.c.j.Jackson2JsonDecoder - [c4851702-1] Decoded [org.springframework.web.reactive.result.method.annotation.JacksonHintsIntegrationTests$JacksonViewBe (truncated)...]
12:29:14.781 [reactor-http-nio-2] DEBUG o.s.h.c.j.Jackson2JsonEncoder - [c4851702-1] Encoding [org.springframework.web.reactive.result.method.annotation.JacksonHintsIntegrationTests$JacksonViewBe (truncated)...]
12:29:14.798 [Test worker] DEBUG o.s.w.c.RestTemplate - Response 200 OK
12:29:14.798 [Test worker] DEBUG o.s.w.c.RestTemplate - Reading to [java.lang.String] as "application/json"
12:29:14.799 [Test worker] DEBUG o.s.w.t.h.s.r.b.ReactorHttpServer - Stopping ReactorHttpServer...
12:29:14.801 [Test worker] DEBUG o.s.w.t.h.s.r.b.ReactorHttpServer - Server stopped (0 millis).
12:29:14.884 [reactor-http-nio-2] DEBUG o.s.w.s.a.HttpWebHandlerAdapter - [c4851702-1] Completed 200 OK
12:29:15.201 [Test worker] DEBUG o.s.w.r.r.m.a.RequestMappingHandlerMapping - 9 mappings in 'requestMappingHandlerMapping'
12:29:15.292 [Test worker] DEBUG o.s.w.r.r.m.a.ControllerMethodResolver - ControllerAdvice beans: none
12:29:15.368 [Test worker] DEBUG o.s.w.s.a.HttpWebHandlerAdapter - enableLoggingRequestDetails='false': form data and headers will be masked to prevent unsafe logging of potentially sensitive data
12:29:15.758 [Test worker] DEBUG o.s.w.t.h.s.r.b.TomcatHttpServer - Starting TomcatHttpServer...
12:29:22.395 [Test worker] DEBUG o.s.w.t.h.s.r.b.TomcatHttpServer - Server started on port 64231(0 millis).
12:29:22.396 [Test worker] DEBUG o.s.w.c.RestTemplate - HTTP POST http://localhost:64231/request/entity/mono
12:29:22.397 [Test worker] DEBUG o.s.w.c.RestTemplate - Accept=[text/plain, application/json, application/x-jackson-smile, application/*+json, */*]
12:29:22.399 [Test worker] DEBUG o.s.w.c.RestTemplate - Writing [org.springframework.web.reactive.result.method.annotation.JacksonHintsIntegrationTests$JacksonViewBean@7a4eccbf] as "application/json"
12:29:22.876 [http-nio-auto-1-exec-1] DEBUG o.s.w.s.a.HttpWebHandlerAdapter - [6f391890] HTTP POST "/request/entity/mono"
12:29:22.877 [http-nio-auto-1-exec-1] DEBUG o.s.w.r.r.m.a.RequestMappingHandlerMapping - [6f391890] Mapped to org.springframework.web.reactive.result.method.annotation.JacksonHintsIntegrationTests$JsonViewRestController#entityMonoRequest(HttpEntity)
12:29:22.884 [http-nio-auto-1-exec-1] DEBUG o.s.w.r.r.m.a.HttpEntityMethodArgumentResolver - [6f391890] Content-Type:application/json
12:29:22.885 [http-nio-auto-1-exec-1] DEBUG o.s.w.r.r.m.a.HttpEntityMethodArgumentResolver - [6f391890] 0..1 [org.springframework.web.reactive.result.method.annotation.JacksonHintsIntegrationTests$JacksonViewBean]
12:29:22.893 [http-nio-auto-1-exec-1] DEBUG o.s.w.r.r.m.a.ResponseBodyResultHandler - Using 'application/json' given [application/json] and supported [application/json, application/*+json, application/x-jackson-smile, application/*+x-jackson-smile, text/event-stream]
12:29:22.893 [http-nio-auto-1-exec-1] DEBUG o.s.w.r.r.m.a.ResponseBodyResultHandler - [6f391890] 0..1 [org.springframework.web.reactive.result.method.annotation.JacksonHintsIntegrationTests$JacksonViewBean]
12:29:22.896 [http-nio-auto-1-exec-1] DEBUG o.s.h.c.j.Jackson2JsonDecoder - [6f391890] Decoded [org.springframework.web.reactive.result.method.annotation.JacksonHintsIntegrationTests$JacksonViewBe (truncated)...]
12:29:22.896 [http-nio-auto-1-exec-1] DEBUG o.s.h.c.j.Jackson2JsonEncoder - [6f391890] Encoding [org.springframework.web.reactive.result.method.annotation.JacksonHintsIntegrationTests$JacksonViewBe (truncated)...]
12:29:22.911 [http-nio-auto-1-exec-1] DEBUG o.s.w.s.a.HttpWebHandlerAdapter - [6f391890] Completed 200 OK
12:29:22.911 [Test worker] DEBUG o.s.w.c.RestTemplate - Response 200 OK
12:29:22.911 [Test worker] DEBUG o.s.w.c.RestTemplate - Reading to [java.lang.String] as "application/json"
12:29:22.912 [Test worker] DEBUG o.s.w.t.h.s.r.b.TomcatHttpServer - Stopping TomcatHttpServer...
12:29:23.456 [Test worker] DEBUG o.s.w.t.h.s.r.b.TomcatHttpServer - Server stopped (0 millis).
12:29:23.690 [Test worker] DEBUG o.s.w.r.r.m.a.RequestMappingHandlerMapping - 9 mappings in 'requestMappingHandlerMapping'
12:29:23.770 [Test worker] DEBUG o.s.w.r.r.m.a.ControllerMethodResolver - ControllerAdvice beans: none
12:29:23.923 [Test worker] DEBUG o.s.w.s.a.HttpWebHandlerAdapter - enableLoggingRequestDetails='false': form data and headers will be masked to prevent unsafe logging of potentially sensitive data
12:29:23.960 [Test worker] DEBUG o.s.w.t.h.s.r.b.UndertowHttpServer - Starting UndertowHttpServer...
12:29:24.048 [Test worker] INFO  i.undertow - starting server: Undertow - 2.0.32.Final
12:29:24.148 [Test worker] INFO  o.xnio - XNIO version 3.3.8.Final
12:29:24.203 [Test worker] INFO  o.x.nio - XNIO NIO Implementation Version 3.3.8.Final
12:29:24.863 [Test worker] DEBUG o.s.w.t.h.s.r.b.UndertowHttpServer - Server started on port 64310(0 millis).
12:29:24.864 [Test worker] DEBUG o.s.w.c.RestTemplate - HTTP POST http://localhost:64310/request/entity/mono
12:29:24.865 [Test worker] DEBUG o.s.w.c.RestTemplate - Accept=[text/plain, application/json, application/x-jackson-smile, application/*+json, */*]
12:29:24.866 [Test worker] DEBUG o.s.w.c.RestTemplate - Writing [org.springframework.web.reactive.result.method.annotation.JacksonHintsIntegrationTests$JacksonViewBean@71ee1e54] as "application/json"
12:29:25.324 [XNIO-1 I/O-2] DEBUG o.s.w.s.a.HttpWebHandlerAdapter - [61c0140e] HTTP POST "/request/entity/mono"
12:29:25.326 [XNIO-1 I/O-2] DEBUG o.s.w.r.r.m.a.RequestMappingHandlerMapping - [61c0140e] Mapped to org.springframework.web.reactive.result.method.annotation.JacksonHintsIntegrationTests$JsonViewRestController#entityMonoRequest(HttpEntity)
12:29:25.329 [XNIO-1 I/O-2] DEBUG o.s.w.r.r.m.a.HttpEntityMethodArgumentResolver - [61c0140e] Content-Type:application/json
12:29:25.332 [XNIO-1 I/O-2] DEBUG o.s.w.r.r.m.a.HttpEntityMethodArgumentResolver - [61c0140e] 0..1 [org.springframework.web.reactive.result.method.annotation.JacksonHintsIntegrationTests$JacksonViewBean]
12:29:25.353 [XNIO-1 I/O-2] DEBUG o.s.w.r.r.m.a.ResponseBodyResultHandler - Using 'application/json' given [application/json] and supported [application/json, application/*+json, application/x-jackson-smile, application/*+x-jackson-smile, text/event-stream]
12:29:25.353 [XNIO-1 I/O-2] DEBUG o.s.w.r.r.m.a.ResponseBodyResultHandler - [61c0140e] 0..1 [org.springframework.web.reactive.result.method.annotation.JacksonHintsIntegrationTests$JacksonViewBean]
12:29:25.365 [XNIO-1 I/O-2] DEBUG o.s.h.c.j.Jackson2JsonDecoder - [61c0140e] Decoded [org.springframework.web.reactive.result.method.annotation.JacksonHintsIntegrationTests$JacksonViewBe (truncated)...]
12:29:25.365 [XNIO-1 I/O-2] DEBUG o.s.h.c.j.Jackson2JsonEncoder - [61c0140e] Encoding [org.springframework.web.reactive.result.method.annotation.JacksonHintsIntegrationTests$JacksonViewBe (truncated)...]
12:29:25.403 [Test worker] DEBUG o.s.w.c.RestTemplate - Response 200 OK
12:29:25.404 [Test worker] DEBUG o.s.w.c.RestTemplate - Reading to [java.lang.String] as "application/json"
12:29:25.405 [Test worker] DEBUG o.s.w.t.h.s.r.b.UndertowHttpServer - Stopping UndertowHttpServer...
12:29:25.405 [Test worker] INFO  i.undertow - stopping server: Undertow - 2.0.32.Final
12:29:25.412 [XNIO-1 I/O-2] DEBUG o.s.w.s.a.HttpWebHandlerAdapter - [61c0140e] Completed 200 OK
12:29:25.420 [Test worker] DEBUG o.s.w.t.h.s.r.b.UndertowHttpServer - Server stopped (0 millis).
12:29:25.685 [Test worker] DEBUG o.s.w.r.r.m.a.RequestMappingHandlerMapping - 9 mappings in 'requestMappingHandlerMapping'
12:29:25.819 [Test worker] DEBUG o.s.w.r.r.m.a.ControllerMethodResolver - ControllerAdvice beans: none
12:29:25.868 [Test worker] DEBUG o.s.w.s.a.HttpWebHandlerAdapter - enableLoggingRequestDetails='false': form data and headers will be masked to prevent unsafe logging of potentially sensitive data
12:29:25.869 [Test worker] WARN  o.e.j.s.h.ContextHandler - Empty contextPath
12:29:25.870 [Test worker] INFO  o.e.j.s.h.ContextHandler - Started o.e.j.s.ServletContextHandler@37d71760{/,null,AVAILABLE}
12:29:25.871 [Test worker] DEBUG o.s.w.t.h.s.r.b.JettyHttpServer - Starting JettyHttpServer...
12:29:25.871 [Test worker] INFO  o.e.j.s.Server - jetty-9.4.31.v20200723; built: 2020-07-23T17:57:36.812Z; git: 450ba27947e13e66baa8cd1ce7e85a4461cacc1d; jvm 1.8.0_191-b12
12:29:25.974 [Test worker] INFO  o.e.j.s.AbstractConnector - Started ServerConnector@49149b04{HTTP/1.1, (http/1.1)}{0.0.0.0:64339}
12:29:25.974 [Test worker] INFO  o.e.j.s.Server - Started @53695ms
12:29:25.974 [Test worker] DEBUG o.s.w.t.h.s.r.b.JettyHttpServer - Server started on port 64339(0 millis).
12:29:25.975 [Test worker] DEBUG o.s.w.c.RestTemplate - HTTP POST http://localhost:64339/request/raw
12:29:25.975 [Test worker] DEBUG o.s.w.c.RestTemplate - Accept=[text/plain, application/json, application/x-jackson-smile, application/*+json, */*]
12:29:25.977 [Test worker] DEBUG o.s.w.c.RestTemplate - Writing [org.springframework.web.reactive.result.method.annotation.JacksonHintsIntegrationTests$JacksonViewBean@55f9b0a] as "application/json"
12:29:25.995 [qtp1604680678-104] DEBUG o.s.w.s.a.HttpWebHandlerAdapter - [533ef516] HTTP POST "/request/raw"
12:29:25.995 [qtp1604680678-104] DEBUG o.s.w.r.r.m.a.RequestMappingHandlerMapping - [533ef516] Mapped to org.springframework.web.reactive.result.method.annotation.JacksonHintsIntegrationTests$JsonViewRestController#rawRequest(JacksonViewBean)
12:29:25.999 [qtp1604680678-104] DEBUG o.s.w.r.r.m.a.RequestBodyMethodArgumentResolver - [533ef516] Content-Type:application/json;charset=UTF-8
12:29:26.000 [qtp1604680678-104] DEBUG o.s.w.r.r.m.a.RequestBodyMethodArgumentResolver - [533ef516] 0..1 [org.springframework.web.reactive.result.method.annotation.JacksonHintsIntegrationTests$JacksonViewBean]
12:29:26.002 [qtp1604680678-104] DEBUG o.s.h.c.j.Jackson2JsonDecoder - [533ef516] Decoded [org.springframework.web.reactive.result.method.annotation.JacksonHintsIntegrationTests$JacksonViewBe (truncated)...]
12:29:26.007 [qtp1604680678-104] DEBUG o.s.w.r.r.m.a.ResponseBodyResultHandler - Using 'application/json' given [application/json] and supported [application/json, application/*+json, application/x-jackson-smile, application/*+x-jackson-smile, text/event-stream]
12:29:26.007 [qtp1604680678-104] DEBUG o.s.w.r.r.m.a.ResponseBodyResultHandler - [533ef516] 0..1 [org.springframework.web.reactive.result.method.annotation.JacksonHintsIntegrationTests$JacksonViewBean]
12:29:26.008 [qtp1604680678-104] DEBUG o.s.h.c.j.Jackson2JsonEncoder - [533ef516] Encoding [org.springframework.web.reactive.result.method.annotation.JacksonHintsIntegrationTests$JacksonViewBe (truncated)...]
12:29:26.009 [Test worker] DEBUG o.s.w.c.RestTemplate - Response 200 OK
12:29:26.009 [Test worker] DEBUG o.s.w.c.RestTemplate - Reading to [java.lang.String] as "application/json"
12:29:26.009 [qtp1604680678-104] DEBUG o.s.w.s.a.HttpWebHandlerAdapter - [533ef516] Completed 200 OK
12:29:26.010 [Test worker] DEBUG o.s.w.t.h.s.r.b.JettyHttpServer - Stopping JettyHttpServer...
12:29:26.010 [Test worker] INFO  o.e.j.s.h.ContextHandler - Stopped o.e.j.s.ServletContextHandler@37d71760{/,null,UNAVAILABLE}
12:29:26.014 [Test worker] INFO  o.e.j.s.AbstractConnector - Stopped ServerConnector@49149b04{HTTP/1.1, (http/1.1)}{0.0.0.0:0}
12:29:26.015 [Test worker] DEBUG o.s.w.t.h.s.r.b.JettyHttpServer - Server stopped (0 millis).
12:29:26.295 [Test worker] DEBUG o.s.w.r.r.m.a.RequestMappingHandlerMapping - 9 mappings in 'requestMappingHandlerMapping'
12:29:26.349 [Test worker] DEBUG o.s.w.r.r.m.a.ControllerMethodResolver - ControllerAdvice beans: none
12:29:26.664 [Test worker] DEBUG o.s.w.s.a.HttpWebHandlerAdapter - enableLoggingRequestDetails='false': form data and headers will be masked to prevent unsafe logging of potentially sensitive data
12:29:26.664 [Test worker] DEBUG o.s.w.t.h.s.r.b.ReactorHttpServer - Starting ReactorHttpServer...
12:29:26.778 [Test worker] DEBUG o.s.w.t.h.s.r.b.ReactorHttpServer - Server started on port 64357(0 millis).
12:29:26.779 [Test worker] DEBUG o.s.w.c.RestTemplate - HTTP POST http://localhost:64357/request/raw
12:29:26.780 [Test worker] DEBUG o.s.w.c.RestTemplate - Accept=[text/plain, application/json, application/x-jackson-smile, application/*+json, */*]
12:29:26.781 [Test worker] DEBUG o.s.w.c.RestTemplate - Writing [org.springframework.web.reactive.result.method.annotation.JacksonHintsIntegrationTests$JacksonViewBean@7f754ee4] as "application/json"
12:29:26.809 [reactor-http-nio-4] DEBUG o.s.w.s.a.HttpWebHandlerAdapter - [41665fbf-2] HTTP POST "/request/raw"
12:29:26.810 [reactor-http-nio-4] DEBUG o.s.w.r.r.m.a.RequestMappingHandlerMapping - [41665fbf-2] Mapped to org.springframework.web.reactive.result.method.annotation.JacksonHintsIntegrationTests$JsonViewRestController#rawRequest(JacksonViewBean)
12:29:26.812 [reactor-http-nio-4] DEBUG o.s.w.r.r.m.a.RequestBodyMethodArgumentResolver - [41665fbf-2] Content-Type:application/json
12:29:26.813 [reactor-http-nio-4] DEBUG o.s.w.r.r.m.a.RequestBodyMethodArgumentResolver - [41665fbf-2] 0..1 [org.springframework.web.reactive.result.method.annotation.JacksonHintsIntegrationTests$JacksonViewBean]
12:29:26.815 [reactor-http-nio-4] DEBUG o.s.h.c.j.Jackson2JsonDecoder - [41665fbf-2] Decoded [org.springframework.web.reactive.result.method.annotation.JacksonHintsIntegrationTests$JacksonViewBe (truncated)...]
12:29:26.817 [reactor-http-nio-4] DEBUG o.s.w.r.r.m.a.ResponseBodyResultHandler - Using 'application/json' given [application/json] and supported [application/json, application/*+json, application/x-jackson-smile, application/*+x-jackson-smile, text/event-stream]
12:29:26.817 [reactor-http-nio-4] DEBUG o.s.w.r.r.m.a.ResponseBodyResultHandler - [41665fbf-2] 0..1 [org.springframework.web.reactive.result.method.annotation.JacksonHintsIntegrationTests$JacksonViewBean]
12:29:26.818 [reactor-http-nio-4] DEBUG o.s.h.c.j.Jackson2JsonEncoder - [41665fbf-2] Encoding [org.springframework.web.reactive.result.method.annotation.JacksonHintsIntegrationTests$JacksonViewBe (truncated)...]
12:29:26.820 [Test worker] DEBUG o.s.w.c.RestTemplate - Response 200 OK
12:29:26.820 [Test worker] DEBUG o.s.w.c.RestTemplate - Reading to [java.lang.String] as "application/json"
12:29:26.821 [reactor-http-nio-4] DEBUG o.s.w.s.a.HttpWebHandlerAdapter - [41665fbf-2] Completed 200 OK
12:29:26.821 [Test worker] DEBUG o.s.w.t.h.s.r.b.ReactorHttpServer - Stopping ReactorHttpServer...
12:29:26.821 [Test worker] DEBUG o.s.w.t.h.s.r.b.ReactorHttpServer - Server stopped (0 millis).
12:29:27.051 [Test worker] DEBUG o.s.w.r.r.m.a.RequestMappingHandlerMapping - 9 mappings in 'requestMappingHandlerMapping'
12:29:27.143 [Test worker] DEBUG o.s.w.r.r.m.a.ControllerMethodResolver - ControllerAdvice beans: none
12:29:27.316 [Test worker] DEBUG o.s.w.s.a.HttpWebHandlerAdapter - enableLoggingRequestDetails='false': form data and headers will be masked to prevent unsafe logging of potentially sensitive data
12:29:27.318 [Test worker] DEBUG o.s.w.t.h.s.r.b.TomcatHttpServer - Starting TomcatHttpServer...
12:29:27.447 [Test worker] DEBUG o.s.w.t.h.s.r.b.TomcatHttpServer - Server started on port 64359(0 millis).
12:29:27.448 [Test worker] DEBUG o.s.w.c.RestTemplate - HTTP POST http://localhost:64359/request/raw
12:29:27.449 [Test worker] DEBUG o.s.w.c.RestTemplate - Accept=[text/plain, application/json, application/x-jackson-smile, application/*+json, */*]
12:29:27.450 [Test worker] DEBUG o.s.w.c.RestTemplate - Writing [org.springframework.web.reactive.result.method.annotation.JacksonHintsIntegrationTests$JacksonViewBean@4c61fd21] as "application/json"
12:29:29.928 [http-nio-auto-2-exec-1] DEBUG o.s.w.s.a.HttpWebHandlerAdapter - [76e6c65d] HTTP POST "/request/raw"
12:29:29.931 [http-nio-auto-2-exec-1] DEBUG o.s.w.r.r.m.a.RequestMappingHandlerMapping - [76e6c65d] Mapped to org.springframework.web.reactive.result.method.annotation.JacksonHintsIntegrationTests$JsonViewRestController#rawRequest(JacksonViewBean)
12:29:29.933 [http-nio-auto-2-exec-1] DEBUG o.s.w.r.r.m.a.RequestBodyMethodArgumentResolver - [76e6c65d] Content-Type:application/json
12:29:29.936 [http-nio-auto-2-exec-1] DEBUG o.s.w.r.r.m.a.RequestBodyMethodArgumentResolver - [76e6c65d] 0..1 [org.springframework.web.reactive.result.method.annotation.JacksonHintsIntegrationTests$JacksonViewBean]
12:29:29.937 [http-nio-auto-2-exec-1] DEBUG o.s.h.c.j.Jackson2JsonDecoder - [76e6c65d] Decoded [org.springframework.web.reactive.result.method.annotation.JacksonHintsIntegrationTests$JacksonViewBe (truncated)...]
12:29:29.945 [http-nio-auto-2-exec-1] DEBUG o.s.w.r.r.m.a.ResponseBodyResultHandler - Using 'application/json' given [application/json] and supported [application/json, application/*+json, application/x-jackson-smile, application/*+x-jackson-smile, text/event-stream]
12:29:29.945 [http-nio-auto-2-exec-1] DEBUG o.s.w.r.r.m.a.ResponseBodyResultHandler - [76e6c65d] 0..1 [org.springframework.web.reactive.result.method.annotation.JacksonHintsIntegrationTests$JacksonViewBean]
12:29:29.946 [http-nio-auto-2-exec-1] DEBUG o.s.h.c.j.Jackson2JsonEncoder - [76e6c65d] Encoding [org.springframework.web.reactive.result.method.annotation.JacksonHintsIntegrationTests$JacksonViewBe (truncated)...]
12:29:29.949 [Test worker] DEBUG o.s.w.c.RestTemplate - Response 200 OK
12:29:29.949 [http-nio-auto-2-exec-1] DEBUG o.s.w.s.a.HttpWebHandlerAdapter - [76e6c65d] Completed 200 OK
12:29:29.949 [Test worker] DEBUG o.s.w.c.RestTemplate - Reading to [java.lang.String] as "application/json"
12:29:29.950 [Test worker] DEBUG o.s.w.t.h.s.r.b.TomcatHttpServer - Stopping TomcatHttpServer...
12:29:31.289 [Test worker] DEBUG o.s.w.t.h.s.r.b.TomcatHttpServer - Server stopped (0 millis).
12:29:31.580 [Test worker] DEBUG o.s.w.r.r.m.a.RequestMappingHandlerMapping - 9 mappings in 'requestMappingHandlerMapping'
12:29:31.821 [Test worker] DEBUG o.s.w.r.r.m.a.ControllerMethodResolver - ControllerAdvice beans: none
12:29:31.903 [Test worker] DEBUG o.s.w.s.a.HttpWebHandlerAdapter - enableLoggingRequestDetails='false': form data and headers will be masked to prevent unsafe logging of potentially sensitive data
12:29:31.904 [Test worker] DEBUG o.s.w.t.h.s.r.b.UndertowHttpServer - Starting UndertowHttpServer...
12:29:31.904 [Test worker] INFO  i.undertow - starting server: Undertow - 2.0.32.Final
12:29:32.026 [Test worker] DEBUG o.s.w.t.h.s.r.b.UndertowHttpServer - Server started on port 64423(0 millis).
12:29:32.027 [Test worker] DEBUG o.s.w.c.RestTemplate - HTTP POST http://localhost:64423/request/raw
12:29:32.027 [Test worker] DEBUG o.s.w.c.RestTemplate - Accept=[text/plain, application/json, application/x-jackson-smile, application/*+json, */*]
12:29:32.037 [Test worker] DEBUG o.s.w.c.RestTemplate - Writing [org.springframework.web.reactive.result.method.annotation.JacksonHintsIntegrationTests$JacksonViewBean@47d5e076] as "application/json"
12:29:32.231 [XNIO-2 I/O-2] DEBUG o.s.w.s.a.HttpWebHandlerAdapter - [2b60b8b5] HTTP POST "/request/raw"
12:29:32.231 [XNIO-2 I/O-2] DEBUG o.s.w.r.r.m.a.RequestMappingHandlerMapping - [2b60b8b5] Mapped to org.springframework.web.reactive.result.method.annotation.JacksonHintsIntegrationTests$JsonViewRestController#rawRequest(JacksonViewBean)
12:29:32.232 [XNIO-2 I/O-2] DEBUG o.s.w.r.r.m.a.RequestBodyMethodArgumentResolver - [2b60b8b5] Content-Type:application/json
12:29:32.233 [XNIO-2 I/O-2] DEBUG o.s.w.r.r.m.a.RequestBodyMethodArgumentResolver - [2b60b8b5] 0..1 [org.springframework.web.reactive.result.method.annotation.JacksonHintsIntegrationTests$JacksonViewBean]
12:29:32.234 [XNIO-2 I/O-2] DEBUG o.s.h.c.j.Jackson2JsonDecoder - [2b60b8b5] Decoded [org.springframework.web.reactive.result.method.annotation.JacksonHintsIntegrationTests$JacksonViewBe (truncated)...]
12:29:32.235 [XNIO-2 I/O-2] DEBUG o.s.w.r.r.m.a.ResponseBodyResultHandler - Using 'application/json' given [application/json] and supported [application/json, application/*+json, application/x-jackson-smile, application/*+x-jackson-smile, text/event-stream]
12:29:32.236 [XNIO-2 I/O-2] DEBUG o.s.w.r.r.m.a.ResponseBodyResultHandler - [2b60b8b5] 0..1 [org.springframework.web.reactive.result.method.annotation.JacksonHintsIntegrationTests$JacksonViewBean]
12:29:32.236 [XNIO-2 I/O-2] DEBUG o.s.h.c.j.Jackson2JsonEncoder - [2b60b8b5] Encoding [org.springframework.web.reactive.result.method.annotation.JacksonHintsIntegrationTests$JacksonViewBe (truncated)...]
12:29:32.238 [XNIO-2 I/O-2] DEBUG o.s.w.s.a.HttpWebHandlerAdapter - [2b60b8b5] Completed 200 OK
12:29:32.239 [Test worker] DEBUG o.s.w.c.RestTemplate - Response 200 OK
12:29:32.239 [Test worker] DEBUG o.s.w.c.RestTemplate - Reading to [java.lang.String] as "application/json"
12:29:32.239 [Test worker] DEBUG o.s.w.t.h.s.r.b.UndertowHttpServer - Stopping UndertowHttpServer...
12:29:32.239 [Test worker] INFO  i.undertow - stopping server: Undertow - 2.0.32.Final
12:29:32.265 [Test worker] DEBUG o.s.w.t.h.s.r.b.UndertowHttpServer - Server stopped (0 millis).
12:29:32.733 [Test worker] DEBUG o.s.w.r.r.m.a.RequestMappingHandlerMapping - 9 mappings in 'requestMappingHandlerMapping'
12:29:33.347 [Test worker] DEBUG o.s.w.r.r.m.a.ControllerMethodResolver - ControllerAdvice beans: none
12:29:33.513 [Test worker] DEBUG o.s.w.s.a.HttpWebHandlerAdapter - enableLoggingRequestDetails='false': form data and headers will be masked to prevent unsafe logging of potentially sensitive data
12:29:33.514 [Test worker] WARN  o.e.j.s.h.ContextHandler - Empty contextPath
12:29:33.514 [Test worker] INFO  o.e.j.s.h.ContextHandler - Started o.e.j.s.ServletContextHandler@24e1e4bd{/,null,AVAILABLE}
12:29:33.514 [Test worker] DEBUG o.s.w.t.h.s.r.b.JettyHttpServer - Starting JettyHttpServer...
12:29:33.514 [Test worker] INFO  o.e.j.s.Server - jetty-9.4.31.v20200723; built: 2020-07-23T17:57:36.812Z; git: 450ba27947e13e66baa8cd1ce7e85a4461cacc1d; jvm 1.8.0_191-b12
12:29:33.922 [Test worker] INFO  o.e.j.s.AbstractConnector - Started ServerConnector@35a7743b{HTTP/1.1, (http/1.1)}{0.0.0.0:64427}
12:29:33.922 [Test worker] INFO  o.e.j.s.Server - Started @61644ms
12:29:33.922 [Test worker] DEBUG o.s.w.t.h.s.r.b.JettyHttpServer - Server started on port 64427(0 millis).
12:29:33.923 [Test worker] DEBUG o.s.w.c.RestTemplate - HTTP GET http://localhost:64427/response/entity
12:29:33.923 [Test worker] DEBUG o.s.w.c.RestTemplate - Accept=[text/plain, application/json, application/x-jackson-smile, application/*+json, */*]
12:29:33.974 [qtp1680773376-135] DEBUG o.s.w.s.a.HttpWebHandlerAdapter - [35045690] HTTP GET "/response/entity"
12:29:33.976 [qtp1680773376-135] DEBUG o.s.w.r.r.m.a.RequestMappingHandlerMapping - [35045690] Mapped to org.springframework.web.reactive.result.method.annotation.JacksonHintsIntegrationTests$JsonViewRestController#monoResponseEntity()
12:29:33.982 [qtp1680773376-135] DEBUG o.s.w.r.r.m.a.ResponseEntityResultHandler - Using 'application/json' given [application/json] and supported [application/json, application/*+json, application/x-jackson-smile, application/*+x-jackson-smile, text/event-stream]
12:29:33.982 [qtp1680773376-135] DEBUG o.s.w.r.r.m.a.ResponseEntityResultHandler - [35045690] 0..1 [org.springframework.web.reactive.result.method.annotation.JacksonHintsIntegrationTests$JacksonViewBean]
12:29:33.983 [qtp1680773376-135] DEBUG o.s.h.c.j.Jackson2JsonEncoder - [35045690] Encoding [org.springframework.web.reactive.result.method.annotation.JacksonHintsIntegrationTests$JacksonViewBe (truncated)...]
12:29:33.985 [Test worker] DEBUG o.s.w.c.RestTemplate - Response 200 OK
12:29:33.985 [Test worker] DEBUG o.s.w.c.RestTemplate - Reading to [java.lang.String] as "application/json"
12:29:33.986 [Test worker] DEBUG o.s.w.t.h.s.r.b.JettyHttpServer - Stopping JettyHttpServer...
12:29:33.986 [Test worker] INFO  o.e.j.s.h.ContextHandler - Stopped o.e.j.s.ServletContextHandler@24e1e4bd{/,null,UNAVAILABLE}
12:29:33.988 [qtp1680773376-135] DEBUG o.s.w.s.a.HttpWebHandlerAdapter - [35045690] Completed 200 OK
12:29:33.991 [Test worker] INFO  o.e.j.s.AbstractConnector - Stopped ServerConnector@35a7743b{HTTP/1.1, (http/1.1)}{0.0.0.0:0}
12:29:33.994 [Test worker] DEBUG o.s.w.t.h.s.r.b.JettyHttpServer - Server stopped (0 millis).
12:29:34.202 [Test worker] DEBUG o.s.w.r.r.m.a.RequestMappingHandlerMapping - 9 mappings in 'requestMappingHandlerMapping'
12:29:34.315 [Test worker] DEBUG o.s.w.r.r.m.a.ControllerMethodResolver - ControllerAdvice beans: none
12:29:34.354 [Test worker] DEBUG o.s.w.s.a.HttpWebHandlerAdapter - enableLoggingRequestDetails='false': form data and headers will be masked to prevent unsafe logging of potentially sensitive data
12:29:34.354 [Test worker] DEBUG o.s.w.t.h.s.r.b.ReactorHttpServer - Starting ReactorHttpServer...
12:29:34.360 [Test worker] DEBUG o.s.w.t.h.s.r.b.ReactorHttpServer - Server started on port 64448(0 millis).
12:29:34.360 [Test worker] DEBUG o.s.w.c.RestTemplate - HTTP GET http://localhost:64448/response/entity
12:29:34.360 [Test worker] DEBUG o.s.w.c.RestTemplate - Accept=[text/plain, application/json, application/x-jackson-smile, application/*+json, */*]
12:29:34.366 [reactor-http-nio-2] DEBUG o.s.w.s.a.HttpWebHandlerAdapter - [5aa0214f-3] HTTP GET "/response/entity"
12:29:34.366 [reactor-http-nio-2] DEBUG o.s.w.r.r.m.a.RequestMappingHandlerMapping - [5aa0214f-3] Mapped to org.springframework.web.reactive.result.method.annotation.JacksonHintsIntegrationTests$JsonViewRestController#monoResponseEntity()
12:29:34.371 [reactor-http-nio-2] DEBUG o.s.w.r.r.m.a.ResponseEntityResultHandler - Using 'application/json' given [application/json] and supported [application/json, application/*+json, application/x-jackson-smile, application/*+x-jackson-smile, text/event-stream]
12:29:34.371 [reactor-http-nio-2] DEBUG o.s.w.r.r.m.a.ResponseEntityResultHandler - [5aa0214f-3] 0..1 [org.springframework.web.reactive.result.method.annotation.JacksonHintsIntegrationTests$JacksonViewBean]
12:29:34.371 [reactor-http-nio-2] DEBUG o.s.h.c.j.Jackson2JsonEncoder - [5aa0214f-3] Encoding [org.springframework.web.reactive.result.method.annotation.JacksonHintsIntegrationTests$JacksonViewBe (truncated)...]
12:29:34.373 [Test worker] DEBUG o.s.w.c.RestTemplate - Response 200 OK
12:29:34.373 [reactor-http-nio-2] DEBUG o.s.w.s.a.HttpWebHandlerAdapter - [5aa0214f-3] Completed 200 OK
12:29:34.373 [Test worker] DEBUG o.s.w.c.RestTemplate - Reading to [java.lang.String] as "application/json"
12:29:34.374 [Test worker] DEBUG o.s.w.t.h.s.r.b.ReactorHttpServer - Stopping ReactorHttpServer...
12:29:34.374 [Test worker] DEBUG o.s.w.t.h.s.r.b.ReactorHttpServer - Server stopped (0 millis).
12:29:34.535 [Test worker] DEBUG o.s.w.r.r.m.a.RequestMappingHandlerMapping - 9 mappings in 'requestMappingHandlerMapping'
12:29:34.638 [Test worker] DEBUG o.s.w.r.r.m.a.ControllerMethodResolver - ControllerAdvice beans: none
12:29:34.707 [Test worker] DEBUG o.s.w.s.a.HttpWebHandlerAdapter - enableLoggingRequestDetails='false': form data and headers will be masked to prevent unsafe logging of potentially sensitive data
12:29:34.708 [Test worker] DEBUG o.s.w.t.h.s.r.b.TomcatHttpServer - Starting TomcatHttpServer...
12:29:34.792 [Test worker] DEBUG o.s.w.t.h.s.r.b.TomcatHttpServer - Server started on port 64455(0 millis).
12:29:34.793 [Test worker] DEBUG o.s.w.c.RestTemplate - HTTP GET http://localhost:64455/response/entity
12:29:34.794 [Test worker] DEBUG o.s.w.c.RestTemplate - Accept=[text/plain, application/json, application/x-jackson-smile, application/*+json, */*]
12:29:37.000 [http-nio-auto-3-exec-10] DEBUG o.s.w.s.a.HttpWebHandlerAdapter - [5e25b053] HTTP GET "/response/entity"
12:29:37.001 [http-nio-auto-3-exec-10] DEBUG o.s.w.r.r.m.a.RequestMappingHandlerMapping - [5e25b053] Mapped to org.springframework.web.reactive.result.method.annotation.JacksonHintsIntegrationTests$JsonViewRestController#monoResponseEntity()
12:29:37.012 [http-nio-auto-3-exec-10] DEBUG o.s.w.r.r.m.a.ResponseEntityResultHandler - Using 'application/json' given [application/json] and supported [application/json, application/*+json, application/x-jackson-smile, application/*+x-jackson-smile, text/event-stream]
12:29:37.012 [http-nio-auto-3-exec-10] DEBUG o.s.w.r.r.m.a.ResponseEntityResultHandler - [5e25b053] 0..1 [org.springframework.web.reactive.result.method.annotation.JacksonHintsIntegrationTests$JacksonViewBean]
12:29:37.013 [http-nio-auto-3-exec-10] DEBUG o.s.h.c.j.Jackson2JsonEncoder - [5e25b053] Encoding [org.springframework.web.reactive.result.method.annotation.JacksonHintsIntegrationTests$JacksonViewBe (truncated)...]
12:29:37.014 [Test worker] DEBUG o.s.w.c.RestTemplate - Response 200 OK
12:29:37.014 [Test worker] DEBUG o.s.w.c.RestTemplate - Reading to [java.lang.String] as "application/json"
12:29:37.015 [Test worker] DEBUG o.s.w.t.h.s.r.b.TomcatHttpServer - Stopping TomcatHttpServer...
12:29:37.016 [http-nio-auto-3-exec-10] DEBUG o.s.w.s.a.HttpWebHandlerAdapter - [5e25b053] Completed 200 OK
12:29:37.647 [Test worker] DEBUG o.s.w.t.h.s.r.b.TomcatHttpServer - Server stopped (0 millis).
12:29:37.803 [Test worker] DEBUG o.s.w.r.r.m.a.RequestMappingHandlerMapping - 9 mappings in 'requestMappingHandlerMapping'
12:29:37.934 [Test worker] DEBUG o.s.w.r.r.m.a.ControllerMethodResolver - ControllerAdvice beans: none
12:29:38.011 [Test worker] DEBUG o.s.w.s.a.HttpWebHandlerAdapter - enableLoggingRequestDetails='false': form data and headers will be masked to prevent unsafe logging of potentially sensitive data
12:29:38.011 [Test worker] DEBUG o.s.w.t.h.s.r.b.UndertowHttpServer - Starting UndertowHttpServer...
12:29:38.011 [Test worker] INFO  i.undertow - starting server: Undertow - 2.0.32.Final
12:29:38.029 [Test worker] DEBUG o.s.w.t.h.s.r.b.UndertowHttpServer - Server started on port 64669(0 millis).
12:29:38.030 [Test worker] DEBUG o.s.w.c.RestTemplate - HTTP GET http://localhost:64669/response/entity
12:29:38.032 [Test worker] DEBUG o.s.w.c.RestTemplate - Accept=[text/plain, application/json, application/x-jackson-smile, application/*+json, */*]
12:29:38.122 [XNIO-3 I/O-2] DEBUG o.s.w.s.a.HttpWebHandlerAdapter - [43e2a81] HTTP GET "/response/entity"
12:29:38.122 [XNIO-3 I/O-2] DEBUG o.s.w.r.r.m.a.RequestMappingHandlerMapping - [43e2a81] Mapped to org.springframework.web.reactive.result.method.annotation.JacksonHintsIntegrationTests$JsonViewRestController#monoResponseEntity()
12:29:38.124 [XNIO-3 I/O-2] DEBUG o.s.w.r.r.m.a.ResponseEntityResultHandler - Using 'application/json' given [application/json] and supported [application/json, application/*+json, application/x-jackson-smile, application/*+x-jackson-smile, text/event-stream]
12:29:38.124 [XNIO-3 I/O-2] DEBUG o.s.w.r.r.m.a.ResponseEntityResultHandler - [43e2a81] 0..1 [org.springframework.web.reactive.result.method.annotation.JacksonHintsIntegrationTests$JacksonViewBean]
12:29:38.125 [XNIO-3 I/O-2] DEBUG o.s.h.c.j.Jackson2JsonEncoder - [43e2a81] Encoding [org.springframework.web.reactive.result.method.annotation.JacksonHintsIntegrationTests$JacksonViewBe (truncated)...]
12:29:38.126 [XNIO-3 I/O-2] DEBUG o.s.w.s.a.HttpWebHandlerAdapter - [43e2a81] Completed 200 OK
12:29:38.126 [Test worker] DEBUG o.s.w.c.RestTemplate - Response 200 OK
12:29:38.126 [Test worker] DEBUG o.s.w.c.RestTemplate - Reading to [java.lang.String] as "application/json"
12:29:38.127 [Test worker] DEBUG o.s.w.t.h.s.r.b.UndertowHttpServer - Stopping UndertowHttpServer...
12:29:38.127 [Test worker] INFO  i.undertow - stopping server: Undertow - 2.0.32.Final
12:29:38.129 [Test worker] DEBUG o.s.w.t.h.s.r.b.UndertowHttpServer - Server stopped (0 millis).
12:29:38.258 [Test worker] DEBUG o.s.w.r.r.m.a.RequestMappingHandlerMapping - 9 mappings in 'requestMappingHandlerMapping'
12:29:38.332 [Test worker] DEBUG o.s.w.r.r.m.a.ControllerMethodResolver - ControllerAdvice beans: none
12:29:38.450 [Test worker] DEBUG o.s.w.s.a.HttpWebHandlerAdapter - enableLoggingRequestDetails='false': form data and headers will be masked to prevent unsafe logging of potentially sensitive data
12:29:38.451 [Test worker] WARN  o.e.j.s.h.ContextHandler - Empty contextPath
12:29:38.453 [Test worker] INFO  o.e.j.s.h.ContextHandler - Started o.e.j.s.ServletContextHandler@773d2809{/,null,AVAILABLE}
12:29:38.454 [Test worker] DEBUG o.s.w.t.h.s.r.b.JettyHttpServer - Starting JettyHttpServer...
12:29:38.455 [Test worker] INFO  o.e.j.s.Server - jetty-9.4.31.v20200723; built: 2020-07-23T17:57:36.812Z; git: 450ba27947e13e66baa8cd1ce7e85a4461cacc1d; jvm 1.8.0_191-b12
12:29:38.542 [Test worker] INFO  o.e.j.s.AbstractConnector - Started ServerConnector@279b220f{HTTP/1.1, (http/1.1)}{0.0.0.0:64697}
12:29:38.542 [Test worker] INFO  o.e.j.s.Server - Started @66263ms
12:29:38.542 [Test worker] DEBUG o.s.w.t.h.s.r.b.JettyHttpServer - Server started on port 64697(0 millis).
12:29:38.542 [Test worker] DEBUG o.s.w.c.RestTemplate - HTTP POST http://localhost:64697/request/flux
12:29:38.543 [Test worker] DEBUG o.s.w.c.RestTemplate - Accept=[text/plain, application/json, application/x-jackson-smile, application/*+json, */*]
12:29:38.545 [Test worker] DEBUG o.s.w.c.RestTemplate - Writing [[org.springframework.web.reactive.result.method.annotation.JacksonHintsIntegrationTests$JacksonViewBean@14cf1caf, org.springframework.web.reactive.result.method.annotation.JacksonHintsIntegrationTests$JacksonViewBean@3333e698]] as "application/json"
12:29:38.553 [qtp1585750343-168] DEBUG o.s.w.s.a.HttpWebHandlerAdapter - [6c27b1e7] HTTP POST "/request/flux"
12:29:38.554 [qtp1585750343-168] DEBUG o.s.w.r.r.m.a.RequestMappingHandlerMapping - [6c27b1e7] Mapped to org.springframework.web.reactive.result.method.annotation.JacksonHintsIntegrationTests$JsonViewRestController#fluxRequest(Flux)
12:29:38.556 [qtp1585750343-168] DEBUG o.s.w.r.r.m.a.RequestBodyMethodArgumentResolver - [6c27b1e7] Content-Type:application/json;charset=UTF-8
12:29:38.557 [qtp1585750343-168] DEBUG o.s.w.r.r.m.a.RequestBodyMethodArgumentResolver - [6c27b1e7] 0..N [org.springframework.web.reactive.result.method.annotation.JacksonHintsIntegrationTests$JacksonViewBean]
12:29:38.572 [qtp1585750343-168] DEBUG o.s.w.r.r.m.a.ResponseBodyResultHandler - Using 'application/json' given [application/json] and supported [application/json, application/*+json, application/x-jackson-smile, application/*+x-jackson-smile, text/event-stream]
12:29:38.572 [qtp1585750343-168] DEBUG o.s.w.r.r.m.a.ResponseBodyResultHandler - [6c27b1e7] 0..N [org.springframework.web.reactive.result.method.annotation.JacksonHintsIntegrationTests$JacksonViewBean]
12:29:38.590 [qtp1585750343-168] DEBUG o.s.h.c.j.Jackson2JsonDecoder - [6c27b1e7] Decoded [org.springframework.web.reactive.result.method.annotation.JacksonHintsIntegrationTests$JacksonViewBe (truncated)...]
12:29:38.591 [qtp1585750343-168] DEBUG o.s.h.c.j.Jackson2JsonDecoder - [6c27b1e7] Decoded [org.springframework.web.reactive.result.method.annotation.JacksonHintsIntegrationTests$JacksonViewBe (truncated)...]
12:29:38.594 [qtp1585750343-168] DEBUG o.s.h.c.j.Jackson2JsonEncoder - [6c27b1e7] Encoding [[org.springframework.web.reactive.result.method.annotation.JacksonHintsIntegrationTests$JacksonViewB (truncated)...]
12:29:38.596 [Test worker] DEBUG o.s.w.c.RestTemplate - Response 200 OK
12:29:38.597 [Test worker] DEBUG o.s.w.c.RestTemplate - Reading to [java.lang.String] as "application/json"
12:29:38.598 [qtp1585750343-168] DEBUG o.s.w.s.a.HttpWebHandlerAdapter - [6c27b1e7] Completed 200 OK
12:29:38.599 [Test worker] DEBUG o.s.w.t.h.s.r.b.JettyHttpServer - Stopping JettyHttpServer...
12:29:38.600 [Test worker] INFO  o.e.j.s.h.ContextHandler - Stopped o.e.j.s.ServletContextHandler@773d2809{/,null,UNAVAILABLE}
12:29:38.602 [Test worker] INFO  o.e.j.s.AbstractConnector - Stopped ServerConnector@279b220f{HTTP/1.1, (http/1.1)}{0.0.0.0:0}
12:29:38.603 [Test worker] DEBUG o.s.w.t.h.s.r.b.JettyHttpServer - Server stopped (0 millis).
12:29:38.780 [Test worker] DEBUG o.s.w.r.r.m.a.RequestMappingHandlerMapping - 9 mappings in 'requestMappingHandlerMapping'
12:29:38.861 [Test worker] DEBUG o.s.w.r.r.m.a.ControllerMethodResolver - ControllerAdvice beans: none
12:29:38.940 [Test worker] DEBUG o.s.w.s.a.HttpWebHandlerAdapter - enableLoggingRequestDetails='false': form data and headers will be masked to prevent unsafe logging of potentially sensitive data
12:29:38.941 [Test worker] DEBUG o.s.w.t.h.s.r.b.ReactorHttpServer - Starting ReactorHttpServer...
12:29:38.943 [Test worker] DEBUG o.s.w.t.h.s.r.b.ReactorHttpServer - Server started on port 64717(0 millis).
12:29:38.944 [Test worker] DEBUG o.s.w.c.RestTemplate - HTTP POST http://localhost:64717/request/flux
12:29:38.944 [Test worker] DEBUG o.s.w.c.RestTemplate - Accept=[text/plain, application/json, application/x-jackson-smile, application/*+json, */*]
12:29:38.944 [Test worker] DEBUG o.s.w.c.RestTemplate - Writing [[org.springframework.web.reactive.result.method.annotation.JacksonHintsIntegrationTests$JacksonViewBean@55f72294, org.springframework.web.reactive.result.method.annotation.JacksonHintsIntegrationTests$JacksonViewBean@4b077f3d]] as "application/json"
12:29:38.950 [reactor-http-nio-4] DEBUG o.s.w.s.a.HttpWebHandlerAdapter - [117f7340-4] HTTP POST "/request/flux"
12:29:38.950 [reactor-http-nio-4] DEBUG o.s.w.r.r.m.a.RequestMappingHandlerMapping - [117f7340-4] Mapped to org.springframework.web.reactive.result.method.annotation.JacksonHintsIntegrationTests$JsonViewRestController#fluxRequest(Flux)
12:29:38.952 [reactor-http-nio-4] DEBUG o.s.w.r.r.m.a.RequestBodyMethodArgumentResolver - [117f7340-4] Content-Type:application/json
12:29:38.952 [reactor-http-nio-4] DEBUG o.s.w.r.r.m.a.RequestBodyMethodArgumentResolver - [117f7340-4] 0..N [org.springframework.web.reactive.result.method.annotation.JacksonHintsIntegrationTests$JacksonViewBean]
12:29:38.955 [reactor-http-nio-4] DEBUG o.s.w.r.r.m.a.ResponseBodyResultHandler - Using 'application/json' given [application/json] and supported [application/json, application/*+json, application/x-jackson-smile, application/*+x-jackson-smile, text/event-stream]
12:29:38.955 [reactor-http-nio-4] DEBUG o.s.w.r.r.m.a.ResponseBodyResultHandler - [117f7340-4] 0..N [org.springframework.web.reactive.result.method.annotation.JacksonHintsIntegrationTests$JacksonViewBean]
12:29:38.956 [reactor-http-nio-4] DEBUG o.s.h.c.j.Jackson2JsonDecoder - [117f7340-4] Decoded [org.springframework.web.reactive.result.method.annotation.JacksonHintsIntegrationTests$JacksonViewBe (truncated)...]
12:29:38.965 [reactor-http-nio-4] DEBUG o.s.h.c.j.Jackson2JsonDecoder - [117f7340-4] Decoded [org.springframework.web.reactive.result.method.annotation.JacksonHintsIntegrationTests$JacksonViewBe (truncated)...]
12:29:38.965 [reactor-http-nio-4] DEBUG o.s.h.c.j.Jackson2JsonEncoder - [117f7340-4] Encoding [[org.springframework.web.reactive.result.method.annotation.JacksonHintsIntegrationTests$JacksonViewB (truncated)...]
12:29:38.972 [Test worker] DEBUG o.s.w.c.RestTemplate - Response 200 OK
12:29:38.980 [reactor-http-nio-4] DEBUG o.s.w.s.a.HttpWebHandlerAdapter - [117f7340-4] Completed 200 OK
12:29:38.981 [Test worker] DEBUG o.s.w.c.RestTemplate - Reading to [java.lang.String] as "application/json"
12:29:38.983 [Test worker] DEBUG o.s.w.t.h.s.r.b.ReactorHttpServer - Stopping ReactorHttpServer...
12:29:38.983 [Test worker] DEBUG o.s.w.t.h.s.r.b.ReactorHttpServer - Server stopped (0 millis).
12:29:39.121 [Test worker] DEBUG o.s.w.r.r.m.a.RequestMappingHandlerMapping - 9 mappings in 'requestMappingHandlerMapping'
12:29:39.238 [Test worker] DEBUG o.s.w.r.r.m.a.ControllerMethodResolver - ControllerAdvice beans: none
12:29:39.300 [Test worker] DEBUG o.s.w.s.a.HttpWebHandlerAdapter - enableLoggingRequestDetails='false': form data and headers will be masked to prevent unsafe logging of potentially sensitive data
12:29:39.302 [Test worker] DEBUG o.s.w.t.h.s.r.b.TomcatHttpServer - Starting TomcatHttpServer...
12:29:39.346 [Test worker] DEBUG o.s.w.t.h.s.r.b.TomcatHttpServer - Server started on port 64733(0 millis).
12:29:39.353 [Test worker] DEBUG o.s.w.c.RestTemplate - HTTP POST http://localhost:64733/request/flux
12:29:39.354 [Test worker] DEBUG o.s.w.c.RestTemplate - Accept=[text/plain, application/json, application/x-jackson-smile, application/*+json, */*]
12:29:39.355 [Test worker] DEBUG o.s.w.c.RestTemplate - Writing [[org.springframework.web.reactive.result.method.annotation.JacksonHintsIntegrationTests$JacksonViewBean@30c6652, org.springframework.web.reactive.result.method.annotation.JacksonHintsIntegrationTests$JacksonViewBean@30076a7]] as "application/json"
12:29:41.977 [http-nio-auto-4-exec-1] DEBUG o.s.w.s.a.HttpWebHandlerAdapter - [71a65f43] HTTP POST "/request/flux"
12:29:44.598 [http-nio-auto-4-exec-1] DEBUG o.s.w.r.r.m.a.RequestMappingHandlerMapping - [71a65f43] Mapped to org.springframework.web.reactive.result.method.annotation.JacksonHintsIntegrationTests$JsonViewRestController#fluxRequest(Flux)
12:29:44.600 [http-nio-auto-4-exec-1] DEBUG o.s.w.r.r.m.a.RequestBodyMethodArgumentResolver - [71a65f43] Content-Type:application/json
12:29:44.602 [http-nio-auto-4-exec-1] DEBUG o.s.w.r.r.m.a.RequestBodyMethodArgumentResolver - [71a65f43] 0..N [org.springframework.web.reactive.result.method.annotation.JacksonHintsIntegrationTests$JacksonViewBean]
12:29:44.607 [http-nio-auto-4-exec-1] DEBUG o.s.w.r.r.m.a.ResponseBodyResultHandler - Using 'application/json' given [application/json] and supported [application/json, application/*+json, application/x-jackson-smile, application/*+x-jackson-smile, text/event-stream]
12:29:44.607 [http-nio-auto-4-exec-1] DEBUG o.s.w.r.r.m.a.ResponseBodyResultHandler - [71a65f43] 0..N [org.springframework.web.reactive.result.method.annotation.JacksonHintsIntegrationTests$JacksonViewBean]
12:29:44.608 [http-nio-auto-4-exec-1] DEBUG o.s.h.c.j.Jackson2JsonDecoder - [71a65f43] Decoded [org.springframework.web.reactive.result.method.annotation.JacksonHintsIntegrationTests$JacksonViewBe (truncated)...]
12:29:44.608 [http-nio-auto-4-exec-1] DEBUG o.s.h.c.j.Jackson2JsonDecoder - [71a65f43] Decoded [org.springframework.web.reactive.result.method.annotation.JacksonHintsIntegrationTests$JacksonViewBe (truncated)...]
12:29:44.616 [http-nio-auto-4-exec-1] DEBUG o.s.h.c.j.Jackson2JsonEncoder - [71a65f43] Encoding [[org.springframework.web.reactive.result.method.annotation.JacksonHintsIntegrationTests$JacksonViewB (truncated)...]
12:29:44.619 [Test worker] DEBUG o.s.w.c.RestTemplate - Response 200 OK
12:29:44.619 [Test worker] DEBUG o.s.w.c.RestTemplate - Reading to [java.lang.String] as "application/json"
12:29:44.630 [http-nio-auto-4-exec-1] DEBUG o.s.w.s.a.HttpWebHandlerAdapter - [71a65f43] Completed 200 OK
12:29:44.631 [Test worker] DEBUG o.s.w.t.h.s.r.b.TomcatHttpServer - Stopping TomcatHttpServer...
12:29:46.221 [Test worker] DEBUG o.s.w.t.h.s.r.b.TomcatHttpServer - Server stopped (0 millis).
12:29:46.555 [Test worker] DEBUG o.s.w.r.r.m.a.RequestMappingHandlerMapping - 9 mappings in 'requestMappingHandlerMapping'
12:29:46.672 [Test worker] DEBUG o.s.w.r.r.m.a.ControllerMethodResolver - ControllerAdvice beans: none
12:29:46.777 [Test worker] DEBUG o.s.w.s.a.HttpWebHandlerAdapter - enableLoggingRequestDetails='false': form data and headers will be masked to prevent unsafe logging of potentially sensitive data
12:29:46.777 [Test worker] DEBUG o.s.w.t.h.s.r.b.UndertowHttpServer - Starting UndertowHttpServer...
12:29:46.777 [Test worker] INFO  i.undertow - starting server: Undertow - 2.0.32.Final
12:29:46.810 [Test worker] DEBUG o.s.w.t.h.s.r.b.UndertowHttpServer - Server started on port 64874(0 millis).
12:29:46.811 [Test worker] DEBUG o.s.w.c.RestTemplate - HTTP POST http://localhost:64874/request/flux
12:29:46.812 [Test worker] DEBUG o.s.w.c.RestTemplate - Accept=[text/plain, application/json, application/x-jackson-smile, application/*+json, */*]
12:29:46.816 [Test worker] DEBUG o.s.w.c.RestTemplate - Writing [[org.springframework.web.reactive.result.method.annotation.JacksonHintsIntegrationTests$JacksonViewBean@618bb057, org.springframework.web.reactive.result.method.annotation.JacksonHintsIntegrationTests$JacksonViewBean@5c504f4]] as "application/json"
12:29:46.837 [XNIO-4 I/O-2] DEBUG o.s.w.s.a.HttpWebHandlerAdapter - [541f691c] HTTP POST "/request/flux"
12:29:46.837 [XNIO-4 I/O-2] DEBUG o.s.w.r.r.m.a.RequestMappingHandlerMapping - [541f691c] Mapped to org.springframework.web.reactive.result.method.annotation.JacksonHintsIntegrationTests$JsonViewRestController#fluxRequest(Flux)
12:29:46.839 [XNIO-4 I/O-2] DEBUG o.s.w.r.r.m.a.RequestBodyMethodArgumentResolver - [541f691c] Content-Type:application/json
12:29:46.839 [XNIO-4 I/O-2] DEBUG o.s.w.r.r.m.a.RequestBodyMethodArgumentResolver - [541f691c] 0..N [org.springframework.web.reactive.result.method.annotation.JacksonHintsIntegrationTests$JacksonViewBean]
12:29:46.842 [XNIO-4 I/O-2] DEBUG o.s.w.r.r.m.a.ResponseBodyResultHandler - Using 'application/json' given [application/json] and supported [application/json, application/*+json, application/x-jackson-smile, application/*+x-jackson-smile, text/event-stream]
12:29:46.842 [XNIO-4 I/O-2] DEBUG o.s.w.r.r.m.a.ResponseBodyResultHandler - [541f691c] 0..N [org.springframework.web.reactive.result.method.annotation.JacksonHintsIntegrationTests$JacksonViewBean]
12:29:46.843 [XNIO-4 I/O-2] DEBUG o.s.h.c.j.Jackson2JsonDecoder - [541f691c] Decoded [org.springframework.web.reactive.result.method.annotation.JacksonHintsIntegrationTests$JacksonViewBe (truncated)...]
12:29:46.844 [XNIO-4 I/O-2] DEBUG o.s.h.c.j.Jackson2JsonDecoder - [541f691c] Decoded [org.springframework.web.reactive.result.method.annotation.JacksonHintsIntegrationTests$JacksonViewBe (truncated)...]
12:29:46.844 [XNIO-4 I/O-2] DEBUG o.s.h.c.j.Jackson2JsonEncoder - [541f691c] Encoding [[org.springframework.web.reactive.result.method.annotation.JacksonHintsIntegrationTests$JacksonViewB (truncated)...]
12:29:46.848 [XNIO-4 I/O-2] DEBUG o.s.w.s.a.HttpWebHandlerAdapter - [541f691c] Completed 200 OK
12:29:46.848 [Test worker] DEBUG o.s.w.c.RestTemplate - Response 200 OK
12:29:46.849 [Test worker] DEBUG o.s.w.c.RestTemplate - Reading to [java.lang.String] as "application/json"
12:29:46.850 [Test worker] DEBUG o.s.w.t.h.s.r.b.UndertowHttpServer - Stopping UndertowHttpServer...
12:29:46.850 [Test worker] INFO  i.undertow - stopping server: Undertow - 2.0.32.Final
12:29:46.859 [Test worker] DEBUG o.s.w.t.h.s.r.b.UndertowHttpServer - Server stopped (0 millis).
12:29:47.024 [Test worker] DEBUG o.s.w.r.r.m.a.RequestMappingHandlerMapping - 9 mappings in 'requestMappingHandlerMapping'
12:29:47.130 [Test worker] DEBUG o.s.w.r.r.m.a.ControllerMethodResolver - ControllerAdvice beans: none
12:29:47.294 [Test worker] DEBUG o.s.w.s.a.HttpWebHandlerAdapter - enableLoggingRequestDetails='false': form data and headers will be masked to prevent unsafe logging of potentially sensitive data
12:29:47.294 [Test worker] WARN  o.e.j.s.h.ContextHandler - Empty contextPath
12:29:47.295 [Test worker] INFO  o.e.j.s.h.ContextHandler - Started o.e.j.s.ServletContextHandler@5be89e61{/,null,AVAILABLE}
12:29:47.295 [Test worker] DEBUG o.s.w.t.h.s.r.b.JettyHttpServer - Starting JettyHttpServer...
12:29:47.295 [Test worker] INFO  o.e.j.s.Server - jetty-9.4.31.v20200723; built: 2020-07-23T17:57:36.812Z; git: 450ba27947e13e66baa8cd1ce7e85a4461cacc1d; jvm 1.8.0_191-b12
12:29:47.306 [Test worker] INFO  o.e.j.s.AbstractConnector - Started ServerConnector@25fab8c4{HTTP/1.1, (http/1.1)}{0.0.0.0:64876}
12:29:47.307 [Test worker] INFO  o.e.j.s.Server - Started @75027ms
12:29:47.307 [Test worker] DEBUG o.s.w.t.h.s.r.b.JettyHttpServer - Server started on port 64876(0 millis).
12:29:47.307 [Test worker] DEBUG o.s.w.c.RestTemplate - HTTP POST http://localhost:64876/request/mono
12:29:47.308 [Test worker] DEBUG o.s.w.c.RestTemplate - Accept=[text/plain, application/json, application/x-jackson-smile, application/*+json, */*]
12:29:47.310 [Test worker] DEBUG o.s.w.c.RestTemplate - Writing [org.springframework.web.reactive.result.method.annotation.JacksonHintsIntegrationTests$JacksonViewBean@7063a085] as "application/json"
12:29:47.315 [qtp1578005083-193] DEBUG o.s.w.s.a.HttpWebHandlerAdapter - [2ca48cb1] HTTP POST "/request/mono"
12:29:47.316 [qtp1578005083-193] DEBUG o.s.w.r.r.m.a.RequestMappingHandlerMapping - [2ca48cb1] Mapped to org.springframework.web.reactive.result.method.annotation.JacksonHintsIntegrationTests$JsonViewRestController#monoRequest(Mono)
12:29:47.317 [qtp1578005083-193] DEBUG o.s.w.r.r.m.a.RequestBodyMethodArgumentResolver - [2ca48cb1] Content-Type:application/json;charset=UTF-8
12:29:47.319 [qtp1578005083-193] DEBUG o.s.w.r.r.m.a.RequestBodyMethodArgumentResolver - [2ca48cb1] 0..1 [org.springframework.web.reactive.result.method.annotation.JacksonHintsIntegrationTests$JacksonViewBean]
12:29:47.320 [qtp1578005083-193] DEBUG o.s.w.r.r.m.a.ResponseBodyResultHandler - Using 'application/json' given [application/json] and supported [application/json, application/*+json, application/x-jackson-smile, application/*+x-jackson-smile, text/event-stream]
12:29:47.320 [qtp1578005083-193] DEBUG o.s.w.r.r.m.a.ResponseBodyResultHandler - [2ca48cb1] 0..1 [org.springframework.web.reactive.result.method.annotation.JacksonHintsIntegrationTests$JacksonViewBean]
12:29:47.322 [qtp1578005083-193] DEBUG o.s.h.c.j.Jackson2JsonDecoder - [2ca48cb1] Decoded [org.springframework.web.reactive.result.method.annotation.JacksonHintsIntegrationTests$JacksonViewBe (truncated)...]
12:29:47.322 [qtp1578005083-193] DEBUG o.s.h.c.j.Jackson2JsonEncoder - [2ca48cb1] Encoding [org.springframework.web.reactive.result.method.annotation.JacksonHintsIntegrationTests$JacksonViewBe (truncated)...]
12:29:47.323 [Test worker] DEBUG o.s.w.c.RestTemplate - Response 200 OK
12:29:47.323 [Test worker] DEBUG o.s.w.c.RestTemplate - Reading to [java.lang.String] as "application/json"
12:29:47.323 [Test worker] DEBUG o.s.w.t.h.s.r.b.JettyHttpServer - Stopping JettyHttpServer...
12:29:47.323 [Test worker] INFO  o.e.j.s.h.ContextHandler - Stopped o.e.j.s.ServletContextHandler@5be89e61{/,null,UNAVAILABLE}
12:29:47.324 [qtp1578005083-193] DEBUG o.s.w.s.a.HttpWebHandlerAdapter - [2ca48cb1] Completed 200 OK
12:29:47.327 [Test worker] INFO  o.e.j.s.AbstractConnector - Stopped ServerConnector@25fab8c4{HTTP/1.1, (http/1.1)}{0.0.0.0:0}
12:29:47.329 [Test worker] DEBUG o.s.w.t.h.s.r.b.JettyHttpServer - Server stopped (0 millis).
12:29:47.427 [Test worker] DEBUG o.s.w.r.r.m.a.RequestMappingHandlerMapping - 9 mappings in 'requestMappingHandlerMapping'
12:29:47.471 [Test worker] DEBUG o.s.w.r.r.m.a.ControllerMethodResolver - ControllerAdvice beans: none
12:29:47.525 [Test worker] DEBUG o.s.w.s.a.HttpWebHandlerAdapter - enableLoggingRequestDetails='false': form data and headers will be masked to prevent unsafe logging of potentially sensitive data
12:29:47.525 [Test worker] DEBUG o.s.w.t.h.s.r.b.ReactorHttpServer - Starting ReactorHttpServer...
12:29:47.527 [Test worker] DEBUG o.s.w.t.h.s.r.b.ReactorHttpServer - Server started on port 64882(0 millis).
12:29:47.528 [Test worker] DEBUG o.s.w.c.RestTemplate - HTTP POST http://localhost:64882/request/mono
12:29:47.528 [Test worker] DEBUG o.s.w.c.RestTemplate - Accept=[text/plain, application/json, application/x-jackson-smile, application/*+json, */*]
12:29:47.529 [Test worker] DEBUG o.s.w.c.RestTemplate - Writing [org.springframework.web.reactive.result.method.annotation.JacksonHintsIntegrationTests$JacksonViewBean@2a551499] as "application/json"
12:29:47.532 [reactor-http-nio-2] DEBUG o.s.w.s.a.HttpWebHandlerAdapter - [b20b2eec-5] HTTP POST "/request/mono"
12:29:47.533 [reactor-http-nio-2] DEBUG o.s.w.r.r.m.a.RequestMappingHandlerMapping - [b20b2eec-5] Mapped to org.springframework.web.reactive.result.method.annotation.JacksonHintsIntegrationTests$JsonViewRestController#monoRequest(Mono)
12:29:47.533 [reactor-http-nio-2] DEBUG o.s.w.r.r.m.a.RequestBodyMethodArgumentResolver - [b20b2eec-5] Content-Type:application/json
12:29:47.534 [reactor-http-nio-2] DEBUG o.s.w.r.r.m.a.RequestBodyMethodArgumentResolver - [b20b2eec-5] 0..1 [org.springframework.web.reactive.result.method.annotation.JacksonHintsIntegrationTests$JacksonViewBean]
12:29:47.536 [reactor-http-nio-2] DEBUG o.s.w.r.r.m.a.ResponseBodyResultHandler - Using 'application/json' given [application/json] and supported [application/json, application/*+json, application/x-jackson-smile, application/*+x-jackson-smile, text/event-stream]
12:29:47.536 [reactor-http-nio-2] DEBUG o.s.w.r.r.m.a.ResponseBodyResultHandler - [b20b2eec-5] 0..1 [org.springframework.web.reactive.result.method.annotation.JacksonHintsIntegrationTests$JacksonViewBean]
12:29:47.537 [reactor-http-nio-2] DEBUG o.s.h.c.j.Jackson2JsonDecoder - [b20b2eec-5] Decoded [org.springframework.web.reactive.result.method.annotation.JacksonHintsIntegrationTests$JacksonViewBe (truncated)...]
12:29:47.538 [reactor-http-nio-2] DEBUG o.s.h.c.j.Jackson2JsonEncoder - [b20b2eec-5] Encoding [org.springframework.web.reactive.result.method.annotation.JacksonHintsIntegrationTests$JacksonViewBe (truncated)...]
12:29:47.539 [reactor-http-nio-2] DEBUG o.s.w.s.a.HttpWebHandlerAdapter - [b20b2eec-5] Completed 200 OK
12:29:47.539 [Test worker] DEBUG o.s.w.c.RestTemplate - Response 200 OK
12:29:47.539 [Test worker] DEBUG o.s.w.c.RestTemplate - Reading to [java.lang.String] as "application/json"
12:29:47.540 [Test worker] DEBUG o.s.w.t.h.s.r.b.ReactorHttpServer - Stopping ReactorHttpServer...
12:29:47.540 [Test worker] DEBUG o.s.w.t.h.s.r.b.ReactorHttpServer - Server stopped (0 millis).
12:29:47.642 [Test worker] DEBUG o.s.w.r.r.m.a.RequestMappingHandlerMapping - 9 mappings in 'requestMappingHandlerMapping'
12:29:47.680 [Test worker] DEBUG o.s.w.r.r.m.a.ControllerMethodResolver - ControllerAdvice beans: none
12:29:47.731 [Test worker] DEBUG o.s.w.s.a.HttpWebHandlerAdapter - enableLoggingRequestDetails='false': form data and headers will be masked to prevent unsafe logging of potentially sensitive data
12:29:47.733 [Test worker] DEBUG o.s.w.t.h.s.r.b.TomcatHttpServer - Starting TomcatHttpServer...
12:29:47.810 [Test worker] DEBUG o.s.w.t.h.s.r.b.TomcatHttpServer - Server started on port 64884(0 millis).
12:29:47.811 [Test worker] DEBUG o.s.w.c.RestTemplate - HTTP POST http://localhost:64884/request/mono
12:29:47.812 [Test worker] DEBUG o.s.w.c.RestTemplate - Accept=[text/plain, application/json, application/x-jackson-smile, application/*+json, */*]
12:29:47.814 [Test worker] DEBUG o.s.w.c.RestTemplate - Writing [org.springframework.web.reactive.result.method.annotation.JacksonHintsIntegrationTests$JacksonViewBean@1468b55f] as "application/json"
12:29:58.541 [http-nio-auto-5-exec-1] DEBUG o.s.w.s.a.HttpWebHandlerAdapter - [13e78b45] HTTP POST "/request/mono"
12:29:58.542 [http-nio-auto-5-exec-1] DEBUG o.s.w.r.r.m.a.RequestMappingHandlerMapping - [13e78b45] Mapped to org.springframework.web.reactive.result.method.annotation.JacksonHintsIntegrationTests$JsonViewRestController#monoRequest(Mono)
12:29:58.543 [http-nio-auto-5-exec-1] DEBUG o.s.w.r.r.m.a.RequestBodyMethodArgumentResolver - [13e78b45] Content-Type:application/json
12:29:58.555 [http-nio-auto-5-exec-1] DEBUG o.s.w.r.r.m.a.RequestBodyMethodArgumentResolver - [13e78b45] 0..1 [org.springframework.web.reactive.result.method.annotation.JacksonHintsIntegrationTests$JacksonViewBean]
12:29:58.557 [http-nio-auto-5-exec-1] DEBUG o.s.w.r.r.m.a.ResponseBodyResultHandler - Using 'application/json' given [application/json] and supported [application/json, application/*+json, application/x-jackson-smile, application/*+x-jackson-smile, text/event-stream]
12:29:58.557 [http-nio-auto-5-exec-1] DEBUG o.s.w.r.r.m.a.ResponseBodyResultHandler - [13e78b45] 0..1 [org.springframework.web.reactive.result.method.annotation.JacksonHintsIntegrationTests$JacksonViewBean]
12:29:58.559 [http-nio-auto-5-exec-1] DEBUG o.s.h.c.j.Jackson2JsonDecoder - [13e78b45] Decoded [org.springframework.web.reactive.result.method.annotation.JacksonHintsIntegrationTests$JacksonViewBe (truncated)...]
12:29:58.559 [http-nio-auto-5-exec-1] DEBUG o.s.h.c.j.Jackson2JsonEncoder - [13e78b45] Encoding [org.springframework.web.reactive.result.method.annotation.JacksonHintsIntegrationTests$JacksonViewBe (truncated)...]
12:29:58.560 [Test worker] DEBUG o.s.w.c.RestTemplate - Response 200 OK
12:29:58.560 [Test worker] DEBUG o.s.w.c.RestTemplate - Reading to [java.lang.String] as "application/json"
12:29:58.561 [Test worker] DEBUG o.s.w.t.h.s.r.b.TomcatHttpServer - Stopping TomcatHttpServer...
12:29:58.568 [http-nio-auto-5-exec-1] DEBUG o.s.w.s.a.HttpWebHandlerAdapter - [13e78b45] Completed 200 OK
12:29:59.874 [Test worker] DEBUG o.s.w.t.h.s.r.b.TomcatHttpServer - Server stopped (0 millis).
12:30:00.398 [Test worker] DEBUG o.s.w.r.r.m.a.RequestMappingHandlerMapping - 9 mappings in 'requestMappingHandlerMapping'
12:30:00.477 [Test worker] DEBUG o.s.w.r.r.m.a.ControllerMethodResolver - ControllerAdvice beans: none
12:30:00.579 [Test worker] DEBUG o.s.w.s.a.HttpWebHandlerAdapter - enableLoggingRequestDetails='false': form data and headers will be masked to prevent unsafe logging of potentially sensitive data
12:30:00.580 [Test worker] DEBUG o.s.w.t.h.s.r.b.UndertowHttpServer - Starting UndertowHttpServer...
12:30:00.580 [Test worker] INFO  i.undertow - starting server: Undertow - 2.0.32.Final
12:30:00.606 [Test worker] DEBUG o.s.w.t.h.s.r.b.UndertowHttpServer - Server started on port 65012(0 millis).
12:30:00.607 [Test worker] DEBUG o.s.w.c.RestTemplate - HTTP POST http://localhost:65012/request/mono
12:30:00.607 [Test worker] DEBUG o.s.w.c.RestTemplate - Accept=[text/plain, application/json, application/x-jackson-smile, application/*+json, */*]
12:30:00.609 [Test worker] DEBUG o.s.w.c.RestTemplate - Writing [org.springframework.web.reactive.result.method.annotation.JacksonHintsIntegrationTests$JacksonViewBean@2b141100] as "application/json"
12:30:00.620 [XNIO-5 I/O-2] DEBUG o.s.w.s.a.HttpWebHandlerAdapter - [1aadfa58] HTTP POST "/request/mono"
12:30:00.621 [XNIO-5 I/O-2] DEBUG o.s.w.r.r.m.a.RequestMappingHandlerMapping - [1aadfa58] Mapped to org.springframework.web.reactive.result.method.annotation.JacksonHintsIntegrationTests$JsonViewRestController#monoRequest(Mono)
12:30:00.622 [XNIO-5 I/O-2] DEBUG o.s.w.r.r.m.a.RequestBodyMethodArgumentResolver - [1aadfa58] Content-Type:application/json
12:30:00.623 [XNIO-5 I/O-2] DEBUG o.s.w.r.r.m.a.RequestBodyMethodArgumentResolver - [1aadfa58] 0..1 [org.springframework.web.reactive.result.method.annotation.JacksonHintsIntegrationTests$JacksonViewBean]
12:30:00.624 [XNIO-5 I/O-2] DEBUG o.s.w.r.r.m.a.ResponseBodyResultHandler - Using 'application/json' given [application/json] and supported [application/json, application/*+json, application/x-jackson-smile, application/*+x-jackson-smile, text/event-stream]
12:30:00.624 [XNIO-5 I/O-2] DEBUG o.s.w.r.r.m.a.ResponseBodyResultHandler - [1aadfa58] 0..1 [org.springframework.web.reactive.result.method.annotation.JacksonHintsIntegrationTests$JacksonViewBean]
12:30:00.625 [XNIO-5 I/O-2] DEBUG o.s.h.c.j.Jackson2JsonDecoder - [1aadfa58] Decoded [org.springframework.web.reactive.result.method.annotation.JacksonHintsIntegrationTests$JacksonViewBe (truncated)...]
12:30:00.625 [XNIO-5 I/O-2] DEBUG o.s.h.c.j.Jackson2JsonEncoder - [1aadfa58] Encoding [org.springframework.web.reactive.result.method.annotation.JacksonHintsIntegrationTests$JacksonViewBe (truncated)...]
12:30:00.626 [XNIO-5 I/O-2] DEBUG o.s.w.s.a.HttpWebHandlerAdapter - [1aadfa58] Completed 200 OK
12:30:00.627 [Test worker] DEBUG o.s.w.c.RestTemplate - Response 200 OK
12:30:00.627 [Test worker] DEBUG o.s.w.c.RestTemplate - Reading to [java.lang.String] as "application/json"
12:30:00.627 [Test worker] DEBUG o.s.w.t.h.s.r.b.UndertowHttpServer - Stopping UndertowHttpServer...
12:30:00.627 [Test worker] INFO  i.undertow - stopping server: Undertow - 2.0.32.Final
12:30:00.631 [Test worker] DEBUG o.s.w.t.h.s.r.b.UndertowHttpServer - Server stopped (0 millis).
12:30:00.758 [Test worker] DEBUG o.s.w.r.r.m.a.RequestMappingHandlerMapping - 9 mappings in 'requestMappingHandlerMapping'
12:30:00.810 [Test worker] DEBUG o.s.w.r.r.m.a.ControllerMethodResolver - ControllerAdvice beans: none
12:30:00.861 [Test worker] DEBUG o.s.w.s.a.HttpWebHandlerAdapter - enableLoggingRequestDetails='false': form data and headers will be masked to prevent unsafe logging of potentially sensitive data
12:30:00.862 [Test worker] WARN  o.e.j.s.h.ContextHandler - Empty contextPath
12:30:00.863 [Test worker] INFO  o.e.j.s.h.ContextHandler - Started o.e.j.s.ServletContextHandler@4288d341{/,null,AVAILABLE}
12:30:00.864 [Test worker] DEBUG o.s.w.t.h.s.r.b.JettyHttpServer - Starting JettyHttpServer...
12:30:00.865 [Test worker] INFO  o.e.j.s.Server - jetty-9.4.31.v20200723; built: 2020-07-23T17:57:36.812Z; git: 450ba27947e13e66baa8cd1ce7e85a4461cacc1d; jvm 1.8.0_191-b12
12:30:00.909 [Test worker] INFO  o.e.j.s.AbstractConnector - Started ServerConnector@258fbc22{HTTP/1.1, (http/1.1)}{0.0.0.0:65014}
12:30:00.909 [Test worker] INFO  o.e.j.s.Server - Started @88630ms
12:30:00.909 [Test worker] DEBUG o.s.w.t.h.s.r.b.JettyHttpServer - Server started on port 65014(0 millis).
12:30:00.910 [Test worker] DEBUG o.s.w.c.RestTemplate - HTTP GET http://localhost:65014/response/raw
12:30:00.910 [Test worker] DEBUG o.s.w.c.RestTemplate - Accept=[text/plain, application/json, application/x-jackson-smile, application/*+json, */*]
12:30:00.918 [qtp1000739941-223] DEBUG o.s.w.s.a.HttpWebHandlerAdapter - [17116deb] HTTP GET "/response/raw"
12:30:00.919 [qtp1000739941-223] DEBUG o.s.w.r.r.m.a.RequestMappingHandlerMapping - [17116deb] Mapped to org.springframework.web.reactive.result.method.annotation.JacksonHintsIntegrationTests$JsonViewRestController#rawResponse()
12:30:00.922 [qtp1000739941-223] DEBUG o.s.w.r.r.m.a.ResponseBodyResultHandler - Using 'application/json' given [application/json] and supported [application/json, application/*+json, application/x-jackson-smile, application/*+x-jackson-smile, text/event-stream]
12:30:00.922 [qtp1000739941-223] DEBUG o.s.w.r.r.m.a.ResponseBodyResultHandler - [17116deb] 0..1 [org.springframework.web.reactive.result.method.annotation.JacksonHintsIntegrationTests$JacksonViewBean]
12:30:00.923 [qtp1000739941-223] DEBUG o.s.h.c.j.Jackson2JsonEncoder - [17116deb] Encoding [org.springframework.web.reactive.result.method.annotation.JacksonHintsIntegrationTests$JacksonViewBe (truncated)...]
12:30:00.924 [Test worker] DEBUG o.s.w.c.RestTemplate - Response 200 OK
12:30:00.924 [Test worker] DEBUG o.s.w.c.RestTemplate - Reading to [java.lang.String] as "application/json"
12:30:00.925 [Test worker] DEBUG o.s.w.t.h.s.r.b.JettyHttpServer - Stopping JettyHttpServer...
12:30:00.925 [qtp1000739941-223] DEBUG o.s.w.s.a.HttpWebHandlerAdapter - [17116deb] Completed 200 OK
12:30:00.925 [Test worker] INFO  o.e.j.s.h.ContextHandler - Stopped o.e.j.s.ServletContextHandler@4288d341{/,null,UNAVAILABLE}
12:30:00.928 [Test worker] INFO  o.e.j.s.AbstractConnector - Stopped ServerConnector@258fbc22{HTTP/1.1, (http/1.1)}{0.0.0.0:0}
12:30:00.929 [Test worker] DEBUG o.s.w.t.h.s.r.b.JettyHttpServer - Server stopped (0 millis).
12:30:01.099 [Test worker] DEBUG o.s.w.r.r.m.a.RequestMappingHandlerMapping - 9 mappings in 'requestMappingHandlerMapping'
12:30:01.364 [Test worker] DEBUG o.s.w.r.r.m.a.ControllerMethodResolver - ControllerAdvice beans: none
12:30:01.439 [Test worker] DEBUG o.s.w.s.a.HttpWebHandlerAdapter - enableLoggingRequestDetails='false': form data and headers will be masked to prevent unsafe logging of potentially sensitive data
12:30:01.440 [Test worker] DEBUG o.s.w.t.h.s.r.b.ReactorHttpServer - Starting ReactorHttpServer...
12:30:01.442 [Test worker] DEBUG o.s.w.t.h.s.r.b.ReactorHttpServer - Server started on port 65021(0 millis).
12:30:01.442 [Test worker] DEBUG o.s.w.c.RestTemplate - HTTP GET http://localhost:65021/response/raw
12:30:01.443 [Test worker] DEBUG o.s.w.c.RestTemplate - Accept=[text/plain, application/json, application/x-jackson-smile, application/*+json, */*]
12:30:01.447 [reactor-http-nio-4] DEBUG o.s.w.s.a.HttpWebHandlerAdapter - [4d7faacc-6] HTTP GET "/response/raw"
12:30:01.447 [reactor-http-nio-4] DEBUG o.s.w.r.r.m.a.RequestMappingHandlerMapping - [4d7faacc-6] Mapped to org.springframework.web.reactive.result.method.annotation.JacksonHintsIntegrationTests$JsonViewRestController#rawResponse()
12:30:01.451 [reactor-http-nio-4] DEBUG o.s.w.r.r.m.a.ResponseBodyResultHandler - Using 'application/json' given [application/json] and supported [application/json, application/*+json, application/x-jackson-smile, application/*+x-jackson-smile, text/event-stream]
12:30:01.451 [reactor-http-nio-4] DEBUG o.s.w.r.r.m.a.ResponseBodyResultHandler - [4d7faacc-6] 0..1 [org.springframework.web.reactive.result.method.annotation.JacksonHintsIntegrationTests$JacksonViewBean]
12:30:01.452 [reactor-http-nio-4] DEBUG o.s.h.c.j.Jackson2JsonEncoder - [4d7faacc-6] Encoding [org.springframework.web.reactive.result.method.annotation.JacksonHintsIntegrationTests$JacksonViewBe (truncated)...]
12:30:01.455 [Test worker] DEBUG o.s.w.c.RestTemplate - Response 200 OK
12:30:01.455 [reactor-http-nio-4] DEBUG o.s.w.s.a.HttpWebHandlerAdapter - [4d7faacc-6] Completed 200 OK
12:30:01.455 [Test worker] DEBUG o.s.w.c.RestTemplate - Reading to [java.lang.String] as "application/json"
12:30:01.455 [Test worker] DEBUG o.s.w.t.h.s.r.b.ReactorHttpServer - Stopping ReactorHttpServer...
12:30:01.455 [Test worker] DEBUG o.s.w.t.h.s.r.b.ReactorHttpServer - Server stopped (0 millis).
12:30:01.566 [Test worker] DEBUG o.s.w.r.r.m.a.RequestMappingHandlerMapping - 9 mappings in 'requestMappingHandlerMapping'
12:30:01.623 [Test worker] DEBUG o.s.w.r.r.m.a.ControllerMethodResolver - ControllerAdvice beans: none
12:30:01.682 [Test worker] DEBUG o.s.w.s.a.HttpWebHandlerAdapter - enableLoggingRequestDetails='false': form data and headers will be masked to prevent unsafe logging of potentially sensitive data
12:30:01.683 [Test worker] DEBUG o.s.w.t.h.s.r.b.TomcatHttpServer - Starting TomcatHttpServer...
12:30:01.745 [Test worker] DEBUG o.s.w.t.h.s.r.b.TomcatHttpServer - Server started on port 65023(0 millis).
12:30:01.746 [Test worker] DEBUG o.s.w.c.RestTemplate - HTTP GET http://localhost:65023/response/raw
12:30:01.757 [Test worker] DEBUG o.s.w.c.RestTemplate - Accept=[text/plain, application/json, application/x-jackson-smile, application/*+json, */*]
12:30:02.311 [http-nio-auto-6-exec-1] DEBUG o.s.w.s.a.HttpWebHandlerAdapter - [78fbc4ba] HTTP GET "/response/raw"
12:30:02.312 [http-nio-auto-6-exec-1] DEBUG o.s.w.r.r.m.a.RequestMappingHandlerMapping - [78fbc4ba] Mapped to org.springframework.web.reactive.result.method.annotation.JacksonHintsIntegrationTests$JsonViewRestController#rawResponse()
12:30:02.315 [http-nio-auto-6-exec-1] DEBUG o.s.w.r.r.m.a.ResponseBodyResultHandler - Using 'application/json' given [application/json] and supported [application/json, application/*+json, application/x-jackson-smile, application/*+x-jackson-smile, text/event-stream]
12:30:02.315 [http-nio-auto-6-exec-1] DEBUG o.s.w.r.r.m.a.ResponseBodyResultHandler - [78fbc4ba] 0..1 [org.springframework.web.reactive.result.method.annotation.JacksonHintsIntegrationTests$JacksonViewBean]
12:30:02.315 [http-nio-auto-6-exec-1] DEBUG o.s.h.c.j.Jackson2JsonEncoder - [78fbc4ba] Encoding [org.springframework.web.reactive.result.method.annotation.JacksonHintsIntegrationTests$JacksonViewBe (truncated)...]
12:30:02.317 [http-nio-auto-6-exec-1] DEBUG o.s.w.s.a.HttpWebHandlerAdapter - [78fbc4ba] Completed 200 OK
12:30:02.317 [Test worker] DEBUG o.s.w.c.RestTemplate - Response 200 OK
12:30:02.317 [Test worker] DEBUG o.s.w.c.RestTemplate - Reading to [java.lang.String] as "application/json"
12:30:02.330 [Test worker] DEBUG o.s.w.t.h.s.r.b.TomcatHttpServer - Stopping TomcatHttpServer...
12:30:02.922 [Test worker] DEBUG o.s.w.t.h.s.r.b.TomcatHttpServer - Server stopped (0 millis).
12:30:03.153 [Test worker] DEBUG o.s.w.r.r.m.a.RequestMappingHandlerMapping - 9 mappings in 'requestMappingHandlerMapping'
12:30:03.226 [Test worker] DEBUG o.s.w.r.r.m.a.ControllerMethodResolver - ControllerAdvice beans: none
12:30:03.288 [Test worker] DEBUG o.s.w.s.a.HttpWebHandlerAdapter - enableLoggingRequestDetails='false': form data and headers will be masked to prevent unsafe logging of potentially sensitive data
12:30:03.289 [Test worker] DEBUG o.s.w.t.h.s.r.b.UndertowHttpServer - Starting UndertowHttpServer...
12:30:03.289 [Test worker] INFO  i.undertow - starting server: Undertow - 2.0.32.Final
12:30:03.303 [Test worker] DEBUG o.s.w.t.h.s.r.b.UndertowHttpServer - Server started on port 65112(0 millis).
12:30:03.303 [Test worker] DEBUG o.s.w.c.RestTemplate - HTTP GET http://localhost:65112/response/raw
12:30:03.303 [Test worker] DEBUG o.s.w.c.RestTemplate - Accept=[text/plain, application/json, application/x-jackson-smile, application/*+json, */*]
12:30:03.307 [XNIO-6 I/O-2] DEBUG o.s.w.s.a.HttpWebHandlerAdapter - [27ef5a7] HTTP GET "/response/raw"
12:30:03.308 [XNIO-6 I/O-2] DEBUG o.s.w.r.r.m.a.RequestMappingHandlerMapping - [27ef5a7] Mapped to org.springframework.web.reactive.result.method.annotation.JacksonHintsIntegrationTests$JsonViewRestController#rawResponse()
12:30:03.310 [XNIO-6 I/O-2] DEBUG o.s.w.r.r.m.a.ResponseBodyResultHandler - Using 'application/json' given [application/json] and supported [application/json, application/*+json, application/x-jackson-smile, application/*+x-jackson-smile, text/event-stream]
12:30:03.310 [XNIO-6 I/O-2] DEBUG o.s.w.r.r.m.a.ResponseBodyResultHandler - [27ef5a7] 0..1 [org.springframework.web.reactive.result.method.annotation.JacksonHintsIntegrationTests$JacksonViewBean]
12:30:03.311 [XNIO-6 I/O-2] DEBUG o.s.h.c.j.Jackson2JsonEncoder - [27ef5a7] Encoding [org.springframework.web.reactive.result.method.annotation.JacksonHintsIntegrationTests$JacksonViewBe (truncated)...]
12:30:03.312 [XNIO-6 I/O-2] DEBUG o.s.w.s.a.HttpWebHandlerAdapter - [27ef5a7] Completed 200 OK
12:30:03.312 [Test worker] DEBUG o.s.w.c.RestTemplate - Response 200 OK
12:30:03.312 [Test worker] DEBUG o.s.w.c.RestTemplate - Reading to [java.lang.String] as "application/json"
12:30:03.312 [Test worker] DEBUG o.s.w.t.h.s.r.b.UndertowHttpServer - Stopping UndertowHttpServer...
12:30:03.312 [Test worker] INFO  i.undertow - stopping server: Undertow - 2.0.32.Final
12:30:03.318 [Test worker] DEBUG o.s.w.t.h.s.r.b.UndertowHttpServer - Server stopped (0 millis).
12:30:03.451 [Test worker] DEBUG o.s.w.r.r.m.a.RequestMappingHandlerMapping - 9 mappings in 'requestMappingHandlerMapping'
12:30:03.520 [Test worker] DEBUG o.s.w.r.r.m.a.ControllerMethodResolver - ControllerAdvice beans: none
12:30:03.567 [Test worker] DEBUG o.s.w.s.a.HttpWebHandlerAdapter - enableLoggingRequestDetails='false': form data and headers will be masked to prevent unsafe logging of potentially sensitive data
12:30:03.568 [Test worker] WARN  o.e.j.s.h.ContextHandler - Empty contextPath
12:30:03.569 [Test worker] INFO  o.e.j.s.h.ContextHandler - Started o.e.j.s.ServletContextHandler@4cd67a38{/,null,AVAILABLE}
12:30:03.569 [Test worker] DEBUG o.s.w.t.h.s.r.b.JettyHttpServer - Starting JettyHttpServer...
12:30:03.569 [Test worker] INFO  o.e.j.s.Server - jetty-9.4.31.v20200723; built: 2020-07-23T17:57:36.812Z; git: 450ba27947e13e66baa8cd1ce7e85a4461cacc1d; jvm 1.8.0_191-b12
12:30:03.582 [Test worker] INFO  o.e.j.s.AbstractConnector - Started ServerConnector@69c043b6{HTTP/1.1, (http/1.1)}{0.0.0.0:65123}
12:30:03.582 [Test worker] INFO  o.e.j.s.Server - Started @91303ms
12:30:03.582 [Test worker] DEBUG o.s.w.t.h.s.r.b.JettyHttpServer - Server started on port 65123(0 millis).
12:30:03.583 [Test worker] DEBUG o.s.w.c.RestTemplate - HTTP GET http://localhost:65123/response/flux
12:30:03.583 [Test worker] DEBUG o.s.w.c.RestTemplate - Accept=[text/plain, application/json, application/x-jackson-smile, application/*+json, */*]
12:30:03.587 [qtp245646450-255] DEBUG o.s.w.s.a.HttpWebHandlerAdapter - [4ba011ad] HTTP GET "/response/flux"
12:30:03.588 [qtp245646450-255] DEBUG o.s.w.r.r.m.a.RequestMappingHandlerMapping - [4ba011ad] Mapped to org.springframework.web.reactive.result.method.annotation.JacksonHintsIntegrationTests$JsonViewRestController#fluxResponse()
12:30:03.591 [qtp245646450-255] DEBUG o.s.w.r.r.m.a.ResponseBodyResultHandler - Using 'application/json' given [application/json] and supported [application/json, application/*+json, application/x-jackson-smile, application/*+x-jackson-smile, text/event-stream]
12:30:03.591 [qtp245646450-255] DEBUG o.s.w.r.r.m.a.ResponseBodyResultHandler - [4ba011ad] 0..N [org.springframework.web.reactive.result.method.annotation.JacksonHintsIntegrationTests$JacksonViewBean]
12:30:03.592 [qtp245646450-255] DEBUG o.s.h.c.j.Jackson2JsonEncoder - [4ba011ad] Encoding [[org.springframework.web.reactive.result.method.annotation.JacksonHintsIntegrationTests$JacksonViewB (truncated)...]
12:30:03.593 [Test worker] DEBUG o.s.w.c.RestTemplate - Response 200 OK
12:30:03.593 [qtp245646450-255] DEBUG o.s.w.s.a.HttpWebHandlerAdapter - [4ba011ad] Completed 200 OK
12:30:03.593 [Test worker] DEBUG o.s.w.c.RestTemplate - Reading to [java.lang.String] as "application/json"
12:30:03.594 [Test worker] DEBUG o.s.w.t.h.s.r.b.JettyHttpServer - Stopping JettyHttpServer...
12:30:03.594 [Test worker] INFO  o.e.j.s.h.ContextHandler - Stopped o.e.j.s.ServletContextHandler@4cd67a38{/,null,UNAVAILABLE}
12:30:03.598 [Test worker] INFO  o.e.j.s.AbstractConnector - Stopped ServerConnector@69c043b6{HTTP/1.1, (http/1.1)}{0.0.0.0:0}
12:30:03.602 [Test worker] DEBUG o.s.w.t.h.s.r.b.JettyHttpServer - Server stopped (0 millis).
12:30:03.771 [Test worker] DEBUG o.s.w.r.r.m.a.RequestMappingHandlerMapping - 9 mappings in 'requestMappingHandlerMapping'
12:30:03.845 [Test worker] DEBUG o.s.w.r.r.m.a.ControllerMethodResolver - ControllerAdvice beans: none
12:30:03.879 [Test worker] DEBUG o.s.w.s.a.HttpWebHandlerAdapter - enableLoggingRequestDetails='false': form data and headers will be masked to prevent unsafe logging of potentially sensitive data
12:30:03.879 [Test worker] DEBUG o.s.w.t.h.s.r.b.ReactorHttpServer - Starting ReactorHttpServer...
12:30:03.884 [Test worker] DEBUG o.s.w.t.h.s.r.b.ReactorHttpServer - Server started on port 65129(0 millis).
12:30:03.884 [Test worker] DEBUG o.s.w.c.RestTemplate - HTTP GET http://localhost:65129/response/flux
12:30:03.884 [Test worker] DEBUG o.s.w.c.RestTemplate - Accept=[text/plain, application/json, application/x-jackson-smile, application/*+json, */*]
12:30:03.888 [reactor-http-nio-2] DEBUG o.s.w.s.a.HttpWebHandlerAdapter - [aa529341-7] HTTP GET "/response/flux"
12:30:03.888 [reactor-http-nio-2] DEBUG o.s.w.r.r.m.a.RequestMappingHandlerMapping - [aa529341-7] Mapped to org.springframework.web.reactive.result.method.annotation.JacksonHintsIntegrationTests$JsonViewRestController#fluxResponse()
12:30:03.891 [reactor-http-nio-2] DEBUG o.s.w.r.r.m.a.ResponseBodyResultHandler - Using 'application/json' given [application/json] and supported [application/json, application/*+json, application/x-jackson-smile, application/*+x-jackson-smile, text/event-stream]
12:30:03.891 [reactor-http-nio-2] DEBUG o.s.w.r.r.m.a.ResponseBodyResultHandler - [aa529341-7] 0..N [org.springframework.web.reactive.result.method.annotation.JacksonHintsIntegrationTests$JacksonViewBean]
12:30:03.892 [reactor-http-nio-2] DEBUG o.s.h.c.j.Jackson2JsonEncoder - [aa529341-7] Encoding [[org.springframework.web.reactive.result.method.annotation.JacksonHintsIntegrationTests$JacksonViewB (truncated)...]
12:30:03.893 [Test worker] DEBUG o.s.w.c.RestTemplate - Response 200 OK
12:30:03.894 [Test worker] DEBUG o.s.w.c.RestTemplate - Reading to [java.lang.String] as "application/json"
12:30:03.894 [reactor-http-nio-2] DEBUG o.s.w.s.a.HttpWebHandlerAdapter - [aa529341-7] Completed 200 OK
12:30:03.894 [Test worker] DEBUG o.s.w.t.h.s.r.b.ReactorHttpServer - Stopping ReactorHttpServer...
12:30:03.895 [Test worker] DEBUG o.s.w.t.h.s.r.b.ReactorHttpServer - Server stopped (0 millis).
12:30:04.014 [Test worker] DEBUG o.s.w.r.r.m.a.RequestMappingHandlerMapping - 9 mappings in 'requestMappingHandlerMapping'
12:30:04.100 [Test worker] DEBUG o.s.w.r.r.m.a.ControllerMethodResolver - ControllerAdvice beans: none
12:30:04.218 [Test worker] DEBUG o.s.w.s.a.HttpWebHandlerAdapter - enableLoggingRequestDetails='false': form data and headers will be masked to prevent unsafe logging of potentially sensitive data
12:30:04.219 [Test worker] DEBUG o.s.w.t.h.s.r.b.TomcatHttpServer - Starting TomcatHttpServer...
12:30:04.267 [Test worker] DEBUG o.s.w.t.h.s.r.b.TomcatHttpServer - Server started on port 65144(0 millis).
12:30:04.268 [Test worker] DEBUG o.s.w.c.RestTemplate - HTTP GET http://localhost:65144/response/flux
12:30:04.268 [Test worker] DEBUG o.s.w.c.RestTemplate - Accept=[text/plain, application/json, application/x-jackson-smile, application/*+json, */*]
12:30:05.161 [http-nio-auto-7-exec-1] DEBUG o.s.w.s.a.HttpWebHandlerAdapter - [111a5a33] HTTP GET "/response/flux"
12:30:05.162 [http-nio-auto-7-exec-1] DEBUG o.s.w.r.r.m.a.RequestMappingHandlerMapping - [111a5a33] Mapped to org.springframework.web.reactive.result.method.annotation.JacksonHintsIntegrationTests$JsonViewRestController#fluxResponse()
12:30:05.170 [http-nio-auto-7-exec-1] DEBUG o.s.w.r.r.m.a.ResponseBodyResultHandler - Using 'application/json' given [application/json] and supported [application/json, application/*+json, application/x-jackson-smile, application/*+x-jackson-smile, text/event-stream]
12:30:05.170 [http-nio-auto-7-exec-1] DEBUG o.s.w.r.r.m.a.ResponseBodyResultHandler - [111a5a33] 0..N [org.springframework.web.reactive.result.method.annotation.JacksonHintsIntegrationTests$JacksonViewBean]
12:30:05.171 [http-nio-auto-7-exec-1] DEBUG o.s.h.c.j.Jackson2JsonEncoder - [111a5a33] Encoding [[org.springframework.web.reactive.result.method.annotation.JacksonHintsIntegrationTests$JacksonViewB (truncated)...]
12:30:05.173 [Test worker] DEBUG o.s.w.c.RestTemplate - Response 200 OK
12:30:05.173 [Test worker] DEBUG o.s.w.c.RestTemplate - Reading to [java.lang.String] as "application/json"
12:30:05.173 [http-nio-auto-7-exec-1] DEBUG o.s.w.s.a.HttpWebHandlerAdapter - [111a5a33] Completed 200 OK
12:30:05.174 [Test worker] DEBUG o.s.w.t.h.s.r.b.TomcatHttpServer - Stopping TomcatHttpServer...
12:30:07.354 [Test worker] DEBUG o.s.w.t.h.s.r.b.TomcatHttpServer - Server stopped (0 millis).
12:30:07.521 [Test worker] DEBUG o.s.w.r.r.m.a.RequestMappingHandlerMapping - 9 mappings in 'requestMappingHandlerMapping'
12:30:07.840 [Test worker] DEBUG o.s.w.r.r.m.a.ControllerMethodResolver - ControllerAdvice beans: none
12:30:07.869 [Test worker] DEBUG o.s.w.s.a.HttpWebHandlerAdapter - enableLoggingRequestDetails='false': form data and headers will be masked to prevent unsafe logging of potentially sensitive data
12:30:07.869 [Test worker] DEBUG o.s.w.t.h.s.r.b.UndertowHttpServer - Starting UndertowHttpServer...
12:30:07.869 [Test worker] INFO  i.undertow - starting server: Undertow - 2.0.32.Final
12:30:07.989 [Test worker] DEBUG o.s.w.t.h.s.r.b.UndertowHttpServer - Server started on port 65189(0 millis).
12:30:07.989 [Test worker] DEBUG o.s.w.c.RestTemplate - HTTP GET http://localhost:65189/response/flux
12:30:07.990 [Test worker] DEBUG o.s.w.c.RestTemplate - Accept=[text/plain, application/json, application/x-jackson-smile, application/*+json, */*]
12:30:08.060 [XNIO-7 I/O-2] DEBUG o.s.w.s.a.HttpWebHandlerAdapter - [7875102f] HTTP GET "/response/flux"
12:30:08.061 [XNIO-7 I/O-2] DEBUG o.s.w.r.r.m.a.RequestMappingHandlerMapping - [7875102f] Mapped to org.springframework.web.reactive.result.method.annotation.JacksonHintsIntegrationTests$JsonViewRestController#fluxResponse()
12:30:08.063 [XNIO-7 I/O-2] DEBUG o.s.w.r.r.m.a.ResponseBodyResultHandler - Using 'application/json' given [application/json] and supported [application/json, application/*+json, application/x-jackson-smile, application/*+x-jackson-smile, text/event-stream]
12:30:08.064 [XNIO-7 I/O-2] DEBUG o.s.w.r.r.m.a.ResponseBodyResultHandler - [7875102f] 0..N [org.springframework.web.reactive.result.method.annotation.JacksonHintsIntegrationTests$JacksonViewBean]
12:30:08.064 [XNIO-7 I/O-2] DEBUG o.s.h.c.j.Jackson2JsonEncoder - [7875102f] Encoding [[org.springframework.web.reactive.result.method.annotation.JacksonHintsIntegrationTests$JacksonViewB (truncated)...]
12:30:08.065 [XNIO-7 I/O-2] DEBUG o.s.w.s.a.HttpWebHandlerAdapter - [7875102f] Completed 200 OK
12:30:08.066 [Test worker] DEBUG o.s.w.c.RestTemplate - Response 200 OK
12:30:08.066 [Test worker] DEBUG o.s.w.c.RestTemplate - Reading to [java.lang.String] as "application/json"
12:30:08.066 [Test worker] DEBUG o.s.w.t.h.s.r.b.UndertowHttpServer - Stopping UndertowHttpServer...
12:30:08.067 [Test worker] INFO  i.undertow - stopping server: Undertow - 2.0.32.Final
12:30:08.071 [Test worker] DEBUG o.s.w.t.h.s.r.b.UndertowHttpServer - Server stopped (0 millis).
12:30:08.250 [Test worker] DEBUG o.s.w.r.r.m.a.RequestMappingHandlerMapping - 9 mappings in 'requestMappingHandlerMapping'
12:30:08.491 [Test worker] DEBUG o.s.w.r.r.m.a.ControllerMethodResolver - ControllerAdvice beans: none
12:30:08.635 [Test worker] DEBUG o.s.w.s.a.HttpWebHandlerAdapter - enableLoggingRequestDetails='false': form data and headers will be masked to prevent unsafe logging of potentially sensitive data
12:30:08.635 [Test worker] WARN  o.e.j.s.h.ContextHandler - Empty contextPath
12:30:08.636 [Test worker] INFO  o.e.j.s.h.ContextHandler - Started o.e.j.s.ServletContextHandler@3e3f6827{/,null,AVAILABLE}
12:30:08.637 [Test worker] DEBUG o.s.w.t.h.s.r.b.JettyHttpServer - Starting JettyHttpServer...
12:30:08.637 [Test worker] INFO  o.e.j.s.Server - jetty-9.4.31.v20200723; built: 2020-07-23T17:57:36.812Z; git: 450ba27947e13e66baa8cd1ce7e85a4461cacc1d; jvm 1.8.0_191-b12
12:30:08.753 [Test worker] INFO  o.e.j.s.AbstractConnector - Started ServerConnector@2d8f7f83{HTTP/1.1, (http/1.1)}{0.0.0.0:65191}
12:30:08.753 [Test worker] INFO  o.e.j.s.Server - Started @96474ms
12:30:08.753 [Test worker] DEBUG o.s.w.t.h.s.r.b.JettyHttpServer - Server started on port 65191(0 millis).
12:30:08.753 [Test worker] DEBUG o.s.w.c.RestTemplate - HTTP POST http://localhost:65191/request/entity/flux
12:30:08.754 [Test worker] DEBUG o.s.w.c.RestTemplate - Accept=[text/plain, application/json, application/x-jackson-smile, application/*+json, */*]
12:30:08.754 [Test worker] DEBUG o.s.w.c.RestTemplate - Writing [[org.springframework.web.reactive.result.method.annotation.JacksonHintsIntegrationTests$JacksonViewBean@49281a24, org.springframework.web.reactive.result.method.annotation.JacksonHintsIntegrationTests$JacksonViewBean@37eebb8e]] as "application/json"
12:30:08.776 [qtp953385845-280] DEBUG o.s.w.s.a.HttpWebHandlerAdapter - [1d570231] HTTP POST "/request/entity/flux"
12:30:08.777 [qtp953385845-280] DEBUG o.s.w.r.r.m.a.RequestMappingHandlerMapping - [1d570231] Mapped to org.springframework.web.reactive.result.method.annotation.JacksonHintsIntegrationTests$JsonViewRestController#entityFluxRequest(HttpEntity)
12:30:08.778 [qtp953385845-280] DEBUG o.s.w.r.r.m.a.HttpEntityMethodArgumentResolver - [1d570231] Content-Type:application/json;charset=UTF-8
12:30:08.781 [qtp953385845-280] DEBUG o.s.w.r.r.m.a.HttpEntityMethodArgumentResolver - [1d570231] 0..N [org.springframework.web.reactive.result.method.annotation.JacksonHintsIntegrationTests$JacksonViewBean]
12:30:08.786 [qtp953385845-280] DEBUG o.s.w.r.r.m.a.ResponseBodyResultHandler - Using 'application/json' given [application/json] and supported [application/json, application/*+json, application/x-jackson-smile, application/*+x-jackson-smile, text/event-stream]
12:30:08.786 [qtp953385845-280] DEBUG o.s.w.r.r.m.a.ResponseBodyResultHandler - [1d570231] 0..N [org.springframework.web.reactive.result.method.annotation.JacksonHintsIntegrationTests$JacksonViewBean]
12:30:08.787 [qtp953385845-280] DEBUG o.s.h.c.j.Jackson2JsonDecoder - [1d570231] Decoded [org.springframework.web.reactive.result.method.annotation.JacksonHintsIntegrationTests$JacksonViewBe (truncated)...]
12:30:08.787 [qtp953385845-280] DEBUG o.s.h.c.j.Jackson2JsonDecoder - [1d570231] Decoded [org.springframework.web.reactive.result.method.annotation.JacksonHintsIntegrationTests$JacksonViewBe (truncated)...]
12:30:08.787 [qtp953385845-280] DEBUG o.s.h.c.j.Jackson2JsonEncoder - [1d570231] Encoding [[org.springframework.web.reactive.result.method.annotation.JacksonHintsIntegrationTests$JacksonViewB (truncated)...]
12:30:08.788 [Test worker] DEBUG o.s.w.c.RestTemplate - Response 200 OK
12:30:08.788 [qtp953385845-280] DEBUG o.s.w.s.a.HttpWebHandlerAdapter - [1d570231] Completed 200 OK
12:30:08.788 [Test worker] DEBUG o.s.w.c.RestTemplate - Reading to [java.lang.String] as "application/json"
12:30:08.789 [Test worker] DEBUG o.s.w.t.h.s.r.b.JettyHttpServer - Stopping JettyHttpServer...
12:30:08.789 [Test worker] INFO  o.e.j.s.h.ContextHandler - Stopped o.e.j.s.ServletContextHandler@3e3f6827{/,null,UNAVAILABLE}
12:30:08.806 [Test worker] INFO  o.e.j.s.AbstractConnector - Stopped ServerConnector@2d8f7f83{HTTP/1.1, (http/1.1)}{0.0.0.0:0}
12:30:08.806 [Test worker] DEBUG o.s.w.t.h.s.r.b.JettyHttpServer - Server stopped (0 millis).
12:30:09.106 [Test worker] DEBUG o.s.w.r.r.m.a.RequestMappingHandlerMapping - 9 mappings in 'requestMappingHandlerMapping'
12:30:09.308 [Test worker] DEBUG o.s.w.r.r.m.a.ControllerMethodResolver - ControllerAdvice beans: none
12:30:09.374 [Test worker] DEBUG o.s.w.s.a.HttpWebHandlerAdapter - enableLoggingRequestDetails='false': form data and headers will be masked to prevent unsafe logging of potentially sensitive data
12:30:09.378 [Test worker] DEBUG o.s.w.t.h.s.r.b.ReactorHttpServer - Starting ReactorHttpServer...
12:30:09.384 [Test worker] DEBUG o.s.w.t.h.s.r.b.ReactorHttpServer - Server started on port 65198(0 millis).
12:30:09.385 [Test worker] DEBUG o.s.w.c.RestTemplate - HTTP POST http://localhost:65198/request/entity/flux
12:30:09.386 [Test worker] DEBUG o.s.w.c.RestTemplate - Accept=[text/plain, application/json, application/x-jackson-smile, application/*+json, */*]
12:30:09.387 [Test worker] DEBUG o.s.w.c.RestTemplate - Writing [[org.springframework.web.reactive.result.method.annotation.JacksonHintsIntegrationTests$JacksonViewBean@4e8477c3, org.springframework.web.reactive.result.method.annotation.JacksonHintsIntegrationTests$JacksonViewBean@613b0729]] as "application/json"
12:30:09.400 [reactor-http-nio-4] DEBUG o.s.w.s.a.HttpWebHandlerAdapter - [4b8bd586-8] HTTP POST "/request/entity/flux"
12:30:09.400 [reactor-http-nio-4] DEBUG o.s.w.r.r.m.a.RequestMappingHandlerMapping - [4b8bd586-8] Mapped to org.springframework.web.reactive.result.method.annotation.JacksonHintsIntegrationTests$JsonViewRestController#entityFluxRequest(HttpEntity)
12:30:09.402 [reactor-http-nio-4] DEBUG o.s.w.r.r.m.a.HttpEntityMethodArgumentResolver - [4b8bd586-8] Content-Type:application/json
12:30:09.403 [reactor-http-nio-4] DEBUG o.s.w.r.r.m.a.HttpEntityMethodArgumentResolver - [4b8bd586-8] 0..N [org.springframework.web.reactive.result.method.annotation.JacksonHintsIntegrationTests$JacksonViewBean]
12:30:09.405 [reactor-http-nio-4] DEBUG o.s.w.r.r.m.a.ResponseBodyResultHandler - Using 'application/json' given [application/json] and supported [application/json, application/*+json, application/x-jackson-smile, application/*+x-jackson-smile, text/event-stream]
12:30:09.405 [reactor-http-nio-4] DEBUG o.s.w.r.r.m.a.ResponseBodyResultHandler - [4b8bd586-8] 0..N [org.springframework.web.reactive.result.method.annotation.JacksonHintsIntegrationTests$JacksonViewBean]
12:30:09.408 [reactor-http-nio-4] DEBUG o.s.h.c.j.Jackson2JsonDecoder - [4b8bd586-8] Decoded [org.springframework.web.reactive.result.method.annotation.JacksonHintsIntegrationTests$JacksonViewBe (truncated)...]
12:30:09.408 [reactor-http-nio-4] DEBUG o.s.h.c.j.Jackson2JsonDecoder - [4b8bd586-8] Decoded [org.springframework.web.reactive.result.method.annotation.JacksonHintsIntegrationTests$JacksonViewBe (truncated)...]
12:30:09.408 [reactor-http-nio-4] DEBUG o.s.h.c.j.Jackson2JsonEncoder - [4b8bd586-8] Encoding [[org.springframework.web.reactive.result.method.annotation.JacksonHintsIntegrationTests$JacksonViewB (truncated)...]
12:30:09.410 [Test worker] DEBUG o.s.w.c.RestTemplate - Response 200 OK
12:30:09.410 [Test worker] DEBUG o.s.w.c.RestTemplate - Reading to [java.lang.String] as "application/json"
12:30:09.411 [reactor-http-nio-4] DEBUG o.s.w.s.a.HttpWebHandlerAdapter - [4b8bd586-8] Completed 200 OK
12:30:09.411 [Test worker] DEBUG o.s.w.t.h.s.r.b.ReactorHttpServer - Stopping ReactorHttpServer...
12:30:09.412 [Test worker] DEBUG o.s.w.t.h.s.r.b.ReactorHttpServer - Server stopped (0 millis).
12:30:09.570 [Test worker] DEBUG o.s.w.r.r.m.a.RequestMappingHandlerMapping - 9 mappings in 'requestMappingHandlerMapping'
12:30:09.776 [Test worker] DEBUG o.s.w.r.r.m.a.ControllerMethodResolver - ControllerAdvice beans: none
12:30:09.954 [Test worker] DEBUG o.s.w.s.a.HttpWebHandlerAdapter - enableLoggingRequestDetails='false': form data and headers will be masked to prevent unsafe logging of potentially sensitive data
12:30:09.955 [Test worker] DEBUG o.s.w.t.h.s.r.b.TomcatHttpServer - Starting TomcatHttpServer...
12:30:09.994 [Test worker] DEBUG o.s.w.t.h.s.r.b.TomcatHttpServer - Server started on port 65200(0 millis).
12:30:09.995 [Test worker] DEBUG o.s.w.c.RestTemplate - HTTP POST http://localhost:65200/request/entity/flux
12:30:09.995 [Test worker] DEBUG o.s.w.c.RestTemplate - Accept=[text/plain, application/json, application/x-jackson-smile, application/*+json, */*]
12:30:09.998 [Test worker] DEBUG o.s.w.c.RestTemplate - Writing [[org.springframework.web.reactive.result.method.annotation.JacksonHintsIntegrationTests$JacksonViewBean@1ae6ed55, org.springframework.web.reactive.result.method.annotation.JacksonHintsIntegrationTests$JacksonViewBean@4705f870]] as "application/json"
12:30:14.531 [http-nio-auto-8-exec-1] DEBUG o.s.w.s.a.HttpWebHandlerAdapter - [ee095d2] HTTP POST "/request/entity/flux"
12:30:14.532 [http-nio-auto-8-exec-1] DEBUG o.s.w.r.r.m.a.RequestMappingHandlerMapping - [ee095d2] Mapped to org.springframework.web.reactive.result.method.annotation.JacksonHintsIntegrationTests$JsonViewRestController#entityFluxRequest(HttpEntity)
12:30:14.533 [http-nio-auto-8-exec-1] DEBUG o.s.w.r.r.m.a.HttpEntityMethodArgumentResolver - [ee095d2] Content-Type:application/json
12:30:14.534 [http-nio-auto-8-exec-1] DEBUG o.s.w.r.r.m.a.HttpEntityMethodArgumentResolver - [ee095d2] 0..N [org.springframework.web.reactive.result.method.annotation.JacksonHintsIntegrationTests$JacksonViewBean]
12:30:14.536 [http-nio-auto-8-exec-1] DEBUG o.s.w.r.r.m.a.ResponseBodyResultHandler - Using 'application/json' given [application/json] and supported [application/json, application/*+json, application/x-jackson-smile, application/*+x-jackson-smile, text/event-stream]
12:30:14.537 [http-nio-auto-8-exec-1] DEBUG o.s.w.r.r.m.a.ResponseBodyResultHandler - [ee095d2] 0..N [org.springframework.web.reactive.result.method.annotation.JacksonHintsIntegrationTests$JacksonViewBean]
12:30:14.537 [http-nio-auto-8-exec-1] DEBUG o.s.h.c.j.Jackson2JsonDecoder - [ee095d2] Decoded [org.springframework.web.reactive.result.method.annotation.JacksonHintsIntegrationTests$JacksonViewBe (truncated)...]
12:30:14.538 [http-nio-auto-8-exec-1] DEBUG o.s.h.c.j.Jackson2JsonDecoder - [ee095d2] Decoded [org.springframework.web.reactive.result.method.annotation.JacksonHintsIntegrationTests$JacksonViewBe (truncated)...]
12:30:14.538 [http-nio-auto-8-exec-1] DEBUG o.s.h.c.j.Jackson2JsonEncoder - [ee095d2] Encoding [[org.springframework.web.reactive.result.method.annotation.JacksonHintsIntegrationTests$JacksonViewB (truncated)...]
12:30:14.540 [http-nio-auto-8-exec-1] DEBUG o.s.w.s.a.HttpWebHandlerAdapter - [ee095d2] Completed 200 OK
12:30:14.540 [Test worker] DEBUG o.s.w.c.RestTemplate - Response 200 OK
12:30:14.540 [Test worker] DEBUG o.s.w.c.RestTemplate - Reading to [java.lang.String] as "application/json"
12:30:14.542 [Test worker] DEBUG o.s.w.t.h.s.r.b.TomcatHttpServer - Stopping TomcatHttpServer...
12:30:16.523 [Test worker] DEBUG o.s.w.t.h.s.r.b.TomcatHttpServer - Server stopped (0 millis).
12:30:16.694 [Test worker] DEBUG o.s.w.r.r.m.a.RequestMappingHandlerMapping - 9 mappings in 'requestMappingHandlerMapping'
12:30:16.768 [Test worker] DEBUG o.s.w.r.r.m.a.ControllerMethodResolver - ControllerAdvice beans: none
12:30:16.828 [Test worker] DEBUG o.s.w.s.a.HttpWebHandlerAdapter - enableLoggingRequestDetails='false': form data and headers will be masked to prevent unsafe logging of potentially sensitive data
12:30:16.829 [Test worker] DEBUG o.s.w.t.h.s.r.b.UndertowHttpServer - Starting UndertowHttpServer...
12:30:16.829 [Test worker] INFO  i.undertow - starting server: Undertow - 2.0.32.Final
12:30:16.860 [Test worker] DEBUG o.s.w.t.h.s.r.b.UndertowHttpServer - Server started on port 65257(0 millis).
12:30:16.861 [Test worker] DEBUG o.s.w.c.RestTemplate - HTTP POST http://localhost:65257/request/entity/flux
12:30:16.867 [Test worker] DEBUG o.s.w.c.RestTemplate - Accept=[text/plain, application/json, application/x-jackson-smile, application/*+json, */*]
12:30:16.867 [Test worker] DEBUG o.s.w.c.RestTemplate - Writing [[org.springframework.web.reactive.result.method.annotation.JacksonHintsIntegrationTests$JacksonViewBean@64b7c9f4, org.springframework.web.reactive.result.method.annotation.JacksonHintsIntegrationTests$JacksonViewBean@10b9c4eb]] as "application/json"
12:30:16.955 [XNIO-8 I/O-2] DEBUG o.s.w.s.a.HttpWebHandlerAdapter - [557b6c6a] HTTP POST "/request/entity/flux"
12:30:16.955 [XNIO-8 I/O-2] DEBUG o.s.w.r.r.m.a.RequestMappingHandlerMapping - [557b6c6a] Mapped to org.springframework.web.reactive.result.method.annotation.JacksonHintsIntegrationTests$JsonViewRestController#entityFluxRequest(HttpEntity)
12:30:16.956 [XNIO-8 I/O-2] DEBUG o.s.w.r.r.m.a.HttpEntityMethodArgumentResolver - [557b6c6a] Content-Type:application/json
12:30:16.957 [XNIO-8 I/O-2] DEBUG o.s.w.r.r.m.a.HttpEntityMethodArgumentResolver - [557b6c6a] 0..N [org.springframework.web.reactive.result.method.annotation.JacksonHintsIntegrationTests$JacksonViewBean]
12:30:16.959 [XNIO-8 I/O-2] DEBUG o.s.w.r.r.m.a.ResponseBodyResultHandler - Using 'application/json' given [application/json] and supported [application/json, application/*+json, application/x-jackson-smile, application/*+x-jackson-smile, text/event-stream]
12:30:16.959 [XNIO-8 I/O-2] DEBUG o.s.w.r.r.m.a.ResponseBodyResultHandler - [557b6c6a] 0..N [org.springframework.web.reactive.result.method.annotation.JacksonHintsIntegrationTests$JacksonViewBean]
12:30:16.960 [XNIO-8 I/O-2] DEBUG o.s.h.c.j.Jackson2JsonDecoder - [557b6c6a] Decoded [org.springframework.web.reactive.result.method.annotation.JacksonHintsIntegrationTests$JacksonViewBe (truncated)...]
12:30:16.960 [XNIO-8 I/O-2] DEBUG o.s.h.c.j.Jackson2JsonDecoder - [557b6c6a] Decoded [org.springframework.web.reactive.result.method.annotation.JacksonHintsIntegrationTests$JacksonViewBe (truncated)...]
12:30:16.960 [XNIO-8 I/O-2] DEBUG o.s.h.c.j.Jackson2JsonEncoder - [557b6c6a] Encoding [[org.springframework.web.reactive.result.method.annotation.JacksonHintsIntegrationTests$JacksonViewB (truncated)...]
12:30:16.961 [XNIO-8 I/O-2] DEBUG o.s.w.s.a.HttpWebHandlerAdapter - [557b6c6a] Completed 200 OK
12:30:16.961 [Test worker] DEBUG o.s.w.c.RestTemplate - Response 200 OK
12:30:16.961 [Test worker] DEBUG o.s.w.c.RestTemplate - Reading to [java.lang.String] as "application/json"
12:30:16.962 [Test worker] DEBUG o.s.w.t.h.s.r.b.UndertowHttpServer - Stopping UndertowHttpServer...
12:30:16.962 [Test worker] INFO  i.undertow - stopping server: Undertow - 2.0.32.Final
12:30:16.966 [Test worker] DEBUG o.s.w.t.h.s.r.b.UndertowHttpServer - Server stopped (0 millis).
12:30:17.096 [Test worker] DEBUG o.s.w.r.r.m.a.RequestMappingHandlerMapping - 9 mappings in 'requestMappingHandlerMapping'
12:30:17.168 [Test worker] DEBUG o.s.w.r.r.m.a.ControllerMethodResolver - ControllerAdvice beans: none
12:30:17.279 [Test worker] DEBUG o.s.w.s.a.HttpWebHandlerAdapter - enableLoggingRequestDetails='false': form data and headers will be masked to prevent unsafe logging of potentially sensitive data
12:30:17.279 [Test worker] WARN  o.e.j.s.h.ContextHandler - Empty contextPath
12:30:17.282 [Test worker] INFO  o.e.j.s.h.ContextHandler - Started o.e.j.s.ServletContextHandler@75c5562a{/,null,AVAILABLE}
12:30:17.282 [Test worker] DEBUG o.s.w.t.h.s.r.b.JettyHttpServer - Starting JettyHttpServer...
12:30:17.282 [Test worker] INFO  o.e.j.s.Server - jetty-9.4.31.v20200723; built: 2020-07-23T17:57:36.812Z; git: 450ba27947e13e66baa8cd1ce7e85a4461cacc1d; jvm 1.8.0_191-b12
12:30:17.374 [Test worker] INFO  o.e.j.s.AbstractConnector - Started ServerConnector@676fea2a{HTTP/1.1, (http/1.1)}{0.0.0.0:65265}
12:30:17.375 [Test worker] INFO  o.e.j.s.Server - Started @105095ms
12:30:17.375 [Test worker] DEBUG o.s.w.t.h.s.r.b.JettyHttpServer - Server started on port 65265(0 millis).
12:30:17.375 [Test worker] DEBUG o.s.w.c.RestTemplate - HTTP GET http://localhost:65265/response/mono
12:30:17.376 [Test worker] DEBUG o.s.w.c.RestTemplate - Accept=[text/plain, application/json, application/x-jackson-smile, application/*+json, */*]
12:30:17.404 [qtp586157997-309] DEBUG o.s.w.s.a.HttpWebHandlerAdapter - [73f7e4ef] HTTP GET "/response/mono"
12:30:17.405 [qtp586157997-309] DEBUG o.s.w.r.r.m.a.RequestMappingHandlerMapping - [73f7e4ef] Mapped to org.springframework.web.reactive.result.method.annotation.JacksonHintsIntegrationTests$JsonViewRestController#monoResponse()
12:30:17.407 [qtp586157997-309] DEBUG o.s.w.r.r.m.a.ResponseBodyResultHandler - Using 'application/json' given [application/json] and supported [application/json, application/*+json, application/x-jackson-smile, application/*+x-jackson-smile, text/event-stream]
12:30:17.407 [qtp586157997-309] DEBUG o.s.w.r.r.m.a.ResponseBodyResultHandler - [73f7e4ef] 0..1 [org.springframework.web.reactive.result.method.annotation.JacksonHintsIntegrationTests$JacksonViewBean]
12:30:17.408 [qtp586157997-309] DEBUG o.s.h.c.j.Jackson2JsonEncoder - [73f7e4ef] Encoding [org.springframework.web.reactive.result.method.annotation.JacksonHintsIntegrationTests$JacksonViewBe (truncated)...]
12:30:17.409 [Test worker] DEBUG o.s.w.c.RestTemplate - Response 200 OK
12:30:17.409 [Test worker] DEBUG o.s.w.c.RestTemplate - Reading to [java.lang.String] as "application/json"
12:30:17.409 [Test worker] DEBUG o.s.w.t.h.s.r.b.JettyHttpServer - Stopping JettyHttpServer...
12:30:17.409 [qtp586157997-309] DEBUG o.s.w.s.a.HttpWebHandlerAdapter - [73f7e4ef] Completed 200 OK
12:30:17.409 [Test worker] INFO  o.e.j.s.h.ContextHandler - Stopped o.e.j.s.ServletContextHandler@75c5562a{/,null,UNAVAILABLE}
12:30:17.418 [Test worker] INFO  o.e.j.s.AbstractConnector - Stopped ServerConnector@676fea2a{HTTP/1.1, (http/1.1)}{0.0.0.0:0}
12:30:17.419 [Test worker] DEBUG o.s.w.t.h.s.r.b.JettyHttpServer - Server stopped (0 millis).
12:30:17.701 [Test worker] DEBUG o.s.w.r.r.m.a.RequestMappingHandlerMapping - 9 mappings in 'requestMappingHandlerMapping'
12:30:17.821 [Test worker] DEBUG o.s.w.r.r.m.a.ControllerMethodResolver - ControllerAdvice beans: none
12:30:17.879 [Test worker] DEBUG o.s.w.s.a.HttpWebHandlerAdapter - enableLoggingRequestDetails='false': form data and headers will be masked to prevent unsafe logging of potentially sensitive data
12:30:17.880 [Test worker] DEBUG o.s.w.t.h.s.r.b.ReactorHttpServer - Starting ReactorHttpServer...
12:30:17.883 [Test worker] DEBUG o.s.w.t.h.s.r.b.ReactorHttpServer - Server started on port 65279(0 millis).
12:30:17.883 [Test worker] DEBUG o.s.w.c.RestTemplate - HTTP GET http://localhost:65279/response/mono
12:30:17.883 [Test worker] DEBUG o.s.w.c.RestTemplate - Accept=[text/plain, application/json, application/x-jackson-smile, application/*+json, */*]
12:30:17.886 [reactor-http-nio-2] DEBUG o.s.w.s.a.HttpWebHandlerAdapter - [8dd43592-9] HTTP GET "/response/mono"
12:30:17.887 [reactor-http-nio-2] DEBUG o.s.w.r.r.m.a.RequestMappingHandlerMapping - [8dd43592-9] Mapped to org.springframework.web.reactive.result.method.annotation.JacksonHintsIntegrationTests$JsonViewRestController#monoResponse()
12:30:17.888 [reactor-http-nio-2] DEBUG o.s.w.r.r.m.a.ResponseBodyResultHandler - Using 'application/json' given [application/json] and supported [application/json, application/*+json, application/x-jackson-smile, application/*+x-jackson-smile, text/event-stream]
12:30:17.888 [reactor-http-nio-2] DEBUG o.s.w.r.r.m.a.ResponseBodyResultHandler - [8dd43592-9] 0..1 [org.springframework.web.reactive.result.method.annotation.JacksonHintsIntegrationTests$JacksonViewBean]
12:30:17.889 [reactor-http-nio-2] DEBUG o.s.h.c.j.Jackson2JsonEncoder - [8dd43592-9] Encoding [org.springframework.web.reactive.result.method.annotation.JacksonHintsIntegrationTests$JacksonViewBe (truncated)...]
12:30:17.890 [reactor-http-nio-2] DEBUG o.s.w.s.a.HttpWebHandlerAdapter - [8dd43592-9] Completed 200 OK
12:30:17.891 [Test worker] DEBUG o.s.w.c.RestTemplate - Response 200 OK
12:30:17.891 [Test worker] DEBUG o.s.w.c.RestTemplate - Reading to [java.lang.String] as "application/json"
12:30:17.891 [Test worker] DEBUG o.s.w.t.h.s.r.b.ReactorHttpServer - Stopping ReactorHttpServer...
12:30:17.892 [Test worker] DEBUG o.s.w.t.h.s.r.b.ReactorHttpServer - Server stopped (0 millis).
12:30:18.007 [Test worker] DEBUG o.s.w.r.r.m.a.RequestMappingHandlerMapping - 9 mappings in 'requestMappingHandlerMapping'
12:30:18.064 [Test worker] DEBUG o.s.w.r.r.m.a.ControllerMethodResolver - ControllerAdvice beans: none
12:30:18.123 [Test worker] DEBUG o.s.w.s.a.HttpWebHandlerAdapter - enableLoggingRequestDetails='false': form data and headers will be masked to prevent unsafe logging of potentially sensitive data
12:30:18.126 [Test worker] DEBUG o.s.w.t.h.s.r.b.TomcatHttpServer - Starting TomcatHttpServer...
12:30:18.153 [Test worker] DEBUG o.s.w.t.h.s.r.b.TomcatHttpServer - Server started on port 65287(0 millis).
12:30:18.153 [Test worker] DEBUG o.s.w.c.RestTemplate - HTTP GET http://localhost:65287/response/mono
12:30:18.154 [Test worker] DEBUG o.s.w.c.RestTemplate - Accept=[text/plain, application/json, application/x-jackson-smile, application/*+json, */*]
12:30:19.320 [http-nio-auto-9-exec-1] DEBUG o.s.w.s.a.HttpWebHandlerAdapter - [73ef310d] HTTP GET "/response/mono"
12:30:19.320 [http-nio-auto-9-exec-1] DEBUG o.s.w.r.r.m.a.RequestMappingHandlerMapping - [73ef310d] Mapped to org.springframework.web.reactive.result.method.annotation.JacksonHintsIntegrationTests$JsonViewRestController#monoResponse()
12:30:19.322 [http-nio-auto-9-exec-1] DEBUG o.s.w.r.r.m.a.ResponseBodyResultHandler - Using 'application/json' given [application/json] and supported [application/json, application/*+json, application/x-jackson-smile, application/*+x-jackson-smile, text/event-stream]
12:30:19.322 [http-nio-auto-9-exec-1] DEBUG o.s.w.r.r.m.a.ResponseBodyResultHandler - [73ef310d] 0..1 [org.springframework.web.reactive.result.method.annotation.JacksonHintsIntegrationTests$JacksonViewBean]
12:30:19.323 [http-nio-auto-9-exec-1] DEBUG o.s.h.c.j.Jackson2JsonEncoder - [73ef310d] Encoding [org.springframework.web.reactive.result.method.annotation.JacksonHintsIntegrationTests$JacksonViewBe (truncated)...]
12:30:19.324 [http-nio-auto-9-exec-1] DEBUG o.s.w.s.a.HttpWebHandlerAdapter - [73ef310d] Completed 200 OK
12:30:19.324 [Test worker] DEBUG o.s.w.c.RestTemplate - Response 200 OK
12:30:19.324 [Test worker] DEBUG o.s.w.c.RestTemplate - Reading to [java.lang.String] as "application/json"
12:30:19.325 [Test worker] DEBUG o.s.w.t.h.s.r.b.TomcatHttpServer - Stopping TomcatHttpServer...
12:30:20.134 [Test worker] DEBUG o.s.w.t.h.s.r.b.TomcatHttpServer - Server stopped (0 millis).
12:30:20.368 [Test worker] DEBUG o.s.w.r.r.m.a.RequestMappingHandlerMapping - 9 mappings in 'requestMappingHandlerMapping'
12:30:20.459 [Test worker] DEBUG o.s.w.r.r.m.a.ControllerMethodResolver - ControllerAdvice beans: none
12:30:21.094 [Test worker] DEBUG o.s.w.s.a.HttpWebHandlerAdapter - enableLoggingRequestDetails='false': form data and headers will be masked to prevent unsafe logging of potentially sensitive data
12:30:21.095 [Test worker] DEBUG o.s.w.t.h.s.r.b.UndertowHttpServer - Starting UndertowHttpServer...
12:30:21.095 [Test worker] INFO  i.undertow - starting server: Undertow - 2.0.32.Final
12:30:21.113 [Test worker] DEBUG o.s.w.t.h.s.r.b.UndertowHttpServer - Server started on port 65345(0 millis).
12:30:21.114 [Test worker] DEBUG o.s.w.c.RestTemplate - HTTP GET http://localhost:65345/response/mono
12:30:21.114 [Test worker] DEBUG o.s.w.c.RestTemplate - Accept=[text/plain, application/json, application/x-jackson-smile, application/*+json, */*]
12:30:21.311 [XNIO-9 I/O-2] DEBUG o.s.w.s.a.HttpWebHandlerAdapter - [506c618e] HTTP GET "/response/mono"
12:30:21.312 [XNIO-9 I/O-2] DEBUG o.s.w.r.r.m.a.RequestMappingHandlerMapping - [506c618e] Mapped to org.springframework.web.reactive.result.method.annotation.JacksonHintsIntegrationTests$JsonViewRestController#monoResponse()
12:30:21.318 [XNIO-9 I/O-2] DEBUG o.s.w.r.r.m.a.ResponseBodyResultHandler - Using 'application/json' given [application/json] and supported [application/json, application/*+json, application/x-jackson-smile, application/*+x-jackson-smile, text/event-stream]
12:30:21.318 [XNIO-9 I/O-2] DEBUG o.s.w.r.r.m.a.ResponseBodyResultHandler - [506c618e] 0..1 [org.springframework.web.reactive.result.method.annotation.JacksonHintsIntegrationTests$JacksonViewBean]
12:30:21.319 [XNIO-9 I/O-2] DEBUG o.s.h.c.j.Jackson2JsonEncoder - [506c618e] Encoding [org.springframework.web.reactive.result.method.annotation.JacksonHintsIntegrationTests$JacksonViewBe (truncated)...]
12:30:21.320 [Test worker] DEBUG o.s.w.c.RestTemplate - Response 200 OK
12:30:21.320 [XNIO-9 I/O-2] DEBUG o.s.w.s.a.HttpWebHandlerAdapter - [506c618e] Completed 200 OK
12:30:21.320 [Test worker] DEBUG o.s.w.c.RestTemplate - Reading to [java.lang.String] as "application/json"
12:30:21.320 [Test worker] DEBUG o.s.w.t.h.s.r.b.UndertowHttpServer - Stopping UndertowHttpServer...
12:30:21.320 [Test worker] INFO  i.undertow - stopping server: Undertow - 2.0.32.Final
12:30:21.337 [Test worker] DEBUG o.s.w.t.h.s.r.b.UndertowHttpServer - Server stopped (0 millis).
]]></system-out>
  <system-err><![CDATA[]]></system-err>
</testsuite>
