<?xml version="1.0" encoding="UTF-8"?>
<testsuite name="org.springframework.web.reactive.result.method.annotation.CookieValueMethodArgumentResolverTests" tests="6" skipped="0" failures="0" errors="0" timestamp="2020-12-12T04:30:22" hostname="DESKTOP-TMNPDT1" time="0.149">
  <properties/>
  <testcase name="resolveCookieArgument()" classname="org.springframework.web.reactive.result.method.annotation.CookieValueMethodArgumentResolverTests" time="0.025"/>
  <testcase name="resolveCookieDefaultValue()" classname="org.springframework.web.reactive.result.method.annotation.CookieValueMethodArgumentResolverTests" time="0.008"/>
  <testcase name="resolveCookieStringArgument()" classname="org.springframework.web.reactive.result.method.annotation.CookieValueMethodArgumentResolverTests" time="0.009"/>
  <testcase name="notFound()" classname="org.springframework.web.reactive.result.method.annotation.CookieValueMethodArgumentResolverTests" time="0.008"/>
  <testcase name="doesNotSupportParameter()" classname="org.springframework.web.reactive.result.method.annotation.CookieValueMethodArgumentResolverTests" time="0.084"/>
  <testcase name="supportsParameter()" classname="org.springframework.web.reactive.result.method.annotation.CookieValueMethodArgumentResolverTests" time="0.012"/>
  <system-out><![CDATA[]]></system-out>
  <system-err><![CDATA[]]></system-err>
</testsuite>
