<?xml version="1.0" encoding="UTF-8"?>
<testsuite name="org.springframework.web.reactive.resource.PathResourceResolverTests" tests="9" skipped="0" failures="0" errors="0" timestamp="2020-12-12T04:29:03" hostname="DESKTOP-TMNPDT1" time="0.037">
  <properties/>
  <testcase name="checkFileLocation()" classname="org.springframework.web.reactive.resource.PathResourceResolverTests" time="0.0"/>
  <testcase name="ignoreInvalidEscapeSequence()" classname="org.springframework.web.reactive.resource.PathResourceResolverTests" time="0.001"/>
  <testcase name="checkResourceWithAllowedLocations()" classname="org.springframework.web.reactive.resource.PathResourceResolverTests" time="0.003"/>
  <testcase name="resolveFromClasspathRoot()" classname="org.springframework.web.reactive.resource.PathResourceResolverTests" time="0.001"/>
  <testcase name="resolveFromClasspath()" classname="org.springframework.web.reactive.resource.PathResourceResolverTests" time="0.001"/>
  <testcase name="resolvePathRootResource()" classname="org.springframework.web.reactive.resource.PathResourceResolverTests" time="0.0"/>
  <testcase name="checkRelativeLocation()" classname="org.springframework.web.reactive.resource.PathResourceResolverTests" time="0.002"/>
  <testcase name="resolveWithEncodedPath()" classname="org.springframework.web.reactive.resource.PathResourceResolverTests" time="0.005"/>
  <testcase name="checkResource()" classname="org.springframework.web.reactive.resource.PathResourceResolverTests" time="0.019"/>
  <system-out><![CDATA[12:29:03.172 [Test worker] WARN  o.s.w.r.r.PathResourceResolver - Resource path "../testsecret/secret.txt" was successfully resolved but resource "file:/D:/IDEA/source_code/spring-framework-V5.1.11.RELEASE/spring-framework/spring-webflux/build/resources/test/org/springframework/web/reactive/resource/testsecret/secret.txt" is neither under the current location "file:/D:/IDEA/source_code/spring-framework-V5.1.11.RELEASE/spring-framework/spring-webflux/build/resources/test/org/springframework/web/reactive/resource/test/" nor under any of the allowed locations []
12:29:03.173 [Test worker] WARN  o.s.w.r.r.PathResourceResolver - Resource path "test/../../testsecret/secret.txt" was successfully resolved but resource "file:/D:/IDEA/source_code/spring-framework-V5.1.11.RELEASE/spring-framework/spring-webflux/build/resources/test/org/springframework/web/reactive/resource/testsecret/secret.txt" is neither under the current location "file:/D:/IDEA/source_code/spring-framework-V5.1.11.RELEASE/spring-framework/spring-webflux/build/resources/test/org/springframework/web/reactive/resource/test/" nor under any of the allowed locations []
12:29:03.176 [Test worker] WARN  o.s.w.r.r.PathResourceResolver - Resource path "file:/D:/IDEA/source_code/spring-framework-V5.1.11.RELEASE/spring-framework/spring-webflux/build/resources/test/org/springframework/web/reactive/resource/testsecret/secret.txt" was successfully resolved but resource "file:/D:/IDEA/source_code/spring-framework-V5.1.11.RELEASE/spring-framework/spring-webflux/build/resources/test/org/springframework/web/reactive/resource/testsecret/secret.txt" is neither under the current location "file:/D:/IDEA/source_code/spring-framework-V5.1.11.RELEASE/spring-framework/spring-webflux/build/resources/test/org/springframework/web/reactive/resource/test/" nor under any of the allowed locations []
12:29:03.177 [Test worker] WARN  o.s.w.r.r.PathResourceResolver - Resource path "/file:/D:/IDEA/source_code/spring-framework-V5.1.11.RELEASE/spring-framework/spring-webflux/build/resources/test/org/springframework/web/reactive/resource/testsecret/secret.txt" was successfully resolved but resource "file:/D:/IDEA/source_code/spring-framework-V5.1.11.RELEASE/spring-framework/spring-webflux/build/resources/test/org/springframework/web/reactive/resource/testsecret/secret.txt" is neither under the current location "file:/D:/IDEA/source_code/spring-framework-V5.1.11.RELEASE/spring-framework/spring-webflux/build/resources/test/org/springframework/web/reactive/resource/test/" nor under any of the allowed locations []
12:29:03.177 [Test worker] WARN  o.s.w.r.r.PathResourceResolver - Resource path "//D:/IDEA/source_code/spring-framework-V5.1.11.RELEASE/spring-framework/spring-webflux/build/resources/test/org/springframework/web/reactive/resource/testsecret/secret.txt" was successfully resolved but resource "file:/D:/IDEA/source_code/spring-framework-V5.1.11.RELEASE/spring-framework/spring-webflux/build/resources/test/org/springframework/web/reactive/resource/testsecret/secret.txt" is neither under the current location "file:/D:/IDEA/source_code/spring-framework-V5.1.11.RELEASE/spring-framework/spring-webflux/build/resources/test/org/springframework/web/reactive/resource/test/" nor under any of the allowed locations []
12:29:03.178 [Test worker] WARN  o.s.w.r.r.PathResourceResolver - Resolved resource path contains encoded "../" or "..\": file:/D:/IDEA/source_code/spring-framework-V5.1.11.RELEASE/spring-framework/spring-webflux/build/resources/test/org/springframework/web/reactive/resource/test/%2E%2E/testsecret/secret.txt
12:29:03.178 [Test worker] WARN  o.s.w.r.r.PathResourceResolver - Resource path "/%2E%2E/testsecret/secret.txt" was successfully resolved but resource "file:/D:/IDEA/source_code/spring-framework-V5.1.11.RELEASE/spring-framework/spring-webflux/build/resources/test/org/springframework/web/reactive/resource/test/%2E%2E/testsecret/secret.txt" is neither under the current location "file:/D:/IDEA/source_code/spring-framework-V5.1.11.RELEASE/spring-framework/spring-webflux/build/resources/test/org/springframework/web/reactive/resource/test/" nor under any of the allowed locations []
12:29:03.179 [Test worker] WARN  o.s.w.r.r.PathResourceResolver - Resolved resource path contains encoded "../" or "..\": file:/D:/IDEA/source_code/spring-framework-V5.1.11.RELEASE/spring-framework/spring-webflux/build/resources/test/org/springframework/web/reactive/resource/test/%2e%2e/testsecret/secret.txt
12:29:03.179 [Test worker] WARN  o.s.w.r.r.PathResourceResolver - Resource path "/%2e%2e/testsecret/secret.txt" was successfully resolved but resource "file:/D:/IDEA/source_code/spring-framework-V5.1.11.RELEASE/spring-framework/spring-webflux/build/resources/test/org/springframework/web/reactive/resource/test/%2e%2e/testsecret/secret.txt" is neither under the current location "file:/D:/IDEA/source_code/spring-framework-V5.1.11.RELEASE/spring-framework/spring-webflux/build/resources/test/org/springframework/web/reactive/resource/test/" nor under any of the allowed locations []
12:29:03.179 [Test worker] WARN  o.s.w.r.r.PathResourceResolver - Resource path " /D:/IDEA/source_code/spring-framework-V5.1.11.RELEASE/spring-framework/spring-webflux/build/resources/test/org/springframework/web/reactive/resource/testsecret/secret.txt" was successfully resolved but resource "file:/D:/IDEA/source_code/spring-framework-V5.1.11.RELEASE/spring-framework/spring-webflux/build/resources/test/org/springframework/web/reactive/resource/testsecret/secret.txt" is neither under the current location "file:/D:/IDEA/source_code/spring-framework-V5.1.11.RELEASE/spring-framework/spring-webflux/build/resources/test/org/springframework/web/reactive/resource/test/" nor under any of the allowed locations []
12:29:03.180 [Test worker] WARN  o.s.w.r.r.PathResourceResolver - Resource path "/  /D:/IDEA/source_code/spring-framework-V5.1.11.RELEASE/spring-framework/spring-webflux/build/resources/test/org/springframework/web/reactive/resource/testsecret/secret.txt" was successfully resolved but resource "file:/D:/IDEA/source_code/spring-framework-V5.1.11.RELEASE/spring-framework/spring-webflux/build/resources/test/org/springframework/web/reactive/resource/testsecret/secret.txt" is neither under the current location "file:/D:/IDEA/source_code/spring-framework-V5.1.11.RELEASE/spring-framework/spring-webflux/build/resources/test/org/springframework/web/reactive/resource/test/" nor under any of the allowed locations []
12:29:03.185 [Test worker] WARN  o.s.w.r.r.PathResourceResolver - Resource path "url:/D:/IDEA/source_code/spring-framework-V5.1.11.RELEASE/spring-framework/spring-webflux/build/resources/test/org/springframework/web/reactive/resource/testsecret/secret.txt" was successfully resolved but resource "file:/D:/IDEA/source_code/spring-framework-V5.1.11.RELEASE/spring-framework/spring-webflux/build/resources/test/org/springframework/web/reactive/resource/testsecret/secret.txt" is neither under the current location "file:/D:/IDEA/source_code/spring-framework-V5.1.11.RELEASE/spring-framework/spring-webflux/build/resources/test/org/springframework/web/reactive/resource/test/" nor under any of the allowed locations []
]]></system-out>
  <system-err><![CDATA[]]></system-err>
</testsuite>
