<?xml version="1.0" encoding="UTF-8"?>
<testsuite name="org.springframework.web.reactive.result.condition.RequestMappingInfoTests" tests="12" skipped="1" failures="0" errors="0" timestamp="2020-12-12T04:30:11" hostname="DESKTOP-TMNPDT1" time="0.174">
  <properties/>
  <testcase name="preFlightRequest()" classname="org.springframework.web.reactive.result.condition.RequestMappingInfoTests" time="0.002">
    <skipped/>
  </testcase>
  <testcase name="throwWhenInvalidPattern()" classname="org.springframework.web.reactive.result.condition.RequestMappingInfoTests" time="0.089"/>
  <testcase name="matchParamsCondition()" classname="org.springframework.web.reactive.result.condition.RequestMappingInfoTests" time="0.002"/>
  <testcase name="matchPatternsCondition()" classname="org.springframework.web.reactive.result.condition.RequestMappingInfoTests" time="0.006"/>
  <testcase name="matchCustomCondition()" classname="org.springframework.web.reactive.result.condition.RequestMappingInfoTests" time="0.004"/>
  <testcase name="equals()" classname="org.springframework.web.reactive.result.condition.RequestMappingInfoTests" time="0.008"/>
  <testcase name="prependPatternWithSlash()" classname="org.springframework.web.reactive.result.condition.RequestMappingInfoTests" time="0.001"/>
  <testcase name="createEmpty()" classname="org.springframework.web.reactive.result.condition.RequestMappingInfoTests" time="0.033"/>
  <testcase name="matchProducesCondition()" classname="org.springframework.web.reactive.result.condition.RequestMappingInfoTests" time="0.002"/>
  <testcase name="matchHeadersCondition()" classname="org.springframework.web.reactive.result.condition.RequestMappingInfoTests" time="0.001"/>
  <testcase name="compareTwoHttpMethodsOneParam()" classname="org.springframework.web.reactive.result.condition.RequestMappingInfoTests" time="0.011"/>
  <testcase name="matchConsumesCondition()" classname="org.springframework.web.reactive.result.condition.RequestMappingInfoTests" time="0.004"/>
  <system-out><![CDATA[]]></system-out>
  <system-err><![CDATA[]]></system-err>
</testsuite>
