<?xml version="1.0" encoding="UTF-8"?>
<testsuite name="org.springframework.web.reactive.result.condition.ParamsRequestConditionTests" tests="11" skipped="0" failures="0" errors="0" timestamp="2020-12-12T04:30:11" hostname="DESKTOP-TMNPDT1" time="0.019">
  <properties/>
  <testcase name="paramNotPresent()" classname="org.springframework.web.reactive.result.condition.ParamsRequestConditionTests" time="0.006"/>
  <testcase name="paramValueNoMatch()" classname="org.springframework.web.reactive.result.condition.ParamsRequestConditionTests" time="0.002"/>
  <testcase name="compareTo()" classname="org.springframework.web.reactive.result.condition.ParamsRequestConditionTests" time="0.001"/>
  <testcase name="paramPresentNoMatch()" classname="org.springframework.web.reactive.result.condition.ParamsRequestConditionTests" time="0.001"/>
  <testcase name="paramPresentNullValue()" classname="org.springframework.web.reactive.result.condition.ParamsRequestConditionTests" time="0.001"/>
  <testcase name="paramEquals()" classname="org.springframework.web.reactive.result.condition.ParamsRequestConditionTests" time="0.0"/>
  <testcase name="combine()" classname="org.springframework.web.reactive.result.condition.ParamsRequestConditionTests" time="0.0"/>
  <testcase name="paramPresent()" classname="org.springframework.web.reactive.result.condition.ParamsRequestConditionTests" time="0.001"/>
  <testcase name="compareToWithNegatedMatch()" classname="org.springframework.web.reactive.result.condition.ParamsRequestConditionTests" time="0.003"/>
  <testcase name="paramValueMatch()" classname="org.springframework.web.reactive.result.condition.ParamsRequestConditionTests" time="0.002"/>
  <testcase name="compareToWithMoreSpecificMatchByValue()" classname="org.springframework.web.reactive.result.condition.ParamsRequestConditionTests" time="0.0"/>
  <system-out><![CDATA[]]></system-out>
  <system-err><![CDATA[]]></system-err>
</testsuite>
