<?xml version="1.0" encoding="UTF-8"?>
<testsuite name="org.springframework.web.reactive.result.HandlerResultHandlerTests" tests="6" skipped="0" failures="0" errors="0" timestamp="2020-12-12T04:30:16" hostname="DESKTOP-TMNPDT1" time="0.053">
  <properties/>
  <testcase name="noConcreteMediaType()" classname="org.springframework.web.reactive.result.HandlerResultHandlerTests" time="0.002"/>
  <testcase name="removeQualityParameter()" classname="org.springframework.web.reactive.result.HandlerResultHandlerTests" time="0.004"/>
  <testcase name="usesContentTypeResolver()" classname="org.springframework.web.reactive.result.HandlerResultHandlerTests" time="0.005"/>
  <testcase name="charsetFromAcceptHeader()" classname="org.springframework.web.reactive.result.HandlerResultHandlerTests" time="0.002"/>
  <testcase name="producibleMediaTypesRequestAttribute()" classname="org.springframework.web.reactive.result.HandlerResultHandlerTests" time="0.001"/>
  <testcase name="sortsByQuality()" classname="org.springframework.web.reactive.result.HandlerResultHandlerTests" time="0.025"/>
  <system-out><![CDATA[12:30:16.535 [Test worker] DEBUG o.s.w.r.r.HandlerResultHandlerTests$TestResultHandler - Using 'application/octet-stream' given [*/*] and supported [*/*]
12:30:16.540 [Test worker] DEBUG o.s.w.r.r.HandlerResultHandlerTests$TestResultHandler - Using 'text/plain' given [text/plain;q=0.5] and supported [application/json, text/plain]
12:30:16.552 [Test worker] DEBUG o.s.w.r.r.HandlerResultHandlerTests$TestResultHandler - Using 'image/gif' given [image/gif] and supported [image/jpeg, image/gif, image/png]
12:30:16.554 [Test worker] DEBUG o.s.w.r.r.HandlerResultHandlerTests$TestResultHandler - Using 'text/plain;charset=ISO-8859-1' given [text/plain;charset=ISO-8859-1] and supported [text/plain;charset=UTF-8]
12:30:16.556 [Test worker] DEBUG o.s.w.r.r.HandlerResultHandlerTests$TestResultHandler - Using 'image/gif' given [*/*] and supported [image/gif]
12:30:16.586 [Test worker] DEBUG o.s.w.r.r.HandlerResultHandlerTests$TestResultHandler - Using 'application/json' given [application/json, text/plain;q=0.5] and supported [text/plain, application/json]
]]></system-out>
  <system-err><![CDATA[]]></system-err>
</testsuite>
