<?xml version="1.0" encoding="UTF-8"?>
<testsuite name="org.springframework.web.reactive.result.method.InvocableHandlerMethodTests" tests="15" skipped="0" failures="0" errors="0" timestamp="2020-12-12T04:30:24" hostname="DESKTOP-TMNPDT1" time="0.398">
  <properties/>
  <testcase name="voidMonoMethodWithExchangeArg()" classname="org.springframework.web.reactive.result.method.InvocableHandlerMethodTests" time="0.173"/>
  <testcase name="resolveArg()" classname="org.springframework.web.reactive.result.method.InvocableHandlerMethodTests" time="0.009"/>
  <testcase name="checkNotModified()" classname="org.springframework.web.reactive.result.method.InvocableHandlerMethodTests" time="0.005"/>
  <testcase name="voidMethodWithResponseArg()" classname="org.springframework.web.reactive.result.method.InvocableHandlerMethodTests" time="0.004"/>
  <testcase name="cannotResolveArg()" classname="org.springframework.web.reactive.result.method.InvocableHandlerMethodTests" time="0.002"/>
  <testcase name="resolveProvidedArg()" classname="org.springframework.web.reactive.result.method.InvocableHandlerMethodTests" time="0.002"/>
  <testcase name="illegalArgumentException()" classname="org.springframework.web.reactive.result.method.InvocableHandlerMethodTests" time="0.004"/>
  <testcase name="voidMethodWithExchangeArg()" classname="org.springframework.web.reactive.result.method.InvocableHandlerMethodTests" time="0.003"/>
  <testcase name="resolveNoArgs()" classname="org.springframework.web.reactive.result.method.InvocableHandlerMethodTests" time="0.001"/>
  <testcase name="invocationTargetException()" classname="org.springframework.web.reactive.result.method.InvocableHandlerMethodTests" time="0.003"/>
  <testcase name="resolveProvidedArgFirst()" classname="org.springframework.web.reactive.result.method.InvocableHandlerMethodTests" time="0.003"/>
  <testcase name="exceptionInResolvingArg()" classname="org.springframework.web.reactive.result.method.InvocableHandlerMethodTests" time="0.028"/>
  <testcase name="responseStatusAnnotation()" classname="org.springframework.web.reactive.result.method.InvocableHandlerMethodTests" time="0.016"/>
  <testcase name="voidMonoMethodWithResponseArg()" classname="org.springframework.web.reactive.result.method.InvocableHandlerMethodTests" time="0.131"/>
  <testcase name="resolveNoArgValue()" classname="org.springframework.web.reactive.result.method.InvocableHandlerMethodTests" time="0.003"/>
  <system-out><![CDATA[12:30:24.332 [Test worker] DEBUG o.s.w.r.r.m.InvocableHandlerMethod - [6064da60] Could not resolve parameter [0] in java.lang.String org.springframework.web.reactive.result.method.InvocableHandlerMethodTests$TestController.singleArg(java.lang.String): 415 UNSUPPORTED_MEDIA_TYPE "boo"
]]></system-out>
  <system-err><![CDATA[]]></system-err>
</testsuite>
