<?xml version="1.0" encoding="UTF-8"?>
<testsuite name="org.springframework.web.reactive.result.method.annotation.ResponseBodyResultHandlerTests" tests="3" skipped="0" failures="0" errors="0" timestamp="2020-12-12T04:31:43" hostname="DESKTOP-TMNPDT1" time="0.021">
  <properties/>
  <testcase name="supports()" classname="org.springframework.web.reactive.result.method.annotation.ResponseBodyResultHandlerTests" time="0.007"/>
  <testcase name="defaultOrder()" classname="org.springframework.web.reactive.result.method.annotation.ResponseBodyResultHandlerTests" time="0.007"/>
  <testcase name="supportsRestController()" classname="org.springframework.web.reactive.result.method.annotation.ResponseBodyResultHandlerTests" time="0.007"/>
  <system-out><![CDATA[]]></system-out>
  <system-err><![CDATA[]]></system-err>
</testsuite>
