<?xml version="1.0" encoding="UTF-8"?>
<testsuite name="org.springframework.web.reactive.function.server.HandlerStrategiesTests" tests="2" skipped="0" failures="0" errors="0" timestamp="2020-12-12T04:29:12" hostname="DESKTOP-TMNPDT1" time="0.027">
  <properties/>
  <testcase name="withDefaults()" classname="org.springframework.web.reactive.function.server.HandlerStrategiesTests" time="0.026"/>
  <testcase name="empty()" classname="org.springframework.web.reactive.function.server.HandlerStrategiesTests" time="0.001"/>
  <system-out><![CDATA[]]></system-out>
  <system-err><![CDATA[]]></system-err>
</testsuite>
