<?xml version="1.0" encoding="UTF-8"?>
<testsuite name="org.springframework.web.reactive.result.method.annotation.ErrorsMethodArgumentResolverTests" tests="5" skipped="0" failures="0" errors="0" timestamp="2020-12-12T04:30:46" hostname="DESKTOP-TMNPDT1" time="0.023">
  <properties/>
  <testcase name="resolveWithBindingResultNotFound()" classname="org.springframework.web.reactive.result.method.annotation.ErrorsMethodArgumentResolverTests" time="0.009"/>
  <testcase name="supports()" classname="org.springframework.web.reactive.result.method.annotation.ErrorsMethodArgumentResolverTests" time="0.002"/>
  <testcase name="resolveWithMonoOnBindingResultAndModelAttribute()" classname="org.springframework.web.reactive.result.method.annotation.ErrorsMethodArgumentResolverTests" time="0.001"/>
  <testcase name="resolve()" classname="org.springframework.web.reactive.result.method.annotation.ErrorsMethodArgumentResolverTests" time="0.007"/>
  <testcase name="resolveWithMono()" classname="org.springframework.web.reactive.result.method.annotation.ErrorsMethodArgumentResolverTests" time="0.002"/>
  <system-out><![CDATA[]]></system-out>
  <system-err><![CDATA[]]></system-err>
</testsuite>
