<?xml version="1.0" encoding="UTF-8"?>
<testsuite name="org.springframework.web.reactive.function.client.DefaultWebClientTests" tests="19" skipped="0" failures="0" errors="0" timestamp="2020-12-12T04:28:56" hostname="DESKTOP-TMNPDT1" time="4.514">
  <properties/>
  <testcase name="defaultHeaderAndCookie()" classname="org.springframework.web.reactive.function.client.DefaultWebClientTests" time="0.656"/>
  <testcase name="defaultHeaderAndCookieOverrides()" classname="org.springframework.web.reactive.function.client.DefaultWebClientTests" time="0.129"/>
  <testcase name="onStatusHandlersOrderIsPreserved()" classname="org.springframework.web.reactive.function.client.DefaultWebClientTests" time="0.278"/>
  <testcase name="uriBuilder()" classname="org.springframework.web.reactive.function.client.DefaultWebClientTests" time="0.007"/>
  <testcase name="defaultRequest()" classname="org.springframework.web.reactive.function.client.DefaultWebClientTests" time="0.009"/>
  <testcase name="shouldApplyFiltersAtSubscription()" classname="org.springframework.web.reactive.function.client.DefaultWebClientTests" time="0.02"/>
  <testcase name="requestHeaderAndCookie()" classname="org.springframework.web.reactive.function.client.DefaultWebClientTests" time="0.005"/>
  <testcase name="cloneBuilder()" classname="org.springframework.web.reactive.function.client.DefaultWebClientTests" time="0.069"/>
  <testcase name="withStringAttribute()" classname="org.springframework.web.reactive.function.client.DefaultWebClientTests" time="0.003"/>
  <testcase name="withNullAttribute()" classname="org.springframework.web.reactive.function.client.DefaultWebClientTests" time="0.003"/>
  <testcase name="uriBuilderWithPathOverride()" classname="org.springframework.web.reactive.function.client.DefaultWebClientTests" time="0.003"/>
  <testcase name="apply()" classname="org.springframework.web.reactive.function.client.DefaultWebClientTests" time="0.031"/>
  <testcase name="basic()" classname="org.springframework.web.reactive.function.client.DefaultWebClientTests" time="0.028"/>
  <testcase name="switchToErrorOnEmptyClientResponseMono()" classname="org.springframework.web.reactive.function.client.DefaultWebClientTests" time="0.007"/>
  <testcase name="bodyObjectPublisher()" classname="org.springframework.web.reactive.function.client.DefaultWebClientTests" time="0.007"/>
  <testcase name="defaultHeaderAndCookieCopies()" classname="org.springframework.web.reactive.function.client.DefaultWebClientTests" time="0.072"/>
  <testcase name="onStatusHandlersDefaultHandlerIsLast()" classname="org.springframework.web.reactive.function.client.DefaultWebClientTests" time="0.268"/>
  <testcase name="uriBuilderWithUriTemplate()" classname="org.springframework.web.reactive.function.client.DefaultWebClientTests" time="0.004"/>
  <testcase name="mutateDoesCopy()" classname="org.springframework.web.reactive.function.client.DefaultWebClientTests" time="2.886"/>
  <system-out><![CDATA[]]></system-out>
  <system-err><![CDATA[]]></system-err>
</testsuite>
