<?xml version="1.0" encoding="UTF-8"?>
<testsuite name="org.springframework.web.reactive.result.method.annotation.SessionAttributeMethodArgumentResolverTests" tests="5" skipped="0" failures="0" errors="0" timestamp="2020-12-12T04:33:27" hostname="DESKTOP-TMNPDT1" time="0.049">
  <properties/>
  <testcase name="resolveOptional()" classname="org.springframework.web.reactive.result.method.annotation.SessionAttributeMethodArgumentResolverTests" time="0.029"/>
  <testcase name="resolve()" classname="org.springframework.web.reactive.result.method.annotation.SessionAttributeMethodArgumentResolverTests" time="0.005"/>
  <testcase name="resolveNotRequired()" classname="org.springframework.web.reactive.result.method.annotation.SessionAttributeMethodArgumentResolverTests" time="0.005"/>
  <testcase name="resolveWithName()" classname="org.springframework.web.reactive.result.method.annotation.SessionAttributeMethodArgumentResolverTests" time="0.004"/>
  <testcase name="supportsParameter()" classname="org.springframework.web.reactive.result.method.annotation.SessionAttributeMethodArgumentResolverTests" time="0.004"/>
  <system-out><![CDATA[]]></system-out>
  <system-err><![CDATA[]]></system-err>
</testsuite>
