<?xml version="1.0" encoding="UTF-8"?>
<testsuite name="org.springframework.web.reactive.DispatcherHandlerTests" tests="1" skipped="0" failures="0" errors="0" timestamp="2020-12-12T04:28:53" hostname="DESKTOP-TMNPDT1" time="0.386">
  <properties/>
  <testcase name="handlerMappingOrder()" classname="org.springframework.web.reactive.DispatcherHandlerTests" time="0.386"/>
  <system-out><![CDATA[]]></system-out>
  <system-err><![CDATA[]]></system-err>
</testsuite>
