<?xml version="1.0" encoding="UTF-8"?>
<testsuite name="org.springframework.web.reactive.result.method.annotation.SessionAttributesHandlerTests" tests="4" skipped="0" failures="0" errors="0" timestamp="2020-12-12T04:31:43" hostname="DESKTOP-TMNPDT1" time="0.009">
  <properties/>
  <testcase name="storeAttributes()" classname="org.springframework.web.reactive.result.method.annotation.SessionAttributesHandlerTests" time="0.005"/>
  <testcase name="cleanupAttributes()" classname="org.springframework.web.reactive.result.method.annotation.SessionAttributesHandlerTests" time="0.001"/>
  <testcase name="retrieveAttributes()" classname="org.springframework.web.reactive.result.method.annotation.SessionAttributesHandlerTests" time="0.001"/>
  <testcase name="isSessionAttribute()" classname="org.springframework.web.reactive.result.method.annotation.SessionAttributesHandlerTests" time="0.001"/>
  <system-out><![CDATA[]]></system-out>
  <system-err><![CDATA[]]></system-err>
</testsuite>
