<?xml version="1.0" encoding="UTF-8"?>
<testsuite name="org.springframework.web.reactive.function.client.DefaultClientRequestBuilderTests" tests="8" skipped="0" failures="0" errors="0" timestamp="2020-12-12T04:28:53" hostname="DESKTOP-TMNPDT1" time="0.677">
  <properties/>
  <testcase name="cookie()" classname="org.springframework.web.reactive.function.client.DefaultClientRequestBuilderTests" time="0.564"/>
  <testcase name="method()" classname="org.springframework.web.reactive.function.client.DefaultClientRequestBuilderTests" time="0.001"/>
  <testcase name="url()" classname="org.springframework.web.reactive.function.client.DefaultClientRequestBuilderTests" time="0.004"/>
  <testcase name="from()" classname="org.springframework.web.reactive.function.client.DefaultClientRequestBuilderTests" time="0.014"/>
  <testcase name="build()" classname="org.springframework.web.reactive.function.client.DefaultClientRequestBuilderTests" time="0.047"/>
  <testcase name="bodyParameterizedTypeReference()" classname="org.springframework.web.reactive.function.client.DefaultClientRequestBuilderTests" time="0.036"/>
  <testcase name="bodyInserter()" classname="org.springframework.web.reactive.function.client.DefaultClientRequestBuilderTests" time="0.002"/>
  <testcase name="bodyClass()" classname="org.springframework.web.reactive.function.client.DefaultClientRequestBuilderTests" time="0.003"/>
  <system-out><![CDATA[12:28:54.305 [Test worker] DEBUG o.s.c.c.CharSequenceEncoder - [61eab983] Writing "foo"
12:28:54.315 [Test worker] DEBUG o.s.c.c.CharSequenceEncoder - [3964149a] Writing "foo"
]]></system-out>
  <system-err><![CDATA[]]></system-err>
</testsuite>
