<?xml version="1.0" encoding="UTF-8"?>
<testsuite name="org.springframework.web.reactive.function.server.RenderingResponseExtensionsTests" tests="1" skipped="0" failures="0" errors="0" timestamp="2020-12-12T04:32:03" hostname="DESKTOP-TMNPDT1" time="6.923">
  <properties/>
  <testcase name="buildAndAwait()" classname="org.springframework.web.reactive.function.server.RenderingResponseExtensionsTests" time="6.923"/>
  <system-out><![CDATA[]]></system-out>
  <system-err><![CDATA[]]></system-err>
</testsuite>
