<?xml version="1.0" encoding="UTF-8"?>
<testsuite name="org.springframework.web.reactive.result.method.annotation.RequestMappingMessageConversionIntegrationTests" tests="180" skipped="0" failures="0" errors="0" timestamp="2020-12-12T04:32:16" hostname="DESKTOP-TMNPDT1" time="71.14">
  <properties/>
  <testcase name="personResponseBodyWithMonoDeclaredAsObject(HttpServer)[1]" classname="org.springframework.web.reactive.result.method.annotation.RequestMappingMessageConversionIntegrationTests" time="0.179"/>
  <testcase name="personResponseBodyWithMonoDeclaredAsObject(HttpServer)[2]" classname="org.springframework.web.reactive.result.method.annotation.RequestMappingMessageConversionIntegrationTests" time="0.162"/>
  <testcase name="personResponseBodyWithMonoDeclaredAsObject(HttpServer)[3]" classname="org.springframework.web.reactive.result.method.annotation.RequestMappingMessageConversionIntegrationTests" time="0.536"/>
  <testcase name="personResponseBodyWithMonoDeclaredAsObject(HttpServer)[4]" classname="org.springframework.web.reactive.result.method.annotation.RequestMappingMessageConversionIntegrationTests" time="0.186"/>
  <testcase name="byteBufferResponseBodyWithPublisher(HttpServer)[1]" classname="org.springframework.web.reactive.result.method.annotation.RequestMappingMessageConversionIntegrationTests" time="0.231"/>
  <testcase name="byteBufferResponseBodyWithPublisher(HttpServer)[2]" classname="org.springframework.web.reactive.result.method.annotation.RequestMappingMessageConversionIntegrationTests" time="0.285"/>
  <testcase name="byteBufferResponseBodyWithPublisher(HttpServer)[3]" classname="org.springframework.web.reactive.result.method.annotation.RequestMappingMessageConversionIntegrationTests" time="1.177"/>
  <testcase name="byteBufferResponseBodyWithPublisher(HttpServer)[4]" classname="org.springframework.web.reactive.result.method.annotation.RequestMappingMessageConversionIntegrationTests" time="0.282"/>
  <testcase name="personResponseBodyWithCompletableFuture(HttpServer)[1]" classname="org.springframework.web.reactive.result.method.annotation.RequestMappingMessageConversionIntegrationTests" time="0.174"/>
  <testcase name="personResponseBodyWithCompletableFuture(HttpServer)[2]" classname="org.springframework.web.reactive.result.method.annotation.RequestMappingMessageConversionIntegrationTests" time="0.22"/>
  <testcase name="personResponseBodyWithCompletableFuture(HttpServer)[3]" classname="org.springframework.web.reactive.result.method.annotation.RequestMappingMessageConversionIntegrationTests" time="1.562"/>
  <testcase name="personResponseBodyWithCompletableFuture(HttpServer)[4]" classname="org.springframework.web.reactive.result.method.annotation.RequestMappingMessageConversionIntegrationTests" time="0.173"/>
  <testcase name="personTransformWithRxJava2Observable(HttpServer)[1]" classname="org.springframework.web.reactive.result.method.annotation.RequestMappingMessageConversionIntegrationTests" time="0.337"/>
  <testcase name="personTransformWithRxJava2Observable(HttpServer)[2]" classname="org.springframework.web.reactive.result.method.annotation.RequestMappingMessageConversionIntegrationTests" time="0.133"/>
  <testcase name="personTransformWithRxJava2Observable(HttpServer)[3]" classname="org.springframework.web.reactive.result.method.annotation.RequestMappingMessageConversionIntegrationTests" time="17.241"/>
  <testcase name="personTransformWithRxJava2Observable(HttpServer)[4]" classname="org.springframework.web.reactive.result.method.annotation.RequestMappingMessageConversionIntegrationTests" time="0.843"/>
  <testcase name="personCreateWithObservableXml(HttpServer)[1]" classname="org.springframework.web.reactive.result.method.annotation.RequestMappingMessageConversionIntegrationTests" time="1.809"/>
  <testcase name="personCreateWithObservableXml(HttpServer)[2]" classname="org.springframework.web.reactive.result.method.annotation.RequestMappingMessageConversionIntegrationTests" time="0.168"/>
  <testcase name="personCreateWithObservableXml(HttpServer)[3]" classname="org.springframework.web.reactive.result.method.annotation.RequestMappingMessageConversionIntegrationTests" time="0.641"/>
  <testcase name="personCreateWithObservableXml(HttpServer)[4]" classname="org.springframework.web.reactive.result.method.annotation.RequestMappingMessageConversionIntegrationTests" time="0.252"/>
  <testcase name="personResponseBodyWithPublisher(HttpServer)[1]" classname="org.springframework.web.reactive.result.method.annotation.RequestMappingMessageConversionIntegrationTests" time="0.15"/>
  <testcase name="personResponseBodyWithPublisher(HttpServer)[2]" classname="org.springframework.web.reactive.result.method.annotation.RequestMappingMessageConversionIntegrationTests" time="0.151"/>
  <testcase name="personResponseBodyWithPublisher(HttpServer)[3]" classname="org.springframework.web.reactive.result.method.annotation.RequestMappingMessageConversionIntegrationTests" time="0.455"/>
  <testcase name="personResponseBodyWithPublisher(HttpServer)[4]" classname="org.springframework.web.reactive.result.method.annotation.RequestMappingMessageConversionIntegrationTests" time="0.148"/>
  <testcase name="personCreateWithPublisherXml(HttpServer)[1]" classname="org.springframework.web.reactive.result.method.annotation.RequestMappingMessageConversionIntegrationTests" time="0.169"/>
  <testcase name="personCreateWithPublisherXml(HttpServer)[2]" classname="org.springframework.web.reactive.result.method.annotation.RequestMappingMessageConversionIntegrationTests" time="0.136"/>
  <testcase name="personCreateWithPublisherXml(HttpServer)[3]" classname="org.springframework.web.reactive.result.method.annotation.RequestMappingMessageConversionIntegrationTests" time="0.866"/>
  <testcase name="personCreateWithPublisherXml(HttpServer)[4]" classname="org.springframework.web.reactive.result.method.annotation.RequestMappingMessageConversionIntegrationTests" time="0.283"/>
  <testcase name="personTransformWithCompletableFuture(HttpServer)[1]" classname="org.springframework.web.reactive.result.method.annotation.RequestMappingMessageConversionIntegrationTests" time="0.533"/>
  <testcase name="personTransformWithCompletableFuture(HttpServer)[2]" classname="org.springframework.web.reactive.result.method.annotation.RequestMappingMessageConversionIntegrationTests" time="0.213"/>
  <testcase name="personTransformWithCompletableFuture(HttpServer)[3]" classname="org.springframework.web.reactive.result.method.annotation.RequestMappingMessageConversionIntegrationTests" time="0.639"/>
  <testcase name="personTransformWithCompletableFuture(HttpServer)[4]" classname="org.springframework.web.reactive.result.method.annotation.RequestMappingMessageConversionIntegrationTests" time="0.258"/>
  <testcase name="personTransformWithSingle(HttpServer)[1]" classname="org.springframework.web.reactive.result.method.annotation.RequestMappingMessageConversionIntegrationTests" time="0.176"/>
  <testcase name="personTransformWithSingle(HttpServer)[2]" classname="org.springframework.web.reactive.result.method.annotation.RequestMappingMessageConversionIntegrationTests" time="0.161"/>
  <testcase name="personTransformWithSingle(HttpServer)[3]" classname="org.springframework.web.reactive.result.method.annotation.RequestMappingMessageConversionIntegrationTests" time="0.609"/>
  <testcase name="personTransformWithSingle(HttpServer)[4]" classname="org.springframework.web.reactive.result.method.annotation.RequestMappingMessageConversionIntegrationTests" time="0.175"/>
  <testcase name="personResponseBodyWithMonoResponseEntityXml(HttpServer)[1]" classname="org.springframework.web.reactive.result.method.annotation.RequestMappingMessageConversionIntegrationTests" time="0.2"/>
  <testcase name="personResponseBodyWithMonoResponseEntityXml(HttpServer)[2]" classname="org.springframework.web.reactive.result.method.annotation.RequestMappingMessageConversionIntegrationTests" time="0.145"/>
  <testcase name="personResponseBodyWithMonoResponseEntityXml(HttpServer)[3]" classname="org.springframework.web.reactive.result.method.annotation.RequestMappingMessageConversionIntegrationTests" time="0.601"/>
  <testcase name="personResponseBodyWithMonoResponseEntityXml(HttpServer)[4]" classname="org.springframework.web.reactive.result.method.annotation.RequestMappingMessageConversionIntegrationTests" time="0.169"/>
  <testcase name="personCreateWithRxJava2ObservableJson(HttpServer)[1]" classname="org.springframework.web.reactive.result.method.annotation.RequestMappingMessageConversionIntegrationTests" time="0.138"/>
  <testcase name="personCreateWithRxJava2ObservableJson(HttpServer)[2]" classname="org.springframework.web.reactive.result.method.annotation.RequestMappingMessageConversionIntegrationTests" time="0.112"/>
  <testcase name="personCreateWithRxJava2ObservableJson(HttpServer)[3]" classname="org.springframework.web.reactive.result.method.annotation.RequestMappingMessageConversionIntegrationTests" time="0.431"/>
  <testcase name="personCreateWithRxJava2ObservableJson(HttpServer)[4]" classname="org.springframework.web.reactive.result.method.annotation.RequestMappingMessageConversionIntegrationTests" time="0.119"/>
  <testcase name="byteBufferResponseBodyWithFlux(HttpServer)[1]" classname="org.springframework.web.reactive.result.method.annotation.RequestMappingMessageConversionIntegrationTests" time="0.114"/>
  <testcase name="byteBufferResponseBodyWithFlux(HttpServer)[2]" classname="org.springframework.web.reactive.result.method.annotation.RequestMappingMessageConversionIntegrationTests" time="0.102"/>
  <testcase name="byteBufferResponseBodyWithFlux(HttpServer)[3]" classname="org.springframework.web.reactive.result.method.annotation.RequestMappingMessageConversionIntegrationTests" time="0.416"/>
  <testcase name="byteBufferResponseBodyWithFlux(HttpServer)[4]" classname="org.springframework.web.reactive.result.method.annotation.RequestMappingMessageConversionIntegrationTests" time="0.122"/>
  <testcase name="byteBufferResponseBodyWithMono(HttpServer)[1]" classname="org.springframework.web.reactive.result.method.annotation.RequestMappingMessageConversionIntegrationTests" time="0.118"/>
  <testcase name="byteBufferResponseBodyWithMono(HttpServer)[2]" classname="org.springframework.web.reactive.result.method.annotation.RequestMappingMessageConversionIntegrationTests" time="0.104"/>
  <testcase name="byteBufferResponseBodyWithMono(HttpServer)[3]" classname="org.springframework.web.reactive.result.method.annotation.RequestMappingMessageConversionIntegrationTests" time="0.584"/>
  <testcase name="byteBufferResponseBodyWithMono(HttpServer)[4]" classname="org.springframework.web.reactive.result.method.annotation.RequestMappingMessageConversionIntegrationTests" time="0.138"/>
  <testcase name="personTransformWithFlowable(HttpServer)[1]" classname="org.springframework.web.reactive.result.method.annotation.RequestMappingMessageConversionIntegrationTests" time="0.153"/>
  <testcase name="personTransformWithFlowable(HttpServer)[2]" classname="org.springframework.web.reactive.result.method.annotation.RequestMappingMessageConversionIntegrationTests" time="0.124"/>
  <testcase name="personTransformWithFlowable(HttpServer)[3]" classname="org.springframework.web.reactive.result.method.annotation.RequestMappingMessageConversionIntegrationTests" time="0.425"/>
  <testcase name="personTransformWithFlowable(HttpServer)[4]" classname="org.springframework.web.reactive.result.method.annotation.RequestMappingMessageConversionIntegrationTests" time="0.134"/>
  <testcase name="personCreateWithFluxJson(HttpServer)[1]" classname="org.springframework.web.reactive.result.method.annotation.RequestMappingMessageConversionIntegrationTests" time="0.107"/>
  <testcase name="personCreateWithFluxJson(HttpServer)[2]" classname="org.springframework.web.reactive.result.method.annotation.RequestMappingMessageConversionIntegrationTests" time="0.099"/>
  <testcase name="personCreateWithFluxJson(HttpServer)[3]" classname="org.springframework.web.reactive.result.method.annotation.RequestMappingMessageConversionIntegrationTests" time="0.437"/>
  <testcase name="personCreateWithFluxJson(HttpServer)[4]" classname="org.springframework.web.reactive.result.method.annotation.RequestMappingMessageConversionIntegrationTests" time="0.13"/>
  <testcase name="personCreateWithFlowableXml(HttpServer)[1]" classname="org.springframework.web.reactive.result.method.annotation.RequestMappingMessageConversionIntegrationTests" time="0.141"/>
  <testcase name="personCreateWithFlowableXml(HttpServer)[2]" classname="org.springframework.web.reactive.result.method.annotation.RequestMappingMessageConversionIntegrationTests" time="0.134"/>
  <testcase name="personCreateWithFlowableXml(HttpServer)[3]" classname="org.springframework.web.reactive.result.method.annotation.RequestMappingMessageConversionIntegrationTests" time="0.52"/>
  <testcase name="personCreateWithFlowableXml(HttpServer)[4]" classname="org.springframework.web.reactive.result.method.annotation.RequestMappingMessageConversionIntegrationTests" time="0.147"/>
  <testcase name="resource(HttpServer)[1]" classname="org.springframework.web.reactive.result.method.annotation.RequestMappingMessageConversionIntegrationTests" time="0.134"/>
  <testcase name="resource(HttpServer)[2]" classname="org.springframework.web.reactive.result.method.annotation.RequestMappingMessageConversionIntegrationTests" time="0.111"/>
  <testcase name="resource(HttpServer)[3]" classname="org.springframework.web.reactive.result.method.annotation.RequestMappingMessageConversionIntegrationTests" time="0.392"/>
  <testcase name="resource(HttpServer)[4]" classname="org.springframework.web.reactive.result.method.annotation.RequestMappingMessageConversionIntegrationTests" time="0.114"/>
  <testcase name="personCreateWithFluxXml(HttpServer)[1]" classname="org.springframework.web.reactive.result.method.annotation.RequestMappingMessageConversionIntegrationTests" time="0.107"/>
  <testcase name="personCreateWithFluxXml(HttpServer)[2]" classname="org.springframework.web.reactive.result.method.annotation.RequestMappingMessageConversionIntegrationTests" time="0.096"/>
  <testcase name="personCreateWithFluxXml(HttpServer)[3]" classname="org.springframework.web.reactive.result.method.annotation.RequestMappingMessageConversionIntegrationTests" time="0.387"/>
  <testcase name="personCreateWithFluxXml(HttpServer)[4]" classname="org.springframework.web.reactive.result.method.annotation.RequestMappingMessageConversionIntegrationTests" time="0.101"/>
  <testcase name="personResponseBodyWithMonoResponseEntity(HttpServer)[1]" classname="org.springframework.web.reactive.result.method.annotation.RequestMappingMessageConversionIntegrationTests" time="0.086"/>
  <testcase name="personResponseBodyWithMonoResponseEntity(HttpServer)[2]" classname="org.springframework.web.reactive.result.method.annotation.RequestMappingMessageConversionIntegrationTests" time="0.07"/>
  <testcase name="personResponseBodyWithMonoResponseEntity(HttpServer)[3]" classname="org.springframework.web.reactive.result.method.annotation.RequestMappingMessageConversionIntegrationTests" time="0.287"/>
  <testcase name="personResponseBodyWithMonoResponseEntity(HttpServer)[4]" classname="org.springframework.web.reactive.result.method.annotation.RequestMappingMessageConversionIntegrationTests" time="0.115"/>
  <testcase name="byteBufferResponseBodyWithRxJava2Observable(HttpServer)[1]" classname="org.springframework.web.reactive.result.method.annotation.RequestMappingMessageConversionIntegrationTests" time="0.145"/>
  <testcase name="byteBufferResponseBodyWithRxJava2Observable(HttpServer)[2]" classname="org.springframework.web.reactive.result.method.annotation.RequestMappingMessageConversionIntegrationTests" time="0.134"/>
  <testcase name="byteBufferResponseBodyWithRxJava2Observable(HttpServer)[3]" classname="org.springframework.web.reactive.result.method.annotation.RequestMappingMessageConversionIntegrationTests" time="0.481"/>
  <testcase name="byteBufferResponseBodyWithRxJava2Observable(HttpServer)[4]" classname="org.springframework.web.reactive.result.method.annotation.RequestMappingMessageConversionIntegrationTests" time="0.127"/>
  <testcase name="personCreateWithSingle(HttpServer)[1]" classname="org.springframework.web.reactive.result.method.annotation.RequestMappingMessageConversionIntegrationTests" time="0.139"/>
  <testcase name="personCreateWithSingle(HttpServer)[2]" classname="org.springframework.web.reactive.result.method.annotation.RequestMappingMessageConversionIntegrationTests" time="0.117"/>
  <testcase name="personCreateWithSingle(HttpServer)[3]" classname="org.springframework.web.reactive.result.method.annotation.RequestMappingMessageConversionIntegrationTests" time="0.54"/>
  <testcase name="personCreateWithSingle(HttpServer)[4]" classname="org.springframework.web.reactive.result.method.annotation.RequestMappingMessageConversionIntegrationTests" time="0.099"/>
  <testcase name="byteBufferResponseBodyWithObservable(HttpServer)[1]" classname="org.springframework.web.reactive.result.method.annotation.RequestMappingMessageConversionIntegrationTests" time="0.113"/>
  <testcase name="byteBufferResponseBodyWithObservable(HttpServer)[2]" classname="org.springframework.web.reactive.result.method.annotation.RequestMappingMessageConversionIntegrationTests" time="0.08"/>
  <testcase name="byteBufferResponseBodyWithObservable(HttpServer)[3]" classname="org.springframework.web.reactive.result.method.annotation.RequestMappingMessageConversionIntegrationTests" time="0.355"/>
  <testcase name="byteBufferResponseBodyWithObservable(HttpServer)[4]" classname="org.springframework.web.reactive.result.method.annotation.RequestMappingMessageConversionIntegrationTests" time="0.118"/>
  <testcase name="personResponseBodyWithFlux(HttpServer)[1]" classname="org.springframework.web.reactive.result.method.annotation.RequestMappingMessageConversionIntegrationTests" time="0.101"/>
  <testcase name="personResponseBodyWithFlux(HttpServer)[2]" classname="org.springframework.web.reactive.result.method.annotation.RequestMappingMessageConversionIntegrationTests" time="0.086"/>
  <testcase name="personResponseBodyWithFlux(HttpServer)[3]" classname="org.springframework.web.reactive.result.method.annotation.RequestMappingMessageConversionIntegrationTests" time="0.444"/>
  <testcase name="personResponseBodyWithFlux(HttpServer)[4]" classname="org.springframework.web.reactive.result.method.annotation.RequestMappingMessageConversionIntegrationTests" time="0.11"/>
  <testcase name="personResponseBodyWithList(HttpServer)[1]" classname="org.springframework.web.reactive.result.method.annotation.RequestMappingMessageConversionIntegrationTests" time="0.118"/>
  <testcase name="personResponseBodyWithList(HttpServer)[2]" classname="org.springframework.web.reactive.result.method.annotation.RequestMappingMessageConversionIntegrationTests" time="0.092"/>
  <testcase name="personResponseBodyWithList(HttpServer)[3]" classname="org.springframework.web.reactive.result.method.annotation.RequestMappingMessageConversionIntegrationTests" time="0.493"/>
  <testcase name="personResponseBodyWithList(HttpServer)[4]" classname="org.springframework.web.reactive.result.method.annotation.RequestMappingMessageConversionIntegrationTests" time="0.139"/>
  <testcase name="personResponseBodyWithMono(HttpServer)[1]" classname="org.springframework.web.reactive.result.method.annotation.RequestMappingMessageConversionIntegrationTests" time="0.098"/>
  <testcase name="personResponseBodyWithMono(HttpServer)[2]" classname="org.springframework.web.reactive.result.method.annotation.RequestMappingMessageConversionIntegrationTests" time="0.198"/>
  <testcase name="personResponseBodyWithMono(HttpServer)[3]" classname="org.springframework.web.reactive.result.method.annotation.RequestMappingMessageConversionIntegrationTests" time="0.696"/>
  <testcase name="personResponseBodyWithMono(HttpServer)[4]" classname="org.springframework.web.reactive.result.method.annotation.RequestMappingMessageConversionIntegrationTests" time="0.122"/>
  <testcase name="personTransformWithObservable(HttpServer)[1]" classname="org.springframework.web.reactive.result.method.annotation.RequestMappingMessageConversionIntegrationTests" time="0.14"/>
  <testcase name="personTransformWithObservable(HttpServer)[2]" classname="org.springframework.web.reactive.result.method.annotation.RequestMappingMessageConversionIntegrationTests" time="0.105"/>
  <testcase name="personTransformWithObservable(HttpServer)[3]" classname="org.springframework.web.reactive.result.method.annotation.RequestMappingMessageConversionIntegrationTests" time="0.454"/>
  <testcase name="personTransformWithObservable(HttpServer)[4]" classname="org.springframework.web.reactive.result.method.annotation.RequestMappingMessageConversionIntegrationTests" time="0.131"/>
  <testcase name="personCreateWithPublisherJson(HttpServer)[1]" classname="org.springframework.web.reactive.result.method.annotation.RequestMappingMessageConversionIntegrationTests" time="0.109"/>
  <testcase name="personCreateWithPublisherJson(HttpServer)[2]" classname="org.springframework.web.reactive.result.method.annotation.RequestMappingMessageConversionIntegrationTests" time="0.133"/>
  <testcase name="personCreateWithPublisherJson(HttpServer)[3]" classname="org.springframework.web.reactive.result.method.annotation.RequestMappingMessageConversionIntegrationTests" time="0.496"/>
  <testcase name="personCreateWithPublisherJson(HttpServer)[4]" classname="org.springframework.web.reactive.result.method.annotation.RequestMappingMessageConversionIntegrationTests" time="0.125"/>
  <testcase name="personResponseBodyWithEmptyMono(HttpServer)[1]" classname="org.springframework.web.reactive.result.method.annotation.RequestMappingMessageConversionIntegrationTests" time="0.223"/>
  <testcase name="personResponseBodyWithEmptyMono(HttpServer)[2]" classname="org.springframework.web.reactive.result.method.annotation.RequestMappingMessageConversionIntegrationTests" time="0.117"/>
  <testcase name="personResponseBodyWithEmptyMono(HttpServer)[3]" classname="org.springframework.web.reactive.result.method.annotation.RequestMappingMessageConversionIntegrationTests" time="0.492"/>
  <testcase name="personResponseBodyWithEmptyMono(HttpServer)[4]" classname="org.springframework.web.reactive.result.method.annotation.RequestMappingMessageConversionIntegrationTests" time="0.276"/>
  <testcase name="personResponseBodyWithSingle(HttpServer)[1]" classname="org.springframework.web.reactive.result.method.annotation.RequestMappingMessageConversionIntegrationTests" time="0.123"/>
  <testcase name="personResponseBodyWithSingle(HttpServer)[2]" classname="org.springframework.web.reactive.result.method.annotation.RequestMappingMessageConversionIntegrationTests" time="0.106"/>
  <testcase name="personResponseBodyWithSingle(HttpServer)[3]" classname="org.springframework.web.reactive.result.method.annotation.RequestMappingMessageConversionIntegrationTests" time="0.597"/>
  <testcase name="personResponseBodyWithSingle(HttpServer)[4]" classname="org.springframework.web.reactive.result.method.annotation.RequestMappingMessageConversionIntegrationTests" time="0.12"/>
  <testcase name="personCreateViaDefaultMethodWithGenerics(HttpServer)[1]" classname="org.springframework.web.reactive.result.method.annotation.RequestMappingMessageConversionIntegrationTests" time="0.411"/>
  <testcase name="personCreateViaDefaultMethodWithGenerics(HttpServer)[2]" classname="org.springframework.web.reactive.result.method.annotation.RequestMappingMessageConversionIntegrationTests" time="0.178"/>
  <testcase name="personCreateViaDefaultMethodWithGenerics(HttpServer)[3]" classname="org.springframework.web.reactive.result.method.annotation.RequestMappingMessageConversionIntegrationTests" time="0.689"/>
  <testcase name="personCreateViaDefaultMethodWithGenerics(HttpServer)[4]" classname="org.springframework.web.reactive.result.method.annotation.RequestMappingMessageConversionIntegrationTests" time="0.265"/>
  <testcase name="personCreateWithFlowableJson(HttpServer)[1]" classname="org.springframework.web.reactive.result.method.annotation.RequestMappingMessageConversionIntegrationTests" time="0.255"/>
  <testcase name="personCreateWithFlowableJson(HttpServer)[2]" classname="org.springframework.web.reactive.result.method.annotation.RequestMappingMessageConversionIntegrationTests" time="0.141"/>
  <testcase name="personCreateWithFlowableJson(HttpServer)[3]" classname="org.springframework.web.reactive.result.method.annotation.RequestMappingMessageConversionIntegrationTests" time="0.539"/>
  <testcase name="personCreateWithFlowableJson(HttpServer)[4]" classname="org.springframework.web.reactive.result.method.annotation.RequestMappingMessageConversionIntegrationTests" time="0.213"/>
  <testcase name="personCreateWithRxJava2ObservableXml(HttpServer)[1]" classname="org.springframework.web.reactive.result.method.annotation.RequestMappingMessageConversionIntegrationTests" time="0.155"/>
  <testcase name="personCreateWithRxJava2ObservableXml(HttpServer)[2]" classname="org.springframework.web.reactive.result.method.annotation.RequestMappingMessageConversionIntegrationTests" time="0.128"/>
  <testcase name="personCreateWithRxJava2ObservableXml(HttpServer)[3]" classname="org.springframework.web.reactive.result.method.annotation.RequestMappingMessageConversionIntegrationTests" time="0.483"/>
  <testcase name="personCreateWithRxJava2ObservableXml(HttpServer)[4]" classname="org.springframework.web.reactive.result.method.annotation.RequestMappingMessageConversionIntegrationTests" time="0.302"/>
  <testcase name="personTransformWithRxJava2Maybe(HttpServer)[1]" classname="org.springframework.web.reactive.result.method.annotation.RequestMappingMessageConversionIntegrationTests" time="0.187"/>
  <testcase name="personTransformWithRxJava2Maybe(HttpServer)[2]" classname="org.springframework.web.reactive.result.method.annotation.RequestMappingMessageConversionIntegrationTests" time="0.259"/>
  <testcase name="personTransformWithRxJava2Maybe(HttpServer)[3]" classname="org.springframework.web.reactive.result.method.annotation.RequestMappingMessageConversionIntegrationTests" time="0.551"/>
  <testcase name="personTransformWithRxJava2Maybe(HttpServer)[4]" classname="org.springframework.web.reactive.result.method.annotation.RequestMappingMessageConversionIntegrationTests" time="0.108"/>
  <testcase name="byteBufferResponseBodyWithFlowable(HttpServer)[1]" classname="org.springframework.web.reactive.result.method.annotation.RequestMappingMessageConversionIntegrationTests" time="0.119"/>
  <testcase name="byteBufferResponseBodyWithFlowable(HttpServer)[2]" classname="org.springframework.web.reactive.result.method.annotation.RequestMappingMessageConversionIntegrationTests" time="0.235"/>
  <testcase name="byteBufferResponseBodyWithFlowable(HttpServer)[3]" classname="org.springframework.web.reactive.result.method.annotation.RequestMappingMessageConversionIntegrationTests" time="0.54"/>
  <testcase name="byteBufferResponseBodyWithFlowable(HttpServer)[4]" classname="org.springframework.web.reactive.result.method.annotation.RequestMappingMessageConversionIntegrationTests" time="0.257"/>
  <testcase name="personTransformWithFlux(HttpServer)[1]" classname="org.springframework.web.reactive.result.method.annotation.RequestMappingMessageConversionIntegrationTests" time="0.166"/>
  <testcase name="personTransformWithFlux(HttpServer)[2]" classname="org.springframework.web.reactive.result.method.annotation.RequestMappingMessageConversionIntegrationTests" time="0.322"/>
  <testcase name="personTransformWithFlux(HttpServer)[3]" classname="org.springframework.web.reactive.result.method.annotation.RequestMappingMessageConversionIntegrationTests" time="0.75"/>
  <testcase name="personTransformWithFlux(HttpServer)[4]" classname="org.springframework.web.reactive.result.method.annotation.RequestMappingMessageConversionIntegrationTests" time="0.249"/>
  <testcase name="personTransformWithMono(HttpServer)[1]" classname="org.springframework.web.reactive.result.method.annotation.RequestMappingMessageConversionIntegrationTests" time="0.299"/>
  <testcase name="personTransformWithMono(HttpServer)[2]" classname="org.springframework.web.reactive.result.method.annotation.RequestMappingMessageConversionIntegrationTests" time="0.217"/>
  <testcase name="personTransformWithMono(HttpServer)[3]" classname="org.springframework.web.reactive.result.method.annotation.RequestMappingMessageConversionIntegrationTests" time="1.14"/>
  <testcase name="personTransformWithMono(HttpServer)[4]" classname="org.springframework.web.reactive.result.method.annotation.RequestMappingMessageConversionIntegrationTests" time="0.276"/>
  <testcase name="personTransform(HttpServer)[1]" classname="org.springframework.web.reactive.result.method.annotation.RequestMappingMessageConversionIntegrationTests" time="0.187"/>
  <testcase name="personTransform(HttpServer)[2]" classname="org.springframework.web.reactive.result.method.annotation.RequestMappingMessageConversionIntegrationTests" time="0.13"/>
  <testcase name="personTransform(HttpServer)[3]" classname="org.springframework.web.reactive.result.method.annotation.RequestMappingMessageConversionIntegrationTests" time="0.834"/>
  <testcase name="personTransform(HttpServer)[4]" classname="org.springframework.web.reactive.result.method.annotation.RequestMappingMessageConversionIntegrationTests" time="0.283"/>
  <testcase name="personTransformWithMonoAndXml(HttpServer)[1]" classname="org.springframework.web.reactive.result.method.annotation.RequestMappingMessageConversionIntegrationTests" time="0.23"/>
  <testcase name="personTransformWithMonoAndXml(HttpServer)[2]" classname="org.springframework.web.reactive.result.method.annotation.RequestMappingMessageConversionIntegrationTests" time="0.113"/>
  <testcase name="personTransformWithMonoAndXml(HttpServer)[3]" classname="org.springframework.web.reactive.result.method.annotation.RequestMappingMessageConversionIntegrationTests" time="0.661"/>
  <testcase name="personTransformWithMonoAndXml(HttpServer)[4]" classname="org.springframework.web.reactive.result.method.annotation.RequestMappingMessageConversionIntegrationTests" time="0.242"/>
  <testcase name="personResponseBodyWithObservable(HttpServer)[1]" classname="org.springframework.web.reactive.result.method.annotation.RequestMappingMessageConversionIntegrationTests" time="0.174"/>
  <testcase name="personResponseBodyWithObservable(HttpServer)[2]" classname="org.springframework.web.reactive.result.method.annotation.RequestMappingMessageConversionIntegrationTests" time="0.261"/>
  <testcase name="personResponseBodyWithObservable(HttpServer)[3]" classname="org.springframework.web.reactive.result.method.annotation.RequestMappingMessageConversionIntegrationTests" time="0.609"/>
  <testcase name="personResponseBodyWithObservable(HttpServer)[4]" classname="org.springframework.web.reactive.result.method.annotation.RequestMappingMessageConversionIntegrationTests" time="0.27"/>
  <testcase name="personTransformWithRxJava2Single(HttpServer)[1]" classname="org.springframework.web.reactive.result.method.annotation.RequestMappingMessageConversionIntegrationTests" time="0.189"/>
  <testcase name="personTransformWithRxJava2Single(HttpServer)[2]" classname="org.springframework.web.reactive.result.method.annotation.RequestMappingMessageConversionIntegrationTests" time="0.183"/>
  <testcase name="personTransformWithRxJava2Single(HttpServer)[3]" classname="org.springframework.web.reactive.result.method.annotation.RequestMappingMessageConversionIntegrationTests" time="0.573"/>
  <testcase name="personTransformWithRxJava2Single(HttpServer)[4]" classname="org.springframework.web.reactive.result.method.annotation.RequestMappingMessageConversionIntegrationTests" time="0.261"/>
  <testcase name="personTransformWithPublisher(HttpServer)[1]" classname="org.springframework.web.reactive.result.method.annotation.RequestMappingMessageConversionIntegrationTests" time="0.203"/>
  <testcase name="personTransformWithPublisher(HttpServer)[2]" classname="org.springframework.web.reactive.result.method.annotation.RequestMappingMessageConversionIntegrationTests" time="0.166"/>
  <testcase name="personTransformWithPublisher(HttpServer)[3]" classname="org.springframework.web.reactive.result.method.annotation.RequestMappingMessageConversionIntegrationTests" time="0.638"/>
  <testcase name="personTransformWithPublisher(HttpServer)[4]" classname="org.springframework.web.reactive.result.method.annotation.RequestMappingMessageConversionIntegrationTests" time="0.19"/>
  <testcase name="personCreateWithObservableJson(HttpServer)[1]" classname="org.springframework.web.reactive.result.method.annotation.RequestMappingMessageConversionIntegrationTests" time="0.133"/>
  <testcase name="personCreateWithObservableJson(HttpServer)[2]" classname="org.springframework.web.reactive.result.method.annotation.RequestMappingMessageConversionIntegrationTests" time="0.175"/>
  <testcase name="personCreateWithObservableJson(HttpServer)[3]" classname="org.springframework.web.reactive.result.method.annotation.RequestMappingMessageConversionIntegrationTests" time="0.6"/>
  <testcase name="personCreateWithObservableJson(HttpServer)[4]" classname="org.springframework.web.reactive.result.method.annotation.RequestMappingMessageConversionIntegrationTests" time="0.174"/>
  <testcase name="personCreateWithMono(HttpServer)[1]" classname="org.springframework.web.reactive.result.method.annotation.RequestMappingMessageConversionIntegrationTests" time="0.205"/>
  <testcase name="personCreateWithMono(HttpServer)[2]" classname="org.springframework.web.reactive.result.method.annotation.RequestMappingMessageConversionIntegrationTests" time="0.175"/>
  <testcase name="personCreateWithMono(HttpServer)[3]" classname="org.springframework.web.reactive.result.method.annotation.RequestMappingMessageConversionIntegrationTests" time="0.419"/>
  <testcase name="personCreateWithMono(HttpServer)[4]" classname="org.springframework.web.reactive.result.method.annotation.RequestMappingMessageConversionIntegrationTests" time="0.08"/>
  <testcase name="personResponseBody(HttpServer)[1]" classname="org.springframework.web.reactive.result.method.annotation.RequestMappingMessageConversionIntegrationTests" time="0.123"/>
  <testcase name="personResponseBody(HttpServer)[2]" classname="org.springframework.web.reactive.result.method.annotation.RequestMappingMessageConversionIntegrationTests" time="0.095"/>
  <testcase name="personResponseBody(HttpServer)[3]" classname="org.springframework.web.reactive.result.method.annotation.RequestMappingMessageConversionIntegrationTests" time="0.314"/>
  <testcase name="personResponseBody(HttpServer)[4]" classname="org.springframework.web.reactive.result.method.annotation.RequestMappingMessageConversionIntegrationTests" time="0.083"/>
  <testcase name="personCreateWithRxJava2Single(HttpServer)[1]" classname="org.springframework.web.reactive.result.method.annotation.RequestMappingMessageConversionIntegrationTests" time="0.069"/>
  <testcase name="personCreateWithRxJava2Single(HttpServer)[2]" classname="org.springframework.web.reactive.result.method.annotation.RequestMappingMessageConversionIntegrationTests" time="0.064"/>
  <testcase name="personCreateWithRxJava2Single(HttpServer)[3]" classname="org.springframework.web.reactive.result.method.annotation.RequestMappingMessageConversionIntegrationTests" time="0.3"/>
  <testcase name="personCreateWithRxJava2Single(HttpServer)[4]" classname="org.springframework.web.reactive.result.method.annotation.RequestMappingMessageConversionIntegrationTests" time="0.079"/>
  <system-out><![CDATA[12:32:16.398 [Test worker] DEBUG o.s.w.r.r.m.a.RequestMappingHandlerMapping - 39 mappings in 'requestMappingHandlerMapping'
12:32:16.435 [Test worker] DEBUG o.s.w.r.r.m.a.ControllerMethodResolver - ControllerAdvice beans: none
12:32:16.460 [Test worker] DEBUG o.s.w.s.a.HttpWebHandlerAdapter - enableLoggingRequestDetails='false': form data and headers will be masked to prevent unsafe logging of potentially sensitive data
12:32:16.460 [Test worker] WARN  o.e.j.s.h.ContextHandler - Empty contextPath
12:32:16.460 [Test worker] INFO  o.e.j.s.h.ContextHandler - Started o.e.j.s.ServletContextHandler@3973fca2{/,null,AVAILABLE}
12:32:16.461 [Test worker] DEBUG o.s.w.t.h.s.r.b.JettyHttpServer - Starting JettyHttpServer...
12:32:16.461 [Test worker] INFO  o.e.j.s.Server - jetty-9.4.31.v20200723; built: 2020-07-23T17:57:36.812Z; git: 450ba27947e13e66baa8cd1ce7e85a4461cacc1d; jvm 1.8.0_191-b12
12:32:16.474 [Test worker] INFO  o.e.j.s.AbstractConnector - Started ServerConnector@78513830{HTTP/1.1, (http/1.1)}{0.0.0.0:51081}
12:32:16.475 [Test worker] INFO  o.e.j.s.Server - Started @224165ms
12:32:16.475 [Test worker] DEBUG o.s.w.t.h.s.r.b.JettyHttpServer - Server started on port 51081(0 millis).
12:32:16.475 [Test worker] DEBUG o.s.w.c.RestTemplate - HTTP GET http://localhost:51081/person-response/mono-declared-as-object
12:32:16.476 [Test worker] DEBUG o.s.w.c.RestTemplate - Accept=[application/xml, text/xml, application/json, application/x-jackson-smile, application/*+xml, application/*+json]
12:32:16.481 [qtp1892765246-875] DEBUG o.s.w.s.a.HttpWebHandlerAdapter - [74e7b505] HTTP GET "/person-response/mono-declared-as-object"
12:32:16.482 [qtp1892765246-875] DEBUG o.s.w.r.r.m.a.RequestMappingHandlerMapping - [74e7b505] Mapped to org.springframework.web.reactive.result.method.annotation.RequestMappingMessageConversionIntegrationTests$PersonResponseBodyController#getMonoDeclaredAsObject()
12:32:16.482 [qtp1892765246-875] DEBUG o.s.w.r.r.m.a.ResponseBodyResultHandler - Using 'application/json' given [application/json] and supported [application/json, application/*+json, application/x-jackson-smile, application/*+x-jackson-smile, text/event-stream]
12:32:16.482 [qtp1892765246-875] DEBUG o.s.w.r.r.m.a.ResponseBodyResultHandler - [74e7b505] 0..1 [java.lang.Object]
12:32:16.483 [qtp1892765246-875] DEBUG o.s.h.c.j.Jackson2JsonEncoder - [74e7b505] Encoding [Person{name='Robert'}]
12:32:16.488 [Test worker] DEBUG o.s.w.c.RestTemplate - Response 200 OK
12:32:16.488 [qtp1892765246-875] DEBUG o.s.w.s.a.HttpWebHandlerAdapter - [74e7b505] Completed 200 OK
12:32:16.488 [Test worker] DEBUG o.s.w.c.RestTemplate - Reading to [org.springframework.web.reactive.result.method.annotation.RequestMappingMessageConversionIntegrationTests$Person]
12:32:16.488 [Test worker] DEBUG o.s.w.t.h.s.r.b.JettyHttpServer - Stopping JettyHttpServer...
12:32:16.488 [Test worker] INFO  o.e.j.s.h.ContextHandler - Stopped o.e.j.s.ServletContextHandler@3973fca2{/,null,UNAVAILABLE}
12:32:16.491 [Test worker] INFO  o.e.j.s.AbstractConnector - Stopped ServerConnector@78513830{HTTP/1.1, (http/1.1)}{0.0.0.0:0}
12:32:16.492 [Test worker] DEBUG o.s.w.t.h.s.r.b.JettyHttpServer - Server stopped (0 millis).
12:32:16.590 [Test worker] DEBUG o.s.w.r.r.m.a.RequestMappingHandlerMapping - 39 mappings in 'requestMappingHandlerMapping'
12:32:16.627 [Test worker] DEBUG o.s.w.r.r.m.a.ControllerMethodResolver - ControllerAdvice beans: none
12:32:16.659 [Test worker] DEBUG o.s.w.s.a.HttpWebHandlerAdapter - enableLoggingRequestDetails='false': form data and headers will be masked to prevent unsafe logging of potentially sensitive data
12:32:16.659 [Test worker] DEBUG o.s.w.t.h.s.r.b.ReactorHttpServer - Starting ReactorHttpServer...
12:32:16.661 [Test worker] DEBUG o.s.w.t.h.s.r.b.ReactorHttpServer - Server started on port 51087(0 millis).
12:32:16.661 [Test worker] DEBUG o.s.w.c.RestTemplate - HTTP GET http://localhost:51087/person-response/mono-declared-as-object
12:32:16.663 [Test worker] DEBUG o.s.w.c.RestTemplate - Accept=[application/xml, text/xml, application/json, application/x-jackson-smile, application/*+xml, application/*+json]
12:32:16.666 [reactor-http-nio-4] DEBUG o.s.w.s.a.HttpWebHandlerAdapter - [e508af07-32] HTTP GET "/person-response/mono-declared-as-object"
12:32:16.666 [reactor-http-nio-4] DEBUG o.s.w.r.r.m.a.RequestMappingHandlerMapping - [e508af07-32] Mapped to org.springframework.web.reactive.result.method.annotation.RequestMappingMessageConversionIntegrationTests$PersonResponseBodyController#getMonoDeclaredAsObject()
12:32:16.667 [reactor-http-nio-4] DEBUG o.s.w.r.r.m.a.ResponseBodyResultHandler - Using 'application/json' given [application/json] and supported [application/json, application/*+json, application/x-jackson-smile, application/*+x-jackson-smile, text/event-stream]
12:32:16.667 [reactor-http-nio-4] DEBUG o.s.w.r.r.m.a.ResponseBodyResultHandler - [e508af07-32] 0..1 [java.lang.Object]
12:32:16.667 [reactor-http-nio-4] DEBUG o.s.h.c.j.Jackson2JsonEncoder - [e508af07-32] Encoding [Person{name='Robert'}]
12:32:16.669 [Test worker] DEBUG o.s.w.c.RestTemplate - Response 200 OK
12:32:16.670 [reactor-http-nio-4] DEBUG o.s.w.s.a.HttpWebHandlerAdapter - [e508af07-32] Completed 200 OK
12:32:16.670 [Test worker] DEBUG o.s.w.c.RestTemplate - Reading to [org.springframework.web.reactive.result.method.annotation.RequestMappingMessageConversionIntegrationTests$Person]
12:32:16.670 [Test worker] DEBUG o.s.w.t.h.s.r.b.ReactorHttpServer - Stopping ReactorHttpServer...
12:32:16.671 [Test worker] DEBUG o.s.w.t.h.s.r.b.ReactorHttpServer - Server stopped (0 millis).
12:32:16.753 [Test worker] DEBUG o.s.w.r.r.m.a.RequestMappingHandlerMapping - 39 mappings in 'requestMappingHandlerMapping'
12:32:16.784 [Test worker] DEBUG o.s.w.r.r.m.a.ControllerMethodResolver - ControllerAdvice beans: none
12:32:16.813 [Test worker] DEBUG o.s.w.s.a.HttpWebHandlerAdapter - enableLoggingRequestDetails='false': form data and headers will be masked to prevent unsafe logging of potentially sensitive data
12:32:16.813 [Test worker] DEBUG o.s.w.t.h.s.r.b.TomcatHttpServer - Starting TomcatHttpServer...
12:32:16.828 [Test worker] DEBUG o.s.w.t.h.s.r.b.TomcatHttpServer - Server started on port 51091(0 millis).
12:32:16.828 [Test worker] DEBUG o.s.w.c.RestTemplate - HTTP GET http://localhost:51091/person-response/mono-declared-as-object
12:32:16.829 [Test worker] DEBUG o.s.w.c.RestTemplate - Accept=[application/xml, text/xml, application/json, application/x-jackson-smile, application/*+xml, application/*+json]
12:32:16.842 [http-nio-auto-30-exec-1] DEBUG o.s.w.s.a.HttpWebHandlerAdapter - [6d2bba89] HTTP GET "/person-response/mono-declared-as-object"
12:32:16.842 [http-nio-auto-30-exec-1] DEBUG o.s.w.r.r.m.a.RequestMappingHandlerMapping - [6d2bba89] Mapped to org.springframework.web.reactive.result.method.annotation.RequestMappingMessageConversionIntegrationTests$PersonResponseBodyController#getMonoDeclaredAsObject()
12:32:16.843 [http-nio-auto-30-exec-1] DEBUG o.s.w.r.r.m.a.ResponseBodyResultHandler - Using 'application/json' given [application/json] and supported [application/json, application/*+json, application/x-jackson-smile, application/*+x-jackson-smile, text/event-stream]
12:32:16.843 [http-nio-auto-30-exec-1] DEBUG o.s.w.r.r.m.a.ResponseBodyResultHandler - [6d2bba89] 0..1 [java.lang.Object]
12:32:16.844 [http-nio-auto-30-exec-1] DEBUG o.s.h.c.j.Jackson2JsonEncoder - [6d2bba89] Encoding [Person{name='Robert'}]
12:32:16.846 [Test worker] DEBUG o.s.w.c.RestTemplate - Response 200 OK
12:32:16.846 [http-nio-auto-30-exec-1] DEBUG o.s.w.s.a.HttpWebHandlerAdapter - [6d2bba89] Completed 200 OK
12:32:16.846 [Test worker] DEBUG o.s.w.c.RestTemplate - Reading to [org.springframework.web.reactive.result.method.annotation.RequestMappingMessageConversionIntegrationTests$Person]
12:32:16.847 [Test worker] DEBUG o.s.w.t.h.s.r.b.TomcatHttpServer - Stopping TomcatHttpServer...
12:32:17.228 [Test worker] DEBUG o.s.w.t.h.s.r.b.TomcatHttpServer - Server stopped (0 millis).
12:32:17.350 [Test worker] DEBUG o.s.w.r.r.m.a.RequestMappingHandlerMapping - 39 mappings in 'requestMappingHandlerMapping'
12:32:17.379 [Test worker] DEBUG o.s.w.r.r.m.a.ControllerMethodResolver - ControllerAdvice beans: none
12:32:17.412 [Test worker] DEBUG o.s.w.s.a.HttpWebHandlerAdapter - enableLoggingRequestDetails='false': form data and headers will be masked to prevent unsafe logging of potentially sensitive data
12:32:17.413 [Test worker] DEBUG o.s.w.t.h.s.r.b.UndertowHttpServer - Starting UndertowHttpServer...
12:32:17.413 [Test worker] INFO  i.undertow - starting server: Undertow - 2.0.32.Final
12:32:17.427 [Test worker] DEBUG o.s.w.t.h.s.r.b.UndertowHttpServer - Server started on port 51114(0 millis).
12:32:17.427 [Test worker] DEBUG o.s.w.c.RestTemplate - HTTP GET http://localhost:51114/person-response/mono-declared-as-object
12:32:17.429 [Test worker] DEBUG o.s.w.c.RestTemplate - Accept=[application/xml, text/xml, application/json, application/x-jackson-smile, application/*+xml, application/*+json]
12:32:17.434 [XNIO-30 I/O-2] DEBUG o.s.w.s.a.HttpWebHandlerAdapter - [73be16c0] HTTP GET "/person-response/mono-declared-as-object"
12:32:17.434 [XNIO-30 I/O-2] DEBUG o.s.w.r.r.m.a.RequestMappingHandlerMapping - [73be16c0] Mapped to org.springframework.web.reactive.result.method.annotation.RequestMappingMessageConversionIntegrationTests$PersonResponseBodyController#getMonoDeclaredAsObject()
12:32:17.435 [XNIO-30 I/O-2] DEBUG o.s.w.r.r.m.a.ResponseBodyResultHandler - Using 'application/json' given [application/json] and supported [application/json, application/*+json, application/x-jackson-smile, application/*+x-jackson-smile, text/event-stream]
12:32:17.435 [XNIO-30 I/O-2] DEBUG o.s.w.r.r.m.a.ResponseBodyResultHandler - [73be16c0] 0..1 [java.lang.Object]
12:32:17.435 [XNIO-30 I/O-2] DEBUG o.s.h.c.j.Jackson2JsonEncoder - [73be16c0] Encoding [Person{name='Robert'}]
12:32:17.437 [Test worker] DEBUG o.s.w.c.RestTemplate - Response 200 OK
12:32:17.437 [XNIO-30 I/O-2] DEBUG o.s.w.s.a.HttpWebHandlerAdapter - [73be16c0] Completed 200 OK
12:32:17.437 [Test worker] DEBUG o.s.w.c.RestTemplate - Reading to [org.springframework.web.reactive.result.method.annotation.RequestMappingMessageConversionIntegrationTests$Person]
12:32:17.438 [Test worker] DEBUG o.s.w.t.h.s.r.b.UndertowHttpServer - Stopping UndertowHttpServer...
12:32:17.438 [Test worker] INFO  i.undertow - stopping server: Undertow - 2.0.32.Final
12:32:17.440 [Test worker] DEBUG o.s.w.t.h.s.r.b.UndertowHttpServer - Server stopped (0 millis).
12:32:17.536 [Test worker] DEBUG o.s.w.r.r.m.a.RequestMappingHandlerMapping - 39 mappings in 'requestMappingHandlerMapping'
12:32:17.582 [Test worker] DEBUG o.s.w.r.r.m.a.ControllerMethodResolver - ControllerAdvice beans: none
12:32:17.629 [Test worker] DEBUG o.s.w.s.a.HttpWebHandlerAdapter - enableLoggingRequestDetails='false': form data and headers will be masked to prevent unsafe logging of potentially sensitive data
12:32:17.629 [Test worker] WARN  o.e.j.s.h.ContextHandler - Empty contextPath
12:32:17.630 [Test worker] INFO  o.e.j.s.h.ContextHandler - Started o.e.j.s.ServletContextHandler@36a32839{/,null,AVAILABLE}
12:32:17.631 [Test worker] DEBUG o.s.w.t.h.s.r.b.JettyHttpServer - Starting JettyHttpServer...
12:32:17.631 [Test worker] INFO  o.e.j.s.Server - jetty-9.4.31.v20200723; built: 2020-07-23T17:57:36.812Z; git: 450ba27947e13e66baa8cd1ce7e85a4461cacc1d; jvm 1.8.0_191-b12
12:32:17.670 [Test worker] INFO  o.e.j.s.AbstractConnector - Started ServerConnector@7c9ea88b{HTTP/1.1, (http/1.1)}{0.0.0.0:51117}
12:32:17.670 [Test worker] INFO  o.e.j.s.Server - Started @225361ms
12:32:17.670 [Test worker] DEBUG o.s.w.t.h.s.r.b.JettyHttpServer - Server started on port 51117(0 millis).
12:32:17.670 [Test worker] DEBUG o.s.w.c.RestTemplate - HTTP GET http://localhost:51117/raw-response/publisher
12:32:17.671 [Test worker] DEBUG o.s.w.c.RestTemplate - Accept=[application/xml, text/xml, application/json, application/x-jackson-smile, application/*+xml, application/*+json]
12:32:17.674 [qtp1092303821-904] DEBUG o.s.w.s.a.HttpWebHandlerAdapter - [33b2323e] HTTP GET "/raw-response/publisher"
12:32:17.675 [qtp1092303821-904] DEBUG o.s.w.r.r.m.a.RequestMappingHandlerMapping - [33b2323e] Mapped to org.springframework.web.reactive.result.method.annotation.RequestMappingMessageConversionIntegrationTests$RawResponseBodyController#getPublisher()
12:32:17.686 [qtp1092303821-904] DEBUG o.s.w.r.r.m.a.ResponseBodyResultHandler - Using 'application/json' given [application/json] and supported [*/*, application/json, application/*+json, application/x-jackson-smile, application/*+x-jackson-smile, text/event-stream]
12:32:17.687 [qtp1092303821-904] DEBUG o.s.w.r.r.m.a.ResponseBodyResultHandler - [33b2323e] 0..N [java.nio.ByteBuffer]
12:32:17.688 [qtp1092303821-904] DEBUG o.s.h.c.j.Jackson2JsonEncoder - Encoding [Person{name='Robert'}]
12:32:17.689 [qtp1092303821-904] DEBUG o.s.c.c.ByteBufferEncoder - [33b2323e] Writing 17 bytes
12:32:17.690 [Test worker] DEBUG o.s.w.c.RestTemplate - Response 200 OK
12:32:17.690 [Test worker] DEBUG o.s.w.c.RestTemplate - Reading to [org.springframework.web.reactive.result.method.annotation.RequestMappingMessageConversionIntegrationTests$Person]
12:32:17.690 [qtp1092303821-904] DEBUG o.s.w.s.a.HttpWebHandlerAdapter - [33b2323e] Completed 200 OK
12:32:17.690 [Test worker] DEBUG o.s.w.t.h.s.r.b.JettyHttpServer - Stopping JettyHttpServer...
12:32:17.690 [Test worker] INFO  o.e.j.s.h.ContextHandler - Stopped o.e.j.s.ServletContextHandler@36a32839{/,null,UNAVAILABLE}
12:32:17.694 [Test worker] INFO  o.e.j.s.AbstractConnector - Stopped ServerConnector@7c9ea88b{HTTP/1.1, (http/1.1)}{0.0.0.0:0}
12:32:17.695 [Test worker] DEBUG o.s.w.t.h.s.r.b.JettyHttpServer - Server stopped (0 millis).
12:32:17.814 [Test worker] DEBUG o.s.w.r.r.m.a.RequestMappingHandlerMapping - 39 mappings in 'requestMappingHandlerMapping'
12:32:17.930 [Test worker] DEBUG o.s.w.r.r.m.a.ControllerMethodResolver - ControllerAdvice beans: none
12:32:17.970 [Test worker] DEBUG o.s.w.s.a.HttpWebHandlerAdapter - enableLoggingRequestDetails='false': form data and headers will be masked to prevent unsafe logging of potentially sensitive data
12:32:17.970 [Test worker] DEBUG o.s.w.t.h.s.r.b.ReactorHttpServer - Starting ReactorHttpServer...
12:32:17.973 [Test worker] DEBUG o.s.w.t.h.s.r.b.ReactorHttpServer - Server started on port 51135(0 millis).
12:32:17.973 [Test worker] DEBUG o.s.w.c.RestTemplate - HTTP GET http://localhost:51135/raw-response/publisher
12:32:17.974 [Test worker] DEBUG o.s.w.c.RestTemplate - Accept=[application/xml, text/xml, application/json, application/x-jackson-smile, application/*+xml, application/*+json]
12:32:17.977 [reactor-http-nio-2] DEBUG o.s.w.s.a.HttpWebHandlerAdapter - [5b63df76-33] HTTP GET "/raw-response/publisher"
12:32:17.977 [reactor-http-nio-2] DEBUG o.s.w.r.r.m.a.RequestMappingHandlerMapping - [5b63df76-33] Mapped to org.springframework.web.reactive.result.method.annotation.RequestMappingMessageConversionIntegrationTests$RawResponseBodyController#getPublisher()
12:32:17.993 [reactor-http-nio-2] DEBUG o.s.w.r.r.m.a.ResponseBodyResultHandler - Using 'application/json' given [application/json] and supported [*/*, application/json, application/*+json, application/x-jackson-smile, application/*+x-jackson-smile, text/event-stream]
12:32:17.993 [reactor-http-nio-2] DEBUG o.s.w.r.r.m.a.ResponseBodyResultHandler - [5b63df76-33] 0..N [java.nio.ByteBuffer]
12:32:17.993 [reactor-http-nio-2] DEBUG o.s.h.c.j.Jackson2JsonEncoder - Encoding [Person{name='Robert'}]
12:32:17.994 [reactor-http-nio-2] DEBUG o.s.c.c.ByteBufferEncoder - [5b63df76-33] Writing 17 bytes
12:32:17.995 [Test worker] DEBUG o.s.w.c.RestTemplate - Response 200 OK
12:32:17.996 [reactor-http-nio-2] DEBUG o.s.w.s.a.HttpWebHandlerAdapter - [5b63df76-33] Completed 200 OK
12:32:17.996 [Test worker] DEBUG o.s.w.c.RestTemplate - Reading to [org.springframework.web.reactive.result.method.annotation.RequestMappingMessageConversionIntegrationTests$Person]
12:32:17.997 [Test worker] DEBUG o.s.w.t.h.s.r.b.ReactorHttpServer - Stopping ReactorHttpServer...
12:32:17.997 [Test worker] DEBUG o.s.w.t.h.s.r.b.ReactorHttpServer - Server stopped (0 millis).
12:32:18.128 [Test worker] DEBUG o.s.w.r.r.m.a.RequestMappingHandlerMapping - 39 mappings in 'requestMappingHandlerMapping'
12:32:18.297 [Test worker] DEBUG o.s.w.r.r.m.a.ControllerMethodResolver - ControllerAdvice beans: none
12:32:18.416 [Test worker] DEBUG o.s.w.s.a.HttpWebHandlerAdapter - enableLoggingRequestDetails='false': form data and headers will be masked to prevent unsafe logging of potentially sensitive data
12:32:18.417 [Test worker] DEBUG o.s.w.t.h.s.r.b.TomcatHttpServer - Starting TomcatHttpServer...
12:32:18.432 [Test worker] DEBUG o.s.w.t.h.s.r.b.TomcatHttpServer - Server started on port 51137(0 millis).
12:32:18.432 [Test worker] DEBUG o.s.w.c.RestTemplate - HTTP GET http://localhost:51137/raw-response/publisher
12:32:18.437 [Test worker] DEBUG o.s.w.c.RestTemplate - Accept=[application/xml, text/xml, application/json, application/x-jackson-smile, application/*+xml, application/*+json]
12:32:18.472 [http-nio-auto-31-exec-1] DEBUG o.s.w.s.a.HttpWebHandlerAdapter - [7be8f674] HTTP GET "/raw-response/publisher"
12:32:18.472 [http-nio-auto-31-exec-1] DEBUG o.s.w.r.r.m.a.RequestMappingHandlerMapping - [7be8f674] Mapped to org.springframework.web.reactive.result.method.annotation.RequestMappingMessageConversionIntegrationTests$RawResponseBodyController#getPublisher()
12:32:18.478 [http-nio-auto-31-exec-1] DEBUG o.s.w.r.r.m.a.ResponseBodyResultHandler - Using 'application/json' given [application/json] and supported [*/*, application/json, application/*+json, application/x-jackson-smile, application/*+x-jackson-smile, text/event-stream]
12:32:18.478 [http-nio-auto-31-exec-1] DEBUG o.s.w.r.r.m.a.ResponseBodyResultHandler - [7be8f674] 0..N [java.nio.ByteBuffer]
12:32:18.478 [http-nio-auto-31-exec-1] DEBUG o.s.h.c.j.Jackson2JsonEncoder - Encoding [Person{name='Robert'}]
12:32:18.479 [http-nio-auto-31-exec-1] DEBUG o.s.c.c.ByteBufferEncoder - [7be8f674] Writing 17 bytes
12:32:18.480 [http-nio-auto-31-exec-1] DEBUG o.s.w.s.a.HttpWebHandlerAdapter - [7be8f674] Completed 200 OK
12:32:18.480 [Test worker] DEBUG o.s.w.c.RestTemplate - Response 200 OK
12:32:18.480 [Test worker] DEBUG o.s.w.c.RestTemplate - Reading to [org.springframework.web.reactive.result.method.annotation.RequestMappingMessageConversionIntegrationTests$Person]
12:32:18.686 [Test worker] DEBUG o.s.w.t.h.s.r.b.TomcatHttpServer - Stopping TomcatHttpServer...
12:32:19.195 [Test worker] DEBUG o.s.w.t.h.s.r.b.TomcatHttpServer - Server stopped (0 millis).
12:32:19.377 [Test worker] DEBUG o.s.w.r.r.m.a.RequestMappingHandlerMapping - 39 mappings in 'requestMappingHandlerMapping'
12:32:19.412 [Test worker] DEBUG o.s.w.r.r.m.a.ControllerMethodResolver - ControllerAdvice beans: none
12:32:19.455 [Test worker] DEBUG o.s.w.s.a.HttpWebHandlerAdapter - enableLoggingRequestDetails='false': form data and headers will be masked to prevent unsafe logging of potentially sensitive data
12:32:19.455 [Test worker] DEBUG o.s.w.t.h.s.r.b.UndertowHttpServer - Starting UndertowHttpServer...
12:32:19.455 [Test worker] INFO  i.undertow - starting server: Undertow - 2.0.32.Final
12:32:19.466 [Test worker] DEBUG o.s.w.t.h.s.r.b.UndertowHttpServer - Server started on port 51168(0 millis).
12:32:19.467 [Test worker] DEBUG o.s.w.c.RestTemplate - HTTP GET http://localhost:51168/raw-response/publisher
12:32:19.470 [Test worker] DEBUG o.s.w.c.RestTemplate - Accept=[application/xml, text/xml, application/json, application/x-jackson-smile, application/*+xml, application/*+json]
12:32:19.513 [XNIO-31 I/O-2] DEBUG o.s.w.s.a.HttpWebHandlerAdapter - [176d24a5] HTTP GET "/raw-response/publisher"
12:32:19.513 [XNIO-31 I/O-2] DEBUG o.s.w.r.r.m.a.RequestMappingHandlerMapping - [176d24a5] Mapped to org.springframework.web.reactive.result.method.annotation.RequestMappingMessageConversionIntegrationTests$RawResponseBodyController#getPublisher()
12:32:19.520 [XNIO-31 I/O-2] DEBUG o.s.w.r.r.m.a.ResponseBodyResultHandler - Using 'application/json' given [application/json] and supported [*/*, application/json, application/*+json, application/x-jackson-smile, application/*+x-jackson-smile, text/event-stream]
12:32:19.520 [XNIO-31 I/O-2] DEBUG o.s.w.r.r.m.a.ResponseBodyResultHandler - [176d24a5] 0..N [java.nio.ByteBuffer]
12:32:19.520 [XNIO-31 I/O-2] DEBUG o.s.h.c.j.Jackson2JsonEncoder - Encoding [Person{name='Robert'}]
12:32:19.521 [XNIO-31 I/O-2] DEBUG o.s.c.c.ByteBufferEncoder - [176d24a5] Writing 17 bytes
12:32:19.522 [XNIO-31 I/O-2] DEBUG o.s.w.s.a.HttpWebHandlerAdapter - [176d24a5] Completed 200 OK
12:32:19.522 [Test worker] DEBUG o.s.w.c.RestTemplate - Response 200 OK
12:32:19.522 [Test worker] DEBUG o.s.w.c.RestTemplate - Reading to [org.springframework.web.reactive.result.method.annotation.RequestMappingMessageConversionIntegrationTests$Person]
12:32:19.523 [Test worker] DEBUG o.s.w.t.h.s.r.b.UndertowHttpServer - Stopping UndertowHttpServer...
12:32:19.523 [Test worker] INFO  i.undertow - stopping server: Undertow - 2.0.32.Final
12:32:19.527 [Test worker] DEBUG o.s.w.t.h.s.r.b.UndertowHttpServer - Server stopped (0 millis).
12:32:19.638 [Test worker] DEBUG o.s.w.r.r.m.a.RequestMappingHandlerMapping - 39 mappings in 'requestMappingHandlerMapping'
12:32:19.669 [Test worker] DEBUG o.s.w.r.r.m.a.ControllerMethodResolver - ControllerAdvice beans: none
12:32:19.697 [Test worker] DEBUG o.s.w.s.a.HttpWebHandlerAdapter - enableLoggingRequestDetails='false': form data and headers will be masked to prevent unsafe logging of potentially sensitive data
12:32:19.698 [Test worker] WARN  o.e.j.s.h.ContextHandler - Empty contextPath
12:32:19.700 [Test worker] INFO  o.e.j.s.h.ContextHandler - Started o.e.j.s.ServletContextHandler@660fcb66{/,null,AVAILABLE}
12:32:19.701 [Test worker] DEBUG o.s.w.t.h.s.r.b.JettyHttpServer - Starting JettyHttpServer...
12:32:19.701 [Test worker] INFO  o.e.j.s.Server - jetty-9.4.31.v20200723; built: 2020-07-23T17:57:36.812Z; git: 450ba27947e13e66baa8cd1ce7e85a4461cacc1d; jvm 1.8.0_191-b12
12:32:19.709 [Test worker] INFO  o.e.j.s.AbstractConnector - Started ServerConnector@3a336540{HTTP/1.1, (http/1.1)}{0.0.0.0:51170}
12:32:19.709 [Test worker] INFO  o.e.j.s.Server - Started @227399ms
12:32:19.709 [Test worker] DEBUG o.s.w.t.h.s.r.b.JettyHttpServer - Server started on port 51170(0 millis).
12:32:19.709 [Test worker] DEBUG o.s.w.c.RestTemplate - HTTP GET http://localhost:51170/person-response/completable-future
12:32:19.710 [Test worker] DEBUG o.s.w.c.RestTemplate - Accept=[application/xml, text/xml, application/json, application/x-jackson-smile, application/*+xml, application/*+json]
12:32:19.713 [qtp1538858170-933] DEBUG o.s.w.s.a.HttpWebHandlerAdapter - [232954a9] HTTP GET "/person-response/completable-future"
12:32:19.713 [qtp1538858170-933] DEBUG o.s.w.r.r.m.a.RequestMappingHandlerMapping - [232954a9] Mapped to org.springframework.web.reactive.result.method.annotation.RequestMappingMessageConversionIntegrationTests$PersonResponseBodyController#getCompletableFuture()
12:32:19.715 [qtp1538858170-933] DEBUG o.s.w.r.r.m.a.ResponseBodyResultHandler - Using 'application/json' given [application/json] and supported [application/json, application/*+json, application/x-jackson-smile, application/*+x-jackson-smile, application/xml, text/xml, text/event-stream]
12:32:19.715 [qtp1538858170-933] DEBUG o.s.w.r.r.m.a.ResponseBodyResultHandler - [232954a9] 0..1 [org.springframework.web.reactive.result.method.annotation.RequestMappingMessageConversionIntegrationTests$Person]
12:32:19.717 [qtp1538858170-933] DEBUG o.s.h.c.j.Jackson2JsonEncoder - [232954a9] Encoding [Person{name='Robert'}]
12:32:19.717 [Test worker] DEBUG o.s.w.c.RestTemplate - Response 200 OK
12:32:19.717 [qtp1538858170-933] DEBUG o.s.w.s.a.HttpWebHandlerAdapter - [232954a9] Completed 200 OK
12:32:19.718 [Test worker] DEBUG o.s.w.c.RestTemplate - Reading to [org.springframework.web.reactive.result.method.annotation.RequestMappingMessageConversionIntegrationTests$Person]
12:32:19.718 [Test worker] DEBUG o.s.w.t.h.s.r.b.JettyHttpServer - Stopping JettyHttpServer...
12:32:19.718 [Test worker] INFO  o.e.j.s.h.ContextHandler - Stopped o.e.j.s.ServletContextHandler@660fcb66{/,null,UNAVAILABLE}
12:32:19.721 [Test worker] INFO  o.e.j.s.AbstractConnector - Stopped ServerConnector@3a336540{HTTP/1.1, (http/1.1)}{0.0.0.0:0}
12:32:19.722 [Test worker] DEBUG o.s.w.t.h.s.r.b.JettyHttpServer - Server stopped (0 millis).
12:32:19.828 [Test worker] DEBUG o.s.w.r.r.m.a.RequestMappingHandlerMapping - 39 mappings in 'requestMappingHandlerMapping'
12:32:19.898 [Test worker] DEBUG o.s.w.r.r.m.a.ControllerMethodResolver - ControllerAdvice beans: none
12:32:19.940 [Test worker] DEBUG o.s.w.s.a.HttpWebHandlerAdapter - enableLoggingRequestDetails='false': form data and headers will be masked to prevent unsafe logging of potentially sensitive data
12:32:19.940 [Test worker] DEBUG o.s.w.t.h.s.r.b.ReactorHttpServer - Starting ReactorHttpServer...
12:32:19.942 [Test worker] DEBUG o.s.w.t.h.s.r.b.ReactorHttpServer - Server started on port 51177(0 millis).
12:32:19.943 [Test worker] DEBUG o.s.w.c.RestTemplate - HTTP GET http://localhost:51177/person-response/completable-future
12:32:19.944 [Test worker] DEBUG o.s.w.c.RestTemplate - Accept=[application/xml, text/xml, application/json, application/x-jackson-smile, application/*+xml, application/*+json]
12:32:19.954 [reactor-http-nio-4] DEBUG o.s.w.s.a.HttpWebHandlerAdapter - [e0c67c66-34] HTTP GET "/person-response/completable-future"
12:32:19.954 [reactor-http-nio-4] DEBUG o.s.w.r.r.m.a.RequestMappingHandlerMapping - [e0c67c66-34] Mapped to org.springframework.web.reactive.result.method.annotation.RequestMappingMessageConversionIntegrationTests$PersonResponseBodyController#getCompletableFuture()
12:32:19.955 [reactor-http-nio-4] DEBUG o.s.w.r.r.m.a.ResponseBodyResultHandler - Using 'application/json' given [application/json] and supported [application/json, application/*+json, application/x-jackson-smile, application/*+x-jackson-smile, application/xml, text/xml, text/event-stream]
12:32:19.955 [reactor-http-nio-4] DEBUG o.s.w.r.r.m.a.ResponseBodyResultHandler - [e0c67c66-34] 0..1 [org.springframework.web.reactive.result.method.annotation.RequestMappingMessageConversionIntegrationTests$Person]
12:32:19.956 [reactor-http-nio-4] DEBUG o.s.h.c.j.Jackson2JsonEncoder - [e0c67c66-34] Encoding [Person{name='Robert'}]
12:32:19.957 [reactor-http-nio-4] DEBUG o.s.w.s.a.HttpWebHandlerAdapter - [e0c67c66-34] Completed 200 OK
12:32:19.959 [Test worker] DEBUG o.s.w.c.RestTemplate - Response 200 OK
12:32:19.959 [Test worker] DEBUG o.s.w.c.RestTemplate - Reading to [org.springframework.web.reactive.result.method.annotation.RequestMappingMessageConversionIntegrationTests$Person]
12:32:19.961 [Test worker] DEBUG o.s.w.t.h.s.r.b.ReactorHttpServer - Stopping ReactorHttpServer...
12:32:19.961 [Test worker] DEBUG o.s.w.t.h.s.r.b.ReactorHttpServer - Server stopped (0 millis).
12:32:20.136 [Test worker] DEBUG o.s.w.r.r.m.a.RequestMappingHandlerMapping - 39 mappings in 'requestMappingHandlerMapping'
12:32:20.162 [Test worker] DEBUG o.s.w.r.r.m.a.ControllerMethodResolver - ControllerAdvice beans: none
12:32:20.190 [Test worker] DEBUG o.s.w.s.a.HttpWebHandlerAdapter - enableLoggingRequestDetails='false': form data and headers will be masked to prevent unsafe logging of potentially sensitive data
12:32:20.191 [Test worker] DEBUG o.s.w.t.h.s.r.b.TomcatHttpServer - Starting TomcatHttpServer...
12:32:20.299 [Test worker] DEBUG o.s.w.t.h.s.r.b.TomcatHttpServer - Server started on port 51191(0 millis).
12:32:20.299 [Test worker] DEBUG o.s.w.c.RestTemplate - HTTP GET http://localhost:51191/person-response/completable-future
12:32:20.300 [Test worker] DEBUG o.s.w.c.RestTemplate - Accept=[application/xml, text/xml, application/json, application/x-jackson-smile, application/*+xml, application/*+json]
12:32:20.602 [http-nio-auto-32-exec-1] DEBUG o.s.w.s.a.HttpWebHandlerAdapter - [7200edc1] HTTP GET "/person-response/completable-future"
12:32:20.603 [http-nio-auto-32-exec-1] DEBUG o.s.w.r.r.m.a.RequestMappingHandlerMapping - [7200edc1] Mapped to org.springframework.web.reactive.result.method.annotation.RequestMappingMessageConversionIntegrationTests$PersonResponseBodyController#getCompletableFuture()
12:32:20.605 [http-nio-auto-32-exec-1] DEBUG o.s.w.r.r.m.a.ResponseBodyResultHandler - Using 'application/json' given [application/json] and supported [application/json, application/*+json, application/x-jackson-smile, application/*+x-jackson-smile, application/xml, text/xml, text/event-stream]
12:32:20.605 [http-nio-auto-32-exec-1] DEBUG o.s.w.r.r.m.a.ResponseBodyResultHandler - [7200edc1] 0..1 [org.springframework.web.reactive.result.method.annotation.RequestMappingMessageConversionIntegrationTests$Person]
12:32:20.605 [http-nio-auto-32-exec-1] DEBUG o.s.h.c.j.Jackson2JsonEncoder - [7200edc1] Encoding [Person{name='Robert'}]
12:32:20.606 [Test worker] DEBUG o.s.w.c.RestTemplate - Response 200 OK
12:32:20.606 [Test worker] DEBUG o.s.w.c.RestTemplate - Reading to [org.springframework.web.reactive.result.method.annotation.RequestMappingMessageConversionIntegrationTests$Person]
12:32:20.607 [Test worker] DEBUG o.s.w.t.h.s.r.b.TomcatHttpServer - Stopping TomcatHttpServer...
12:32:20.610 [http-nio-auto-32-exec-1] DEBUG o.s.w.s.a.HttpWebHandlerAdapter - [7200edc1] Completed 200 OK
12:32:21.537 [Test worker] DEBUG o.s.w.t.h.s.r.b.TomcatHttpServer - Server stopped (0 millis).
12:32:21.643 [Test worker] DEBUG o.s.w.r.r.m.a.RequestMappingHandlerMapping - 39 mappings in 'requestMappingHandlerMapping'
12:32:21.666 [Test worker] DEBUG o.s.w.r.r.m.a.ControllerMethodResolver - ControllerAdvice beans: none
12:32:21.693 [Test worker] DEBUG o.s.w.s.a.HttpWebHandlerAdapter - enableLoggingRequestDetails='false': form data and headers will be masked to prevent unsafe logging of potentially sensitive data
12:32:21.693 [Test worker] DEBUG o.s.w.t.h.s.r.b.UndertowHttpServer - Starting UndertowHttpServer...
12:32:21.693 [Test worker] INFO  i.undertow - starting server: Undertow - 2.0.32.Final
12:32:21.702 [Test worker] DEBUG o.s.w.t.h.s.r.b.UndertowHttpServer - Server started on port 51225(0 millis).
12:32:21.704 [Test worker] DEBUG o.s.w.c.RestTemplate - HTTP GET http://localhost:51225/person-response/completable-future
12:32:21.710 [Test worker] DEBUG o.s.w.c.RestTemplate - Accept=[application/xml, text/xml, application/json, application/x-jackson-smile, application/*+xml, application/*+json]
12:32:21.723 [XNIO-32 I/O-2] DEBUG o.s.w.s.a.HttpWebHandlerAdapter - [54becc3f] HTTP GET "/person-response/completable-future"
12:32:21.723 [XNIO-32 I/O-2] DEBUG o.s.w.r.r.m.a.RequestMappingHandlerMapping - [54becc3f] Mapped to org.springframework.web.reactive.result.method.annotation.RequestMappingMessageConversionIntegrationTests$PersonResponseBodyController#getCompletableFuture()
12:32:21.724 [XNIO-32 I/O-2] DEBUG o.s.w.r.r.m.a.ResponseBodyResultHandler - Using 'application/json' given [application/json] and supported [application/json, application/*+json, application/x-jackson-smile, application/*+x-jackson-smile, application/xml, text/xml, text/event-stream]
12:32:21.724 [XNIO-32 I/O-2] DEBUG o.s.w.r.r.m.a.ResponseBodyResultHandler - [54becc3f] 0..1 [org.springframework.web.reactive.result.method.annotation.RequestMappingMessageConversionIntegrationTests$Person]
12:32:21.725 [XNIO-32 I/O-2] DEBUG o.s.h.c.j.Jackson2JsonEncoder - [54becc3f] Encoding [Person{name='Robert'}]
12:32:21.725 [XNIO-32 I/O-2] DEBUG o.s.w.s.a.HttpWebHandlerAdapter - [54becc3f] Completed 200 OK
12:32:21.725 [Test worker] DEBUG o.s.w.c.RestTemplate - Response 200 OK
12:32:21.725 [Test worker] DEBUG o.s.w.c.RestTemplate - Reading to [org.springframework.web.reactive.result.method.annotation.RequestMappingMessageConversionIntegrationTests$Person]
12:32:21.726 [Test worker] DEBUG o.s.w.t.h.s.r.b.UndertowHttpServer - Stopping UndertowHttpServer...
12:32:21.726 [Test worker] INFO  i.undertow - stopping server: Undertow - 2.0.32.Final
12:32:21.729 [Test worker] DEBUG o.s.w.t.h.s.r.b.UndertowHttpServer - Server stopped (0 millis).
12:32:21.828 [Test worker] DEBUG o.s.w.r.r.m.a.RequestMappingHandlerMapping - 39 mappings in 'requestMappingHandlerMapping'
12:32:21.904 [Test worker] DEBUG o.s.w.r.r.m.a.ControllerMethodResolver - ControllerAdvice beans: none
12:32:21.926 [Test worker] DEBUG o.s.w.s.a.HttpWebHandlerAdapter - enableLoggingRequestDetails='false': form data and headers will be masked to prevent unsafe logging of potentially sensitive data
12:32:21.926 [Test worker] WARN  o.e.j.s.h.ContextHandler - Empty contextPath
12:32:21.927 [Test worker] INFO  o.e.j.s.h.ContextHandler - Started o.e.j.s.ServletContextHandler@5206ed27{/,null,AVAILABLE}
12:32:21.927 [Test worker] DEBUG o.s.w.t.h.s.r.b.JettyHttpServer - Starting JettyHttpServer...
12:32:21.927 [Test worker] INFO  o.e.j.s.Server - jetty-9.4.31.v20200723; built: 2020-07-23T17:57:36.812Z; git: 450ba27947e13e66baa8cd1ce7e85a4461cacc1d; jvm 1.8.0_191-b12
12:32:22.006 [Test worker] INFO  o.e.j.s.AbstractConnector - Started ServerConnector@39027c91{HTTP/1.1, (http/1.1)}{0.0.0.0:51227}
12:32:22.006 [Test worker] INFO  o.e.j.s.Server - Started @229698ms
12:32:22.006 [Test worker] DEBUG o.s.w.t.h.s.r.b.JettyHttpServer - Server started on port 51227(0 millis).
12:32:22.006 [Test worker] DEBUG o.s.w.c.RestTemplate - HTTP POST http://localhost:51227/person-transform/rxjava2-observable
12:32:22.007 [Test worker] DEBUG o.s.w.c.RestTemplate - Accept=[application/json, application/x-jackson-smile, application/*+json]
12:32:22.009 [Test worker] DEBUG o.s.w.c.RestTemplate - Writing [[Person{name='Robert'}, Person{name='Marie'}]] as "application/json"
12:32:22.027 [qtp1696874597-964] DEBUG o.s.w.s.a.HttpWebHandlerAdapter - [1ad508df] HTTP POST "/person-transform/rxjava2-observable"
12:32:22.027 [qtp1696874597-964] DEBUG o.s.w.r.r.m.a.RequestMappingHandlerMapping - [1ad508df] Mapped to org.springframework.web.reactive.result.method.annotation.RequestMappingMessageConversionIntegrationTests$PersonTransformationController#transformObservable(Observable)
12:32:22.029 [qtp1696874597-964] DEBUG o.s.w.r.r.m.a.RequestBodyMethodArgumentResolver - [1ad508df] Content-Type:application/json;charset=UTF-8
12:32:22.030 [qtp1696874597-964] DEBUG o.s.w.r.r.m.a.RequestBodyMethodArgumentResolver - [1ad508df] 0..N [org.springframework.web.reactive.result.method.annotation.RequestMappingMessageConversionIntegrationTests$Person]
12:32:22.033 [qtp1696874597-964] DEBUG o.s.w.r.r.m.a.ResponseBodyResultHandler - Using 'application/json' given [application/json] and supported [application/json, application/*+json, application/x-jackson-smile, application/*+x-jackson-smile, application/xml, text/xml, text/event-stream]
12:32:22.033 [qtp1696874597-964] DEBUG o.s.w.r.r.m.a.ResponseBodyResultHandler - [1ad508df] 0..N [org.springframework.web.reactive.result.method.annotation.RequestMappingMessageConversionIntegrationTests$Person]
12:32:22.076 [qtp1696874597-964] DEBUG o.s.h.c.j.Jackson2JsonDecoder - [1ad508df] Decoded [Person{name='Robert'}]
12:32:22.076 [qtp1696874597-964] DEBUG o.s.h.c.j.Jackson2JsonDecoder - [1ad508df] Decoded [Person{name='Marie'}]
12:32:22.076 [qtp1696874597-964] DEBUG o.s.h.c.j.Jackson2JsonEncoder - [1ad508df] Encoding [[Person{name='ROBERT'}, Person{name='MARIE'}]]
12:32:22.077 [Test worker] DEBUG o.s.w.c.RestTemplate - Response 200 OK
12:32:22.077 [qtp1696874597-964] DEBUG o.s.w.s.a.HttpWebHandlerAdapter - [1ad508df] Completed 200 OK
12:32:22.078 [Test worker] DEBUG o.s.w.c.RestTemplate - Reading to [java.util.List<org.springframework.web.reactive.result.method.annotation.RequestMappingMessageConversionIntegrationTests$Person>]
12:32:22.079 [Test worker] DEBUG o.s.w.t.h.s.r.b.JettyHttpServer - Stopping JettyHttpServer...
12:32:22.080 [Test worker] INFO  o.e.j.s.h.ContextHandler - Stopped o.e.j.s.ServletContextHandler@5206ed27{/,null,UNAVAILABLE}
12:32:22.082 [Test worker] INFO  o.e.j.s.AbstractConnector - Stopped ServerConnector@39027c91{HTTP/1.1, (http/1.1)}{0.0.0.0:0}
12:32:22.083 [Test worker] DEBUG o.s.w.t.h.s.r.b.JettyHttpServer - Server stopped (0 millis).
12:32:22.165 [Test worker] DEBUG o.s.w.r.r.m.a.RequestMappingHandlerMapping - 39 mappings in 'requestMappingHandlerMapping'
12:32:22.194 [Test worker] DEBUG o.s.w.r.r.m.a.ControllerMethodResolver - ControllerAdvice beans: none
12:32:22.224 [Test worker] DEBUG o.s.w.s.a.HttpWebHandlerAdapter - enableLoggingRequestDetails='false': form data and headers will be masked to prevent unsafe logging of potentially sensitive data
12:32:22.224 [Test worker] DEBUG o.s.w.t.h.s.r.b.ReactorHttpServer - Starting ReactorHttpServer...
12:32:22.226 [Test worker] DEBUG o.s.w.t.h.s.r.b.ReactorHttpServer - Server started on port 51233(0 millis).
12:32:22.226 [Test worker] DEBUG o.s.w.c.RestTemplate - HTTP POST http://localhost:51233/person-transform/rxjava2-observable
12:32:22.227 [Test worker] DEBUG o.s.w.c.RestTemplate - Accept=[application/json, application/x-jackson-smile, application/*+json]
12:32:22.227 [Test worker] DEBUG o.s.w.c.RestTemplate - Writing [[Person{name='Robert'}, Person{name='Marie'}]] as "application/json"
12:32:22.230 [reactor-http-nio-2] DEBUG o.s.w.s.a.HttpWebHandlerAdapter - [5dfd6840-35] HTTP POST "/person-transform/rxjava2-observable"
12:32:22.231 [reactor-http-nio-2] DEBUG o.s.w.r.r.m.a.RequestMappingHandlerMapping - [5dfd6840-35] Mapped to org.springframework.web.reactive.result.method.annotation.RequestMappingMessageConversionIntegrationTests$PersonTransformationController#transformObservable(Observable)
12:32:22.231 [reactor-http-nio-2] DEBUG o.s.w.r.r.m.a.RequestBodyMethodArgumentResolver - [5dfd6840-35] Content-Type:application/json
12:32:22.232 [reactor-http-nio-2] DEBUG o.s.w.r.r.m.a.RequestBodyMethodArgumentResolver - [5dfd6840-35] 0..N [org.springframework.web.reactive.result.method.annotation.RequestMappingMessageConversionIntegrationTests$Person]
12:32:22.233 [reactor-http-nio-2] DEBUG o.s.w.r.r.m.a.ResponseBodyResultHandler - Using 'application/json' given [application/json] and supported [application/json, application/*+json, application/x-jackson-smile, application/*+x-jackson-smile, application/xml, text/xml, text/event-stream]
12:32:22.233 [reactor-http-nio-2] DEBUG o.s.w.r.r.m.a.ResponseBodyResultHandler - [5dfd6840-35] 0..N [org.springframework.web.reactive.result.method.annotation.RequestMappingMessageConversionIntegrationTests$Person]
12:32:22.234 [reactor-http-nio-2] DEBUG o.s.h.c.j.Jackson2JsonDecoder - [5dfd6840-35] Decoded [Person{name='Robert'}]
12:32:22.234 [reactor-http-nio-2] DEBUG o.s.h.c.j.Jackson2JsonDecoder - [5dfd6840-35] Decoded [Person{name='Marie'}]
12:32:22.234 [reactor-http-nio-2] DEBUG o.s.h.c.j.Jackson2JsonEncoder - [5dfd6840-35] Encoding [[Person{name='ROBERT'}, Person{name='MARIE'}]]
12:32:22.236 [reactor-http-nio-2] DEBUG o.s.w.s.a.HttpWebHandlerAdapter - [5dfd6840-35] Completed 200 OK
12:32:22.236 [Test worker] DEBUG o.s.w.c.RestTemplate - Response 200 OK
12:32:22.237 [Test worker] DEBUG o.s.w.c.RestTemplate - Reading to [java.util.List<org.springframework.web.reactive.result.method.annotation.RequestMappingMessageConversionIntegrationTests$Person>]
12:32:22.238 [Test worker] DEBUG o.s.w.t.h.s.r.b.ReactorHttpServer - Stopping ReactorHttpServer...
12:32:22.238 [Test worker] DEBUG o.s.w.t.h.s.r.b.ReactorHttpServer - Server stopped (0 millis).
12:32:22.330 [Test worker] DEBUG o.s.w.r.r.m.a.RequestMappingHandlerMapping - 39 mappings in 'requestMappingHandlerMapping'
12:32:22.374 [Test worker] DEBUG o.s.w.r.r.m.a.ControllerMethodResolver - ControllerAdvice beans: none
12:32:22.410 [Test worker] DEBUG o.s.w.s.a.HttpWebHandlerAdapter - enableLoggingRequestDetails='false': form data and headers will be masked to prevent unsafe logging of potentially sensitive data
12:32:22.411 [Test worker] DEBUG o.s.w.t.h.s.r.b.TomcatHttpServer - Starting TomcatHttpServer...
12:32:35.447 [Test worker] DEBUG o.s.w.t.h.s.r.b.TomcatHttpServer - Server started on port 51235(0 millis).
12:32:35.447 [Test worker] DEBUG o.s.w.c.RestTemplate - HTTP POST http://localhost:51235/person-transform/rxjava2-observable
12:32:35.448 [Test worker] DEBUG o.s.w.c.RestTemplate - Accept=[application/json, application/x-jackson-smile, application/*+json]
12:32:35.448 [Test worker] DEBUG o.s.w.c.RestTemplate - Writing [[Person{name='Robert'}, Person{name='Marie'}]] as "application/json"
12:32:37.046 [http-nio-auto-33-exec-1] DEBUG o.s.w.s.a.HttpWebHandlerAdapter - [76ee1cbd] HTTP POST "/person-transform/rxjava2-observable"
12:32:37.046 [http-nio-auto-33-exec-1] DEBUG o.s.w.r.r.m.a.RequestMappingHandlerMapping - [76ee1cbd] Mapped to org.springframework.web.reactive.result.method.annotation.RequestMappingMessageConversionIntegrationTests$PersonTransformationController#transformObservable(Observable)
12:32:37.047 [http-nio-auto-33-exec-1] DEBUG o.s.w.r.r.m.a.RequestBodyMethodArgumentResolver - [76ee1cbd] Content-Type:application/json
12:32:37.048 [http-nio-auto-33-exec-1] DEBUG o.s.w.r.r.m.a.RequestBodyMethodArgumentResolver - [76ee1cbd] 0..N [org.springframework.web.reactive.result.method.annotation.RequestMappingMessageConversionIntegrationTests$Person]
12:32:37.049 [http-nio-auto-33-exec-1] DEBUG o.s.w.r.r.m.a.ResponseBodyResultHandler - Using 'application/json' given [application/json] and supported [application/json, application/*+json, application/x-jackson-smile, application/*+x-jackson-smile, application/xml, text/xml, text/event-stream]
12:32:37.049 [http-nio-auto-33-exec-1] DEBUG o.s.w.r.r.m.a.ResponseBodyResultHandler - [76ee1cbd] 0..N [org.springframework.web.reactive.result.method.annotation.RequestMappingMessageConversionIntegrationTests$Person]
12:32:37.050 [http-nio-auto-33-exec-1] DEBUG o.s.h.c.j.Jackson2JsonDecoder - [76ee1cbd] Decoded [Person{name='Robert'}]
12:32:37.050 [http-nio-auto-33-exec-1] DEBUG o.s.h.c.j.Jackson2JsonDecoder - [76ee1cbd] Decoded [Person{name='Marie'}]
12:32:37.050 [http-nio-auto-33-exec-1] DEBUG o.s.h.c.j.Jackson2JsonEncoder - [76ee1cbd] Encoding [[Person{name='ROBERT'}, Person{name='MARIE'}]]
12:32:37.051 [Test worker] DEBUG o.s.w.c.RestTemplate - Response 200 OK
12:32:37.051 [http-nio-auto-33-exec-1] DEBUG o.s.w.s.a.HttpWebHandlerAdapter - [76ee1cbd] Completed 200 OK
12:32:37.051 [Test worker] DEBUG o.s.w.c.RestTemplate - Reading to [java.util.List<org.springframework.web.reactive.result.method.annotation.RequestMappingMessageConversionIntegrationTests$Person>]
12:32:37.053 [Test worker] DEBUG o.s.w.t.h.s.r.b.TomcatHttpServer - Stopping TomcatHttpServer...
12:32:39.502 [Test worker] DEBUG o.s.w.t.h.s.r.b.TomcatHttpServer - Server stopped (0 millis).
12:32:40.023 [Test worker] DEBUG o.s.w.r.r.m.a.RequestMappingHandlerMapping - 39 mappings in 'requestMappingHandlerMapping'
12:32:40.113 [Test worker] DEBUG o.s.w.r.r.m.a.ControllerMethodResolver - ControllerAdvice beans: none
12:32:40.322 [Test worker] DEBUG o.s.w.s.a.HttpWebHandlerAdapter - enableLoggingRequestDetails='false': form data and headers will be masked to prevent unsafe logging of potentially sensitive data
12:32:40.345 [Test worker] DEBUG o.s.w.t.h.s.r.b.UndertowHttpServer - Starting UndertowHttpServer...
12:32:40.345 [Test worker] INFO  i.undertow - starting server: Undertow - 2.0.32.Final
12:32:40.355 [Test worker] DEBUG o.s.w.t.h.s.r.b.UndertowHttpServer - Server started on port 51284(0 millis).
12:32:40.355 [Test worker] DEBUG o.s.w.c.RestTemplate - HTTP POST http://localhost:51284/person-transform/rxjava2-observable
12:32:40.356 [Test worker] DEBUG o.s.w.c.RestTemplate - Accept=[application/json, application/x-jackson-smile, application/*+json]
12:32:40.357 [Test worker] DEBUG o.s.w.c.RestTemplate - Writing [[Person{name='Robert'}, Person{name='Marie'}]] as "application/json"
12:32:40.391 [XNIO-33 I/O-2] DEBUG o.s.w.s.a.HttpWebHandlerAdapter - [1ce95458] HTTP POST "/person-transform/rxjava2-observable"
12:32:40.392 [XNIO-33 I/O-2] DEBUG o.s.w.r.r.m.a.RequestMappingHandlerMapping - [1ce95458] Mapped to org.springframework.web.reactive.result.method.annotation.RequestMappingMessageConversionIntegrationTests$PersonTransformationController#transformObservable(Observable)
12:32:40.392 [XNIO-33 I/O-2] DEBUG o.s.w.r.r.m.a.RequestBodyMethodArgumentResolver - [1ce95458] Content-Type:application/json
12:32:40.393 [XNIO-33 I/O-2] DEBUG o.s.w.r.r.m.a.RequestBodyMethodArgumentResolver - [1ce95458] 0..N [org.springframework.web.reactive.result.method.annotation.RequestMappingMessageConversionIntegrationTests$Person]
12:32:40.394 [XNIO-33 I/O-2] DEBUG o.s.w.r.r.m.a.ResponseBodyResultHandler - Using 'application/json' given [application/json] and supported [application/json, application/*+json, application/x-jackson-smile, application/*+x-jackson-smile, application/xml, text/xml, text/event-stream]
12:32:40.394 [XNIO-33 I/O-2] DEBUG o.s.w.r.r.m.a.ResponseBodyResultHandler - [1ce95458] 0..N [org.springframework.web.reactive.result.method.annotation.RequestMappingMessageConversionIntegrationTests$Person]
12:32:40.395 [XNIO-33 I/O-2] DEBUG o.s.h.c.j.Jackson2JsonDecoder - [1ce95458] Decoded [Person{name='Robert'}]
12:32:40.395 [XNIO-33 I/O-2] DEBUG o.s.h.c.j.Jackson2JsonDecoder - [1ce95458] Decoded [Person{name='Marie'}]
12:32:40.396 [XNIO-33 I/O-2] DEBUG o.s.h.c.j.Jackson2JsonEncoder - [1ce95458] Encoding [[Person{name='ROBERT'}, Person{name='MARIE'}]]
12:32:40.397 [XNIO-33 I/O-2] DEBUG o.s.w.s.a.HttpWebHandlerAdapter - [1ce95458] Completed 200 OK
12:32:40.397 [Test worker] DEBUG o.s.w.c.RestTemplate - Response 200 OK
12:32:40.397 [Test worker] DEBUG o.s.w.c.RestTemplate - Reading to [java.util.List<org.springframework.web.reactive.result.method.annotation.RequestMappingMessageConversionIntegrationTests$Person>]
12:32:40.398 [Test worker] DEBUG o.s.w.t.h.s.r.b.UndertowHttpServer - Stopping UndertowHttpServer...
12:32:40.398 [Test worker] INFO  i.undertow - stopping server: Undertow - 2.0.32.Final
12:32:40.400 [Test worker] DEBUG o.s.w.t.h.s.r.b.UndertowHttpServer - Server stopped (0 millis).
12:32:40.483 [Test worker] DEBUG o.s.w.r.r.m.a.RequestMappingHandlerMapping - 39 mappings in 'requestMappingHandlerMapping'
12:32:40.510 [Test worker] DEBUG o.s.w.r.r.m.a.ControllerMethodResolver - ControllerAdvice beans: none
12:32:40.535 [Test worker] DEBUG o.s.w.s.a.HttpWebHandlerAdapter - enableLoggingRequestDetails='false': form data and headers will be masked to prevent unsafe logging of potentially sensitive data
12:32:40.536 [Test worker] WARN  o.e.j.s.h.ContextHandler - Empty contextPath
12:32:40.536 [Test worker] INFO  o.e.j.s.h.ContextHandler - Started o.e.j.s.ServletContextHandler@2220332c{/,null,AVAILABLE}
12:32:40.536 [Test worker] DEBUG o.s.w.t.h.s.r.b.JettyHttpServer - Starting JettyHttpServer...
12:32:40.537 [Test worker] INFO  o.e.j.s.Server - jetty-9.4.31.v20200723; built: 2020-07-23T17:57:36.812Z; git: 450ba27947e13e66baa8cd1ce7e85a4461cacc1d; jvm 1.8.0_191-b12
12:32:40.562 [Test worker] INFO  o.e.j.s.AbstractConnector - Started ServerConnector@21eed00c{HTTP/1.1, (http/1.1)}{0.0.0.0:51286}
12:32:40.562 [Test worker] INFO  o.e.j.s.Server - Started @248253ms
12:32:40.562 [Test worker] DEBUG o.s.w.t.h.s.r.b.JettyHttpServer - Server started on port 51286(0 millis).
12:32:40.563 [Test worker] DEBUG o.s.w.c.RestTemplate - HTTP POST http://localhost:51286/person-create/observable
12:32:40.563 [Test worker] DEBUG o.s.w.c.RestTemplate - Accept=[application/json, application/x-jackson-smile, application/*+json]
12:32:40.563 [Test worker] DEBUG o.s.w.c.RestTemplate - Writing [org.springframework.web.reactive.result.method.annotation.RequestMappingMessageConversionIntegrationTests$People@1f8a945] as "application/xml"
12:32:41.990 [qtp223092370-990] DEBUG o.s.w.s.a.HttpWebHandlerAdapter - [645590fc] HTTP POST "/person-create/observable"
12:32:41.992 [qtp223092370-990] DEBUG o.s.w.r.r.m.a.RequestMappingHandlerMapping - [645590fc] Mapped to org.springframework.web.reactive.result.method.annotation.RequestMappingMessageConversionIntegrationTests$PersonCreateController#createWithObservable(Observable)
12:32:41.996 [qtp223092370-990] DEBUG o.s.w.r.r.m.a.RequestBodyMethodArgumentResolver - [645590fc] Content-Type:application/xml
12:32:41.997 [qtp223092370-990] DEBUG o.s.w.r.r.m.a.RequestBodyMethodArgumentResolver - [645590fc] 0..N [org.springframework.web.reactive.result.method.annotation.RequestMappingMessageConversionIntegrationTests$Person]
12:32:42.213 [qtp223092370-990] DEBUG o.s.h.c.x.Jaxb2XmlDecoder - [645590fc] Decoded [Person{name='Robert'}]
12:32:42.214 [qtp223092370-990] DEBUG o.s.h.c.x.Jaxb2XmlDecoder - [645590fc] Decoded [Person{name='Marie'}]
12:32:42.215 [qtp223092370-990] DEBUG o.s.w.s.a.HttpWebHandlerAdapter - [645590fc] Completed 200 OK
12:32:42.222 [Test worker] DEBUG o.s.w.c.RestTemplate - Response 200 OK
12:32:42.223 [Test worker] DEBUG o.s.w.t.h.s.r.b.JettyHttpServer - Stopping JettyHttpServer...
12:32:42.223 [Test worker] INFO  o.e.j.s.h.ContextHandler - Stopped o.e.j.s.ServletContextHandler@2220332c{/,null,UNAVAILABLE}
12:32:42.225 [Test worker] INFO  o.e.j.s.AbstractConnector - Stopped ServerConnector@21eed00c{HTTP/1.1, (http/1.1)}{0.0.0.0:0}
12:32:42.227 [Test worker] DEBUG o.s.w.t.h.s.r.b.JettyHttpServer - Server stopped (0 millis).
12:32:42.313 [Test worker] DEBUG o.s.w.r.r.m.a.RequestMappingHandlerMapping - 39 mappings in 'requestMappingHandlerMapping'
12:32:42.352 [Test worker] DEBUG o.s.w.r.r.m.a.ControllerMethodResolver - ControllerAdvice beans: none
12:32:42.381 [Test worker] DEBUG o.s.w.s.a.HttpWebHandlerAdapter - enableLoggingRequestDetails='false': form data and headers will be masked to prevent unsafe logging of potentially sensitive data
12:32:42.381 [Test worker] DEBUG o.s.w.t.h.s.r.b.ReactorHttpServer - Starting ReactorHttpServer...
12:32:42.383 [Test worker] DEBUG o.s.w.t.h.s.r.b.ReactorHttpServer - Server started on port 51312(0 millis).
12:32:42.383 [Test worker] DEBUG o.s.w.c.RestTemplate - HTTP POST http://localhost:51312/person-create/observable
12:32:42.384 [Test worker] DEBUG o.s.w.c.RestTemplate - Accept=[application/json, application/x-jackson-smile, application/*+json]
12:32:42.384 [Test worker] DEBUG o.s.w.c.RestTemplate - Writing [org.springframework.web.reactive.result.method.annotation.RequestMappingMessageConversionIntegrationTests$People@21eaa747] as "application/xml"
12:32:42.402 [reactor-http-nio-4] DEBUG o.s.w.s.a.HttpWebHandlerAdapter - [6970fdec-36] HTTP POST "/person-create/observable"
12:32:42.403 [reactor-http-nio-4] DEBUG o.s.w.r.r.m.a.RequestMappingHandlerMapping - [6970fdec-36] Mapped to org.springframework.web.reactive.result.method.annotation.RequestMappingMessageConversionIntegrationTests$PersonCreateController#createWithObservable(Observable)
12:32:42.404 [reactor-http-nio-4] DEBUG o.s.w.r.r.m.a.RequestBodyMethodArgumentResolver - [6970fdec-36] Content-Type:application/xml
12:32:42.405 [reactor-http-nio-4] DEBUG o.s.w.r.r.m.a.RequestBodyMethodArgumentResolver - [6970fdec-36] 0..N [org.springframework.web.reactive.result.method.annotation.RequestMappingMessageConversionIntegrationTests$Person]
12:32:42.409 [reactor-http-nio-4] DEBUG o.s.h.c.x.Jaxb2XmlDecoder - [6970fdec-36] Decoded [Person{name='Robert'}]
12:32:42.410 [reactor-http-nio-4] DEBUG o.s.h.c.x.Jaxb2XmlDecoder - [6970fdec-36] Decoded [Person{name='Marie'}]
12:32:42.410 [reactor-http-nio-4] DEBUG o.s.w.s.a.HttpWebHandlerAdapter - [6970fdec-36] Completed 200 OK
12:32:42.411 [Test worker] DEBUG o.s.w.c.RestTemplate - Response 200 OK
12:32:42.411 [Test worker] DEBUG o.s.w.t.h.s.r.b.ReactorHttpServer - Stopping ReactorHttpServer...
12:32:42.411 [Test worker] DEBUG o.s.w.t.h.s.r.b.ReactorHttpServer - Server stopped (0 millis).
12:32:42.506 [Test worker] DEBUG o.s.w.r.r.m.a.RequestMappingHandlerMapping - 39 mappings in 'requestMappingHandlerMapping'
12:32:42.540 [Test worker] DEBUG o.s.w.r.r.m.a.ControllerMethodResolver - ControllerAdvice beans: none
12:32:42.603 [Test worker] DEBUG o.s.w.s.a.HttpWebHandlerAdapter - enableLoggingRequestDetails='false': form data and headers will be masked to prevent unsafe logging of potentially sensitive data
12:32:42.605 [Test worker] DEBUG o.s.w.t.h.s.r.b.TomcatHttpServer - Starting TomcatHttpServer...
12:32:42.624 [Test worker] DEBUG o.s.w.t.h.s.r.b.TomcatHttpServer - Server started on port 51317(0 millis).
12:32:42.624 [Test worker] DEBUG o.s.w.c.RestTemplate - HTTP POST http://localhost:51317/person-create/observable
12:32:42.625 [Test worker] DEBUG o.s.w.c.RestTemplate - Accept=[application/json, application/x-jackson-smile, application/*+json]
12:32:42.625 [Test worker] DEBUG o.s.w.c.RestTemplate - Writing [org.springframework.web.reactive.result.method.annotation.RequestMappingMessageConversionIntegrationTests$People@140ee26e] as "application/xml"
12:32:42.641 [http-nio-auto-34-exec-1] DEBUG o.s.w.s.a.HttpWebHandlerAdapter - [4b243d7c] HTTP POST "/person-create/observable"
12:32:42.642 [http-nio-auto-34-exec-1] DEBUG o.s.w.r.r.m.a.RequestMappingHandlerMapping - [4b243d7c] Mapped to org.springframework.web.reactive.result.method.annotation.RequestMappingMessageConversionIntegrationTests$PersonCreateController#createWithObservable(Observable)
12:32:42.643 [http-nio-auto-34-exec-1] DEBUG o.s.w.r.r.m.a.RequestBodyMethodArgumentResolver - [4b243d7c] Content-Type:application/xml
12:32:42.644 [http-nio-auto-34-exec-1] DEBUG o.s.w.r.r.m.a.RequestBodyMethodArgumentResolver - [4b243d7c] 0..N [org.springframework.web.reactive.result.method.annotation.RequestMappingMessageConversionIntegrationTests$Person]
12:32:42.650 [http-nio-auto-34-exec-1] DEBUG o.s.h.c.x.Jaxb2XmlDecoder - [4b243d7c] Decoded [Person{name='Robert'}]
12:32:42.650 [http-nio-auto-34-exec-1] DEBUG o.s.h.c.x.Jaxb2XmlDecoder - [4b243d7c] Decoded [Person{name='Marie'}]
12:32:42.650 [http-nio-auto-34-exec-1] DEBUG o.s.w.s.a.HttpWebHandlerAdapter - [4b243d7c] Completed 200 OK
12:32:42.651 [Test worker] DEBUG o.s.w.c.RestTemplate - Response 200 OK
12:32:42.652 [Test worker] DEBUG o.s.w.t.h.s.r.b.TomcatHttpServer - Stopping TomcatHttpServer...
12:32:43.070 [Test worker] DEBUG o.s.w.t.h.s.r.b.TomcatHttpServer - Server stopped (0 millis).
12:32:43.212 [Test worker] DEBUG o.s.w.r.r.m.a.RequestMappingHandlerMapping - 39 mappings in 'requestMappingHandlerMapping'
12:32:43.256 [Test worker] DEBUG o.s.w.r.r.m.a.ControllerMethodResolver - ControllerAdvice beans: none
12:32:43.306 [Test worker] DEBUG o.s.w.s.a.HttpWebHandlerAdapter - enableLoggingRequestDetails='false': form data and headers will be masked to prevent unsafe logging of potentially sensitive data
12:32:43.306 [Test worker] DEBUG o.s.w.t.h.s.r.b.UndertowHttpServer - Starting UndertowHttpServer...
12:32:43.306 [Test worker] INFO  i.undertow - starting server: Undertow - 2.0.32.Final
12:32:43.317 [Test worker] DEBUG o.s.w.t.h.s.r.b.UndertowHttpServer - Server started on port 51340(0 millis).
12:32:43.317 [Test worker] DEBUG o.s.w.c.RestTemplate - HTTP POST http://localhost:51340/person-create/observable
12:32:43.317 [Test worker] DEBUG o.s.w.c.RestTemplate - Accept=[application/json, application/x-jackson-smile, application/*+json]
12:32:43.317 [Test worker] DEBUG o.s.w.c.RestTemplate - Writing [org.springframework.web.reactive.result.method.annotation.RequestMappingMessageConversionIntegrationTests$People@4fda3b00] as "application/xml"
12:32:43.341 [XNIO-34 I/O-2] DEBUG o.s.w.s.a.HttpWebHandlerAdapter - [63891f0a] HTTP POST "/person-create/observable"
12:32:43.342 [XNIO-34 I/O-2] DEBUG o.s.w.r.r.m.a.RequestMappingHandlerMapping - [63891f0a] Mapped to org.springframework.web.reactive.result.method.annotation.RequestMappingMessageConversionIntegrationTests$PersonCreateController#createWithObservable(Observable)
12:32:43.342 [XNIO-34 I/O-2] DEBUG o.s.w.r.r.m.a.RequestBodyMethodArgumentResolver - [63891f0a] Content-Type:application/xml
12:32:43.344 [XNIO-34 I/O-2] DEBUG o.s.w.r.r.m.a.RequestBodyMethodArgumentResolver - [63891f0a] 0..N [org.springframework.web.reactive.result.method.annotation.RequestMappingMessageConversionIntegrationTests$Person]
12:32:43.348 [XNIO-34 I/O-2] DEBUG o.s.h.c.x.Jaxb2XmlDecoder - [63891f0a] Decoded [Person{name='Robert'}]
12:32:43.348 [XNIO-34 I/O-2] DEBUG o.s.h.c.x.Jaxb2XmlDecoder - [63891f0a] Decoded [Person{name='Marie'}]
12:32:43.348 [XNIO-34 I/O-2] DEBUG o.s.w.s.a.HttpWebHandlerAdapter - [63891f0a] Completed 200 OK
12:32:43.349 [Test worker] DEBUG o.s.w.c.RestTemplate - Response 200 OK
12:32:43.349 [Test worker] DEBUG o.s.w.t.h.s.r.b.UndertowHttpServer - Stopping UndertowHttpServer...
12:32:43.349 [Test worker] INFO  i.undertow - stopping server: Undertow - 2.0.32.Final
12:32:43.351 [Test worker] DEBUG o.s.w.t.h.s.r.b.UndertowHttpServer - Server stopped (0 millis).
12:32:43.439 [Test worker] DEBUG o.s.w.r.r.m.a.RequestMappingHandlerMapping - 39 mappings in 'requestMappingHandlerMapping'
12:32:43.473 [Test worker] DEBUG o.s.w.r.r.m.a.ControllerMethodResolver - ControllerAdvice beans: none
12:32:43.497 [Test worker] DEBUG o.s.w.s.a.HttpWebHandlerAdapter - enableLoggingRequestDetails='false': form data and headers will be masked to prevent unsafe logging of potentially sensitive data
12:32:43.498 [Test worker] WARN  o.e.j.s.h.ContextHandler - Empty contextPath
12:32:43.499 [Test worker] INFO  o.e.j.s.h.ContextHandler - Started o.e.j.s.ServletContextHandler@42957461{/,null,AVAILABLE}
12:32:43.499 [Test worker] DEBUG o.s.w.t.h.s.r.b.JettyHttpServer - Starting JettyHttpServer...
12:32:43.500 [Test worker] INFO  o.e.j.s.Server - jetty-9.4.31.v20200723; built: 2020-07-23T17:57:36.812Z; git: 450ba27947e13e66baa8cd1ce7e85a4461cacc1d; jvm 1.8.0_191-b12
12:32:43.504 [Test worker] INFO  o.e.j.s.AbstractConnector - Started ServerConnector@437e8b4d{HTTP/1.1, (http/1.1)}{0.0.0.0:51342}
12:32:43.504 [Test worker] INFO  o.e.j.s.Server - Started @251196ms
12:32:43.505 [Test worker] DEBUG o.s.w.t.h.s.r.b.JettyHttpServer - Server started on port 51342(0 millis).
12:32:43.505 [Test worker] DEBUG o.s.w.c.RestTemplate - HTTP GET http://localhost:51342/person-response/publisher
12:32:43.505 [Test worker] DEBUG o.s.w.c.RestTemplate - Accept=[application/json, application/x-jackson-smile, application/*+json]
12:32:43.509 [qtp1732021596-1021] DEBUG o.s.w.s.a.HttpWebHandlerAdapter - [4efc23] HTTP GET "/person-response/publisher"
12:32:43.510 [qtp1732021596-1021] DEBUG o.s.w.r.r.m.a.RequestMappingHandlerMapping - [4efc23] Mapped to org.springframework.web.reactive.result.method.annotation.RequestMappingMessageConversionIntegrationTests$PersonResponseBodyController#getPublisher()
12:32:43.512 [qtp1732021596-1021] DEBUG o.s.w.r.r.m.a.ResponseBodyResultHandler - Using 'application/json' given [application/json] and supported [application/json, application/*+json, application/x-jackson-smile, application/*+x-jackson-smile, application/xml, text/xml, text/event-stream]
12:32:43.512 [qtp1732021596-1021] DEBUG o.s.w.r.r.m.a.ResponseBodyResultHandler - [4efc23] 0..N [org.springframework.web.reactive.result.method.annotation.RequestMappingMessageConversionIntegrationTests$Person]
12:32:43.513 [qtp1732021596-1021] DEBUG o.s.h.c.j.Jackson2JsonEncoder - [4efc23] Encoding [[Person{name='Robert'}, Person{name='Marie'}]]
12:32:43.513 [Test worker] DEBUG o.s.w.c.RestTemplate - Response 200 OK
12:32:43.514 [Test worker] DEBUG o.s.w.c.RestTemplate - Reading to [java.util.List<org.springframework.web.reactive.result.method.annotation.RequestMappingMessageConversionIntegrationTests$Person>]
12:32:43.515 [Test worker] DEBUG o.s.w.t.h.s.r.b.JettyHttpServer - Stopping JettyHttpServer...
12:32:43.516 [Test worker] INFO  o.e.j.s.h.ContextHandler - Stopped o.e.j.s.ServletContextHandler@42957461{/,null,UNAVAILABLE}
12:32:43.516 [qtp1732021596-1021] DEBUG o.s.w.s.a.HttpWebHandlerAdapter - [4efc23] Completed 200 OK
12:32:43.521 [Test worker] INFO  o.e.j.s.AbstractConnector - Stopped ServerConnector@437e8b4d{HTTP/1.1, (http/1.1)}{0.0.0.0:0}
12:32:43.522 [Test worker] DEBUG o.s.w.t.h.s.r.b.JettyHttpServer - Server stopped (0 millis).
12:32:43.614 [Test worker] DEBUG o.s.w.r.r.m.a.RequestMappingHandlerMapping - 39 mappings in 'requestMappingHandlerMapping'
12:32:43.648 [Test worker] DEBUG o.s.w.r.r.m.a.ControllerMethodResolver - ControllerAdvice beans: none
12:32:43.689 [Test worker] DEBUG o.s.w.s.a.HttpWebHandlerAdapter - enableLoggingRequestDetails='false': form data and headers will be masked to prevent unsafe logging of potentially sensitive data
12:32:43.689 [Test worker] DEBUG o.s.w.t.h.s.r.b.ReactorHttpServer - Starting ReactorHttpServer...
12:32:43.691 [Test worker] DEBUG o.s.w.t.h.s.r.b.ReactorHttpServer - Server started on port 51349(0 millis).
12:32:43.691 [Test worker] DEBUG o.s.w.c.RestTemplate - HTTP GET http://localhost:51349/person-response/publisher
12:32:43.691 [Test worker] DEBUG o.s.w.c.RestTemplate - Accept=[application/json, application/x-jackson-smile, application/*+json]
12:32:43.694 [reactor-http-nio-2] DEBUG o.s.w.s.a.HttpWebHandlerAdapter - [74de7456-37] HTTP GET "/person-response/publisher"
12:32:43.695 [reactor-http-nio-2] DEBUG o.s.w.r.r.m.a.RequestMappingHandlerMapping - [74de7456-37] Mapped to org.springframework.web.reactive.result.method.annotation.RequestMappingMessageConversionIntegrationTests$PersonResponseBodyController#getPublisher()
12:32:43.696 [reactor-http-nio-2] DEBUG o.s.w.r.r.m.a.ResponseBodyResultHandler - Using 'application/json' given [application/json] and supported [application/json, application/*+json, application/x-jackson-smile, application/*+x-jackson-smile, application/xml, text/xml, text/event-stream]
12:32:43.696 [reactor-http-nio-2] DEBUG o.s.w.r.r.m.a.ResponseBodyResultHandler - [74de7456-37] 0..N [org.springframework.web.reactive.result.method.annotation.RequestMappingMessageConversionIntegrationTests$Person]
12:32:43.697 [reactor-http-nio-2] DEBUG o.s.h.c.j.Jackson2JsonEncoder - [74de7456-37] Encoding [[Person{name='Robert'}, Person{name='Marie'}]]
12:32:43.698 [Test worker] DEBUG o.s.w.c.RestTemplate - Response 200 OK
12:32:43.699 [Test worker] DEBUG o.s.w.c.RestTemplate - Reading to [java.util.List<org.springframework.web.reactive.result.method.annotation.RequestMappingMessageConversionIntegrationTests$Person>]
12:32:43.699 [reactor-http-nio-2] DEBUG o.s.w.s.a.HttpWebHandlerAdapter - [74de7456-37] Completed 200 OK
12:32:43.700 [Test worker] DEBUG o.s.w.t.h.s.r.b.ReactorHttpServer - Stopping ReactorHttpServer...
12:32:43.700 [Test worker] DEBUG o.s.w.t.h.s.r.b.ReactorHttpServer - Server stopped (0 millis).
12:32:43.779 [Test worker] DEBUG o.s.w.r.r.m.a.RequestMappingHandlerMapping - 39 mappings in 'requestMappingHandlerMapping'
12:32:43.804 [Test worker] DEBUG o.s.w.r.r.m.a.ControllerMethodResolver - ControllerAdvice beans: none
12:32:43.845 [Test worker] DEBUG o.s.w.s.a.HttpWebHandlerAdapter - enableLoggingRequestDetails='false': form data and headers will be masked to prevent unsafe logging of potentially sensitive data
12:32:43.846 [Test worker] DEBUG o.s.w.t.h.s.r.b.TomcatHttpServer - Starting TomcatHttpServer...
12:32:43.860 [Test worker] DEBUG o.s.w.t.h.s.r.b.TomcatHttpServer - Server started on port 51363(0 millis).
12:32:43.860 [Test worker] DEBUG o.s.w.c.RestTemplate - HTTP GET http://localhost:51363/person-response/publisher
12:32:43.861 [Test worker] DEBUG o.s.w.c.RestTemplate - Accept=[application/json, application/x-jackson-smile, application/*+json]
12:32:43.865 [http-nio-auto-35-exec-1] DEBUG o.s.w.s.a.HttpWebHandlerAdapter - [149cd0d9] HTTP GET "/person-response/publisher"
12:32:43.865 [http-nio-auto-35-exec-1] DEBUG o.s.w.r.r.m.a.RequestMappingHandlerMapping - [149cd0d9] Mapped to org.springframework.web.reactive.result.method.annotation.RequestMappingMessageConversionIntegrationTests$PersonResponseBodyController#getPublisher()
12:32:43.867 [http-nio-auto-35-exec-1] DEBUG o.s.w.r.r.m.a.ResponseBodyResultHandler - Using 'application/json' given [application/json] and supported [application/json, application/*+json, application/x-jackson-smile, application/*+x-jackson-smile, application/xml, text/xml, text/event-stream]
12:32:43.867 [http-nio-auto-35-exec-1] DEBUG o.s.w.r.r.m.a.ResponseBodyResultHandler - [149cd0d9] 0..N [org.springframework.web.reactive.result.method.annotation.RequestMappingMessageConversionIntegrationTests$Person]
12:32:43.868 [http-nio-auto-35-exec-1] DEBUG o.s.h.c.j.Jackson2JsonEncoder - [149cd0d9] Encoding [[Person{name='Robert'}, Person{name='Marie'}]]
12:32:43.868 [http-nio-auto-35-exec-1] DEBUG o.s.w.s.a.HttpWebHandlerAdapter - [149cd0d9] Completed 200 OK
12:32:43.869 [Test worker] DEBUG o.s.w.c.RestTemplate - Response 200 OK
12:32:43.869 [Test worker] DEBUG o.s.w.c.RestTemplate - Reading to [java.util.List<org.springframework.web.reactive.result.method.annotation.RequestMappingMessageConversionIntegrationTests$Person>]
12:32:43.870 [Test worker] DEBUG o.s.w.t.h.s.r.b.TomcatHttpServer - Stopping TomcatHttpServer...
12:32:44.175 [Test worker] DEBUG o.s.w.t.h.s.r.b.TomcatHttpServer - Server stopped (0 millis).
12:32:44.267 [Test worker] DEBUG o.s.w.r.r.m.a.RequestMappingHandlerMapping - 39 mappings in 'requestMappingHandlerMapping'
12:32:44.292 [Test worker] DEBUG o.s.w.r.r.m.a.ControllerMethodResolver - ControllerAdvice beans: none
12:32:44.321 [Test worker] DEBUG o.s.w.s.a.HttpWebHandlerAdapter - enableLoggingRequestDetails='false': form data and headers will be masked to prevent unsafe logging of potentially sensitive data
12:32:44.322 [Test worker] DEBUG o.s.w.t.h.s.r.b.UndertowHttpServer - Starting UndertowHttpServer...
12:32:44.322 [Test worker] INFO  i.undertow - starting server: Undertow - 2.0.32.Final
12:32:44.331 [Test worker] DEBUG o.s.w.t.h.s.r.b.UndertowHttpServer - Server started on port 51386(0 millis).
12:32:44.331 [Test worker] DEBUG o.s.w.c.RestTemplate - HTTP GET http://localhost:51386/person-response/publisher
12:32:44.332 [Test worker] DEBUG o.s.w.c.RestTemplate - Accept=[application/json, application/x-jackson-smile, application/*+json]
12:32:44.335 [XNIO-35 I/O-2] DEBUG o.s.w.s.a.HttpWebHandlerAdapter - [64bbfad5] HTTP GET "/person-response/publisher"
12:32:44.336 [XNIO-35 I/O-2] DEBUG o.s.w.r.r.m.a.RequestMappingHandlerMapping - [64bbfad5] Mapped to org.springframework.web.reactive.result.method.annotation.RequestMappingMessageConversionIntegrationTests$PersonResponseBodyController#getPublisher()
12:32:44.337 [XNIO-35 I/O-2] DEBUG o.s.w.r.r.m.a.ResponseBodyResultHandler - Using 'application/json' given [application/json] and supported [application/json, application/*+json, application/x-jackson-smile, application/*+x-jackson-smile, application/xml, text/xml, text/event-stream]
12:32:44.337 [XNIO-35 I/O-2] DEBUG o.s.w.r.r.m.a.ResponseBodyResultHandler - [64bbfad5] 0..N [org.springframework.web.reactive.result.method.annotation.RequestMappingMessageConversionIntegrationTests$Person]
12:32:44.338 [XNIO-35 I/O-2] DEBUG o.s.h.c.j.Jackson2JsonEncoder - [64bbfad5] Encoding [[Person{name='Robert'}, Person{name='Marie'}]]
12:32:44.339 [XNIO-35 I/O-2] DEBUG o.s.w.s.a.HttpWebHandlerAdapter - [64bbfad5] Completed 200 OK
12:32:44.339 [Test worker] DEBUG o.s.w.c.RestTemplate - Response 200 OK
12:32:44.339 [Test worker] DEBUG o.s.w.c.RestTemplate - Reading to [java.util.List<org.springframework.web.reactive.result.method.annotation.RequestMappingMessageConversionIntegrationTests$Person>]
12:32:44.340 [Test worker] DEBUG o.s.w.t.h.s.r.b.UndertowHttpServer - Stopping UndertowHttpServer...
12:32:44.340 [Test worker] INFO  i.undertow - stopping server: Undertow - 2.0.32.Final
12:32:44.342 [Test worker] DEBUG o.s.w.t.h.s.r.b.UndertowHttpServer - Server stopped (0 millis).
12:32:44.437 [Test worker] DEBUG o.s.w.r.r.m.a.RequestMappingHandlerMapping - 39 mappings in 'requestMappingHandlerMapping'
12:32:44.464 [Test worker] DEBUG o.s.w.r.r.m.a.ControllerMethodResolver - ControllerAdvice beans: none
12:32:44.504 [Test worker] DEBUG o.s.w.s.a.HttpWebHandlerAdapter - enableLoggingRequestDetails='false': form data and headers will be masked to prevent unsafe logging of potentially sensitive data
12:32:44.505 [Test worker] WARN  o.e.j.s.h.ContextHandler - Empty contextPath
12:32:44.505 [Test worker] INFO  o.e.j.s.h.ContextHandler - Started o.e.j.s.ServletContextHandler@87c58a9{/,null,AVAILABLE}
12:32:44.505 [Test worker] DEBUG o.s.w.t.h.s.r.b.JettyHttpServer - Starting JettyHttpServer...
12:32:44.505 [Test worker] INFO  o.e.j.s.Server - jetty-9.4.31.v20200723; built: 2020-07-23T17:57:36.812Z; git: 450ba27947e13e66baa8cd1ce7e85a4461cacc1d; jvm 1.8.0_191-b12
12:32:44.511 [Test worker] INFO  o.e.j.s.AbstractConnector - Started ServerConnector@4191b1e8{HTTP/1.1, (http/1.1)}{0.0.0.0:51396}
12:32:44.511 [Test worker] INFO  o.e.j.s.Server - Started @252201ms
12:32:44.511 [Test worker] DEBUG o.s.w.t.h.s.r.b.JettyHttpServer - Server started on port 51396(0 millis).
12:32:44.511 [Test worker] DEBUG o.s.w.c.RestTemplate - HTTP POST http://localhost:51396/person-create/publisher
12:32:44.511 [Test worker] DEBUG o.s.w.c.RestTemplate - Accept=[application/json, application/x-jackson-smile, application/*+json]
12:32:44.511 [Test worker] DEBUG o.s.w.c.RestTemplate - Writing [org.springframework.web.reactive.result.method.annotation.RequestMappingMessageConversionIntegrationTests$People@36c3e778] as "application/xml"
12:32:44.519 [qtp1165065531-1051] DEBUG o.s.w.s.a.HttpWebHandlerAdapter - [2344e1b3] HTTP POST "/person-create/publisher"
12:32:44.519 [qtp1165065531-1051] DEBUG o.s.w.r.r.m.a.RequestMappingHandlerMapping - [2344e1b3] Mapped to org.springframework.web.reactive.result.method.annotation.RequestMappingMessageConversionIntegrationTests$PersonCreateController#createWithPublisher(Publisher)
12:32:44.520 [qtp1165065531-1051] DEBUG o.s.w.r.r.m.a.RequestBodyMethodArgumentResolver - [2344e1b3] Content-Type:application/xml
12:32:44.521 [qtp1165065531-1051] DEBUG o.s.w.r.r.m.a.RequestBodyMethodArgumentResolver - [2344e1b3] 0..N [org.springframework.web.reactive.result.method.annotation.RequestMappingMessageConversionIntegrationTests$Person]
12:32:44.527 [qtp1165065531-1051] DEBUG o.s.h.c.x.Jaxb2XmlDecoder - [2344e1b3] Decoded [Person{name='Robert'}]
12:32:44.527 [qtp1165065531-1051] DEBUG o.s.h.c.x.Jaxb2XmlDecoder - [2344e1b3] Decoded [Person{name='Marie'}]
12:32:44.528 [qtp1165065531-1051] DEBUG o.s.w.s.a.HttpWebHandlerAdapter - [2344e1b3] Completed 200 OK
12:32:44.528 [Test worker] DEBUG o.s.w.c.RestTemplate - Response 200 OK
12:32:44.528 [Test worker] DEBUG o.s.w.t.h.s.r.b.JettyHttpServer - Stopping JettyHttpServer...
12:32:44.529 [Test worker] INFO  o.e.j.s.h.ContextHandler - Stopped o.e.j.s.ServletContextHandler@87c58a9{/,null,UNAVAILABLE}
12:32:44.531 [Test worker] INFO  o.e.j.s.AbstractConnector - Stopped ServerConnector@4191b1e8{HTTP/1.1, (http/1.1)}{0.0.0.0:0}
12:32:44.532 [Test worker] DEBUG o.s.w.t.h.s.r.b.JettyHttpServer - Server stopped (0 millis).
12:32:44.604 [Test worker] DEBUG o.s.w.r.r.m.a.RequestMappingHandlerMapping - 39 mappings in 'requestMappingHandlerMapping'
12:32:44.630 [Test worker] DEBUG o.s.w.r.r.m.a.ControllerMethodResolver - ControllerAdvice beans: none
12:32:44.661 [Test worker] DEBUG o.s.w.s.a.HttpWebHandlerAdapter - enableLoggingRequestDetails='false': form data and headers will be masked to prevent unsafe logging of potentially sensitive data
12:32:44.661 [Test worker] DEBUG o.s.w.t.h.s.r.b.ReactorHttpServer - Starting ReactorHttpServer...
12:32:44.663 [Test worker] DEBUG o.s.w.t.h.s.r.b.ReactorHttpServer - Server started on port 51402(0 millis).
12:32:44.664 [Test worker] DEBUG o.s.w.c.RestTemplate - HTTP POST http://localhost:51402/person-create/publisher
12:32:44.664 [Test worker] DEBUG o.s.w.c.RestTemplate - Accept=[application/json, application/x-jackson-smile, application/*+json]
12:32:44.664 [Test worker] DEBUG o.s.w.c.RestTemplate - Writing [org.springframework.web.reactive.result.method.annotation.RequestMappingMessageConversionIntegrationTests$People@5572beca] as "application/xml"
12:32:44.673 [reactor-http-nio-4] DEBUG o.s.w.s.a.HttpWebHandlerAdapter - [d07e34a9-38] HTTP POST "/person-create/publisher"
12:32:44.673 [reactor-http-nio-4] DEBUG o.s.w.r.r.m.a.RequestMappingHandlerMapping - [d07e34a9-38] Mapped to org.springframework.web.reactive.result.method.annotation.RequestMappingMessageConversionIntegrationTests$PersonCreateController#createWithPublisher(Publisher)
12:32:44.674 [reactor-http-nio-4] DEBUG o.s.w.r.r.m.a.RequestBodyMethodArgumentResolver - [d07e34a9-38] Content-Type:application/xml
12:32:44.675 [reactor-http-nio-4] DEBUG o.s.w.r.r.m.a.RequestBodyMethodArgumentResolver - [d07e34a9-38] 0..N [org.springframework.web.reactive.result.method.annotation.RequestMappingMessageConversionIntegrationTests$Person]
12:32:44.680 [reactor-http-nio-4] DEBUG o.s.h.c.x.Jaxb2XmlDecoder - [d07e34a9-38] Decoded [Person{name='Robert'}]
12:32:44.681 [reactor-http-nio-4] DEBUG o.s.h.c.x.Jaxb2XmlDecoder - [d07e34a9-38] Decoded [Person{name='Marie'}]
12:32:44.681 [reactor-http-nio-4] DEBUG o.s.w.s.a.HttpWebHandlerAdapter - [d07e34a9-38] Completed 200 OK
12:32:44.682 [Test worker] DEBUG o.s.w.c.RestTemplate - Response 200 OK
12:32:44.682 [Test worker] DEBUG o.s.w.t.h.s.r.b.ReactorHttpServer - Stopping ReactorHttpServer...
12:32:44.682 [Test worker] DEBUG o.s.w.t.h.s.r.b.ReactorHttpServer - Server stopped (0 millis).
12:32:44.760 [Test worker] DEBUG o.s.w.r.r.m.a.RequestMappingHandlerMapping - 39 mappings in 'requestMappingHandlerMapping'
12:32:44.788 [Test worker] DEBUG o.s.w.r.r.m.a.ControllerMethodResolver - ControllerAdvice beans: none
12:32:44.816 [Test worker] DEBUG o.s.w.s.a.HttpWebHandlerAdapter - enableLoggingRequestDetails='false': form data and headers will be masked to prevent unsafe logging of potentially sensitive data
12:32:44.817 [Test worker] DEBUG o.s.w.t.h.s.r.b.TomcatHttpServer - Starting TomcatHttpServer...
12:32:44.830 [Test worker] DEBUG o.s.w.t.h.s.r.b.TomcatHttpServer - Server started on port 51404(0 millis).
12:32:44.831 [Test worker] DEBUG o.s.w.c.RestTemplate - HTTP POST http://localhost:51404/person-create/publisher
12:32:44.831 [Test worker] DEBUG o.s.w.c.RestTemplate - Accept=[application/json, application/x-jackson-smile, application/*+json]
12:32:44.831 [Test worker] DEBUG o.s.w.c.RestTemplate - Writing [org.springframework.web.reactive.result.method.annotation.RequestMappingMessageConversionIntegrationTests$People@3a905519] as "application/xml"
12:32:44.844 [http-nio-auto-36-exec-1] DEBUG o.s.w.s.a.HttpWebHandlerAdapter - [2836b8af] HTTP POST "/person-create/publisher"
12:32:44.845 [http-nio-auto-36-exec-1] DEBUG o.s.w.r.r.m.a.RequestMappingHandlerMapping - [2836b8af] Mapped to org.springframework.web.reactive.result.method.annotation.RequestMappingMessageConversionIntegrationTests$PersonCreateController#createWithPublisher(Publisher)
12:32:44.845 [http-nio-auto-36-exec-1] DEBUG o.s.w.r.r.m.a.RequestBodyMethodArgumentResolver - [2836b8af] Content-Type:application/xml
12:32:44.847 [http-nio-auto-36-exec-1] DEBUG o.s.w.r.r.m.a.RequestBodyMethodArgumentResolver - [2836b8af] 0..N [org.springframework.web.reactive.result.method.annotation.RequestMappingMessageConversionIntegrationTests$Person]
12:32:44.852 [http-nio-auto-36-exec-1] DEBUG o.s.h.c.x.Jaxb2XmlDecoder - [2836b8af] Decoded [Person{name='Robert'}]
12:32:44.853 [http-nio-auto-36-exec-1] DEBUG o.s.h.c.x.Jaxb2XmlDecoder - [2836b8af] Decoded [Person{name='Marie'}]
12:32:44.853 [http-nio-auto-36-exec-1] DEBUG o.s.w.s.a.HttpWebHandlerAdapter - [2836b8af] Completed 200 OK
12:32:44.854 [Test worker] DEBUG o.s.w.c.RestTemplate - Response 200 OK
12:32:44.854 [Test worker] DEBUG o.s.w.t.h.s.r.b.TomcatHttpServer - Stopping TomcatHttpServer...
12:32:45.569 [Test worker] DEBUG o.s.w.t.h.s.r.b.TomcatHttpServer - Server stopped (0 millis).
12:32:45.742 [Test worker] DEBUG o.s.w.r.r.m.a.RequestMappingHandlerMapping - 39 mappings in 'requestMappingHandlerMapping'
12:32:45.817 [Test worker] DEBUG o.s.w.r.r.m.a.ControllerMethodResolver - ControllerAdvice beans: none
12:32:45.841 [Test worker] DEBUG o.s.w.s.a.HttpWebHandlerAdapter - enableLoggingRequestDetails='false': form data and headers will be masked to prevent unsafe logging of potentially sensitive data
12:32:45.842 [Test worker] DEBUG o.s.w.t.h.s.r.b.UndertowHttpServer - Starting UndertowHttpServer...
12:32:45.842 [Test worker] INFO  i.undertow - starting server: Undertow - 2.0.32.Final
12:32:45.850 [Test worker] DEBUG o.s.w.t.h.s.r.b.UndertowHttpServer - Server started on port 51440(0 millis).
12:32:45.851 [Test worker] DEBUG o.s.w.c.RestTemplate - HTTP POST http://localhost:51440/person-create/publisher
12:32:45.851 [Test worker] DEBUG o.s.w.c.RestTemplate - Accept=[application/json, application/x-jackson-smile, application/*+json]
12:32:45.851 [Test worker] DEBUG o.s.w.c.RestTemplate - Writing [org.springframework.web.reactive.result.method.annotation.RequestMappingMessageConversionIntegrationTests$People@67cb0767] as "application/xml"
12:32:45.864 [XNIO-36 I/O-2] DEBUG o.s.w.s.a.HttpWebHandlerAdapter - [115f05f7] HTTP POST "/person-create/publisher"
12:32:45.864 [XNIO-36 I/O-2] DEBUG o.s.w.r.r.m.a.RequestMappingHandlerMapping - [115f05f7] Mapped to org.springframework.web.reactive.result.method.annotation.RequestMappingMessageConversionIntegrationTests$PersonCreateController#createWithPublisher(Publisher)
12:32:45.865 [XNIO-36 I/O-2] DEBUG o.s.w.r.r.m.a.RequestBodyMethodArgumentResolver - [115f05f7] Content-Type:application/xml
12:32:45.866 [XNIO-36 I/O-2] DEBUG o.s.w.r.r.m.a.RequestBodyMethodArgumentResolver - [115f05f7] 0..N [org.springframework.web.reactive.result.method.annotation.RequestMappingMessageConversionIntegrationTests$Person]
12:32:45.871 [XNIO-36 I/O-2] DEBUG o.s.h.c.x.Jaxb2XmlDecoder - [115f05f7] Decoded [Person{name='Robert'}]
12:32:45.872 [XNIO-36 I/O-2] DEBUG o.s.h.c.x.Jaxb2XmlDecoder - [115f05f7] Decoded [Person{name='Marie'}]
12:32:45.872 [XNIO-36 I/O-2] DEBUG o.s.w.s.a.HttpWebHandlerAdapter - [115f05f7] Completed 200 OK
12:32:45.872 [Test worker] DEBUG o.s.w.c.RestTemplate - Response 200 OK
12:32:45.873 [Test worker] DEBUG o.s.w.t.h.s.r.b.UndertowHttpServer - Stopping UndertowHttpServer...
12:32:45.873 [Test worker] INFO  i.undertow - stopping server: Undertow - 2.0.32.Final
12:32:45.874 [Test worker] DEBUG o.s.w.t.h.s.r.b.UndertowHttpServer - Server stopped (0 millis).
12:32:46.022 [Test worker] DEBUG o.s.w.r.r.m.a.RequestMappingHandlerMapping - 39 mappings in 'requestMappingHandlerMapping'
12:32:46.228 [Test worker] DEBUG o.s.w.r.r.m.a.ControllerMethodResolver - ControllerAdvice beans: none
12:32:46.304 [Test worker] DEBUG o.s.w.s.a.HttpWebHandlerAdapter - enableLoggingRequestDetails='false': form data and headers will be masked to prevent unsafe logging of potentially sensitive data
12:32:46.306 [Test worker] WARN  o.e.j.s.h.ContextHandler - Empty contextPath
12:32:46.306 [Test worker] INFO  o.e.j.s.h.ContextHandler - Started o.e.j.s.ServletContextHandler@58aed72d{/,null,AVAILABLE}
12:32:46.307 [Test worker] DEBUG o.s.w.t.h.s.r.b.JettyHttpServer - Starting JettyHttpServer...
12:32:46.307 [Test worker] INFO  o.e.j.s.Server - jetty-9.4.31.v20200723; built: 2020-07-23T17:57:36.812Z; git: 450ba27947e13e66baa8cd1ce7e85a4461cacc1d; jvm 1.8.0_191-b12
12:32:46.386 [Test worker] INFO  o.e.j.s.AbstractConnector - Started ServerConnector@24368c62{HTTP/1.1, (http/1.1)}{0.0.0.0:51452}
12:32:46.387 [Test worker] INFO  o.e.j.s.Server - Started @254078ms
12:32:46.387 [Test worker] DEBUG o.s.w.t.h.s.r.b.JettyHttpServer - Server started on port 51452(0 millis).
12:32:46.387 [Test worker] DEBUG o.s.w.c.RestTemplate - HTTP POST http://localhost:51452/person-transform/completable-future
12:32:46.388 [Test worker] DEBUG o.s.w.c.RestTemplate - Accept=[application/xml, text/xml, application/json, application/x-jackson-smile, application/*+xml, application/*+json]
12:32:46.388 [Test worker] DEBUG o.s.w.c.RestTemplate - Writing [Person{name='Robert'}] as "application/json"
12:32:46.413 [qtp1820457612-1079] DEBUG o.s.w.s.a.HttpWebHandlerAdapter - [1dc32e53] HTTP POST "/person-transform/completable-future"
12:32:46.413 [qtp1820457612-1079] DEBUG o.s.w.r.r.m.a.RequestMappingHandlerMapping - [1dc32e53] Mapped to org.springframework.web.reactive.result.method.annotation.RequestMappingMessageConversionIntegrationTests$PersonTransformationController#transformCompletableFuture(CompletableFuture)
12:32:46.414 [qtp1820457612-1079] DEBUG o.s.w.r.r.m.a.RequestBodyMethodArgumentResolver - [1dc32e53] Content-Type:application/json;charset=UTF-8
12:32:46.414 [qtp1820457612-1079] DEBUG o.s.w.r.r.m.a.RequestBodyMethodArgumentResolver - [1dc32e53] 0..1 [org.springframework.web.reactive.result.method.annotation.RequestMappingMessageConversionIntegrationTests$Person]
12:32:46.415 [qtp1820457612-1079] DEBUG o.s.h.c.j.Jackson2JsonDecoder - [1dc32e53] Decoded [Person{name='Robert'}]
12:32:46.417 [qtp1820457612-1079] DEBUG o.s.w.r.r.m.a.ResponseBodyResultHandler - Using 'application/json' given [application/json] and supported [application/json, application/*+json, application/x-jackson-smile, application/*+x-jackson-smile, application/xml, text/xml, text/event-stream]
12:32:46.417 [qtp1820457612-1079] DEBUG o.s.w.r.r.m.a.ResponseBodyResultHandler - [1dc32e53] 0..1 [org.springframework.web.reactive.result.method.annotation.RequestMappingMessageConversionIntegrationTests$Person]
12:32:46.417 [qtp1820457612-1079] DEBUG o.s.h.c.j.Jackson2JsonEncoder - [1dc32e53] Encoding [Person{name='ROBERT'}]
12:32:46.418 [Test worker] DEBUG o.s.w.c.RestTemplate - Response 200 OK
12:32:46.418 [qtp1820457612-1079] DEBUG o.s.w.s.a.HttpWebHandlerAdapter - [1dc32e53] Completed 200 OK
12:32:46.419 [Test worker] DEBUG o.s.w.c.RestTemplate - Reading to [org.springframework.web.reactive.result.method.annotation.RequestMappingMessageConversionIntegrationTests$Person]
12:32:46.419 [Test worker] DEBUG o.s.w.t.h.s.r.b.JettyHttpServer - Stopping JettyHttpServer...
12:32:46.419 [Test worker] INFO  o.e.j.s.h.ContextHandler - Stopped o.e.j.s.ServletContextHandler@58aed72d{/,null,UNAVAILABLE}
12:32:46.423 [Test worker] INFO  o.e.j.s.AbstractConnector - Stopped ServerConnector@24368c62{HTTP/1.1, (http/1.1)}{0.0.0.0:0}
12:32:46.425 [Test worker] DEBUG o.s.w.t.h.s.r.b.JettyHttpServer - Server stopped (0 millis).
12:32:46.537 [Test worker] DEBUG o.s.w.r.r.m.a.RequestMappingHandlerMapping - 39 mappings in 'requestMappingHandlerMapping'
12:32:46.580 [Test worker] DEBUG o.s.w.r.r.m.a.ControllerMethodResolver - ControllerAdvice beans: none
12:32:46.635 [Test worker] DEBUG o.s.w.s.a.HttpWebHandlerAdapter - enableLoggingRequestDetails='false': form data and headers will be masked to prevent unsafe logging of potentially sensitive data
12:32:46.635 [Test worker] DEBUG o.s.w.t.h.s.r.b.ReactorHttpServer - Starting ReactorHttpServer...
12:32:46.642 [Test worker] DEBUG o.s.w.t.h.s.r.b.ReactorHttpServer - Server started on port 51464(0 millis).
12:32:46.643 [Test worker] DEBUG o.s.w.c.RestTemplate - HTTP POST http://localhost:51464/person-transform/completable-future
12:32:46.644 [Test worker] DEBUG o.s.w.c.RestTemplate - Accept=[application/xml, text/xml, application/json, application/x-jackson-smile, application/*+xml, application/*+json]
12:32:46.645 [Test worker] DEBUG o.s.w.c.RestTemplate - Writing [Person{name='Robert'}] as "application/json"
12:32:46.647 [reactor-http-nio-2] DEBUG o.s.w.s.a.HttpWebHandlerAdapter - [b6f3981a-39] HTTP POST "/person-transform/completable-future"
12:32:46.648 [reactor-http-nio-2] DEBUG o.s.w.r.r.m.a.RequestMappingHandlerMapping - [b6f3981a-39] Mapped to org.springframework.web.reactive.result.method.annotation.RequestMappingMessageConversionIntegrationTests$PersonTransformationController#transformCompletableFuture(CompletableFuture)
12:32:46.648 [reactor-http-nio-2] DEBUG o.s.w.r.r.m.a.RequestBodyMethodArgumentResolver - [b6f3981a-39] Content-Type:application/json
12:32:46.649 [reactor-http-nio-2] DEBUG o.s.w.r.r.m.a.RequestBodyMethodArgumentResolver - [b6f3981a-39] 0..1 [org.springframework.web.reactive.result.method.annotation.RequestMappingMessageConversionIntegrationTests$Person]
12:32:46.651 [reactor-http-nio-2] DEBUG o.s.w.r.r.m.a.ResponseBodyResultHandler - Using 'application/json' given [application/json] and supported [application/json, application/*+json, application/x-jackson-smile, application/*+x-jackson-smile, application/xml, text/xml, text/event-stream]
12:32:46.652 [reactor-http-nio-2] DEBUG o.s.w.r.r.m.a.ResponseBodyResultHandler - [b6f3981a-39] 0..1 [org.springframework.web.reactive.result.method.annotation.RequestMappingMessageConversionIntegrationTests$Person]
12:32:46.653 [reactor-http-nio-2] DEBUG o.s.h.c.j.Jackson2JsonDecoder - [b6f3981a-39] Decoded [Person{name='Robert'}]
12:32:46.653 [reactor-http-nio-2] DEBUG o.s.h.c.j.Jackson2JsonEncoder - [b6f3981a-39] Encoding [Person{name='ROBERT'}]
12:32:46.655 [Test worker] DEBUG o.s.w.c.RestTemplate - Response 200 OK
12:32:46.655 [reactor-http-nio-2] DEBUG o.s.w.s.a.HttpWebHandlerAdapter - [b6f3981a-39] Completed 200 OK
12:32:46.655 [Test worker] DEBUG o.s.w.c.RestTemplate - Reading to [org.springframework.web.reactive.result.method.annotation.RequestMappingMessageConversionIntegrationTests$Person]
12:32:46.655 [Test worker] DEBUG o.s.w.t.h.s.r.b.ReactorHttpServer - Stopping ReactorHttpServer...
12:32:46.656 [Test worker] DEBUG o.s.w.t.h.s.r.b.ReactorHttpServer - Server stopped (0 millis).
12:32:46.756 [Test worker] DEBUG o.s.w.r.r.m.a.RequestMappingHandlerMapping - 39 mappings in 'requestMappingHandlerMapping'
12:32:46.790 [Test worker] DEBUG o.s.w.r.r.m.a.ControllerMethodResolver - ControllerAdvice beans: none
12:32:46.827 [Test worker] DEBUG o.s.w.s.a.HttpWebHandlerAdapter - enableLoggingRequestDetails='false': form data and headers will be masked to prevent unsafe logging of potentially sensitive data
12:32:46.833 [Test worker] DEBUG o.s.w.t.h.s.r.b.TomcatHttpServer - Starting TomcatHttpServer...
12:32:46.885 [Test worker] DEBUG o.s.w.t.h.s.r.b.TomcatHttpServer - Server started on port 51466(0 millis).
12:32:46.885 [Test worker] DEBUG o.s.w.c.RestTemplate - HTTP POST http://localhost:51466/person-transform/completable-future
12:32:46.887 [Test worker] DEBUG o.s.w.c.RestTemplate - Accept=[application/xml, text/xml, application/json, application/x-jackson-smile, application/*+xml, application/*+json]
12:32:46.891 [Test worker] DEBUG o.s.w.c.RestTemplate - Writing [Person{name='Robert'}] as "application/json"
12:32:46.897 [http-nio-auto-37-exec-1] DEBUG o.s.w.s.a.HttpWebHandlerAdapter - [1f723ac0] HTTP POST "/person-transform/completable-future"
12:32:46.898 [http-nio-auto-37-exec-1] DEBUG o.s.w.r.r.m.a.RequestMappingHandlerMapping - [1f723ac0] Mapped to org.springframework.web.reactive.result.method.annotation.RequestMappingMessageConversionIntegrationTests$PersonTransformationController#transformCompletableFuture(CompletableFuture)
12:32:46.899 [http-nio-auto-37-exec-1] DEBUG o.s.w.r.r.m.a.RequestBodyMethodArgumentResolver - [1f723ac0] Content-Type:application/json
12:32:46.900 [http-nio-auto-37-exec-1] DEBUG o.s.w.r.r.m.a.RequestBodyMethodArgumentResolver - [1f723ac0] 0..1 [org.springframework.web.reactive.result.method.annotation.RequestMappingMessageConversionIntegrationTests$Person]
12:32:46.901 [http-nio-auto-37-exec-1] DEBUG o.s.w.r.r.m.a.ResponseBodyResultHandler - Using 'application/json' given [application/json] and supported [application/json, application/*+json, application/x-jackson-smile, application/*+x-jackson-smile, application/xml, text/xml, text/event-stream]
12:32:46.902 [http-nio-auto-37-exec-1] DEBUG o.s.w.r.r.m.a.ResponseBodyResultHandler - [1f723ac0] 0..1 [org.springframework.web.reactive.result.method.annotation.RequestMappingMessageConversionIntegrationTests$Person]
12:32:46.902 [http-nio-auto-37-exec-1] DEBUG o.s.h.c.j.Jackson2JsonDecoder - [1f723ac0] Decoded [Person{name='Robert'}]
12:32:46.902 [http-nio-auto-37-exec-1] DEBUG o.s.h.c.j.Jackson2JsonEncoder - [1f723ac0] Encoding [Person{name='ROBERT'}]
12:32:46.903 [http-nio-auto-37-exec-1] DEBUG o.s.w.s.a.HttpWebHandlerAdapter - [1f723ac0] Completed 200 OK
12:32:46.903 [Test worker] DEBUG o.s.w.c.RestTemplate - Response 200 OK
12:32:46.903 [Test worker] DEBUG o.s.w.c.RestTemplate - Reading to [org.springframework.web.reactive.result.method.annotation.RequestMappingMessageConversionIntegrationTests$Person]
12:32:46.905 [Test worker] DEBUG o.s.w.t.h.s.r.b.TomcatHttpServer - Stopping TomcatHttpServer...
12:32:47.317 [Test worker] DEBUG o.s.w.t.h.s.r.b.TomcatHttpServer - Server stopped (0 millis).
12:32:47.515 [Test worker] DEBUG o.s.w.r.r.m.a.RequestMappingHandlerMapping - 39 mappings in 'requestMappingHandlerMapping'
12:32:47.552 [Test worker] DEBUG o.s.w.r.r.m.a.ControllerMethodResolver - ControllerAdvice beans: none
12:32:47.580 [Test worker] DEBUG o.s.w.s.a.HttpWebHandlerAdapter - enableLoggingRequestDetails='false': form data and headers will be masked to prevent unsafe logging of potentially sensitive data
12:32:47.580 [Test worker] DEBUG o.s.w.t.h.s.r.b.UndertowHttpServer - Starting UndertowHttpServer...
12:32:47.580 [Test worker] INFO  i.undertow - starting server: Undertow - 2.0.32.Final
12:32:47.588 [Test worker] DEBUG o.s.w.t.h.s.r.b.UndertowHttpServer - Server started on port 51495(0 millis).
12:32:47.588 [Test worker] DEBUG o.s.w.c.RestTemplate - HTTP POST http://localhost:51495/person-transform/completable-future
12:32:47.589 [Test worker] DEBUG o.s.w.c.RestTemplate - Accept=[application/xml, text/xml, application/json, application/x-jackson-smile, application/*+xml, application/*+json]
12:32:47.589 [Test worker] DEBUG o.s.w.c.RestTemplate - Writing [Person{name='Robert'}] as "application/json"
12:32:47.601 [XNIO-37 I/O-2] DEBUG o.s.w.s.a.HttpWebHandlerAdapter - [d18d3a3] HTTP POST "/person-transform/completable-future"
12:32:47.601 [XNIO-37 I/O-2] DEBUG o.s.w.r.r.m.a.RequestMappingHandlerMapping - [d18d3a3] Mapped to org.springframework.web.reactive.result.method.annotation.RequestMappingMessageConversionIntegrationTests$PersonTransformationController#transformCompletableFuture(CompletableFuture)
12:32:47.602 [XNIO-37 I/O-2] DEBUG o.s.w.r.r.m.a.RequestBodyMethodArgumentResolver - [d18d3a3] Content-Type:application/json
12:32:47.603 [XNIO-37 I/O-2] DEBUG o.s.w.r.r.m.a.RequestBodyMethodArgumentResolver - [d18d3a3] 0..1 [org.springframework.web.reactive.result.method.annotation.RequestMappingMessageConversionIntegrationTests$Person]
12:32:47.603 [XNIO-37 I/O-2] DEBUG o.s.h.c.j.Jackson2JsonDecoder - [d18d3a3] Decoded [Person{name='Robert'}]
12:32:47.604 [XNIO-37 I/O-2] DEBUG o.s.w.r.r.m.a.ResponseBodyResultHandler - Using 'application/json' given [application/json] and supported [application/json, application/*+json, application/x-jackson-smile, application/*+x-jackson-smile, application/xml, text/xml, text/event-stream]
12:32:47.604 [XNIO-37 I/O-2] DEBUG o.s.w.r.r.m.a.ResponseBodyResultHandler - [d18d3a3] 0..1 [org.springframework.web.reactive.result.method.annotation.RequestMappingMessageConversionIntegrationTests$Person]
12:32:47.605 [XNIO-37 I/O-2] DEBUG o.s.h.c.j.Jackson2JsonEncoder - [d18d3a3] Encoding [Person{name='ROBERT'}]
12:32:47.605 [Test worker] DEBUG o.s.w.c.RestTemplate - Response 200 OK
12:32:47.605 [XNIO-37 I/O-2] DEBUG o.s.w.s.a.HttpWebHandlerAdapter - [d18d3a3] Completed 200 OK
12:32:47.605 [Test worker] DEBUG o.s.w.c.RestTemplate - Reading to [org.springframework.web.reactive.result.method.annotation.RequestMappingMessageConversionIntegrationTests$Person]
12:32:47.606 [Test worker] DEBUG o.s.w.t.h.s.r.b.UndertowHttpServer - Stopping UndertowHttpServer...
12:32:47.606 [Test worker] INFO  i.undertow - stopping server: Undertow - 2.0.32.Final
12:32:47.607 [Test worker] DEBUG o.s.w.t.h.s.r.b.UndertowHttpServer - Server stopped (0 millis).
12:32:47.674 [Test worker] DEBUG o.s.w.r.r.m.a.RequestMappingHandlerMapping - 39 mappings in 'requestMappingHandlerMapping'
12:32:47.710 [Test worker] DEBUG o.s.w.r.r.m.a.ControllerMethodResolver - ControllerAdvice beans: none
12:32:47.742 [Test worker] DEBUG o.s.w.s.a.HttpWebHandlerAdapter - enableLoggingRequestDetails='false': form data and headers will be masked to prevent unsafe logging of potentially sensitive data
12:32:47.743 [Test worker] WARN  o.e.j.s.h.ContextHandler - Empty contextPath
12:32:47.743 [Test worker] INFO  o.e.j.s.h.ContextHandler - Started o.e.j.s.ServletContextHandler@7c6300bb{/,null,AVAILABLE}
12:32:47.743 [Test worker] DEBUG o.s.w.t.h.s.r.b.JettyHttpServer - Starting JettyHttpServer...
12:32:47.743 [Test worker] INFO  o.e.j.s.Server - jetty-9.4.31.v20200723; built: 2020-07-23T17:57:36.812Z; git: 450ba27947e13e66baa8cd1ce7e85a4461cacc1d; jvm 1.8.0_191-b12
12:32:47.764 [Test worker] INFO  o.e.j.s.AbstractConnector - Started ServerConnector@67921801{HTTP/1.1, (http/1.1)}{0.0.0.0:51497}
12:32:47.764 [Test worker] INFO  o.e.j.s.Server - Started @255454ms
12:32:47.764 [Test worker] DEBUG o.s.w.t.h.s.r.b.JettyHttpServer - Server started on port 51497(0 millis).
12:32:47.764 [Test worker] DEBUG o.s.w.c.RestTemplate - HTTP POST http://localhost:51497/person-transform/single
12:32:47.765 [Test worker] DEBUG o.s.w.c.RestTemplate - Accept=[application/xml, text/xml, application/json, application/x-jackson-smile, application/*+xml, application/*+json]
12:32:47.766 [Test worker] DEBUG o.s.w.c.RestTemplate - Writing [Person{name='Robert'}] as "application/json"
12:32:47.770 [qtp1399927312-1107] DEBUG o.s.w.s.a.HttpWebHandlerAdapter - [546d5068] HTTP POST "/person-transform/single"
12:32:47.771 [qtp1399927312-1107] DEBUG o.s.w.r.r.m.a.RequestMappingHandlerMapping - [546d5068] Mapped to org.springframework.web.reactive.result.method.annotation.RequestMappingMessageConversionIntegrationTests$PersonTransformationController#transformSingle(Single)
12:32:47.771 [qtp1399927312-1107] DEBUG o.s.w.r.r.m.a.RequestBodyMethodArgumentResolver - [546d5068] Content-Type:application/json;charset=UTF-8
12:32:47.772 [qtp1399927312-1107] DEBUG o.s.w.r.r.m.a.RequestBodyMethodArgumentResolver - [546d5068] 0..1 [org.springframework.web.reactive.result.method.annotation.RequestMappingMessageConversionIntegrationTests$Person]
12:32:47.779 [qtp1399927312-1107] DEBUG o.s.w.r.r.m.a.ResponseBodyResultHandler - Using 'application/json' given [application/json] and supported [application/json, application/*+json, application/x-jackson-smile, application/*+x-jackson-smile, application/xml, text/xml, text/event-stream]
12:32:47.779 [qtp1399927312-1107] DEBUG o.s.w.r.r.m.a.ResponseBodyResultHandler - [546d5068] 0..1 [org.springframework.web.reactive.result.method.annotation.RequestMappingMessageConversionIntegrationTests$Person]
12:32:47.780 [qtp1399927312-1107] DEBUG o.s.h.c.j.Jackson2JsonDecoder - [546d5068] Decoded [Person{name='Robert'}]
12:32:47.781 [qtp1399927312-1107] DEBUG o.s.h.c.j.Jackson2JsonEncoder - [546d5068] Encoding [Person{name='ROBERT'}]
12:32:47.782 [Test worker] DEBUG o.s.w.c.RestTemplate - Response 200 OK
12:32:47.782 [qtp1399927312-1107] DEBUG o.s.w.s.a.HttpWebHandlerAdapter - [546d5068] Completed 200 OK
12:32:47.782 [Test worker] DEBUG o.s.w.c.RestTemplate - Reading to [org.springframework.web.reactive.result.method.annotation.RequestMappingMessageConversionIntegrationTests$Person]
12:32:47.782 [Test worker] DEBUG o.s.w.t.h.s.r.b.JettyHttpServer - Stopping JettyHttpServer...
12:32:47.782 [Test worker] INFO  o.e.j.s.h.ContextHandler - Stopped o.e.j.s.ServletContextHandler@7c6300bb{/,null,UNAVAILABLE}
12:32:47.786 [Test worker] INFO  o.e.j.s.AbstractConnector - Stopped ServerConnector@67921801{HTTP/1.1, (http/1.1)}{0.0.0.0:0}
12:32:47.800 [Test worker] DEBUG o.s.w.t.h.s.r.b.JettyHttpServer - Server stopped (0 millis).
12:32:47.903 [Test worker] DEBUG o.s.w.r.r.m.a.RequestMappingHandlerMapping - 39 mappings in 'requestMappingHandlerMapping'
12:32:47.929 [Test worker] DEBUG o.s.w.r.r.m.a.ControllerMethodResolver - ControllerAdvice beans: none
12:32:47.957 [Test worker] DEBUG o.s.w.s.a.HttpWebHandlerAdapter - enableLoggingRequestDetails='false': form data and headers will be masked to prevent unsafe logging of potentially sensitive data
12:32:47.957 [Test worker] DEBUG o.s.w.t.h.s.r.b.ReactorHttpServer - Starting ReactorHttpServer...
12:32:47.969 [Test worker] DEBUG o.s.w.t.h.s.r.b.ReactorHttpServer - Server started on port 51509(0 millis).
12:32:47.970 [Test worker] DEBUG o.s.w.c.RestTemplate - HTTP POST http://localhost:51509/person-transform/single
12:32:47.971 [Test worker] DEBUG o.s.w.c.RestTemplate - Accept=[application/xml, text/xml, application/json, application/x-jackson-smile, application/*+xml, application/*+json]
12:32:47.972 [Test worker] DEBUG o.s.w.c.RestTemplate - Writing [Person{name='Robert'}] as "application/json"
12:32:47.975 [reactor-http-nio-4] DEBUG o.s.w.s.a.HttpWebHandlerAdapter - [31819505-40] HTTP POST "/person-transform/single"
12:32:47.976 [reactor-http-nio-4] DEBUG o.s.w.r.r.m.a.RequestMappingHandlerMapping - [31819505-40] Mapped to org.springframework.web.reactive.result.method.annotation.RequestMappingMessageConversionIntegrationTests$PersonTransformationController#transformSingle(Single)
12:32:47.977 [reactor-http-nio-4] DEBUG o.s.w.r.r.m.a.RequestBodyMethodArgumentResolver - [31819505-40] Content-Type:application/json
12:32:47.977 [reactor-http-nio-4] DEBUG o.s.w.r.r.m.a.RequestBodyMethodArgumentResolver - [31819505-40] 0..1 [org.springframework.web.reactive.result.method.annotation.RequestMappingMessageConversionIntegrationTests$Person]
12:32:47.979 [reactor-http-nio-4] DEBUG o.s.w.r.r.m.a.ResponseBodyResultHandler - Using 'application/json' given [application/json] and supported [application/json, application/*+json, application/x-jackson-smile, application/*+x-jackson-smile, application/xml, text/xml, text/event-stream]
12:32:47.979 [reactor-http-nio-4] DEBUG o.s.w.r.r.m.a.ResponseBodyResultHandler - [31819505-40] 0..1 [org.springframework.web.reactive.result.method.annotation.RequestMappingMessageConversionIntegrationTests$Person]
12:32:47.980 [reactor-http-nio-4] DEBUG o.s.h.c.j.Jackson2JsonDecoder - [31819505-40] Decoded [Person{name='Robert'}]
12:32:47.980 [reactor-http-nio-4] DEBUG o.s.h.c.j.Jackson2JsonEncoder - [31819505-40] Encoding [Person{name='ROBERT'}]
12:32:47.982 [Test worker] DEBUG o.s.w.c.RestTemplate - Response 200 OK
12:32:47.982 [reactor-http-nio-4] DEBUG o.s.w.s.a.HttpWebHandlerAdapter - [31819505-40] Completed 200 OK
12:32:47.982 [Test worker] DEBUG o.s.w.c.RestTemplate - Reading to [org.springframework.web.reactive.result.method.annotation.RequestMappingMessageConversionIntegrationTests$Person]
12:32:47.982 [Test worker] DEBUG o.s.w.t.h.s.r.b.ReactorHttpServer - Stopping ReactorHttpServer...
12:32:47.983 [Test worker] DEBUG o.s.w.t.h.s.r.b.ReactorHttpServer - Server stopped (0 millis).
12:32:48.078 [Test worker] DEBUG o.s.w.r.r.m.a.RequestMappingHandlerMapping - 39 mappings in 'requestMappingHandlerMapping'
12:32:48.114 [Test worker] DEBUG o.s.w.r.r.m.a.ControllerMethodResolver - ControllerAdvice beans: none
12:32:48.156 [Test worker] DEBUG o.s.w.s.a.HttpWebHandlerAdapter - enableLoggingRequestDetails='false': form data and headers will be masked to prevent unsafe logging of potentially sensitive data
12:32:48.159 [Test worker] DEBUG o.s.w.t.h.s.r.b.TomcatHttpServer - Starting TomcatHttpServer...
12:32:48.191 [Test worker] DEBUG o.s.w.t.h.s.r.b.TomcatHttpServer - Server started on port 51511(0 millis).
12:32:48.191 [Test worker] DEBUG o.s.w.c.RestTemplate - HTTP POST http://localhost:51511/person-transform/single
12:32:48.192 [Test worker] DEBUG o.s.w.c.RestTemplate - Accept=[application/xml, text/xml, application/json, application/x-jackson-smile, application/*+xml, application/*+json]
12:32:48.192 [Test worker] DEBUG o.s.w.c.RestTemplate - Writing [Person{name='Robert'}] as "application/json"
12:32:48.231 [http-nio-auto-38-exec-1] DEBUG o.s.w.s.a.HttpWebHandlerAdapter - [65d1b5b0] HTTP POST "/person-transform/single"
12:32:48.232 [http-nio-auto-38-exec-1] DEBUG o.s.w.r.r.m.a.RequestMappingHandlerMapping - [65d1b5b0] Mapped to org.springframework.web.reactive.result.method.annotation.RequestMappingMessageConversionIntegrationTests$PersonTransformationController#transformSingle(Single)
12:32:48.232 [http-nio-auto-38-exec-1] DEBUG o.s.w.r.r.m.a.RequestBodyMethodArgumentResolver - [65d1b5b0] Content-Type:application/json
12:32:48.233 [http-nio-auto-38-exec-1] DEBUG o.s.w.r.r.m.a.RequestBodyMethodArgumentResolver - [65d1b5b0] 0..1 [org.springframework.web.reactive.result.method.annotation.RequestMappingMessageConversionIntegrationTests$Person]
12:32:48.234 [http-nio-auto-38-exec-1] DEBUG o.s.w.r.r.m.a.ResponseBodyResultHandler - Using 'application/json' given [application/json] and supported [application/json, application/*+json, application/x-jackson-smile, application/*+x-jackson-smile, application/xml, text/xml, text/event-stream]
12:32:48.234 [http-nio-auto-38-exec-1] DEBUG o.s.w.r.r.m.a.ResponseBodyResultHandler - [65d1b5b0] 0..1 [org.springframework.web.reactive.result.method.annotation.RequestMappingMessageConversionIntegrationTests$Person]
12:32:48.235 [http-nio-auto-38-exec-1] DEBUG o.s.h.c.j.Jackson2JsonDecoder - [65d1b5b0] Decoded [Person{name='Robert'}]
12:32:48.235 [http-nio-auto-38-exec-1] DEBUG o.s.h.c.j.Jackson2JsonEncoder - [65d1b5b0] Encoding [Person{name='ROBERT'}]
12:32:48.236 [Test worker] DEBUG o.s.w.c.RestTemplate - Response 200 OK
12:32:48.236 [Test worker] DEBUG o.s.w.c.RestTemplate - Reading to [org.springframework.web.reactive.result.method.annotation.RequestMappingMessageConversionIntegrationTests$Person]
12:32:48.237 [Test worker] DEBUG o.s.w.t.h.s.r.b.TomcatHttpServer - Stopping TomcatHttpServer...
12:32:48.239 [http-nio-auto-38-exec-1] DEBUG o.s.w.s.a.HttpWebHandlerAdapter - [65d1b5b0] Completed 200 OK
12:32:48.612 [Test worker] DEBUG o.s.w.t.h.s.r.b.TomcatHttpServer - Server stopped (0 millis).
12:32:48.708 [Test worker] DEBUG o.s.w.r.r.m.a.RequestMappingHandlerMapping - 39 mappings in 'requestMappingHandlerMapping'
12:32:48.743 [Test worker] DEBUG o.s.w.r.r.m.a.ControllerMethodResolver - ControllerAdvice beans: none
12:32:48.765 [Test worker] DEBUG o.s.w.s.a.HttpWebHandlerAdapter - enableLoggingRequestDetails='false': form data and headers will be masked to prevent unsafe logging of potentially sensitive data
12:32:48.767 [Test worker] DEBUG o.s.w.t.h.s.r.b.UndertowHttpServer - Starting UndertowHttpServer...
12:32:48.767 [Test worker] INFO  i.undertow - starting server: Undertow - 2.0.32.Final
12:32:48.781 [Test worker] DEBUG o.s.w.t.h.s.r.b.UndertowHttpServer - Server started on port 51534(0 millis).
12:32:48.781 [Test worker] DEBUG o.s.w.c.RestTemplate - HTTP POST http://localhost:51534/person-transform/single
12:32:48.785 [Test worker] DEBUG o.s.w.c.RestTemplate - Accept=[application/xml, text/xml, application/json, application/x-jackson-smile, application/*+xml, application/*+json]
12:32:48.786 [Test worker] DEBUG o.s.w.c.RestTemplate - Writing [Person{name='Robert'}] as "application/json"
12:32:48.798 [XNIO-38 I/O-2] DEBUG o.s.w.s.a.HttpWebHandlerAdapter - [7d6d0e01] HTTP POST "/person-transform/single"
12:32:48.798 [XNIO-38 I/O-2] DEBUG o.s.w.r.r.m.a.RequestMappingHandlerMapping - [7d6d0e01] Mapped to org.springframework.web.reactive.result.method.annotation.RequestMappingMessageConversionIntegrationTests$PersonTransformationController#transformSingle(Single)
12:32:48.799 [XNIO-38 I/O-2] DEBUG o.s.w.r.r.m.a.RequestBodyMethodArgumentResolver - [7d6d0e01] Content-Type:application/json
12:32:48.800 [XNIO-38 I/O-2] DEBUG o.s.w.r.r.m.a.RequestBodyMethodArgumentResolver - [7d6d0e01] 0..1 [org.springframework.web.reactive.result.method.annotation.RequestMappingMessageConversionIntegrationTests$Person]
12:32:48.801 [XNIO-38 I/O-2] DEBUG o.s.w.r.r.m.a.ResponseBodyResultHandler - Using 'application/json' given [application/json] and supported [application/json, application/*+json, application/x-jackson-smile, application/*+x-jackson-smile, application/xml, text/xml, text/event-stream]
12:32:48.801 [XNIO-38 I/O-2] DEBUG o.s.w.r.r.m.a.ResponseBodyResultHandler - [7d6d0e01] 0..1 [org.springframework.web.reactive.result.method.annotation.RequestMappingMessageConversionIntegrationTests$Person]
12:32:48.802 [XNIO-38 I/O-2] DEBUG o.s.h.c.j.Jackson2JsonDecoder - [7d6d0e01] Decoded [Person{name='Robert'}]
12:32:48.802 [XNIO-38 I/O-2] DEBUG o.s.h.c.j.Jackson2JsonEncoder - [7d6d0e01] Encoding [Person{name='ROBERT'}]
12:32:48.803 [Test worker] DEBUG o.s.w.c.RestTemplate - Response 200 OK
12:32:48.803 [XNIO-38 I/O-2] DEBUG o.s.w.s.a.HttpWebHandlerAdapter - [7d6d0e01] Completed 200 OK
12:32:48.803 [Test worker] DEBUG o.s.w.c.RestTemplate - Reading to [org.springframework.web.reactive.result.method.annotation.RequestMappingMessageConversionIntegrationTests$Person]
12:32:48.803 [Test worker] DEBUG o.s.w.t.h.s.r.b.UndertowHttpServer - Stopping UndertowHttpServer...
12:32:48.803 [Test worker] INFO  i.undertow - stopping server: Undertow - 2.0.32.Final
12:32:48.805 [Test worker] DEBUG o.s.w.t.h.s.r.b.UndertowHttpServer - Server stopped (0 millis).
12:32:48.908 [Test worker] DEBUG o.s.w.r.r.m.a.RequestMappingHandlerMapping - 39 mappings in 'requestMappingHandlerMapping'
12:32:48.934 [Test worker] DEBUG o.s.w.r.r.m.a.ControllerMethodResolver - ControllerAdvice beans: none
12:32:48.973 [Test worker] DEBUG o.s.w.s.a.HttpWebHandlerAdapter - enableLoggingRequestDetails='false': form data and headers will be masked to prevent unsafe logging of potentially sensitive data
12:32:48.974 [Test worker] WARN  o.e.j.s.h.ContextHandler - Empty contextPath
12:32:48.974 [Test worker] INFO  o.e.j.s.h.ContextHandler - Started o.e.j.s.ServletContextHandler@1566fa10{/,null,AVAILABLE}
12:32:48.975 [Test worker] DEBUG o.s.w.t.h.s.r.b.JettyHttpServer - Starting JettyHttpServer...
12:32:48.975 [Test worker] INFO  o.e.j.s.Server - jetty-9.4.31.v20200723; built: 2020-07-23T17:57:36.812Z; git: 450ba27947e13e66baa8cd1ce7e85a4461cacc1d; jvm 1.8.0_191-b12
12:32:49.002 [Test worker] INFO  o.e.j.s.AbstractConnector - Started ServerConnector@76dc090b{HTTP/1.1, (http/1.1)}{0.0.0.0:51536}
12:32:49.002 [Test worker] INFO  o.e.j.s.Server - Started @256693ms
12:32:49.002 [Test worker] DEBUG o.s.w.t.h.s.r.b.JettyHttpServer - Server started on port 51536(0 millis).
12:32:49.002 [Test worker] DEBUG o.s.w.c.RestTemplate - HTTP GET http://localhost:51536/person-response/mono-response-entity-xml
12:32:49.003 [Test worker] DEBUG o.s.w.c.RestTemplate - Accept=[text/plain, application/json, application/x-jackson-smile, application/*+json, */*]
12:32:49.011 [qtp367150938-1137] DEBUG o.s.w.s.a.HttpWebHandlerAdapter - [5979bef0] HTTP GET "/person-response/mono-response-entity-xml"
12:32:49.012 [qtp367150938-1137] DEBUG o.s.w.r.r.m.a.RequestMappingHandlerMapping - [5979bef0] Mapped to org.springframework.web.reactive.result.method.annotation.RequestMappingMessageConversionIntegrationTests$PersonResponseBodyController#getMonoResponseEntityXml()
12:32:49.013 [qtp367150938-1137] DEBUG o.s.w.r.r.m.a.ResponseEntityResultHandler - [5979bef0] Found 'Content-Type:application/xml' in response
12:32:49.013 [qtp367150938-1137] DEBUG o.s.w.r.r.m.a.ResponseEntityResultHandler - [5979bef0] 0..1 [org.springframework.web.reactive.result.method.annotation.RequestMappingMessageConversionIntegrationTests$Person]
12:32:49.015 [qtp367150938-1137] DEBUG o.s.h.c.x.Jaxb2XmlEncoder - [5979bef0] Encoding [Person{name='Robert'}]
12:32:49.021 [Test worker] DEBUG o.s.w.c.RestTemplate - Response 200 OK
12:32:49.021 [qtp367150938-1137] DEBUG o.s.w.s.a.HttpWebHandlerAdapter - [5979bef0] Completed 200 OK
12:32:49.021 [Test worker] DEBUG o.s.w.c.RestTemplate - Reading to [java.lang.String] as "application/xml"
12:32:49.021 [Test worker] DEBUG o.s.w.t.h.s.r.b.JettyHttpServer - Stopping JettyHttpServer...
12:32:49.021 [Test worker] INFO  o.e.j.s.h.ContextHandler - Stopped o.e.j.s.ServletContextHandler@1566fa10{/,null,UNAVAILABLE}
12:32:49.023 [Test worker] INFO  o.e.j.s.AbstractConnector - Stopped ServerConnector@76dc090b{HTTP/1.1, (http/1.1)}{0.0.0.0:0}
12:32:49.024 [Test worker] DEBUG o.s.w.t.h.s.r.b.JettyHttpServer - Server stopped (0 millis).
12:32:49.121 [Test worker] DEBUG o.s.w.r.r.m.a.RequestMappingHandlerMapping - 39 mappings in 'requestMappingHandlerMapping'
12:32:49.155 [Test worker] DEBUG o.s.w.r.r.m.a.ControllerMethodResolver - ControllerAdvice beans: none
12:32:49.179 [Test worker] DEBUG o.s.w.s.a.HttpWebHandlerAdapter - enableLoggingRequestDetails='false': form data and headers will be masked to prevent unsafe logging of potentially sensitive data
12:32:49.179 [Test worker] DEBUG o.s.w.t.h.s.r.b.ReactorHttpServer - Starting ReactorHttpServer...
12:32:49.182 [Test worker] DEBUG o.s.w.t.h.s.r.b.ReactorHttpServer - Server started on port 51542(0 millis).
12:32:49.182 [Test worker] DEBUG o.s.w.c.RestTemplate - HTTP GET http://localhost:51542/person-response/mono-response-entity-xml
12:32:49.182 [Test worker] DEBUG o.s.w.c.RestTemplate - Accept=[text/plain, application/json, application/x-jackson-smile, application/*+json, */*]
12:32:49.184 [reactor-http-nio-2] DEBUG o.s.w.s.a.HttpWebHandlerAdapter - [f0253de4-41] HTTP GET "/person-response/mono-response-entity-xml"
12:32:49.185 [reactor-http-nio-2] DEBUG o.s.w.r.r.m.a.RequestMappingHandlerMapping - [f0253de4-41] Mapped to org.springframework.web.reactive.result.method.annotation.RequestMappingMessageConversionIntegrationTests$PersonResponseBodyController#getMonoResponseEntityXml()
12:32:49.185 [reactor-http-nio-2] DEBUG o.s.w.r.r.m.a.ResponseEntityResultHandler - [f0253de4-41] Found 'Content-Type:application/xml' in response
12:32:49.185 [reactor-http-nio-2] DEBUG o.s.w.r.r.m.a.ResponseEntityResultHandler - [f0253de4-41] 0..1 [org.springframework.web.reactive.result.method.annotation.RequestMappingMessageConversionIntegrationTests$Person]
12:32:49.186 [reactor-http-nio-2] DEBUG o.s.h.c.x.Jaxb2XmlEncoder - [f0253de4-41] Encoding [Person{name='Robert'}]
12:32:49.191 [Test worker] DEBUG o.s.w.c.RestTemplate - Response 200 OK
12:32:49.191 [reactor-http-nio-2] DEBUG o.s.w.s.a.HttpWebHandlerAdapter - [f0253de4-41] Completed 200 OK
12:32:49.191 [Test worker] DEBUG o.s.w.c.RestTemplate - Reading to [java.lang.String] as "application/xml"
12:32:49.192 [Test worker] DEBUG o.s.w.t.h.s.r.b.ReactorHttpServer - Stopping ReactorHttpServer...
12:32:49.192 [Test worker] DEBUG o.s.w.t.h.s.r.b.ReactorHttpServer - Server stopped (0 millis).
12:32:49.291 [Test worker] DEBUG o.s.w.r.r.m.a.RequestMappingHandlerMapping - 39 mappings in 'requestMappingHandlerMapping'
12:32:49.338 [Test worker] DEBUG o.s.w.r.r.m.a.ControllerMethodResolver - ControllerAdvice beans: none
12:32:49.371 [Test worker] DEBUG o.s.w.s.a.HttpWebHandlerAdapter - enableLoggingRequestDetails='false': form data and headers will be masked to prevent unsafe logging of potentially sensitive data
12:32:49.371 [Test worker] DEBUG o.s.w.t.h.s.r.b.TomcatHttpServer - Starting TomcatHttpServer...
12:32:49.383 [Test worker] DEBUG o.s.w.t.h.s.r.b.TomcatHttpServer - Server started on port 51550(0 millis).
12:32:49.383 [Test worker] DEBUG o.s.w.c.RestTemplate - HTTP GET http://localhost:51550/person-response/mono-response-entity-xml
12:32:49.383 [Test worker] DEBUG o.s.w.c.RestTemplate - Accept=[text/plain, application/json, application/x-jackson-smile, application/*+json, */*]
12:32:49.431 [http-nio-auto-39-exec-1] DEBUG o.s.w.s.a.HttpWebHandlerAdapter - [7d4133cb] HTTP GET "/person-response/mono-response-entity-xml"
12:32:49.432 [http-nio-auto-39-exec-1] DEBUG o.s.w.r.r.m.a.RequestMappingHandlerMapping - [7d4133cb] Mapped to org.springframework.web.reactive.result.method.annotation.RequestMappingMessageConversionIntegrationTests$PersonResponseBodyController#getMonoResponseEntityXml()
12:32:49.432 [http-nio-auto-39-exec-1] DEBUG o.s.w.r.r.m.a.ResponseEntityResultHandler - [7d4133cb] Found 'Content-Type:application/xml' in response
12:32:49.432 [http-nio-auto-39-exec-1] DEBUG o.s.w.r.r.m.a.ResponseEntityResultHandler - [7d4133cb] 0..1 [org.springframework.web.reactive.result.method.annotation.RequestMappingMessageConversionIntegrationTests$Person]
12:32:49.432 [http-nio-auto-39-exec-1] DEBUG o.s.h.c.x.Jaxb2XmlEncoder - [7d4133cb] Encoding [Person{name='Robert'}]
12:32:49.458 [Test worker] DEBUG o.s.w.c.RestTemplate - Response 200 OK
12:32:49.458 [Test worker] DEBUG o.s.w.c.RestTemplate - Reading to [java.lang.String] as "application/xml"
12:32:49.458 [Test worker] DEBUG o.s.w.t.h.s.r.b.TomcatHttpServer - Stopping TomcatHttpServer...
12:32:49.467 [http-nio-auto-39-exec-1] DEBUG o.s.w.s.a.HttpWebHandlerAdapter - [7d4133cb] Completed 200 OK
12:32:49.810 [Test worker] DEBUG o.s.w.t.h.s.r.b.TomcatHttpServer - Server stopped (0 millis).
12:32:49.910 [Test worker] DEBUG o.s.w.r.r.m.a.RequestMappingHandlerMapping - 39 mappings in 'requestMappingHandlerMapping'
12:32:49.939 [Test worker] DEBUG o.s.w.r.r.m.a.ControllerMethodResolver - ControllerAdvice beans: none
12:32:49.975 [Test worker] DEBUG o.s.w.s.a.HttpWebHandlerAdapter - enableLoggingRequestDetails='false': form data and headers will be masked to prevent unsafe logging of potentially sensitive data
12:32:49.975 [Test worker] DEBUG o.s.w.t.h.s.r.b.UndertowHttpServer - Starting UndertowHttpServer...
12:32:49.975 [Test worker] INFO  i.undertow - starting server: Undertow - 2.0.32.Final
12:32:49.983 [Test worker] DEBUG o.s.w.t.h.s.r.b.UndertowHttpServer - Server started on port 51572(0 millis).
12:32:49.984 [Test worker] DEBUG o.s.w.c.RestTemplate - HTTP GET http://localhost:51572/person-response/mono-response-entity-xml
12:32:49.984 [Test worker] DEBUG o.s.w.c.RestTemplate - Accept=[text/plain, application/json, application/x-jackson-smile, application/*+json, */*]
12:32:49.986 [XNIO-39 I/O-2] DEBUG o.s.w.s.a.HttpWebHandlerAdapter - [59e7203] HTTP GET "/person-response/mono-response-entity-xml"
12:32:49.987 [XNIO-39 I/O-2] DEBUG o.s.w.r.r.m.a.RequestMappingHandlerMapping - [59e7203] Mapped to org.springframework.web.reactive.result.method.annotation.RequestMappingMessageConversionIntegrationTests$PersonResponseBodyController#getMonoResponseEntityXml()
12:32:49.987 [XNIO-39 I/O-2] DEBUG o.s.w.r.r.m.a.ResponseEntityResultHandler - [59e7203] Found 'Content-Type:application/xml' in response
12:32:49.988 [XNIO-39 I/O-2] DEBUG o.s.w.r.r.m.a.ResponseEntityResultHandler - [59e7203] 0..1 [org.springframework.web.reactive.result.method.annotation.RequestMappingMessageConversionIntegrationTests$Person]
12:32:49.988 [XNIO-39 I/O-2] DEBUG o.s.h.c.x.Jaxb2XmlEncoder - [59e7203] Encoding [Person{name='Robert'}]
12:32:49.993 [Test worker] DEBUG o.s.w.c.RestTemplate - Response 200 OK
12:32:49.993 [XNIO-39 I/O-2] DEBUG o.s.w.s.a.HttpWebHandlerAdapter - [59e7203] Completed 200 OK
12:32:49.993 [Test worker] DEBUG o.s.w.c.RestTemplate - Reading to [java.lang.String] as "application/xml"
12:32:49.994 [Test worker] DEBUG o.s.w.t.h.s.r.b.UndertowHttpServer - Stopping UndertowHttpServer...
12:32:49.994 [Test worker] INFO  i.undertow - stopping server: Undertow - 2.0.32.Final
12:32:49.995 [Test worker] DEBUG o.s.w.t.h.s.r.b.UndertowHttpServer - Server stopped (0 millis).
12:32:50.078 [Test worker] DEBUG o.s.w.r.r.m.a.RequestMappingHandlerMapping - 39 mappings in 'requestMappingHandlerMapping'
12:32:50.108 [Test worker] DEBUG o.s.w.r.r.m.a.ControllerMethodResolver - ControllerAdvice beans: none
12:32:50.132 [Test worker] DEBUG o.s.w.s.a.HttpWebHandlerAdapter - enableLoggingRequestDetails='false': form data and headers will be masked to prevent unsafe logging of potentially sensitive data
12:32:50.133 [Test worker] WARN  o.e.j.s.h.ContextHandler - Empty contextPath
12:32:50.133 [Test worker] INFO  o.e.j.s.h.ContextHandler - Started o.e.j.s.ServletContextHandler@1a5aebb4{/,null,AVAILABLE}
12:32:50.134 [Test worker] DEBUG o.s.w.t.h.s.r.b.JettyHttpServer - Starting JettyHttpServer...
12:32:50.134 [Test worker] INFO  o.e.j.s.Server - jetty-9.4.31.v20200723; built: 2020-07-23T17:57:36.812Z; git: 450ba27947e13e66baa8cd1ce7e85a4461cacc1d; jvm 1.8.0_191-b12
12:32:50.138 [Test worker] INFO  o.e.j.s.AbstractConnector - Started ServerConnector@133c5455{HTTP/1.1, (http/1.1)}{0.0.0.0:51574}
12:32:50.138 [Test worker] INFO  o.e.j.s.Server - Started @257829ms
12:32:50.138 [Test worker] DEBUG o.s.w.t.h.s.r.b.JettyHttpServer - Server started on port 51574(0 millis).
12:32:50.138 [Test worker] DEBUG o.s.w.c.RestTemplate - HTTP POST http://localhost:51574/person-create/rxjava2-observable
12:32:50.139 [Test worker] DEBUG o.s.w.c.RestTemplate - Accept=[application/json, application/x-jackson-smile, application/*+json]
12:32:50.140 [Test worker] DEBUG o.s.w.c.RestTemplate - Writing [[Person{name='Robert'}, Person{name='Marie'}]] as "application/json"
12:32:50.143 [qtp2094765801-1167] DEBUG o.s.w.s.a.HttpWebHandlerAdapter - [40bc9b78] HTTP POST "/person-create/rxjava2-observable"
12:32:50.144 [qtp2094765801-1167] DEBUG o.s.w.r.r.m.a.RequestMappingHandlerMapping - [40bc9b78] Mapped to org.springframework.web.reactive.result.method.annotation.RequestMappingMessageConversionIntegrationTests$PersonCreateController#createWithRxJava2Observable(Observable)
12:32:50.144 [qtp2094765801-1167] DEBUG o.s.w.r.r.m.a.RequestBodyMethodArgumentResolver - [40bc9b78] Content-Type:application/json;charset=UTF-8
12:32:50.145 [qtp2094765801-1167] DEBUG o.s.w.r.r.m.a.RequestBodyMethodArgumentResolver - [40bc9b78] 0..N [org.springframework.web.reactive.result.method.annotation.RequestMappingMessageConversionIntegrationTests$Person]
12:32:50.152 [qtp2094765801-1167] DEBUG o.s.h.c.j.Jackson2JsonDecoder - [40bc9b78] Decoded [Person{name='Robert'}]
12:32:50.152 [qtp2094765801-1167] DEBUG o.s.h.c.j.Jackson2JsonDecoder - [40bc9b78] Decoded [Person{name='Marie'}]
12:32:50.152 [qtp2094765801-1167] DEBUG o.s.w.s.a.HttpWebHandlerAdapter - [40bc9b78] Completed 200 OK
12:32:50.152 [Test worker] DEBUG o.s.w.c.RestTemplate - Response 200 OK
12:32:50.153 [Test worker] DEBUG o.s.w.t.h.s.r.b.JettyHttpServer - Stopping JettyHttpServer...
12:32:50.153 [Test worker] INFO  o.e.j.s.h.ContextHandler - Stopped o.e.j.s.ServletContextHandler@1a5aebb4{/,null,UNAVAILABLE}
12:32:50.155 [Test worker] INFO  o.e.j.s.AbstractConnector - Stopped ServerConnector@133c5455{HTTP/1.1, (http/1.1)}{0.0.0.0:0}
12:32:50.156 [Test worker] DEBUG o.s.w.t.h.s.r.b.JettyHttpServer - Server stopped (0 millis).
12:32:50.226 [Test worker] DEBUG o.s.w.r.r.m.a.RequestMappingHandlerMapping - 39 mappings in 'requestMappingHandlerMapping'
12:32:50.252 [Test worker] DEBUG o.s.w.r.r.m.a.ControllerMethodResolver - ControllerAdvice beans: none
12:32:50.275 [Test worker] DEBUG o.s.w.s.a.HttpWebHandlerAdapter - enableLoggingRequestDetails='false': form data and headers will be masked to prevent unsafe logging of potentially sensitive data
12:32:50.275 [Test worker] DEBUG o.s.w.t.h.s.r.b.ReactorHttpServer - Starting ReactorHttpServer...
12:32:50.277 [Test worker] DEBUG o.s.w.t.h.s.r.b.ReactorHttpServer - Server started on port 51581(0 millis).
12:32:50.278 [Test worker] DEBUG o.s.w.c.RestTemplate - HTTP POST http://localhost:51581/person-create/rxjava2-observable
12:32:50.278 [Test worker] DEBUG o.s.w.c.RestTemplate - Accept=[application/json, application/x-jackson-smile, application/*+json]
12:32:50.278 [Test worker] DEBUG o.s.w.c.RestTemplate - Writing [[Person{name='Robert'}, Person{name='Marie'}]] as "application/json"
12:32:50.281 [reactor-http-nio-4] DEBUG o.s.w.s.a.HttpWebHandlerAdapter - [2bed25fe-42] HTTP POST "/person-create/rxjava2-observable"
12:32:50.281 [reactor-http-nio-4] DEBUG o.s.w.r.r.m.a.RequestMappingHandlerMapping - [2bed25fe-42] Mapped to org.springframework.web.reactive.result.method.annotation.RequestMappingMessageConversionIntegrationTests$PersonCreateController#createWithRxJava2Observable(Observable)
12:32:50.282 [reactor-http-nio-4] DEBUG o.s.w.r.r.m.a.RequestBodyMethodArgumentResolver - [2bed25fe-42] Content-Type:application/json
12:32:50.283 [reactor-http-nio-4] DEBUG o.s.w.r.r.m.a.RequestBodyMethodArgumentResolver - [2bed25fe-42] 0..N [org.springframework.web.reactive.result.method.annotation.RequestMappingMessageConversionIntegrationTests$Person]
12:32:50.284 [reactor-http-nio-4] DEBUG o.s.h.c.j.Jackson2JsonDecoder - [2bed25fe-42] Decoded [Person{name='Robert'}]
12:32:50.284 [reactor-http-nio-4] DEBUG o.s.h.c.j.Jackson2JsonDecoder - [2bed25fe-42] Decoded [Person{name='Marie'}]
12:32:50.284 [reactor-http-nio-4] DEBUG o.s.w.s.a.HttpWebHandlerAdapter - [2bed25fe-42] Completed 200 OK
12:32:50.285 [Test worker] DEBUG o.s.w.c.RestTemplate - Response 200 OK
12:32:50.285 [Test worker] DEBUG o.s.w.t.h.s.r.b.ReactorHttpServer - Stopping ReactorHttpServer...
12:32:50.285 [Test worker] DEBUG o.s.w.t.h.s.r.b.ReactorHttpServer - Server stopped (0 millis).
12:32:50.359 [Test worker] DEBUG o.s.w.r.r.m.a.RequestMappingHandlerMapping - 39 mappings in 'requestMappingHandlerMapping'
12:32:50.381 [Test worker] DEBUG o.s.w.r.r.m.a.ControllerMethodResolver - ControllerAdvice beans: none
12:32:50.403 [Test worker] DEBUG o.s.w.s.a.HttpWebHandlerAdapter - enableLoggingRequestDetails='false': form data and headers will be masked to prevent unsafe logging of potentially sensitive data
12:32:50.404 [Test worker] DEBUG o.s.w.t.h.s.r.b.TomcatHttpServer - Starting TomcatHttpServer...
12:32:50.418 [Test worker] DEBUG o.s.w.t.h.s.r.b.TomcatHttpServer - Server started on port 51583(0 millis).
12:32:50.418 [Test worker] DEBUG o.s.w.c.RestTemplate - HTTP POST http://localhost:51583/person-create/rxjava2-observable
12:32:50.418 [Test worker] DEBUG o.s.w.c.RestTemplate - Accept=[application/json, application/x-jackson-smile, application/*+json]
12:32:50.419 [Test worker] DEBUG o.s.w.c.RestTemplate - Writing [[Person{name='Robert'}, Person{name='Marie'}]] as "application/json"
12:32:50.425 [http-nio-auto-40-exec-1] DEBUG o.s.w.s.a.HttpWebHandlerAdapter - [1d6a2f03] HTTP POST "/person-create/rxjava2-observable"
12:32:50.425 [http-nio-auto-40-exec-1] DEBUG o.s.w.r.r.m.a.RequestMappingHandlerMapping - [1d6a2f03] Mapped to org.springframework.web.reactive.result.method.annotation.RequestMappingMessageConversionIntegrationTests$PersonCreateController#createWithRxJava2Observable(Observable)
12:32:50.426 [http-nio-auto-40-exec-1] DEBUG o.s.w.r.r.m.a.RequestBodyMethodArgumentResolver - [1d6a2f03] Content-Type:application/json
12:32:50.426 [http-nio-auto-40-exec-1] DEBUG o.s.w.r.r.m.a.RequestBodyMethodArgumentResolver - [1d6a2f03] 0..N [org.springframework.web.reactive.result.method.annotation.RequestMappingMessageConversionIntegrationTests$Person]
12:32:50.427 [http-nio-auto-40-exec-1] DEBUG o.s.h.c.j.Jackson2JsonDecoder - [1d6a2f03] Decoded [Person{name='Robert'}]
12:32:50.427 [http-nio-auto-40-exec-1] DEBUG o.s.h.c.j.Jackson2JsonDecoder - [1d6a2f03] Decoded [Person{name='Marie'}]
12:32:50.428 [http-nio-auto-40-exec-1] DEBUG o.s.w.s.a.HttpWebHandlerAdapter - [1d6a2f03] Completed 200 OK
12:32:50.428 [Test worker] DEBUG o.s.w.c.RestTemplate - Response 200 OK
12:32:50.429 [Test worker] DEBUG o.s.w.t.h.s.r.b.TomcatHttpServer - Stopping TomcatHttpServer...
12:32:50.733 [Test worker] DEBUG o.s.w.t.h.s.r.b.TomcatHttpServer - Server stopped (0 millis).
12:32:50.801 [Test worker] DEBUG o.s.w.r.r.m.a.RequestMappingHandlerMapping - 39 mappings in 'requestMappingHandlerMapping'
12:32:50.822 [Test worker] DEBUG o.s.w.r.r.m.a.ControllerMethodResolver - ControllerAdvice beans: none
12:32:50.849 [Test worker] DEBUG o.s.w.s.a.HttpWebHandlerAdapter - enableLoggingRequestDetails='false': form data and headers will be masked to prevent unsafe logging of potentially sensitive data
12:32:50.849 [Test worker] DEBUG o.s.w.t.h.s.r.b.UndertowHttpServer - Starting UndertowHttpServer...
12:32:50.849 [Test worker] INFO  i.undertow - starting server: Undertow - 2.0.32.Final
12:32:50.856 [Test worker] DEBUG o.s.w.t.h.s.r.b.UndertowHttpServer - Server started on port 51601(0 millis).
12:32:50.856 [Test worker] DEBUG o.s.w.c.RestTemplate - HTTP POST http://localhost:51601/person-create/rxjava2-observable
12:32:50.856 [Test worker] DEBUG o.s.w.c.RestTemplate - Accept=[application/json, application/x-jackson-smile, application/*+json]
12:32:50.857 [Test worker] DEBUG o.s.w.c.RestTemplate - Writing [[Person{name='Robert'}, Person{name='Marie'}]] as "application/json"
12:32:50.860 [XNIO-40 I/O-2] DEBUG o.s.w.s.a.HttpWebHandlerAdapter - [168ce10e] HTTP POST "/person-create/rxjava2-observable"
12:32:50.860 [XNIO-40 I/O-2] DEBUG o.s.w.r.r.m.a.RequestMappingHandlerMapping - [168ce10e] Mapped to org.springframework.web.reactive.result.method.annotation.RequestMappingMessageConversionIntegrationTests$PersonCreateController#createWithRxJava2Observable(Observable)
12:32:50.861 [XNIO-40 I/O-2] DEBUG o.s.w.r.r.m.a.RequestBodyMethodArgumentResolver - [168ce10e] Content-Type:application/json
12:32:50.861 [XNIO-40 I/O-2] DEBUG o.s.w.r.r.m.a.RequestBodyMethodArgumentResolver - [168ce10e] 0..N [org.springframework.web.reactive.result.method.annotation.RequestMappingMessageConversionIntegrationTests$Person]
12:32:50.862 [XNIO-40 I/O-2] DEBUG o.s.h.c.j.Jackson2JsonDecoder - [168ce10e] Decoded [Person{name='Robert'}]
12:32:50.862 [XNIO-40 I/O-2] DEBUG o.s.h.c.j.Jackson2JsonDecoder - [168ce10e] Decoded [Person{name='Marie'}]
12:32:50.862 [XNIO-40 I/O-2] DEBUG o.s.w.s.a.HttpWebHandlerAdapter - [168ce10e] Completed 200 OK
12:32:50.863 [Test worker] DEBUG o.s.w.c.RestTemplate - Response 200 OK
12:32:50.863 [Test worker] DEBUG o.s.w.t.h.s.r.b.UndertowHttpServer - Stopping UndertowHttpServer...
12:32:50.863 [Test worker] INFO  i.undertow - stopping server: Undertow - 2.0.32.Final
12:32:50.865 [Test worker] DEBUG o.s.w.t.h.s.r.b.UndertowHttpServer - Server stopped (0 millis).
12:32:50.928 [Test worker] DEBUG o.s.w.r.r.m.a.RequestMappingHandlerMapping - 39 mappings in 'requestMappingHandlerMapping'
12:32:50.955 [Test worker] DEBUG o.s.w.r.r.m.a.ControllerMethodResolver - ControllerAdvice beans: none
12:32:50.977 [Test worker] DEBUG o.s.w.s.a.HttpWebHandlerAdapter - enableLoggingRequestDetails='false': form data and headers will be masked to prevent unsafe logging of potentially sensitive data
12:32:50.977 [Test worker] WARN  o.e.j.s.h.ContextHandler - Empty contextPath
12:32:50.978 [Test worker] INFO  o.e.j.s.h.ContextHandler - Started o.e.j.s.ServletContextHandler@53fa3fc1{/,null,AVAILABLE}
12:32:50.978 [Test worker] DEBUG o.s.w.t.h.s.r.b.JettyHttpServer - Starting JettyHttpServer...
12:32:50.978 [Test worker] INFO  o.e.j.s.Server - jetty-9.4.31.v20200723; built: 2020-07-23T17:57:36.812Z; git: 450ba27947e13e66baa8cd1ce7e85a4461cacc1d; jvm 1.8.0_191-b12
12:32:50.982 [Test worker] INFO  o.e.j.s.AbstractConnector - Started ServerConnector@7450cc83{HTTP/1.1, (http/1.1)}{0.0.0.0:51603}
12:32:50.982 [Test worker] INFO  o.e.j.s.Server - Started @258673ms
12:32:50.982 [Test worker] DEBUG o.s.w.t.h.s.r.b.JettyHttpServer - Server started on port 51603(0 millis).
12:32:50.982 [Test worker] DEBUG o.s.w.c.RestTemplate - HTTP GET http://localhost:51603/raw-response/flux
12:32:50.982 [Test worker] DEBUG o.s.w.c.RestTemplate - Accept=[text/plain, application/json, application/x-jackson-smile, application/*+json, */*]
12:32:50.985 [qtp1005713429-1196] DEBUG o.s.w.s.a.HttpWebHandlerAdapter - [38c95ee6] HTTP GET "/raw-response/flux"
12:32:50.985 [qtp1005713429-1196] DEBUG o.s.w.r.r.m.a.RequestMappingHandlerMapping - [38c95ee6] Mapped to org.springframework.web.reactive.result.method.annotation.RequestMappingMessageConversionIntegrationTests$RawResponseBodyController#getFlux()
12:32:50.987 [qtp1005713429-1196] DEBUG o.s.w.r.r.m.a.ResponseBodyResultHandler - Using 'text/plain' given [text/plain, application/json, application/x-jackson-smile, application/*+json, */*] and supported [*/*, application/json, application/*+json, application/x-jackson-smile, application/*+x-jackson-smile, text/event-stream]
12:32:50.987 [qtp1005713429-1196] DEBUG o.s.w.r.r.m.a.ResponseBodyResultHandler - [38c95ee6] 0..N [java.nio.ByteBuffer]
12:32:50.987 [qtp1005713429-1196] DEBUG o.s.c.c.ByteBufferEncoder - [38c95ee6] Writing 6 bytes
12:32:50.988 [Test worker] DEBUG o.s.w.c.RestTemplate - Response 200 OK
12:32:50.988 [qtp1005713429-1196] DEBUG o.s.w.s.a.HttpWebHandlerAdapter - [38c95ee6] Completed 200 OK
12:32:50.988 [Test worker] DEBUG o.s.w.c.RestTemplate - Reading to [java.lang.String] as "text/plain"
12:32:50.989 [Test worker] DEBUG o.s.w.t.h.s.r.b.JettyHttpServer - Stopping JettyHttpServer...
12:32:50.989 [Test worker] INFO  o.e.j.s.h.ContextHandler - Stopped o.e.j.s.ServletContextHandler@53fa3fc1{/,null,UNAVAILABLE}
12:32:50.991 [Test worker] INFO  o.e.j.s.AbstractConnector - Stopped ServerConnector@7450cc83{HTTP/1.1, (http/1.1)}{0.0.0.0:0}
12:32:50.991 [Test worker] DEBUG o.s.w.t.h.s.r.b.JettyHttpServer - Server stopped (0 millis).
12:32:51.059 [Test worker] DEBUG o.s.w.r.r.m.a.RequestMappingHandlerMapping - 39 mappings in 'requestMappingHandlerMapping'
12:32:51.080 [Test worker] DEBUG o.s.w.r.r.m.a.ControllerMethodResolver - ControllerAdvice beans: none
12:32:51.103 [Test worker] DEBUG o.s.w.s.a.HttpWebHandlerAdapter - enableLoggingRequestDetails='false': form data and headers will be masked to prevent unsafe logging of potentially sensitive data
12:32:51.103 [Test worker] DEBUG o.s.w.t.h.s.r.b.ReactorHttpServer - Starting ReactorHttpServer...
12:32:51.104 [Test worker] DEBUG o.s.w.t.h.s.r.b.ReactorHttpServer - Server started on port 51609(0 millis).
12:32:51.105 [Test worker] DEBUG o.s.w.c.RestTemplate - HTTP GET http://localhost:51609/raw-response/flux
12:32:51.105 [Test worker] DEBUG o.s.w.c.RestTemplate - Accept=[text/plain, application/json, application/x-jackson-smile, application/*+json, */*]
12:32:51.107 [reactor-http-nio-2] DEBUG o.s.w.s.a.HttpWebHandlerAdapter - [589bfb39-43] HTTP GET "/raw-response/flux"
12:32:51.107 [reactor-http-nio-2] DEBUG o.s.w.r.r.m.a.RequestMappingHandlerMapping - [589bfb39-43] Mapped to org.springframework.web.reactive.result.method.annotation.RequestMappingMessageConversionIntegrationTests$RawResponseBodyController#getFlux()
12:32:51.109 [reactor-http-nio-2] DEBUG o.s.w.r.r.m.a.ResponseBodyResultHandler - Using 'text/plain' given [text/plain, application/json, application/x-jackson-smile, application/*+json, */*] and supported [*/*, application/json, application/*+json, application/x-jackson-smile, application/*+x-jackson-smile, text/event-stream]
12:32:51.109 [reactor-http-nio-2] DEBUG o.s.w.r.r.m.a.ResponseBodyResultHandler - [589bfb39-43] 0..N [java.nio.ByteBuffer]
12:32:51.109 [reactor-http-nio-2] DEBUG o.s.c.c.ByteBufferEncoder - [589bfb39-43] Writing 6 bytes
12:32:51.110 [Test worker] DEBUG o.s.w.c.RestTemplate - Response 200 OK
12:32:51.111 [Test worker] DEBUG o.s.w.c.RestTemplate - Reading to [java.lang.String] as "text/plain"
12:32:51.111 [reactor-http-nio-2] DEBUG o.s.w.s.a.HttpWebHandlerAdapter - [589bfb39-43] Completed 200 OK
12:32:51.112 [Test worker] DEBUG o.s.w.t.h.s.r.b.ReactorHttpServer - Stopping ReactorHttpServer...
12:32:51.112 [Test worker] DEBUG o.s.w.t.h.s.r.b.ReactorHttpServer - Server stopped (0 millis).
12:32:51.184 [Test worker] DEBUG o.s.w.r.r.m.a.RequestMappingHandlerMapping - 39 mappings in 'requestMappingHandlerMapping'
12:32:51.209 [Test worker] DEBUG o.s.w.r.r.m.a.ControllerMethodResolver - ControllerAdvice beans: none
12:32:51.229 [Test worker] DEBUG o.s.w.s.a.HttpWebHandlerAdapter - enableLoggingRequestDetails='false': form data and headers will be masked to prevent unsafe logging of potentially sensitive data
12:32:51.229 [Test worker] DEBUG o.s.w.t.h.s.r.b.TomcatHttpServer - Starting TomcatHttpServer...
12:32:51.240 [Test worker] DEBUG o.s.w.t.h.s.r.b.TomcatHttpServer - Server started on port 51611(0 millis).
12:32:51.240 [Test worker] DEBUG o.s.w.c.RestTemplate - HTTP GET http://localhost:51611/raw-response/flux
12:32:51.240 [Test worker] DEBUG o.s.w.c.RestTemplate - Accept=[text/plain, application/json, application/x-jackson-smile, application/*+json, */*]
12:32:51.243 [http-nio-auto-41-exec-1] DEBUG o.s.w.s.a.HttpWebHandlerAdapter - [59442cf2] HTTP GET "/raw-response/flux"
12:32:51.244 [http-nio-auto-41-exec-1] DEBUG o.s.w.r.r.m.a.RequestMappingHandlerMapping - [59442cf2] Mapped to org.springframework.web.reactive.result.method.annotation.RequestMappingMessageConversionIntegrationTests$RawResponseBodyController#getFlux()
12:32:51.246 [http-nio-auto-41-exec-1] DEBUG o.s.w.r.r.m.a.ResponseBodyResultHandler - Using 'text/plain' given [text/plain, application/json, application/x-jackson-smile, application/*+json, */*] and supported [*/*, application/json, application/*+json, application/x-jackson-smile, application/*+x-jackson-smile, text/event-stream]
12:32:51.246 [http-nio-auto-41-exec-1] DEBUG o.s.w.r.r.m.a.ResponseBodyResultHandler - [59442cf2] 0..N [java.nio.ByteBuffer]
12:32:51.246 [http-nio-auto-41-exec-1] DEBUG o.s.c.c.ByteBufferEncoder - [59442cf2] Writing 6 bytes
12:32:51.247 [http-nio-auto-41-exec-1] DEBUG o.s.w.s.a.HttpWebHandlerAdapter - [59442cf2] Completed 200 OK
12:32:51.247 [Test worker] DEBUG o.s.w.c.RestTemplate - Response 200 OK
12:32:51.247 [Test worker] DEBUG o.s.w.c.RestTemplate - Reading to [java.lang.String] as "text/plain"
12:32:51.248 [Test worker] DEBUG o.s.w.t.h.s.r.b.TomcatHttpServer - Stopping TomcatHttpServer...
12:32:51.544 [Test worker] DEBUG o.s.w.t.h.s.r.b.TomcatHttpServer - Server stopped (0 millis).
12:32:51.615 [Test worker] DEBUG o.s.w.r.r.m.a.RequestMappingHandlerMapping - 39 mappings in 'requestMappingHandlerMapping'
12:32:51.639 [Test worker] DEBUG o.s.w.r.r.m.a.ControllerMethodResolver - ControllerAdvice beans: none
12:32:51.663 [Test worker] DEBUG o.s.w.s.a.HttpWebHandlerAdapter - enableLoggingRequestDetails='false': form data and headers will be masked to prevent unsafe logging of potentially sensitive data
12:32:51.663 [Test worker] DEBUG o.s.w.t.h.s.r.b.UndertowHttpServer - Starting UndertowHttpServer...
12:32:51.663 [Test worker] INFO  i.undertow - starting server: Undertow - 2.0.32.Final
12:32:51.672 [Test worker] DEBUG o.s.w.t.h.s.r.b.UndertowHttpServer - Server started on port 51628(0 millis).
12:32:51.672 [Test worker] DEBUG o.s.w.c.RestTemplate - HTTP GET http://localhost:51628/raw-response/flux
12:32:51.672 [Test worker] DEBUG o.s.w.c.RestTemplate - Accept=[text/plain, application/json, application/x-jackson-smile, application/*+json, */*]
12:32:51.674 [XNIO-41 I/O-2] DEBUG o.s.w.s.a.HttpWebHandlerAdapter - [6854e664] HTTP GET "/raw-response/flux"
12:32:51.674 [XNIO-41 I/O-2] DEBUG o.s.w.r.r.m.a.RequestMappingHandlerMapping - [6854e664] Mapped to org.springframework.web.reactive.result.method.annotation.RequestMappingMessageConversionIntegrationTests$RawResponseBodyController#getFlux()
12:32:51.676 [XNIO-41 I/O-2] DEBUG o.s.w.r.r.m.a.ResponseBodyResultHandler - Using 'text/plain' given [text/plain, application/json, application/x-jackson-smile, application/*+json, */*] and supported [*/*, application/json, application/*+json, application/x-jackson-smile, application/*+x-jackson-smile, text/event-stream]
12:32:51.677 [XNIO-41 I/O-2] DEBUG o.s.w.r.r.m.a.ResponseBodyResultHandler - [6854e664] 0..N [java.nio.ByteBuffer]
12:32:51.677 [XNIO-41 I/O-2] DEBUG o.s.c.c.ByteBufferEncoder - [6854e664] Writing 6 bytes
12:32:51.677 [XNIO-41 I/O-2] DEBUG o.s.w.s.a.HttpWebHandlerAdapter - [6854e664] Completed 200 OK
12:32:51.677 [Test worker] DEBUG o.s.w.c.RestTemplate - Response 200 OK
12:32:51.678 [Test worker] DEBUG o.s.w.c.RestTemplate - Reading to [java.lang.String] as "text/plain"
12:32:51.678 [Test worker] DEBUG o.s.w.t.h.s.r.b.UndertowHttpServer - Stopping UndertowHttpServer...
12:32:51.678 [Test worker] INFO  i.undertow - stopping server: Undertow - 2.0.32.Final
12:32:51.680 [Test worker] DEBUG o.s.w.t.h.s.r.b.UndertowHttpServer - Server stopped (0 millis).
12:32:51.749 [Test worker] DEBUG o.s.w.r.r.m.a.RequestMappingHandlerMapping - 39 mappings in 'requestMappingHandlerMapping'
12:32:51.775 [Test worker] DEBUG o.s.w.r.r.m.a.ControllerMethodResolver - ControllerAdvice beans: none
12:32:51.801 [Test worker] DEBUG o.s.w.s.a.HttpWebHandlerAdapter - enableLoggingRequestDetails='false': form data and headers will be masked to prevent unsafe logging of potentially sensitive data
12:32:51.802 [Test worker] WARN  o.e.j.s.h.ContextHandler - Empty contextPath
12:32:51.802 [Test worker] INFO  o.e.j.s.h.ContextHandler - Started o.e.j.s.ServletContextHandler@3bc60838{/,null,AVAILABLE}
12:32:51.802 [Test worker] DEBUG o.s.w.t.h.s.r.b.JettyHttpServer - Starting JettyHttpServer...
12:32:51.802 [Test worker] INFO  o.e.j.s.Server - jetty-9.4.31.v20200723; built: 2020-07-23T17:57:36.812Z; git: 450ba27947e13e66baa8cd1ce7e85a4461cacc1d; jvm 1.8.0_191-b12
12:32:51.807 [Test worker] INFO  o.e.j.s.AbstractConnector - Started ServerConnector@480c0c28{HTTP/1.1, (http/1.1)}{0.0.0.0:51630}
12:32:51.807 [Test worker] INFO  o.e.j.s.Server - Started @259498ms
12:32:51.807 [Test worker] DEBUG o.s.w.t.h.s.r.b.JettyHttpServer - Server started on port 51630(0 millis).
12:32:51.807 [Test worker] DEBUG o.s.w.c.RestTemplate - HTTP GET http://localhost:51630/raw-response/mono
12:32:51.807 [Test worker] DEBUG o.s.w.c.RestTemplate - Accept=[text/plain, application/json, application/x-jackson-smile, application/*+json, */*]
12:32:51.809 [qtp1881267830-1224] DEBUG o.s.w.s.a.HttpWebHandlerAdapter - [66f580c0] HTTP GET "/raw-response/mono"
12:32:51.810 [qtp1881267830-1224] DEBUG o.s.w.r.r.m.a.RequestMappingHandlerMapping - [66f580c0] Mapped to org.springframework.web.reactive.result.method.annotation.RequestMappingMessageConversionIntegrationTests$RawResponseBodyController#getMonoString()
12:32:51.812 [qtp1881267830-1224] DEBUG o.s.w.r.r.m.a.ResponseBodyResultHandler - Using 'text/plain' given [text/plain, application/json, application/x-jackson-smile, application/*+json, */*] and supported [*/*, application/json, application/*+json, application/x-jackson-smile, application/*+x-jackson-smile, text/event-stream]
12:32:51.812 [qtp1881267830-1224] DEBUG o.s.w.r.r.m.a.ResponseBodyResultHandler - [66f580c0] 0..1 [java.nio.ByteBuffer]
12:32:51.812 [qtp1881267830-1224] DEBUG o.s.c.c.ByteBufferEncoder - [66f580c0] Writing 6 bytes
12:32:51.813 [Test worker] DEBUG o.s.w.c.RestTemplate - Response 200 OK
12:32:51.813 [Test worker] DEBUG o.s.w.c.RestTemplate - Reading to [java.lang.String] as "text/plain"
12:32:51.813 [qtp1881267830-1224] DEBUG o.s.w.s.a.HttpWebHandlerAdapter - [66f580c0] Completed 200 OK
12:32:51.813 [Test worker] DEBUG o.s.w.t.h.s.r.b.JettyHttpServer - Stopping JettyHttpServer...
12:32:51.813 [Test worker] INFO  o.e.j.s.h.ContextHandler - Stopped o.e.j.s.ServletContextHandler@3bc60838{/,null,UNAVAILABLE}
12:32:51.816 [Test worker] INFO  o.e.j.s.AbstractConnector - Stopped ServerConnector@480c0c28{HTTP/1.1, (http/1.1)}{0.0.0.0:0}
12:32:51.816 [Test worker] DEBUG o.s.w.t.h.s.r.b.JettyHttpServer - Server stopped (0 millis).
12:32:51.885 [Test worker] DEBUG o.s.w.r.r.m.a.RequestMappingHandlerMapping - 39 mappings in 'requestMappingHandlerMapping'
12:32:51.908 [Test worker] DEBUG o.s.w.r.r.m.a.ControllerMethodResolver - ControllerAdvice beans: none
12:32:51.929 [Test worker] DEBUG o.s.w.s.a.HttpWebHandlerAdapter - enableLoggingRequestDetails='false': form data and headers will be masked to prevent unsafe logging of potentially sensitive data
12:32:51.929 [Test worker] DEBUG o.s.w.t.h.s.r.b.ReactorHttpServer - Starting ReactorHttpServer...
12:32:51.931 [Test worker] DEBUG o.s.w.t.h.s.r.b.ReactorHttpServer - Server started on port 51636(0 millis).
12:32:51.931 [Test worker] DEBUG o.s.w.c.RestTemplate - HTTP GET http://localhost:51636/raw-response/mono
12:32:51.931 [Test worker] DEBUG o.s.w.c.RestTemplate - Accept=[text/plain, application/json, application/x-jackson-smile, application/*+json, */*]
12:32:51.934 [reactor-http-nio-4] DEBUG o.s.w.s.a.HttpWebHandlerAdapter - [68a1d4ba-44] HTTP GET "/raw-response/mono"
12:32:51.934 [reactor-http-nio-4] DEBUG o.s.w.r.r.m.a.RequestMappingHandlerMapping - [68a1d4ba-44] Mapped to org.springframework.web.reactive.result.method.annotation.RequestMappingMessageConversionIntegrationTests$RawResponseBodyController#getMonoString()
12:32:51.935 [reactor-http-nio-4] DEBUG o.s.w.r.r.m.a.ResponseBodyResultHandler - Using 'text/plain' given [text/plain, application/json, application/x-jackson-smile, application/*+json, */*] and supported [*/*, application/json, application/*+json, application/x-jackson-smile, application/*+x-jackson-smile, text/event-stream]
12:32:51.936 [reactor-http-nio-4] DEBUG o.s.w.r.r.m.a.ResponseBodyResultHandler - [68a1d4ba-44] 0..1 [java.nio.ByteBuffer]
12:32:51.936 [reactor-http-nio-4] DEBUG o.s.c.c.ByteBufferEncoder - [68a1d4ba-44] Writing 6 bytes
12:32:51.937 [Test worker] DEBUG o.s.w.c.RestTemplate - Response 200 OK
12:32:51.937 [reactor-http-nio-4] DEBUG o.s.w.s.a.HttpWebHandlerAdapter - [68a1d4ba-44] Completed 200 OK
12:32:51.937 [Test worker] DEBUG o.s.w.c.RestTemplate - Reading to [java.lang.String] as "text/plain"
12:32:51.937 [Test worker] DEBUG o.s.w.t.h.s.r.b.ReactorHttpServer - Stopping ReactorHttpServer...
12:32:51.938 [Test worker] DEBUG o.s.w.t.h.s.r.b.ReactorHttpServer - Server stopped (0 millis).
12:32:52.002 [Test worker] DEBUG o.s.w.r.r.m.a.RequestMappingHandlerMapping - 39 mappings in 'requestMappingHandlerMapping'
12:32:52.025 [Test worker] DEBUG o.s.w.r.r.m.a.ControllerMethodResolver - ControllerAdvice beans: none
12:32:52.046 [Test worker] DEBUG o.s.w.s.a.HttpWebHandlerAdapter - enableLoggingRequestDetails='false': form data and headers will be masked to prevent unsafe logging of potentially sensitive data
12:32:52.047 [Test worker] DEBUG o.s.w.t.h.s.r.b.TomcatHttpServer - Starting TomcatHttpServer...
12:32:52.061 [Test worker] DEBUG o.s.w.t.h.s.r.b.TomcatHttpServer - Server started on port 51638(0 millis).
12:32:52.061 [Test worker] DEBUG o.s.w.c.RestTemplate - HTTP GET http://localhost:51638/raw-response/mono
12:32:52.061 [Test worker] DEBUG o.s.w.c.RestTemplate - Accept=[text/plain, application/json, application/x-jackson-smile, application/*+json, */*]
12:32:52.064 [http-nio-auto-42-exec-1] DEBUG o.s.w.s.a.HttpWebHandlerAdapter - [2a959ff7] HTTP GET "/raw-response/mono"
12:32:52.065 [http-nio-auto-42-exec-1] DEBUG o.s.w.r.r.m.a.RequestMappingHandlerMapping - [2a959ff7] Mapped to org.springframework.web.reactive.result.method.annotation.RequestMappingMessageConversionIntegrationTests$RawResponseBodyController#getMonoString()
12:32:52.067 [http-nio-auto-42-exec-1] DEBUG o.s.w.r.r.m.a.ResponseBodyResultHandler - Using 'text/plain' given [text/plain, application/json, application/x-jackson-smile, application/*+json, */*] and supported [*/*, application/json, application/*+json, application/x-jackson-smile, application/*+x-jackson-smile, text/event-stream]
12:32:52.067 [http-nio-auto-42-exec-1] DEBUG o.s.w.r.r.m.a.ResponseBodyResultHandler - [2a959ff7] 0..1 [java.nio.ByteBuffer]
12:32:52.067 [http-nio-auto-42-exec-1] DEBUG o.s.c.c.ByteBufferEncoder - [2a959ff7] Writing 6 bytes
12:32:52.068 [Test worker] DEBUG o.s.w.c.RestTemplate - Response 200 OK
12:32:52.068 [Test worker] DEBUG o.s.w.c.RestTemplate - Reading to [java.lang.String] as "text/plain"
12:32:52.068 [http-nio-auto-42-exec-1] DEBUG o.s.w.s.a.HttpWebHandlerAdapter - [2a959ff7] Completed 200 OK
12:32:52.068 [Test worker] DEBUG o.s.w.t.h.s.r.b.TomcatHttpServer - Stopping TomcatHttpServer...
12:32:52.536 [Test worker] DEBUG o.s.w.t.h.s.r.b.TomcatHttpServer - Server stopped (0 millis).
12:32:52.611 [Test worker] DEBUG o.s.w.r.r.m.a.RequestMappingHandlerMapping - 39 mappings in 'requestMappingHandlerMapping'
12:32:52.642 [Test worker] DEBUG o.s.w.r.r.m.a.ControllerMethodResolver - ControllerAdvice beans: none
12:32:52.668 [Test worker] DEBUG o.s.w.s.a.HttpWebHandlerAdapter - enableLoggingRequestDetails='false': form data and headers will be masked to prevent unsafe logging of potentially sensitive data
12:32:52.668 [Test worker] DEBUG o.s.w.t.h.s.r.b.UndertowHttpServer - Starting UndertowHttpServer...
12:32:52.668 [Test worker] INFO  i.undertow - starting server: Undertow - 2.0.32.Final
12:32:52.677 [Test worker] DEBUG o.s.w.t.h.s.r.b.UndertowHttpServer - Server started on port 51667(0 millis).
12:32:52.677 [Test worker] DEBUG o.s.w.c.RestTemplate - HTTP GET http://localhost:51667/raw-response/mono
12:32:52.678 [Test worker] DEBUG o.s.w.c.RestTemplate - Accept=[text/plain, application/json, application/x-jackson-smile, application/*+json, */*]
12:32:52.684 [XNIO-42 I/O-2] DEBUG o.s.w.s.a.HttpWebHandlerAdapter - [34e1b1c9] HTTP GET "/raw-response/mono"
12:32:52.684 [XNIO-42 I/O-2] DEBUG o.s.w.r.r.m.a.RequestMappingHandlerMapping - [34e1b1c9] Mapped to org.springframework.web.reactive.result.method.annotation.RequestMappingMessageConversionIntegrationTests$RawResponseBodyController#getMonoString()
12:32:52.686 [XNIO-42 I/O-2] DEBUG o.s.w.r.r.m.a.ResponseBodyResultHandler - Using 'text/plain' given [text/plain, application/json, application/x-jackson-smile, application/*+json, */*] and supported [*/*, application/json, application/*+json, application/x-jackson-smile, application/*+x-jackson-smile, text/event-stream]
12:32:52.686 [XNIO-42 I/O-2] DEBUG o.s.w.r.r.m.a.ResponseBodyResultHandler - [34e1b1c9] 0..1 [java.nio.ByteBuffer]
12:32:52.686 [XNIO-42 I/O-2] DEBUG o.s.c.c.ByteBufferEncoder - [34e1b1c9] Writing 6 bytes
12:32:52.687 [XNIO-42 I/O-2] DEBUG o.s.w.s.a.HttpWebHandlerAdapter - [34e1b1c9] Completed 200 OK
12:32:52.687 [Test worker] DEBUG o.s.w.c.RestTemplate - Response 200 OK
12:32:52.687 [Test worker] DEBUG o.s.w.c.RestTemplate - Reading to [java.lang.String] as "text/plain"
12:32:52.687 [Test worker] DEBUG o.s.w.t.h.s.r.b.UndertowHttpServer - Stopping UndertowHttpServer...
12:32:52.687 [Test worker] INFO  i.undertow - stopping server: Undertow - 2.0.32.Final
12:32:52.689 [Test worker] DEBUG o.s.w.t.h.s.r.b.UndertowHttpServer - Server stopped (0 millis).
12:32:52.794 [Test worker] DEBUG o.s.w.r.r.m.a.RequestMappingHandlerMapping - 39 mappings in 'requestMappingHandlerMapping'
12:32:52.818 [Test worker] DEBUG o.s.w.r.r.m.a.ControllerMethodResolver - ControllerAdvice beans: none
12:32:52.839 [Test worker] DEBUG o.s.w.s.a.HttpWebHandlerAdapter - enableLoggingRequestDetails='false': form data and headers will be masked to prevent unsafe logging of potentially sensitive data
12:32:52.839 [Test worker] WARN  o.e.j.s.h.ContextHandler - Empty contextPath
12:32:52.840 [Test worker] INFO  o.e.j.s.h.ContextHandler - Started o.e.j.s.ServletContextHandler@66f76f37{/,null,AVAILABLE}
12:32:52.840 [Test worker] DEBUG o.s.w.t.h.s.r.b.JettyHttpServer - Starting JettyHttpServer...
12:32:52.840 [Test worker] INFO  o.e.j.s.Server - jetty-9.4.31.v20200723; built: 2020-07-23T17:57:36.812Z; git: 450ba27947e13e66baa8cd1ce7e85a4461cacc1d; jvm 1.8.0_191-b12
12:32:52.846 [Test worker] INFO  o.e.j.s.AbstractConnector - Started ServerConnector@631ae356{HTTP/1.1, (http/1.1)}{0.0.0.0:51685}
12:32:52.846 [Test worker] INFO  o.e.j.s.Server - Started @260537ms
12:32:52.846 [Test worker] DEBUG o.s.w.t.h.s.r.b.JettyHttpServer - Server started on port 51685(0 millis).
12:32:52.846 [Test worker] DEBUG o.s.w.c.RestTemplate - HTTP POST http://localhost:51685/person-transform/flowable
12:32:52.847 [Test worker] DEBUG o.s.w.c.RestTemplate - Accept=[application/json, application/x-jackson-smile, application/*+json]
12:32:52.847 [Test worker] DEBUG o.s.w.c.RestTemplate - Writing [[Person{name='Robert'}, Person{name='Marie'}]] as "application/json"
12:32:52.851 [qtp1843672639-1254] DEBUG o.s.w.s.a.HttpWebHandlerAdapter - [75532d00] HTTP POST "/person-transform/flowable"
12:32:52.851 [qtp1843672639-1254] DEBUG o.s.w.r.r.m.a.RequestMappingHandlerMapping - [75532d00] Mapped to org.springframework.web.reactive.result.method.annotation.RequestMappingMessageConversionIntegrationTests$PersonTransformationController#transformFlowable(Flowable)
12:32:52.852 [qtp1843672639-1254] DEBUG o.s.w.r.r.m.a.RequestBodyMethodArgumentResolver - [75532d00] Content-Type:application/json;charset=UTF-8
12:32:52.853 [qtp1843672639-1254] DEBUG o.s.w.r.r.m.a.RequestBodyMethodArgumentResolver - [75532d00] 0..N [org.springframework.web.reactive.result.method.annotation.RequestMappingMessageConversionIntegrationTests$Person]
12:32:52.856 [qtp1843672639-1254] DEBUG o.s.w.r.r.m.a.ResponseBodyResultHandler - Using 'application/json' given [application/json] and supported [application/json, application/*+json, application/x-jackson-smile, application/*+x-jackson-smile, application/xml, text/xml, text/event-stream]
12:32:52.856 [qtp1843672639-1254] DEBUG o.s.w.r.r.m.a.ResponseBodyResultHandler - [75532d00] 0..N [org.springframework.web.reactive.result.method.annotation.RequestMappingMessageConversionIntegrationTests$Person]
12:32:52.860 [qtp1843672639-1254] DEBUG o.s.h.c.j.Jackson2JsonDecoder - [75532d00] Decoded [Person{name='Robert'}]
12:32:52.860 [qtp1843672639-1254] DEBUG o.s.h.c.j.Jackson2JsonDecoder - [75532d00] Decoded [Person{name='Marie'}]
12:32:52.861 [qtp1843672639-1254] DEBUG o.s.h.c.j.Jackson2JsonEncoder - [75532d00] Encoding [[Person{name='ROBERT'}, Person{name='MARIE'}]]
12:32:52.862 [Test worker] DEBUG o.s.w.c.RestTemplate - Response 200 OK
12:32:52.862 [Test worker] DEBUG o.s.w.c.RestTemplate - Reading to [java.util.List<org.springframework.web.reactive.result.method.annotation.RequestMappingMessageConversionIntegrationTests$Person>]
12:32:52.863 [Test worker] DEBUG o.s.w.t.h.s.r.b.JettyHttpServer - Stopping JettyHttpServer...
12:32:52.863 [Test worker] INFO  o.e.j.s.h.ContextHandler - Stopped o.e.j.s.ServletContextHandler@66f76f37{/,null,UNAVAILABLE}
12:32:52.863 [qtp1843672639-1254] DEBUG o.s.w.s.a.HttpWebHandlerAdapter - [75532d00] Completed 200 OK
12:32:52.866 [Test worker] INFO  o.e.j.s.AbstractConnector - Stopped ServerConnector@631ae356{HTTP/1.1, (http/1.1)}{0.0.0.0:0}
12:32:52.867 [Test worker] DEBUG o.s.w.t.h.s.r.b.JettyHttpServer - Server stopped (0 millis).
12:32:52.935 [Test worker] DEBUG o.s.w.r.r.m.a.RequestMappingHandlerMapping - 39 mappings in 'requestMappingHandlerMapping'
12:32:52.961 [Test worker] DEBUG o.s.w.r.r.m.a.ControllerMethodResolver - ControllerAdvice beans: none
12:32:52.995 [Test worker] DEBUG o.s.w.s.a.HttpWebHandlerAdapter - enableLoggingRequestDetails='false': form data and headers will be masked to prevent unsafe logging of potentially sensitive data
12:32:52.995 [Test worker] DEBUG o.s.w.t.h.s.r.b.ReactorHttpServer - Starting ReactorHttpServer...
12:32:52.997 [Test worker] DEBUG o.s.w.t.h.s.r.b.ReactorHttpServer - Server started on port 51691(0 millis).
12:32:52.997 [Test worker] DEBUG o.s.w.c.RestTemplate - HTTP POST http://localhost:51691/person-transform/flowable
12:32:52.997 [Test worker] DEBUG o.s.w.c.RestTemplate - Accept=[application/json, application/x-jackson-smile, application/*+json]
12:32:52.997 [Test worker] DEBUG o.s.w.c.RestTemplate - Writing [[Person{name='Robert'}, Person{name='Marie'}]] as "application/json"
12:32:53.001 [reactor-http-nio-2] DEBUG o.s.w.s.a.HttpWebHandlerAdapter - [32571ca1-45] HTTP POST "/person-transform/flowable"
12:32:53.001 [reactor-http-nio-2] DEBUG o.s.w.r.r.m.a.RequestMappingHandlerMapping - [32571ca1-45] Mapped to org.springframework.web.reactive.result.method.annotation.RequestMappingMessageConversionIntegrationTests$PersonTransformationController#transformFlowable(Flowable)
12:32:53.002 [reactor-http-nio-2] DEBUG o.s.w.r.r.m.a.RequestBodyMethodArgumentResolver - [32571ca1-45] Content-Type:application/json
12:32:53.002 [reactor-http-nio-2] DEBUG o.s.w.r.r.m.a.RequestBodyMethodArgumentResolver - [32571ca1-45] 0..N [org.springframework.web.reactive.result.method.annotation.RequestMappingMessageConversionIntegrationTests$Person]
12:32:53.004 [reactor-http-nio-2] DEBUG o.s.w.r.r.m.a.ResponseBodyResultHandler - Using 'application/json' given [application/json] and supported [application/json, application/*+json, application/x-jackson-smile, application/*+x-jackson-smile, application/xml, text/xml, text/event-stream]
12:32:53.004 [reactor-http-nio-2] DEBUG o.s.w.r.r.m.a.ResponseBodyResultHandler - [32571ca1-45] 0..N [org.springframework.web.reactive.result.method.annotation.RequestMappingMessageConversionIntegrationTests$Person]
12:32:53.005 [reactor-http-nio-2] DEBUG o.s.h.c.j.Jackson2JsonDecoder - [32571ca1-45] Decoded [Person{name='Robert'}]
12:32:53.005 [reactor-http-nio-2] DEBUG o.s.h.c.j.Jackson2JsonDecoder - [32571ca1-45] Decoded [Person{name='Marie'}]
12:32:53.005 [reactor-http-nio-2] DEBUG o.s.h.c.j.Jackson2JsonEncoder - [32571ca1-45] Encoding [[Person{name='ROBERT'}, Person{name='MARIE'}]]
12:32:53.006 [Test worker] DEBUG o.s.w.c.RestTemplate - Response 200 OK
12:32:53.007 [Test worker] DEBUG o.s.w.c.RestTemplate - Reading to [java.util.List<org.springframework.web.reactive.result.method.annotation.RequestMappingMessageConversionIntegrationTests$Person>]
12:32:53.007 [reactor-http-nio-2] DEBUG o.s.w.s.a.HttpWebHandlerAdapter - [32571ca1-45] Completed 200 OK
12:32:53.008 [Test worker] DEBUG o.s.w.t.h.s.r.b.ReactorHttpServer - Stopping ReactorHttpServer...
12:32:53.008 [Test worker] DEBUG o.s.w.t.h.s.r.b.ReactorHttpServer - Server stopped (0 millis).
12:32:53.081 [Test worker] DEBUG o.s.w.r.r.m.a.RequestMappingHandlerMapping - 39 mappings in 'requestMappingHandlerMapping'
12:32:53.102 [Test worker] DEBUG o.s.w.r.r.m.a.ControllerMethodResolver - ControllerAdvice beans: none
12:32:53.121 [Test worker] DEBUG o.s.w.s.a.HttpWebHandlerAdapter - enableLoggingRequestDetails='false': form data and headers will be masked to prevent unsafe logging of potentially sensitive data
12:32:53.122 [Test worker] DEBUG o.s.w.t.h.s.r.b.TomcatHttpServer - Starting TomcatHttpServer...
12:32:53.133 [Test worker] DEBUG o.s.w.t.h.s.r.b.TomcatHttpServer - Server started on port 51699(0 millis).
12:32:53.133 [Test worker] DEBUG o.s.w.c.RestTemplate - HTTP POST http://localhost:51699/person-transform/flowable
12:32:53.134 [Test worker] DEBUG o.s.w.c.RestTemplate - Accept=[application/json, application/x-jackson-smile, application/*+json]
12:32:53.134 [Test worker] DEBUG o.s.w.c.RestTemplate - Writing [[Person{name='Robert'}, Person{name='Marie'}]] as "application/json"
12:32:53.140 [http-nio-auto-43-exec-1] DEBUG o.s.w.s.a.HttpWebHandlerAdapter - [4fc5025d] HTTP POST "/person-transform/flowable"
12:32:53.141 [http-nio-auto-43-exec-1] DEBUG o.s.w.r.r.m.a.RequestMappingHandlerMapping - [4fc5025d] Mapped to org.springframework.web.reactive.result.method.annotation.RequestMappingMessageConversionIntegrationTests$PersonTransformationController#transformFlowable(Flowable)
12:32:53.141 [http-nio-auto-43-exec-1] DEBUG o.s.w.r.r.m.a.RequestBodyMethodArgumentResolver - [4fc5025d] Content-Type:application/json
12:32:53.142 [http-nio-auto-43-exec-1] DEBUG o.s.w.r.r.m.a.RequestBodyMethodArgumentResolver - [4fc5025d] 0..N [org.springframework.web.reactive.result.method.annotation.RequestMappingMessageConversionIntegrationTests$Person]
12:32:53.142 [http-nio-auto-43-exec-1] DEBUG o.s.w.r.r.m.a.ResponseBodyResultHandler - Using 'application/json' given [application/json] and supported [application/json, application/*+json, application/x-jackson-smile, application/*+x-jackson-smile, application/xml, text/xml, text/event-stream]
12:32:53.142 [http-nio-auto-43-exec-1] DEBUG o.s.w.r.r.m.a.ResponseBodyResultHandler - [4fc5025d] 0..N [org.springframework.web.reactive.result.method.annotation.RequestMappingMessageConversionIntegrationTests$Person]
12:32:53.143 [http-nio-auto-43-exec-1] DEBUG o.s.h.c.j.Jackson2JsonDecoder - [4fc5025d] Decoded [Person{name='Robert'}]
12:32:53.143 [http-nio-auto-43-exec-1] DEBUG o.s.h.c.j.Jackson2JsonDecoder - [4fc5025d] Decoded [Person{name='Marie'}]
12:32:53.143 [http-nio-auto-43-exec-1] DEBUG o.s.h.c.j.Jackson2JsonEncoder - [4fc5025d] Encoding [[Person{name='ROBERT'}, Person{name='MARIE'}]]
12:32:53.144 [http-nio-auto-43-exec-1] DEBUG o.s.w.s.a.HttpWebHandlerAdapter - [4fc5025d] Completed 200 OK
12:32:53.144 [Test worker] DEBUG o.s.w.c.RestTemplate - Response 200 OK
12:32:53.144 [Test worker] DEBUG o.s.w.c.RestTemplate - Reading to [java.util.List<org.springframework.web.reactive.result.method.annotation.RequestMappingMessageConversionIntegrationTests$Person>]
12:32:53.146 [Test worker] DEBUG o.s.w.t.h.s.r.b.TomcatHttpServer - Stopping TomcatHttpServer...
12:32:53.452 [Test worker] DEBUG o.s.w.t.h.s.r.b.TomcatHttpServer - Server stopped (0 millis).
12:32:53.526 [Test worker] DEBUG o.s.w.r.r.m.a.RequestMappingHandlerMapping - 39 mappings in 'requestMappingHandlerMapping'
12:32:53.549 [Test worker] DEBUG o.s.w.r.r.m.a.ControllerMethodResolver - ControllerAdvice beans: none
12:32:53.582 [Test worker] DEBUG o.s.w.s.a.HttpWebHandlerAdapter - enableLoggingRequestDetails='false': form data and headers will be masked to prevent unsafe logging of potentially sensitive data
12:32:53.582 [Test worker] DEBUG o.s.w.t.h.s.r.b.UndertowHttpServer - Starting UndertowHttpServer...
12:32:53.582 [Test worker] INFO  i.undertow - starting server: Undertow - 2.0.32.Final
12:32:53.592 [Test worker] DEBUG o.s.w.t.h.s.r.b.UndertowHttpServer - Server started on port 51727(0 millis).
12:32:53.592 [Test worker] DEBUG o.s.w.c.RestTemplate - HTTP POST http://localhost:51727/person-transform/flowable
12:32:53.592 [Test worker] DEBUG o.s.w.c.RestTemplate - Accept=[application/json, application/x-jackson-smile, application/*+json]
12:32:53.592 [Test worker] DEBUG o.s.w.c.RestTemplate - Writing [[Person{name='Robert'}, Person{name='Marie'}]] as "application/json"
12:32:53.595 [XNIO-43 I/O-2] DEBUG o.s.w.s.a.HttpWebHandlerAdapter - [593c2b92] HTTP POST "/person-transform/flowable"
12:32:53.595 [XNIO-43 I/O-2] DEBUG o.s.w.r.r.m.a.RequestMappingHandlerMapping - [593c2b92] Mapped to org.springframework.web.reactive.result.method.annotation.RequestMappingMessageConversionIntegrationTests$PersonTransformationController#transformFlowable(Flowable)
12:32:53.596 [XNIO-43 I/O-2] DEBUG o.s.w.r.r.m.a.RequestBodyMethodArgumentResolver - [593c2b92] Content-Type:application/json
12:32:53.597 [XNIO-43 I/O-2] DEBUG o.s.w.r.r.m.a.RequestBodyMethodArgumentResolver - [593c2b92] 0..N [org.springframework.web.reactive.result.method.annotation.RequestMappingMessageConversionIntegrationTests$Person]
12:32:53.598 [XNIO-43 I/O-2] DEBUG o.s.w.r.r.m.a.ResponseBodyResultHandler - Using 'application/json' given [application/json] and supported [application/json, application/*+json, application/x-jackson-smile, application/*+x-jackson-smile, application/xml, text/xml, text/event-stream]
12:32:53.598 [XNIO-43 I/O-2] DEBUG o.s.w.r.r.m.a.ResponseBodyResultHandler - [593c2b92] 0..N [org.springframework.web.reactive.result.method.annotation.RequestMappingMessageConversionIntegrationTests$Person]
12:32:53.599 [XNIO-43 I/O-2] DEBUG o.s.h.c.j.Jackson2JsonDecoder - [593c2b92] Decoded [Person{name='Robert'}]
12:32:53.599 [XNIO-43 I/O-2] DEBUG o.s.h.c.j.Jackson2JsonDecoder - [593c2b92] Decoded [Person{name='Marie'}]
12:32:53.599 [XNIO-43 I/O-2] DEBUG o.s.h.c.j.Jackson2JsonEncoder - [593c2b92] Encoding [[Person{name='ROBERT'}, Person{name='MARIE'}]]
12:32:53.600 [XNIO-43 I/O-2] DEBUG o.s.w.s.a.HttpWebHandlerAdapter - [593c2b92] Completed 200 OK
12:32:53.600 [Test worker] DEBUG o.s.w.c.RestTemplate - Response 200 OK
12:32:53.600 [Test worker] DEBUG o.s.w.c.RestTemplate - Reading to [java.util.List<org.springframework.web.reactive.result.method.annotation.RequestMappingMessageConversionIntegrationTests$Person>]
12:32:53.601 [Test worker] DEBUG o.s.w.t.h.s.r.b.UndertowHttpServer - Stopping UndertowHttpServer...
12:32:53.601 [Test worker] INFO  i.undertow - stopping server: Undertow - 2.0.32.Final
12:32:53.603 [Test worker] DEBUG o.s.w.t.h.s.r.b.UndertowHttpServer - Server stopped (0 millis).
12:32:53.673 [Test worker] DEBUG o.s.w.r.r.m.a.RequestMappingHandlerMapping - 39 mappings in 'requestMappingHandlerMapping'
12:32:53.695 [Test worker] DEBUG o.s.w.r.r.m.a.ControllerMethodResolver - ControllerAdvice beans: none
12:32:53.715 [Test worker] DEBUG o.s.w.s.a.HttpWebHandlerAdapter - enableLoggingRequestDetails='false': form data and headers will be masked to prevent unsafe logging of potentially sensitive data
12:32:53.715 [Test worker] WARN  o.e.j.s.h.ContextHandler - Empty contextPath
12:32:53.716 [Test worker] INFO  o.e.j.s.h.ContextHandler - Started o.e.j.s.ServletContextHandler@4c96589d{/,null,AVAILABLE}
12:32:53.716 [Test worker] DEBUG o.s.w.t.h.s.r.b.JettyHttpServer - Starting JettyHttpServer...
12:32:53.716 [Test worker] INFO  o.e.j.s.Server - jetty-9.4.31.v20200723; built: 2020-07-23T17:57:36.812Z; git: 450ba27947e13e66baa8cd1ce7e85a4461cacc1d; jvm 1.8.0_191-b12
12:32:53.719 [Test worker] INFO  o.e.j.s.AbstractConnector - Started ServerConnector@629a504b{HTTP/1.1, (http/1.1)}{0.0.0.0:51731}
12:32:53.720 [Test worker] INFO  o.e.j.s.Server - Started @261411ms
12:32:53.720 [Test worker] DEBUG o.s.w.t.h.s.r.b.JettyHttpServer - Server started on port 51731(0 millis).
12:32:53.720 [Test worker] DEBUG o.s.w.c.RestTemplate - HTTP POST http://localhost:51731/person-create/flux
12:32:53.720 [Test worker] DEBUG o.s.w.c.RestTemplate - Accept=[application/json, application/x-jackson-smile, application/*+json]
12:32:53.720 [Test worker] DEBUG o.s.w.c.RestTemplate - Writing [[Person{name='Robert'}, Person{name='Marie'}]] as "application/json"
12:32:53.723 [qtp956637931-1283] DEBUG o.s.w.s.a.HttpWebHandlerAdapter - [50b69390] HTTP POST "/person-create/flux"
12:32:53.724 [qtp956637931-1283] DEBUG o.s.w.r.r.m.a.RequestMappingHandlerMapping - [50b69390] Mapped to org.springframework.web.reactive.result.method.annotation.RequestMappingMessageConversionIntegrationTests$PersonCreateController#createWithFlux(Flux)
12:32:53.724 [qtp956637931-1283] DEBUG o.s.w.r.r.m.a.RequestBodyMethodArgumentResolver - [50b69390] Content-Type:application/json;charset=UTF-8
12:32:53.725 [qtp956637931-1283] DEBUG o.s.w.r.r.m.a.RequestBodyMethodArgumentResolver - [50b69390] 0..N [org.springframework.web.reactive.result.method.annotation.RequestMappingMessageConversionIntegrationTests$Person]
12:32:53.725 [qtp956637931-1283] DEBUG o.s.h.c.j.Jackson2JsonDecoder - [50b69390] Decoded [Person{name='Robert'}]
12:32:53.726 [qtp956637931-1283] DEBUG o.s.h.c.j.Jackson2JsonDecoder - [50b69390] Decoded [Person{name='Marie'}]
12:32:53.726 [qtp956637931-1283] DEBUG o.s.w.s.a.HttpWebHandlerAdapter - [50b69390] Completed 200 OK
12:32:53.726 [Test worker] DEBUG o.s.w.c.RestTemplate - Response 200 OK
12:32:53.726 [Test worker] DEBUG o.s.w.t.h.s.r.b.JettyHttpServer - Stopping JettyHttpServer...
12:32:53.726 [Test worker] INFO  o.e.j.s.h.ContextHandler - Stopped o.e.j.s.ServletContextHandler@4c96589d{/,null,UNAVAILABLE}
12:32:53.728 [Test worker] INFO  o.e.j.s.AbstractConnector - Stopped ServerConnector@629a504b{HTTP/1.1, (http/1.1)}{0.0.0.0:0}
12:32:53.729 [Test worker] DEBUG o.s.w.t.h.s.r.b.JettyHttpServer - Server stopped (0 millis).
12:32:53.793 [Test worker] DEBUG o.s.w.r.r.m.a.RequestMappingHandlerMapping - 39 mappings in 'requestMappingHandlerMapping'
12:32:53.813 [Test worker] DEBUG o.s.w.r.r.m.a.ControllerMethodResolver - ControllerAdvice beans: none
12:32:53.834 [Test worker] DEBUG o.s.w.s.a.HttpWebHandlerAdapter - enableLoggingRequestDetails='false': form data and headers will be masked to prevent unsafe logging of potentially sensitive data
12:32:53.834 [Test worker] DEBUG o.s.w.t.h.s.r.b.ReactorHttpServer - Starting ReactorHttpServer...
12:32:53.837 [Test worker] DEBUG o.s.w.t.h.s.r.b.ReactorHttpServer - Server started on port 51737(0 millis).
12:32:53.837 [Test worker] DEBUG o.s.w.c.RestTemplate - HTTP POST http://localhost:51737/person-create/flux
12:32:53.837 [Test worker] DEBUG o.s.w.c.RestTemplate - Accept=[application/json, application/x-jackson-smile, application/*+json]
12:32:53.837 [Test worker] DEBUG o.s.w.c.RestTemplate - Writing [[Person{name='Robert'}, Person{name='Marie'}]] as "application/json"
12:32:53.841 [reactor-http-nio-4] DEBUG o.s.w.s.a.HttpWebHandlerAdapter - [8cdabc8b-46] HTTP POST "/person-create/flux"
12:32:53.841 [reactor-http-nio-4] DEBUG o.s.w.r.r.m.a.RequestMappingHandlerMapping - [8cdabc8b-46] Mapped to org.springframework.web.reactive.result.method.annotation.RequestMappingMessageConversionIntegrationTests$PersonCreateController#createWithFlux(Flux)
12:32:53.842 [reactor-http-nio-4] DEBUG o.s.w.r.r.m.a.RequestBodyMethodArgumentResolver - [8cdabc8b-46] Content-Type:application/json
12:32:53.842 [reactor-http-nio-4] DEBUG o.s.w.r.r.m.a.RequestBodyMethodArgumentResolver - [8cdabc8b-46] 0..N [org.springframework.web.reactive.result.method.annotation.RequestMappingMessageConversionIntegrationTests$Person]
12:32:53.843 [reactor-http-nio-4] DEBUG o.s.h.c.j.Jackson2JsonDecoder - [8cdabc8b-46] Decoded [Person{name='Robert'}]
12:32:53.844 [reactor-http-nio-4] DEBUG o.s.h.c.j.Jackson2JsonDecoder - [8cdabc8b-46] Decoded [Person{name='Marie'}]
12:32:53.844 [reactor-http-nio-4] DEBUG o.s.w.s.a.HttpWebHandlerAdapter - [8cdabc8b-46] Completed 200 OK
12:32:53.845 [Test worker] DEBUG o.s.w.c.RestTemplate - Response 200 OK
12:32:53.845 [Test worker] DEBUG o.s.w.t.h.s.r.b.ReactorHttpServer - Stopping ReactorHttpServer...
12:32:53.845 [Test worker] DEBUG o.s.w.t.h.s.r.b.ReactorHttpServer - Server stopped (0 millis).
12:32:53.924 [Test worker] DEBUG o.s.w.r.r.m.a.RequestMappingHandlerMapping - 39 mappings in 'requestMappingHandlerMapping'
12:32:53.945 [Test worker] DEBUG o.s.w.r.r.m.a.ControllerMethodResolver - ControllerAdvice beans: none
12:32:53.965 [Test worker] DEBUG o.s.w.s.a.HttpWebHandlerAdapter - enableLoggingRequestDetails='false': form data and headers will be masked to prevent unsafe logging of potentially sensitive data
12:32:53.966 [Test worker] DEBUG o.s.w.t.h.s.r.b.TomcatHttpServer - Starting TomcatHttpServer...
12:32:53.976 [Test worker] DEBUG o.s.w.t.h.s.r.b.TomcatHttpServer - Server started on port 51745(0 millis).
12:32:53.976 [Test worker] DEBUG o.s.w.c.RestTemplate - HTTP POST http://localhost:51745/person-create/flux
12:32:53.977 [Test worker] DEBUG o.s.w.c.RestTemplate - Accept=[application/json, application/x-jackson-smile, application/*+json]
12:32:53.977 [Test worker] DEBUG o.s.w.c.RestTemplate - Writing [[Person{name='Robert'}, Person{name='Marie'}]] as "application/json"
12:32:53.982 [http-nio-auto-44-exec-1] DEBUG o.s.w.s.a.HttpWebHandlerAdapter - [67333c60] HTTP POST "/person-create/flux"
12:32:53.982 [http-nio-auto-44-exec-1] DEBUG o.s.w.r.r.m.a.RequestMappingHandlerMapping - [67333c60] Mapped to org.springframework.web.reactive.result.method.annotation.RequestMappingMessageConversionIntegrationTests$PersonCreateController#createWithFlux(Flux)
12:32:53.983 [http-nio-auto-44-exec-1] DEBUG o.s.w.r.r.m.a.RequestBodyMethodArgumentResolver - [67333c60] Content-Type:application/json
12:32:53.984 [http-nio-auto-44-exec-1] DEBUG o.s.w.r.r.m.a.RequestBodyMethodArgumentResolver - [67333c60] 0..N [org.springframework.web.reactive.result.method.annotation.RequestMappingMessageConversionIntegrationTests$Person]
12:32:53.984 [http-nio-auto-44-exec-1] DEBUG o.s.h.c.j.Jackson2JsonDecoder - [67333c60] Decoded [Person{name='Robert'}]
12:32:53.985 [http-nio-auto-44-exec-1] DEBUG o.s.h.c.j.Jackson2JsonDecoder - [67333c60] Decoded [Person{name='Marie'}]
12:32:53.985 [http-nio-auto-44-exec-1] DEBUG o.s.w.s.a.HttpWebHandlerAdapter - [67333c60] Completed 200 OK
12:32:53.986 [Test worker] DEBUG o.s.w.c.RestTemplate - Response 200 OK
12:32:53.986 [Test worker] DEBUG o.s.w.t.h.s.r.b.TomcatHttpServer - Stopping TomcatHttpServer...
12:32:54.301 [Test worker] DEBUG o.s.w.t.h.s.r.b.TomcatHttpServer - Server stopped (0 millis).
12:32:54.378 [Test worker] DEBUG o.s.w.r.r.m.a.RequestMappingHandlerMapping - 39 mappings in 'requestMappingHandlerMapping'
12:32:54.399 [Test worker] DEBUG o.s.w.r.r.m.a.ControllerMethodResolver - ControllerAdvice beans: none
12:32:54.425 [Test worker] DEBUG o.s.w.s.a.HttpWebHandlerAdapter - enableLoggingRequestDetails='false': form data and headers will be masked to prevent unsafe logging of potentially sensitive data
12:32:54.425 [Test worker] DEBUG o.s.w.t.h.s.r.b.UndertowHttpServer - Starting UndertowHttpServer...
12:32:54.425 [Test worker] INFO  i.undertow - starting server: Undertow - 2.0.32.Final
12:32:54.433 [Test worker] DEBUG o.s.w.t.h.s.r.b.UndertowHttpServer - Server started on port 51768(0 millis).
12:32:54.435 [Test worker] DEBUG o.s.w.c.RestTemplate - HTTP POST http://localhost:51768/person-create/flux
12:32:54.438 [Test worker] DEBUG o.s.w.c.RestTemplate - Accept=[application/json, application/x-jackson-smile, application/*+json]
12:32:54.438 [Test worker] DEBUG o.s.w.c.RestTemplate - Writing [[Person{name='Robert'}, Person{name='Marie'}]] as "application/json"
12:32:54.442 [XNIO-44 I/O-2] DEBUG o.s.w.s.a.HttpWebHandlerAdapter - [4b6079c5] HTTP POST "/person-create/flux"
12:32:54.442 [XNIO-44 I/O-2] DEBUG o.s.w.r.r.m.a.RequestMappingHandlerMapping - [4b6079c5] Mapped to org.springframework.web.reactive.result.method.annotation.RequestMappingMessageConversionIntegrationTests$PersonCreateController#createWithFlux(Flux)
12:32:54.443 [XNIO-44 I/O-2] DEBUG o.s.w.r.r.m.a.RequestBodyMethodArgumentResolver - [4b6079c5] Content-Type:application/json
12:32:54.444 [XNIO-44 I/O-2] DEBUG o.s.w.r.r.m.a.RequestBodyMethodArgumentResolver - [4b6079c5] 0..N [org.springframework.web.reactive.result.method.annotation.RequestMappingMessageConversionIntegrationTests$Person]
12:32:54.444 [XNIO-44 I/O-2] DEBUG o.s.h.c.j.Jackson2JsonDecoder - [4b6079c5] Decoded [Person{name='Robert'}]
12:32:54.445 [XNIO-44 I/O-2] DEBUG o.s.h.c.j.Jackson2JsonDecoder - [4b6079c5] Decoded [Person{name='Marie'}]
12:32:54.445 [XNIO-44 I/O-2] DEBUG o.s.w.s.a.HttpWebHandlerAdapter - [4b6079c5] Completed 200 OK
12:32:54.445 [Test worker] DEBUG o.s.w.c.RestTemplate - Response 200 OK
12:32:54.445 [Test worker] DEBUG o.s.w.t.h.s.r.b.UndertowHttpServer - Stopping UndertowHttpServer...
12:32:54.445 [Test worker] INFO  i.undertow - stopping server: Undertow - 2.0.32.Final
12:32:54.447 [Test worker] DEBUG o.s.w.t.h.s.r.b.UndertowHttpServer - Server stopped (0 millis).
12:32:54.518 [Test worker] DEBUG o.s.w.r.r.m.a.RequestMappingHandlerMapping - 39 mappings in 'requestMappingHandlerMapping'
12:32:54.546 [Test worker] DEBUG o.s.w.r.r.m.a.ControllerMethodResolver - ControllerAdvice beans: none
12:32:54.573 [Test worker] DEBUG o.s.w.s.a.HttpWebHandlerAdapter - enableLoggingRequestDetails='false': form data and headers will be masked to prevent unsafe logging of potentially sensitive data
12:32:54.574 [Test worker] WARN  o.e.j.s.h.ContextHandler - Empty contextPath
12:32:54.574 [Test worker] INFO  o.e.j.s.h.ContextHandler - Started o.e.j.s.ServletContextHandler@1bb87fd8{/,null,AVAILABLE}
12:32:54.575 [Test worker] DEBUG o.s.w.t.h.s.r.b.JettyHttpServer - Starting JettyHttpServer...
12:32:54.575 [Test worker] INFO  o.e.j.s.Server - jetty-9.4.31.v20200723; built: 2020-07-23T17:57:36.812Z; git: 450ba27947e13e66baa8cd1ce7e85a4461cacc1d; jvm 1.8.0_191-b12
12:32:54.579 [Test worker] INFO  o.e.j.s.AbstractConnector - Started ServerConnector@28b066e6{HTTP/1.1, (http/1.1)}{0.0.0.0:51770}
12:32:54.579 [Test worker] INFO  o.e.j.s.Server - Started @262270ms
12:32:54.579 [Test worker] DEBUG o.s.w.t.h.s.r.b.JettyHttpServer - Server started on port 51770(0 millis).
12:32:54.579 [Test worker] DEBUG o.s.w.c.RestTemplate - HTTP POST http://localhost:51770/person-create/flowable
12:32:54.580 [Test worker] DEBUG o.s.w.c.RestTemplate - Accept=[application/json, application/x-jackson-smile, application/*+json]
12:32:54.580 [Test worker] DEBUG o.s.w.c.RestTemplate - Writing [org.springframework.web.reactive.result.method.annotation.RequestMappingMessageConversionIntegrationTests$People@173076bd] as "application/xml"
12:32:54.589 [qtp2117508023-1312] DEBUG o.s.w.s.a.HttpWebHandlerAdapter - [1a38344a] HTTP POST "/person-create/flowable"
12:32:54.589 [qtp2117508023-1312] DEBUG o.s.w.r.r.m.a.RequestMappingHandlerMapping - [1a38344a] Mapped to org.springframework.web.reactive.result.method.annotation.RequestMappingMessageConversionIntegrationTests$PersonCreateController#createWithFlowable(Flowable)
12:32:54.590 [qtp2117508023-1312] DEBUG o.s.w.r.r.m.a.RequestBodyMethodArgumentResolver - [1a38344a] Content-Type:application/xml
12:32:54.591 [qtp2117508023-1312] DEBUG o.s.w.r.r.m.a.RequestBodyMethodArgumentResolver - [1a38344a] 0..N [org.springframework.web.reactive.result.method.annotation.RequestMappingMessageConversionIntegrationTests$Person]
12:32:54.603 [qtp2117508023-1312] DEBUG o.s.h.c.x.Jaxb2XmlDecoder - [1a38344a] Decoded [Person{name='Robert'}]
12:32:54.603 [qtp2117508023-1312] DEBUG o.s.h.c.x.Jaxb2XmlDecoder - [1a38344a] Decoded [Person{name='Marie'}]
12:32:54.603 [qtp2117508023-1312] DEBUG o.s.w.s.a.HttpWebHandlerAdapter - [1a38344a] Completed 200 OK
12:32:54.604 [Test worker] DEBUG o.s.w.c.RestTemplate - Response 200 OK
12:32:54.604 [Test worker] DEBUG o.s.w.t.h.s.r.b.JettyHttpServer - Stopping JettyHttpServer...
12:32:54.604 [Test worker] INFO  o.e.j.s.h.ContextHandler - Stopped o.e.j.s.ServletContextHandler@1bb87fd8{/,null,UNAVAILABLE}
12:32:54.606 [Test worker] INFO  o.e.j.s.AbstractConnector - Stopped ServerConnector@28b066e6{HTTP/1.1, (http/1.1)}{0.0.0.0:0}
12:32:54.607 [Test worker] DEBUG o.s.w.t.h.s.r.b.JettyHttpServer - Server stopped (0 millis).
12:32:54.690 [Test worker] DEBUG o.s.w.r.r.m.a.RequestMappingHandlerMapping - 39 mappings in 'requestMappingHandlerMapping'
12:32:54.721 [Test worker] DEBUG o.s.w.r.r.m.a.ControllerMethodResolver - ControllerAdvice beans: none
12:32:54.746 [Test worker] DEBUG o.s.w.s.a.HttpWebHandlerAdapter - enableLoggingRequestDetails='false': form data and headers will be masked to prevent unsafe logging of potentially sensitive data
12:32:54.746 [Test worker] DEBUG o.s.w.t.h.s.r.b.ReactorHttpServer - Starting ReactorHttpServer...
12:32:54.748 [Test worker] DEBUG o.s.w.t.h.s.r.b.ReactorHttpServer - Server started on port 51777(0 millis).
12:32:54.749 [Test worker] DEBUG o.s.w.c.RestTemplate - HTTP POST http://localhost:51777/person-create/flowable
12:32:54.749 [Test worker] DEBUG o.s.w.c.RestTemplate - Accept=[application/json, application/x-jackson-smile, application/*+json]
12:32:54.749 [Test worker] DEBUG o.s.w.c.RestTemplate - Writing [org.springframework.web.reactive.result.method.annotation.RequestMappingMessageConversionIntegrationTests$People@13800b86] as "application/xml"
12:32:54.757 [reactor-http-nio-2] DEBUG o.s.w.s.a.HttpWebHandlerAdapter - [64bd9fc2-47] HTTP POST "/person-create/flowable"
12:32:54.757 [reactor-http-nio-2] DEBUG o.s.w.r.r.m.a.RequestMappingHandlerMapping - [64bd9fc2-47] Mapped to org.springframework.web.reactive.result.method.annotation.RequestMappingMessageConversionIntegrationTests$PersonCreateController#createWithFlowable(Flowable)
12:32:54.758 [reactor-http-nio-2] DEBUG o.s.w.r.r.m.a.RequestBodyMethodArgumentResolver - [64bd9fc2-47] Content-Type:application/xml
12:32:54.758 [reactor-http-nio-2] DEBUG o.s.w.r.r.m.a.RequestBodyMethodArgumentResolver - [64bd9fc2-47] 0..N [org.springframework.web.reactive.result.method.annotation.RequestMappingMessageConversionIntegrationTests$Person]
12:32:54.764 [reactor-http-nio-2] DEBUG o.s.h.c.x.Jaxb2XmlDecoder - [64bd9fc2-47] Decoded [Person{name='Robert'}]
12:32:54.764 [reactor-http-nio-2] DEBUG o.s.h.c.x.Jaxb2XmlDecoder - [64bd9fc2-47] Decoded [Person{name='Marie'}]
12:32:54.764 [reactor-http-nio-2] DEBUG o.s.w.s.a.HttpWebHandlerAdapter - [64bd9fc2-47] Completed 200 OK
12:32:54.765 [Test worker] DEBUG o.s.w.c.RestTemplate - Response 200 OK
12:32:54.766 [Test worker] DEBUG o.s.w.t.h.s.r.b.ReactorHttpServer - Stopping ReactorHttpServer...
12:32:54.766 [Test worker] DEBUG o.s.w.t.h.s.r.b.ReactorHttpServer - Server stopped (0 millis).
12:32:54.862 [Test worker] DEBUG o.s.w.r.r.m.a.RequestMappingHandlerMapping - 39 mappings in 'requestMappingHandlerMapping'
12:32:54.892 [Test worker] DEBUG o.s.w.r.r.m.a.ControllerMethodResolver - ControllerAdvice beans: none
12:32:54.966 [Test worker] DEBUG o.s.w.s.a.HttpWebHandlerAdapter - enableLoggingRequestDetails='false': form data and headers will be masked to prevent unsafe logging of potentially sensitive data
12:32:54.966 [Test worker] DEBUG o.s.w.t.h.s.r.b.TomcatHttpServer - Starting TomcatHttpServer...
12:32:54.979 [Test worker] DEBUG o.s.w.t.h.s.r.b.TomcatHttpServer - Server started on port 51789(0 millis).
12:32:54.980 [Test worker] DEBUG o.s.w.c.RestTemplate - HTTP POST http://localhost:51789/person-create/flowable
12:32:54.980 [Test worker] DEBUG o.s.w.c.RestTemplate - Accept=[application/json, application/x-jackson-smile, application/*+json]
12:32:54.980 [Test worker] DEBUG o.s.w.c.RestTemplate - Writing [org.springframework.web.reactive.result.method.annotation.RequestMappingMessageConversionIntegrationTests$People@12d83163] as "application/xml"
12:32:54.989 [http-nio-auto-45-exec-1] DEBUG o.s.w.s.a.HttpWebHandlerAdapter - [39d9ed1c] HTTP POST "/person-create/flowable"
12:32:54.990 [http-nio-auto-45-exec-1] DEBUG o.s.w.r.r.m.a.RequestMappingHandlerMapping - [39d9ed1c] Mapped to org.springframework.web.reactive.result.method.annotation.RequestMappingMessageConversionIntegrationTests$PersonCreateController#createWithFlowable(Flowable)
12:32:54.990 [http-nio-auto-45-exec-1] DEBUG o.s.w.r.r.m.a.RequestBodyMethodArgumentResolver - [39d9ed1c] Content-Type:application/xml
12:32:54.991 [http-nio-auto-45-exec-1] DEBUG o.s.w.r.r.m.a.RequestBodyMethodArgumentResolver - [39d9ed1c] 0..N [org.springframework.web.reactive.result.method.annotation.RequestMappingMessageConversionIntegrationTests$Person]
12:32:54.996 [http-nio-auto-45-exec-1] DEBUG o.s.h.c.x.Jaxb2XmlDecoder - [39d9ed1c] Decoded [Person{name='Robert'}]
12:32:54.996 [http-nio-auto-45-exec-1] DEBUG o.s.h.c.x.Jaxb2XmlDecoder - [39d9ed1c] Decoded [Person{name='Marie'}]
12:32:54.997 [http-nio-auto-45-exec-1] DEBUG o.s.w.s.a.HttpWebHandlerAdapter - [39d9ed1c] Completed 200 OK
12:32:54.997 [Test worker] DEBUG o.s.w.c.RestTemplate - Response 200 OK
12:32:54.998 [Test worker] DEBUG o.s.w.t.h.s.r.b.TomcatHttpServer - Stopping TomcatHttpServer...
12:32:55.307 [Test worker] DEBUG o.s.w.t.h.s.r.b.TomcatHttpServer - Server stopped (0 millis).
12:32:55.394 [Test worker] DEBUG o.s.w.r.r.m.a.RequestMappingHandlerMapping - 39 mappings in 'requestMappingHandlerMapping'
12:32:55.424 [Test worker] DEBUG o.s.w.r.r.m.a.ControllerMethodResolver - ControllerAdvice beans: none
12:32:55.449 [Test worker] DEBUG o.s.w.s.a.HttpWebHandlerAdapter - enableLoggingRequestDetails='false': form data and headers will be masked to prevent unsafe logging of potentially sensitive data
12:32:55.449 [Test worker] DEBUG o.s.w.t.h.s.r.b.UndertowHttpServer - Starting UndertowHttpServer...
12:32:55.449 [Test worker] INFO  i.undertow - starting server: Undertow - 2.0.32.Final
12:32:55.456 [Test worker] DEBUG o.s.w.t.h.s.r.b.UndertowHttpServer - Server started on port 51806(0 millis).
12:32:55.457 [Test worker] DEBUG o.s.w.c.RestTemplate - HTTP POST http://localhost:51806/person-create/flowable
12:32:55.457 [Test worker] DEBUG o.s.w.c.RestTemplate - Accept=[application/json, application/x-jackson-smile, application/*+json]
12:32:55.457 [Test worker] DEBUG o.s.w.c.RestTemplate - Writing [org.springframework.web.reactive.result.method.annotation.RequestMappingMessageConversionIntegrationTests$People@43296195] as "application/xml"
12:32:55.464 [XNIO-45 I/O-2] DEBUG o.s.w.s.a.HttpWebHandlerAdapter - [6bdd0f2e] HTTP POST "/person-create/flowable"
12:32:55.464 [XNIO-45 I/O-2] DEBUG o.s.w.r.r.m.a.RequestMappingHandlerMapping - [6bdd0f2e] Mapped to org.springframework.web.reactive.result.method.annotation.RequestMappingMessageConversionIntegrationTests$PersonCreateController#createWithFlowable(Flowable)
12:32:55.465 [XNIO-45 I/O-2] DEBUG o.s.w.r.r.m.a.RequestBodyMethodArgumentResolver - [6bdd0f2e] Content-Type:application/xml
12:32:55.466 [XNIO-45 I/O-2] DEBUG o.s.w.r.r.m.a.RequestBodyMethodArgumentResolver - [6bdd0f2e] 0..N [org.springframework.web.reactive.result.method.annotation.RequestMappingMessageConversionIntegrationTests$Person]
12:32:55.472 [XNIO-45 I/O-2] DEBUG o.s.h.c.x.Jaxb2XmlDecoder - [6bdd0f2e] Decoded [Person{name='Robert'}]
12:32:55.472 [XNIO-45 I/O-2] DEBUG o.s.h.c.x.Jaxb2XmlDecoder - [6bdd0f2e] Decoded [Person{name='Marie'}]
12:32:55.472 [XNIO-45 I/O-2] DEBUG o.s.w.s.a.HttpWebHandlerAdapter - [6bdd0f2e] Completed 200 OK
12:32:55.472 [Test worker] DEBUG o.s.w.c.RestTemplate - Response 200 OK
12:32:55.473 [Test worker] DEBUG o.s.w.t.h.s.r.b.UndertowHttpServer - Stopping UndertowHttpServer...
12:32:55.473 [Test worker] INFO  i.undertow - stopping server: Undertow - 2.0.32.Final
12:32:55.474 [Test worker] DEBUG o.s.w.t.h.s.r.b.UndertowHttpServer - Server stopped (0 millis).
12:32:55.559 [Test worker] DEBUG o.s.w.r.r.m.a.RequestMappingHandlerMapping - 39 mappings in 'requestMappingHandlerMapping'
12:32:55.581 [Test worker] DEBUG o.s.w.r.r.m.a.ControllerMethodResolver - ControllerAdvice beans: none
12:32:55.600 [Test worker] DEBUG o.s.w.s.a.HttpWebHandlerAdapter - enableLoggingRequestDetails='false': form data and headers will be masked to prevent unsafe logging of potentially sensitive data
12:32:55.600 [Test worker] WARN  o.e.j.s.h.ContextHandler - Empty contextPath
12:32:55.600 [Test worker] INFO  o.e.j.s.h.ContextHandler - Started o.e.j.s.ServletContextHandler@2adcf393{/,null,AVAILABLE}
12:32:55.601 [Test worker] DEBUG o.s.w.t.h.s.r.b.JettyHttpServer - Starting JettyHttpServer...
12:32:55.601 [Test worker] INFO  o.e.j.s.Server - jetty-9.4.31.v20200723; built: 2020-07-23T17:57:36.812Z; git: 450ba27947e13e66baa8cd1ce7e85a4461cacc1d; jvm 1.8.0_191-b12
12:32:55.604 [Test worker] INFO  o.e.j.s.AbstractConnector - Started ServerConnector@3fdb9c18{HTTP/1.1, (http/1.1)}{0.0.0.0:51809}
12:32:55.605 [Test worker] INFO  o.e.j.s.Server - Started @263296ms
12:32:55.605 [Test worker] DEBUG o.s.w.t.h.s.r.b.JettyHttpServer - Server started on port 51809(0 millis).
12:32:55.605 [Test worker] DEBUG o.s.w.c.RestTemplate - HTTP GET http://localhost:51809/resource
12:32:55.615 [Test worker] DEBUG o.s.w.c.RestTemplate - Accept=[application/octet-stream, application/json, application/x-jackson-smile, application/*+json, */*]
12:32:55.617 [qtp623953522-1341] DEBUG o.s.w.s.a.HttpWebHandlerAdapter - [641ce289] HTTP GET "/resource"
12:32:55.617 [qtp623953522-1341] DEBUG o.s.w.r.r.m.a.RequestMappingHandlerMapping - [641ce289] Mapped to org.springframework.web.reactive.result.method.annotation.RequestMappingMessageConversionIntegrationTests$ResourceController#resource()
12:32:55.622 [qtp623953522-1341] DEBUG o.s.w.r.r.m.a.ResponseBodyResultHandler - Using 'application/octet-stream' given [application/octet-stream, application/json, application/x-jackson-smile, application/*+json, */*] and supported [application/octet-stream, */*, application/json, application/*+json, application/x-jackson-smile, application/*+x-jackson-smile, text/event-stream]
12:32:55.622 [qtp623953522-1341] DEBUG o.s.w.r.r.m.a.ResponseBodyResultHandler - [641ce289] 0..1 [org.springframework.core.io.Resource]
12:32:55.622 [qtp623953522-1341] DEBUG o.s.h.c.ResourceHttpMessageWriter - [641ce289] Resource associated with 'image/png'
12:32:55.623 [qtp623953522-1341] DEBUG o.s.c.c.ResourceEncoder - [641ce289] Writing [class path resource [org/springframework/web/reactive/spring.png]]
12:32:55.626 [Test worker] DEBUG o.s.w.c.RestTemplate - Response 200 OK
12:32:55.626 [Test worker] DEBUG o.s.w.c.RestTemplate - Reading to [[B] as "image/png"
12:32:55.626 [Thread-428] DEBUG o.s.w.s.a.HttpWebHandlerAdapter - [641ce289] Completed 200 OK
12:32:55.626 [Test worker] DEBUG o.s.w.t.h.s.r.b.JettyHttpServer - Stopping JettyHttpServer...
12:32:55.626 [Test worker] INFO  o.e.j.s.h.ContextHandler - Stopped o.e.j.s.ServletContextHandler@2adcf393{/,null,UNAVAILABLE}
12:32:55.628 [Test worker] INFO  o.e.j.s.AbstractConnector - Stopped ServerConnector@3fdb9c18{HTTP/1.1, (http/1.1)}{0.0.0.0:0}
12:32:55.629 [Test worker] DEBUG o.s.w.t.h.s.r.b.JettyHttpServer - Server stopped (0 millis).
12:32:55.687 [Test worker] DEBUG o.s.w.r.r.m.a.RequestMappingHandlerMapping - 39 mappings in 'requestMappingHandlerMapping'
12:32:55.708 [Test worker] DEBUG o.s.w.r.r.m.a.ControllerMethodResolver - ControllerAdvice beans: none
12:32:55.725 [Test worker] DEBUG o.s.w.s.a.HttpWebHandlerAdapter - enableLoggingRequestDetails='false': form data and headers will be masked to prevent unsafe logging of potentially sensitive data
12:32:55.725 [Test worker] DEBUG o.s.w.t.h.s.r.b.ReactorHttpServer - Starting ReactorHttpServer...
12:32:55.727 [Test worker] DEBUG o.s.w.t.h.s.r.b.ReactorHttpServer - Server started on port 51815(0 millis).
12:32:55.727 [Test worker] DEBUG o.s.w.c.RestTemplate - HTTP GET http://localhost:51815/resource
12:32:55.727 [Test worker] DEBUG o.s.w.c.RestTemplate - Accept=[application/octet-stream, application/json, application/x-jackson-smile, application/*+json, */*]
12:32:55.730 [reactor-http-nio-4] DEBUG o.s.w.s.a.HttpWebHandlerAdapter - [d756df31-48] HTTP GET "/resource"
12:32:55.730 [reactor-http-nio-4] DEBUG o.s.w.r.r.m.a.RequestMappingHandlerMapping - [d756df31-48] Mapped to org.springframework.web.reactive.result.method.annotation.RequestMappingMessageConversionIntegrationTests$ResourceController#resource()
12:32:55.736 [reactor-http-nio-4] DEBUG o.s.w.r.r.m.a.ResponseBodyResultHandler - Using 'application/octet-stream' given [application/octet-stream, application/json, application/x-jackson-smile, application/*+json, */*] and supported [application/octet-stream, */*, application/json, application/*+json, application/x-jackson-smile, application/*+x-jackson-smile, text/event-stream]
12:32:55.736 [reactor-http-nio-4] DEBUG o.s.w.r.r.m.a.ResponseBodyResultHandler - [d756df31-48] 0..1 [org.springframework.core.io.Resource]
12:32:55.736 [reactor-http-nio-4] DEBUG o.s.h.c.ResourceHttpMessageWriter - [d756df31-48] Resource associated with 'image/png'
12:32:55.737 [reactor-http-nio-4] DEBUG o.s.h.c.ResourceHttpMessageWriter - [d756df31-48] Zero-copy [class path resource [org/springframework/web/reactive/spring.png]]
12:32:55.743 [Test worker] DEBUG o.s.w.c.RestTemplate - Response 200 OK
12:32:55.756 [Test worker] DEBUG o.s.w.c.RestTemplate - Reading to [[B] as "image/png"
12:32:55.756 [Test worker] DEBUG o.s.w.t.h.s.r.b.ReactorHttpServer - Stopping ReactorHttpServer...
12:32:55.757 [Test worker] DEBUG o.s.w.t.h.s.r.b.ReactorHttpServer - Server stopped (0 millis).
12:32:55.758 [reactor-http-nio-4] DEBUG o.s.w.s.a.HttpWebHandlerAdapter - [d756df31-48] Completed 200 OK
12:32:55.811 [Test worker] DEBUG o.s.w.r.r.m.a.RequestMappingHandlerMapping - 39 mappings in 'requestMappingHandlerMapping'
12:32:55.834 [Test worker] DEBUG o.s.w.r.r.m.a.ControllerMethodResolver - ControllerAdvice beans: none
12:32:55.853 [Test worker] DEBUG o.s.w.s.a.HttpWebHandlerAdapter - enableLoggingRequestDetails='false': form data and headers will be masked to prevent unsafe logging of potentially sensitive data
12:32:55.854 [Test worker] DEBUG o.s.w.t.h.s.r.b.TomcatHttpServer - Starting TomcatHttpServer...
12:32:55.865 [Test worker] DEBUG o.s.w.t.h.s.r.b.TomcatHttpServer - Server started on port 51817(0 millis).
12:32:55.865 [Test worker] DEBUG o.s.w.c.RestTemplate - HTTP GET http://localhost:51817/resource
12:32:55.865 [Test worker] DEBUG o.s.w.c.RestTemplate - Accept=[application/octet-stream, application/json, application/x-jackson-smile, application/*+json, */*]
12:32:55.868 [http-nio-auto-46-exec-1] DEBUG o.s.w.s.a.HttpWebHandlerAdapter - [1828d5bb] HTTP GET "/resource"
12:32:55.869 [http-nio-auto-46-exec-1] DEBUG o.s.w.r.r.m.a.RequestMappingHandlerMapping - [1828d5bb] Mapped to org.springframework.web.reactive.result.method.annotation.RequestMappingMessageConversionIntegrationTests$ResourceController#resource()
12:32:55.876 [http-nio-auto-46-exec-1] DEBUG o.s.w.r.r.m.a.ResponseBodyResultHandler - Using 'application/octet-stream' given [application/octet-stream, application/json, application/x-jackson-smile, application/*+json, */*] and supported [application/octet-stream, */*, application/json, application/*+json, application/x-jackson-smile, application/*+x-jackson-smile, text/event-stream]
12:32:55.877 [http-nio-auto-46-exec-1] DEBUG o.s.w.r.r.m.a.ResponseBodyResultHandler - [1828d5bb] 0..1 [org.springframework.core.io.Resource]
12:32:55.877 [http-nio-auto-46-exec-1] DEBUG o.s.h.c.ResourceHttpMessageWriter - [1828d5bb] Resource associated with 'image/png'
12:32:55.878 [http-nio-auto-46-exec-1] DEBUG o.s.c.c.ResourceEncoder - [1828d5bb] Writing [class path resource [org/springframework/web/reactive/spring.png]]
12:32:55.880 [Test worker] DEBUG o.s.w.c.RestTemplate - Response 200 OK
12:32:55.880 [Thread-428] DEBUG o.s.w.s.a.HttpWebHandlerAdapter - [1828d5bb] Completed 200 OK
12:32:55.880 [Test worker] DEBUG o.s.w.c.RestTemplate - Reading to [[B] as "image/png"
12:32:55.881 [Test worker] DEBUG o.s.w.t.h.s.r.b.TomcatHttpServer - Stopping TomcatHttpServer...
12:32:56.160 [Test worker] DEBUG o.s.w.t.h.s.r.b.TomcatHttpServer - Server stopped (0 millis).
12:32:56.228 [Test worker] DEBUG o.s.w.r.r.m.a.RequestMappingHandlerMapping - 39 mappings in 'requestMappingHandlerMapping'
12:32:56.252 [Test worker] DEBUG o.s.w.r.r.m.a.ControllerMethodResolver - ControllerAdvice beans: none
12:32:56.269 [Test worker] DEBUG o.s.w.s.a.HttpWebHandlerAdapter - enableLoggingRequestDetails='false': form data and headers will be masked to prevent unsafe logging of potentially sensitive data
12:32:56.269 [Test worker] DEBUG o.s.w.t.h.s.r.b.UndertowHttpServer - Starting UndertowHttpServer...
12:32:56.269 [Test worker] INFO  i.undertow - starting server: Undertow - 2.0.32.Final
12:32:56.277 [Test worker] DEBUG o.s.w.t.h.s.r.b.UndertowHttpServer - Server started on port 51834(0 millis).
12:32:56.277 [Test worker] DEBUG o.s.w.c.RestTemplate - HTTP GET http://localhost:51834/resource
12:32:56.277 [Test worker] DEBUG o.s.w.c.RestTemplate - Accept=[application/octet-stream, application/json, application/x-jackson-smile, application/*+json, */*]
12:32:56.280 [XNIO-46 I/O-2] DEBUG o.s.w.s.a.HttpWebHandlerAdapter - [611b8d0e] HTTP GET "/resource"
12:32:56.280 [XNIO-46 I/O-2] DEBUG o.s.w.r.r.m.a.RequestMappingHandlerMapping - [611b8d0e] Mapped to org.springframework.web.reactive.result.method.annotation.RequestMappingMessageConversionIntegrationTests$ResourceController#resource()
12:32:56.284 [XNIO-46 I/O-2] DEBUG o.s.w.r.r.m.a.ResponseBodyResultHandler - Using 'application/octet-stream' given [application/octet-stream, application/json, application/x-jackson-smile, application/*+json, */*] and supported [application/octet-stream, */*, application/json, application/*+json, application/x-jackson-smile, application/*+x-jackson-smile, text/event-stream]
12:32:56.284 [XNIO-46 I/O-2] DEBUG o.s.w.r.r.m.a.ResponseBodyResultHandler - [611b8d0e] 0..1 [org.springframework.core.io.Resource]
12:32:56.284 [XNIO-46 I/O-2] DEBUG o.s.h.c.ResourceHttpMessageWriter - [611b8d0e] Resource associated with 'image/png'
12:32:56.285 [XNIO-46 I/O-2] DEBUG o.s.h.c.ResourceHttpMessageWriter - [611b8d0e] Zero-copy [class path resource [org/springframework/web/reactive/spring.png]]
12:32:56.289 [XNIO-46 I/O-2] DEBUG o.s.w.s.a.HttpWebHandlerAdapter - [611b8d0e] Completed 200 OK
12:32:56.288 [Test worker] DEBUG o.s.w.c.RestTemplate - Response 200 OK
12:32:56.289 [Test worker] DEBUG o.s.w.c.RestTemplate - Reading to [[B] as "image/png"
12:32:56.289 [Test worker] DEBUG o.s.w.t.h.s.r.b.UndertowHttpServer - Stopping UndertowHttpServer...
12:32:56.289 [Test worker] INFO  i.undertow - stopping server: Undertow - 2.0.32.Final
12:32:56.291 [Test worker] DEBUG o.s.w.t.h.s.r.b.UndertowHttpServer - Server stopped (0 millis).
12:32:56.354 [Test worker] DEBUG o.s.w.r.r.m.a.RequestMappingHandlerMapping - 39 mappings in 'requestMappingHandlerMapping'
12:32:56.373 [Test worker] DEBUG o.s.w.r.r.m.a.ControllerMethodResolver - ControllerAdvice beans: none
12:32:56.393 [Test worker] DEBUG o.s.w.s.a.HttpWebHandlerAdapter - enableLoggingRequestDetails='false': form data and headers will be masked to prevent unsafe logging of potentially sensitive data
12:32:56.394 [Test worker] WARN  o.e.j.s.h.ContextHandler - Empty contextPath
12:32:56.394 [Test worker] INFO  o.e.j.s.h.ContextHandler - Started o.e.j.s.ServletContextHandler@2300b8a1{/,null,AVAILABLE}
12:32:56.394 [Test worker] DEBUG o.s.w.t.h.s.r.b.JettyHttpServer - Starting JettyHttpServer...
12:32:56.394 [Test worker] INFO  o.e.j.s.Server - jetty-9.4.31.v20200723; built: 2020-07-23T17:57:36.812Z; git: 450ba27947e13e66baa8cd1ce7e85a4461cacc1d; jvm 1.8.0_191-b12
12:32:56.398 [Test worker] INFO  o.e.j.s.AbstractConnector - Started ServerConnector@20f08ef5{HTTP/1.1, (http/1.1)}{0.0.0.0:51836}
12:32:56.398 [Test worker] INFO  o.e.j.s.Server - Started @264089ms
12:32:56.398 [Test worker] DEBUG o.s.w.t.h.s.r.b.JettyHttpServer - Server started on port 51836(0 millis).
12:32:56.398 [Test worker] DEBUG o.s.w.c.RestTemplate - HTTP POST http://localhost:51836/person-create/flux
12:32:56.398 [Test worker] DEBUG o.s.w.c.RestTemplate - Accept=[application/json, application/x-jackson-smile, application/*+json]
12:32:56.398 [Test worker] DEBUG o.s.w.c.RestTemplate - Writing [org.springframework.web.reactive.result.method.annotation.RequestMappingMessageConversionIntegrationTests$People@5bd0975b] as "application/xml"
12:32:56.405 [qtp1127299079-1371] DEBUG o.s.w.s.a.HttpWebHandlerAdapter - [7a1ab24f] HTTP POST "/person-create/flux"
12:32:56.405 [qtp1127299079-1371] DEBUG o.s.w.r.r.m.a.RequestMappingHandlerMapping - [7a1ab24f] Mapped to org.springframework.web.reactive.result.method.annotation.RequestMappingMessageConversionIntegrationTests$PersonCreateController#createWithFlux(Flux)
12:32:56.406 [qtp1127299079-1371] DEBUG o.s.w.r.r.m.a.RequestBodyMethodArgumentResolver - [7a1ab24f] Content-Type:application/xml
12:32:56.407 [qtp1127299079-1371] DEBUG o.s.w.r.r.m.a.RequestBodyMethodArgumentResolver - [7a1ab24f] 0..N [org.springframework.web.reactive.result.method.annotation.RequestMappingMessageConversionIntegrationTests$Person]
12:32:56.412 [qtp1127299079-1371] DEBUG o.s.h.c.x.Jaxb2XmlDecoder - [7a1ab24f] Decoded [Person{name='Robert'}]
12:32:56.413 [qtp1127299079-1371] DEBUG o.s.h.c.x.Jaxb2XmlDecoder - [7a1ab24f] Decoded [Person{name='Marie'}]
12:32:56.413 [qtp1127299079-1371] DEBUG o.s.w.s.a.HttpWebHandlerAdapter - [7a1ab24f] Completed 200 OK
12:32:56.413 [Test worker] DEBUG o.s.w.c.RestTemplate - Response 200 OK
12:32:56.414 [Test worker] DEBUG o.s.w.t.h.s.r.b.JettyHttpServer - Stopping JettyHttpServer...
12:32:56.414 [Test worker] INFO  o.e.j.s.h.ContextHandler - Stopped o.e.j.s.ServletContextHandler@2300b8a1{/,null,UNAVAILABLE}
12:32:56.416 [Test worker] INFO  o.e.j.s.AbstractConnector - Stopped ServerConnector@20f08ef5{HTTP/1.1, (http/1.1)}{0.0.0.0:0}
12:32:56.417 [Test worker] DEBUG o.s.w.t.h.s.r.b.JettyHttpServer - Server stopped (0 millis).
12:32:56.470 [Test worker] DEBUG o.s.w.r.r.m.a.RequestMappingHandlerMapping - 39 mappings in 'requestMappingHandlerMapping'
12:32:56.490 [Test worker] DEBUG o.s.w.r.r.m.a.ControllerMethodResolver - ControllerAdvice beans: none
12:32:56.513 [Test worker] DEBUG o.s.w.s.a.HttpWebHandlerAdapter - enableLoggingRequestDetails='false': form data and headers will be masked to prevent unsafe logging of potentially sensitive data
12:32:56.513 [Test worker] DEBUG o.s.w.t.h.s.r.b.ReactorHttpServer - Starting ReactorHttpServer...
12:32:56.515 [Test worker] DEBUG o.s.w.t.h.s.r.b.ReactorHttpServer - Server started on port 51842(0 millis).
12:32:56.515 [Test worker] DEBUG o.s.w.c.RestTemplate - HTTP POST http://localhost:51842/person-create/flux
12:32:56.515 [Test worker] DEBUG o.s.w.c.RestTemplate - Accept=[application/json, application/x-jackson-smile, application/*+json]
12:32:56.515 [Test worker] DEBUG o.s.w.c.RestTemplate - Writing [org.springframework.web.reactive.result.method.annotation.RequestMappingMessageConversionIntegrationTests$People@3fa2e664] as "application/xml"
12:32:56.521 [reactor-http-nio-2] DEBUG o.s.w.s.a.HttpWebHandlerAdapter - [886c83eb-49] HTTP POST "/person-create/flux"
12:32:56.521 [reactor-http-nio-2] DEBUG o.s.w.r.r.m.a.RequestMappingHandlerMapping - [886c83eb-49] Mapped to org.springframework.web.reactive.result.method.annotation.RequestMappingMessageConversionIntegrationTests$PersonCreateController#createWithFlux(Flux)
12:32:56.522 [reactor-http-nio-2] DEBUG o.s.w.r.r.m.a.RequestBodyMethodArgumentResolver - [886c83eb-49] Content-Type:application/xml
12:32:56.523 [reactor-http-nio-2] DEBUG o.s.w.r.r.m.a.RequestBodyMethodArgumentResolver - [886c83eb-49] 0..N [org.springframework.web.reactive.result.method.annotation.RequestMappingMessageConversionIntegrationTests$Person]
12:32:56.527 [reactor-http-nio-2] DEBUG o.s.h.c.x.Jaxb2XmlDecoder - [886c83eb-49] Decoded [Person{name='Robert'}]
12:32:56.527 [reactor-http-nio-2] DEBUG o.s.h.c.x.Jaxb2XmlDecoder - [886c83eb-49] Decoded [Person{name='Marie'}]
12:32:56.527 [reactor-http-nio-2] DEBUG o.s.w.s.a.HttpWebHandlerAdapter - [886c83eb-49] Completed 200 OK
12:32:56.528 [Test worker] DEBUG o.s.w.c.RestTemplate - Response 200 OK
12:32:56.528 [Test worker] DEBUG o.s.w.t.h.s.r.b.ReactorHttpServer - Stopping ReactorHttpServer...
12:32:56.528 [Test worker] DEBUG o.s.w.t.h.s.r.b.ReactorHttpServer - Server stopped (0 millis).
12:32:56.605 [Test worker] DEBUG o.s.w.r.r.m.a.RequestMappingHandlerMapping - 39 mappings in 'requestMappingHandlerMapping'
12:32:56.627 [Test worker] DEBUG o.s.w.r.r.m.a.ControllerMethodResolver - ControllerAdvice beans: none
12:32:56.646 [Test worker] DEBUG o.s.w.s.a.HttpWebHandlerAdapter - enableLoggingRequestDetails='false': form data and headers will be masked to prevent unsafe logging of potentially sensitive data
12:32:56.647 [Test worker] DEBUG o.s.w.t.h.s.r.b.TomcatHttpServer - Starting TomcatHttpServer...
12:32:56.661 [Test worker] DEBUG o.s.w.t.h.s.r.b.TomcatHttpServer - Server started on port 51844(0 millis).
12:32:56.661 [Test worker] DEBUG o.s.w.c.RestTemplate - HTTP POST http://localhost:51844/person-create/flux
12:32:56.661 [Test worker] DEBUG o.s.w.c.RestTemplate - Accept=[application/json, application/x-jackson-smile, application/*+json]
12:32:56.661 [Test worker] DEBUG o.s.w.c.RestTemplate - Writing [org.springframework.web.reactive.result.method.annotation.RequestMappingMessageConversionIntegrationTests$People@35046a9c] as "application/xml"
12:32:56.668 [http-nio-auto-47-exec-1] DEBUG o.s.w.s.a.HttpWebHandlerAdapter - [1687a8b1] HTTP POST "/person-create/flux"
12:32:56.669 [http-nio-auto-47-exec-1] DEBUG o.s.w.r.r.m.a.RequestMappingHandlerMapping - [1687a8b1] Mapped to org.springframework.web.reactive.result.method.annotation.RequestMappingMessageConversionIntegrationTests$PersonCreateController#createWithFlux(Flux)
12:32:56.670 [http-nio-auto-47-exec-1] DEBUG o.s.w.r.r.m.a.RequestBodyMethodArgumentResolver - [1687a8b1] Content-Type:application/xml
12:32:56.670 [http-nio-auto-47-exec-1] DEBUG o.s.w.r.r.m.a.RequestBodyMethodArgumentResolver - [1687a8b1] 0..N [org.springframework.web.reactive.result.method.annotation.RequestMappingMessageConversionIntegrationTests$Person]
12:32:56.674 [http-nio-auto-47-exec-1] DEBUG o.s.h.c.x.Jaxb2XmlDecoder - [1687a8b1] Decoded [Person{name='Robert'}]
12:32:56.674 [http-nio-auto-47-exec-1] DEBUG o.s.h.c.x.Jaxb2XmlDecoder - [1687a8b1] Decoded [Person{name='Marie'}]
12:32:56.675 [http-nio-auto-47-exec-1] DEBUG o.s.w.s.a.HttpWebHandlerAdapter - [1687a8b1] Completed 200 OK
12:32:56.675 [Test worker] DEBUG o.s.w.c.RestTemplate - Response 200 OK
12:32:56.675 [Test worker] DEBUG o.s.w.t.h.s.r.b.TomcatHttpServer - Stopping TomcatHttpServer...
12:32:56.930 [Test worker] DEBUG o.s.w.t.h.s.r.b.TomcatHttpServer - Server stopped (0 millis).
12:32:56.990 [Test worker] DEBUG o.s.w.r.r.m.a.RequestMappingHandlerMapping - 39 mappings in 'requestMappingHandlerMapping'
12:32:57.006 [Test worker] DEBUG o.s.w.r.r.m.a.ControllerMethodResolver - ControllerAdvice beans: none
12:32:57.020 [Test worker] DEBUG o.s.w.s.a.HttpWebHandlerAdapter - enableLoggingRequestDetails='false': form data and headers will be masked to prevent unsafe logging of potentially sensitive data
12:32:57.021 [Test worker] DEBUG o.s.w.t.h.s.r.b.UndertowHttpServer - Starting UndertowHttpServer...
12:32:57.021 [Test worker] INFO  i.undertow - starting server: Undertow - 2.0.32.Final
12:32:57.027 [Test worker] DEBUG o.s.w.t.h.s.r.b.UndertowHttpServer - Server started on port 51861(0 millis).
12:32:57.028 [Test worker] DEBUG o.s.w.c.RestTemplate - HTTP POST http://localhost:51861/person-create/flux
12:32:57.028 [Test worker] DEBUG o.s.w.c.RestTemplate - Accept=[application/json, application/x-jackson-smile, application/*+json]
12:32:57.028 [Test worker] DEBUG o.s.w.c.RestTemplate - Writing [org.springframework.web.reactive.result.method.annotation.RequestMappingMessageConversionIntegrationTests$People@3feec398] as "application/xml"
12:32:57.034 [XNIO-47 I/O-2] DEBUG o.s.w.s.a.HttpWebHandlerAdapter - [380393a4] HTTP POST "/person-create/flux"
12:32:57.035 [XNIO-47 I/O-2] DEBUG o.s.w.r.r.m.a.RequestMappingHandlerMapping - [380393a4] Mapped to org.springframework.web.reactive.result.method.annotation.RequestMappingMessageConversionIntegrationTests$PersonCreateController#createWithFlux(Flux)
12:32:57.035 [XNIO-47 I/O-2] DEBUG o.s.w.r.r.m.a.RequestBodyMethodArgumentResolver - [380393a4] Content-Type:application/xml
12:32:57.036 [XNIO-47 I/O-2] DEBUG o.s.w.r.r.m.a.RequestBodyMethodArgumentResolver - [380393a4] 0..N [org.springframework.web.reactive.result.method.annotation.RequestMappingMessageConversionIntegrationTests$Person]
12:32:57.040 [XNIO-47 I/O-2] DEBUG o.s.h.c.x.Jaxb2XmlDecoder - [380393a4] Decoded [Person{name='Robert'}]
12:32:57.040 [XNIO-47 I/O-2] DEBUG o.s.h.c.x.Jaxb2XmlDecoder - [380393a4] Decoded [Person{name='Marie'}]
12:32:57.040 [XNIO-47 I/O-2] DEBUG o.s.w.s.a.HttpWebHandlerAdapter - [380393a4] Completed 200 OK
12:32:57.041 [Test worker] DEBUG o.s.w.c.RestTemplate - Response 200 OK
12:32:57.041 [Test worker] DEBUG o.s.w.t.h.s.r.b.UndertowHttpServer - Stopping UndertowHttpServer...
12:32:57.041 [Test worker] INFO  i.undertow - stopping server: Undertow - 2.0.32.Final
12:32:57.043 [Test worker] DEBUG o.s.w.t.h.s.r.b.UndertowHttpServer - Server stopped (0 millis).
12:32:57.097 [Test worker] DEBUG o.s.w.r.r.m.a.RequestMappingHandlerMapping - 39 mappings in 'requestMappingHandlerMapping'
12:32:57.114 [Test worker] DEBUG o.s.w.r.r.m.a.ControllerMethodResolver - ControllerAdvice beans: none
12:32:57.127 [Test worker] DEBUG o.s.w.s.a.HttpWebHandlerAdapter - enableLoggingRequestDetails='false': form data and headers will be masked to prevent unsafe logging of potentially sensitive data
12:32:57.127 [Test worker] WARN  o.e.j.s.h.ContextHandler - Empty contextPath
12:32:57.127 [Test worker] INFO  o.e.j.s.h.ContextHandler - Started o.e.j.s.ServletContextHandler@7a71a26f{/,null,AVAILABLE}
12:32:57.127 [Test worker] DEBUG o.s.w.t.h.s.r.b.JettyHttpServer - Starting JettyHttpServer...
12:32:57.127 [Test worker] INFO  o.e.j.s.Server - jetty-9.4.31.v20200723; built: 2020-07-23T17:57:36.812Z; git: 450ba27947e13e66baa8cd1ce7e85a4461cacc1d; jvm 1.8.0_191-b12
12:32:57.131 [Test worker] INFO  o.e.j.s.AbstractConnector - Started ServerConnector@362a80f6{HTTP/1.1, (http/1.1)}{0.0.0.0:51863}
12:32:57.131 [Test worker] INFO  o.e.j.s.Server - Started @264822ms
12:32:57.131 [Test worker] DEBUG o.s.w.t.h.s.r.b.JettyHttpServer - Server started on port 51863(0 millis).
12:32:57.131 [Test worker] DEBUG o.s.w.c.RestTemplate - HTTP GET http://localhost:51863/person-response/mono-response-entity
12:32:57.132 [Test worker] DEBUG o.s.w.c.RestTemplate - Accept=[application/xml, text/xml, application/json, application/x-jackson-smile, application/*+xml, application/*+json]
12:32:57.134 [qtp1703815082-1400] DEBUG o.s.w.s.a.HttpWebHandlerAdapter - [59ea0555] HTTP GET "/person-response/mono-response-entity"
12:32:57.134 [qtp1703815082-1400] DEBUG o.s.w.r.r.m.a.RequestMappingHandlerMapping - [59ea0555] Mapped to org.springframework.web.reactive.result.method.annotation.RequestMappingMessageConversionIntegrationTests$PersonResponseBodyController#getMonoResponseEntity()
12:32:57.135 [qtp1703815082-1400] DEBUG o.s.w.r.r.m.a.ResponseEntityResultHandler - Using 'application/json' given [application/json] and supported [application/json, application/*+json, application/x-jackson-smile, application/*+x-jackson-smile, application/xml, text/xml, text/event-stream]
12:32:57.135 [qtp1703815082-1400] DEBUG o.s.w.r.r.m.a.ResponseEntityResultHandler - [59ea0555] 0..1 [org.springframework.web.reactive.result.method.annotation.RequestMappingMessageConversionIntegrationTests$Person]
12:32:57.136 [qtp1703815082-1400] DEBUG o.s.h.c.j.Jackson2JsonEncoder - [59ea0555] Encoding [Person{name='Robert'}]
12:32:57.137 [Test worker] DEBUG o.s.w.c.RestTemplate - Response 200 OK
12:32:57.137 [qtp1703815082-1400] DEBUG o.s.w.s.a.HttpWebHandlerAdapter - [59ea0555] Completed 200 OK
12:32:57.137 [Test worker] DEBUG o.s.w.c.RestTemplate - Reading to [org.springframework.web.reactive.result.method.annotation.RequestMappingMessageConversionIntegrationTests$Person]
12:32:57.137 [Test worker] DEBUG o.s.w.t.h.s.r.b.JettyHttpServer - Stopping JettyHttpServer...
12:32:57.138 [Test worker] INFO  o.e.j.s.h.ContextHandler - Stopped o.e.j.s.ServletContextHandler@7a71a26f{/,null,UNAVAILABLE}
12:32:57.140 [Test worker] INFO  o.e.j.s.AbstractConnector - Stopped ServerConnector@362a80f6{HTTP/1.1, (http/1.1)}{0.0.0.0:0}
12:32:57.142 [Test worker] DEBUG o.s.w.t.h.s.r.b.JettyHttpServer - Server stopped (0 millis).
12:32:57.190 [Test worker] DEBUG o.s.w.r.r.m.a.RequestMappingHandlerMapping - 39 mappings in 'requestMappingHandlerMapping'
12:32:57.204 [Test worker] DEBUG o.s.w.r.r.m.a.ControllerMethodResolver - ControllerAdvice beans: none
12:32:57.219 [Test worker] DEBUG o.s.w.s.a.HttpWebHandlerAdapter - enableLoggingRequestDetails='false': form data and headers will be masked to prevent unsafe logging of potentially sensitive data
12:32:57.219 [Test worker] DEBUG o.s.w.t.h.s.r.b.ReactorHttpServer - Starting ReactorHttpServer...
12:32:57.221 [Test worker] DEBUG o.s.w.t.h.s.r.b.ReactorHttpServer - Server started on port 51869(0 millis).
12:32:57.221 [Test worker] DEBUG o.s.w.c.RestTemplate - HTTP GET http://localhost:51869/person-response/mono-response-entity
12:32:57.222 [Test worker] DEBUG o.s.w.c.RestTemplate - Accept=[application/xml, text/xml, application/json, application/x-jackson-smile, application/*+xml, application/*+json]
12:32:57.224 [reactor-http-nio-4] DEBUG o.s.w.s.a.HttpWebHandlerAdapter - [723deb49-50] HTTP GET "/person-response/mono-response-entity"
12:32:57.224 [reactor-http-nio-4] DEBUG o.s.w.r.r.m.a.RequestMappingHandlerMapping - [723deb49-50] Mapped to org.springframework.web.reactive.result.method.annotation.RequestMappingMessageConversionIntegrationTests$PersonResponseBodyController#getMonoResponseEntity()
12:32:57.225 [reactor-http-nio-4] DEBUG o.s.w.r.r.m.a.ResponseEntityResultHandler - Using 'application/json' given [application/json] and supported [application/json, application/*+json, application/x-jackson-smile, application/*+x-jackson-smile, application/xml, text/xml, text/event-stream]
12:32:57.225 [reactor-http-nio-4] DEBUG o.s.w.r.r.m.a.ResponseEntityResultHandler - [723deb49-50] 0..1 [org.springframework.web.reactive.result.method.annotation.RequestMappingMessageConversionIntegrationTests$Person]
12:32:57.225 [reactor-http-nio-4] DEBUG o.s.h.c.j.Jackson2JsonEncoder - [723deb49-50] Encoding [Person{name='Robert'}]
12:32:57.226 [Test worker] DEBUG o.s.w.c.RestTemplate - Response 200 OK
12:32:57.226 [reactor-http-nio-4] DEBUG o.s.w.s.a.HttpWebHandlerAdapter - [723deb49-50] Completed 200 OK
12:32:57.227 [Test worker] DEBUG o.s.w.c.RestTemplate - Reading to [org.springframework.web.reactive.result.method.annotation.RequestMappingMessageConversionIntegrationTests$Person]
12:32:57.227 [Test worker] DEBUG o.s.w.t.h.s.r.b.ReactorHttpServer - Stopping ReactorHttpServer...
12:32:57.227 [Test worker] DEBUG o.s.w.t.h.s.r.b.ReactorHttpServer - Server stopped (0 millis).
12:32:57.270 [Test worker] DEBUG o.s.w.r.r.m.a.RequestMappingHandlerMapping - 39 mappings in 'requestMappingHandlerMapping'
12:32:57.285 [Test worker] DEBUG o.s.w.r.r.m.a.ControllerMethodResolver - ControllerAdvice beans: none
12:32:57.298 [Test worker] DEBUG o.s.w.s.a.HttpWebHandlerAdapter - enableLoggingRequestDetails='false': form data and headers will be masked to prevent unsafe logging of potentially sensitive data
12:32:57.298 [Test worker] DEBUG o.s.w.t.h.s.r.b.TomcatHttpServer - Starting TomcatHttpServer...
12:32:57.307 [Test worker] DEBUG o.s.w.t.h.s.r.b.TomcatHttpServer - Server started on port 51871(0 millis).
12:32:57.307 [Test worker] DEBUG o.s.w.c.RestTemplate - HTTP GET http://localhost:51871/person-response/mono-response-entity
12:32:57.307 [Test worker] DEBUG o.s.w.c.RestTemplate - Accept=[application/xml, text/xml, application/json, application/x-jackson-smile, application/*+xml, application/*+json]
12:32:57.310 [http-nio-auto-48-exec-1] DEBUG o.s.w.s.a.HttpWebHandlerAdapter - [38232cc9] HTTP GET "/person-response/mono-response-entity"
12:32:57.310 [http-nio-auto-48-exec-1] DEBUG o.s.w.r.r.m.a.RequestMappingHandlerMapping - [38232cc9] Mapped to org.springframework.web.reactive.result.method.annotation.RequestMappingMessageConversionIntegrationTests$PersonResponseBodyController#getMonoResponseEntity()
12:32:57.312 [http-nio-auto-48-exec-1] DEBUG o.s.w.r.r.m.a.ResponseEntityResultHandler - Using 'application/json' given [application/json] and supported [application/json, application/*+json, application/x-jackson-smile, application/*+x-jackson-smile, application/xml, text/xml, text/event-stream]
12:32:57.312 [http-nio-auto-48-exec-1] DEBUG o.s.w.r.r.m.a.ResponseEntityResultHandler - [38232cc9] 0..1 [org.springframework.web.reactive.result.method.annotation.RequestMappingMessageConversionIntegrationTests$Person]
12:32:57.312 [http-nio-auto-48-exec-1] DEBUG o.s.h.c.j.Jackson2JsonEncoder - [38232cc9] Encoding [Person{name='Robert'}]
12:32:57.313 [http-nio-auto-48-exec-1] DEBUG o.s.w.s.a.HttpWebHandlerAdapter - [38232cc9] Completed 200 OK
12:32:57.313 [Test worker] DEBUG o.s.w.c.RestTemplate - Response 200 OK
12:32:57.313 [Test worker] DEBUG o.s.w.c.RestTemplate - Reading to [org.springframework.web.reactive.result.method.annotation.RequestMappingMessageConversionIntegrationTests$Person]
12:32:57.313 [Test worker] DEBUG o.s.w.t.h.s.r.b.TomcatHttpServer - Stopping TomcatHttpServer...
12:32:57.525 [Test worker] DEBUG o.s.w.t.h.s.r.b.TomcatHttpServer - Server stopped (0 millis).
12:32:57.585 [Test worker] DEBUG o.s.w.r.r.m.a.RequestMappingHandlerMapping - 39 mappings in 'requestMappingHandlerMapping'
12:32:57.602 [Test worker] DEBUG o.s.w.r.r.m.a.ControllerMethodResolver - ControllerAdvice beans: none
12:32:57.622 [Test worker] DEBUG o.s.w.s.a.HttpWebHandlerAdapter - enableLoggingRequestDetails='false': form data and headers will be masked to prevent unsafe logging of potentially sensitive data
12:32:57.622 [Test worker] DEBUG o.s.w.t.h.s.r.b.UndertowHttpServer - Starting UndertowHttpServer...
12:32:57.622 [Test worker] INFO  i.undertow - starting server: Undertow - 2.0.32.Final
12:32:57.631 [Test worker] DEBUG o.s.w.t.h.s.r.b.UndertowHttpServer - Server started on port 51899(0 millis).
12:32:57.631 [Test worker] DEBUG o.s.w.c.RestTemplate - HTTP GET http://localhost:51899/person-response/mono-response-entity
12:32:57.632 [Test worker] DEBUG o.s.w.c.RestTemplate - Accept=[application/xml, text/xml, application/json, application/x-jackson-smile, application/*+xml, application/*+json]
12:32:57.644 [XNIO-48 I/O-2] DEBUG o.s.w.s.a.HttpWebHandlerAdapter - [5cee4a69] HTTP GET "/person-response/mono-response-entity"
12:32:57.644 [XNIO-48 I/O-2] DEBUG o.s.w.r.r.m.a.RequestMappingHandlerMapping - [5cee4a69] Mapped to org.springframework.web.reactive.result.method.annotation.RequestMappingMessageConversionIntegrationTests$PersonResponseBodyController#getMonoResponseEntity()
12:32:57.645 [XNIO-48 I/O-2] DEBUG o.s.w.r.r.m.a.ResponseEntityResultHandler - Using 'application/json' given [application/json] and supported [application/json, application/*+json, application/x-jackson-smile, application/*+x-jackson-smile, application/xml, text/xml, text/event-stream]
12:32:57.645 [XNIO-48 I/O-2] DEBUG o.s.w.r.r.m.a.ResponseEntityResultHandler - [5cee4a69] 0..1 [org.springframework.web.reactive.result.method.annotation.RequestMappingMessageConversionIntegrationTests$Person]
12:32:57.646 [XNIO-48 I/O-2] DEBUG o.s.h.c.j.Jackson2JsonEncoder - [5cee4a69] Encoding [Person{name='Robert'}]
12:32:57.646 [XNIO-48 I/O-2] DEBUG o.s.w.s.a.HttpWebHandlerAdapter - [5cee4a69] Completed 200 OK
12:32:57.646 [Test worker] DEBUG o.s.w.c.RestTemplate - Response 200 OK
12:32:57.647 [Test worker] DEBUG o.s.w.c.RestTemplate - Reading to [org.springframework.web.reactive.result.method.annotation.RequestMappingMessageConversionIntegrationTests$Person]
12:32:57.647 [Test worker] DEBUG o.s.w.t.h.s.r.b.UndertowHttpServer - Stopping UndertowHttpServer...
12:32:57.647 [Test worker] INFO  i.undertow - stopping server: Undertow - 2.0.32.Final
12:32:57.651 [Test worker] DEBUG o.s.w.t.h.s.r.b.UndertowHttpServer - Server stopped (0 millis).
12:32:57.738 [Test worker] DEBUG o.s.w.r.r.m.a.RequestMappingHandlerMapping - 39 mappings in 'requestMappingHandlerMapping'
12:32:57.771 [Test worker] DEBUG o.s.w.r.r.m.a.ControllerMethodResolver - ControllerAdvice beans: none
12:32:57.793 [Test worker] DEBUG o.s.w.s.a.HttpWebHandlerAdapter - enableLoggingRequestDetails='false': form data and headers will be masked to prevent unsafe logging of potentially sensitive data
12:32:57.794 [Test worker] WARN  o.e.j.s.h.ContextHandler - Empty contextPath
12:32:57.794 [Test worker] INFO  o.e.j.s.h.ContextHandler - Started o.e.j.s.ServletContextHandler@7af92c6e{/,null,AVAILABLE}
12:32:57.795 [Test worker] DEBUG o.s.w.t.h.s.r.b.JettyHttpServer - Starting JettyHttpServer...
12:32:57.795 [Test worker] INFO  o.e.j.s.Server - jetty-9.4.31.v20200723; built: 2020-07-23T17:57:36.812Z; git: 450ba27947e13e66baa8cd1ce7e85a4461cacc1d; jvm 1.8.0_191-b12
12:32:57.801 [Test worker] INFO  o.e.j.s.AbstractConnector - Started ServerConnector@6bd91950{HTTP/1.1, (http/1.1)}{0.0.0.0:51902}
12:32:57.801 [Test worker] INFO  o.e.j.s.Server - Started @265492ms
12:32:57.801 [Test worker] DEBUG o.s.w.t.h.s.r.b.JettyHttpServer - Server started on port 51902(0 millis).
12:32:57.802 [Test worker] DEBUG o.s.w.c.RestTemplate - HTTP GET http://localhost:51902/raw-response/rxjava2-observable
12:32:57.802 [Test worker] DEBUG o.s.w.c.RestTemplate - Accept=[text/plain, application/json, application/x-jackson-smile, application/*+json, */*]
12:32:57.806 [qtp2089108640-1429] DEBUG o.s.w.s.a.HttpWebHandlerAdapter - [544eb923] HTTP GET "/raw-response/rxjava2-observable"
12:32:57.807 [qtp2089108640-1429] DEBUG o.s.w.r.r.m.a.RequestMappingHandlerMapping - [544eb923] Mapped to org.springframework.web.reactive.result.method.annotation.RequestMappingMessageConversionIntegrationTests$RawResponseBodyController#getRxJava2Observable()
12:32:57.808 [qtp2089108640-1429] DEBUG o.s.w.r.r.m.a.ResponseBodyResultHandler - Using 'text/plain' given [text/plain, application/json, application/x-jackson-smile, application/*+json, */*] and supported [*/*, application/json, application/*+json, application/x-jackson-smile, application/*+x-jackson-smile, text/event-stream]
12:32:57.808 [qtp2089108640-1429] DEBUG o.s.w.r.r.m.a.ResponseBodyResultHandler - [544eb923] 0..N [java.nio.ByteBuffer]
12:32:57.813 [qtp2089108640-1429] DEBUG o.s.c.c.ByteBufferEncoder - [544eb923] Writing 6 bytes
12:32:57.814 [Test worker] DEBUG o.s.w.c.RestTemplate - Response 200 OK
12:32:57.814 [Test worker] DEBUG o.s.w.c.RestTemplate - Reading to [java.lang.String] as "text/plain"
12:32:57.814 [qtp2089108640-1429] DEBUG o.s.w.s.a.HttpWebHandlerAdapter - [544eb923] Completed 200 OK
12:32:57.815 [Test worker] DEBUG o.s.w.t.h.s.r.b.JettyHttpServer - Stopping JettyHttpServer...
12:32:57.815 [Test worker] INFO  o.e.j.s.h.ContextHandler - Stopped o.e.j.s.ServletContextHandler@7af92c6e{/,null,UNAVAILABLE}
12:32:57.817 [Test worker] INFO  o.e.j.s.AbstractConnector - Stopped ServerConnector@6bd91950{HTTP/1.1, (http/1.1)}{0.0.0.0:0}
12:32:57.818 [Test worker] DEBUG o.s.w.t.h.s.r.b.JettyHttpServer - Server stopped (0 millis).
12:32:57.903 [Test worker] DEBUG o.s.w.r.r.m.a.RequestMappingHandlerMapping - 39 mappings in 'requestMappingHandlerMapping'
12:32:57.930 [Test worker] DEBUG o.s.w.r.r.m.a.ControllerMethodResolver - ControllerAdvice beans: none
12:32:57.957 [Test worker] DEBUG o.s.w.s.a.HttpWebHandlerAdapter - enableLoggingRequestDetails='false': form data and headers will be masked to prevent unsafe logging of potentially sensitive data
12:32:57.958 [Test worker] DEBUG o.s.w.t.h.s.r.b.ReactorHttpServer - Starting ReactorHttpServer...
12:32:57.960 [Test worker] DEBUG o.s.w.t.h.s.r.b.ReactorHttpServer - Server started on port 51918(0 millis).
12:32:57.960 [Test worker] DEBUG o.s.w.c.RestTemplate - HTTP GET http://localhost:51918/raw-response/rxjava2-observable
12:32:57.960 [Test worker] DEBUG o.s.w.c.RestTemplate - Accept=[text/plain, application/json, application/x-jackson-smile, application/*+json, */*]
12:32:57.962 [reactor-http-nio-2] DEBUG o.s.w.s.a.HttpWebHandlerAdapter - [00b9caa8-51] HTTP GET "/raw-response/rxjava2-observable"
12:32:57.963 [reactor-http-nio-2] DEBUG o.s.w.r.r.m.a.RequestMappingHandlerMapping - [00b9caa8-51] Mapped to org.springframework.web.reactive.result.method.annotation.RequestMappingMessageConversionIntegrationTests$RawResponseBodyController#getRxJava2Observable()
12:32:57.964 [reactor-http-nio-2] DEBUG o.s.w.r.r.m.a.ResponseBodyResultHandler - Using 'text/plain' given [text/plain, application/json, application/x-jackson-smile, application/*+json, */*] and supported [*/*, application/json, application/*+json, application/x-jackson-smile, application/*+x-jackson-smile, text/event-stream]
12:32:57.964 [reactor-http-nio-2] DEBUG o.s.w.r.r.m.a.ResponseBodyResultHandler - [00b9caa8-51] 0..N [java.nio.ByteBuffer]
12:32:57.964 [reactor-http-nio-2] DEBUG o.s.c.c.ByteBufferEncoder - [00b9caa8-51] Writing 6 bytes
12:32:57.965 [Test worker] DEBUG o.s.w.c.RestTemplate - Response 200 OK
12:32:57.966 [reactor-http-nio-2] DEBUG o.s.w.s.a.HttpWebHandlerAdapter - [00b9caa8-51] Completed 200 OK
12:32:57.966 [Test worker] DEBUG o.s.w.c.RestTemplate - Reading to [java.lang.String] as "text/plain"
12:32:57.966 [Test worker] DEBUG o.s.w.t.h.s.r.b.ReactorHttpServer - Stopping ReactorHttpServer...
12:32:57.967 [Test worker] DEBUG o.s.w.t.h.s.r.b.ReactorHttpServer - Server stopped (0 millis).
12:32:58.061 [Test worker] DEBUG o.s.w.r.r.m.a.RequestMappingHandlerMapping - 39 mappings in 'requestMappingHandlerMapping'
12:32:58.082 [Test worker] DEBUG o.s.w.r.r.m.a.ControllerMethodResolver - ControllerAdvice beans: none
12:32:58.103 [Test worker] DEBUG o.s.w.s.a.HttpWebHandlerAdapter - enableLoggingRequestDetails='false': form data and headers will be masked to prevent unsafe logging of potentially sensitive data
12:32:58.107 [Test worker] DEBUG o.s.w.t.h.s.r.b.TomcatHttpServer - Starting TomcatHttpServer...
12:32:58.120 [Test worker] DEBUG o.s.w.t.h.s.r.b.TomcatHttpServer - Server started on port 51926(0 millis).
12:32:58.121 [Test worker] DEBUG o.s.w.c.RestTemplate - HTTP GET http://localhost:51926/raw-response/rxjava2-observable
12:32:58.121 [Test worker] DEBUG o.s.w.c.RestTemplate - Accept=[text/plain, application/json, application/x-jackson-smile, application/*+json, */*]
12:32:58.131 [http-nio-auto-49-exec-1] DEBUG o.s.w.s.a.HttpWebHandlerAdapter - [7d721dea] HTTP GET "/raw-response/rxjava2-observable"
12:32:58.132 [http-nio-auto-49-exec-1] DEBUG o.s.w.r.r.m.a.RequestMappingHandlerMapping - [7d721dea] Mapped to org.springframework.web.reactive.result.method.annotation.RequestMappingMessageConversionIntegrationTests$RawResponseBodyController#getRxJava2Observable()
12:32:58.133 [http-nio-auto-49-exec-1] DEBUG o.s.w.r.r.m.a.ResponseBodyResultHandler - Using 'text/plain' given [text/plain, application/json, application/x-jackson-smile, application/*+json, */*] and supported [*/*, application/json, application/*+json, application/x-jackson-smile, application/*+x-jackson-smile, text/event-stream]
12:32:58.133 [http-nio-auto-49-exec-1] DEBUG o.s.w.r.r.m.a.ResponseBodyResultHandler - [7d721dea] 0..N [java.nio.ByteBuffer]
12:32:58.134 [http-nio-auto-49-exec-1] DEBUG o.s.c.c.ByteBufferEncoder - [7d721dea] Writing 6 bytes
12:32:58.135 [Test worker] DEBUG o.s.w.c.RestTemplate - Response 200 OK
12:32:58.135 [Test worker] DEBUG o.s.w.c.RestTemplate - Reading to [java.lang.String] as "text/plain"
12:32:58.135 [http-nio-auto-49-exec-1] DEBUG o.s.w.s.a.HttpWebHandlerAdapter - [7d721dea] Completed 200 OK
12:32:58.136 [Test worker] DEBUG o.s.w.t.h.s.r.b.TomcatHttpServer - Stopping TomcatHttpServer...
12:32:58.464 [Test worker] DEBUG o.s.w.t.h.s.r.b.TomcatHttpServer - Server stopped (0 millis).
12:32:58.527 [Test worker] DEBUG o.s.w.r.r.m.a.RequestMappingHandlerMapping - 39 mappings in 'requestMappingHandlerMapping'
12:32:58.558 [Test worker] DEBUG o.s.w.r.r.m.a.ControllerMethodResolver - ControllerAdvice beans: none
12:32:58.582 [Test worker] DEBUG o.s.w.s.a.HttpWebHandlerAdapter - enableLoggingRequestDetails='false': form data and headers will be masked to prevent unsafe logging of potentially sensitive data
12:32:58.582 [Test worker] DEBUG o.s.w.t.h.s.r.b.UndertowHttpServer - Starting UndertowHttpServer...
12:32:58.582 [Test worker] INFO  i.undertow - starting server: Undertow - 2.0.32.Final
12:32:58.591 [Test worker] DEBUG o.s.w.t.h.s.r.b.UndertowHttpServer - Server started on port 51949(0 millis).
12:32:58.591 [Test worker] DEBUG o.s.w.c.RestTemplate - HTTP GET http://localhost:51949/raw-response/rxjava2-observable
12:32:58.591 [Test worker] DEBUG o.s.w.c.RestTemplate - Accept=[text/plain, application/json, application/x-jackson-smile, application/*+json, */*]
12:32:58.596 [XNIO-49 I/O-2] DEBUG o.s.w.s.a.HttpWebHandlerAdapter - [31189b90] HTTP GET "/raw-response/rxjava2-observable"
12:32:58.597 [XNIO-49 I/O-2] DEBUG o.s.w.r.r.m.a.RequestMappingHandlerMapping - [31189b90] Mapped to org.springframework.web.reactive.result.method.annotation.RequestMappingMessageConversionIntegrationTests$RawResponseBodyController#getRxJava2Observable()
12:32:58.598 [XNIO-49 I/O-2] DEBUG o.s.w.r.r.m.a.ResponseBodyResultHandler - Using 'text/plain' given [text/plain, application/json, application/x-jackson-smile, application/*+json, */*] and supported [*/*, application/json, application/*+json, application/x-jackson-smile, application/*+x-jackson-smile, text/event-stream]
12:32:58.598 [XNIO-49 I/O-2] DEBUG o.s.w.r.r.m.a.ResponseBodyResultHandler - [31189b90] 0..N [java.nio.ByteBuffer]
12:32:58.598 [XNIO-49 I/O-2] DEBUG o.s.c.c.ByteBufferEncoder - [31189b90] Writing 6 bytes
12:32:58.599 [XNIO-49 I/O-2] DEBUG o.s.w.s.a.HttpWebHandlerAdapter - [31189b90] Completed 200 OK
12:32:58.600 [Test worker] DEBUG o.s.w.c.RestTemplate - Response 200 OK
12:32:58.600 [Test worker] DEBUG o.s.w.c.RestTemplate - Reading to [java.lang.String] as "text/plain"
12:32:58.600 [Test worker] DEBUG o.s.w.t.h.s.r.b.UndertowHttpServer - Stopping UndertowHttpServer...
12:32:58.600 [Test worker] INFO  i.undertow - stopping server: Undertow - 2.0.32.Final
12:32:58.604 [Test worker] DEBUG o.s.w.t.h.s.r.b.UndertowHttpServer - Server stopped (0 millis).
12:32:58.676 [Test worker] DEBUG o.s.w.r.r.m.a.RequestMappingHandlerMapping - 39 mappings in 'requestMappingHandlerMapping'
12:32:58.711 [Test worker] DEBUG o.s.w.r.r.m.a.ControllerMethodResolver - ControllerAdvice beans: none
12:32:58.736 [Test worker] DEBUG o.s.w.s.a.HttpWebHandlerAdapter - enableLoggingRequestDetails='false': form data and headers will be masked to prevent unsafe logging of potentially sensitive data
12:32:58.736 [Test worker] WARN  o.e.j.s.h.ContextHandler - Empty contextPath
12:32:58.736 [Test worker] INFO  o.e.j.s.h.ContextHandler - Started o.e.j.s.ServletContextHandler@2f50d9c9{/,null,AVAILABLE}
12:32:58.737 [Test worker] DEBUG o.s.w.t.h.s.r.b.JettyHttpServer - Starting JettyHttpServer...
12:32:58.737 [Test worker] INFO  o.e.j.s.Server - jetty-9.4.31.v20200723; built: 2020-07-23T17:57:36.812Z; git: 450ba27947e13e66baa8cd1ce7e85a4461cacc1d; jvm 1.8.0_191-b12
12:32:58.743 [Test worker] INFO  o.e.j.s.AbstractConnector - Started ServerConnector@10dd42c8{HTTP/1.1, (http/1.1)}{0.0.0.0:51961}
12:32:58.743 [Test worker] INFO  o.e.j.s.Server - Started @266435ms
12:32:58.743 [Test worker] DEBUG o.s.w.t.h.s.r.b.JettyHttpServer - Server started on port 51961(0 millis).
12:32:58.744 [Test worker] DEBUG o.s.w.c.RestTemplate - HTTP POST http://localhost:51961/person-create/single
12:32:58.744 [Test worker] DEBUG o.s.w.c.RestTemplate - Accept=[application/json, application/x-jackson-smile, application/*+json]
12:32:58.745 [Test worker] DEBUG o.s.w.c.RestTemplate - Writing [Person{name='Robert'}] as "application/json"
12:32:58.748 [qtp1011311966-1457] DEBUG o.s.w.s.a.HttpWebHandlerAdapter - [b79970f] HTTP POST "/person-create/single"
12:32:58.749 [qtp1011311966-1457] DEBUG o.s.w.r.r.m.a.RequestMappingHandlerMapping - [b79970f] Mapped to org.springframework.web.reactive.result.method.annotation.RequestMappingMessageConversionIntegrationTests$PersonCreateController#createWithSingle(Single)
12:32:58.749 [qtp1011311966-1457] DEBUG o.s.w.r.r.m.a.RequestBodyMethodArgumentResolver - [b79970f] Content-Type:application/json;charset=UTF-8
12:32:58.749 [qtp1011311966-1457] DEBUG o.s.w.r.r.m.a.RequestBodyMethodArgumentResolver - [b79970f] 0..1 [org.springframework.web.reactive.result.method.annotation.RequestMappingMessageConversionIntegrationTests$Person]
12:32:58.759 [qtp1011311966-1457] DEBUG o.s.h.c.j.Jackson2JsonDecoder - [b79970f] Decoded [Person{name='Robert'}]
12:32:58.759 [qtp1011311966-1457] DEBUG o.s.w.s.a.HttpWebHandlerAdapter - [b79970f] Completed 200 OK
12:32:58.760 [Test worker] DEBUG o.s.w.c.RestTemplate - Response 200 OK
12:32:58.760 [Test worker] DEBUG o.s.w.t.h.s.r.b.JettyHttpServer - Stopping JettyHttpServer...
12:32:58.760 [Test worker] INFO  o.e.j.s.h.ContextHandler - Stopped o.e.j.s.ServletContextHandler@2f50d9c9{/,null,UNAVAILABLE}
12:32:58.763 [Test worker] INFO  o.e.j.s.AbstractConnector - Stopped ServerConnector@10dd42c8{HTTP/1.1, (http/1.1)}{0.0.0.0:0}
12:32:58.764 [Test worker] DEBUG o.s.w.t.h.s.r.b.JettyHttpServer - Server stopped (0 millis).
12:32:58.833 [Test worker] DEBUG o.s.w.r.r.m.a.RequestMappingHandlerMapping - 39 mappings in 'requestMappingHandlerMapping'
12:32:58.864 [Test worker] DEBUG o.s.w.r.r.m.a.ControllerMethodResolver - ControllerAdvice beans: none
12:32:58.887 [Test worker] DEBUG o.s.w.s.a.HttpWebHandlerAdapter - enableLoggingRequestDetails='false': form data and headers will be masked to prevent unsafe logging of potentially sensitive data
12:32:58.888 [Test worker] DEBUG o.s.w.t.h.s.r.b.ReactorHttpServer - Starting ReactorHttpServer...
12:32:58.890 [Test worker] DEBUG o.s.w.t.h.s.r.b.ReactorHttpServer - Server started on port 51967(0 millis).
12:32:58.890 [Test worker] DEBUG o.s.w.c.RestTemplate - HTTP POST http://localhost:51967/person-create/single
12:32:58.890 [Test worker] DEBUG o.s.w.c.RestTemplate - Accept=[application/json, application/x-jackson-smile, application/*+json]
12:32:58.890 [Test worker] DEBUG o.s.w.c.RestTemplate - Writing [Person{name='Robert'}] as "application/json"
12:32:58.893 [reactor-http-nio-4] DEBUG o.s.w.s.a.HttpWebHandlerAdapter - [7cda9401-52] HTTP POST "/person-create/single"
12:32:58.894 [reactor-http-nio-4] DEBUG o.s.w.r.r.m.a.RequestMappingHandlerMapping - [7cda9401-52] Mapped to org.springframework.web.reactive.result.method.annotation.RequestMappingMessageConversionIntegrationTests$PersonCreateController#createWithSingle(Single)
12:32:58.894 [reactor-http-nio-4] DEBUG o.s.w.r.r.m.a.RequestBodyMethodArgumentResolver - [7cda9401-52] Content-Type:application/json
12:32:58.895 [reactor-http-nio-4] DEBUG o.s.w.r.r.m.a.RequestBodyMethodArgumentResolver - [7cda9401-52] 0..1 [org.springframework.web.reactive.result.method.annotation.RequestMappingMessageConversionIntegrationTests$Person]
12:32:58.896 [reactor-http-nio-4] DEBUG o.s.h.c.j.Jackson2JsonDecoder - [7cda9401-52] Decoded [Person{name='Robert'}]
12:32:58.896 [reactor-http-nio-4] DEBUG o.s.w.s.a.HttpWebHandlerAdapter - [7cda9401-52] Completed 200 OK
12:32:58.896 [Test worker] DEBUG o.s.w.c.RestTemplate - Response 200 OK
12:32:58.897 [Test worker] DEBUG o.s.w.t.h.s.r.b.ReactorHttpServer - Stopping ReactorHttpServer...
12:32:58.897 [Test worker] DEBUG o.s.w.t.h.s.r.b.ReactorHttpServer - Server stopped (0 millis).
12:32:59.021 [Test worker] DEBUG o.s.w.r.r.m.a.RequestMappingHandlerMapping - 39 mappings in 'requestMappingHandlerMapping'
12:32:59.120 [Test worker] DEBUG o.s.w.r.r.m.a.ControllerMethodResolver - ControllerAdvice beans: none
12:32:59.141 [Test worker] DEBUG o.s.w.s.a.HttpWebHandlerAdapter - enableLoggingRequestDetails='false': form data and headers will be masked to prevent unsafe logging of potentially sensitive data
12:32:59.142 [Test worker] DEBUG o.s.w.t.h.s.r.b.TomcatHttpServer - Starting TomcatHttpServer...
12:32:59.153 [Test worker] DEBUG o.s.w.t.h.s.r.b.TomcatHttpServer - Server started on port 51971(0 millis).
12:32:59.153 [Test worker] DEBUG o.s.w.c.RestTemplate - HTTP POST http://localhost:51971/person-create/single
12:32:59.153 [Test worker] DEBUG o.s.w.c.RestTemplate - Accept=[application/json, application/x-jackson-smile, application/*+json]
12:32:59.154 [Test worker] DEBUG o.s.w.c.RestTemplate - Writing [Person{name='Robert'}] as "application/json"
12:32:59.158 [http-nio-auto-50-exec-1] DEBUG o.s.w.s.a.HttpWebHandlerAdapter - [628adf72] HTTP POST "/person-create/single"
12:32:59.158 [http-nio-auto-50-exec-1] DEBUG o.s.w.r.r.m.a.RequestMappingHandlerMapping - [628adf72] Mapped to org.springframework.web.reactive.result.method.annotation.RequestMappingMessageConversionIntegrationTests$PersonCreateController#createWithSingle(Single)
12:32:59.159 [http-nio-auto-50-exec-1] DEBUG o.s.w.r.r.m.a.RequestBodyMethodArgumentResolver - [628adf72] Content-Type:application/json
12:32:59.159 [http-nio-auto-50-exec-1] DEBUG o.s.w.r.r.m.a.RequestBodyMethodArgumentResolver - [628adf72] 0..1 [org.springframework.web.reactive.result.method.annotation.RequestMappingMessageConversionIntegrationTests$Person]
12:32:59.160 [http-nio-auto-50-exec-1] DEBUG o.s.h.c.j.Jackson2JsonDecoder - [628adf72] Decoded [Person{name='Robert'}]
12:32:59.160 [http-nio-auto-50-exec-1] DEBUG o.s.w.s.a.HttpWebHandlerAdapter - [628adf72] Completed 200 OK
12:32:59.161 [Test worker] DEBUG o.s.w.c.RestTemplate - Response 200 OK
12:32:59.161 [Test worker] DEBUG o.s.w.t.h.s.r.b.TomcatHttpServer - Stopping TomcatHttpServer...
12:32:59.452 [Test worker] DEBUG o.s.w.t.h.s.r.b.TomcatHttpServer - Server stopped (0 millis).
12:32:59.518 [Test worker] DEBUG o.s.w.r.r.m.a.RequestMappingHandlerMapping - 39 mappings in 'requestMappingHandlerMapping'
12:32:59.535 [Test worker] DEBUG o.s.w.r.r.m.a.ControllerMethodResolver - ControllerAdvice beans: none
12:32:59.550 [Test worker] DEBUG o.s.w.s.a.HttpWebHandlerAdapter - enableLoggingRequestDetails='false': form data and headers will be masked to prevent unsafe logging of potentially sensitive data
12:32:59.551 [Test worker] DEBUG o.s.w.t.h.s.r.b.UndertowHttpServer - Starting UndertowHttpServer...
12:32:59.551 [Test worker] INFO  i.undertow - starting server: Undertow - 2.0.32.Final
12:32:59.557 [Test worker] DEBUG o.s.w.t.h.s.r.b.UndertowHttpServer - Server started on port 51994(0 millis).
12:32:59.557 [Test worker] DEBUG o.s.w.c.RestTemplate - HTTP POST http://localhost:51994/person-create/single
12:32:59.557 [Test worker] DEBUG o.s.w.c.RestTemplate - Accept=[application/json, application/x-jackson-smile, application/*+json]
12:32:59.557 [Test worker] DEBUG o.s.w.c.RestTemplate - Writing [Person{name='Robert'}] as "application/json"
12:32:59.559 [XNIO-50 I/O-2] DEBUG o.s.w.s.a.HttpWebHandlerAdapter - [71c874a4] HTTP POST "/person-create/single"
12:32:59.560 [XNIO-50 I/O-2] DEBUG o.s.w.r.r.m.a.RequestMappingHandlerMapping - [71c874a4] Mapped to org.springframework.web.reactive.result.method.annotation.RequestMappingMessageConversionIntegrationTests$PersonCreateController#createWithSingle(Single)
12:32:59.560 [XNIO-50 I/O-2] DEBUG o.s.w.r.r.m.a.RequestBodyMethodArgumentResolver - [71c874a4] Content-Type:application/json
12:32:59.560 [XNIO-50 I/O-2] DEBUG o.s.w.r.r.m.a.RequestBodyMethodArgumentResolver - [71c874a4] 0..1 [org.springframework.web.reactive.result.method.annotation.RequestMappingMessageConversionIntegrationTests$Person]
12:32:59.561 [XNIO-50 I/O-2] DEBUG o.s.h.c.j.Jackson2JsonDecoder - [71c874a4] Decoded [Person{name='Robert'}]
12:32:59.561 [XNIO-50 I/O-2] DEBUG o.s.w.s.a.HttpWebHandlerAdapter - [71c874a4] Completed 200 OK
12:32:59.561 [Test worker] DEBUG o.s.w.c.RestTemplate - Response 200 OK
12:32:59.562 [Test worker] DEBUG o.s.w.t.h.s.r.b.UndertowHttpServer - Stopping UndertowHttpServer...
12:32:59.562 [Test worker] INFO  i.undertow - stopping server: Undertow - 2.0.32.Final
12:32:59.564 [Test worker] DEBUG o.s.w.t.h.s.r.b.UndertowHttpServer - Server stopped (0 millis).
12:32:59.618 [Test worker] DEBUG o.s.w.r.r.m.a.RequestMappingHandlerMapping - 39 mappings in 'requestMappingHandlerMapping'
12:32:59.637 [Test worker] DEBUG o.s.w.r.r.m.a.ControllerMethodResolver - ControllerAdvice beans: none
12:32:59.668 [Test worker] DEBUG o.s.w.s.a.HttpWebHandlerAdapter - enableLoggingRequestDetails='false': form data and headers will be masked to prevent unsafe logging of potentially sensitive data
12:32:59.668 [Test worker] WARN  o.e.j.s.h.ContextHandler - Empty contextPath
12:32:59.669 [Test worker] INFO  o.e.j.s.h.ContextHandler - Started o.e.j.s.ServletContextHandler@34c215e3{/,null,AVAILABLE}
12:32:59.669 [Test worker] DEBUG o.s.w.t.h.s.r.b.JettyHttpServer - Starting JettyHttpServer...
12:32:59.669 [Test worker] INFO  o.e.j.s.Server - jetty-9.4.31.v20200723; built: 2020-07-23T17:57:36.812Z; git: 450ba27947e13e66baa8cd1ce7e85a4461cacc1d; jvm 1.8.0_191-b12
12:32:59.673 [Test worker] INFO  o.e.j.s.AbstractConnector - Started ServerConnector@7aa0ed3{HTTP/1.1, (http/1.1)}{0.0.0.0:52002}
12:32:59.673 [Test worker] INFO  o.e.j.s.Server - Started @267364ms
12:32:59.673 [Test worker] DEBUG o.s.w.t.h.s.r.b.JettyHttpServer - Server started on port 52002(0 millis).
12:32:59.673 [Test worker] DEBUG o.s.w.c.RestTemplate - HTTP GET http://localhost:52002/raw-response/observable
12:32:59.673 [Test worker] DEBUG o.s.w.c.RestTemplate - Accept=[text/plain, application/json, application/x-jackson-smile, application/*+json, */*]
12:32:59.676 [qtp370800748-1487] DEBUG o.s.w.s.a.HttpWebHandlerAdapter - [2035e7e9] HTTP GET "/raw-response/observable"
12:32:59.676 [qtp370800748-1487] DEBUG o.s.w.r.r.m.a.RequestMappingHandlerMapping - [2035e7e9] Mapped to org.springframework.web.reactive.result.method.annotation.RequestMappingMessageConversionIntegrationTests$RawResponseBodyController#getObservable()
12:32:59.680 [qtp370800748-1487] DEBUG o.s.w.r.r.m.a.ResponseBodyResultHandler - Using 'text/plain' given [text/plain, application/json, application/x-jackson-smile, application/*+json, */*] and supported [*/*, application/json, application/*+json, application/x-jackson-smile, application/*+x-jackson-smile, text/event-stream]
12:32:59.680 [qtp370800748-1487] DEBUG o.s.w.r.r.m.a.ResponseBodyResultHandler - [2035e7e9] 0..N [java.nio.ByteBuffer]
12:32:59.684 [qtp370800748-1487] DEBUG o.s.c.c.ByteBufferEncoder - [2035e7e9] Writing 6 bytes
12:32:59.685 [Test worker] DEBUG o.s.w.c.RestTemplate - Response 200 OK
12:32:59.685 [qtp370800748-1487] DEBUG o.s.w.s.a.HttpWebHandlerAdapter - [2035e7e9] Completed 200 OK
12:32:59.685 [Test worker] DEBUG o.s.w.c.RestTemplate - Reading to [java.lang.String] as "text/plain"
12:32:59.685 [Test worker] DEBUG o.s.w.t.h.s.r.b.JettyHttpServer - Stopping JettyHttpServer...
12:32:59.685 [Test worker] INFO  o.e.j.s.h.ContextHandler - Stopped o.e.j.s.ServletContextHandler@34c215e3{/,null,UNAVAILABLE}
12:32:59.687 [Test worker] INFO  o.e.j.s.AbstractConnector - Stopped ServerConnector@7aa0ed3{HTTP/1.1, (http/1.1)}{0.0.0.0:0}
12:32:59.688 [Test worker] DEBUG o.s.w.t.h.s.r.b.JettyHttpServer - Server stopped (0 millis).
12:32:59.735 [Test worker] DEBUG o.s.w.r.r.m.a.RequestMappingHandlerMapping - 39 mappings in 'requestMappingHandlerMapping'
12:32:59.754 [Test worker] DEBUG o.s.w.r.r.m.a.ControllerMethodResolver - ControllerAdvice beans: none
12:32:59.772 [Test worker] DEBUG o.s.w.s.a.HttpWebHandlerAdapter - enableLoggingRequestDetails='false': form data and headers will be masked to prevent unsafe logging of potentially sensitive data
12:32:59.772 [Test worker] DEBUG o.s.w.t.h.s.r.b.ReactorHttpServer - Starting ReactorHttpServer...
12:32:59.773 [Test worker] DEBUG o.s.w.t.h.s.r.b.ReactorHttpServer - Server started on port 52008(0 millis).
12:32:59.773 [Test worker] DEBUG o.s.w.c.RestTemplate - HTTP GET http://localhost:52008/raw-response/observable
12:32:59.773 [Test worker] DEBUG o.s.w.c.RestTemplate - Accept=[text/plain, application/json, application/x-jackson-smile, application/*+json, */*]
12:32:59.776 [reactor-http-nio-2] DEBUG o.s.w.s.a.HttpWebHandlerAdapter - [fe9cd839-53] HTTP GET "/raw-response/observable"
12:32:59.776 [reactor-http-nio-2] DEBUG o.s.w.r.r.m.a.RequestMappingHandlerMapping - [fe9cd839-53] Mapped to org.springframework.web.reactive.result.method.annotation.RequestMappingMessageConversionIntegrationTests$RawResponseBodyController#getObservable()
12:32:59.777 [reactor-http-nio-2] DEBUG o.s.w.r.r.m.a.ResponseBodyResultHandler - Using 'text/plain' given [text/plain, application/json, application/x-jackson-smile, application/*+json, */*] and supported [*/*, application/json, application/*+json, application/x-jackson-smile, application/*+x-jackson-smile, text/event-stream]
12:32:59.778 [reactor-http-nio-2] DEBUG o.s.w.r.r.m.a.ResponseBodyResultHandler - [fe9cd839-53] 0..N [java.nio.ByteBuffer]
12:32:59.778 [reactor-http-nio-2] DEBUG o.s.c.c.ByteBufferEncoder - [fe9cd839-53] Writing 6 bytes
12:32:59.779 [Test worker] DEBUG o.s.w.c.RestTemplate - Response 200 OK
12:32:59.779 [reactor-http-nio-2] DEBUG o.s.w.s.a.HttpWebHandlerAdapter - [fe9cd839-53] Completed 200 OK
12:32:59.779 [Test worker] DEBUG o.s.w.c.RestTemplate - Reading to [java.lang.String] as "text/plain"
12:32:59.780 [Test worker] DEBUG o.s.w.t.h.s.r.b.ReactorHttpServer - Stopping ReactorHttpServer...
12:32:59.780 [Test worker] DEBUG o.s.w.t.h.s.r.b.ReactorHttpServer - Server stopped (0 millis).
12:32:59.829 [Test worker] DEBUG o.s.w.r.r.m.a.RequestMappingHandlerMapping - 39 mappings in 'requestMappingHandlerMapping'
12:32:59.850 [Test worker] DEBUG o.s.w.r.r.m.a.ControllerMethodResolver - ControllerAdvice beans: none
12:32:59.865 [Test worker] DEBUG o.s.w.s.a.HttpWebHandlerAdapter - enableLoggingRequestDetails='false': form data and headers will be masked to prevent unsafe logging of potentially sensitive data
12:32:59.866 [Test worker] DEBUG o.s.w.t.h.s.r.b.TomcatHttpServer - Starting TomcatHttpServer...
12:32:59.875 [Test worker] DEBUG o.s.w.t.h.s.r.b.TomcatHttpServer - Server started on port 52010(0 millis).
12:32:59.875 [Test worker] DEBUG o.s.w.c.RestTemplate - HTTP GET http://localhost:52010/raw-response/observable
12:32:59.875 [Test worker] DEBUG o.s.w.c.RestTemplate - Accept=[text/plain, application/json, application/x-jackson-smile, application/*+json, */*]
12:32:59.877 [http-nio-auto-51-exec-1] DEBUG o.s.w.s.a.HttpWebHandlerAdapter - [7db79c6e] HTTP GET "/raw-response/observable"
12:32:59.878 [http-nio-auto-51-exec-1] DEBUG o.s.w.r.r.m.a.RequestMappingHandlerMapping - [7db79c6e] Mapped to org.springframework.web.reactive.result.method.annotation.RequestMappingMessageConversionIntegrationTests$RawResponseBodyController#getObservable()
12:32:59.879 [http-nio-auto-51-exec-1] DEBUG o.s.w.r.r.m.a.ResponseBodyResultHandler - Using 'text/plain' given [text/plain, application/json, application/x-jackson-smile, application/*+json, */*] and supported [*/*, application/json, application/*+json, application/x-jackson-smile, application/*+x-jackson-smile, text/event-stream]
12:32:59.879 [http-nio-auto-51-exec-1] DEBUG o.s.w.r.r.m.a.ResponseBodyResultHandler - [7db79c6e] 0..N [java.nio.ByteBuffer]
12:32:59.879 [http-nio-auto-51-exec-1] DEBUG o.s.c.c.ByteBufferEncoder - [7db79c6e] Writing 6 bytes
12:32:59.880 [http-nio-auto-51-exec-1] DEBUG o.s.w.s.a.HttpWebHandlerAdapter - [7db79c6e] Completed 200 OK
12:32:59.880 [Test worker] DEBUG o.s.w.c.RestTemplate - Response 200 OK
12:32:59.880 [Test worker] DEBUG o.s.w.c.RestTemplate - Reading to [java.lang.String] as "text/plain"
12:32:59.881 [Test worker] DEBUG o.s.w.t.h.s.r.b.TomcatHttpServer - Stopping TomcatHttpServer...
12:33:00.149 [Test worker] DEBUG o.s.w.t.h.s.r.b.TomcatHttpServer - Server stopped (0 millis).
12:33:00.231 [Test worker] DEBUG o.s.w.r.r.m.a.RequestMappingHandlerMapping - 39 mappings in 'requestMappingHandlerMapping'
12:33:00.257 [Test worker] DEBUG o.s.w.r.r.m.a.ControllerMethodResolver - ControllerAdvice beans: none
12:33:00.273 [Test worker] DEBUG o.s.w.s.a.HttpWebHandlerAdapter - enableLoggingRequestDetails='false': form data and headers will be masked to prevent unsafe logging of potentially sensitive data
12:33:00.273 [Test worker] DEBUG o.s.w.t.h.s.r.b.UndertowHttpServer - Starting UndertowHttpServer...
12:33:00.273 [Test worker] INFO  i.undertow - starting server: Undertow - 2.0.32.Final
12:33:00.280 [Test worker] DEBUG o.s.w.t.h.s.r.b.UndertowHttpServer - Server started on port 52038(0 millis).
12:33:00.280 [Test worker] DEBUG o.s.w.c.RestTemplate - HTTP GET http://localhost:52038/raw-response/observable
12:33:00.280 [Test worker] DEBUG o.s.w.c.RestTemplate - Accept=[text/plain, application/json, application/x-jackson-smile, application/*+json, */*]
12:33:00.282 [XNIO-51 I/O-2] DEBUG o.s.w.s.a.HttpWebHandlerAdapter - [2c051c33] HTTP GET "/raw-response/observable"
12:33:00.283 [XNIO-51 I/O-2] DEBUG o.s.w.r.r.m.a.RequestMappingHandlerMapping - [2c051c33] Mapped to org.springframework.web.reactive.result.method.annotation.RequestMappingMessageConversionIntegrationTests$RawResponseBodyController#getObservable()
12:33:00.284 [XNIO-51 I/O-2] DEBUG o.s.w.r.r.m.a.ResponseBodyResultHandler - Using 'text/plain' given [text/plain, application/json, application/x-jackson-smile, application/*+json, */*] and supported [*/*, application/json, application/*+json, application/x-jackson-smile, application/*+x-jackson-smile, text/event-stream]
12:33:00.284 [XNIO-51 I/O-2] DEBUG o.s.w.r.r.m.a.ResponseBodyResultHandler - [2c051c33] 0..N [java.nio.ByteBuffer]
12:33:00.284 [XNIO-51 I/O-2] DEBUG o.s.c.c.ByteBufferEncoder - [2c051c33] Writing 6 bytes
12:33:00.285 [XNIO-51 I/O-2] DEBUG o.s.w.s.a.HttpWebHandlerAdapter - [2c051c33] Completed 200 OK
12:33:00.285 [Test worker] DEBUG o.s.w.c.RestTemplate - Response 200 OK
12:33:00.285 [Test worker] DEBUG o.s.w.c.RestTemplate - Reading to [java.lang.String] as "text/plain"
12:33:00.286 [Test worker] DEBUG o.s.w.t.h.s.r.b.UndertowHttpServer - Stopping UndertowHttpServer...
12:33:00.286 [Test worker] INFO  i.undertow - stopping server: Undertow - 2.0.32.Final
12:33:00.288 [Test worker] DEBUG o.s.w.t.h.s.r.b.UndertowHttpServer - Server stopped (0 millis).
12:33:00.344 [Test worker] DEBUG o.s.w.r.r.m.a.RequestMappingHandlerMapping - 39 mappings in 'requestMappingHandlerMapping'
12:33:00.374 [Test worker] DEBUG o.s.w.r.r.m.a.ControllerMethodResolver - ControllerAdvice beans: none
12:33:00.387 [Test worker] DEBUG o.s.w.s.a.HttpWebHandlerAdapter - enableLoggingRequestDetails='false': form data and headers will be masked to prevent unsafe logging of potentially sensitive data
12:33:00.388 [Test worker] WARN  o.e.j.s.h.ContextHandler - Empty contextPath
12:33:00.388 [Test worker] INFO  o.e.j.s.h.ContextHandler - Started o.e.j.s.ServletContextHandler@59404404{/,null,AVAILABLE}
12:33:00.388 [Test worker] DEBUG o.s.w.t.h.s.r.b.JettyHttpServer - Starting JettyHttpServer...
12:33:00.389 [Test worker] INFO  o.e.j.s.Server - jetty-9.4.31.v20200723; built: 2020-07-23T17:57:36.812Z; git: 450ba27947e13e66baa8cd1ce7e85a4461cacc1d; jvm 1.8.0_191-b12
12:33:00.392 [Test worker] INFO  o.e.j.s.AbstractConnector - Started ServerConnector@2466e978{HTTP/1.1, (http/1.1)}{0.0.0.0:52040}
12:33:00.392 [Test worker] INFO  o.e.j.s.Server - Started @268084ms
12:33:00.393 [Test worker] DEBUG o.s.w.t.h.s.r.b.JettyHttpServer - Server started on port 52040(0 millis).
12:33:00.393 [Test worker] DEBUG o.s.w.c.RestTemplate - HTTP GET http://localhost:52040/person-response/flux
12:33:00.393 [Test worker] DEBUG o.s.w.c.RestTemplate - Accept=[application/json, application/x-jackson-smile, application/*+json]
12:33:00.395 [qtp47408808-1516] DEBUG o.s.w.s.a.HttpWebHandlerAdapter - [28b5e9e6] HTTP GET "/person-response/flux"
12:33:00.396 [qtp47408808-1516] DEBUG o.s.w.r.r.m.a.RequestMappingHandlerMapping - [28b5e9e6] Mapped to org.springframework.web.reactive.result.method.annotation.RequestMappingMessageConversionIntegrationTests$PersonResponseBodyController#getFlux()
12:33:00.397 [qtp47408808-1516] DEBUG o.s.w.r.r.m.a.ResponseBodyResultHandler - Using 'application/json' given [application/json] and supported [application/json, application/*+json, application/x-jackson-smile, application/*+x-jackson-smile, application/xml, text/xml, text/event-stream]
12:33:00.397 [qtp47408808-1516] DEBUG o.s.w.r.r.m.a.ResponseBodyResultHandler - [28b5e9e6] 0..N [org.springframework.web.reactive.result.method.annotation.RequestMappingMessageConversionIntegrationTests$Person]
12:33:00.397 [qtp47408808-1516] DEBUG o.s.h.c.j.Jackson2JsonEncoder - [28b5e9e6] Encoding [[Person{name='Robert'}, Person{name='Marie'}]]
12:33:00.398 [Test worker] DEBUG o.s.w.c.RestTemplate - Response 200 OK
12:33:00.398 [qtp47408808-1516] DEBUG o.s.w.s.a.HttpWebHandlerAdapter - [28b5e9e6] Completed 200 OK
12:33:00.398 [Test worker] DEBUG o.s.w.c.RestTemplate - Reading to [java.util.List<org.springframework.web.reactive.result.method.annotation.RequestMappingMessageConversionIntegrationTests$Person>]
12:33:00.399 [Test worker] DEBUG o.s.w.t.h.s.r.b.JettyHttpServer - Stopping JettyHttpServer...
12:33:00.399 [Test worker] INFO  o.e.j.s.h.ContextHandler - Stopped o.e.j.s.ServletContextHandler@59404404{/,null,UNAVAILABLE}
12:33:00.401 [Test worker] INFO  o.e.j.s.AbstractConnector - Stopped ServerConnector@2466e978{HTTP/1.1, (http/1.1)}{0.0.0.0:0}
12:33:00.402 [Test worker] DEBUG o.s.w.t.h.s.r.b.JettyHttpServer - Server stopped (0 millis).
12:33:00.449 [Test worker] DEBUG o.s.w.r.r.m.a.RequestMappingHandlerMapping - 39 mappings in 'requestMappingHandlerMapping'
12:33:00.467 [Test worker] DEBUG o.s.w.r.r.m.a.ControllerMethodResolver - ControllerAdvice beans: none
12:33:00.488 [Test worker] DEBUG o.s.w.s.a.HttpWebHandlerAdapter - enableLoggingRequestDetails='false': form data and headers will be masked to prevent unsafe logging of potentially sensitive data
12:33:00.488 [Test worker] DEBUG o.s.w.t.h.s.r.b.ReactorHttpServer - Starting ReactorHttpServer...
12:33:00.490 [Test worker] DEBUG o.s.w.t.h.s.r.b.ReactorHttpServer - Server started on port 52046(0 millis).
12:33:00.490 [Test worker] DEBUG o.s.w.c.RestTemplate - HTTP GET http://localhost:52046/person-response/flux
12:33:00.490 [Test worker] DEBUG o.s.w.c.RestTemplate - Accept=[application/json, application/x-jackson-smile, application/*+json]
12:33:00.493 [reactor-http-nio-4] DEBUG o.s.w.s.a.HttpWebHandlerAdapter - [3ada3c35-54] HTTP GET "/person-response/flux"
12:33:00.493 [reactor-http-nio-4] DEBUG o.s.w.r.r.m.a.RequestMappingHandlerMapping - [3ada3c35-54] Mapped to org.springframework.web.reactive.result.method.annotation.RequestMappingMessageConversionIntegrationTests$PersonResponseBodyController#getFlux()
12:33:00.494 [reactor-http-nio-4] DEBUG o.s.w.r.r.m.a.ResponseBodyResultHandler - Using 'application/json' given [application/json] and supported [application/json, application/*+json, application/x-jackson-smile, application/*+x-jackson-smile, application/xml, text/xml, text/event-stream]
12:33:00.494 [reactor-http-nio-4] DEBUG o.s.w.r.r.m.a.ResponseBodyResultHandler - [3ada3c35-54] 0..N [org.springframework.web.reactive.result.method.annotation.RequestMappingMessageConversionIntegrationTests$Person]
12:33:00.495 [reactor-http-nio-4] DEBUG o.s.h.c.j.Jackson2JsonEncoder - [3ada3c35-54] Encoding [[Person{name='Robert'}, Person{name='Marie'}]]
12:33:00.496 [Test worker] DEBUG o.s.w.c.RestTemplate - Response 200 OK
12:33:00.497 [Test worker] DEBUG o.s.w.c.RestTemplate - Reading to [java.util.List<org.springframework.web.reactive.result.method.annotation.RequestMappingMessageConversionIntegrationTests$Person>]
12:33:00.497 [reactor-http-nio-4] DEBUG o.s.w.s.a.HttpWebHandlerAdapter - [3ada3c35-54] Completed 200 OK
12:33:00.498 [Test worker] DEBUG o.s.w.t.h.s.r.b.ReactorHttpServer - Stopping ReactorHttpServer...
12:33:00.498 [Test worker] DEBUG o.s.w.t.h.s.r.b.ReactorHttpServer - Server stopped (0 millis).
12:33:00.552 [Test worker] DEBUG o.s.w.r.r.m.a.RequestMappingHandlerMapping - 39 mappings in 'requestMappingHandlerMapping'
12:33:00.581 [Test worker] DEBUG o.s.w.r.r.m.a.ControllerMethodResolver - ControllerAdvice beans: none
12:33:00.604 [Test worker] DEBUG o.s.w.s.a.HttpWebHandlerAdapter - enableLoggingRequestDetails='false': form data and headers will be masked to prevent unsafe logging of potentially sensitive data
12:33:00.605 [Test worker] DEBUG o.s.w.t.h.s.r.b.TomcatHttpServer - Starting TomcatHttpServer...
12:33:00.619 [Test worker] DEBUG o.s.w.t.h.s.r.b.TomcatHttpServer - Server started on port 52048(0 millis).
12:33:00.620 [Test worker] DEBUG o.s.w.c.RestTemplate - HTTP GET http://localhost:52048/person-response/flux
12:33:00.620 [Test worker] DEBUG o.s.w.c.RestTemplate - Accept=[application/json, application/x-jackson-smile, application/*+json]
12:33:00.633 [http-nio-auto-52-exec-1] DEBUG o.s.w.s.a.HttpWebHandlerAdapter - [15810e2e] HTTP GET "/person-response/flux"
12:33:00.634 [http-nio-auto-52-exec-1] DEBUG o.s.w.r.r.m.a.RequestMappingHandlerMapping - [15810e2e] Mapped to org.springframework.web.reactive.result.method.annotation.RequestMappingMessageConversionIntegrationTests$PersonResponseBodyController#getFlux()
12:33:00.635 [http-nio-auto-52-exec-1] DEBUG o.s.w.r.r.m.a.ResponseBodyResultHandler - Using 'application/json' given [application/json] and supported [application/json, application/*+json, application/x-jackson-smile, application/*+x-jackson-smile, application/xml, text/xml, text/event-stream]
12:33:00.635 [http-nio-auto-52-exec-1] DEBUG o.s.w.r.r.m.a.ResponseBodyResultHandler - [15810e2e] 0..N [org.springframework.web.reactive.result.method.annotation.RequestMappingMessageConversionIntegrationTests$Person]
12:33:00.635 [http-nio-auto-52-exec-1] DEBUG o.s.h.c.j.Jackson2JsonEncoder - [15810e2e] Encoding [[Person{name='Robert'}, Person{name='Marie'}]]
12:33:00.636 [http-nio-auto-52-exec-1] DEBUG o.s.w.s.a.HttpWebHandlerAdapter - [15810e2e] Completed 200 OK
12:33:00.636 [Test worker] DEBUG o.s.w.c.RestTemplate - Response 200 OK
12:33:00.636 [Test worker] DEBUG o.s.w.c.RestTemplate - Reading to [java.util.List<org.springframework.web.reactive.result.method.annotation.RequestMappingMessageConversionIntegrationTests$Person>]
12:33:00.638 [Test worker] DEBUG o.s.w.t.h.s.r.b.TomcatHttpServer - Stopping TomcatHttpServer...
12:33:00.954 [Test worker] DEBUG o.s.w.t.h.s.r.b.TomcatHttpServer - Server stopped (0 millis).
12:33:01.030 [Test worker] DEBUG o.s.w.r.r.m.a.RequestMappingHandlerMapping - 39 mappings in 'requestMappingHandlerMapping'
12:33:01.046 [Test worker] DEBUG o.s.w.r.r.m.a.ControllerMethodResolver - ControllerAdvice beans: none
12:33:01.062 [Test worker] DEBUG o.s.w.s.a.HttpWebHandlerAdapter - enableLoggingRequestDetails='false': form data and headers will be masked to prevent unsafe logging of potentially sensitive data
12:33:01.062 [Test worker] DEBUG o.s.w.t.h.s.r.b.UndertowHttpServer - Starting UndertowHttpServer...
12:33:01.062 [Test worker] INFO  i.undertow - starting server: Undertow - 2.0.32.Final
12:33:01.069 [Test worker] DEBUG o.s.w.t.h.s.r.b.UndertowHttpServer - Server started on port 52079(0 millis).
12:33:01.069 [Test worker] DEBUG o.s.w.c.RestTemplate - HTTP GET http://localhost:52079/person-response/flux
12:33:01.070 [Test worker] DEBUG o.s.w.c.RestTemplate - Accept=[application/json, application/x-jackson-smile, application/*+json]
12:33:01.073 [XNIO-52 I/O-2] DEBUG o.s.w.s.a.HttpWebHandlerAdapter - [3a29882d] HTTP GET "/person-response/flux"
12:33:01.074 [XNIO-52 I/O-2] DEBUG o.s.w.r.r.m.a.RequestMappingHandlerMapping - [3a29882d] Mapped to org.springframework.web.reactive.result.method.annotation.RequestMappingMessageConversionIntegrationTests$PersonResponseBodyController#getFlux()
12:33:01.075 [XNIO-52 I/O-2] DEBUG o.s.w.r.r.m.a.ResponseBodyResultHandler - Using 'application/json' given [application/json] and supported [application/json, application/*+json, application/x-jackson-smile, application/*+x-jackson-smile, application/xml, text/xml, text/event-stream]
12:33:01.075 [XNIO-52 I/O-2] DEBUG o.s.w.r.r.m.a.ResponseBodyResultHandler - [3a29882d] 0..N [org.springframework.web.reactive.result.method.annotation.RequestMappingMessageConversionIntegrationTests$Person]
12:33:01.075 [XNIO-52 I/O-2] DEBUG o.s.h.c.j.Jackson2JsonEncoder - [3a29882d] Encoding [[Person{name='Robert'}, Person{name='Marie'}]]
12:33:01.076 [XNIO-52 I/O-2] DEBUG o.s.w.s.a.HttpWebHandlerAdapter - [3a29882d] Completed 200 OK
12:33:01.076 [Test worker] DEBUG o.s.w.c.RestTemplate - Response 200 OK
12:33:01.076 [Test worker] DEBUG o.s.w.c.RestTemplate - Reading to [java.util.List<org.springframework.web.reactive.result.method.annotation.RequestMappingMessageConversionIntegrationTests$Person>]
12:33:01.077 [Test worker] DEBUG o.s.w.t.h.s.r.b.UndertowHttpServer - Stopping UndertowHttpServer...
12:33:01.077 [Test worker] INFO  i.undertow - stopping server: Undertow - 2.0.32.Final
12:33:01.079 [Test worker] DEBUG o.s.w.t.h.s.r.b.UndertowHttpServer - Server stopped (0 millis).
12:33:01.150 [Test worker] DEBUG o.s.w.r.r.m.a.RequestMappingHandlerMapping - 39 mappings in 'requestMappingHandlerMapping'
12:33:01.174 [Test worker] DEBUG o.s.w.r.r.m.a.ControllerMethodResolver - ControllerAdvice beans: none
12:33:01.196 [Test worker] DEBUG o.s.w.s.a.HttpWebHandlerAdapter - enableLoggingRequestDetails='false': form data and headers will be masked to prevent unsafe logging of potentially sensitive data
12:33:01.197 [Test worker] WARN  o.e.j.s.h.ContextHandler - Empty contextPath
12:33:01.197 [Test worker] INFO  o.e.j.s.h.ContextHandler - Started o.e.j.s.ServletContextHandler@6e006e55{/,null,AVAILABLE}
12:33:01.197 [Test worker] DEBUG o.s.w.t.h.s.r.b.JettyHttpServer - Starting JettyHttpServer...
12:33:01.197 [Test worker] INFO  o.e.j.s.Server - jetty-9.4.31.v20200723; built: 2020-07-23T17:57:36.812Z; git: 450ba27947e13e66baa8cd1ce7e85a4461cacc1d; jvm 1.8.0_191-b12
12:33:01.203 [Test worker] INFO  o.e.j.s.AbstractConnector - Started ServerConnector@4b5dde33{HTTP/1.1, (http/1.1)}{0.0.0.0:52094}
12:33:01.203 [Test worker] INFO  o.e.j.s.Server - Started @268894ms
12:33:01.203 [Test worker] DEBUG o.s.w.t.h.s.r.b.JettyHttpServer - Server started on port 52094(0 millis).
12:33:01.203 [Test worker] DEBUG o.s.w.c.RestTemplate - HTTP GET http://localhost:52094/person-response/list
12:33:01.203 [Test worker] DEBUG o.s.w.c.RestTemplate - Accept=[application/json, application/x-jackson-smile, application/*+json]
12:33:01.206 [qtp1938193047-1545] DEBUG o.s.w.s.a.HttpWebHandlerAdapter - [1f66d374] HTTP GET "/person-response/list"
12:33:01.206 [qtp1938193047-1545] DEBUG o.s.w.r.r.m.a.RequestMappingHandlerMapping - [1f66d374] Mapped to org.springframework.web.reactive.result.method.annotation.RequestMappingMessageConversionIntegrationTests$PersonResponseBodyController#getList()
12:33:01.207 [qtp1938193047-1545] DEBUG o.s.w.r.r.m.a.ResponseBodyResultHandler - Using 'application/json' given [application/json] and supported [application/json, application/*+json, application/x-jackson-smile, application/*+x-jackson-smile, text/event-stream]
12:33:01.208 [qtp1938193047-1545] DEBUG o.s.w.r.r.m.a.ResponseBodyResultHandler - [1f66d374] 0..1 [java.util.List<org.springframework.web.reactive.result.method.annotation.RequestMappingMessageConversionIntegrationTests$Person>]
12:33:01.208 [qtp1938193047-1545] DEBUG o.s.h.c.j.Jackson2JsonEncoder - [1f66d374] Encoding [[Person{name='Robert'}, Person{name='Marie'}]]
12:33:01.209 [Test worker] DEBUG o.s.w.c.RestTemplate - Response 200 OK
12:33:01.209 [qtp1938193047-1545] DEBUG o.s.w.s.a.HttpWebHandlerAdapter - [1f66d374] Completed 200 OK
12:33:01.209 [Test worker] DEBUG o.s.w.c.RestTemplate - Reading to [java.util.List<org.springframework.web.reactive.result.method.annotation.RequestMappingMessageConversionIntegrationTests$Person>]
12:33:01.210 [Test worker] DEBUG o.s.w.t.h.s.r.b.JettyHttpServer - Stopping JettyHttpServer...
12:33:01.210 [Test worker] INFO  o.e.j.s.h.ContextHandler - Stopped o.e.j.s.ServletContextHandler@6e006e55{/,null,UNAVAILABLE}
12:33:01.212 [Test worker] INFO  o.e.j.s.AbstractConnector - Stopped ServerConnector@4b5dde33{HTTP/1.1, (http/1.1)}{0.0.0.0:0}
12:33:01.213 [Test worker] DEBUG o.s.w.t.h.s.r.b.JettyHttpServer - Server stopped (0 millis).
12:33:01.277 [Test worker] DEBUG o.s.w.r.r.m.a.RequestMappingHandlerMapping - 39 mappings in 'requestMappingHandlerMapping'
12:33:01.295 [Test worker] DEBUG o.s.w.r.r.m.a.ControllerMethodResolver - ControllerAdvice beans: none
12:33:01.313 [Test worker] DEBUG o.s.w.s.a.HttpWebHandlerAdapter - enableLoggingRequestDetails='false': form data and headers will be masked to prevent unsafe logging of potentially sensitive data
12:33:01.313 [Test worker] DEBUG o.s.w.t.h.s.r.b.ReactorHttpServer - Starting ReactorHttpServer...
12:33:01.315 [Test worker] DEBUG o.s.w.t.h.s.r.b.ReactorHttpServer - Server started on port 52103(0 millis).
12:33:01.315 [Test worker] DEBUG o.s.w.c.RestTemplate - HTTP GET http://localhost:52103/person-response/list
12:33:01.316 [Test worker] DEBUG o.s.w.c.RestTemplate - Accept=[application/json, application/x-jackson-smile, application/*+json]
12:33:01.318 [reactor-http-nio-2] DEBUG o.s.w.s.a.HttpWebHandlerAdapter - [ea6e3b2f-55] HTTP GET "/person-response/list"
12:33:01.318 [reactor-http-nio-2] DEBUG o.s.w.r.r.m.a.RequestMappingHandlerMapping - [ea6e3b2f-55] Mapped to org.springframework.web.reactive.result.method.annotation.RequestMappingMessageConversionIntegrationTests$PersonResponseBodyController#getList()
12:33:01.319 [reactor-http-nio-2] DEBUG o.s.w.r.r.m.a.ResponseBodyResultHandler - Using 'application/json' given [application/json] and supported [application/json, application/*+json, application/x-jackson-smile, application/*+x-jackson-smile, text/event-stream]
12:33:01.319 [reactor-http-nio-2] DEBUG o.s.w.r.r.m.a.ResponseBodyResultHandler - [ea6e3b2f-55] 0..1 [java.util.List<org.springframework.web.reactive.result.method.annotation.RequestMappingMessageConversionIntegrationTests$Person>]
12:33:01.320 [reactor-http-nio-2] DEBUG o.s.h.c.j.Jackson2JsonEncoder - [ea6e3b2f-55] Encoding [[Person{name='Robert'}, Person{name='Marie'}]]
12:33:01.321 [Test worker] DEBUG o.s.w.c.RestTemplate - Response 200 OK
12:33:01.321 [reactor-http-nio-2] DEBUG o.s.w.s.a.HttpWebHandlerAdapter - [ea6e3b2f-55] Completed 200 OK
12:33:01.321 [Test worker] DEBUG o.s.w.c.RestTemplate - Reading to [java.util.List<org.springframework.web.reactive.result.method.annotation.RequestMappingMessageConversionIntegrationTests$Person>]
12:33:01.322 [Test worker] DEBUG o.s.w.t.h.s.r.b.ReactorHttpServer - Stopping ReactorHttpServer...
12:33:01.322 [Test worker] DEBUG o.s.w.t.h.s.r.b.ReactorHttpServer - Server stopped (0 millis).
12:33:01.380 [Test worker] DEBUG o.s.w.r.r.m.a.RequestMappingHandlerMapping - 39 mappings in 'requestMappingHandlerMapping'
12:33:01.400 [Test worker] DEBUG o.s.w.r.r.m.a.ControllerMethodResolver - ControllerAdvice beans: none
12:33:01.438 [Test worker] DEBUG o.s.w.s.a.HttpWebHandlerAdapter - enableLoggingRequestDetails='false': form data and headers will be masked to prevent unsafe logging of potentially sensitive data
12:33:01.440 [Test worker] DEBUG o.s.w.t.h.s.r.b.TomcatHttpServer - Starting TomcatHttpServer...
12:33:01.459 [Test worker] DEBUG o.s.w.t.h.s.r.b.TomcatHttpServer - Server started on port 52105(0 millis).
12:33:01.459 [Test worker] DEBUG o.s.w.c.RestTemplate - HTTP GET http://localhost:52105/person-response/list
12:33:01.460 [Test worker] DEBUG o.s.w.c.RestTemplate - Accept=[application/json, application/x-jackson-smile, application/*+json]
12:33:01.497 [http-nio-auto-53-exec-1] DEBUG o.s.w.s.a.HttpWebHandlerAdapter - [5e5e3822] HTTP GET "/person-response/list"
12:33:01.497 [http-nio-auto-53-exec-1] DEBUG o.s.w.r.r.m.a.RequestMappingHandlerMapping - [5e5e3822] Mapped to org.springframework.web.reactive.result.method.annotation.RequestMappingMessageConversionIntegrationTests$PersonResponseBodyController#getList()
12:33:01.498 [http-nio-auto-53-exec-1] DEBUG o.s.w.r.r.m.a.ResponseBodyResultHandler - Using 'application/json' given [application/json] and supported [application/json, application/*+json, application/x-jackson-smile, application/*+x-jackson-smile, text/event-stream]
12:33:01.498 [http-nio-auto-53-exec-1] DEBUG o.s.w.r.r.m.a.ResponseBodyResultHandler - [5e5e3822] 0..1 [java.util.List<org.springframework.web.reactive.result.method.annotation.RequestMappingMessageConversionIntegrationTests$Person>]
12:33:01.499 [http-nio-auto-53-exec-1] DEBUG o.s.h.c.j.Jackson2JsonEncoder - [5e5e3822] Encoding [[Person{name='Robert'}, Person{name='Marie'}]]
12:33:01.500 [http-nio-auto-53-exec-1] DEBUG o.s.w.s.a.HttpWebHandlerAdapter - [5e5e3822] Completed 200 OK
12:33:01.500 [Test worker] DEBUG o.s.w.c.RestTemplate - Response 200 OK
12:33:01.500 [Test worker] DEBUG o.s.w.c.RestTemplate - Reading to [java.util.List<org.springframework.web.reactive.result.method.annotation.RequestMappingMessageConversionIntegrationTests$Person>]
12:33:01.501 [Test worker] DEBUG o.s.w.t.h.s.r.b.TomcatHttpServer - Stopping TomcatHttpServer...
12:33:01.829 [Test worker] DEBUG o.s.w.t.h.s.r.b.TomcatHttpServer - Server stopped (0 millis).
12:33:01.914 [Test worker] DEBUG o.s.w.r.r.m.a.RequestMappingHandlerMapping - 39 mappings in 'requestMappingHandlerMapping'
12:33:01.937 [Test worker] DEBUG o.s.w.r.r.m.a.ControllerMethodResolver - ControllerAdvice beans: none
12:33:01.959 [Test worker] DEBUG o.s.w.s.a.HttpWebHandlerAdapter - enableLoggingRequestDetails='false': form data and headers will be masked to prevent unsafe logging of potentially sensitive data
12:33:01.959 [Test worker] DEBUG o.s.w.t.h.s.r.b.UndertowHttpServer - Starting UndertowHttpServer...
12:33:01.959 [Test worker] INFO  i.undertow - starting server: Undertow - 2.0.32.Final
12:33:01.967 [Test worker] DEBUG o.s.w.t.h.s.r.b.UndertowHttpServer - Server started on port 52122(0 millis).
12:33:01.967 [Test worker] DEBUG o.s.w.c.RestTemplate - HTTP GET http://localhost:52122/person-response/list
12:33:01.968 [Test worker] DEBUG o.s.w.c.RestTemplate - Accept=[application/json, application/x-jackson-smile, application/*+json]
12:33:01.974 [XNIO-53 I/O-2] DEBUG o.s.w.s.a.HttpWebHandlerAdapter - [5566c7fb] HTTP GET "/person-response/list"
12:33:01.975 [XNIO-53 I/O-2] DEBUG o.s.w.r.r.m.a.RequestMappingHandlerMapping - [5566c7fb] Mapped to org.springframework.web.reactive.result.method.annotation.RequestMappingMessageConversionIntegrationTests$PersonResponseBodyController#getList()
12:33:01.976 [XNIO-53 I/O-2] DEBUG o.s.w.r.r.m.a.ResponseBodyResultHandler - Using 'application/json' given [application/json] and supported [application/json, application/*+json, application/x-jackson-smile, application/*+x-jackson-smile, text/event-stream]
12:33:01.976 [XNIO-53 I/O-2] DEBUG o.s.w.r.r.m.a.ResponseBodyResultHandler - [5566c7fb] 0..1 [java.util.List<org.springframework.web.reactive.result.method.annotation.RequestMappingMessageConversionIntegrationTests$Person>]
12:33:01.976 [XNIO-53 I/O-2] DEBUG o.s.h.c.j.Jackson2JsonEncoder - [5566c7fb] Encoding [[Person{name='Robert'}, Person{name='Marie'}]]
12:33:01.977 [XNIO-53 I/O-2] DEBUG o.s.w.s.a.HttpWebHandlerAdapter - [5566c7fb] Completed 200 OK
12:33:01.977 [Test worker] DEBUG o.s.w.c.RestTemplate - Response 200 OK
12:33:01.978 [Test worker] DEBUG o.s.w.c.RestTemplate - Reading to [java.util.List<org.springframework.web.reactive.result.method.annotation.RequestMappingMessageConversionIntegrationTests$Person>]
12:33:01.978 [Test worker] DEBUG o.s.w.t.h.s.r.b.UndertowHttpServer - Stopping UndertowHttpServer...
12:33:01.978 [Test worker] INFO  i.undertow - stopping server: Undertow - 2.0.32.Final
12:33:01.982 [Test worker] DEBUG o.s.w.t.h.s.r.b.UndertowHttpServer - Server stopped (0 millis).
12:33:02.051 [Test worker] DEBUG o.s.w.r.r.m.a.RequestMappingHandlerMapping - 39 mappings in 'requestMappingHandlerMapping'
12:33:02.070 [Test worker] DEBUG o.s.w.r.r.m.a.ControllerMethodResolver - ControllerAdvice beans: none
12:33:02.085 [Test worker] DEBUG o.s.w.s.a.HttpWebHandlerAdapter - enableLoggingRequestDetails='false': form data and headers will be masked to prevent unsafe logging of potentially sensitive data
12:33:02.085 [Test worker] WARN  o.e.j.s.h.ContextHandler - Empty contextPath
12:33:02.086 [Test worker] INFO  o.e.j.s.h.ContextHandler - Started o.e.j.s.ServletContextHandler@bb37139{/,null,AVAILABLE}
12:33:02.086 [Test worker] DEBUG o.s.w.t.h.s.r.b.JettyHttpServer - Starting JettyHttpServer...
12:33:02.086 [Test worker] INFO  o.e.j.s.Server - jetty-9.4.31.v20200723; built: 2020-07-23T17:57:36.812Z; git: 450ba27947e13e66baa8cd1ce7e85a4461cacc1d; jvm 1.8.0_191-b12
12:33:02.089 [Test worker] INFO  o.e.j.s.AbstractConnector - Started ServerConnector@3dce45d3{HTTP/1.1, (http/1.1)}{0.0.0.0:52124}
12:33:02.090 [Test worker] INFO  o.e.j.s.Server - Started @269780ms
12:33:02.090 [Test worker] DEBUG o.s.w.t.h.s.r.b.JettyHttpServer - Server started on port 52124(0 millis).
12:33:02.090 [Test worker] DEBUG o.s.w.c.RestTemplate - HTTP GET http://localhost:52124/person-response/mono
12:33:02.090 [Test worker] DEBUG o.s.w.c.RestTemplate - Accept=[application/xml, text/xml, application/json, application/x-jackson-smile, application/*+xml, application/*+json]
12:33:02.093 [qtp1104246466-1574] DEBUG o.s.w.s.a.HttpWebHandlerAdapter - [4ace3126] HTTP GET "/person-response/mono"
12:33:02.093 [qtp1104246466-1574] DEBUG o.s.w.r.r.m.a.RequestMappingHandlerMapping - [4ace3126] Mapped to org.springframework.web.reactive.result.method.annotation.RequestMappingMessageConversionIntegrationTests$PersonResponseBodyController#getMono()
12:33:02.095 [qtp1104246466-1574] DEBUG o.s.w.r.r.m.a.ResponseBodyResultHandler - Using 'application/json' given [application/json] and supported [application/json, application/*+json, application/x-jackson-smile, application/*+x-jackson-smile, application/xml, text/xml, text/event-stream]
12:33:02.095 [qtp1104246466-1574] DEBUG o.s.w.r.r.m.a.ResponseBodyResultHandler - [4ace3126] 0..1 [org.springframework.web.reactive.result.method.annotation.RequestMappingMessageConversionIntegrationTests$Person]
12:33:02.095 [qtp1104246466-1574] DEBUG o.s.h.c.j.Jackson2JsonEncoder - [4ace3126] Encoding [Person{name='Robert'}]
12:33:02.096 [Test worker] DEBUG o.s.w.c.RestTemplate - Response 200 OK
12:33:02.096 [qtp1104246466-1574] DEBUG o.s.w.s.a.HttpWebHandlerAdapter - [4ace3126] Completed 200 OK
12:33:02.096 [Test worker] DEBUG o.s.w.c.RestTemplate - Reading to [org.springframework.web.reactive.result.method.annotation.RequestMappingMessageConversionIntegrationTests$Person]
12:33:02.096 [Test worker] DEBUG o.s.w.t.h.s.r.b.JettyHttpServer - Stopping JettyHttpServer...
12:33:02.096 [Test worker] INFO  o.e.j.s.h.ContextHandler - Stopped o.e.j.s.ServletContextHandler@bb37139{/,null,UNAVAILABLE}
12:33:02.098 [Test worker] INFO  o.e.j.s.AbstractConnector - Stopped ServerConnector@3dce45d3{HTTP/1.1, (http/1.1)}{0.0.0.0:0}
12:33:02.099 [Test worker] DEBUG o.s.w.t.h.s.r.b.JettyHttpServer - Server stopped (0 millis).
12:33:02.208 [Test worker] DEBUG o.s.w.r.r.m.a.RequestMappingHandlerMapping - 39 mappings in 'requestMappingHandlerMapping'
12:33:02.273 [Test worker] DEBUG o.s.w.r.r.m.a.ControllerMethodResolver - ControllerAdvice beans: none
12:33:02.302 [Test worker] DEBUG o.s.w.s.a.HttpWebHandlerAdapter - enableLoggingRequestDetails='false': form data and headers will be masked to prevent unsafe logging of potentially sensitive data
12:33:02.303 [Test worker] DEBUG o.s.w.t.h.s.r.b.ReactorHttpServer - Starting ReactorHttpServer...
12:33:02.304 [Test worker] DEBUG o.s.w.t.h.s.r.b.ReactorHttpServer - Server started on port 52130(0 millis).
12:33:02.305 [Test worker] DEBUG o.s.w.c.RestTemplate - HTTP GET http://localhost:52130/person-response/mono
12:33:02.307 [Test worker] DEBUG o.s.w.c.RestTemplate - Accept=[application/xml, text/xml, application/json, application/x-jackson-smile, application/*+xml, application/*+json]
12:33:02.310 [reactor-http-nio-4] DEBUG o.s.w.s.a.HttpWebHandlerAdapter - [24835494-56] HTTP GET "/person-response/mono"
12:33:02.310 [reactor-http-nio-4] DEBUG o.s.w.r.r.m.a.RequestMappingHandlerMapping - [24835494-56] Mapped to org.springframework.web.reactive.result.method.annotation.RequestMappingMessageConversionIntegrationTests$PersonResponseBodyController#getMono()
12:33:02.312 [reactor-http-nio-4] DEBUG o.s.w.r.r.m.a.ResponseBodyResultHandler - Using 'application/json' given [application/json] and supported [application/json, application/*+json, application/x-jackson-smile, application/*+x-jackson-smile, application/xml, text/xml, text/event-stream]
12:33:02.312 [reactor-http-nio-4] DEBUG o.s.w.r.r.m.a.ResponseBodyResultHandler - [24835494-56] 0..1 [org.springframework.web.reactive.result.method.annotation.RequestMappingMessageConversionIntegrationTests$Person]
12:33:02.312 [reactor-http-nio-4] DEBUG o.s.h.c.j.Jackson2JsonEncoder - [24835494-56] Encoding [Person{name='Robert'}]
12:33:02.313 [reactor-http-nio-4] DEBUG o.s.w.s.a.HttpWebHandlerAdapter - [24835494-56] Completed 200 OK
12:33:02.314 [Test worker] DEBUG o.s.w.c.RestTemplate - Response 200 OK
12:33:02.314 [Test worker] DEBUG o.s.w.c.RestTemplate - Reading to [org.springframework.web.reactive.result.method.annotation.RequestMappingMessageConversionIntegrationTests$Person]
12:33:02.315 [Test worker] DEBUG o.s.w.t.h.s.r.b.ReactorHttpServer - Stopping ReactorHttpServer...
12:33:02.315 [Test worker] DEBUG o.s.w.t.h.s.r.b.ReactorHttpServer - Server stopped (0 millis).
12:33:02.497 [Test worker] DEBUG o.s.w.r.r.m.a.RequestMappingHandlerMapping - 39 mappings in 'requestMappingHandlerMapping'
12:33:02.548 [Test worker] DEBUG o.s.w.r.r.m.a.ControllerMethodResolver - ControllerAdvice beans: none
12:33:02.571 [Test worker] DEBUG o.s.w.s.a.HttpWebHandlerAdapter - enableLoggingRequestDetails='false': form data and headers will be masked to prevent unsafe logging of potentially sensitive data
12:33:02.572 [Test worker] DEBUG o.s.w.t.h.s.r.b.TomcatHttpServer - Starting TomcatHttpServer...
12:33:02.596 [Test worker] DEBUG o.s.w.t.h.s.r.b.TomcatHttpServer - Server started on port 52132(0 millis).
12:33:02.596 [Test worker] DEBUG o.s.w.c.RestTemplate - HTTP GET http://localhost:52132/person-response/mono
12:33:02.597 [Test worker] DEBUG o.s.w.c.RestTemplate - Accept=[application/xml, text/xml, application/json, application/x-jackson-smile, application/*+xml, application/*+json]
12:33:02.612 [http-nio-auto-54-exec-1] DEBUG o.s.w.s.a.HttpWebHandlerAdapter - [52a6565c] HTTP GET "/person-response/mono"
12:33:02.613 [http-nio-auto-54-exec-1] DEBUG o.s.w.r.r.m.a.RequestMappingHandlerMapping - [52a6565c] Mapped to org.springframework.web.reactive.result.method.annotation.RequestMappingMessageConversionIntegrationTests$PersonResponseBodyController#getMono()
12:33:02.615 [http-nio-auto-54-exec-1] DEBUG o.s.w.r.r.m.a.ResponseBodyResultHandler - Using 'application/json' given [application/json] and supported [application/json, application/*+json, application/x-jackson-smile, application/*+x-jackson-smile, application/xml, text/xml, text/event-stream]
12:33:02.615 [http-nio-auto-54-exec-1] DEBUG o.s.w.r.r.m.a.ResponseBodyResultHandler - [52a6565c] 0..1 [org.springframework.web.reactive.result.method.annotation.RequestMappingMessageConversionIntegrationTests$Person]
12:33:02.616 [http-nio-auto-54-exec-1] DEBUG o.s.h.c.j.Jackson2JsonEncoder - [52a6565c] Encoding [Person{name='Robert'}]
12:33:02.617 [Test worker] DEBUG o.s.w.c.RestTemplate - Response 200 OK
12:33:02.617 [http-nio-auto-54-exec-1] DEBUG o.s.w.s.a.HttpWebHandlerAdapter - [52a6565c] Completed 200 OK
12:33:02.617 [Test worker] DEBUG o.s.w.c.RestTemplate - Reading to [org.springframework.web.reactive.result.method.annotation.RequestMappingMessageConversionIntegrationTests$Person]
12:33:02.618 [Test worker] DEBUG o.s.w.t.h.s.r.b.TomcatHttpServer - Stopping TomcatHttpServer...
12:33:03.087 [Test worker] DEBUG o.s.w.t.h.s.r.b.TomcatHttpServer - Server stopped (0 millis).
12:33:03.168 [Test worker] DEBUG o.s.w.r.r.m.a.RequestMappingHandlerMapping - 39 mappings in 'requestMappingHandlerMapping'
12:33:03.190 [Test worker] DEBUG o.s.w.r.r.m.a.ControllerMethodResolver - ControllerAdvice beans: none
12:33:03.209 [Test worker] DEBUG o.s.w.s.a.HttpWebHandlerAdapter - enableLoggingRequestDetails='false': form data and headers will be masked to prevent unsafe logging of potentially sensitive data
12:33:03.209 [Test worker] DEBUG o.s.w.t.h.s.r.b.UndertowHttpServer - Starting UndertowHttpServer...
12:33:03.209 [Test worker] INFO  i.undertow - starting server: Undertow - 2.0.32.Final
12:33:03.217 [Test worker] DEBUG o.s.w.t.h.s.r.b.UndertowHttpServer - Server started on port 52163(0 millis).
12:33:03.217 [Test worker] DEBUG o.s.w.c.RestTemplate - HTTP GET http://localhost:52163/person-response/mono
12:33:03.218 [Test worker] DEBUG o.s.w.c.RestTemplate - Accept=[application/xml, text/xml, application/json, application/x-jackson-smile, application/*+xml, application/*+json]
12:33:03.220 [XNIO-54 I/O-2] DEBUG o.s.w.s.a.HttpWebHandlerAdapter - [1aa4cb99] HTTP GET "/person-response/mono"
12:33:03.221 [XNIO-54 I/O-2] DEBUG o.s.w.r.r.m.a.RequestMappingHandlerMapping - [1aa4cb99] Mapped to org.springframework.web.reactive.result.method.annotation.RequestMappingMessageConversionIntegrationTests$PersonResponseBodyController#getMono()
12:33:03.223 [XNIO-54 I/O-2] DEBUG o.s.w.r.r.m.a.ResponseBodyResultHandler - Using 'application/json' given [application/json] and supported [application/json, application/*+json, application/x-jackson-smile, application/*+x-jackson-smile, application/xml, text/xml, text/event-stream]
12:33:03.223 [XNIO-54 I/O-2] DEBUG o.s.w.r.r.m.a.ResponseBodyResultHandler - [1aa4cb99] 0..1 [org.springframework.web.reactive.result.method.annotation.RequestMappingMessageConversionIntegrationTests$Person]
12:33:03.223 [XNIO-54 I/O-2] DEBUG o.s.h.c.j.Jackson2JsonEncoder - [1aa4cb99] Encoding [Person{name='Robert'}]
12:33:03.224 [Test worker] DEBUG o.s.w.c.RestTemplate - Response 200 OK
12:33:03.224 [XNIO-54 I/O-2] DEBUG o.s.w.s.a.HttpWebHandlerAdapter - [1aa4cb99] Completed 200 OK
12:33:03.224 [Test worker] DEBUG o.s.w.c.RestTemplate - Reading to [org.springframework.web.reactive.result.method.annotation.RequestMappingMessageConversionIntegrationTests$Person]
12:33:03.224 [Test worker] DEBUG o.s.w.t.h.s.r.b.UndertowHttpServer - Stopping UndertowHttpServer...
12:33:03.224 [Test worker] INFO  i.undertow - stopping server: Undertow - 2.0.32.Final
12:33:03.226 [Test worker] DEBUG o.s.w.t.h.s.r.b.UndertowHttpServer - Server stopped (0 millis).
12:33:03.305 [Test worker] DEBUG o.s.w.r.r.m.a.RequestMappingHandlerMapping - 39 mappings in 'requestMappingHandlerMapping'
12:33:03.346 [Test worker] DEBUG o.s.w.r.r.m.a.ControllerMethodResolver - ControllerAdvice beans: none
12:33:03.371 [Test worker] DEBUG o.s.w.s.a.HttpWebHandlerAdapter - enableLoggingRequestDetails='false': form data and headers will be masked to prevent unsafe logging of potentially sensitive data
12:33:03.371 [Test worker] WARN  o.e.j.s.h.ContextHandler - Empty contextPath
12:33:03.372 [Test worker] INFO  o.e.j.s.h.ContextHandler - Started o.e.j.s.ServletContextHandler@60657e22{/,null,AVAILABLE}
12:33:03.372 [Test worker] DEBUG o.s.w.t.h.s.r.b.JettyHttpServer - Starting JettyHttpServer...
12:33:03.372 [Test worker] INFO  o.e.j.s.Server - jetty-9.4.31.v20200723; built: 2020-07-23T17:57:36.812Z; git: 450ba27947e13e66baa8cd1ce7e85a4461cacc1d; jvm 1.8.0_191-b12
12:33:03.376 [Test worker] INFO  o.e.j.s.AbstractConnector - Started ServerConnector@23044ff6{HTTP/1.1, (http/1.1)}{0.0.0.0:52165}
12:33:03.377 [Test worker] INFO  o.e.j.s.Server - Started @271067ms
12:33:03.377 [Test worker] DEBUG o.s.w.t.h.s.r.b.JettyHttpServer - Server started on port 52165(0 millis).
12:33:03.377 [Test worker] DEBUG o.s.w.c.RestTemplate - HTTP POST http://localhost:52165/person-transform/observable
12:33:03.377 [Test worker] DEBUG o.s.w.c.RestTemplate - Accept=[application/json, application/x-jackson-smile, application/*+json]
12:33:03.377 [Test worker] DEBUG o.s.w.c.RestTemplate - Writing [[Person{name='Robert'}, Person{name='Marie'}]] as "application/json"
12:33:03.381 [qtp115778789-1602] DEBUG o.s.w.s.a.HttpWebHandlerAdapter - [436e628f] HTTP POST "/person-transform/observable"
12:33:03.381 [qtp115778789-1602] DEBUG o.s.w.r.r.m.a.RequestMappingHandlerMapping - [436e628f] Mapped to org.springframework.web.reactive.result.method.annotation.RequestMappingMessageConversionIntegrationTests$PersonTransformationController#transformObservable(Observable)
12:33:03.382 [qtp115778789-1602] DEBUG o.s.w.r.r.m.a.RequestBodyMethodArgumentResolver - [436e628f] Content-Type:application/json;charset=UTF-8
12:33:03.383 [qtp115778789-1602] DEBUG o.s.w.r.r.m.a.RequestBodyMethodArgumentResolver - [436e628f] 0..N [org.springframework.web.reactive.result.method.annotation.RequestMappingMessageConversionIntegrationTests$Person]
12:33:03.384 [qtp115778789-1602] DEBUG o.s.w.r.r.m.a.ResponseBodyResultHandler - Using 'application/json' given [application/json] and supported [application/json, application/*+json, application/x-jackson-smile, application/*+x-jackson-smile, application/xml, text/xml, text/event-stream]
12:33:03.385 [qtp115778789-1602] DEBUG o.s.w.r.r.m.a.ResponseBodyResultHandler - [436e628f] 0..N [org.springframework.web.reactive.result.method.annotation.RequestMappingMessageConversionIntegrationTests$Person]
12:33:03.385 [qtp115778789-1602] DEBUG o.s.h.c.j.Jackson2JsonDecoder - [436e628f] Decoded [Person{name='Robert'}]
12:33:03.385 [qtp115778789-1602] DEBUG o.s.h.c.j.Jackson2JsonDecoder - [436e628f] Decoded [Person{name='Marie'}]
12:33:03.386 [qtp115778789-1602] DEBUG o.s.h.c.j.Jackson2JsonEncoder - [436e628f] Encoding [[Person{name='ROBERT'}, Person{name='MARIE'}]]
12:33:03.386 [Test worker] DEBUG o.s.w.c.RestTemplate - Response 200 OK
12:33:03.387 [qtp115778789-1602] DEBUG o.s.w.s.a.HttpWebHandlerAdapter - [436e628f] Completed 200 OK
12:33:03.387 [Test worker] DEBUG o.s.w.c.RestTemplate - Reading to [java.util.List<org.springframework.web.reactive.result.method.annotation.RequestMappingMessageConversionIntegrationTests$Person>]
12:33:03.388 [Test worker] DEBUG o.s.w.t.h.s.r.b.JettyHttpServer - Stopping JettyHttpServer...
12:33:03.388 [Test worker] INFO  o.e.j.s.h.ContextHandler - Stopped o.e.j.s.ServletContextHandler@60657e22{/,null,UNAVAILABLE}
12:33:03.390 [Test worker] INFO  o.e.j.s.AbstractConnector - Stopped ServerConnector@23044ff6{HTTP/1.1, (http/1.1)}{0.0.0.0:0}
12:33:03.391 [Test worker] DEBUG o.s.w.t.h.s.r.b.JettyHttpServer - Server stopped (0 millis).
12:33:03.469 [Test worker] DEBUG o.s.w.r.r.m.a.RequestMappingHandlerMapping - 39 mappings in 'requestMappingHandlerMapping'
12:33:03.493 [Test worker] DEBUG o.s.w.r.r.m.a.ControllerMethodResolver - ControllerAdvice beans: none
12:33:03.508 [Test worker] DEBUG o.s.w.s.a.HttpWebHandlerAdapter - enableLoggingRequestDetails='false': form data and headers will be masked to prevent unsafe logging of potentially sensitive data
12:33:03.508 [Test worker] DEBUG o.s.w.t.h.s.r.b.ReactorHttpServer - Starting ReactorHttpServer...
12:33:03.510 [Test worker] DEBUG o.s.w.t.h.s.r.b.ReactorHttpServer - Server started on port 52172(0 millis).
12:33:03.510 [Test worker] DEBUG o.s.w.c.RestTemplate - HTTP POST http://localhost:52172/person-transform/observable
12:33:03.510 [Test worker] DEBUG o.s.w.c.RestTemplate - Accept=[application/json, application/x-jackson-smile, application/*+json]
12:33:03.511 [Test worker] DEBUG o.s.w.c.RestTemplate - Writing [[Person{name='Robert'}, Person{name='Marie'}]] as "application/json"
12:33:03.513 [reactor-http-nio-2] DEBUG o.s.w.s.a.HttpWebHandlerAdapter - [ee3798c7-57] HTTP POST "/person-transform/observable"
12:33:03.513 [reactor-http-nio-2] DEBUG o.s.w.r.r.m.a.RequestMappingHandlerMapping - [ee3798c7-57] Mapped to org.springframework.web.reactive.result.method.annotation.RequestMappingMessageConversionIntegrationTests$PersonTransformationController#transformObservable(Observable)
12:33:03.513 [reactor-http-nio-2] DEBUG o.s.w.r.r.m.a.RequestBodyMethodArgumentResolver - [ee3798c7-57] Content-Type:application/json
12:33:03.514 [reactor-http-nio-2] DEBUG o.s.w.r.r.m.a.RequestBodyMethodArgumentResolver - [ee3798c7-57] 0..N [org.springframework.web.reactive.result.method.annotation.RequestMappingMessageConversionIntegrationTests$Person]
12:33:03.515 [reactor-http-nio-2] DEBUG o.s.w.r.r.m.a.ResponseBodyResultHandler - Using 'application/json' given [application/json] and supported [application/json, application/*+json, application/x-jackson-smile, application/*+x-jackson-smile, application/xml, text/xml, text/event-stream]
12:33:03.515 [reactor-http-nio-2] DEBUG o.s.w.r.r.m.a.ResponseBodyResultHandler - [ee3798c7-57] 0..N [org.springframework.web.reactive.result.method.annotation.RequestMappingMessageConversionIntegrationTests$Person]
12:33:03.516 [reactor-http-nio-2] DEBUG o.s.h.c.j.Jackson2JsonDecoder - [ee3798c7-57] Decoded [Person{name='Robert'}]
12:33:03.516 [reactor-http-nio-2] DEBUG o.s.h.c.j.Jackson2JsonDecoder - [ee3798c7-57] Decoded [Person{name='Marie'}]
12:33:03.516 [reactor-http-nio-2] DEBUG o.s.h.c.j.Jackson2JsonEncoder - [ee3798c7-57] Encoding [[Person{name='ROBERT'}, Person{name='MARIE'}]]
12:33:03.517 [Test worker] DEBUG o.s.w.c.RestTemplate - Response 200 OK
12:33:03.517 [Test worker] DEBUG o.s.w.c.RestTemplate - Reading to [java.util.List<org.springframework.web.reactive.result.method.annotation.RequestMappingMessageConversionIntegrationTests$Person>]
12:33:03.518 [reactor-http-nio-2] DEBUG o.s.w.s.a.HttpWebHandlerAdapter - [ee3798c7-57] Completed 200 OK
12:33:03.518 [Test worker] DEBUG o.s.w.t.h.s.r.b.ReactorHttpServer - Stopping ReactorHttpServer...
12:33:03.519 [Test worker] DEBUG o.s.w.t.h.s.r.b.ReactorHttpServer - Server stopped (0 millis).
12:33:03.577 [Test worker] DEBUG o.s.w.r.r.m.a.RequestMappingHandlerMapping - 39 mappings in 'requestMappingHandlerMapping'
12:33:03.598 [Test worker] DEBUG o.s.w.r.r.m.a.ControllerMethodResolver - ControllerAdvice beans: none
12:33:03.613 [Test worker] DEBUG o.s.w.s.a.HttpWebHandlerAdapter - enableLoggingRequestDetails='false': form data and headers will be masked to prevent unsafe logging of potentially sensitive data
12:33:03.614 [Test worker] DEBUG o.s.w.t.h.s.r.b.TomcatHttpServer - Starting TomcatHttpServer...
12:33:03.633 [Test worker] DEBUG o.s.w.t.h.s.r.b.TomcatHttpServer - Server started on port 52186(0 millis).
12:33:03.633 [Test worker] DEBUG o.s.w.c.RestTemplate - HTTP POST http://localhost:52186/person-transform/observable
12:33:03.634 [Test worker] DEBUG o.s.w.c.RestTemplate - Accept=[application/json, application/x-jackson-smile, application/*+json]
12:33:03.634 [Test worker] DEBUG o.s.w.c.RestTemplate - Writing [[Person{name='Robert'}, Person{name='Marie'}]] as "application/json"
12:33:03.660 [http-nio-auto-55-exec-1] DEBUG o.s.w.s.a.HttpWebHandlerAdapter - [57aaf1a8] HTTP POST "/person-transform/observable"
12:33:03.660 [http-nio-auto-55-exec-1] DEBUG o.s.w.r.r.m.a.RequestMappingHandlerMapping - [57aaf1a8] Mapped to org.springframework.web.reactive.result.method.annotation.RequestMappingMessageConversionIntegrationTests$PersonTransformationController#transformObservable(Observable)
12:33:03.661 [http-nio-auto-55-exec-1] DEBUG o.s.w.r.r.m.a.RequestBodyMethodArgumentResolver - [57aaf1a8] Content-Type:application/json
12:33:03.662 [http-nio-auto-55-exec-1] DEBUG o.s.w.r.r.m.a.RequestBodyMethodArgumentResolver - [57aaf1a8] 0..N [org.springframework.web.reactive.result.method.annotation.RequestMappingMessageConversionIntegrationTests$Person]
12:33:03.663 [http-nio-auto-55-exec-1] DEBUG o.s.w.r.r.m.a.ResponseBodyResultHandler - Using 'application/json' given [application/json] and supported [application/json, application/*+json, application/x-jackson-smile, application/*+x-jackson-smile, application/xml, text/xml, text/event-stream]
12:33:03.663 [http-nio-auto-55-exec-1] DEBUG o.s.w.r.r.m.a.ResponseBodyResultHandler - [57aaf1a8] 0..N [org.springframework.web.reactive.result.method.annotation.RequestMappingMessageConversionIntegrationTests$Person]
12:33:03.663 [http-nio-auto-55-exec-1] DEBUG o.s.h.c.j.Jackson2JsonDecoder - [57aaf1a8] Decoded [Person{name='Robert'}]
12:33:03.664 [http-nio-auto-55-exec-1] DEBUG o.s.h.c.j.Jackson2JsonDecoder - [57aaf1a8] Decoded [Person{name='Marie'}]
12:33:03.664 [http-nio-auto-55-exec-1] DEBUG o.s.h.c.j.Jackson2JsonEncoder - [57aaf1a8] Encoding [[Person{name='ROBERT'}, Person{name='MARIE'}]]
12:33:03.665 [Test worker] DEBUG o.s.w.c.RestTemplate - Response 200 OK
12:33:03.665 [Test worker] DEBUG o.s.w.c.RestTemplate - Reading to [java.util.List<org.springframework.web.reactive.result.method.annotation.RequestMappingMessageConversionIntegrationTests$Person>]
12:33:03.666 [Test worker] DEBUG o.s.w.t.h.s.r.b.TomcatHttpServer - Stopping TomcatHttpServer...
12:33:03.670 [http-nio-auto-55-exec-1] DEBUG o.s.w.s.a.HttpWebHandlerAdapter - [57aaf1a8] Completed 200 OK
12:33:03.985 [Test worker] DEBUG o.s.w.t.h.s.r.b.TomcatHttpServer - Server stopped (0 millis).
12:33:04.073 [Test worker] DEBUG o.s.w.r.r.m.a.RequestMappingHandlerMapping - 39 mappings in 'requestMappingHandlerMapping'
12:33:04.098 [Test worker] DEBUG o.s.w.r.r.m.a.ControllerMethodResolver - ControllerAdvice beans: none
12:33:04.117 [Test worker] DEBUG o.s.w.s.a.HttpWebHandlerAdapter - enableLoggingRequestDetails='false': form data and headers will be masked to prevent unsafe logging of potentially sensitive data
12:33:04.117 [Test worker] DEBUG o.s.w.t.h.s.r.b.UndertowHttpServer - Starting UndertowHttpServer...
12:33:04.117 [Test worker] INFO  i.undertow - starting server: Undertow - 2.0.32.Final
12:33:04.124 [Test worker] DEBUG o.s.w.t.h.s.r.b.UndertowHttpServer - Server started on port 52203(0 millis).
12:33:04.124 [Test worker] DEBUG o.s.w.c.RestTemplate - HTTP POST http://localhost:52203/person-transform/observable
12:33:04.125 [Test worker] DEBUG o.s.w.c.RestTemplate - Accept=[application/json, application/x-jackson-smile, application/*+json]
12:33:04.126 [Test worker] DEBUG o.s.w.c.RestTemplate - Writing [[Person{name='Robert'}, Person{name='Marie'}]] as "application/json"
12:33:04.128 [XNIO-55 I/O-2] DEBUG o.s.w.s.a.HttpWebHandlerAdapter - [4bcbdcbc] HTTP POST "/person-transform/observable"
12:33:04.128 [XNIO-55 I/O-2] DEBUG o.s.w.r.r.m.a.RequestMappingHandlerMapping - [4bcbdcbc] Mapped to org.springframework.web.reactive.result.method.annotation.RequestMappingMessageConversionIntegrationTests$PersonTransformationController#transformObservable(Observable)
12:33:04.129 [XNIO-55 I/O-2] DEBUG o.s.w.r.r.m.a.RequestBodyMethodArgumentResolver - [4bcbdcbc] Content-Type:application/json
12:33:04.129 [XNIO-55 I/O-2] DEBUG o.s.w.r.r.m.a.RequestBodyMethodArgumentResolver - [4bcbdcbc] 0..N [org.springframework.web.reactive.result.method.annotation.RequestMappingMessageConversionIntegrationTests$Person]
12:33:04.130 [XNIO-55 I/O-2] DEBUG o.s.w.r.r.m.a.ResponseBodyResultHandler - Using 'application/json' given [application/json] and supported [application/json, application/*+json, application/x-jackson-smile, application/*+x-jackson-smile, application/xml, text/xml, text/event-stream]
12:33:04.130 [XNIO-55 I/O-2] DEBUG o.s.w.r.r.m.a.ResponseBodyResultHandler - [4bcbdcbc] 0..N [org.springframework.web.reactive.result.method.annotation.RequestMappingMessageConversionIntegrationTests$Person]
12:33:04.131 [XNIO-55 I/O-2] DEBUG o.s.h.c.j.Jackson2JsonDecoder - [4bcbdcbc] Decoded [Person{name='Robert'}]
12:33:04.131 [XNIO-55 I/O-2] DEBUG o.s.h.c.j.Jackson2JsonDecoder - [4bcbdcbc] Decoded [Person{name='Marie'}]
12:33:04.131 [XNIO-55 I/O-2] DEBUG o.s.h.c.j.Jackson2JsonEncoder - [4bcbdcbc] Encoding [[Person{name='ROBERT'}, Person{name='MARIE'}]]
12:33:04.132 [XNIO-55 I/O-2] DEBUG o.s.w.s.a.HttpWebHandlerAdapter - [4bcbdcbc] Completed 200 OK
12:33:04.132 [Test worker] DEBUG o.s.w.c.RestTemplate - Response 200 OK
12:33:04.132 [Test worker] DEBUG o.s.w.c.RestTemplate - Reading to [java.util.List<org.springframework.web.reactive.result.method.annotation.RequestMappingMessageConversionIntegrationTests$Person>]
12:33:04.133 [Test worker] DEBUG o.s.w.t.h.s.r.b.UndertowHttpServer - Stopping UndertowHttpServer...
12:33:04.133 [Test worker] INFO  i.undertow - stopping server: Undertow - 2.0.32.Final
12:33:04.135 [Test worker] DEBUG o.s.w.t.h.s.r.b.UndertowHttpServer - Server stopped (0 millis).
12:33:04.192 [Test worker] DEBUG o.s.w.r.r.m.a.RequestMappingHandlerMapping - 39 mappings in 'requestMappingHandlerMapping'
12:33:04.218 [Test worker] DEBUG o.s.w.r.r.m.a.ControllerMethodResolver - ControllerAdvice beans: none
12:33:04.243 [Test worker] DEBUG o.s.w.s.a.HttpWebHandlerAdapter - enableLoggingRequestDetails='false': form data and headers will be masked to prevent unsafe logging of potentially sensitive data
12:33:04.244 [Test worker] WARN  o.e.j.s.h.ContextHandler - Empty contextPath
12:33:04.244 [Test worker] INFO  o.e.j.s.h.ContextHandler - Started o.e.j.s.ServletContextHandler@2b3913c3{/,null,AVAILABLE}
12:33:04.244 [Test worker] DEBUG o.s.w.t.h.s.r.b.JettyHttpServer - Starting JettyHttpServer...
12:33:04.244 [Test worker] INFO  o.e.j.s.Server - jetty-9.4.31.v20200723; built: 2020-07-23T17:57:36.812Z; git: 450ba27947e13e66baa8cd1ce7e85a4461cacc1d; jvm 1.8.0_191-b12
12:33:04.248 [Test worker] INFO  o.e.j.s.AbstractConnector - Started ServerConnector@3268d56f{HTTP/1.1, (http/1.1)}{0.0.0.0:52205}
12:33:04.248 [Test worker] INFO  o.e.j.s.Server - Started @271939ms
12:33:04.248 [Test worker] DEBUG o.s.w.t.h.s.r.b.JettyHttpServer - Server started on port 52205(0 millis).
12:33:04.248 [Test worker] DEBUG o.s.w.c.RestTemplate - HTTP POST http://localhost:52205/person-create/publisher
12:33:04.248 [Test worker] DEBUG o.s.w.c.RestTemplate - Accept=[application/json, application/x-jackson-smile, application/*+json]
12:33:04.249 [Test worker] DEBUG o.s.w.c.RestTemplate - Writing [[Person{name='Robert'}, Person{name='Marie'}]] as "application/json"
12:33:04.252 [qtp1470663916-1632] DEBUG o.s.w.s.a.HttpWebHandlerAdapter - [20046a2b] HTTP POST "/person-create/publisher"
12:33:04.253 [qtp1470663916-1632] DEBUG o.s.w.r.r.m.a.RequestMappingHandlerMapping - [20046a2b] Mapped to org.springframework.web.reactive.result.method.annotation.RequestMappingMessageConversionIntegrationTests$PersonCreateController#createWithPublisher(Publisher)
12:33:04.253 [qtp1470663916-1632] DEBUG o.s.w.r.r.m.a.RequestBodyMethodArgumentResolver - [20046a2b] Content-Type:application/json;charset=UTF-8
12:33:04.254 [qtp1470663916-1632] DEBUG o.s.w.r.r.m.a.RequestBodyMethodArgumentResolver - [20046a2b] 0..N [org.springframework.web.reactive.result.method.annotation.RequestMappingMessageConversionIntegrationTests$Person]
12:33:04.254 [qtp1470663916-1632] DEBUG o.s.h.c.j.Jackson2JsonDecoder - [20046a2b] Decoded [Person{name='Robert'}]
12:33:04.255 [qtp1470663916-1632] DEBUG o.s.h.c.j.Jackson2JsonDecoder - [20046a2b] Decoded [Person{name='Marie'}]
12:33:04.255 [qtp1470663916-1632] DEBUG o.s.w.s.a.HttpWebHandlerAdapter - [20046a2b] Completed 200 OK
12:33:04.255 [Test worker] DEBUG o.s.w.c.RestTemplate - Response 200 OK
12:33:04.255 [Test worker] DEBUG o.s.w.t.h.s.r.b.JettyHttpServer - Stopping JettyHttpServer...
12:33:04.256 [Test worker] INFO  o.e.j.s.h.ContextHandler - Stopped o.e.j.s.ServletContextHandler@2b3913c3{/,null,UNAVAILABLE}
12:33:04.258 [Test worker] INFO  o.e.j.s.AbstractConnector - Stopped ServerConnector@3268d56f{HTTP/1.1, (http/1.1)}{0.0.0.0:0}
12:33:04.258 [Test worker] DEBUG o.s.w.t.h.s.r.b.JettyHttpServer - Server stopped (0 millis).
12:33:04.329 [Test worker] DEBUG o.s.w.r.r.m.a.RequestMappingHandlerMapping - 39 mappings in 'requestMappingHandlerMapping'
12:33:04.361 [Test worker] DEBUG o.s.w.r.r.m.a.ControllerMethodResolver - ControllerAdvice beans: none
12:33:04.398 [Test worker] DEBUG o.s.w.s.a.HttpWebHandlerAdapter - enableLoggingRequestDetails='false': form data and headers will be masked to prevent unsafe logging of potentially sensitive data
12:33:04.399 [Test worker] DEBUG o.s.w.t.h.s.r.b.ReactorHttpServer - Starting ReactorHttpServer...
12:33:04.400 [Test worker] DEBUG o.s.w.t.h.s.r.b.ReactorHttpServer - Server started on port 52211(0 millis).
12:33:04.401 [Test worker] DEBUG o.s.w.c.RestTemplate - HTTP POST http://localhost:52211/person-create/publisher
12:33:04.401 [Test worker] DEBUG o.s.w.c.RestTemplate - Accept=[application/json, application/x-jackson-smile, application/*+json]
12:33:04.401 [Test worker] DEBUG o.s.w.c.RestTemplate - Writing [[Person{name='Robert'}, Person{name='Marie'}]] as "application/json"
12:33:04.405 [reactor-http-nio-4] DEBUG o.s.w.s.a.HttpWebHandlerAdapter - [b86580c1-58] HTTP POST "/person-create/publisher"
12:33:04.405 [reactor-http-nio-4] DEBUG o.s.w.r.r.m.a.RequestMappingHandlerMapping - [b86580c1-58] Mapped to org.springframework.web.reactive.result.method.annotation.RequestMappingMessageConversionIntegrationTests$PersonCreateController#createWithPublisher(Publisher)
12:33:04.406 [reactor-http-nio-4] DEBUG o.s.w.r.r.m.a.RequestBodyMethodArgumentResolver - [b86580c1-58] Content-Type:application/json
12:33:04.406 [reactor-http-nio-4] DEBUG o.s.w.r.r.m.a.RequestBodyMethodArgumentResolver - [b86580c1-58] 0..N [org.springframework.web.reactive.result.method.annotation.RequestMappingMessageConversionIntegrationTests$Person]
12:33:04.407 [reactor-http-nio-4] DEBUG o.s.h.c.j.Jackson2JsonDecoder - [b86580c1-58] Decoded [Person{name='Robert'}]
12:33:04.407 [reactor-http-nio-4] DEBUG o.s.h.c.j.Jackson2JsonDecoder - [b86580c1-58] Decoded [Person{name='Marie'}]
12:33:04.407 [reactor-http-nio-4] DEBUG o.s.w.s.a.HttpWebHandlerAdapter - [b86580c1-58] Completed 200 OK
12:33:04.408 [Test worker] DEBUG o.s.w.c.RestTemplate - Response 200 OK
12:33:04.408 [Test worker] DEBUG o.s.w.t.h.s.r.b.ReactorHttpServer - Stopping ReactorHttpServer...
12:33:04.409 [Test worker] DEBUG o.s.w.t.h.s.r.b.ReactorHttpServer - Server stopped (0 millis).
12:33:04.519 [Test worker] DEBUG o.s.w.r.r.m.a.RequestMappingHandlerMapping - 39 mappings in 'requestMappingHandlerMapping'
12:33:04.543 [Test worker] DEBUG o.s.w.r.r.m.a.ControllerMethodResolver - ControllerAdvice beans: none
12:33:04.576 [Test worker] DEBUG o.s.w.s.a.HttpWebHandlerAdapter - enableLoggingRequestDetails='false': form data and headers will be masked to prevent unsafe logging of potentially sensitive data
12:33:04.576 [Test worker] DEBUG o.s.w.t.h.s.r.b.TomcatHttpServer - Starting TomcatHttpServer...
12:33:04.600 [Test worker] DEBUG o.s.w.t.h.s.r.b.TomcatHttpServer - Server started on port 52213(0 millis).
12:33:04.600 [Test worker] DEBUG o.s.w.c.RestTemplate - HTTP POST http://localhost:52213/person-create/publisher
12:33:04.600 [Test worker] DEBUG o.s.w.c.RestTemplate - Accept=[application/json, application/x-jackson-smile, application/*+json]
12:33:04.600 [Test worker] DEBUG o.s.w.c.RestTemplate - Writing [[Person{name='Robert'}, Person{name='Marie'}]] as "application/json"
12:33:04.613 [http-nio-auto-56-exec-1] DEBUG o.s.w.s.a.HttpWebHandlerAdapter - [1dc1148] HTTP POST "/person-create/publisher"
12:33:04.614 [http-nio-auto-56-exec-1] DEBUG o.s.w.r.r.m.a.RequestMappingHandlerMapping - [1dc1148] Mapped to org.springframework.web.reactive.result.method.annotation.RequestMappingMessageConversionIntegrationTests$PersonCreateController#createWithPublisher(Publisher)
12:33:04.614 [http-nio-auto-56-exec-1] DEBUG o.s.w.r.r.m.a.RequestBodyMethodArgumentResolver - [1dc1148] Content-Type:application/json
12:33:04.615 [http-nio-auto-56-exec-1] DEBUG o.s.w.r.r.m.a.RequestBodyMethodArgumentResolver - [1dc1148] 0..N [org.springframework.web.reactive.result.method.annotation.RequestMappingMessageConversionIntegrationTests$Person]
12:33:04.616 [http-nio-auto-56-exec-1] DEBUG o.s.h.c.j.Jackson2JsonDecoder - [1dc1148] Decoded [Person{name='Robert'}]
12:33:04.616 [http-nio-auto-56-exec-1] DEBUG o.s.h.c.j.Jackson2JsonDecoder - [1dc1148] Decoded [Person{name='Marie'}]
12:33:04.616 [http-nio-auto-56-exec-1] DEBUG o.s.w.s.a.HttpWebHandlerAdapter - [1dc1148] Completed 200 OK
12:33:04.616 [Test worker] DEBUG o.s.w.c.RestTemplate - Response 200 OK
12:33:04.617 [Test worker] DEBUG o.s.w.t.h.s.r.b.TomcatHttpServer - Stopping TomcatHttpServer...
12:33:04.924 [Test worker] DEBUG o.s.w.t.h.s.r.b.TomcatHttpServer - Server stopped (0 millis).
12:33:04.994 [Test worker] DEBUG o.s.w.r.r.m.a.RequestMappingHandlerMapping - 39 mappings in 'requestMappingHandlerMapping'
12:33:05.018 [Test worker] DEBUG o.s.w.r.r.m.a.ControllerMethodResolver - ControllerAdvice beans: none
12:33:05.040 [Test worker] DEBUG o.s.w.s.a.HttpWebHandlerAdapter - enableLoggingRequestDetails='false': form data and headers will be masked to prevent unsafe logging of potentially sensitive data
12:33:05.040 [Test worker] DEBUG o.s.w.t.h.s.r.b.UndertowHttpServer - Starting UndertowHttpServer...
12:33:05.040 [Test worker] INFO  i.undertow - starting server: Undertow - 2.0.32.Final
12:33:05.049 [Test worker] DEBUG o.s.w.t.h.s.r.b.UndertowHttpServer - Server started on port 52230(0 millis).
12:33:05.049 [Test worker] DEBUG o.s.w.c.RestTemplate - HTTP POST http://localhost:52230/person-create/publisher
12:33:05.049 [Test worker] DEBUG o.s.w.c.RestTemplate - Accept=[application/json, application/x-jackson-smile, application/*+json]
12:33:05.049 [Test worker] DEBUG o.s.w.c.RestTemplate - Writing [[Person{name='Robert'}, Person{name='Marie'}]] as "application/json"
12:33:05.057 [XNIO-56 I/O-2] DEBUG o.s.w.s.a.HttpWebHandlerAdapter - [735bc38f] HTTP POST "/person-create/publisher"
12:33:05.057 [XNIO-56 I/O-2] DEBUG o.s.w.r.r.m.a.RequestMappingHandlerMapping - [735bc38f] Mapped to org.springframework.web.reactive.result.method.annotation.RequestMappingMessageConversionIntegrationTests$PersonCreateController#createWithPublisher(Publisher)
12:33:05.058 [XNIO-56 I/O-2] DEBUG o.s.w.r.r.m.a.RequestBodyMethodArgumentResolver - [735bc38f] Content-Type:application/json
12:33:05.058 [XNIO-56 I/O-2] DEBUG o.s.w.r.r.m.a.RequestBodyMethodArgumentResolver - [735bc38f] 0..N [org.springframework.web.reactive.result.method.annotation.RequestMappingMessageConversionIntegrationTests$Person]
12:33:05.059 [XNIO-56 I/O-2] DEBUG o.s.h.c.j.Jackson2JsonDecoder - [735bc38f] Decoded [Person{name='Robert'}]
12:33:05.059 [XNIO-56 I/O-2] DEBUG o.s.h.c.j.Jackson2JsonDecoder - [735bc38f] Decoded [Person{name='Marie'}]
12:33:05.059 [XNIO-56 I/O-2] DEBUG o.s.w.s.a.HttpWebHandlerAdapter - [735bc38f] Completed 200 OK
12:33:05.060 [Test worker] DEBUG o.s.w.c.RestTemplate - Response 200 OK
12:33:05.060 [Test worker] DEBUG o.s.w.t.h.s.r.b.UndertowHttpServer - Stopping UndertowHttpServer...
12:33:05.060 [Test worker] INFO  i.undertow - stopping server: Undertow - 2.0.32.Final
12:33:05.063 [Test worker] DEBUG o.s.w.t.h.s.r.b.UndertowHttpServer - Server stopped (0 millis).
12:33:05.160 [Test worker] DEBUG o.s.w.r.r.m.a.RequestMappingHandlerMapping - 39 mappings in 'requestMappingHandlerMapping'
12:33:05.200 [Test worker] DEBUG o.s.w.r.r.m.a.ControllerMethodResolver - ControllerAdvice beans: none
12:33:05.264 [Test worker] DEBUG o.s.w.s.a.HttpWebHandlerAdapter - enableLoggingRequestDetails='false': form data and headers will be masked to prevent unsafe logging of potentially sensitive data
12:33:05.264 [Test worker] WARN  o.e.j.s.h.ContextHandler - Empty contextPath
12:33:05.265 [Test worker] INFO  o.e.j.s.h.ContextHandler - Started o.e.j.s.ServletContextHandler@11200bc9{/,null,AVAILABLE}
12:33:05.265 [Test worker] DEBUG o.s.w.t.h.s.r.b.JettyHttpServer - Starting JettyHttpServer...
12:33:05.265 [Test worker] INFO  o.e.j.s.Server - jetty-9.4.31.v20200723; built: 2020-07-23T17:57:36.812Z; git: 450ba27947e13e66baa8cd1ce7e85a4461cacc1d; jvm 1.8.0_191-b12
12:33:05.280 [Test worker] INFO  o.e.j.s.AbstractConnector - Started ServerConnector@3f2256aa{HTTP/1.1, (http/1.1)}{0.0.0.0:52232}
12:33:05.280 [Test worker] INFO  o.e.j.s.Server - Started @272971ms
12:33:05.280 [Test worker] DEBUG o.s.w.t.h.s.r.b.JettyHttpServer - Server started on port 52232(0 millis).
12:33:05.280 [Test worker] DEBUG o.s.w.c.RestTemplate - HTTP GET http://localhost:52232/person-response/mono-empty
12:33:05.281 [Test worker] DEBUG o.s.w.c.RestTemplate - Accept=[application/xml, text/xml, application/json, application/x-jackson-smile, application/*+xml, application/*+json]
12:33:05.290 [qtp1059375273-1660] DEBUG o.s.w.s.a.HttpWebHandlerAdapter - [77f58ec2] HTTP GET "/person-response/mono-empty"
12:33:05.291 [qtp1059375273-1660] DEBUG o.s.w.r.r.m.a.RequestMappingHandlerMapping - [77f58ec2] Mapped to org.springframework.web.reactive.result.method.annotation.RequestMappingMessageConversionIntegrationTests$PersonResponseBodyController#getMonoEmpty()
12:33:05.292 [qtp1059375273-1660] DEBUG o.s.w.r.r.m.a.ResponseBodyResultHandler - Using 'application/json' given [application/json] and supported [application/json, application/*+json, application/x-jackson-smile, application/*+x-jackson-smile, application/xml, text/xml, text/event-stream]
12:33:05.292 [qtp1059375273-1660] DEBUG o.s.w.r.r.m.a.ResponseBodyResultHandler - [77f58ec2] 0..1 [org.springframework.web.reactive.result.method.annotation.RequestMappingMessageConversionIntegrationTests$Person]
12:33:05.292 [qtp1059375273-1660] DEBUG o.s.w.s.a.HttpWebHandlerAdapter - [77f58ec2] Completed 200 OK
12:33:05.293 [Test worker] DEBUG o.s.w.c.RestTemplate - Response 200 OK
12:33:05.293 [Test worker] DEBUG o.s.w.c.RestTemplate - HTTP GET http://localhost:52232/person-response/mono-empty
12:33:05.293 [Test worker] DEBUG o.s.w.c.RestTemplate - Accept=[application/xml, text/xml, application/json, application/x-jackson-smile, application/*+xml, application/*+json]
12:33:05.296 [qtp1059375273-1657] DEBUG o.s.w.s.a.HttpWebHandlerAdapter - [19b72dd3] HTTP GET "/person-response/mono-empty"
12:33:05.297 [qtp1059375273-1657] DEBUG o.s.w.r.r.m.a.RequestMappingHandlerMapping - [19b72dd3] Mapped to org.springframework.web.reactive.result.method.annotation.RequestMappingMessageConversionIntegrationTests$PersonResponseBodyController#getMonoEmpty()
12:33:05.297 [qtp1059375273-1657] DEBUG o.s.w.r.r.m.a.ResponseBodyResultHandler - Using 'application/json' given [application/json] and supported [application/json, application/*+json, application/x-jackson-smile, application/*+x-jackson-smile, application/xml, text/xml, text/event-stream]
12:33:05.297 [qtp1059375273-1657] DEBUG o.s.w.r.r.m.a.ResponseBodyResultHandler - [19b72dd3] 0..1 [org.springframework.web.reactive.result.method.annotation.RequestMappingMessageConversionIntegrationTests$Person]
12:33:05.298 [qtp1059375273-1657] DEBUG o.s.w.s.a.HttpWebHandlerAdapter - [19b72dd3] Completed 200 OK
12:33:05.298 [Test worker] DEBUG o.s.w.c.RestTemplate - Response 200 OK
12:33:05.298 [Test worker] DEBUG o.s.w.t.h.s.r.b.JettyHttpServer - Stopping JettyHttpServer...
12:33:05.299 [Test worker] INFO  o.e.j.s.h.ContextHandler - Stopped o.e.j.s.ServletContextHandler@11200bc9{/,null,UNAVAILABLE}
12:33:05.301 [Test worker] INFO  o.e.j.s.AbstractConnector - Stopped ServerConnector@3f2256aa{HTTP/1.1, (http/1.1)}{0.0.0.0:0}
12:33:05.301 [Test worker] DEBUG o.s.w.t.h.s.r.b.JettyHttpServer - Server stopped (0 millis).
12:33:05.377 [Test worker] DEBUG o.s.w.r.r.m.a.RequestMappingHandlerMapping - 39 mappings in 'requestMappingHandlerMapping'
12:33:05.405 [Test worker] DEBUG o.s.w.r.r.m.a.ControllerMethodResolver - ControllerAdvice beans: none
12:33:05.426 [Test worker] DEBUG o.s.w.s.a.HttpWebHandlerAdapter - enableLoggingRequestDetails='false': form data and headers will be masked to prevent unsafe logging of potentially sensitive data
12:33:05.426 [Test worker] DEBUG o.s.w.t.h.s.r.b.ReactorHttpServer - Starting ReactorHttpServer...
12:33:05.427 [Test worker] DEBUG o.s.w.t.h.s.r.b.ReactorHttpServer - Server started on port 52238(0 millis).
12:33:05.427 [Test worker] DEBUG o.s.w.c.RestTemplate - HTTP GET http://localhost:52238/person-response/mono-empty
12:33:05.428 [Test worker] DEBUG o.s.w.c.RestTemplate - Accept=[application/xml, text/xml, application/json, application/x-jackson-smile, application/*+xml, application/*+json]
12:33:05.430 [reactor-http-nio-2] DEBUG o.s.w.s.a.HttpWebHandlerAdapter - [ae8de9e3-59] HTTP GET "/person-response/mono-empty"
12:33:05.430 [reactor-http-nio-2] DEBUG o.s.w.r.r.m.a.RequestMappingHandlerMapping - [ae8de9e3-59] Mapped to org.springframework.web.reactive.result.method.annotation.RequestMappingMessageConversionIntegrationTests$PersonResponseBodyController#getMonoEmpty()
12:33:05.432 [reactor-http-nio-2] DEBUG o.s.w.r.r.m.a.ResponseBodyResultHandler - Using 'application/json' given [application/json] and supported [application/json, application/*+json, application/x-jackson-smile, application/*+x-jackson-smile, application/xml, text/xml, text/event-stream]
12:33:05.432 [reactor-http-nio-2] DEBUG o.s.w.r.r.m.a.ResponseBodyResultHandler - [ae8de9e3-59] 0..1 [org.springframework.web.reactive.result.method.annotation.RequestMappingMessageConversionIntegrationTests$Person]
12:33:05.432 [reactor-http-nio-2] DEBUG o.s.w.s.a.HttpWebHandlerAdapter - [ae8de9e3-59] Completed 200 OK
12:33:05.433 [Test worker] DEBUG o.s.w.c.RestTemplate - Response 200 OK
12:33:05.433 [Test worker] DEBUG o.s.w.c.RestTemplate - HTTP GET http://localhost:52238/person-response/mono-empty
12:33:05.433 [Test worker] DEBUG o.s.w.c.RestTemplate - Accept=[application/xml, text/xml, application/json, application/x-jackson-smile, application/*+xml, application/*+json]
12:33:05.434 [reactor-http-nio-2] DEBUG o.s.w.s.a.HttpWebHandlerAdapter - [ae8de9e3-60] HTTP GET "/person-response/mono-empty"
12:33:05.434 [reactor-http-nio-2] DEBUG o.s.w.r.r.m.a.RequestMappingHandlerMapping - [ae8de9e3-60] Mapped to org.springframework.web.reactive.result.method.annotation.RequestMappingMessageConversionIntegrationTests$PersonResponseBodyController#getMonoEmpty()
12:33:05.434 [reactor-http-nio-2] DEBUG o.s.w.r.r.m.a.ResponseBodyResultHandler - Using 'application/json' given [application/json] and supported [application/json, application/*+json, application/x-jackson-smile, application/*+x-jackson-smile, application/xml, text/xml, text/event-stream]
12:33:05.434 [reactor-http-nio-2] DEBUG o.s.w.r.r.m.a.ResponseBodyResultHandler - [ae8de9e3-60] 0..1 [org.springframework.web.reactive.result.method.annotation.RequestMappingMessageConversionIntegrationTests$Person]
12:33:05.435 [reactor-http-nio-2] DEBUG o.s.w.s.a.HttpWebHandlerAdapter - [ae8de9e3-60] Completed 200 OK
12:33:05.435 [Test worker] DEBUG o.s.w.c.RestTemplate - Response 200 OK
12:33:05.435 [Test worker] DEBUG o.s.w.t.h.s.r.b.ReactorHttpServer - Stopping ReactorHttpServer...
12:33:05.436 [Test worker] DEBUG o.s.w.t.h.s.r.b.ReactorHttpServer - Server stopped (0 millis).
12:33:05.491 [Test worker] DEBUG o.s.w.r.r.m.a.RequestMappingHandlerMapping - 39 mappings in 'requestMappingHandlerMapping'
12:33:05.515 [Test worker] DEBUG o.s.w.r.r.m.a.ControllerMethodResolver - ControllerAdvice beans: none
12:33:05.529 [Test worker] DEBUG o.s.w.s.a.HttpWebHandlerAdapter - enableLoggingRequestDetails='false': form data and headers will be masked to prevent unsafe logging of potentially sensitive data
12:33:05.530 [Test worker] DEBUG o.s.w.t.h.s.r.b.TomcatHttpServer - Starting TomcatHttpServer...
12:33:05.541 [Test worker] DEBUG o.s.w.t.h.s.r.b.TomcatHttpServer - Server started on port 52240(0 millis).
12:33:05.541 [Test worker] DEBUG o.s.w.c.RestTemplate - HTTP GET http://localhost:52240/person-response/mono-empty
12:33:05.544 [Test worker] DEBUG o.s.w.c.RestTemplate - Accept=[application/xml, text/xml, application/json, application/x-jackson-smile, application/*+xml, application/*+json]
12:33:05.550 [http-nio-auto-57-exec-1] DEBUG o.s.w.s.a.HttpWebHandlerAdapter - [79c2f356] HTTP GET "/person-response/mono-empty"
12:33:05.551 [http-nio-auto-57-exec-1] DEBUG o.s.w.r.r.m.a.RequestMappingHandlerMapping - [79c2f356] Mapped to org.springframework.web.reactive.result.method.annotation.RequestMappingMessageConversionIntegrationTests$PersonResponseBodyController#getMonoEmpty()
12:33:05.552 [http-nio-auto-57-exec-1] DEBUG o.s.w.r.r.m.a.ResponseBodyResultHandler - Using 'application/json' given [application/json] and supported [application/json, application/*+json, application/x-jackson-smile, application/*+x-jackson-smile, application/xml, text/xml, text/event-stream]
12:33:05.552 [http-nio-auto-57-exec-1] DEBUG o.s.w.r.r.m.a.ResponseBodyResultHandler - [79c2f356] 0..1 [org.springframework.web.reactive.result.method.annotation.RequestMappingMessageConversionIntegrationTests$Person]
12:33:05.552 [http-nio-auto-57-exec-1] DEBUG o.s.w.s.a.HttpWebHandlerAdapter - [79c2f356] Completed 200 OK
12:33:05.553 [Test worker] DEBUG o.s.w.c.RestTemplate - Response 200 OK
12:33:05.553 [Test worker] DEBUG o.s.w.c.RestTemplate - HTTP GET http://localhost:52240/person-response/mono-empty
12:33:05.553 [Test worker] DEBUG o.s.w.c.RestTemplate - Accept=[application/xml, text/xml, application/json, application/x-jackson-smile, application/*+xml, application/*+json]
12:33:05.554 [http-nio-auto-57-exec-1] DEBUG o.s.w.s.a.HttpWebHandlerAdapter - [5259cddc] HTTP GET "/person-response/mono-empty"
12:33:05.555 [http-nio-auto-57-exec-1] DEBUG o.s.w.r.r.m.a.RequestMappingHandlerMapping - [5259cddc] Mapped to org.springframework.web.reactive.result.method.annotation.RequestMappingMessageConversionIntegrationTests$PersonResponseBodyController#getMonoEmpty()
12:33:05.555 [http-nio-auto-57-exec-1] DEBUG o.s.w.r.r.m.a.ResponseBodyResultHandler - Using 'application/json' given [application/json] and supported [application/json, application/*+json, application/x-jackson-smile, application/*+x-jackson-smile, application/xml, text/xml, text/event-stream]
12:33:05.555 [http-nio-auto-57-exec-1] DEBUG o.s.w.r.r.m.a.ResponseBodyResultHandler - [5259cddc] 0..1 [org.springframework.web.reactive.result.method.annotation.RequestMappingMessageConversionIntegrationTests$Person]
12:33:05.555 [http-nio-auto-57-exec-1] DEBUG o.s.w.s.a.HttpWebHandlerAdapter - [5259cddc] Completed 200 OK
12:33:05.556 [Test worker] DEBUG o.s.w.c.RestTemplate - Response 200 OK
12:33:05.556 [Test worker] DEBUG o.s.w.t.h.s.r.b.TomcatHttpServer - Stopping TomcatHttpServer...
12:33:05.944 [Test worker] DEBUG o.s.w.t.h.s.r.b.TomcatHttpServer - Server stopped (0 millis).
12:33:06.101 [Test worker] DEBUG o.s.w.r.r.m.a.RequestMappingHandlerMapping - 39 mappings in 'requestMappingHandlerMapping'
12:33:06.167 [Test worker] DEBUG o.s.w.r.r.m.a.ControllerMethodResolver - ControllerAdvice beans: none
12:33:06.194 [Test worker] DEBUG o.s.w.s.a.HttpWebHandlerAdapter - enableLoggingRequestDetails='false': form data and headers will be masked to prevent unsafe logging of potentially sensitive data
12:33:06.194 [Test worker] DEBUG o.s.w.t.h.s.r.b.UndertowHttpServer - Starting UndertowHttpServer...
12:33:06.194 [Test worker] INFO  i.undertow - starting server: Undertow - 2.0.32.Final
12:33:06.202 [Test worker] DEBUG o.s.w.t.h.s.r.b.UndertowHttpServer - Server started on port 52257(0 millis).
12:33:06.202 [Test worker] DEBUG o.s.w.c.RestTemplate - HTTP GET http://localhost:52257/person-response/mono-empty
12:33:06.207 [Test worker] DEBUG o.s.w.c.RestTemplate - Accept=[application/xml, text/xml, application/json, application/x-jackson-smile, application/*+xml, application/*+json]
12:33:06.229 [XNIO-57 I/O-2] DEBUG o.s.w.s.a.HttpWebHandlerAdapter - [561930f0] HTTP GET "/person-response/mono-empty"
12:33:06.229 [XNIO-57 I/O-2] DEBUG o.s.w.r.r.m.a.RequestMappingHandlerMapping - [561930f0] Mapped to org.springframework.web.reactive.result.method.annotation.RequestMappingMessageConversionIntegrationTests$PersonResponseBodyController#getMonoEmpty()
12:33:06.230 [XNIO-57 I/O-2] DEBUG o.s.w.r.r.m.a.ResponseBodyResultHandler - Using 'application/json' given [application/json] and supported [application/json, application/*+json, application/x-jackson-smile, application/*+x-jackson-smile, application/xml, text/xml, text/event-stream]
12:33:06.230 [XNIO-57 I/O-2] DEBUG o.s.w.r.r.m.a.ResponseBodyResultHandler - [561930f0] 0..1 [org.springframework.web.reactive.result.method.annotation.RequestMappingMessageConversionIntegrationTests$Person]
12:33:06.231 [XNIO-57 I/O-2] DEBUG o.s.w.s.a.HttpWebHandlerAdapter - [561930f0] Completed 200 OK
12:33:06.231 [Test worker] DEBUG o.s.w.c.RestTemplate - Response 200 OK
12:33:06.231 [Test worker] DEBUG o.s.w.c.RestTemplate - HTTP GET http://localhost:52257/person-response/mono-empty
12:33:06.231 [Test worker] DEBUG o.s.w.c.RestTemplate - Accept=[application/xml, text/xml, application/json, application/x-jackson-smile, application/*+xml, application/*+json]
12:33:06.232 [XNIO-57 I/O-2] DEBUG o.s.w.s.a.HttpWebHandlerAdapter - [561930f0] HTTP GET "/person-response/mono-empty"
12:33:06.232 [XNIO-57 I/O-2] DEBUG o.s.w.r.r.m.a.RequestMappingHandlerMapping - [561930f0] Mapped to org.springframework.web.reactive.result.method.annotation.RequestMappingMessageConversionIntegrationTests$PersonResponseBodyController#getMonoEmpty()
12:33:06.232 [XNIO-57 I/O-2] DEBUG o.s.w.r.r.m.a.ResponseBodyResultHandler - Using 'application/json' given [application/json] and supported [application/json, application/*+json, application/x-jackson-smile, application/*+x-jackson-smile, application/xml, text/xml, text/event-stream]
12:33:06.232 [XNIO-57 I/O-2] DEBUG o.s.w.r.r.m.a.ResponseBodyResultHandler - [561930f0] 0..1 [org.springframework.web.reactive.result.method.annotation.RequestMappingMessageConversionIntegrationTests$Person]
12:33:06.233 [XNIO-57 I/O-2] DEBUG o.s.w.s.a.HttpWebHandlerAdapter - [561930f0] Completed 200 OK
12:33:06.233 [Test worker] DEBUG o.s.w.c.RestTemplate - Response 200 OK
12:33:06.233 [Test worker] DEBUG o.s.w.t.h.s.r.b.UndertowHttpServer - Stopping UndertowHttpServer...
12:33:06.233 [Test worker] INFO  i.undertow - stopping server: Undertow - 2.0.32.Final
12:33:06.236 [Test worker] DEBUG o.s.w.t.h.s.r.b.UndertowHttpServer - Server stopped (0 millis).
12:33:06.310 [Test worker] DEBUG o.s.w.r.r.m.a.RequestMappingHandlerMapping - 39 mappings in 'requestMappingHandlerMapping'
12:33:06.345 [Test worker] DEBUG o.s.w.r.r.m.a.ControllerMethodResolver - ControllerAdvice beans: none
12:33:06.362 [Test worker] DEBUG o.s.w.s.a.HttpWebHandlerAdapter - enableLoggingRequestDetails='false': form data and headers will be masked to prevent unsafe logging of potentially sensitive data
12:33:06.362 [Test worker] WARN  o.e.j.s.h.ContextHandler - Empty contextPath
12:33:06.363 [Test worker] INFO  o.e.j.s.h.ContextHandler - Started o.e.j.s.ServletContextHandler@47020c31{/,null,AVAILABLE}
12:33:06.363 [Test worker] DEBUG o.s.w.t.h.s.r.b.JettyHttpServer - Starting JettyHttpServer...
12:33:06.363 [Test worker] INFO  o.e.j.s.Server - jetty-9.4.31.v20200723; built: 2020-07-23T17:57:36.812Z; git: 450ba27947e13e66baa8cd1ce7e85a4461cacc1d; jvm 1.8.0_191-b12
12:33:06.366 [Test worker] INFO  o.e.j.s.AbstractConnector - Started ServerConnector@3e8021d6{HTTP/1.1, (http/1.1)}{0.0.0.0:52259}
12:33:06.367 [Test worker] INFO  o.e.j.s.Server - Started @274058ms
12:33:06.367 [Test worker] DEBUG o.s.w.t.h.s.r.b.JettyHttpServer - Server started on port 52259(0 millis).
12:33:06.367 [Test worker] DEBUG o.s.w.c.RestTemplate - HTTP GET http://localhost:52259/person-response/single
12:33:06.368 [Test worker] DEBUG o.s.w.c.RestTemplate - Accept=[application/xml, text/xml, application/json, application/x-jackson-smile, application/*+xml, application/*+json]
12:33:06.370 [qtp2041176938-1690] DEBUG o.s.w.s.a.HttpWebHandlerAdapter - [24d0217b] HTTP GET "/person-response/single"
12:33:06.370 [qtp2041176938-1690] DEBUG o.s.w.r.r.m.a.RequestMappingHandlerMapping - [24d0217b] Mapped to org.springframework.web.reactive.result.method.annotation.RequestMappingMessageConversionIntegrationTests$PersonResponseBodyController#getSingle()
12:33:06.372 [qtp2041176938-1690] DEBUG o.s.w.r.r.m.a.ResponseBodyResultHandler - Using 'application/json' given [application/json] and supported [application/json, application/*+json, application/x-jackson-smile, application/*+x-jackson-smile, application/xml, text/xml, text/event-stream]
12:33:06.372 [qtp2041176938-1690] DEBUG o.s.w.r.r.m.a.ResponseBodyResultHandler - [24d0217b] 0..1 [org.springframework.web.reactive.result.method.annotation.RequestMappingMessageConversionIntegrationTests$Person]
12:33:06.372 [qtp2041176938-1690] DEBUG o.s.h.c.j.Jackson2JsonEncoder - [24d0217b] Encoding [Person{name='Robert'}]
12:33:06.373 [Test worker] DEBUG o.s.w.c.RestTemplate - Response 200 OK
12:33:06.373 [qtp2041176938-1690] DEBUG o.s.w.s.a.HttpWebHandlerAdapter - [24d0217b] Completed 200 OK
12:33:06.373 [Test worker] DEBUG o.s.w.c.RestTemplate - Reading to [org.springframework.web.reactive.result.method.annotation.RequestMappingMessageConversionIntegrationTests$Person]
12:33:06.374 [Test worker] DEBUG o.s.w.t.h.s.r.b.JettyHttpServer - Stopping JettyHttpServer...
12:33:06.374 [Test worker] INFO  o.e.j.s.h.ContextHandler - Stopped o.e.j.s.ServletContextHandler@47020c31{/,null,UNAVAILABLE}
12:33:06.377 [Test worker] INFO  o.e.j.s.AbstractConnector - Stopped ServerConnector@3e8021d6{HTTP/1.1, (http/1.1)}{0.0.0.0:0}
12:33:06.377 [Test worker] DEBUG o.s.w.t.h.s.r.b.JettyHttpServer - Server stopped (0 millis).
12:33:06.427 [Test worker] DEBUG o.s.w.r.r.m.a.RequestMappingHandlerMapping - 39 mappings in 'requestMappingHandlerMapping'
12:33:06.453 [Test worker] DEBUG o.s.w.r.r.m.a.ControllerMethodResolver - ControllerAdvice beans: none
12:33:06.476 [Test worker] DEBUG o.s.w.s.a.HttpWebHandlerAdapter - enableLoggingRequestDetails='false': form data and headers will be masked to prevent unsafe logging of potentially sensitive data
12:33:06.477 [Test worker] DEBUG o.s.w.t.h.s.r.b.ReactorHttpServer - Starting ReactorHttpServer...
12:33:06.479 [Test worker] DEBUG o.s.w.t.h.s.r.b.ReactorHttpServer - Server started on port 52265(0 millis).
12:33:06.480 [Test worker] DEBUG o.s.w.c.RestTemplate - HTTP GET http://localhost:52265/person-response/single
12:33:06.482 [Test worker] DEBUG o.s.w.c.RestTemplate - Accept=[application/xml, text/xml, application/json, application/x-jackson-smile, application/*+xml, application/*+json]
12:33:06.484 [reactor-http-nio-4] DEBUG o.s.w.s.a.HttpWebHandlerAdapter - [bf9b3b9d-61] HTTP GET "/person-response/single"
12:33:06.485 [reactor-http-nio-4] DEBUG o.s.w.r.r.m.a.RequestMappingHandlerMapping - [bf9b3b9d-61] Mapped to org.springframework.web.reactive.result.method.annotation.RequestMappingMessageConversionIntegrationTests$PersonResponseBodyController#getSingle()
12:33:06.486 [reactor-http-nio-4] DEBUG o.s.w.r.r.m.a.ResponseBodyResultHandler - Using 'application/json' given [application/json] and supported [application/json, application/*+json, application/x-jackson-smile, application/*+x-jackson-smile, application/xml, text/xml, text/event-stream]
12:33:06.486 [reactor-http-nio-4] DEBUG o.s.w.r.r.m.a.ResponseBodyResultHandler - [bf9b3b9d-61] 0..1 [org.springframework.web.reactive.result.method.annotation.RequestMappingMessageConversionIntegrationTests$Person]
12:33:06.486 [reactor-http-nio-4] DEBUG o.s.h.c.j.Jackson2JsonEncoder - [bf9b3b9d-61] Encoding [Person{name='Robert'}]
12:33:06.488 [reactor-http-nio-4] DEBUG o.s.w.s.a.HttpWebHandlerAdapter - [bf9b3b9d-61] Completed 200 OK
12:33:06.493 [Test worker] DEBUG o.s.w.c.RestTemplate - Response 200 OK
12:33:06.493 [Test worker] DEBUG o.s.w.c.RestTemplate - Reading to [org.springframework.web.reactive.result.method.annotation.RequestMappingMessageConversionIntegrationTests$Person]
12:33:06.494 [Test worker] DEBUG o.s.w.t.h.s.r.b.ReactorHttpServer - Stopping ReactorHttpServer...
12:33:06.495 [Test worker] DEBUG o.s.w.t.h.s.r.b.ReactorHttpServer - Server stopped (0 millis).
12:33:06.577 [Test worker] DEBUG o.s.w.r.r.m.a.RequestMappingHandlerMapping - 39 mappings in 'requestMappingHandlerMapping'
12:33:06.595 [Test worker] DEBUG o.s.w.r.r.m.a.ControllerMethodResolver - ControllerAdvice beans: none
12:33:06.620 [Test worker] DEBUG o.s.w.s.a.HttpWebHandlerAdapter - enableLoggingRequestDetails='false': form data and headers will be masked to prevent unsafe logging of potentially sensitive data
12:33:06.621 [Test worker] DEBUG o.s.w.t.h.s.r.b.TomcatHttpServer - Starting TomcatHttpServer...
12:33:06.632 [Test worker] DEBUG o.s.w.t.h.s.r.b.TomcatHttpServer - Server started on port 52267(0 millis).
12:33:06.633 [Test worker] DEBUG o.s.w.c.RestTemplate - HTTP GET http://localhost:52267/person-response/single
12:33:06.634 [Test worker] DEBUG o.s.w.c.RestTemplate - Accept=[application/xml, text/xml, application/json, application/x-jackson-smile, application/*+xml, application/*+json]
12:33:06.639 [http-nio-auto-58-exec-1] DEBUG o.s.w.s.a.HttpWebHandlerAdapter - [526f50c7] HTTP GET "/person-response/single"
12:33:06.639 [http-nio-auto-58-exec-1] DEBUG o.s.w.r.r.m.a.RequestMappingHandlerMapping - [526f50c7] Mapped to org.springframework.web.reactive.result.method.annotation.RequestMappingMessageConversionIntegrationTests$PersonResponseBodyController#getSingle()
12:33:06.640 [http-nio-auto-58-exec-1] DEBUG o.s.w.r.r.m.a.ResponseBodyResultHandler - Using 'application/json' given [application/json] and supported [application/json, application/*+json, application/x-jackson-smile, application/*+x-jackson-smile, application/xml, text/xml, text/event-stream]
12:33:06.640 [http-nio-auto-58-exec-1] DEBUG o.s.w.r.r.m.a.ResponseBodyResultHandler - [526f50c7] 0..1 [org.springframework.web.reactive.result.method.annotation.RequestMappingMessageConversionIntegrationTests$Person]
12:33:06.641 [http-nio-auto-58-exec-1] DEBUG o.s.h.c.j.Jackson2JsonEncoder - [526f50c7] Encoding [Person{name='Robert'}]
12:33:06.641 [Test worker] DEBUG o.s.w.c.RestTemplate - Response 200 OK
12:33:06.641 [http-nio-auto-58-exec-1] DEBUG o.s.w.s.a.HttpWebHandlerAdapter - [526f50c7] Completed 200 OK
12:33:06.642 [Test worker] DEBUG o.s.w.c.RestTemplate - Reading to [org.springframework.web.reactive.result.method.annotation.RequestMappingMessageConversionIntegrationTests$Person]
12:33:06.642 [Test worker] DEBUG o.s.w.t.h.s.r.b.TomcatHttpServer - Stopping TomcatHttpServer...
12:33:07.110 [Test worker] DEBUG o.s.w.t.h.s.r.b.TomcatHttpServer - Server stopped (0 millis).
12:33:07.199 [Test worker] DEBUG o.s.w.r.r.m.a.RequestMappingHandlerMapping - 39 mappings in 'requestMappingHandlerMapping'
12:33:07.219 [Test worker] DEBUG o.s.w.r.r.m.a.ControllerMethodResolver - ControllerAdvice beans: none
12:33:07.235 [Test worker] DEBUG o.s.w.s.a.HttpWebHandlerAdapter - enableLoggingRequestDetails='false': form data and headers will be masked to prevent unsafe logging of potentially sensitive data
12:33:07.235 [Test worker] DEBUG o.s.w.t.h.s.r.b.UndertowHttpServer - Starting UndertowHttpServer...
12:33:07.235 [Test worker] INFO  i.undertow - starting server: Undertow - 2.0.32.Final
12:33:07.242 [Test worker] DEBUG o.s.w.t.h.s.r.b.UndertowHttpServer - Server started on port 52284(0 millis).
12:33:07.242 [Test worker] DEBUG o.s.w.c.RestTemplate - HTTP GET http://localhost:52284/person-response/single
12:33:07.243 [Test worker] DEBUG o.s.w.c.RestTemplate - Accept=[application/xml, text/xml, application/json, application/x-jackson-smile, application/*+xml, application/*+json]
12:33:07.245 [XNIO-58 I/O-2] DEBUG o.s.w.s.a.HttpWebHandlerAdapter - [9a53e76] HTTP GET "/person-response/single"
12:33:07.245 [XNIO-58 I/O-2] DEBUG o.s.w.r.r.m.a.RequestMappingHandlerMapping - [9a53e76] Mapped to org.springframework.web.reactive.result.method.annotation.RequestMappingMessageConversionIntegrationTests$PersonResponseBodyController#getSingle()
12:33:07.246 [XNIO-58 I/O-2] DEBUG o.s.w.r.r.m.a.ResponseBodyResultHandler - Using 'application/json' given [application/json] and supported [application/json, application/*+json, application/x-jackson-smile, application/*+x-jackson-smile, application/xml, text/xml, text/event-stream]
12:33:07.246 [XNIO-58 I/O-2] DEBUG o.s.w.r.r.m.a.ResponseBodyResultHandler - [9a53e76] 0..1 [org.springframework.web.reactive.result.method.annotation.RequestMappingMessageConversionIntegrationTests$Person]
12:33:07.246 [XNIO-58 I/O-2] DEBUG o.s.h.c.j.Jackson2JsonEncoder - [9a53e76] Encoding [Person{name='Robert'}]
12:33:07.247 [Test worker] DEBUG o.s.w.c.RestTemplate - Response 200 OK
12:33:07.247 [XNIO-58 I/O-2] DEBUG o.s.w.s.a.HttpWebHandlerAdapter - [9a53e76] Completed 200 OK
12:33:07.247 [Test worker] DEBUG o.s.w.c.RestTemplate - Reading to [org.springframework.web.reactive.result.method.annotation.RequestMappingMessageConversionIntegrationTests$Person]
12:33:07.248 [Test worker] DEBUG o.s.w.t.h.s.r.b.UndertowHttpServer - Stopping UndertowHttpServer...
12:33:07.248 [Test worker] INFO  i.undertow - stopping server: Undertow - 2.0.32.Final
12:33:07.249 [Test worker] DEBUG o.s.w.t.h.s.r.b.UndertowHttpServer - Server stopped (0 millis).
12:33:07.496 [Test worker] DEBUG o.s.w.r.r.m.a.RequestMappingHandlerMapping - 39 mappings in 'requestMappingHandlerMapping'
12:33:07.521 [Test worker] DEBUG o.s.w.r.r.m.a.ControllerMethodResolver - ControllerAdvice beans: none
12:33:07.609 [Test worker] DEBUG o.s.w.s.a.HttpWebHandlerAdapter - enableLoggingRequestDetails='false': form data and headers will be masked to prevent unsafe logging of potentially sensitive data
12:33:07.609 [Test worker] WARN  o.e.j.s.h.ContextHandler - Empty contextPath
12:33:07.610 [Test worker] INFO  o.e.j.s.h.ContextHandler - Started o.e.j.s.ServletContextHandler@79744c1{/,null,AVAILABLE}
12:33:07.617 [Test worker] DEBUG o.s.w.t.h.s.r.b.JettyHttpServer - Starting JettyHttpServer...
12:33:07.619 [Test worker] INFO  o.e.j.s.Server - jetty-9.4.31.v20200723; built: 2020-07-23T17:57:36.812Z; git: 450ba27947e13e66baa8cd1ce7e85a4461cacc1d; jvm 1.8.0_191-b12
12:33:07.653 [Test worker] INFO  o.e.j.s.AbstractConnector - Started ServerConnector@7ee1baa5{HTTP/1.1, (http/1.1)}{0.0.0.0:52286}
12:33:07.653 [Test worker] INFO  o.e.j.s.Server - Started @275344ms
12:33:07.653 [Test worker] DEBUG o.s.w.t.h.s.r.b.JettyHttpServer - Server started on port 52286(0 millis).
12:33:07.653 [Test worker] DEBUG o.s.w.c.RestTemplate - HTTP POST http://localhost:52286/23791
12:33:07.653 [Test worker] DEBUG o.s.w.c.RestTemplate - Accept=[text/plain, application/json, application/x-jackson-smile, application/*+json, */*]
12:33:07.653 [Test worker] DEBUG o.s.w.c.RestTemplate - Writing [Person{name='Robert'}] as "application/json"
12:33:07.659 [qtp1980142512-1718] DEBUG o.s.w.s.a.HttpWebHandlerAdapter - [3a7bf02] HTTP POST "/23791"
12:33:07.659 [qtp1980142512-1718] DEBUG o.s.w.r.r.m.a.RequestMappingHandlerMapping - [3a7bf02] Mapped to org.springframework.web.reactive.result.method.annotation.RequestMappingMessageConversionIntegrationTests$ConcreteController23791#test(Mono)
12:33:07.660 [qtp1980142512-1718] DEBUG o.s.w.r.r.m.a.RequestBodyMethodArgumentResolver - [3a7bf02] Content-Type:application/json;charset=UTF-8
12:33:07.663 [qtp1980142512-1718] DEBUG o.s.w.r.r.m.a.RequestBodyMethodArgumentResolver - [3a7bf02] 0..1 [org.springframework.web.reactive.result.method.annotation.RequestMappingMessageConversionIntegrationTests$Person]
12:33:07.665 [qtp1980142512-1718] DEBUG o.s.w.r.r.m.a.ResponseBodyResultHandler - Using 'text/plain;charset=UTF-8' given [text/plain, application/json, application/x-jackson-smile, application/*+json, */*] and supported [text/plain;charset=UTF-8, text/event-stream, text/plain;charset=UTF-8, */*]
12:33:07.665 [qtp1980142512-1718] DEBUG o.s.w.r.r.m.a.ResponseBodyResultHandler - [3a7bf02] 0..1 [java.lang.String]
12:33:07.669 [qtp1980142512-1718] DEBUG o.s.h.c.j.Jackson2JsonDecoder - [3a7bf02] Decoded [Person{name='Robert'}]
12:33:07.669 [qtp1980142512-1718] DEBUG o.s.c.c.CharSequenceEncoder - [3a7bf02] Writing "Person"
12:33:07.670 [Test worker] DEBUG o.s.w.c.RestTemplate - Response 200 OK
12:33:07.670 [Test worker] DEBUG o.s.w.c.RestTemplate - Reading to [java.lang.String] as "text/plain;charset=utf-8"
12:33:07.670 [Test worker] DEBUG o.s.w.t.h.s.r.b.JettyHttpServer - Stopping JettyHttpServer...
12:33:07.670 [Test worker] INFO  o.e.j.s.h.ContextHandler - Stopped o.e.j.s.ServletContextHandler@79744c1{/,null,UNAVAILABLE}
12:33:07.674 [Test worker] INFO  o.e.j.s.AbstractConnector - Stopped ServerConnector@7ee1baa5{HTTP/1.1, (http/1.1)}{0.0.0.0:0}
12:33:07.674 [qtp1980142512-1718] DEBUG o.s.w.s.a.HttpWebHandlerAdapter - [3a7bf02] Completed 200 OK
12:33:07.677 [Test worker] DEBUG o.s.w.t.h.s.r.b.JettyHttpServer - Server stopped (0 millis).
12:33:07.781 [Test worker] DEBUG o.s.w.r.r.m.a.RequestMappingHandlerMapping - 39 mappings in 'requestMappingHandlerMapping'
12:33:07.817 [Test worker] DEBUG o.s.w.r.r.m.a.ControllerMethodResolver - ControllerAdvice beans: none
12:33:07.860 [Test worker] DEBUG o.s.w.s.a.HttpWebHandlerAdapter - enableLoggingRequestDetails='false': form data and headers will be masked to prevent unsafe logging of potentially sensitive data
12:33:07.861 [Test worker] DEBUG o.s.w.t.h.s.r.b.ReactorHttpServer - Starting ReactorHttpServer...
12:33:07.862 [Test worker] DEBUG o.s.w.t.h.s.r.b.ReactorHttpServer - Server started on port 52293(0 millis).
12:33:07.863 [Test worker] DEBUG o.s.w.c.RestTemplate - HTTP POST http://localhost:52293/23791
12:33:07.863 [Test worker] DEBUG o.s.w.c.RestTemplate - Accept=[text/plain, application/json, application/x-jackson-smile, application/*+json, */*]
12:33:07.864 [Test worker] DEBUG o.s.w.c.RestTemplate - Writing [Person{name='Robert'}] as "application/json"
12:33:07.866 [reactor-http-nio-2] DEBUG o.s.w.s.a.HttpWebHandlerAdapter - [fef74d7e-62] HTTP POST "/23791"
12:33:07.866 [reactor-http-nio-2] DEBUG o.s.w.r.r.m.a.RequestMappingHandlerMapping - [fef74d7e-62] Mapped to org.springframework.web.reactive.result.method.annotation.RequestMappingMessageConversionIntegrationTests$ConcreteController23791#test(Mono)
12:33:07.867 [reactor-http-nio-2] DEBUG o.s.w.r.r.m.a.RequestBodyMethodArgumentResolver - [fef74d7e-62] Content-Type:application/json
12:33:07.869 [reactor-http-nio-2] DEBUG o.s.w.r.r.m.a.RequestBodyMethodArgumentResolver - [fef74d7e-62] 0..1 [org.springframework.web.reactive.result.method.annotation.RequestMappingMessageConversionIntegrationTests$Person]
12:33:07.870 [reactor-http-nio-2] DEBUG o.s.w.r.r.m.a.ResponseBodyResultHandler - Using 'text/plain;charset=UTF-8' given [text/plain, application/json, application/x-jackson-smile, application/*+json, */*] and supported [text/plain;charset=UTF-8, text/event-stream, text/plain;charset=UTF-8, */*]
12:33:07.870 [reactor-http-nio-2] DEBUG o.s.w.r.r.m.a.ResponseBodyResultHandler - [fef74d7e-62] 0..1 [java.lang.String]
12:33:07.872 [reactor-http-nio-2] DEBUG o.s.h.c.j.Jackson2JsonDecoder - [fef74d7e-62] Decoded [Person{name='Robert'}]
12:33:07.872 [reactor-http-nio-2] DEBUG o.s.c.c.CharSequenceEncoder - [fef74d7e-62] Writing "Person"
12:33:07.873 [Test worker] DEBUG o.s.w.c.RestTemplate - Response 200 OK
12:33:07.873 [reactor-http-nio-2] DEBUG o.s.w.s.a.HttpWebHandlerAdapter - [fef74d7e-62] Completed 200 OK
12:33:07.874 [Test worker] DEBUG o.s.w.c.RestTemplate - Reading to [java.lang.String] as "text/plain;charset=UTF-8"
12:33:07.874 [Test worker] DEBUG o.s.w.t.h.s.r.b.ReactorHttpServer - Stopping ReactorHttpServer...
12:33:07.874 [Test worker] DEBUG o.s.w.t.h.s.r.b.ReactorHttpServer - Server stopped (0 millis).
12:33:08.087 [Test worker] DEBUG o.s.w.r.r.m.a.RequestMappingHandlerMapping - 39 mappings in 'requestMappingHandlerMapping'
12:33:08.121 [Test worker] DEBUG o.s.w.r.r.m.a.ControllerMethodResolver - ControllerAdvice beans: none
12:33:08.165 [Test worker] DEBUG o.s.w.s.a.HttpWebHandlerAdapter - enableLoggingRequestDetails='false': form data and headers will be masked to prevent unsafe logging of potentially sensitive data
12:33:08.167 [Test worker] DEBUG o.s.w.t.h.s.r.b.TomcatHttpServer - Starting TomcatHttpServer...
12:33:08.182 [Test worker] DEBUG o.s.w.t.h.s.r.b.TomcatHttpServer - Server started on port 52295(0 millis).
12:33:08.182 [Test worker] DEBUG o.s.w.c.RestTemplate - HTTP POST http://localhost:52295/23791
12:33:08.182 [Test worker] DEBUG o.s.w.c.RestTemplate - Accept=[text/plain, application/json, application/x-jackson-smile, application/*+json, */*]
12:33:08.182 [Test worker] DEBUG o.s.w.c.RestTemplate - Writing [Person{name='Robert'}] as "application/json"
12:33:08.195 [http-nio-auto-59-exec-1] DEBUG o.s.w.s.a.HttpWebHandlerAdapter - [7c96301] HTTP POST "/23791"
12:33:08.195 [http-nio-auto-59-exec-1] DEBUG o.s.w.r.r.m.a.RequestMappingHandlerMapping - [7c96301] Mapped to org.springframework.web.reactive.result.method.annotation.RequestMappingMessageConversionIntegrationTests$ConcreteController23791#test(Mono)
12:33:08.196 [http-nio-auto-59-exec-1] DEBUG o.s.w.r.r.m.a.RequestBodyMethodArgumentResolver - [7c96301] Content-Type:application/json
12:33:08.197 [http-nio-auto-59-exec-1] DEBUG o.s.w.r.r.m.a.RequestBodyMethodArgumentResolver - [7c96301] 0..1 [org.springframework.web.reactive.result.method.annotation.RequestMappingMessageConversionIntegrationTests$Person]
12:33:08.197 [http-nio-auto-59-exec-1] DEBUG o.s.w.r.r.m.a.ResponseBodyResultHandler - Using 'text/plain;charset=UTF-8' given [text/plain, application/json, application/x-jackson-smile, application/*+json, */*] and supported [text/plain;charset=UTF-8, text/event-stream, text/plain;charset=UTF-8, */*]
12:33:08.197 [http-nio-auto-59-exec-1] DEBUG o.s.w.r.r.m.a.ResponseBodyResultHandler - [7c96301] 0..1 [java.lang.String]
12:33:08.198 [http-nio-auto-59-exec-1] DEBUG o.s.h.c.j.Jackson2JsonDecoder - [7c96301] Decoded [Person{name='Robert'}]
12:33:08.199 [http-nio-auto-59-exec-1] DEBUG o.s.c.c.CharSequenceEncoder - [7c96301] Writing "Person"
12:33:08.200 [http-nio-auto-59-exec-1] DEBUG o.s.w.s.a.HttpWebHandlerAdapter - [7c96301] Completed 200 OK
12:33:08.200 [Test worker] DEBUG o.s.w.c.RestTemplate - Response 200 OK
12:33:08.200 [Test worker] DEBUG o.s.w.c.RestTemplate - Reading to [java.lang.String] as "text/plain;charset=UTF-8"
12:33:08.200 [Test worker] DEBUG o.s.w.t.h.s.r.b.TomcatHttpServer - Stopping TomcatHttpServer...
12:33:08.584 [Test worker] DEBUG o.s.w.t.h.s.r.b.TomcatHttpServer - Server stopped (0 millis).
12:33:08.697 [Test worker] DEBUG o.s.w.r.r.m.a.RequestMappingHandlerMapping - 39 mappings in 'requestMappingHandlerMapping'
12:33:08.781 [Test worker] DEBUG o.s.w.r.r.m.a.ControllerMethodResolver - ControllerAdvice beans: none
12:33:08.814 [Test worker] DEBUG o.s.w.s.a.HttpWebHandlerAdapter - enableLoggingRequestDetails='false': form data and headers will be masked to prevent unsafe logging of potentially sensitive data
12:33:08.814 [Test worker] DEBUG o.s.w.t.h.s.r.b.UndertowHttpServer - Starting UndertowHttpServer...
12:33:08.814 [Test worker] INFO  i.undertow - starting server: Undertow - 2.0.32.Final
12:33:08.825 [Test worker] DEBUG o.s.w.t.h.s.r.b.UndertowHttpServer - Server started on port 52312(0 millis).
12:33:08.825 [Test worker] DEBUG o.s.w.c.RestTemplate - HTTP POST http://localhost:52312/23791
12:33:08.825 [Test worker] DEBUG o.s.w.c.RestTemplate - Accept=[text/plain, application/json, application/x-jackson-smile, application/*+json, */*]
12:33:08.826 [Test worker] DEBUG o.s.w.c.RestTemplate - Writing [Person{name='Robert'}] as "application/json"
12:33:08.861 [XNIO-59 I/O-2] DEBUG o.s.w.s.a.HttpWebHandlerAdapter - [1862e725] HTTP POST "/23791"
12:33:08.861 [XNIO-59 I/O-2] DEBUG o.s.w.r.r.m.a.RequestMappingHandlerMapping - [1862e725] Mapped to org.springframework.web.reactive.result.method.annotation.RequestMappingMessageConversionIntegrationTests$ConcreteController23791#test(Mono)
12:33:08.862 [XNIO-59 I/O-2] DEBUG o.s.w.r.r.m.a.RequestBodyMethodArgumentResolver - [1862e725] Content-Type:application/json
12:33:08.862 [XNIO-59 I/O-2] DEBUG o.s.w.r.r.m.a.RequestBodyMethodArgumentResolver - [1862e725] 0..1 [org.springframework.web.reactive.result.method.annotation.RequestMappingMessageConversionIntegrationTests$Person]
12:33:08.863 [XNIO-59 I/O-2] DEBUG o.s.w.r.r.m.a.ResponseBodyResultHandler - Using 'text/plain;charset=UTF-8' given [text/plain, application/json, application/x-jackson-smile, application/*+json, */*] and supported [text/plain;charset=UTF-8, text/event-stream, text/plain;charset=UTF-8, */*]
12:33:08.863 [XNIO-59 I/O-2] DEBUG o.s.w.r.r.m.a.ResponseBodyResultHandler - [1862e725] 0..1 [java.lang.String]
12:33:08.863 [XNIO-59 I/O-2] DEBUG o.s.h.c.j.Jackson2JsonDecoder - [1862e725] Decoded [Person{name='Robert'}]
12:33:08.864 [XNIO-59 I/O-2] DEBUG o.s.c.c.CharSequenceEncoder - [1862e725] Writing "Person"
12:33:08.864 [XNIO-59 I/O-2] DEBUG o.s.w.s.a.HttpWebHandlerAdapter - [1862e725] Completed 200 OK
12:33:08.864 [Test worker] DEBUG o.s.w.c.RestTemplate - Response 200 OK
12:33:08.865 [Test worker] DEBUG o.s.w.c.RestTemplate - Reading to [java.lang.String] as "text/plain;charset=UTF-8"
12:33:08.865 [Test worker] DEBUG o.s.w.t.h.s.r.b.UndertowHttpServer - Stopping UndertowHttpServer...
12:33:08.865 [Test worker] INFO  i.undertow - stopping server: Undertow - 2.0.32.Final
12:33:08.869 [Test worker] DEBUG o.s.w.t.h.s.r.b.UndertowHttpServer - Server stopped (0 millis).
12:33:08.980 [Test worker] DEBUG o.s.w.r.r.m.a.RequestMappingHandlerMapping - 39 mappings in 'requestMappingHandlerMapping'
12:33:09.044 [Test worker] DEBUG o.s.w.r.r.m.a.ControllerMethodResolver - ControllerAdvice beans: none
12:33:09.069 [Test worker] DEBUG o.s.w.s.a.HttpWebHandlerAdapter - enableLoggingRequestDetails='false': form data and headers will be masked to prevent unsafe logging of potentially sensitive data
12:33:09.070 [Test worker] WARN  o.e.j.s.h.ContextHandler - Empty contextPath
12:33:09.070 [Test worker] INFO  o.e.j.s.h.ContextHandler - Started o.e.j.s.ServletContextHandler@4dfd6ecf{/,null,AVAILABLE}
12:33:09.071 [Test worker] DEBUG o.s.w.t.h.s.r.b.JettyHttpServer - Starting JettyHttpServer...
12:33:09.071 [Test worker] INFO  o.e.j.s.Server - jetty-9.4.31.v20200723; built: 2020-07-23T17:57:36.812Z; git: 450ba27947e13e66baa8cd1ce7e85a4461cacc1d; jvm 1.8.0_191-b12
12:33:09.112 [Test worker] INFO  o.e.j.s.AbstractConnector - Started ServerConnector@72aa2a02{HTTP/1.1, (http/1.1)}{0.0.0.0:52314}
12:33:09.112 [Test worker] INFO  o.e.j.s.Server - Started @276802ms
12:33:09.112 [Test worker] DEBUG o.s.w.t.h.s.r.b.JettyHttpServer - Server started on port 52314(0 millis).
12:33:09.112 [Test worker] DEBUG o.s.w.c.RestTemplate - HTTP POST http://localhost:52314/person-create/flowable
12:33:09.112 [Test worker] DEBUG o.s.w.c.RestTemplate - Accept=[application/json, application/x-jackson-smile, application/*+json]
12:33:09.113 [Test worker] DEBUG o.s.w.c.RestTemplate - Writing [[Person{name='Robert'}, Person{name='Marie'}]] as "application/json"
12:33:09.127 [qtp1451348360-1747] DEBUG o.s.w.s.a.HttpWebHandlerAdapter - [247b556f] HTTP POST "/person-create/flowable"
12:33:09.127 [qtp1451348360-1747] DEBUG o.s.w.r.r.m.a.RequestMappingHandlerMapping - [247b556f] Mapped to org.springframework.web.reactive.result.method.annotation.RequestMappingMessageConversionIntegrationTests$PersonCreateController#createWithFlowable(Flowable)
12:33:09.133 [qtp1451348360-1747] DEBUG o.s.w.r.r.m.a.RequestBodyMethodArgumentResolver - [247b556f] Content-Type:application/json;charset=UTF-8
12:33:09.133 [qtp1451348360-1747] DEBUG o.s.w.r.r.m.a.RequestBodyMethodArgumentResolver - [247b556f] 0..N [org.springframework.web.reactive.result.method.annotation.RequestMappingMessageConversionIntegrationTests$Person]
12:33:09.135 [qtp1451348360-1747] DEBUG o.s.h.c.j.Jackson2JsonDecoder - [247b556f] Decoded [Person{name='Robert'}]
12:33:09.135 [qtp1451348360-1747] DEBUG o.s.h.c.j.Jackson2JsonDecoder - [247b556f] Decoded [Person{name='Marie'}]
12:33:09.135 [qtp1451348360-1747] DEBUG o.s.w.s.a.HttpWebHandlerAdapter - [247b556f] Completed 200 OK
12:33:09.136 [Test worker] DEBUG o.s.w.c.RestTemplate - Response 200 OK
12:33:09.136 [Test worker] DEBUG o.s.w.t.h.s.r.b.JettyHttpServer - Stopping JettyHttpServer...
12:33:09.136 [Test worker] INFO  o.e.j.s.h.ContextHandler - Stopped o.e.j.s.ServletContextHandler@4dfd6ecf{/,null,UNAVAILABLE}
12:33:09.139 [Test worker] INFO  o.e.j.s.AbstractConnector - Stopped ServerConnector@72aa2a02{HTTP/1.1, (http/1.1)}{0.0.0.0:0}
12:33:09.141 [Test worker] DEBUG o.s.w.t.h.s.r.b.JettyHttpServer - Server stopped (0 millis).
12:33:09.218 [Test worker] DEBUG o.s.w.r.r.m.a.RequestMappingHandlerMapping - 39 mappings in 'requestMappingHandlerMapping'
12:33:09.251 [Test worker] DEBUG o.s.w.r.r.m.a.ControllerMethodResolver - ControllerAdvice beans: none
12:33:09.277 [Test worker] DEBUG o.s.w.s.a.HttpWebHandlerAdapter - enableLoggingRequestDetails='false': form data and headers will be masked to prevent unsafe logging of potentially sensitive data
12:33:09.277 [Test worker] DEBUG o.s.w.t.h.s.r.b.ReactorHttpServer - Starting ReactorHttpServer...
12:33:09.279 [Test worker] DEBUG o.s.w.t.h.s.r.b.ReactorHttpServer - Server started on port 52320(0 millis).
12:33:09.279 [Test worker] DEBUG o.s.w.c.RestTemplate - HTTP POST http://localhost:52320/person-create/flowable
12:33:09.279 [Test worker] DEBUG o.s.w.c.RestTemplate - Accept=[application/json, application/x-jackson-smile, application/*+json]
12:33:09.280 [Test worker] DEBUG o.s.w.c.RestTemplate - Writing [[Person{name='Robert'}, Person{name='Marie'}]] as "application/json"
12:33:09.291 [reactor-http-nio-4] DEBUG o.s.w.s.a.HttpWebHandlerAdapter - [5f172bcb-63] HTTP POST "/person-create/flowable"
12:33:09.291 [reactor-http-nio-4] DEBUG o.s.w.r.r.m.a.RequestMappingHandlerMapping - [5f172bcb-63] Mapped to org.springframework.web.reactive.result.method.annotation.RequestMappingMessageConversionIntegrationTests$PersonCreateController#createWithFlowable(Flowable)
12:33:09.293 [reactor-http-nio-4] DEBUG o.s.w.r.r.m.a.RequestBodyMethodArgumentResolver - [5f172bcb-63] Content-Type:application/json
12:33:09.293 [reactor-http-nio-4] DEBUG o.s.w.r.r.m.a.RequestBodyMethodArgumentResolver - [5f172bcb-63] 0..N [org.springframework.web.reactive.result.method.annotation.RequestMappingMessageConversionIntegrationTests$Person]
12:33:09.295 [reactor-http-nio-4] DEBUG o.s.h.c.j.Jackson2JsonDecoder - [5f172bcb-63] Decoded [Person{name='Robert'}]
12:33:09.295 [reactor-http-nio-4] DEBUG o.s.h.c.j.Jackson2JsonDecoder - [5f172bcb-63] Decoded [Person{name='Marie'}]
12:33:09.296 [reactor-http-nio-4] DEBUG o.s.w.s.a.HttpWebHandlerAdapter - [5f172bcb-63] Completed 200 OK
12:33:09.297 [Test worker] DEBUG o.s.w.c.RestTemplate - Response 200 OK
12:33:09.298 [Test worker] DEBUG o.s.w.t.h.s.r.b.ReactorHttpServer - Stopping ReactorHttpServer...
12:33:09.301 [Test worker] DEBUG o.s.w.t.h.s.r.b.ReactorHttpServer - Server stopped (0 millis).
12:33:09.456 [Test worker] DEBUG o.s.w.r.r.m.a.RequestMappingHandlerMapping - 39 mappings in 'requestMappingHandlerMapping'
12:33:09.482 [Test worker] DEBUG o.s.w.r.r.m.a.ControllerMethodResolver - ControllerAdvice beans: none
12:33:09.511 [Test worker] DEBUG o.s.w.s.a.HttpWebHandlerAdapter - enableLoggingRequestDetails='false': form data and headers will be masked to prevent unsafe logging of potentially sensitive data
12:33:09.529 [Test worker] DEBUG o.s.w.t.h.s.r.b.TomcatHttpServer - Starting TomcatHttpServer...
12:33:09.543 [Test worker] DEBUG o.s.w.t.h.s.r.b.TomcatHttpServer - Server started on port 52322(0 millis).
12:33:09.544 [Test worker] DEBUG o.s.w.c.RestTemplate - HTTP POST http://localhost:52322/person-create/flowable
12:33:09.544 [Test worker] DEBUG o.s.w.c.RestTemplate - Accept=[application/json, application/x-jackson-smile, application/*+json]
12:33:09.544 [Test worker] DEBUG o.s.w.c.RestTemplate - Writing [[Person{name='Robert'}, Person{name='Marie'}]] as "application/json"
12:33:09.553 [http-nio-auto-60-exec-1] DEBUG o.s.w.s.a.HttpWebHandlerAdapter - [4c23261b] HTTP POST "/person-create/flowable"
12:33:09.553 [http-nio-auto-60-exec-1] DEBUG o.s.w.r.r.m.a.RequestMappingHandlerMapping - [4c23261b] Mapped to org.springframework.web.reactive.result.method.annotation.RequestMappingMessageConversionIntegrationTests$PersonCreateController#createWithFlowable(Flowable)
12:33:09.554 [http-nio-auto-60-exec-1] DEBUG o.s.w.r.r.m.a.RequestBodyMethodArgumentResolver - [4c23261b] Content-Type:application/json
12:33:09.555 [http-nio-auto-60-exec-1] DEBUG o.s.w.r.r.m.a.RequestBodyMethodArgumentResolver - [4c23261b] 0..N [org.springframework.web.reactive.result.method.annotation.RequestMappingMessageConversionIntegrationTests$Person]
12:33:09.555 [http-nio-auto-60-exec-1] DEBUG o.s.h.c.j.Jackson2JsonDecoder - [4c23261b] Decoded [Person{name='Robert'}]
12:33:09.555 [http-nio-auto-60-exec-1] DEBUG o.s.h.c.j.Jackson2JsonDecoder - [4c23261b] Decoded [Person{name='Marie'}]
12:33:09.556 [http-nio-auto-60-exec-1] DEBUG o.s.w.s.a.HttpWebHandlerAdapter - [4c23261b] Completed 200 OK
12:33:09.556 [Test worker] DEBUG o.s.w.c.RestTemplate - Response 200 OK
12:33:09.557 [Test worker] DEBUG o.s.w.t.h.s.r.b.TomcatHttpServer - Stopping TomcatHttpServer...
12:33:09.861 [Test worker] DEBUG o.s.w.t.h.s.r.b.TomcatHttpServer - Server stopped (0 millis).
12:33:09.969 [Test worker] DEBUG o.s.w.r.r.m.a.RequestMappingHandlerMapping - 39 mappings in 'requestMappingHandlerMapping'
12:33:10.008 [Test worker] DEBUG o.s.w.r.r.m.a.ControllerMethodResolver - ControllerAdvice beans: none
12:33:10.045 [Test worker] DEBUG o.s.w.s.a.HttpWebHandlerAdapter - enableLoggingRequestDetails='false': form data and headers will be masked to prevent unsafe logging of potentially sensitive data
12:33:10.045 [Test worker] DEBUG o.s.w.t.h.s.r.b.UndertowHttpServer - Starting UndertowHttpServer...
12:33:10.045 [Test worker] INFO  i.undertow - starting server: Undertow - 2.0.32.Final
12:33:10.072 [Test worker] DEBUG o.s.w.t.h.s.r.b.UndertowHttpServer - Server started on port 52339(0 millis).
12:33:10.073 [Test worker] DEBUG o.s.w.c.RestTemplate - HTTP POST http://localhost:52339/person-create/flowable
12:33:10.073 [Test worker] DEBUG o.s.w.c.RestTemplate - Accept=[application/json, application/x-jackson-smile, application/*+json]
12:33:10.074 [Test worker] DEBUG o.s.w.c.RestTemplate - Writing [[Person{name='Robert'}, Person{name='Marie'}]] as "application/json"
12:33:10.082 [XNIO-60 I/O-2] DEBUG o.s.w.s.a.HttpWebHandlerAdapter - [324c17a3] HTTP POST "/person-create/flowable"
12:33:10.083 [XNIO-60 I/O-2] DEBUG o.s.w.r.r.m.a.RequestMappingHandlerMapping - [324c17a3] Mapped to org.springframework.web.reactive.result.method.annotation.RequestMappingMessageConversionIntegrationTests$PersonCreateController#createWithFlowable(Flowable)
12:33:10.083 [XNIO-60 I/O-2] DEBUG o.s.w.r.r.m.a.RequestBodyMethodArgumentResolver - [324c17a3] Content-Type:application/json
12:33:10.084 [XNIO-60 I/O-2] DEBUG o.s.w.r.r.m.a.RequestBodyMethodArgumentResolver - [324c17a3] 0..N [org.springframework.web.reactive.result.method.annotation.RequestMappingMessageConversionIntegrationTests$Person]
12:33:10.084 [XNIO-60 I/O-2] DEBUG o.s.h.c.j.Jackson2JsonDecoder - [324c17a3] Decoded [Person{name='Robert'}]
12:33:10.084 [XNIO-60 I/O-2] DEBUG o.s.h.c.j.Jackson2JsonDecoder - [324c17a3] Decoded [Person{name='Marie'}]
12:33:10.085 [XNIO-60 I/O-2] DEBUG o.s.w.s.a.HttpWebHandlerAdapter - [324c17a3] Completed 200 OK
12:33:10.085 [Test worker] DEBUG o.s.w.c.RestTemplate - Response 200 OK
12:33:10.085 [Test worker] DEBUG o.s.w.t.h.s.r.b.UndertowHttpServer - Stopping UndertowHttpServer...
12:33:10.085 [Test worker] INFO  i.undertow - stopping server: Undertow - 2.0.32.Final
12:33:10.089 [Test worker] DEBUG o.s.w.t.h.s.r.b.UndertowHttpServer - Server stopped (0 millis).
12:33:10.200 [Test worker] DEBUG o.s.w.r.r.m.a.RequestMappingHandlerMapping - 39 mappings in 'requestMappingHandlerMapping'
12:33:10.230 [Test worker] DEBUG o.s.w.r.r.m.a.ControllerMethodResolver - ControllerAdvice beans: none
12:33:10.246 [Test worker] DEBUG o.s.w.s.a.HttpWebHandlerAdapter - enableLoggingRequestDetails='false': form data and headers will be masked to prevent unsafe logging of potentially sensitive data
12:33:10.246 [Test worker] WARN  o.e.j.s.h.ContextHandler - Empty contextPath
12:33:10.246 [Test worker] INFO  o.e.j.s.h.ContextHandler - Started o.e.j.s.ServletContextHandler@136e1902{/,null,AVAILABLE}
12:33:10.247 [Test worker] DEBUG o.s.w.t.h.s.r.b.JettyHttpServer - Starting JettyHttpServer...
12:33:10.247 [Test worker] INFO  o.e.j.s.Server - jetty-9.4.31.v20200723; built: 2020-07-23T17:57:36.812Z; git: 450ba27947e13e66baa8cd1ce7e85a4461cacc1d; jvm 1.8.0_191-b12
12:33:10.251 [Test worker] INFO  o.e.j.s.AbstractConnector - Started ServerConnector@4ee02513{HTTP/1.1, (http/1.1)}{0.0.0.0:52341}
12:33:10.251 [Test worker] INFO  o.e.j.s.Server - Started @277942ms
12:33:10.251 [Test worker] DEBUG o.s.w.t.h.s.r.b.JettyHttpServer - Server started on port 52341(0 millis).
12:33:10.251 [Test worker] DEBUG o.s.w.c.RestTemplate - HTTP POST http://localhost:52341/person-create/rxjava2-observable
12:33:10.251 [Test worker] DEBUG o.s.w.c.RestTemplate - Accept=[application/json, application/x-jackson-smile, application/*+json]
12:33:10.251 [Test worker] DEBUG o.s.w.c.RestTemplate - Writing [org.springframework.web.reactive.result.method.annotation.RequestMappingMessageConversionIntegrationTests$People@1171e0d0] as "application/xml"
12:33:10.258 [qtp892568764-1777] DEBUG o.s.w.s.a.HttpWebHandlerAdapter - [719f33c2] HTTP POST "/person-create/rxjava2-observable"
12:33:10.258 [qtp892568764-1777] DEBUG o.s.w.r.r.m.a.RequestMappingHandlerMapping - [719f33c2] Mapped to org.springframework.web.reactive.result.method.annotation.RequestMappingMessageConversionIntegrationTests$PersonCreateController#createWithRxJava2Observable(Observable)
12:33:10.259 [qtp892568764-1777] DEBUG o.s.w.r.r.m.a.RequestBodyMethodArgumentResolver - [719f33c2] Content-Type:application/xml
12:33:10.260 [qtp892568764-1777] DEBUG o.s.w.r.r.m.a.RequestBodyMethodArgumentResolver - [719f33c2] 0..N [org.springframework.web.reactive.result.method.annotation.RequestMappingMessageConversionIntegrationTests$Person]
12:33:10.265 [qtp892568764-1777] DEBUG o.s.h.c.x.Jaxb2XmlDecoder - [719f33c2] Decoded [Person{name='Robert'}]
12:33:10.265 [qtp892568764-1777] DEBUG o.s.h.c.x.Jaxb2XmlDecoder - [719f33c2] Decoded [Person{name='Marie'}]
12:33:10.265 [qtp892568764-1777] DEBUG o.s.w.s.a.HttpWebHandlerAdapter - [719f33c2] Completed 200 OK
12:33:10.266 [Test worker] DEBUG o.s.w.c.RestTemplate - Response 200 OK
12:33:10.266 [Test worker] DEBUG o.s.w.t.h.s.r.b.JettyHttpServer - Stopping JettyHttpServer...
12:33:10.266 [Test worker] INFO  o.e.j.s.h.ContextHandler - Stopped o.e.j.s.ServletContextHandler@136e1902{/,null,UNAVAILABLE}
12:33:10.268 [Test worker] INFO  o.e.j.s.AbstractConnector - Stopped ServerConnector@4ee02513{HTTP/1.1, (http/1.1)}{0.0.0.0:0}
12:33:10.269 [Test worker] DEBUG o.s.w.t.h.s.r.b.JettyHttpServer - Server stopped (0 millis).
12:33:10.342 [Test worker] DEBUG o.s.w.r.r.m.a.RequestMappingHandlerMapping - 39 mappings in 'requestMappingHandlerMapping'
12:33:10.370 [Test worker] DEBUG o.s.w.r.r.m.a.ControllerMethodResolver - ControllerAdvice beans: none
12:33:10.395 [Test worker] DEBUG o.s.w.s.a.HttpWebHandlerAdapter - enableLoggingRequestDetails='false': form data and headers will be masked to prevent unsafe logging of potentially sensitive data
12:33:10.396 [Test worker] DEBUG o.s.w.t.h.s.r.b.ReactorHttpServer - Starting ReactorHttpServer...
12:33:10.399 [Test worker] DEBUG o.s.w.t.h.s.r.b.ReactorHttpServer - Server started on port 52347(0 millis).
12:33:10.399 [Test worker] DEBUG o.s.w.c.RestTemplate - HTTP POST http://localhost:52347/person-create/rxjava2-observable
12:33:10.400 [Test worker] DEBUG o.s.w.c.RestTemplate - Accept=[application/json, application/x-jackson-smile, application/*+json]
12:33:10.400 [Test worker] DEBUG o.s.w.c.RestTemplate - Writing [org.springframework.web.reactive.result.method.annotation.RequestMappingMessageConversionIntegrationTests$People@1040978] as "application/xml"
12:33:10.408 [reactor-http-nio-2] DEBUG o.s.w.s.a.HttpWebHandlerAdapter - [d4c2f281-64] HTTP POST "/person-create/rxjava2-observable"
12:33:10.408 [reactor-http-nio-2] DEBUG o.s.w.r.r.m.a.RequestMappingHandlerMapping - [d4c2f281-64] Mapped to org.springframework.web.reactive.result.method.annotation.RequestMappingMessageConversionIntegrationTests$PersonCreateController#createWithRxJava2Observable(Observable)
12:33:10.408 [reactor-http-nio-2] DEBUG o.s.w.r.r.m.a.RequestBodyMethodArgumentResolver - [d4c2f281-64] Content-Type:application/xml
12:33:10.409 [reactor-http-nio-2] DEBUG o.s.w.r.r.m.a.RequestBodyMethodArgumentResolver - [d4c2f281-64] 0..N [org.springframework.web.reactive.result.method.annotation.RequestMappingMessageConversionIntegrationTests$Person]
12:33:10.413 [reactor-http-nio-2] DEBUG o.s.h.c.x.Jaxb2XmlDecoder - [d4c2f281-64] Decoded [Person{name='Robert'}]
12:33:10.413 [reactor-http-nio-2] DEBUG o.s.h.c.x.Jaxb2XmlDecoder - [d4c2f281-64] Decoded [Person{name='Marie'}]
12:33:10.413 [reactor-http-nio-2] DEBUG o.s.w.s.a.HttpWebHandlerAdapter - [d4c2f281-64] Completed 200 OK
12:33:10.414 [Test worker] DEBUG o.s.w.c.RestTemplate - Response 200 OK
12:33:10.414 [Test worker] DEBUG o.s.w.t.h.s.r.b.ReactorHttpServer - Stopping ReactorHttpServer...
12:33:10.415 [Test worker] DEBUG o.s.w.t.h.s.r.b.ReactorHttpServer - Server stopped (0 millis).
12:33:10.474 [Test worker] DEBUG o.s.w.r.r.m.a.RequestMappingHandlerMapping - 39 mappings in 'requestMappingHandlerMapping'
12:33:10.497 [Test worker] DEBUG o.s.w.r.r.m.a.ControllerMethodResolver - ControllerAdvice beans: none
12:33:10.518 [Test worker] DEBUG o.s.w.s.a.HttpWebHandlerAdapter - enableLoggingRequestDetails='false': form data and headers will be masked to prevent unsafe logging of potentially sensitive data
12:33:10.519 [Test worker] DEBUG o.s.w.t.h.s.r.b.TomcatHttpServer - Starting TomcatHttpServer...
12:33:10.531 [Test worker] DEBUG o.s.w.t.h.s.r.b.TomcatHttpServer - Server started on port 52349(0 millis).
12:33:10.531 [Test worker] DEBUG o.s.w.c.RestTemplate - HTTP POST http://localhost:52349/person-create/rxjava2-observable
12:33:10.532 [Test worker] DEBUG o.s.w.c.RestTemplate - Accept=[application/json, application/x-jackson-smile, application/*+json]
12:33:10.532 [Test worker] DEBUG o.s.w.c.RestTemplate - Writing [org.springframework.web.reactive.result.method.annotation.RequestMappingMessageConversionIntegrationTests$People@6add459] as "application/xml"
12:33:10.543 [http-nio-auto-61-exec-1] DEBUG o.s.w.s.a.HttpWebHandlerAdapter - [55a25988] HTTP POST "/person-create/rxjava2-observable"
12:33:10.544 [http-nio-auto-61-exec-1] DEBUG o.s.w.r.r.m.a.RequestMappingHandlerMapping - [55a25988] Mapped to org.springframework.web.reactive.result.method.annotation.RequestMappingMessageConversionIntegrationTests$PersonCreateController#createWithRxJava2Observable(Observable)
12:33:10.544 [http-nio-auto-61-exec-1] DEBUG o.s.w.r.r.m.a.RequestBodyMethodArgumentResolver - [55a25988] Content-Type:application/xml
12:33:10.545 [http-nio-auto-61-exec-1] DEBUG o.s.w.r.r.m.a.RequestBodyMethodArgumentResolver - [55a25988] 0..N [org.springframework.web.reactive.result.method.annotation.RequestMappingMessageConversionIntegrationTests$Person]
12:33:10.550 [http-nio-auto-61-exec-1] DEBUG o.s.h.c.x.Jaxb2XmlDecoder - [55a25988] Decoded [Person{name='Robert'}]
12:33:10.550 [http-nio-auto-61-exec-1] DEBUG o.s.h.c.x.Jaxb2XmlDecoder - [55a25988] Decoded [Person{name='Marie'}]
12:33:10.550 [http-nio-auto-61-exec-1] DEBUG o.s.w.s.a.HttpWebHandlerAdapter - [55a25988] Completed 200 OK
12:33:10.551 [Test worker] DEBUG o.s.w.c.RestTemplate - Response 200 OK
12:33:10.551 [Test worker] DEBUG o.s.w.t.h.s.r.b.TomcatHttpServer - Stopping TomcatHttpServer...
12:33:10.904 [Test worker] DEBUG o.s.w.t.h.s.r.b.TomcatHttpServer - Server stopped (0 millis).
12:33:11.134 [Test worker] DEBUG o.s.w.r.r.m.a.RequestMappingHandlerMapping - 39 mappings in 'requestMappingHandlerMapping'
12:33:11.163 [Test worker] DEBUG o.s.w.r.r.m.a.ControllerMethodResolver - ControllerAdvice beans: none
12:33:11.194 [Test worker] DEBUG o.s.w.s.a.HttpWebHandlerAdapter - enableLoggingRequestDetails='false': form data and headers will be masked to prevent unsafe logging of potentially sensitive data
12:33:11.195 [Test worker] DEBUG o.s.w.t.h.s.r.b.UndertowHttpServer - Starting UndertowHttpServer...
12:33:11.195 [Test worker] INFO  i.undertow - starting server: Undertow - 2.0.32.Final
12:33:11.204 [Test worker] DEBUG o.s.w.t.h.s.r.b.UndertowHttpServer - Server started on port 52366(0 millis).
12:33:11.204 [Test worker] DEBUG o.s.w.c.RestTemplate - HTTP POST http://localhost:52366/person-create/rxjava2-observable
12:33:11.204 [Test worker] DEBUG o.s.w.c.RestTemplate - Accept=[application/json, application/x-jackson-smile, application/*+json]
12:33:11.204 [Test worker] DEBUG o.s.w.c.RestTemplate - Writing [org.springframework.web.reactive.result.method.annotation.RequestMappingMessageConversionIntegrationTests$People@1785d0cb] as "application/xml"
12:33:11.224 [XNIO-61 I/O-2] DEBUG o.s.w.s.a.HttpWebHandlerAdapter - [7e587e36] HTTP POST "/person-create/rxjava2-observable"
12:33:11.224 [XNIO-61 I/O-2] DEBUG o.s.w.r.r.m.a.RequestMappingHandlerMapping - [7e587e36] Mapped to org.springframework.web.reactive.result.method.annotation.RequestMappingMessageConversionIntegrationTests$PersonCreateController#createWithRxJava2Observable(Observable)
12:33:11.225 [XNIO-61 I/O-2] DEBUG o.s.w.r.r.m.a.RequestBodyMethodArgumentResolver - [7e587e36] Content-Type:application/xml
12:33:11.225 [XNIO-61 I/O-2] DEBUG o.s.w.r.r.m.a.RequestBodyMethodArgumentResolver - [7e587e36] 0..N [org.springframework.web.reactive.result.method.annotation.RequestMappingMessageConversionIntegrationTests$Person]
12:33:11.230 [XNIO-61 I/O-2] DEBUG o.s.h.c.x.Jaxb2XmlDecoder - [7e587e36] Decoded [Person{name='Robert'}]
12:33:11.230 [XNIO-61 I/O-2] DEBUG o.s.h.c.x.Jaxb2XmlDecoder - [7e587e36] Decoded [Person{name='Marie'}]
12:33:11.230 [XNIO-61 I/O-2] DEBUG o.s.w.s.a.HttpWebHandlerAdapter - [7e587e36] Completed 200 OK
12:33:11.231 [Test worker] DEBUG o.s.w.c.RestTemplate - Response 200 OK
12:33:11.231 [Test worker] DEBUG o.s.w.t.h.s.r.b.UndertowHttpServer - Stopping UndertowHttpServer...
12:33:11.231 [Test worker] INFO  i.undertow - stopping server: Undertow - 2.0.32.Final
12:33:11.234 [Test worker] DEBUG o.s.w.t.h.s.r.b.UndertowHttpServer - Server stopped (0 millis).
12:33:11.314 [Test worker] DEBUG o.s.w.r.r.m.a.RequestMappingHandlerMapping - 39 mappings in 'requestMappingHandlerMapping'
12:33:11.356 [Test worker] DEBUG o.s.w.r.r.m.a.ControllerMethodResolver - ControllerAdvice beans: none
12:33:11.382 [Test worker] DEBUG o.s.w.s.a.HttpWebHandlerAdapter - enableLoggingRequestDetails='false': form data and headers will be masked to prevent unsafe logging of potentially sensitive data
12:33:11.383 [Test worker] WARN  o.e.j.s.h.ContextHandler - Empty contextPath
12:33:11.383 [Test worker] INFO  o.e.j.s.h.ContextHandler - Started o.e.j.s.ServletContextHandler@4183da2a{/,null,AVAILABLE}
12:33:11.383 [Test worker] DEBUG o.s.w.t.h.s.r.b.JettyHttpServer - Starting JettyHttpServer...
12:33:11.384 [Test worker] INFO  o.e.j.s.Server - jetty-9.4.31.v20200723; built: 2020-07-23T17:57:36.812Z; git: 450ba27947e13e66baa8cd1ce7e85a4461cacc1d; jvm 1.8.0_191-b12
12:33:11.419 [Test worker] INFO  o.e.j.s.AbstractConnector - Started ServerConnector@4469d003{HTTP/1.1, (http/1.1)}{0.0.0.0:52368}
12:33:11.419 [Test worker] INFO  o.e.j.s.Server - Started @279110ms
12:33:11.419 [Test worker] DEBUG o.s.w.t.h.s.r.b.JettyHttpServer - Server started on port 52368(0 millis).
12:33:11.419 [Test worker] DEBUG o.s.w.c.RestTemplate - HTTP POST http://localhost:52368/person-transform/rxjava2-maybe
12:33:11.420 [Test worker] DEBUG o.s.w.c.RestTemplate - Accept=[application/xml, text/xml, application/json, application/x-jackson-smile, application/*+xml, application/*+json]
12:33:11.420 [Test worker] DEBUG o.s.w.c.RestTemplate - Writing [Person{name='Robert'}] as "application/json"
12:33:11.428 [qtp1440219940-1806] DEBUG o.s.w.s.a.HttpWebHandlerAdapter - [1878412] HTTP POST "/person-transform/rxjava2-maybe"
12:33:11.428 [qtp1440219940-1806] DEBUG o.s.w.r.r.m.a.RequestMappingHandlerMapping - [1878412] Mapped to org.springframework.web.reactive.result.method.annotation.RequestMappingMessageConversionIntegrationTests$PersonTransformationController#transformRxJava2Maybe(Maybe)
12:33:11.429 [qtp1440219940-1806] DEBUG o.s.w.r.r.m.a.RequestBodyMethodArgumentResolver - [1878412] Content-Type:application/json;charset=UTF-8
12:33:11.430 [qtp1440219940-1806] DEBUG o.s.w.r.r.m.a.RequestBodyMethodArgumentResolver - [1878412] 0..1 [org.springframework.web.reactive.result.method.annotation.RequestMappingMessageConversionIntegrationTests$Person]
12:33:11.431 [qtp1440219940-1806] DEBUG o.s.w.r.r.m.a.ResponseBodyResultHandler - Using 'application/json' given [application/json] and supported [application/json, application/*+json, application/x-jackson-smile, application/*+x-jackson-smile, application/xml, text/xml, text/event-stream]
12:33:11.431 [qtp1440219940-1806] DEBUG o.s.w.r.r.m.a.ResponseBodyResultHandler - [1878412] 0..1 [org.springframework.web.reactive.result.method.annotation.RequestMappingMessageConversionIntegrationTests$Person]
12:33:11.433 [qtp1440219940-1806] DEBUG o.s.h.c.j.Jackson2JsonDecoder - [1878412] Decoded [Person{name='Robert'}]
12:33:11.433 [qtp1440219940-1806] DEBUG o.s.h.c.j.Jackson2JsonEncoder - [1878412] Encoding [Person{name='ROBERT'}]
12:33:11.434 [Test worker] DEBUG o.s.w.c.RestTemplate - Response 200 OK
12:33:11.434 [Test worker] DEBUG o.s.w.c.RestTemplate - Reading to [org.springframework.web.reactive.result.method.annotation.RequestMappingMessageConversionIntegrationTests$Person]
12:33:11.435 [Test worker] DEBUG o.s.w.t.h.s.r.b.JettyHttpServer - Stopping JettyHttpServer...
12:33:11.435 [Test worker] INFO  o.e.j.s.h.ContextHandler - Stopped o.e.j.s.ServletContextHandler@4183da2a{/,null,UNAVAILABLE}
12:33:11.435 [qtp1440219940-1806] DEBUG o.s.w.s.a.HttpWebHandlerAdapter - [1878412] Completed 200 OK
12:33:11.438 [Test worker] INFO  o.e.j.s.AbstractConnector - Stopped ServerConnector@4469d003{HTTP/1.1, (http/1.1)}{0.0.0.0:0}
12:33:11.439 [Test worker] DEBUG o.s.w.t.h.s.r.b.JettyHttpServer - Server stopped (0 millis).
12:33:11.590 [Test worker] DEBUG o.s.w.r.r.m.a.RequestMappingHandlerMapping - 39 mappings in 'requestMappingHandlerMapping'
12:33:11.658 [Test worker] DEBUG o.s.w.r.r.m.a.ControllerMethodResolver - ControllerAdvice beans: none
12:33:11.683 [Test worker] DEBUG o.s.w.s.a.HttpWebHandlerAdapter - enableLoggingRequestDetails='false': form data and headers will be masked to prevent unsafe logging of potentially sensitive data
12:33:11.683 [Test worker] DEBUG o.s.w.t.h.s.r.b.ReactorHttpServer - Starting ReactorHttpServer...
12:33:11.684 [Test worker] DEBUG o.s.w.t.h.s.r.b.ReactorHttpServer - Server started on port 52374(0 millis).
12:33:11.685 [Test worker] DEBUG o.s.w.c.RestTemplate - HTTP POST http://localhost:52374/person-transform/rxjava2-maybe
12:33:11.686 [Test worker] DEBUG o.s.w.c.RestTemplate - Accept=[application/xml, text/xml, application/json, application/x-jackson-smile, application/*+xml, application/*+json]
12:33:11.687 [Test worker] DEBUG o.s.w.c.RestTemplate - Writing [Person{name='Robert'}] as "application/json"
12:33:11.691 [reactor-http-nio-4] DEBUG o.s.w.s.a.HttpWebHandlerAdapter - [e957fcc5-65] HTTP POST "/person-transform/rxjava2-maybe"
12:33:11.691 [reactor-http-nio-4] DEBUG o.s.w.r.r.m.a.RequestMappingHandlerMapping - [e957fcc5-65] Mapped to org.springframework.web.reactive.result.method.annotation.RequestMappingMessageConversionIntegrationTests$PersonTransformationController#transformRxJava2Maybe(Maybe)
12:33:11.692 [reactor-http-nio-4] DEBUG o.s.w.r.r.m.a.RequestBodyMethodArgumentResolver - [e957fcc5-65] Content-Type:application/json
12:33:11.693 [reactor-http-nio-4] DEBUG o.s.w.r.r.m.a.RequestBodyMethodArgumentResolver - [e957fcc5-65] 0..1 [org.springframework.web.reactive.result.method.annotation.RequestMappingMessageConversionIntegrationTests$Person]
12:33:11.694 [reactor-http-nio-4] DEBUG o.s.w.r.r.m.a.ResponseBodyResultHandler - Using 'application/json' given [application/json] and supported [application/json, application/*+json, application/x-jackson-smile, application/*+x-jackson-smile, application/xml, text/xml, text/event-stream]
12:33:11.694 [reactor-http-nio-4] DEBUG o.s.w.r.r.m.a.ResponseBodyResultHandler - [e957fcc5-65] 0..1 [org.springframework.web.reactive.result.method.annotation.RequestMappingMessageConversionIntegrationTests$Person]
12:33:11.696 [reactor-http-nio-4] DEBUG o.s.h.c.j.Jackson2JsonDecoder - [e957fcc5-65] Decoded [Person{name='Robert'}]
12:33:11.696 [reactor-http-nio-4] DEBUG o.s.h.c.j.Jackson2JsonEncoder - [e957fcc5-65] Encoding [Person{name='ROBERT'}]
12:33:11.698 [reactor-http-nio-4] DEBUG o.s.w.s.a.HttpWebHandlerAdapter - [e957fcc5-65] Completed 200 OK
12:33:11.699 [Test worker] DEBUG o.s.w.c.RestTemplate - Response 200 OK
12:33:11.700 [Test worker] DEBUG o.s.w.c.RestTemplate - Reading to [org.springframework.web.reactive.result.method.annotation.RequestMappingMessageConversionIntegrationTests$Person]
12:33:11.700 [Test worker] DEBUG o.s.w.t.h.s.r.b.ReactorHttpServer - Stopping ReactorHttpServer...
12:33:11.718 [Test worker] DEBUG o.s.w.t.h.s.r.b.ReactorHttpServer - Server stopped (0 millis).
12:33:11.864 [Test worker] DEBUG o.s.w.r.r.m.a.RequestMappingHandlerMapping - 39 mappings in 'requestMappingHandlerMapping'
12:33:11.902 [Test worker] DEBUG o.s.w.r.r.m.a.ControllerMethodResolver - ControllerAdvice beans: none
12:33:11.931 [Test worker] DEBUG o.s.w.s.a.HttpWebHandlerAdapter - enableLoggingRequestDetails='false': form data and headers will be masked to prevent unsafe logging of potentially sensitive data
12:33:11.932 [Test worker] DEBUG o.s.w.t.h.s.r.b.TomcatHttpServer - Starting TomcatHttpServer...
12:33:11.971 [Test worker] DEBUG o.s.w.t.h.s.r.b.TomcatHttpServer - Server started on port 52376(0 millis).
12:33:11.971 [Test worker] DEBUG o.s.w.c.RestTemplate - HTTP POST http://localhost:52376/person-transform/rxjava2-maybe
12:33:11.972 [Test worker] DEBUG o.s.w.c.RestTemplate - Accept=[application/xml, text/xml, application/json, application/x-jackson-smile, application/*+xml, application/*+json]
12:33:11.973 [Test worker] DEBUG o.s.w.c.RestTemplate - Writing [Person{name='Robert'}] as "application/json"
12:33:11.986 [http-nio-auto-62-exec-1] DEBUG o.s.w.s.a.HttpWebHandlerAdapter - [783e0bab] HTTP POST "/person-transform/rxjava2-maybe"
12:33:11.988 [http-nio-auto-62-exec-1] DEBUG o.s.w.r.r.m.a.RequestMappingHandlerMapping - [783e0bab] Mapped to org.springframework.web.reactive.result.method.annotation.RequestMappingMessageConversionIntegrationTests$PersonTransformationController#transformRxJava2Maybe(Maybe)
12:33:11.988 [http-nio-auto-62-exec-1] DEBUG o.s.w.r.r.m.a.RequestBodyMethodArgumentResolver - [783e0bab] Content-Type:application/json
12:33:11.989 [http-nio-auto-62-exec-1] DEBUG o.s.w.r.r.m.a.RequestBodyMethodArgumentResolver - [783e0bab] 0..1 [org.springframework.web.reactive.result.method.annotation.RequestMappingMessageConversionIntegrationTests$Person]
12:33:11.990 [http-nio-auto-62-exec-1] DEBUG o.s.w.r.r.m.a.ResponseBodyResultHandler - Using 'application/json' given [application/json] and supported [application/json, application/*+json, application/x-jackson-smile, application/*+x-jackson-smile, application/xml, text/xml, text/event-stream]
12:33:11.990 [http-nio-auto-62-exec-1] DEBUG o.s.w.r.r.m.a.ResponseBodyResultHandler - [783e0bab] 0..1 [org.springframework.web.reactive.result.method.annotation.RequestMappingMessageConversionIntegrationTests$Person]
12:33:11.991 [http-nio-auto-62-exec-1] DEBUG o.s.h.c.j.Jackson2JsonDecoder - [783e0bab] Decoded [Person{name='Robert'}]
12:33:11.991 [http-nio-auto-62-exec-1] DEBUG o.s.h.c.j.Jackson2JsonEncoder - [783e0bab] Encoding [Person{name='ROBERT'}]
12:33:11.992 [Test worker] DEBUG o.s.w.c.RestTemplate - Response 200 OK
12:33:11.992 [Test worker] DEBUG o.s.w.c.RestTemplate - Reading to [org.springframework.web.reactive.result.method.annotation.RequestMappingMessageConversionIntegrationTests$Person]
12:33:11.993 [Test worker] DEBUG o.s.w.t.h.s.r.b.TomcatHttpServer - Stopping TomcatHttpServer...
12:33:11.995 [http-nio-auto-62-exec-1] DEBUG o.s.w.s.a.HttpWebHandlerAdapter - [783e0bab] Completed 200 OK
12:33:12.299 [Test worker] DEBUG o.s.w.t.h.s.r.b.TomcatHttpServer - Server stopped (0 millis).
12:33:12.376 [Test worker] DEBUG o.s.w.r.r.m.a.RequestMappingHandlerMapping - 39 mappings in 'requestMappingHandlerMapping'
12:33:12.394 [Test worker] DEBUG o.s.w.r.r.m.a.ControllerMethodResolver - ControllerAdvice beans: none
12:33:12.411 [Test worker] DEBUG o.s.w.s.a.HttpWebHandlerAdapter - enableLoggingRequestDetails='false': form data and headers will be masked to prevent unsafe logging of potentially sensitive data
12:33:12.411 [Test worker] DEBUG o.s.w.t.h.s.r.b.UndertowHttpServer - Starting UndertowHttpServer...
12:33:12.411 [Test worker] INFO  i.undertow - starting server: Undertow - 2.0.32.Final
12:33:12.417 [Test worker] DEBUG o.s.w.t.h.s.r.b.UndertowHttpServer - Server started on port 52393(0 millis).
12:33:12.417 [Test worker] DEBUG o.s.w.c.RestTemplate - HTTP POST http://localhost:52393/person-transform/rxjava2-maybe
12:33:12.418 [Test worker] DEBUG o.s.w.c.RestTemplate - Accept=[application/xml, text/xml, application/json, application/x-jackson-smile, application/*+xml, application/*+json]
12:33:12.418 [Test worker] DEBUG o.s.w.c.RestTemplate - Writing [Person{name='Robert'}] as "application/json"
12:33:12.420 [XNIO-62 I/O-2] DEBUG o.s.w.s.a.HttpWebHandlerAdapter - [352ad058] HTTP POST "/person-transform/rxjava2-maybe"
12:33:12.421 [XNIO-62 I/O-2] DEBUG o.s.w.r.r.m.a.RequestMappingHandlerMapping - [352ad058] Mapped to org.springframework.web.reactive.result.method.annotation.RequestMappingMessageConversionIntegrationTests$PersonTransformationController#transformRxJava2Maybe(Maybe)
12:33:12.421 [XNIO-62 I/O-2] DEBUG o.s.w.r.r.m.a.RequestBodyMethodArgumentResolver - [352ad058] Content-Type:application/json
12:33:12.422 [XNIO-62 I/O-2] DEBUG o.s.w.r.r.m.a.RequestBodyMethodArgumentResolver - [352ad058] 0..1 [org.springframework.web.reactive.result.method.annotation.RequestMappingMessageConversionIntegrationTests$Person]
12:33:12.423 [XNIO-62 I/O-2] DEBUG o.s.w.r.r.m.a.ResponseBodyResultHandler - Using 'application/json' given [application/json] and supported [application/json, application/*+json, application/x-jackson-smile, application/*+x-jackson-smile, application/xml, text/xml, text/event-stream]
12:33:12.423 [XNIO-62 I/O-2] DEBUG o.s.w.r.r.m.a.ResponseBodyResultHandler - [352ad058] 0..1 [org.springframework.web.reactive.result.method.annotation.RequestMappingMessageConversionIntegrationTests$Person]
12:33:12.423 [XNIO-62 I/O-2] DEBUG o.s.h.c.j.Jackson2JsonDecoder - [352ad058] Decoded [Person{name='Robert'}]
12:33:12.424 [XNIO-62 I/O-2] DEBUG o.s.h.c.j.Jackson2JsonEncoder - [352ad058] Encoding [Person{name='ROBERT'}]
12:33:12.424 [Test worker] DEBUG o.s.w.c.RestTemplate - Response 200 OK
12:33:12.424 [XNIO-62 I/O-2] DEBUG o.s.w.s.a.HttpWebHandlerAdapter - [352ad058] Completed 200 OK
12:33:12.424 [Test worker] DEBUG o.s.w.c.RestTemplate - Reading to [org.springframework.web.reactive.result.method.annotation.RequestMappingMessageConversionIntegrationTests$Person]
12:33:12.425 [Test worker] DEBUG o.s.w.t.h.s.r.b.UndertowHttpServer - Stopping UndertowHttpServer...
12:33:12.425 [Test worker] INFO  i.undertow - stopping server: Undertow - 2.0.32.Final
12:33:12.426 [Test worker] DEBUG o.s.w.t.h.s.r.b.UndertowHttpServer - Server stopped (0 millis).
12:33:12.505 [Test worker] DEBUG o.s.w.r.r.m.a.RequestMappingHandlerMapping - 39 mappings in 'requestMappingHandlerMapping'
12:33:12.524 [Test worker] DEBUG o.s.w.r.r.m.a.ControllerMethodResolver - ControllerAdvice beans: none
12:33:12.543 [Test worker] DEBUG o.s.w.s.a.HttpWebHandlerAdapter - enableLoggingRequestDetails='false': form data and headers will be masked to prevent unsafe logging of potentially sensitive data
12:33:12.544 [Test worker] WARN  o.e.j.s.h.ContextHandler - Empty contextPath
12:33:12.544 [Test worker] INFO  o.e.j.s.h.ContextHandler - Started o.e.j.s.ServletContextHandler@4a6625c5{/,null,AVAILABLE}
12:33:12.544 [Test worker] DEBUG o.s.w.t.h.s.r.b.JettyHttpServer - Starting JettyHttpServer...
12:33:12.544 [Test worker] INFO  o.e.j.s.Server - jetty-9.4.31.v20200723; built: 2020-07-23T17:57:36.812Z; git: 450ba27947e13e66baa8cd1ce7e85a4461cacc1d; jvm 1.8.0_191-b12
12:33:12.548 [Test worker] INFO  o.e.j.s.AbstractConnector - Started ServerConnector@2aafe9{HTTP/1.1, (http/1.1)}{0.0.0.0:52395}
12:33:12.548 [Test worker] INFO  o.e.j.s.Server - Started @280238ms
12:33:12.548 [Test worker] DEBUG o.s.w.t.h.s.r.b.JettyHttpServer - Server started on port 52395(0 millis).
12:33:12.548 [Test worker] DEBUG o.s.w.c.RestTemplate - HTTP GET http://localhost:52395/raw-response/flowable
12:33:12.548 [Test worker] DEBUG o.s.w.c.RestTemplate - Accept=[text/plain, application/json, application/x-jackson-smile, application/*+json, */*]
12:33:12.550 [qtp364587532-1835] DEBUG o.s.w.s.a.HttpWebHandlerAdapter - [4abae251] HTTP GET "/raw-response/flowable"
12:33:12.550 [qtp364587532-1835] DEBUG o.s.w.r.r.m.a.RequestMappingHandlerMapping - [4abae251] Mapped to org.springframework.web.reactive.result.method.annotation.RequestMappingMessageConversionIntegrationTests$RawResponseBodyController#getFlowable()
12:33:12.552 [qtp364587532-1835] DEBUG o.s.w.r.r.m.a.ResponseBodyResultHandler - Using 'text/plain' given [text/plain, application/json, application/x-jackson-smile, application/*+json, */*] and supported [*/*, application/json, application/*+json, application/x-jackson-smile, application/*+x-jackson-smile, text/event-stream]
12:33:12.552 [qtp364587532-1835] DEBUG o.s.w.r.r.m.a.ResponseBodyResultHandler - [4abae251] 0..N [java.nio.ByteBuffer]
12:33:12.553 [qtp364587532-1835] DEBUG o.s.c.c.ByteBufferEncoder - [4abae251] Writing 6 bytes
12:33:12.554 [Test worker] DEBUG o.s.w.c.RestTemplate - Response 200 OK
12:33:12.554 [Test worker] DEBUG o.s.w.c.RestTemplate - Reading to [java.lang.String] as "text/plain"
12:33:12.554 [qtp364587532-1835] DEBUG o.s.w.s.a.HttpWebHandlerAdapter - [4abae251] Completed 200 OK
12:33:12.555 [Test worker] DEBUG o.s.w.t.h.s.r.b.JettyHttpServer - Stopping JettyHttpServer...
12:33:12.555 [Test worker] INFO  o.e.j.s.h.ContextHandler - Stopped o.e.j.s.ServletContextHandler@4a6625c5{/,null,UNAVAILABLE}
12:33:12.557 [Test worker] INFO  o.e.j.s.AbstractConnector - Stopped ServerConnector@2aafe9{HTTP/1.1, (http/1.1)}{0.0.0.0:0}
12:33:12.558 [Test worker] DEBUG o.s.w.t.h.s.r.b.JettyHttpServer - Server stopped (0 millis).
12:33:12.660 [Test worker] DEBUG o.s.w.r.r.m.a.RequestMappingHandlerMapping - 39 mappings in 'requestMappingHandlerMapping'
12:33:12.766 [Test worker] DEBUG o.s.w.r.r.m.a.ControllerMethodResolver - ControllerAdvice beans: none
12:33:12.793 [Test worker] DEBUG o.s.w.s.a.HttpWebHandlerAdapter - enableLoggingRequestDetails='false': form data and headers will be masked to prevent unsafe logging of potentially sensitive data
12:33:12.794 [Test worker] DEBUG o.s.w.t.h.s.r.b.ReactorHttpServer - Starting ReactorHttpServer...
12:33:12.798 [Test worker] DEBUG o.s.w.t.h.s.r.b.ReactorHttpServer - Server started on port 52401(0 millis).
12:33:12.798 [Test worker] DEBUG o.s.w.c.RestTemplate - HTTP GET http://localhost:52401/raw-response/flowable
12:33:12.798 [Test worker] DEBUG o.s.w.c.RestTemplate - Accept=[text/plain, application/json, application/x-jackson-smile, application/*+json, */*]
12:33:12.802 [reactor-http-nio-2] DEBUG o.s.w.s.a.HttpWebHandlerAdapter - [b1be8071-66] HTTP GET "/raw-response/flowable"
12:33:12.802 [reactor-http-nio-2] DEBUG o.s.w.r.r.m.a.RequestMappingHandlerMapping - [b1be8071-66] Mapped to org.springframework.web.reactive.result.method.annotation.RequestMappingMessageConversionIntegrationTests$RawResponseBodyController#getFlowable()
12:33:12.804 [reactor-http-nio-2] DEBUG o.s.w.r.r.m.a.ResponseBodyResultHandler - Using 'text/plain' given [text/plain, application/json, application/x-jackson-smile, application/*+json, */*] and supported [*/*, application/json, application/*+json, application/x-jackson-smile, application/*+x-jackson-smile, text/event-stream]
12:33:12.804 [reactor-http-nio-2] DEBUG o.s.w.r.r.m.a.ResponseBodyResultHandler - [b1be8071-66] 0..N [java.nio.ByteBuffer]
12:33:12.804 [reactor-http-nio-2] DEBUG o.s.c.c.ByteBufferEncoder - [b1be8071-66] Writing 6 bytes
12:33:12.806 [Test worker] DEBUG o.s.w.c.RestTemplate - Response 200 OK
12:33:12.807 [reactor-http-nio-2] DEBUG o.s.w.s.a.HttpWebHandlerAdapter - [b1be8071-66] Completed 200 OK
12:33:12.808 [Test worker] DEBUG o.s.w.c.RestTemplate - Reading to [java.lang.String] as "text/plain"
12:33:12.808 [Test worker] DEBUG o.s.w.t.h.s.r.b.ReactorHttpServer - Stopping ReactorHttpServer...
12:33:12.808 [Test worker] DEBUG o.s.w.t.h.s.r.b.ReactorHttpServer - Server stopped (0 millis).
12:33:12.904 [Test worker] DEBUG o.s.w.r.r.m.a.RequestMappingHandlerMapping - 39 mappings in 'requestMappingHandlerMapping'
12:33:12.929 [Test worker] DEBUG o.s.w.r.r.m.a.ControllerMethodResolver - ControllerAdvice beans: none
12:33:12.947 [Test worker] DEBUG o.s.w.s.a.HttpWebHandlerAdapter - enableLoggingRequestDetails='false': form data and headers will be masked to prevent unsafe logging of potentially sensitive data
12:33:12.948 [Test worker] DEBUG o.s.w.t.h.s.r.b.TomcatHttpServer - Starting TomcatHttpServer...
12:33:12.958 [Test worker] DEBUG o.s.w.t.h.s.r.b.TomcatHttpServer - Server started on port 52403(0 millis).
12:33:12.959 [Test worker] DEBUG o.s.w.c.RestTemplate - HTTP GET http://localhost:52403/raw-response/flowable
12:33:12.959 [Test worker] DEBUG o.s.w.c.RestTemplate - Accept=[text/plain, application/json, application/x-jackson-smile, application/*+json, */*]
12:33:12.962 [http-nio-auto-63-exec-1] DEBUG o.s.w.s.a.HttpWebHandlerAdapter - [ec96072] HTTP GET "/raw-response/flowable"
12:33:12.962 [http-nio-auto-63-exec-1] DEBUG o.s.w.r.r.m.a.RequestMappingHandlerMapping - [ec96072] Mapped to org.springframework.web.reactive.result.method.annotation.RequestMappingMessageConversionIntegrationTests$RawResponseBodyController#getFlowable()
12:33:12.963 [http-nio-auto-63-exec-1] DEBUG o.s.w.r.r.m.a.ResponseBodyResultHandler - Using 'text/plain' given [text/plain, application/json, application/x-jackson-smile, application/*+json, */*] and supported [*/*, application/json, application/*+json, application/x-jackson-smile, application/*+x-jackson-smile, text/event-stream]
12:33:12.963 [http-nio-auto-63-exec-1] DEBUG o.s.w.r.r.m.a.ResponseBodyResultHandler - [ec96072] 0..N [java.nio.ByteBuffer]
12:33:12.964 [http-nio-auto-63-exec-1] DEBUG o.s.c.c.ByteBufferEncoder - [ec96072] Writing 6 bytes
12:33:12.964 [http-nio-auto-63-exec-1] DEBUG o.s.w.s.a.HttpWebHandlerAdapter - [ec96072] Completed 200 OK
12:33:12.964 [Test worker] DEBUG o.s.w.c.RestTemplate - Response 200 OK
12:33:12.965 [Test worker] DEBUG o.s.w.c.RestTemplate - Reading to [java.lang.String] as "text/plain"
12:33:12.965 [Test worker] DEBUG o.s.w.t.h.s.r.b.TomcatHttpServer - Stopping TomcatHttpServer...
12:33:13.375 [Test worker] DEBUG o.s.w.t.h.s.r.b.TomcatHttpServer - Server stopped (0 millis).
12:33:13.573 [Test worker] DEBUG o.s.w.r.r.m.a.RequestMappingHandlerMapping - 39 mappings in 'requestMappingHandlerMapping'
12:33:13.601 [Test worker] DEBUG o.s.w.r.r.m.a.ControllerMethodResolver - ControllerAdvice beans: none
12:33:13.635 [Test worker] DEBUG o.s.w.s.a.HttpWebHandlerAdapter - enableLoggingRequestDetails='false': form data and headers will be masked to prevent unsafe logging of potentially sensitive data
12:33:13.635 [Test worker] DEBUG o.s.w.t.h.s.r.b.UndertowHttpServer - Starting UndertowHttpServer...
12:33:13.635 [Test worker] INFO  i.undertow - starting server: Undertow - 2.0.32.Final
12:33:13.642 [Test worker] DEBUG o.s.w.t.h.s.r.b.UndertowHttpServer - Server started on port 52421(0 millis).
12:33:13.642 [Test worker] DEBUG o.s.w.c.RestTemplate - HTTP GET http://localhost:52421/raw-response/flowable
12:33:13.642 [Test worker] DEBUG o.s.w.c.RestTemplate - Accept=[text/plain, application/json, application/x-jackson-smile, application/*+json, */*]
12:33:13.647 [XNIO-63 I/O-2] DEBUG o.s.w.s.a.HttpWebHandlerAdapter - [143d1823] HTTP GET "/raw-response/flowable"
12:33:13.647 [XNIO-63 I/O-2] DEBUG o.s.w.r.r.m.a.RequestMappingHandlerMapping - [143d1823] Mapped to org.springframework.web.reactive.result.method.annotation.RequestMappingMessageConversionIntegrationTests$RawResponseBodyController#getFlowable()
12:33:13.649 [XNIO-63 I/O-2] DEBUG o.s.w.r.r.m.a.ResponseBodyResultHandler - Using 'text/plain' given [text/plain, application/json, application/x-jackson-smile, application/*+json, */*] and supported [*/*, application/json, application/*+json, application/x-jackson-smile, application/*+x-jackson-smile, text/event-stream]
12:33:13.649 [XNIO-63 I/O-2] DEBUG o.s.w.r.r.m.a.ResponseBodyResultHandler - [143d1823] 0..N [java.nio.ByteBuffer]
12:33:13.649 [XNIO-63 I/O-2] DEBUG o.s.c.c.ByteBufferEncoder - [143d1823] Writing 6 bytes
12:33:13.650 [Test worker] DEBUG o.s.w.c.RestTemplate - Response 200 OK
12:33:13.650 [XNIO-63 I/O-2] DEBUG o.s.w.s.a.HttpWebHandlerAdapter - [143d1823] Completed 200 OK
12:33:13.650 [Test worker] DEBUG o.s.w.c.RestTemplate - Reading to [java.lang.String] as "text/plain"
12:33:13.650 [Test worker] DEBUG o.s.w.t.h.s.r.b.UndertowHttpServer - Stopping UndertowHttpServer...
12:33:13.650 [Test worker] INFO  i.undertow - stopping server: Undertow - 2.0.32.Final
12:33:13.652 [Test worker] DEBUG o.s.w.t.h.s.r.b.UndertowHttpServer - Server stopped (0 millis).
12:33:13.746 [Test worker] DEBUG o.s.w.r.r.m.a.RequestMappingHandlerMapping - 39 mappings in 'requestMappingHandlerMapping'
12:33:13.778 [Test worker] DEBUG o.s.w.r.r.m.a.ControllerMethodResolver - ControllerAdvice beans: none
12:33:13.807 [Test worker] DEBUG o.s.w.s.a.HttpWebHandlerAdapter - enableLoggingRequestDetails='false': form data and headers will be masked to prevent unsafe logging of potentially sensitive data
12:33:13.807 [Test worker] WARN  o.e.j.s.h.ContextHandler - Empty contextPath
12:33:13.808 [Test worker] INFO  o.e.j.s.h.ContextHandler - Started o.e.j.s.ServletContextHandler@6377de45{/,null,AVAILABLE}
12:33:13.808 [Test worker] DEBUG o.s.w.t.h.s.r.b.JettyHttpServer - Starting JettyHttpServer...
12:33:13.808 [Test worker] INFO  o.e.j.s.Server - jetty-9.4.31.v20200723; built: 2020-07-23T17:57:36.812Z; git: 450ba27947e13e66baa8cd1ce7e85a4461cacc1d; jvm 1.8.0_191-b12
12:33:13.813 [Test worker] INFO  o.e.j.s.AbstractConnector - Started ServerConnector@1f29c9de{HTTP/1.1, (http/1.1)}{0.0.0.0:52423}
12:33:13.813 [Test worker] INFO  o.e.j.s.Server - Started @281504ms
12:33:13.813 [Test worker] DEBUG o.s.w.t.h.s.r.b.JettyHttpServer - Server started on port 52423(0 millis).
12:33:13.813 [Test worker] DEBUG o.s.w.c.RestTemplate - HTTP POST http://localhost:52423/person-transform/flux
12:33:13.813 [Test worker] DEBUG o.s.w.c.RestTemplate - Accept=[application/json, application/x-jackson-smile, application/*+json]
12:33:13.814 [Test worker] DEBUG o.s.w.c.RestTemplate - Writing [[Person{name='Robert'}, Person{name='Marie'}]] as "application/json"
12:33:13.819 [qtp1321427571-1864] DEBUG o.s.w.s.a.HttpWebHandlerAdapter - [13054c9] HTTP POST "/person-transform/flux"
12:33:13.820 [qtp1321427571-1864] DEBUG o.s.w.r.r.m.a.RequestMappingHandlerMapping - [13054c9] Mapped to org.springframework.web.reactive.result.method.annotation.RequestMappingMessageConversionIntegrationTests$PersonTransformationController#transformFlux(Flux)
12:33:13.821 [qtp1321427571-1864] DEBUG o.s.w.r.r.m.a.RequestBodyMethodArgumentResolver - [13054c9] Content-Type:application/json;charset=UTF-8
12:33:13.822 [qtp1321427571-1864] DEBUG o.s.w.r.r.m.a.RequestBodyMethodArgumentResolver - [13054c9] 0..N [org.springframework.web.reactive.result.method.annotation.RequestMappingMessageConversionIntegrationTests$Person]
12:33:13.824 [qtp1321427571-1864] DEBUG o.s.w.r.r.m.a.ResponseBodyResultHandler - Using 'application/json' given [application/json] and supported [application/json, application/*+json, application/x-jackson-smile, application/*+x-jackson-smile, application/xml, text/xml, text/event-stream]
12:33:13.824 [qtp1321427571-1864] DEBUG o.s.w.r.r.m.a.ResponseBodyResultHandler - [13054c9] 0..N [org.springframework.web.reactive.result.method.annotation.RequestMappingMessageConversionIntegrationTests$Person]
12:33:13.825 [qtp1321427571-1864] DEBUG o.s.h.c.j.Jackson2JsonDecoder - [13054c9] Decoded [Person{name='Robert'}]
12:33:13.825 [qtp1321427571-1864] DEBUG o.s.h.c.j.Jackson2JsonDecoder - [13054c9] Decoded [Person{name='Marie'}]
12:33:13.826 [qtp1321427571-1864] DEBUG o.s.h.c.j.Jackson2JsonEncoder - [13054c9] Encoding [[Person{name='ROBERT'}, Person{name='MARIE'}]]
12:33:13.827 [Test worker] DEBUG o.s.w.c.RestTemplate - Response 200 OK
12:33:13.827 [Test worker] DEBUG o.s.w.c.RestTemplate - Reading to [java.util.List<org.springframework.web.reactive.result.method.annotation.RequestMappingMessageConversionIntegrationTests$Person>]
12:33:13.829 [Test worker] DEBUG o.s.w.t.h.s.r.b.JettyHttpServer - Stopping JettyHttpServer...
12:33:13.829 [Test worker] INFO  o.e.j.s.h.ContextHandler - Stopped o.e.j.s.ServletContextHandler@6377de45{/,null,UNAVAILABLE}
12:33:13.829 [qtp1321427571-1864] DEBUG o.s.w.s.a.HttpWebHandlerAdapter - [13054c9] Completed 200 OK
12:33:13.833 [Test worker] INFO  o.e.j.s.AbstractConnector - Stopped ServerConnector@1f29c9de{HTTP/1.1, (http/1.1)}{0.0.0.0:0}
12:33:13.834 [Test worker] DEBUG o.s.w.t.h.s.r.b.JettyHttpServer - Server stopped (0 millis).
12:33:14.027 [Test worker] DEBUG o.s.w.r.r.m.a.RequestMappingHandlerMapping - 39 mappings in 'requestMappingHandlerMapping'
12:33:14.122 [Test worker] DEBUG o.s.w.r.r.m.a.ControllerMethodResolver - ControllerAdvice beans: none
12:33:14.163 [Test worker] DEBUG o.s.w.s.a.HttpWebHandlerAdapter - enableLoggingRequestDetails='false': form data and headers will be masked to prevent unsafe logging of potentially sensitive data
12:33:14.163 [Test worker] DEBUG o.s.w.t.h.s.r.b.ReactorHttpServer - Starting ReactorHttpServer...
12:33:14.169 [Test worker] DEBUG o.s.w.t.h.s.r.b.ReactorHttpServer - Server started on port 52429(0 millis).
12:33:14.170 [Test worker] DEBUG o.s.w.c.RestTemplate - HTTP POST http://localhost:52429/person-transform/flux
12:33:14.170 [Test worker] DEBUG o.s.w.c.RestTemplate - Accept=[application/json, application/x-jackson-smile, application/*+json]
12:33:14.171 [Test worker] DEBUG o.s.w.c.RestTemplate - Writing [[Person{name='Robert'}, Person{name='Marie'}]] as "application/json"
12:33:14.174 [reactor-http-nio-4] DEBUG o.s.w.s.a.HttpWebHandlerAdapter - [56c5bda4-67] HTTP POST "/person-transform/flux"
12:33:14.174 [reactor-http-nio-4] DEBUG o.s.w.r.r.m.a.RequestMappingHandlerMapping - [56c5bda4-67] Mapped to org.springframework.web.reactive.result.method.annotation.RequestMappingMessageConversionIntegrationTests$PersonTransformationController#transformFlux(Flux)
12:33:14.175 [reactor-http-nio-4] DEBUG o.s.w.r.r.m.a.RequestBodyMethodArgumentResolver - [56c5bda4-67] Content-Type:application/json
12:33:14.175 [reactor-http-nio-4] DEBUG o.s.w.r.r.m.a.RequestBodyMethodArgumentResolver - [56c5bda4-67] 0..N [org.springframework.web.reactive.result.method.annotation.RequestMappingMessageConversionIntegrationTests$Person]
12:33:14.176 [reactor-http-nio-4] DEBUG o.s.w.r.r.m.a.ResponseBodyResultHandler - Using 'application/json' given [application/json] and supported [application/json, application/*+json, application/x-jackson-smile, application/*+x-jackson-smile, application/xml, text/xml, text/event-stream]
12:33:14.176 [reactor-http-nio-4] DEBUG o.s.w.r.r.m.a.ResponseBodyResultHandler - [56c5bda4-67] 0..N [org.springframework.web.reactive.result.method.annotation.RequestMappingMessageConversionIntegrationTests$Person]
12:33:14.177 [reactor-http-nio-4] DEBUG o.s.h.c.j.Jackson2JsonDecoder - [56c5bda4-67] Decoded [Person{name='Robert'}]
12:33:14.177 [reactor-http-nio-4] DEBUG o.s.h.c.j.Jackson2JsonDecoder - [56c5bda4-67] Decoded [Person{name='Marie'}]
12:33:14.177 [reactor-http-nio-4] DEBUG o.s.h.c.j.Jackson2JsonEncoder - [56c5bda4-67] Encoding [[Person{name='ROBERT'}, Person{name='MARIE'}]]
12:33:14.178 [Test worker] DEBUG o.s.w.c.RestTemplate - Response 200 OK
12:33:14.179 [Test worker] DEBUG o.s.w.c.RestTemplate - Reading to [java.util.List<org.springframework.web.reactive.result.method.annotation.RequestMappingMessageConversionIntegrationTests$Person>]
12:33:14.179 [reactor-http-nio-4] DEBUG o.s.w.s.a.HttpWebHandlerAdapter - [56c5bda4-67] Completed 200 OK
12:33:14.180 [Test worker] DEBUG o.s.w.t.h.s.r.b.ReactorHttpServer - Stopping ReactorHttpServer...
12:33:14.180 [Test worker] DEBUG o.s.w.t.h.s.r.b.ReactorHttpServer - Server stopped (0 millis).
12:33:14.253 [Test worker] DEBUG o.s.w.r.r.m.a.RequestMappingHandlerMapping - 39 mappings in 'requestMappingHandlerMapping'
12:33:14.292 [Test worker] DEBUG o.s.w.r.r.m.a.ControllerMethodResolver - ControllerAdvice beans: none
12:33:14.333 [Test worker] DEBUG o.s.w.s.a.HttpWebHandlerAdapter - enableLoggingRequestDetails='false': form data and headers will be masked to prevent unsafe logging of potentially sensitive data
12:33:14.335 [Test worker] DEBUG o.s.w.t.h.s.r.b.TomcatHttpServer - Starting TomcatHttpServer...
12:33:14.358 [Test worker] DEBUG o.s.w.t.h.s.r.b.TomcatHttpServer - Server started on port 52431(0 millis).
12:33:14.359 [Test worker] DEBUG o.s.w.c.RestTemplate - HTTP POST http://localhost:52431/person-transform/flux
12:33:14.359 [Test worker] DEBUG o.s.w.c.RestTemplate - Accept=[application/json, application/x-jackson-smile, application/*+json]
12:33:14.360 [Test worker] DEBUG o.s.w.c.RestTemplate - Writing [[Person{name='Robert'}, Person{name='Marie'}]] as "application/json"
12:33:14.447 [http-nio-auto-64-exec-1] DEBUG o.s.w.s.a.HttpWebHandlerAdapter - [73d622ea] HTTP POST "/person-transform/flux"
12:33:14.448 [http-nio-auto-64-exec-1] DEBUG o.s.w.r.r.m.a.RequestMappingHandlerMapping - [73d622ea] Mapped to org.springframework.web.reactive.result.method.annotation.RequestMappingMessageConversionIntegrationTests$PersonTransformationController#transformFlux(Flux)
12:33:14.448 [http-nio-auto-64-exec-1] DEBUG o.s.w.r.r.m.a.RequestBodyMethodArgumentResolver - [73d622ea] Content-Type:application/json
12:33:14.453 [http-nio-auto-64-exec-1] DEBUG o.s.w.r.r.m.a.RequestBodyMethodArgumentResolver - [73d622ea] 0..N [org.springframework.web.reactive.result.method.annotation.RequestMappingMessageConversionIntegrationTests$Person]
12:33:14.455 [http-nio-auto-64-exec-1] DEBUG o.s.w.r.r.m.a.ResponseBodyResultHandler - Using 'application/json' given [application/json] and supported [application/json, application/*+json, application/x-jackson-smile, application/*+x-jackson-smile, application/xml, text/xml, text/event-stream]
12:33:14.455 [http-nio-auto-64-exec-1] DEBUG o.s.w.r.r.m.a.ResponseBodyResultHandler - [73d622ea] 0..N [org.springframework.web.reactive.result.method.annotation.RequestMappingMessageConversionIntegrationTests$Person]
12:33:14.459 [http-nio-auto-64-exec-1] DEBUG o.s.h.c.j.Jackson2JsonDecoder - [73d622ea] Decoded [Person{name='Robert'}]
12:33:14.459 [http-nio-auto-64-exec-1] DEBUG o.s.h.c.j.Jackson2JsonDecoder - [73d622ea] Decoded [Person{name='Marie'}]
12:33:14.460 [http-nio-auto-64-exec-1] DEBUG o.s.h.c.j.Jackson2JsonEncoder - [73d622ea] Encoding [[Person{name='ROBERT'}, Person{name='MARIE'}]]
12:33:14.461 [Test worker] DEBUG o.s.w.c.RestTemplate - Response 200 OK
12:33:14.461 [Test worker] DEBUG o.s.w.c.RestTemplate - Reading to [java.util.List<org.springframework.web.reactive.result.method.annotation.RequestMappingMessageConversionIntegrationTests$Person>]
12:33:14.462 [Test worker] DEBUG o.s.w.t.h.s.r.b.TomcatHttpServer - Stopping TomcatHttpServer...
12:33:14.463 [http-nio-auto-64-exec-1] DEBUG o.s.w.s.a.HttpWebHandlerAdapter - [73d622ea] Completed 200 OK
12:33:14.947 [Test worker] DEBUG o.s.w.t.h.s.r.b.TomcatHttpServer - Server stopped (0 millis).
12:33:15.036 [Test worker] DEBUG o.s.w.r.r.m.a.RequestMappingHandlerMapping - 39 mappings in 'requestMappingHandlerMapping'
12:33:15.104 [Test worker] DEBUG o.s.w.r.r.m.a.ControllerMethodResolver - ControllerAdvice beans: none
12:33:15.144 [Test worker] DEBUG o.s.w.s.a.HttpWebHandlerAdapter - enableLoggingRequestDetails='false': form data and headers will be masked to prevent unsafe logging of potentially sensitive data
12:33:15.150 [Test worker] DEBUG o.s.w.t.h.s.r.b.UndertowHttpServer - Starting UndertowHttpServer...
12:33:15.150 [Test worker] INFO  i.undertow - starting server: Undertow - 2.0.32.Final
12:33:15.170 [Test worker] DEBUG o.s.w.t.h.s.r.b.UndertowHttpServer - Server started on port 52448(0 millis).
12:33:15.170 [Test worker] DEBUG o.s.w.c.RestTemplate - HTTP POST http://localhost:52448/person-transform/flux
12:33:15.172 [Test worker] DEBUG o.s.w.c.RestTemplate - Accept=[application/json, application/x-jackson-smile, application/*+json]
12:33:15.172 [Test worker] DEBUG o.s.w.c.RestTemplate - Writing [[Person{name='Robert'}, Person{name='Marie'}]] as "application/json"
12:33:15.181 [XNIO-64 I/O-2] DEBUG o.s.w.s.a.HttpWebHandlerAdapter - [37e4c971] HTTP POST "/person-transform/flux"
12:33:15.186 [XNIO-64 I/O-2] DEBUG o.s.w.r.r.m.a.RequestMappingHandlerMapping - [37e4c971] Mapped to org.springframework.web.reactive.result.method.annotation.RequestMappingMessageConversionIntegrationTests$PersonTransformationController#transformFlux(Flux)
12:33:15.186 [XNIO-64 I/O-2] DEBUG o.s.w.r.r.m.a.RequestBodyMethodArgumentResolver - [37e4c971] Content-Type:application/json
12:33:15.187 [XNIO-64 I/O-2] DEBUG o.s.w.r.r.m.a.RequestBodyMethodArgumentResolver - [37e4c971] 0..N [org.springframework.web.reactive.result.method.annotation.RequestMappingMessageConversionIntegrationTests$Person]
12:33:15.188 [XNIO-64 I/O-2] DEBUG o.s.w.r.r.m.a.ResponseBodyResultHandler - Using 'application/json' given [application/json] and supported [application/json, application/*+json, application/x-jackson-smile, application/*+x-jackson-smile, application/xml, text/xml, text/event-stream]
12:33:15.188 [XNIO-64 I/O-2] DEBUG o.s.w.r.r.m.a.ResponseBodyResultHandler - [37e4c971] 0..N [org.springframework.web.reactive.result.method.annotation.RequestMappingMessageConversionIntegrationTests$Person]
12:33:15.189 [XNIO-64 I/O-2] DEBUG o.s.h.c.j.Jackson2JsonDecoder - [37e4c971] Decoded [Person{name='Robert'}]
12:33:15.189 [XNIO-64 I/O-2] DEBUG o.s.h.c.j.Jackson2JsonDecoder - [37e4c971] Decoded [Person{name='Marie'}]
12:33:15.189 [XNIO-64 I/O-2] DEBUG o.s.h.c.j.Jackson2JsonEncoder - [37e4c971] Encoding [[Person{name='ROBERT'}, Person{name='MARIE'}]]
12:33:15.190 [XNIO-64 I/O-2] DEBUG o.s.w.s.a.HttpWebHandlerAdapter - [37e4c971] Completed 200 OK
12:33:15.207 [Test worker] DEBUG o.s.w.c.RestTemplate - Response 200 OK
12:33:15.207 [Test worker] DEBUG o.s.w.c.RestTemplate - Reading to [java.util.List<org.springframework.web.reactive.result.method.annotation.RequestMappingMessageConversionIntegrationTests$Person>]
12:33:15.208 [Test worker] DEBUG o.s.w.t.h.s.r.b.UndertowHttpServer - Stopping UndertowHttpServer...
12:33:15.208 [Test worker] INFO  i.undertow - stopping server: Undertow - 2.0.32.Final
12:33:15.214 [Test worker] DEBUG o.s.w.t.h.s.r.b.UndertowHttpServer - Server stopped (0 millis).
12:33:15.297 [Test worker] DEBUG o.s.w.r.r.m.a.RequestMappingHandlerMapping - 39 mappings in 'requestMappingHandlerMapping'
12:33:15.322 [Test worker] DEBUG o.s.w.r.r.m.a.ControllerMethodResolver - ControllerAdvice beans: none
12:33:15.349 [Test worker] DEBUG o.s.w.s.a.HttpWebHandlerAdapter - enableLoggingRequestDetails='false': form data and headers will be masked to prevent unsafe logging of potentially sensitive data
12:33:15.349 [Test worker] WARN  o.e.j.s.h.ContextHandler - Empty contextPath
12:33:15.350 [Test worker] INFO  o.e.j.s.h.ContextHandler - Started o.e.j.s.ServletContextHandler@77588c35{/,null,AVAILABLE}
12:33:15.350 [Test worker] DEBUG o.s.w.t.h.s.r.b.JettyHttpServer - Starting JettyHttpServer...
12:33:15.350 [Test worker] INFO  o.e.j.s.Server - jetty-9.4.31.v20200723; built: 2020-07-23T17:57:36.812Z; git: 450ba27947e13e66baa8cd1ce7e85a4461cacc1d; jvm 1.8.0_191-b12
12:33:15.358 [Test worker] INFO  o.e.j.s.AbstractConnector - Started ServerConnector@54f0614a{HTTP/1.1, (http/1.1)}{0.0.0.0:52450}
12:33:15.358 [Test worker] INFO  o.e.j.s.Server - Started @283049ms
12:33:15.358 [Test worker] DEBUG o.s.w.t.h.s.r.b.JettyHttpServer - Server started on port 52450(0 millis).
12:33:15.358 [Test worker] DEBUG o.s.w.c.RestTemplate - HTTP POST http://localhost:52450/person-transform/mono
12:33:15.359 [Test worker] DEBUG o.s.w.c.RestTemplate - Accept=[application/xml, text/xml, application/json, application/x-jackson-smile, application/*+xml, application/*+json]
12:33:15.359 [Test worker] DEBUG o.s.w.c.RestTemplate - Writing [Person{name='Robert'}] as "application/json"
12:33:15.393 [qtp360412377-1892] DEBUG o.s.w.s.a.HttpWebHandlerAdapter - [a118218] HTTP POST "/person-transform/mono"
12:33:15.515 [qtp360412377-1892] DEBUG o.s.w.r.r.m.a.RequestMappingHandlerMapping - [a118218] Mapped to org.springframework.web.reactive.result.method.annotation.RequestMappingMessageConversionIntegrationTests$PersonTransformationController#transformMono(Mono)
12:33:15.516 [qtp360412377-1892] DEBUG o.s.w.r.r.m.a.RequestBodyMethodArgumentResolver - [a118218] Content-Type:application/json;charset=UTF-8
12:33:15.516 [qtp360412377-1892] DEBUG o.s.w.r.r.m.a.RequestBodyMethodArgumentResolver - [a118218] 0..1 [org.springframework.web.reactive.result.method.annotation.RequestMappingMessageConversionIntegrationTests$Person]
12:33:15.521 [qtp360412377-1892] DEBUG o.s.w.r.r.m.a.ResponseBodyResultHandler - Using 'application/json' given [application/json] and supported [application/json, application/*+json, application/x-jackson-smile, application/*+x-jackson-smile, application/xml, text/xml, text/event-stream]
12:33:15.521 [qtp360412377-1892] DEBUG o.s.w.r.r.m.a.ResponseBodyResultHandler - [a118218] 0..1 [org.springframework.web.reactive.result.method.annotation.RequestMappingMessageConversionIntegrationTests$Person]
12:33:15.522 [qtp360412377-1892] DEBUG o.s.h.c.j.Jackson2JsonDecoder - [a118218] Decoded [Person{name='Robert'}]
12:33:15.522 [qtp360412377-1892] DEBUG o.s.h.c.j.Jackson2JsonEncoder - [a118218] Encoding [Person{name='ROBERT'}]
12:33:15.523 [Test worker] DEBUG o.s.w.c.RestTemplate - Response 200 OK
12:33:15.523 [Test worker] DEBUG o.s.w.c.RestTemplate - Reading to [org.springframework.web.reactive.result.method.annotation.RequestMappingMessageConversionIntegrationTests$Person]
12:33:15.523 [Test worker] DEBUG o.s.w.t.h.s.r.b.JettyHttpServer - Stopping JettyHttpServer...
12:33:15.523 [Test worker] INFO  o.e.j.s.h.ContextHandler - Stopped o.e.j.s.ServletContextHandler@77588c35{/,null,UNAVAILABLE}
12:33:15.524 [qtp360412377-1892] DEBUG o.s.w.s.a.HttpWebHandlerAdapter - [a118218] Completed 200 OK
12:33:15.530 [Test worker] INFO  o.e.j.s.AbstractConnector - Stopped ServerConnector@54f0614a{HTTP/1.1, (http/1.1)}{0.0.0.0:0}
12:33:15.531 [Test worker] DEBUG o.s.w.t.h.s.r.b.JettyHttpServer - Server stopped (0 millis).
12:33:15.657 [Test worker] DEBUG o.s.w.r.r.m.a.RequestMappingHandlerMapping - 39 mappings in 'requestMappingHandlerMapping'
12:33:15.707 [Test worker] DEBUG o.s.w.r.r.m.a.ControllerMethodResolver - ControllerAdvice beans: none
12:33:15.753 [Test worker] DEBUG o.s.w.s.a.HttpWebHandlerAdapter - enableLoggingRequestDetails='false': form data and headers will be masked to prevent unsafe logging of potentially sensitive data
12:33:15.755 [Test worker] DEBUG o.s.w.t.h.s.r.b.ReactorHttpServer - Starting ReactorHttpServer...
12:33:15.757 [Test worker] DEBUG o.s.w.t.h.s.r.b.ReactorHttpServer - Server started on port 52456(0 millis).
12:33:15.757 [Test worker] DEBUG o.s.w.c.RestTemplate - HTTP POST http://localhost:52456/person-transform/mono
12:33:15.758 [Test worker] DEBUG o.s.w.c.RestTemplate - Accept=[application/xml, text/xml, application/json, application/x-jackson-smile, application/*+xml, application/*+json]
12:33:15.758 [Test worker] DEBUG o.s.w.c.RestTemplate - Writing [Person{name='Robert'}] as "application/json"
12:33:15.760 [reactor-http-nio-2] DEBUG o.s.w.s.a.HttpWebHandlerAdapter - [3a3be1ed-68] HTTP POST "/person-transform/mono"
12:33:15.761 [reactor-http-nio-2] DEBUG o.s.w.r.r.m.a.RequestMappingHandlerMapping - [3a3be1ed-68] Mapped to org.springframework.web.reactive.result.method.annotation.RequestMappingMessageConversionIntegrationTests$PersonTransformationController#transformMono(Mono)
12:33:15.762 [reactor-http-nio-2] DEBUG o.s.w.r.r.m.a.RequestBodyMethodArgumentResolver - [3a3be1ed-68] Content-Type:application/json
12:33:15.762 [reactor-http-nio-2] DEBUG o.s.w.r.r.m.a.RequestBodyMethodArgumentResolver - [3a3be1ed-68] 0..1 [org.springframework.web.reactive.result.method.annotation.RequestMappingMessageConversionIntegrationTests$Person]
12:33:15.764 [reactor-http-nio-2] DEBUG o.s.w.r.r.m.a.ResponseBodyResultHandler - Using 'application/json' given [application/json] and supported [application/json, application/*+json, application/x-jackson-smile, application/*+x-jackson-smile, application/xml, text/xml, text/event-stream]
12:33:15.764 [reactor-http-nio-2] DEBUG o.s.w.r.r.m.a.ResponseBodyResultHandler - [3a3be1ed-68] 0..1 [org.springframework.web.reactive.result.method.annotation.RequestMappingMessageConversionIntegrationTests$Person]
12:33:15.764 [reactor-http-nio-2] DEBUG o.s.h.c.j.Jackson2JsonDecoder - [3a3be1ed-68] Decoded [Person{name='Robert'}]
12:33:15.765 [reactor-http-nio-2] DEBUG o.s.h.c.j.Jackson2JsonEncoder - [3a3be1ed-68] Encoding [Person{name='ROBERT'}]
12:33:15.766 [reactor-http-nio-2] DEBUG o.s.w.s.a.HttpWebHandlerAdapter - [3a3be1ed-68] Completed 200 OK
12:33:15.766 [Test worker] DEBUG o.s.w.c.RestTemplate - Response 200 OK
12:33:15.766 [Test worker] DEBUG o.s.w.c.RestTemplate - Reading to [org.springframework.web.reactive.result.method.annotation.RequestMappingMessageConversionIntegrationTests$Person]
12:33:15.767 [Test worker] DEBUG o.s.w.t.h.s.r.b.ReactorHttpServer - Stopping ReactorHttpServer...
12:33:15.767 [Test worker] DEBUG o.s.w.t.h.s.r.b.ReactorHttpServer - Server stopped (0 millis).
12:33:15.910 [Test worker] DEBUG o.s.w.r.r.m.a.RequestMappingHandlerMapping - 39 mappings in 'requestMappingHandlerMapping'
12:33:15.988 [Test worker] DEBUG o.s.w.r.r.m.a.ControllerMethodResolver - ControllerAdvice beans: none
12:33:16.057 [Test worker] DEBUG o.s.w.s.a.HttpWebHandlerAdapter - enableLoggingRequestDetails='false': form data and headers will be masked to prevent unsafe logging of potentially sensitive data
12:33:16.058 [Test worker] DEBUG o.s.w.t.h.s.r.b.TomcatHttpServer - Starting TomcatHttpServer...
12:33:16.072 [Test worker] DEBUG o.s.w.t.h.s.r.b.TomcatHttpServer - Server started on port 52458(0 millis).
12:33:16.073 [Test worker] DEBUG o.s.w.c.RestTemplate - HTTP POST http://localhost:52458/person-transform/mono
12:33:16.074 [Test worker] DEBUG o.s.w.c.RestTemplate - Accept=[application/xml, text/xml, application/json, application/x-jackson-smile, application/*+xml, application/*+json]
12:33:16.095 [Test worker] DEBUG o.s.w.c.RestTemplate - Writing [Person{name='Robert'}] as "application/json"
12:33:16.245 [http-nio-auto-65-exec-1] DEBUG o.s.w.s.a.HttpWebHandlerAdapter - [24eb005f] HTTP POST "/person-transform/mono"
12:33:16.245 [http-nio-auto-65-exec-1] DEBUG o.s.w.r.r.m.a.RequestMappingHandlerMapping - [24eb005f] Mapped to org.springframework.web.reactive.result.method.annotation.RequestMappingMessageConversionIntegrationTests$PersonTransformationController#transformMono(Mono)
12:33:16.246 [http-nio-auto-65-exec-1] DEBUG o.s.w.r.r.m.a.RequestBodyMethodArgumentResolver - [24eb005f] Content-Type:application/json
12:33:16.246 [http-nio-auto-65-exec-1] DEBUG o.s.w.r.r.m.a.RequestBodyMethodArgumentResolver - [24eb005f] 0..1 [org.springframework.web.reactive.result.method.annotation.RequestMappingMessageConversionIntegrationTests$Person]
12:33:16.248 [http-nio-auto-65-exec-1] DEBUG o.s.w.r.r.m.a.ResponseBodyResultHandler - Using 'application/json' given [application/json] and supported [application/json, application/*+json, application/x-jackson-smile, application/*+x-jackson-smile, application/xml, text/xml, text/event-stream]
12:33:16.248 [http-nio-auto-65-exec-1] DEBUG o.s.w.r.r.m.a.ResponseBodyResultHandler - [24eb005f] 0..1 [org.springframework.web.reactive.result.method.annotation.RequestMappingMessageConversionIntegrationTests$Person]
12:33:16.250 [http-nio-auto-65-exec-1] DEBUG o.s.h.c.j.Jackson2JsonDecoder - [24eb005f] Decoded [Person{name='Robert'}]
12:33:16.250 [http-nio-auto-65-exec-1] DEBUG o.s.h.c.j.Jackson2JsonEncoder - [24eb005f] Encoding [Person{name='ROBERT'}]
12:33:16.251 [Test worker] DEBUG o.s.w.c.RestTemplate - Response 200 OK
12:33:16.251 [Test worker] DEBUG o.s.w.c.RestTemplate - Reading to [org.springframework.web.reactive.result.method.annotation.RequestMappingMessageConversionIntegrationTests$Person]
12:33:16.251 [Test worker] DEBUG o.s.w.t.h.s.r.b.TomcatHttpServer - Stopping TomcatHttpServer...
12:33:16.261 [http-nio-auto-65-exec-1] DEBUG o.s.w.s.a.HttpWebHandlerAdapter - [24eb005f] Completed 200 OK
12:33:16.927 [Test worker] DEBUG o.s.w.t.h.s.r.b.TomcatHttpServer - Server stopped (0 millis).
12:33:17.132 [Test worker] DEBUG o.s.w.r.r.m.a.RequestMappingHandlerMapping - 39 mappings in 'requestMappingHandlerMapping'
12:33:17.157 [Test worker] DEBUG o.s.w.r.r.m.a.ControllerMethodResolver - ControllerAdvice beans: none
12:33:17.194 [Test worker] DEBUG o.s.w.s.a.HttpWebHandlerAdapter - enableLoggingRequestDetails='false': form data and headers will be masked to prevent unsafe logging of potentially sensitive data
12:33:17.194 [Test worker] DEBUG o.s.w.t.h.s.r.b.UndertowHttpServer - Starting UndertowHttpServer...
12:33:17.194 [Test worker] INFO  i.undertow - starting server: Undertow - 2.0.32.Final
12:33:17.204 [Test worker] DEBUG o.s.w.t.h.s.r.b.UndertowHttpServer - Server started on port 52489(0 millis).
12:33:17.205 [Test worker] DEBUG o.s.w.c.RestTemplate - HTTP POST http://localhost:52489/person-transform/mono
12:33:17.205 [Test worker] DEBUG o.s.w.c.RestTemplate - Accept=[application/xml, text/xml, application/json, application/x-jackson-smile, application/*+xml, application/*+json]
12:33:17.206 [Test worker] DEBUG o.s.w.c.RestTemplate - Writing [Person{name='Robert'}] as "application/json"
12:33:17.214 [XNIO-65 I/O-2] DEBUG o.s.w.s.a.HttpWebHandlerAdapter - [bd3d928] HTTP POST "/person-transform/mono"
12:33:17.214 [XNIO-65 I/O-2] DEBUG o.s.w.r.r.m.a.RequestMappingHandlerMapping - [bd3d928] Mapped to org.springframework.web.reactive.result.method.annotation.RequestMappingMessageConversionIntegrationTests$PersonTransformationController#transformMono(Mono)
12:33:17.215 [XNIO-65 I/O-2] DEBUG o.s.w.r.r.m.a.RequestBodyMethodArgumentResolver - [bd3d928] Content-Type:application/json
12:33:17.215 [XNIO-65 I/O-2] DEBUG o.s.w.r.r.m.a.RequestBodyMethodArgumentResolver - [bd3d928] 0..1 [org.springframework.web.reactive.result.method.annotation.RequestMappingMessageConversionIntegrationTests$Person]
12:33:17.216 [XNIO-65 I/O-2] DEBUG o.s.w.r.r.m.a.ResponseBodyResultHandler - Using 'application/json' given [application/json] and supported [application/json, application/*+json, application/x-jackson-smile, application/*+x-jackson-smile, application/xml, text/xml, text/event-stream]
12:33:17.216 [XNIO-65 I/O-2] DEBUG o.s.w.r.r.m.a.ResponseBodyResultHandler - [bd3d928] 0..1 [org.springframework.web.reactive.result.method.annotation.RequestMappingMessageConversionIntegrationTests$Person]
12:33:17.217 [XNIO-65 I/O-2] DEBUG o.s.h.c.j.Jackson2JsonDecoder - [bd3d928] Decoded [Person{name='Robert'}]
12:33:17.217 [XNIO-65 I/O-2] DEBUG o.s.h.c.j.Jackson2JsonEncoder - [bd3d928] Encoding [Person{name='ROBERT'}]
12:33:17.218 [XNIO-65 I/O-2] DEBUG o.s.w.s.a.HttpWebHandlerAdapter - [bd3d928] Completed 200 OK
12:33:17.218 [Test worker] DEBUG o.s.w.c.RestTemplate - Response 200 OK
12:33:17.218 [Test worker] DEBUG o.s.w.c.RestTemplate - Reading to [org.springframework.web.reactive.result.method.annotation.RequestMappingMessageConversionIntegrationTests$Person]
12:33:17.219 [Test worker] DEBUG o.s.w.t.h.s.r.b.UndertowHttpServer - Stopping UndertowHttpServer...
12:33:17.219 [Test worker] INFO  i.undertow - stopping server: Undertow - 2.0.32.Final
12:33:17.221 [Test worker] DEBUG o.s.w.t.h.s.r.b.UndertowHttpServer - Server stopped (0 millis).
12:33:17.339 [Test worker] DEBUG o.s.w.r.r.m.a.RequestMappingHandlerMapping - 39 mappings in 'requestMappingHandlerMapping'
12:33:17.381 [Test worker] DEBUG o.s.w.r.r.m.a.ControllerMethodResolver - ControllerAdvice beans: none
12:33:17.411 [Test worker] DEBUG o.s.w.s.a.HttpWebHandlerAdapter - enableLoggingRequestDetails='false': form data and headers will be masked to prevent unsafe logging of potentially sensitive data
12:33:17.412 [Test worker] WARN  o.e.j.s.h.ContextHandler - Empty contextPath
12:33:17.413 [Test worker] INFO  o.e.j.s.h.ContextHandler - Started o.e.j.s.ServletContextHandler@485b2204{/,null,AVAILABLE}
12:33:17.414 [Test worker] DEBUG o.s.w.t.h.s.r.b.JettyHttpServer - Starting JettyHttpServer...
12:33:17.414 [Test worker] INFO  o.e.j.s.Server - jetty-9.4.31.v20200723; built: 2020-07-23T17:57:36.812Z; git: 450ba27947e13e66baa8cd1ce7e85a4461cacc1d; jvm 1.8.0_191-b12
12:33:17.424 [Test worker] INFO  o.e.j.s.AbstractConnector - Started ServerConnector@23f55a89{HTTP/1.1, (http/1.1)}{0.0.0.0:52491}
12:33:17.424 [Test worker] INFO  o.e.j.s.Server - Started @285115ms
12:33:17.424 [Test worker] DEBUG o.s.w.t.h.s.r.b.JettyHttpServer - Server started on port 52491(0 millis).
12:33:17.424 [Test worker] DEBUG o.s.w.c.RestTemplate - HTTP POST http://localhost:52491/person-transform/person
12:33:17.425 [Test worker] DEBUG o.s.w.c.RestTemplate - Accept=[application/xml, text/xml, application/json, application/x-jackson-smile, application/*+xml, application/*+json]
12:33:17.426 [Test worker] DEBUG o.s.w.c.RestTemplate - Writing [Person{name='Robert'}] as "application/json"
12:33:17.431 [qtp249895218-1921] DEBUG o.s.w.s.a.HttpWebHandlerAdapter - [68438712] HTTP POST "/person-transform/person"
12:33:17.431 [qtp249895218-1921] DEBUG o.s.w.r.r.m.a.RequestMappingHandlerMapping - [68438712] Mapped to org.springframework.web.reactive.result.method.annotation.RequestMappingMessageConversionIntegrationTests$PersonTransformationController#transformPerson(Person)
12:33:17.432 [qtp249895218-1921] DEBUG o.s.w.r.r.m.a.RequestBodyMethodArgumentResolver - [68438712] Content-Type:application/json;charset=UTF-8
12:33:17.433 [qtp249895218-1921] DEBUG o.s.w.r.r.m.a.RequestBodyMethodArgumentResolver - [68438712] 0..1 [org.springframework.web.reactive.result.method.annotation.RequestMappingMessageConversionIntegrationTests$Person]
12:33:17.433 [qtp249895218-1921] DEBUG o.s.h.c.j.Jackson2JsonDecoder - [68438712] Decoded [Person{name='Robert'}]
12:33:17.434 [qtp249895218-1921] DEBUG o.s.w.r.r.m.a.ResponseBodyResultHandler - Using 'application/json' given [application/json] and supported [application/json, application/*+json, application/x-jackson-smile, application/*+x-jackson-smile, application/xml, text/xml, text/event-stream]
12:33:17.434 [qtp249895218-1921] DEBUG o.s.w.r.r.m.a.ResponseBodyResultHandler - [68438712] 0..1 [org.springframework.web.reactive.result.method.annotation.RequestMappingMessageConversionIntegrationTests$Person]
12:33:17.435 [qtp249895218-1921] DEBUG o.s.h.c.j.Jackson2JsonEncoder - [68438712] Encoding [Person{name='ROBERT'}]
12:33:17.436 [Test worker] DEBUG o.s.w.c.RestTemplate - Response 200 OK
12:33:17.436 [Test worker] DEBUG o.s.w.c.RestTemplate - Reading to [org.springframework.web.reactive.result.method.annotation.RequestMappingMessageConversionIntegrationTests$Person]
12:33:17.436 [Test worker] DEBUG o.s.w.t.h.s.r.b.JettyHttpServer - Stopping JettyHttpServer...
12:33:17.436 [Test worker] INFO  o.e.j.s.h.ContextHandler - Stopped o.e.j.s.ServletContextHandler@485b2204{/,null,UNAVAILABLE}
12:33:17.437 [qtp249895218-1921] DEBUG o.s.w.s.a.HttpWebHandlerAdapter - [68438712] Completed 200 OK
12:33:17.440 [Test worker] INFO  o.e.j.s.AbstractConnector - Stopped ServerConnector@23f55a89{HTTP/1.1, (http/1.1)}{0.0.0.0:0}
12:33:17.441 [Test worker] DEBUG o.s.w.t.h.s.r.b.JettyHttpServer - Server stopped (0 millis).
12:33:17.539 [Test worker] DEBUG o.s.w.r.r.m.a.RequestMappingHandlerMapping - 39 mappings in 'requestMappingHandlerMapping'
12:33:17.572 [Test worker] DEBUG o.s.w.r.r.m.a.ControllerMethodResolver - ControllerAdvice beans: none
12:33:17.592 [Test worker] DEBUG o.s.w.s.a.HttpWebHandlerAdapter - enableLoggingRequestDetails='false': form data and headers will be masked to prevent unsafe logging of potentially sensitive data
12:33:17.593 [Test worker] DEBUG o.s.w.t.h.s.r.b.ReactorHttpServer - Starting ReactorHttpServer...
12:33:17.594 [Test worker] DEBUG o.s.w.t.h.s.r.b.ReactorHttpServer - Server started on port 52497(0 millis).
12:33:17.594 [Test worker] DEBUG o.s.w.c.RestTemplate - HTTP POST http://localhost:52497/person-transform/person
12:33:17.595 [Test worker] DEBUG o.s.w.c.RestTemplate - Accept=[application/xml, text/xml, application/json, application/x-jackson-smile, application/*+xml, application/*+json]
12:33:17.595 [Test worker] DEBUG o.s.w.c.RestTemplate - Writing [Person{name='Robert'}] as "application/json"
12:33:17.597 [reactor-http-nio-4] DEBUG o.s.w.s.a.HttpWebHandlerAdapter - [70e76b09-69] HTTP POST "/person-transform/person"
12:33:17.597 [reactor-http-nio-4] DEBUG o.s.w.r.r.m.a.RequestMappingHandlerMapping - [70e76b09-69] Mapped to org.springframework.web.reactive.result.method.annotation.RequestMappingMessageConversionIntegrationTests$PersonTransformationController#transformPerson(Person)
12:33:17.598 [reactor-http-nio-4] DEBUG o.s.w.r.r.m.a.RequestBodyMethodArgumentResolver - [70e76b09-69] Content-Type:application/json
12:33:17.598 [reactor-http-nio-4] DEBUG o.s.w.r.r.m.a.RequestBodyMethodArgumentResolver - [70e76b09-69] 0..1 [org.springframework.web.reactive.result.method.annotation.RequestMappingMessageConversionIntegrationTests$Person]
12:33:17.599 [reactor-http-nio-4] DEBUG o.s.h.c.j.Jackson2JsonDecoder - [70e76b09-69] Decoded [Person{name='Robert'}]
12:33:17.600 [reactor-http-nio-4] DEBUG o.s.w.r.r.m.a.ResponseBodyResultHandler - Using 'application/json' given [application/json] and supported [application/json, application/*+json, application/x-jackson-smile, application/*+x-jackson-smile, application/xml, text/xml, text/event-stream]
12:33:17.600 [reactor-http-nio-4] DEBUG o.s.w.r.r.m.a.ResponseBodyResultHandler - [70e76b09-69] 0..1 [org.springframework.web.reactive.result.method.annotation.RequestMappingMessageConversionIntegrationTests$Person]
12:33:17.600 [reactor-http-nio-4] DEBUG o.s.h.c.j.Jackson2JsonEncoder - [70e76b09-69] Encoding [Person{name='ROBERT'}]
12:33:17.601 [reactor-http-nio-4] DEBUG o.s.w.s.a.HttpWebHandlerAdapter - [70e76b09-69] Completed 200 OK
12:33:17.601 [Test worker] DEBUG o.s.w.c.RestTemplate - Response 200 OK
12:33:17.602 [Test worker] DEBUG o.s.w.c.RestTemplate - Reading to [org.springframework.web.reactive.result.method.annotation.RequestMappingMessageConversionIntegrationTests$Person]
12:33:17.602 [Test worker] DEBUG o.s.w.t.h.s.r.b.ReactorHttpServer - Stopping ReactorHttpServer...
12:33:17.602 [Test worker] DEBUG o.s.w.t.h.s.r.b.ReactorHttpServer - Server stopped (0 millis).
12:33:17.703 [Test worker] DEBUG o.s.w.r.r.m.a.RequestMappingHandlerMapping - 39 mappings in 'requestMappingHandlerMapping'
12:33:17.756 [Test worker] DEBUG o.s.w.r.r.m.a.ControllerMethodResolver - ControllerAdvice beans: none
12:33:17.812 [Test worker] DEBUG o.s.w.s.a.HttpWebHandlerAdapter - enableLoggingRequestDetails='false': form data and headers will be masked to prevent unsafe logging of potentially sensitive data
12:33:17.817 [Test worker] DEBUG o.s.w.t.h.s.r.b.TomcatHttpServer - Starting TomcatHttpServer...
12:33:17.841 [Test worker] DEBUG o.s.w.t.h.s.r.b.TomcatHttpServer - Server started on port 52500(0 millis).
12:33:17.842 [Test worker] DEBUG o.s.w.c.RestTemplate - HTTP POST http://localhost:52500/person-transform/person
12:33:17.844 [Test worker] DEBUG o.s.w.c.RestTemplate - Accept=[application/xml, text/xml, application/json, application/x-jackson-smile, application/*+xml, application/*+json]
12:33:17.844 [Test worker] DEBUG o.s.w.c.RestTemplate - Writing [Person{name='Robert'}] as "application/json"
12:33:17.884 [http-nio-auto-66-exec-1] DEBUG o.s.w.s.a.HttpWebHandlerAdapter - [37e024d0] HTTP POST "/person-transform/person"
12:33:17.885 [http-nio-auto-66-exec-1] DEBUG o.s.w.r.r.m.a.RequestMappingHandlerMapping - [37e024d0] Mapped to org.springframework.web.reactive.result.method.annotation.RequestMappingMessageConversionIntegrationTests$PersonTransformationController#transformPerson(Person)
12:33:17.886 [http-nio-auto-66-exec-1] DEBUG o.s.w.r.r.m.a.RequestBodyMethodArgumentResolver - [37e024d0] Content-Type:application/json
12:33:17.887 [http-nio-auto-66-exec-1] DEBUG o.s.w.r.r.m.a.RequestBodyMethodArgumentResolver - [37e024d0] 0..1 [org.springframework.web.reactive.result.method.annotation.RequestMappingMessageConversionIntegrationTests$Person]
12:33:17.888 [http-nio-auto-66-exec-1] DEBUG o.s.h.c.j.Jackson2JsonDecoder - [37e024d0] Decoded [Person{name='Robert'}]
12:33:17.889 [http-nio-auto-66-exec-1] DEBUG o.s.w.r.r.m.a.ResponseBodyResultHandler - Using 'application/json' given [application/json] and supported [application/json, application/*+json, application/x-jackson-smile, application/*+x-jackson-smile, application/xml, text/xml, text/event-stream]
12:33:17.889 [http-nio-auto-66-exec-1] DEBUG o.s.w.r.r.m.a.ResponseBodyResultHandler - [37e024d0] 0..1 [org.springframework.web.reactive.result.method.annotation.RequestMappingMessageConversionIntegrationTests$Person]
12:33:17.890 [http-nio-auto-66-exec-1] DEBUG o.s.h.c.j.Jackson2JsonEncoder - [37e024d0] Encoding [Person{name='ROBERT'}]
12:33:17.890 [Test worker] DEBUG o.s.w.c.RestTemplate - Response 200 OK
12:33:17.891 [Test worker] DEBUG o.s.w.c.RestTemplate - Reading to [org.springframework.web.reactive.result.method.annotation.RequestMappingMessageConversionIntegrationTests$Person]
12:33:17.891 [Test worker] DEBUG o.s.w.t.h.s.r.b.TomcatHttpServer - Stopping TomcatHttpServer...
12:33:17.893 [http-nio-auto-66-exec-1] DEBUG o.s.w.s.a.HttpWebHandlerAdapter - [37e024d0] Completed 200 OK
12:33:18.457 [Test worker] DEBUG o.s.w.t.h.s.r.b.TomcatHttpServer - Server stopped (0 millis).
12:33:18.613 [Test worker] DEBUG o.s.w.r.r.m.a.RequestMappingHandlerMapping - 39 mappings in 'requestMappingHandlerMapping'
12:33:18.650 [Test worker] DEBUG o.s.w.r.r.m.a.ControllerMethodResolver - ControllerAdvice beans: none
12:33:18.713 [Test worker] DEBUG o.s.w.s.a.HttpWebHandlerAdapter - enableLoggingRequestDetails='false': form data and headers will be masked to prevent unsafe logging of potentially sensitive data
12:33:18.713 [Test worker] DEBUG o.s.w.t.h.s.r.b.UndertowHttpServer - Starting UndertowHttpServer...
12:33:18.713 [Test worker] INFO  i.undertow - starting server: Undertow - 2.0.32.Final
12:33:18.724 [Test worker] DEBUG o.s.w.t.h.s.r.b.UndertowHttpServer - Server started on port 52537(0 millis).
12:33:18.724 [Test worker] DEBUG o.s.w.c.RestTemplate - HTTP POST http://localhost:52537/person-transform/person
12:33:18.725 [Test worker] DEBUG o.s.w.c.RestTemplate - Accept=[application/xml, text/xml, application/json, application/x-jackson-smile, application/*+xml, application/*+json]
12:33:18.726 [Test worker] DEBUG o.s.w.c.RestTemplate - Writing [Person{name='Robert'}] as "application/json"
12:33:18.754 [XNIO-66 I/O-2] DEBUG o.s.w.s.a.HttpWebHandlerAdapter - [79ae19fe] HTTP POST "/person-transform/person"
12:33:18.754 [XNIO-66 I/O-2] DEBUG o.s.w.r.r.m.a.RequestMappingHandlerMapping - [79ae19fe] Mapped to org.springframework.web.reactive.result.method.annotation.RequestMappingMessageConversionIntegrationTests$PersonTransformationController#transformPerson(Person)
12:33:18.755 [XNIO-66 I/O-2] DEBUG o.s.w.r.r.m.a.RequestBodyMethodArgumentResolver - [79ae19fe] Content-Type:application/json
12:33:18.757 [XNIO-66 I/O-2] DEBUG o.s.w.r.r.m.a.RequestBodyMethodArgumentResolver - [79ae19fe] 0..1 [org.springframework.web.reactive.result.method.annotation.RequestMappingMessageConversionIntegrationTests$Person]
12:33:18.757 [XNIO-66 I/O-2] DEBUG o.s.h.c.j.Jackson2JsonDecoder - [79ae19fe] Decoded [Person{name='Robert'}]
12:33:18.758 [XNIO-66 I/O-2] DEBUG o.s.w.r.r.m.a.ResponseBodyResultHandler - Using 'application/json' given [application/json] and supported [application/json, application/*+json, application/x-jackson-smile, application/*+x-jackson-smile, application/xml, text/xml, text/event-stream]
12:33:18.758 [XNIO-66 I/O-2] DEBUG o.s.w.r.r.m.a.ResponseBodyResultHandler - [79ae19fe] 0..1 [org.springframework.web.reactive.result.method.annotation.RequestMappingMessageConversionIntegrationTests$Person]
12:33:18.758 [XNIO-66 I/O-2] DEBUG o.s.h.c.j.Jackson2JsonEncoder - [79ae19fe] Encoding [Person{name='ROBERT'}]
12:33:18.759 [XNIO-66 I/O-2] DEBUG o.s.w.s.a.HttpWebHandlerAdapter - [79ae19fe] Completed 200 OK
12:33:18.759 [Test worker] DEBUG o.s.w.c.RestTemplate - Response 200 OK
12:33:18.759 [Test worker] DEBUG o.s.w.c.RestTemplate - Reading to [org.springframework.web.reactive.result.method.annotation.RequestMappingMessageConversionIntegrationTests$Person]
12:33:18.760 [Test worker] DEBUG o.s.w.t.h.s.r.b.UndertowHttpServer - Stopping UndertowHttpServer...
12:33:18.760 [Test worker] INFO  i.undertow - stopping server: Undertow - 2.0.32.Final
12:33:18.764 [Test worker] DEBUG o.s.w.t.h.s.r.b.UndertowHttpServer - Server stopped (0 millis).
12:33:18.894 [Test worker] DEBUG o.s.w.r.r.m.a.RequestMappingHandlerMapping - 39 mappings in 'requestMappingHandlerMapping'
12:33:18.931 [Test worker] DEBUG o.s.w.r.r.m.a.ControllerMethodResolver - ControllerAdvice beans: none
12:33:18.962 [Test worker] DEBUG o.s.w.s.a.HttpWebHandlerAdapter - enableLoggingRequestDetails='false': form data and headers will be masked to prevent unsafe logging of potentially sensitive data
12:33:18.962 [Test worker] WARN  o.e.j.s.h.ContextHandler - Empty contextPath
12:33:18.963 [Test worker] INFO  o.e.j.s.h.ContextHandler - Started o.e.j.s.ServletContextHandler@6fecaf17{/,null,AVAILABLE}
12:33:18.963 [Test worker] DEBUG o.s.w.t.h.s.r.b.JettyHttpServer - Starting JettyHttpServer...
12:33:18.963 [Test worker] INFO  o.e.j.s.Server - jetty-9.4.31.v20200723; built: 2020-07-23T17:57:36.812Z; git: 450ba27947e13e66baa8cd1ce7e85a4461cacc1d; jvm 1.8.0_191-b12
12:33:18.968 [Test worker] INFO  o.e.j.s.AbstractConnector - Started ServerConnector@539e567f{HTTP/1.1, (http/1.1)}{0.0.0.0:52545}
12:33:18.969 [Test worker] INFO  o.e.j.s.Server - Started @286659ms
12:33:18.969 [Test worker] DEBUG o.s.w.t.h.s.r.b.JettyHttpServer - Server started on port 52545(0 millis).
12:33:18.969 [Test worker] DEBUG o.s.w.c.RestTemplate - HTTP POST http://localhost:52545/person-transform/mono
12:33:18.970 [Test worker] DEBUG o.s.w.c.RestTemplate - Accept=[application/xml, text/xml, application/json, application/x-jackson-smile, application/*+xml, application/*+json]
12:33:18.970 [Test worker] DEBUG o.s.w.c.RestTemplate - Writing [Person{name='Robert'}] as "application/xml"
12:33:18.978 [qtp1028964671-1950] DEBUG o.s.w.s.a.HttpWebHandlerAdapter - [a86b3e9] HTTP POST "/person-transform/mono"
12:33:18.978 [qtp1028964671-1950] DEBUG o.s.w.r.r.m.a.RequestMappingHandlerMapping - [a86b3e9] Mapped to org.springframework.web.reactive.result.method.annotation.RequestMappingMessageConversionIntegrationTests$PersonTransformationController#transformMono(Mono)
12:33:18.978 [qtp1028964671-1950] DEBUG o.s.w.r.r.m.a.RequestBodyMethodArgumentResolver - [a86b3e9] Content-Type:application/xml
12:33:18.979 [qtp1028964671-1950] DEBUG o.s.w.r.r.m.a.RequestBodyMethodArgumentResolver - [a86b3e9] 0..1 [org.springframework.web.reactive.result.method.annotation.RequestMappingMessageConversionIntegrationTests$Person]
12:33:18.981 [qtp1028964671-1950] DEBUG o.s.w.r.r.m.a.ResponseBodyResultHandler - Using 'application/xml' given [application/xml] and supported [application/json, application/*+json, application/x-jackson-smile, application/*+x-jackson-smile, application/xml, text/xml, text/event-stream]
12:33:18.981 [qtp1028964671-1950] DEBUG o.s.w.r.r.m.a.ResponseBodyResultHandler - [a86b3e9] 0..1 [org.springframework.web.reactive.result.method.annotation.RequestMappingMessageConversionIntegrationTests$Person]
12:33:19.003 [qtp1028964671-1950] DEBUG o.s.h.c.x.Jaxb2XmlEncoder - [a86b3e9] Encoding [Person{name='ROBERT'}]
12:33:19.007 [Test worker] DEBUG o.s.w.c.RestTemplate - Response 200 OK
12:33:19.007 [qtp1028964671-1950] DEBUG o.s.w.s.a.HttpWebHandlerAdapter - [a86b3e9] Completed 200 OK
12:33:19.007 [Test worker] DEBUG o.s.w.c.RestTemplate - Reading to [org.springframework.web.reactive.result.method.annotation.RequestMappingMessageConversionIntegrationTests$Person] as "application/xml"
12:33:19.016 [Test worker] DEBUG o.s.w.t.h.s.r.b.JettyHttpServer - Stopping JettyHttpServer...
12:33:19.016 [Test worker] INFO  o.e.j.s.h.ContextHandler - Stopped o.e.j.s.ServletContextHandler@6fecaf17{/,null,UNAVAILABLE}
12:33:19.018 [Test worker] INFO  o.e.j.s.AbstractConnector - Stopped ServerConnector@539e567f{HTTP/1.1, (http/1.1)}{0.0.0.0:0}
12:33:19.018 [Test worker] DEBUG o.s.w.t.h.s.r.b.JettyHttpServer - Server stopped (0 millis).
12:33:19.076 [Test worker] DEBUG o.s.w.r.r.m.a.RequestMappingHandlerMapping - 39 mappings in 'requestMappingHandlerMapping'
12:33:19.102 [Test worker] DEBUG o.s.w.r.r.m.a.ControllerMethodResolver - ControllerAdvice beans: none
12:33:19.123 [Test worker] DEBUG o.s.w.s.a.HttpWebHandlerAdapter - enableLoggingRequestDetails='false': form data and headers will be masked to prevent unsafe logging of potentially sensitive data
12:33:19.123 [Test worker] DEBUG o.s.w.t.h.s.r.b.ReactorHttpServer - Starting ReactorHttpServer...
12:33:19.125 [Test worker] DEBUG o.s.w.t.h.s.r.b.ReactorHttpServer - Server started on port 52551(0 millis).
12:33:19.125 [Test worker] DEBUG o.s.w.c.RestTemplate - HTTP POST http://localhost:52551/person-transform/mono
12:33:19.126 [Test worker] DEBUG o.s.w.c.RestTemplate - Accept=[application/xml, text/xml, application/json, application/x-jackson-smile, application/*+xml, application/*+json]
12:33:19.126 [Test worker] DEBUG o.s.w.c.RestTemplate - Writing [Person{name='Robert'}] as "application/xml"
12:33:19.133 [reactor-http-nio-2] DEBUG o.s.w.s.a.HttpWebHandlerAdapter - [a3616dcf-70] HTTP POST "/person-transform/mono"
12:33:19.134 [reactor-http-nio-2] DEBUG o.s.w.r.r.m.a.RequestMappingHandlerMapping - [a3616dcf-70] Mapped to org.springframework.web.reactive.result.method.annotation.RequestMappingMessageConversionIntegrationTests$PersonTransformationController#transformMono(Mono)
12:33:19.134 [reactor-http-nio-2] DEBUG o.s.w.r.r.m.a.RequestBodyMethodArgumentResolver - [a3616dcf-70] Content-Type:application/xml
12:33:19.135 [reactor-http-nio-2] DEBUG o.s.w.r.r.m.a.RequestBodyMethodArgumentResolver - [a3616dcf-70] 0..1 [org.springframework.web.reactive.result.method.annotation.RequestMappingMessageConversionIntegrationTests$Person]
12:33:19.135 [reactor-http-nio-2] DEBUG o.s.w.r.r.m.a.ResponseBodyResultHandler - Using 'application/xml' given [application/xml] and supported [application/json, application/*+json, application/x-jackson-smile, application/*+x-jackson-smile, application/xml, text/xml, text/event-stream]
12:33:19.136 [reactor-http-nio-2] DEBUG o.s.w.r.r.m.a.ResponseBodyResultHandler - [a3616dcf-70] 0..1 [org.springframework.web.reactive.result.method.annotation.RequestMappingMessageConversionIntegrationTests$Person]
12:33:19.140 [reactor-http-nio-2] DEBUG o.s.h.c.x.Jaxb2XmlEncoder - [a3616dcf-70] Encoding [Person{name='ROBERT'}]
12:33:19.144 [Test worker] DEBUG o.s.w.c.RestTemplate - Response 200 OK
12:33:19.144 [reactor-http-nio-2] DEBUG o.s.w.s.a.HttpWebHandlerAdapter - [a3616dcf-70] Completed 200 OK
12:33:19.144 [Test worker] DEBUG o.s.w.c.RestTemplate - Reading to [org.springframework.web.reactive.result.method.annotation.RequestMappingMessageConversionIntegrationTests$Person] as "application/xml"
12:33:19.146 [Test worker] DEBUG o.s.w.t.h.s.r.b.ReactorHttpServer - Stopping ReactorHttpServer...
12:33:19.146 [Test worker] DEBUG o.s.w.t.h.s.r.b.ReactorHttpServer - Server stopped (0 millis).
12:33:19.265 [Test worker] DEBUG o.s.w.r.r.m.a.RequestMappingHandlerMapping - 39 mappings in 'requestMappingHandlerMapping'
12:33:19.341 [Test worker] DEBUG o.s.w.r.r.m.a.ControllerMethodResolver - ControllerAdvice beans: none
12:33:19.395 [Test worker] DEBUG o.s.w.s.a.HttpWebHandlerAdapter - enableLoggingRequestDetails='false': form data and headers will be masked to prevent unsafe logging of potentially sensitive data
12:33:19.396 [Test worker] DEBUG o.s.w.t.h.s.r.b.TomcatHttpServer - Starting TomcatHttpServer...
12:33:19.415 [Test worker] DEBUG o.s.w.t.h.s.r.b.TomcatHttpServer - Server started on port 52554(0 millis).
12:33:19.415 [Test worker] DEBUG o.s.w.c.RestTemplate - HTTP POST http://localhost:52554/person-transform/mono
12:33:19.417 [Test worker] DEBUG o.s.w.c.RestTemplate - Accept=[application/xml, text/xml, application/json, application/x-jackson-smile, application/*+xml, application/*+json]
12:33:19.417 [Test worker] DEBUG o.s.w.c.RestTemplate - Writing [Person{name='Robert'}] as "application/xml"
12:33:19.432 [http-nio-auto-67-exec-1] DEBUG o.s.w.s.a.HttpWebHandlerAdapter - [7c563e3b] HTTP POST "/person-transform/mono"
12:33:19.432 [http-nio-auto-67-exec-1] DEBUG o.s.w.r.r.m.a.RequestMappingHandlerMapping - [7c563e3b] Mapped to org.springframework.web.reactive.result.method.annotation.RequestMappingMessageConversionIntegrationTests$PersonTransformationController#transformMono(Mono)
12:33:19.433 [http-nio-auto-67-exec-1] DEBUG o.s.w.r.r.m.a.RequestBodyMethodArgumentResolver - [7c563e3b] Content-Type:application/xml
12:33:19.434 [http-nio-auto-67-exec-1] DEBUG o.s.w.r.r.m.a.RequestBodyMethodArgumentResolver - [7c563e3b] 0..1 [org.springframework.web.reactive.result.method.annotation.RequestMappingMessageConversionIntegrationTests$Person]
12:33:19.435 [http-nio-auto-67-exec-1] DEBUG o.s.w.r.r.m.a.ResponseBodyResultHandler - Using 'application/xml' given [application/xml] and supported [application/json, application/*+json, application/x-jackson-smile, application/*+x-jackson-smile, application/xml, text/xml, text/event-stream]
12:33:19.435 [http-nio-auto-67-exec-1] DEBUG o.s.w.r.r.m.a.ResponseBodyResultHandler - [7c563e3b] 0..1 [org.springframework.web.reactive.result.method.annotation.RequestMappingMessageConversionIntegrationTests$Person]
12:33:19.441 [http-nio-auto-67-exec-1] DEBUG o.s.h.c.x.Jaxb2XmlEncoder - [7c563e3b] Encoding [Person{name='ROBERT'}]
12:33:19.446 [Test worker] DEBUG o.s.w.c.RestTemplate - Response 200 OK
12:33:19.446 [Test worker] DEBUG o.s.w.c.RestTemplate - Reading to [org.springframework.web.reactive.result.method.annotation.RequestMappingMessageConversionIntegrationTests$Person] as "application/xml"
12:33:19.447 [Test worker] DEBUG o.s.w.t.h.s.r.b.TomcatHttpServer - Stopping TomcatHttpServer...
12:33:19.461 [http-nio-auto-67-exec-1] DEBUG o.s.w.s.a.HttpWebHandlerAdapter - [7c563e3b] Completed 200 OK
12:33:19.825 [Test worker] DEBUG o.s.w.t.h.s.r.b.TomcatHttpServer - Server stopped (0 millis).
12:33:19.958 [Test worker] DEBUG o.s.w.r.r.m.a.RequestMappingHandlerMapping - 39 mappings in 'requestMappingHandlerMapping'
12:33:19.986 [Test worker] DEBUG o.s.w.r.r.m.a.ControllerMethodResolver - ControllerAdvice beans: none
12:33:20.023 [Test worker] DEBUG o.s.w.s.a.HttpWebHandlerAdapter - enableLoggingRequestDetails='false': form data and headers will be masked to prevent unsafe logging of potentially sensitive data
12:33:20.023 [Test worker] DEBUG o.s.w.t.h.s.r.b.UndertowHttpServer - Starting UndertowHttpServer...
12:33:20.023 [Test worker] INFO  i.undertow - starting server: Undertow - 2.0.32.Final
12:33:20.038 [Test worker] DEBUG o.s.w.t.h.s.r.b.UndertowHttpServer - Server started on port 52591(0 millis).
12:33:20.039 [Test worker] DEBUG o.s.w.c.RestTemplate - HTTP POST http://localhost:52591/person-transform/mono
12:33:20.039 [Test worker] DEBUG o.s.w.c.RestTemplate - Accept=[application/xml, text/xml, application/json, application/x-jackson-smile, application/*+xml, application/*+json]
12:33:20.039 [Test worker] DEBUG o.s.w.c.RestTemplate - Writing [Person{name='Robert'}] as "application/xml"
12:33:20.071 [XNIO-67 I/O-2] DEBUG o.s.w.s.a.HttpWebHandlerAdapter - [296bd7c7] HTTP POST "/person-transform/mono"
12:33:20.071 [XNIO-67 I/O-2] DEBUG o.s.w.r.r.m.a.RequestMappingHandlerMapping - [296bd7c7] Mapped to org.springframework.web.reactive.result.method.annotation.RequestMappingMessageConversionIntegrationTests$PersonTransformationController#transformMono(Mono)
12:33:20.072 [XNIO-67 I/O-2] DEBUG o.s.w.r.r.m.a.RequestBodyMethodArgumentResolver - [296bd7c7] Content-Type:application/xml
12:33:20.072 [XNIO-67 I/O-2] DEBUG o.s.w.r.r.m.a.RequestBodyMethodArgumentResolver - [296bd7c7] 0..1 [org.springframework.web.reactive.result.method.annotation.RequestMappingMessageConversionIntegrationTests$Person]
12:33:20.073 [XNIO-67 I/O-2] DEBUG o.s.w.r.r.m.a.ResponseBodyResultHandler - Using 'application/xml' given [application/xml] and supported [application/json, application/*+json, application/x-jackson-smile, application/*+x-jackson-smile, application/xml, text/xml, text/event-stream]
12:33:20.073 [XNIO-67 I/O-2] DEBUG o.s.w.r.r.m.a.ResponseBodyResultHandler - [296bd7c7] 0..1 [org.springframework.web.reactive.result.method.annotation.RequestMappingMessageConversionIntegrationTests$Person]
12:33:20.077 [XNIO-67 I/O-2] DEBUG o.s.h.c.x.Jaxb2XmlEncoder - [296bd7c7] Encoding [Person{name='ROBERT'}]
12:33:20.081 [XNIO-67 I/O-2] DEBUG o.s.w.s.a.HttpWebHandlerAdapter - [296bd7c7] Completed 200 OK
12:33:20.082 [Test worker] DEBUG o.s.w.c.RestTemplate - Response 200 OK
12:33:20.082 [Test worker] DEBUG o.s.w.c.RestTemplate - Reading to [org.springframework.web.reactive.result.method.annotation.RequestMappingMessageConversionIntegrationTests$Person] as "application/xml"
12:33:20.085 [Test worker] DEBUG o.s.w.t.h.s.r.b.UndertowHttpServer - Stopping UndertowHttpServer...
12:33:20.085 [Test worker] INFO  i.undertow - stopping server: Undertow - 2.0.32.Final
12:33:20.088 [Test worker] DEBUG o.s.w.t.h.s.r.b.UndertowHttpServer - Server stopped (0 millis).
12:33:20.175 [Test worker] DEBUG o.s.w.r.r.m.a.RequestMappingHandlerMapping - 39 mappings in 'requestMappingHandlerMapping'
12:33:20.207 [Test worker] DEBUG o.s.w.r.r.m.a.ControllerMethodResolver - ControllerAdvice beans: none
12:33:20.232 [Test worker] DEBUG o.s.w.s.a.HttpWebHandlerAdapter - enableLoggingRequestDetails='false': form data and headers will be masked to prevent unsafe logging of potentially sensitive data
12:33:20.232 [Test worker] WARN  o.e.j.s.h.ContextHandler - Empty contextPath
12:33:20.232 [Test worker] INFO  o.e.j.s.h.ContextHandler - Started o.e.j.s.ServletContextHandler@4fb222f8{/,null,AVAILABLE}
12:33:20.233 [Test worker] DEBUG o.s.w.t.h.s.r.b.JettyHttpServer - Starting JettyHttpServer...
12:33:20.233 [Test worker] INFO  o.e.j.s.Server - jetty-9.4.31.v20200723; built: 2020-07-23T17:57:36.812Z; git: 450ba27947e13e66baa8cd1ce7e85a4461cacc1d; jvm 1.8.0_191-b12
12:33:20.245 [Test worker] INFO  o.e.j.s.AbstractConnector - Started ServerConnector@22eb32cd{HTTP/1.1, (http/1.1)}{0.0.0.0:52593}
12:33:20.245 [Test worker] INFO  o.e.j.s.Server - Started @287936ms
12:33:20.245 [Test worker] DEBUG o.s.w.t.h.s.r.b.JettyHttpServer - Server started on port 52593(0 millis).
12:33:20.245 [Test worker] DEBUG o.s.w.c.RestTemplate - HTTP GET http://localhost:52593/person-response/observable
12:33:20.245 [Test worker] DEBUG o.s.w.c.RestTemplate - Accept=[application/json, application/x-jackson-smile, application/*+json]
12:33:20.251 [qtp585446071-1979] DEBUG o.s.w.s.a.HttpWebHandlerAdapter - [518c8d5c] HTTP GET "/person-response/observable"
12:33:20.251 [qtp585446071-1979] DEBUG o.s.w.r.r.m.a.RequestMappingHandlerMapping - [518c8d5c] Mapped to org.springframework.web.reactive.result.method.annotation.RequestMappingMessageConversionIntegrationTests$PersonResponseBodyController#getObservable()
12:33:20.253 [qtp585446071-1979] DEBUG o.s.w.r.r.m.a.ResponseBodyResultHandler - Using 'application/json' given [application/json] and supported [application/json, application/*+json, application/x-jackson-smile, application/*+x-jackson-smile, application/xml, text/xml, text/event-stream]
12:33:20.253 [qtp585446071-1979] DEBUG o.s.w.r.r.m.a.ResponseBodyResultHandler - [518c8d5c] 0..N [org.springframework.web.reactive.result.method.annotation.RequestMappingMessageConversionIntegrationTests$Person]
12:33:20.259 [qtp585446071-1979] DEBUG o.s.h.c.j.Jackson2JsonEncoder - [518c8d5c] Encoding [[Person{name='Robert'}, Person{name='Marie'}]]
12:33:20.259 [Test worker] DEBUG o.s.w.c.RestTemplate - Response 200 OK
12:33:20.259 [Test worker] DEBUG o.s.w.c.RestTemplate - Reading to [java.util.List<org.springframework.web.reactive.result.method.annotation.RequestMappingMessageConversionIntegrationTests$Person>]
12:33:20.261 [Test worker] DEBUG o.s.w.t.h.s.r.b.JettyHttpServer - Stopping JettyHttpServer...
12:33:20.261 [Test worker] INFO  o.e.j.s.h.ContextHandler - Stopped o.e.j.s.ServletContextHandler@4fb222f8{/,null,UNAVAILABLE}
12:33:20.261 [qtp585446071-1979] DEBUG o.s.w.s.a.HttpWebHandlerAdapter - [518c8d5c] Completed 200 OK
12:33:20.267 [Test worker] INFO  o.e.j.s.AbstractConnector - Stopped ServerConnector@22eb32cd{HTTP/1.1, (http/1.1)}{0.0.0.0:0}
12:33:20.280 [Test worker] DEBUG o.s.w.t.h.s.r.b.JettyHttpServer - Server stopped (0 millis).
12:33:20.396 [Test worker] DEBUG o.s.w.r.r.m.a.RequestMappingHandlerMapping - 39 mappings in 'requestMappingHandlerMapping'
12:33:20.424 [Test worker] DEBUG o.s.w.r.r.m.a.ControllerMethodResolver - ControllerAdvice beans: none
12:33:20.454 [Test worker] DEBUG o.s.w.s.a.HttpWebHandlerAdapter - enableLoggingRequestDetails='false': form data and headers will be masked to prevent unsafe logging of potentially sensitive data
12:33:20.454 [Test worker] DEBUG o.s.w.t.h.s.r.b.ReactorHttpServer - Starting ReactorHttpServer...
12:33:20.456 [Test worker] DEBUG o.s.w.t.h.s.r.b.ReactorHttpServer - Server started on port 52605(0 millis).
12:33:20.456 [Test worker] DEBUG o.s.w.c.RestTemplate - HTTP GET http://localhost:52605/person-response/observable
12:33:20.457 [Test worker] DEBUG o.s.w.c.RestTemplate - Accept=[application/json, application/x-jackson-smile, application/*+json]
12:33:20.469 [reactor-http-nio-4] DEBUG o.s.w.s.a.HttpWebHandlerAdapter - [494043e9-71] HTTP GET "/person-response/observable"
12:33:20.470 [reactor-http-nio-4] DEBUG o.s.w.r.r.m.a.RequestMappingHandlerMapping - [494043e9-71] Mapped to org.springframework.web.reactive.result.method.annotation.RequestMappingMessageConversionIntegrationTests$PersonResponseBodyController#getObservable()
12:33:20.472 [reactor-http-nio-4] DEBUG o.s.w.r.r.m.a.ResponseBodyResultHandler - Using 'application/json' given [application/json] and supported [application/json, application/*+json, application/x-jackson-smile, application/*+x-jackson-smile, application/xml, text/xml, text/event-stream]
12:33:20.472 [reactor-http-nio-4] DEBUG o.s.w.r.r.m.a.ResponseBodyResultHandler - [494043e9-71] 0..N [org.springframework.web.reactive.result.method.annotation.RequestMappingMessageConversionIntegrationTests$Person]
12:33:20.473 [reactor-http-nio-4] DEBUG o.s.h.c.j.Jackson2JsonEncoder - [494043e9-71] Encoding [[Person{name='Robert'}, Person{name='Marie'}]]
12:33:20.475 [reactor-http-nio-4] DEBUG o.s.w.s.a.HttpWebHandlerAdapter - [494043e9-71] Completed 200 OK
12:33:20.549 [Test worker] DEBUG o.s.w.c.RestTemplate - Response 200 OK
12:33:20.550 [Test worker] DEBUG o.s.w.c.RestTemplate - Reading to [java.util.List<org.springframework.web.reactive.result.method.annotation.RequestMappingMessageConversionIntegrationTests$Person>]
12:33:20.565 [Test worker] DEBUG o.s.w.t.h.s.r.b.ReactorHttpServer - Stopping ReactorHttpServer...
12:33:20.565 [Test worker] DEBUG o.s.w.t.h.s.r.b.ReactorHttpServer - Server stopped (0 millis).
12:33:20.678 [Test worker] DEBUG o.s.w.r.r.m.a.RequestMappingHandlerMapping - 39 mappings in 'requestMappingHandlerMapping'
12:33:20.707 [Test worker] DEBUG o.s.w.r.r.m.a.ControllerMethodResolver - ControllerAdvice beans: none
12:33:20.732 [Test worker] DEBUG o.s.w.s.a.HttpWebHandlerAdapter - enableLoggingRequestDetails='false': form data and headers will be masked to prevent unsafe logging of potentially sensitive data
12:33:20.733 [Test worker] DEBUG o.s.w.t.h.s.r.b.TomcatHttpServer - Starting TomcatHttpServer...
12:33:20.748 [Test worker] DEBUG o.s.w.t.h.s.r.b.TomcatHttpServer - Server started on port 52607(0 millis).
12:33:20.748 [Test worker] DEBUG o.s.w.c.RestTemplate - HTTP GET http://localhost:52607/person-response/observable
12:33:20.749 [Test worker] DEBUG o.s.w.c.RestTemplate - Accept=[application/json, application/x-jackson-smile, application/*+json]
12:33:20.778 [http-nio-auto-68-exec-1] DEBUG o.s.w.s.a.HttpWebHandlerAdapter - [5314e2bb] HTTP GET "/person-response/observable"
12:33:20.778 [http-nio-auto-68-exec-1] DEBUG o.s.w.r.r.m.a.RequestMappingHandlerMapping - [5314e2bb] Mapped to org.springframework.web.reactive.result.method.annotation.RequestMappingMessageConversionIntegrationTests$PersonResponseBodyController#getObservable()
12:33:20.780 [http-nio-auto-68-exec-1] DEBUG o.s.w.r.r.m.a.ResponseBodyResultHandler - Using 'application/json' given [application/json] and supported [application/json, application/*+json, application/x-jackson-smile, application/*+x-jackson-smile, application/xml, text/xml, text/event-stream]
12:33:20.780 [http-nio-auto-68-exec-1] DEBUG o.s.w.r.r.m.a.ResponseBodyResultHandler - [5314e2bb] 0..N [org.springframework.web.reactive.result.method.annotation.RequestMappingMessageConversionIntegrationTests$Person]
12:33:20.781 [http-nio-auto-68-exec-1] DEBUG o.s.h.c.j.Jackson2JsonEncoder - [5314e2bb] Encoding [[Person{name='Robert'}, Person{name='Marie'}]]
12:33:20.782 [Test worker] DEBUG o.s.w.c.RestTemplate - Response 200 OK
12:33:20.782 [Test worker] DEBUG o.s.w.c.RestTemplate - Reading to [java.util.List<org.springframework.web.reactive.result.method.annotation.RequestMappingMessageConversionIntegrationTests$Person>]
12:33:20.783 [http-nio-auto-68-exec-1] DEBUG o.s.w.s.a.HttpWebHandlerAdapter - [5314e2bb] Completed 200 OK
12:33:20.783 [Test worker] DEBUG o.s.w.t.h.s.r.b.TomcatHttpServer - Stopping TomcatHttpServer...
12:33:21.197 [Test worker] DEBUG o.s.w.t.h.s.r.b.TomcatHttpServer - Server stopped (0 millis).
12:33:21.310 [Test worker] DEBUG o.s.w.r.r.m.a.RequestMappingHandlerMapping - 39 mappings in 'requestMappingHandlerMapping'
12:33:21.349 [Test worker] DEBUG o.s.w.r.r.m.a.ControllerMethodResolver - ControllerAdvice beans: none
12:33:21.396 [Test worker] DEBUG o.s.w.s.a.HttpWebHandlerAdapter - enableLoggingRequestDetails='false': form data and headers will be masked to prevent unsafe logging of potentially sensitive data
12:33:21.396 [Test worker] DEBUG o.s.w.t.h.s.r.b.UndertowHttpServer - Starting UndertowHttpServer...
12:33:21.396 [Test worker] INFO  i.undertow - starting server: Undertow - 2.0.32.Final
12:33:21.426 [Test worker] DEBUG o.s.w.t.h.s.r.b.UndertowHttpServer - Server started on port 52643(0 millis).
12:33:21.434 [Test worker] DEBUG o.s.w.c.RestTemplate - HTTP GET http://localhost:52643/person-response/observable
12:33:21.440 [Test worker] DEBUG o.s.w.c.RestTemplate - Accept=[application/json, application/x-jackson-smile, application/*+json]
12:33:21.480 [XNIO-68 I/O-2] DEBUG o.s.w.s.a.HttpWebHandlerAdapter - [704bb248] HTTP GET "/person-response/observable"
12:33:21.480 [XNIO-68 I/O-2] DEBUG o.s.w.r.r.m.a.RequestMappingHandlerMapping - [704bb248] Mapped to org.springframework.web.reactive.result.method.annotation.RequestMappingMessageConversionIntegrationTests$PersonResponseBodyController#getObservable()
12:33:21.481 [XNIO-68 I/O-2] DEBUG o.s.w.r.r.m.a.ResponseBodyResultHandler - Using 'application/json' given [application/json] and supported [application/json, application/*+json, application/x-jackson-smile, application/*+x-jackson-smile, application/xml, text/xml, text/event-stream]
12:33:21.481 [XNIO-68 I/O-2] DEBUG o.s.w.r.r.m.a.ResponseBodyResultHandler - [704bb248] 0..N [org.springframework.web.reactive.result.method.annotation.RequestMappingMessageConversionIntegrationTests$Person]
12:33:21.482 [XNIO-68 I/O-2] DEBUG o.s.h.c.j.Jackson2JsonEncoder - [704bb248] Encoding [[Person{name='Robert'}, Person{name='Marie'}]]
12:33:21.482 [XNIO-68 I/O-2] DEBUG o.s.w.s.a.HttpWebHandlerAdapter - [704bb248] Completed 200 OK
12:33:21.483 [Test worker] DEBUG o.s.w.c.RestTemplate - Response 200 OK
12:33:21.483 [Test worker] DEBUG o.s.w.c.RestTemplate - Reading to [java.util.List<org.springframework.web.reactive.result.method.annotation.RequestMappingMessageConversionIntegrationTests$Person>]
12:33:21.484 [Test worker] DEBUG o.s.w.t.h.s.r.b.UndertowHttpServer - Stopping UndertowHttpServer...
12:33:21.484 [Test worker] INFO  i.undertow - stopping server: Undertow - 2.0.32.Final
12:33:21.487 [Test worker] DEBUG o.s.w.t.h.s.r.b.UndertowHttpServer - Server stopped (0 millis).
12:33:21.580 [Test worker] DEBUG o.s.w.r.r.m.a.RequestMappingHandlerMapping - 39 mappings in 'requestMappingHandlerMapping'
12:33:21.614 [Test worker] DEBUG o.s.w.r.r.m.a.ControllerMethodResolver - ControllerAdvice beans: none
12:33:21.655 [Test worker] DEBUG o.s.w.s.a.HttpWebHandlerAdapter - enableLoggingRequestDetails='false': form data and headers will be masked to prevent unsafe logging of potentially sensitive data
12:33:21.655 [Test worker] WARN  o.e.j.s.h.ContextHandler - Empty contextPath
12:33:21.655 [Test worker] INFO  o.e.j.s.h.ContextHandler - Started o.e.j.s.ServletContextHandler@534698c9{/,null,AVAILABLE}
12:33:21.655 [Test worker] DEBUG o.s.w.t.h.s.r.b.JettyHttpServer - Starting JettyHttpServer...
12:33:21.655 [Test worker] INFO  o.e.j.s.Server - jetty-9.4.31.v20200723; built: 2020-07-23T17:57:36.812Z; git: 450ba27947e13e66baa8cd1ce7e85a4461cacc1d; jvm 1.8.0_191-b12
12:33:21.665 [Test worker] INFO  o.e.j.s.AbstractConnector - Started ServerConnector@4f2b9e02{HTTP/1.1, (http/1.1)}{0.0.0.0:52647}
12:33:21.665 [Test worker] INFO  o.e.j.s.Server - Started @289357ms
12:33:21.665 [Test worker] DEBUG o.s.w.t.h.s.r.b.JettyHttpServer - Server started on port 52647(0 millis).
12:33:21.666 [Test worker] DEBUG o.s.w.c.RestTemplate - HTTP POST http://localhost:52647/person-transform/rxjava2-single
12:33:21.666 [Test worker] DEBUG o.s.w.c.RestTemplate - Accept=[application/xml, text/xml, application/json, application/x-jackson-smile, application/*+xml, application/*+json]
12:33:21.670 [Test worker] DEBUG o.s.w.c.RestTemplate - Writing [Person{name='Robert'}] as "application/json"
12:33:21.675 [qtp1796685289-2009] DEBUG o.s.w.s.a.HttpWebHandlerAdapter - [7e22ede5] HTTP POST "/person-transform/rxjava2-single"
12:33:21.676 [qtp1796685289-2009] DEBUG o.s.w.r.r.m.a.RequestMappingHandlerMapping - [7e22ede5] Mapped to org.springframework.web.reactive.result.method.annotation.RequestMappingMessageConversionIntegrationTests$PersonTransformationController#transformRxJava2Single(Single)
12:33:21.677 [qtp1796685289-2009] DEBUG o.s.w.r.r.m.a.RequestBodyMethodArgumentResolver - [7e22ede5] Content-Type:application/json;charset=UTF-8
12:33:21.677 [qtp1796685289-2009] DEBUG o.s.w.r.r.m.a.RequestBodyMethodArgumentResolver - [7e22ede5] 0..1 [org.springframework.web.reactive.result.method.annotation.RequestMappingMessageConversionIntegrationTests$Person]
12:33:21.679 [qtp1796685289-2009] DEBUG o.s.w.r.r.m.a.ResponseBodyResultHandler - Using 'application/json' given [application/json] and supported [application/json, application/*+json, application/x-jackson-smile, application/*+x-jackson-smile, application/xml, text/xml, text/event-stream]
12:33:21.679 [qtp1796685289-2009] DEBUG o.s.w.r.r.m.a.ResponseBodyResultHandler - [7e22ede5] 0..1 [org.springframework.web.reactive.result.method.annotation.RequestMappingMessageConversionIntegrationTests$Person]
12:33:21.681 [qtp1796685289-2009] DEBUG o.s.h.c.j.Jackson2JsonDecoder - [7e22ede5] Decoded [Person{name='Robert'}]
12:33:21.682 [qtp1796685289-2009] DEBUG o.s.h.c.j.Jackson2JsonEncoder - [7e22ede5] Encoding [Person{name='ROBERT'}]
12:33:21.682 [Test worker] DEBUG o.s.w.c.RestTemplate - Response 200 OK
12:33:21.682 [Test worker] DEBUG o.s.w.c.RestTemplate - Reading to [org.springframework.web.reactive.result.method.annotation.RequestMappingMessageConversionIntegrationTests$Person]
12:33:21.683 [Test worker] DEBUG o.s.w.t.h.s.r.b.JettyHttpServer - Stopping JettyHttpServer...
12:33:21.683 [Test worker] INFO  o.e.j.s.h.ContextHandler - Stopped o.e.j.s.ServletContextHandler@534698c9{/,null,UNAVAILABLE}
12:33:21.683 [qtp1796685289-2009] DEBUG o.s.w.s.a.HttpWebHandlerAdapter - [7e22ede5] Completed 200 OK
12:33:21.688 [Test worker] INFO  o.e.j.s.AbstractConnector - Stopped ServerConnector@4f2b9e02{HTTP/1.1, (http/1.1)}{0.0.0.0:0}
12:33:21.693 [Test worker] DEBUG o.s.w.t.h.s.r.b.JettyHttpServer - Server stopped (0 millis).
12:33:21.810 [Test worker] DEBUG o.s.w.r.r.m.a.RequestMappingHandlerMapping - 39 mappings in 'requestMappingHandlerMapping'
12:33:21.862 [Test worker] DEBUG o.s.w.r.r.m.a.ControllerMethodResolver - ControllerAdvice beans: none
12:33:21.884 [Test worker] DEBUG o.s.w.s.a.HttpWebHandlerAdapter - enableLoggingRequestDetails='false': form data and headers will be masked to prevent unsafe logging of potentially sensitive data
12:33:21.884 [Test worker] DEBUG o.s.w.t.h.s.r.b.ReactorHttpServer - Starting ReactorHttpServer...
12:33:21.891 [Test worker] DEBUG o.s.w.t.h.s.r.b.ReactorHttpServer - Server started on port 52659(0 millis).
12:33:21.891 [Test worker] DEBUG o.s.w.c.RestTemplate - HTTP POST http://localhost:52659/person-transform/rxjava2-single
12:33:21.892 [Test worker] DEBUG o.s.w.c.RestTemplate - Accept=[application/xml, text/xml, application/json, application/x-jackson-smile, application/*+xml, application/*+json]
12:33:21.892 [Test worker] DEBUG o.s.w.c.RestTemplate - Writing [Person{name='Robert'}] as "application/json"
12:33:21.894 [reactor-http-nio-2] DEBUG o.s.w.s.a.HttpWebHandlerAdapter - [37a845eb-72] HTTP POST "/person-transform/rxjava2-single"
12:33:21.895 [reactor-http-nio-2] DEBUG o.s.w.r.r.m.a.RequestMappingHandlerMapping - [37a845eb-72] Mapped to org.springframework.web.reactive.result.method.annotation.RequestMappingMessageConversionIntegrationTests$PersonTransformationController#transformRxJava2Single(Single)
12:33:21.895 [reactor-http-nio-2] DEBUG o.s.w.r.r.m.a.RequestBodyMethodArgumentResolver - [37a845eb-72] Content-Type:application/json
12:33:21.896 [reactor-http-nio-2] DEBUG o.s.w.r.r.m.a.RequestBodyMethodArgumentResolver - [37a845eb-72] 0..1 [org.springframework.web.reactive.result.method.annotation.RequestMappingMessageConversionIntegrationTests$Person]
12:33:21.897 [reactor-http-nio-2] DEBUG o.s.w.r.r.m.a.ResponseBodyResultHandler - Using 'application/json' given [application/json] and supported [application/json, application/*+json, application/x-jackson-smile, application/*+x-jackson-smile, application/xml, text/xml, text/event-stream]
12:33:21.897 [reactor-http-nio-2] DEBUG o.s.w.r.r.m.a.ResponseBodyResultHandler - [37a845eb-72] 0..1 [org.springframework.web.reactive.result.method.annotation.RequestMappingMessageConversionIntegrationTests$Person]
12:33:21.897 [reactor-http-nio-2] DEBUG o.s.h.c.j.Jackson2JsonDecoder - [37a845eb-72] Decoded [Person{name='Robert'}]
12:33:21.897 [reactor-http-nio-2] DEBUG o.s.h.c.j.Jackson2JsonEncoder - [37a845eb-72] Encoding [Person{name='ROBERT'}]
12:33:21.899 [Test worker] DEBUG o.s.w.c.RestTemplate - Response 200 OK
12:33:21.899 [reactor-http-nio-2] DEBUG o.s.w.s.a.HttpWebHandlerAdapter - [37a845eb-72] Completed 200 OK
12:33:21.899 [Test worker] DEBUG o.s.w.c.RestTemplate - Reading to [org.springframework.web.reactive.result.method.annotation.RequestMappingMessageConversionIntegrationTests$Person]
12:33:21.899 [Test worker] DEBUG o.s.w.t.h.s.r.b.ReactorHttpServer - Stopping ReactorHttpServer...
12:33:21.899 [Test worker] DEBUG o.s.w.t.h.s.r.b.ReactorHttpServer - Server stopped (0 millis).
12:33:21.971 [Test worker] DEBUG o.s.w.r.r.m.a.RequestMappingHandlerMapping - 39 mappings in 'requestMappingHandlerMapping'
12:33:21.995 [Test worker] DEBUG o.s.w.r.r.m.a.ControllerMethodResolver - ControllerAdvice beans: none
12:33:22.015 [Test worker] DEBUG o.s.w.s.a.HttpWebHandlerAdapter - enableLoggingRequestDetails='false': form data and headers will be masked to prevent unsafe logging of potentially sensitive data
12:33:22.016 [Test worker] DEBUG o.s.w.t.h.s.r.b.TomcatHttpServer - Starting TomcatHttpServer...
12:33:22.026 [Test worker] DEBUG o.s.w.t.h.s.r.b.TomcatHttpServer - Server started on port 52661(0 millis).
12:33:22.026 [Test worker] DEBUG o.s.w.c.RestTemplate - HTTP POST http://localhost:52661/person-transform/rxjava2-single
12:33:22.027 [Test worker] DEBUG o.s.w.c.RestTemplate - Accept=[application/xml, text/xml, application/json, application/x-jackson-smile, application/*+xml, application/*+json]
12:33:22.027 [Test worker] DEBUG o.s.w.c.RestTemplate - Writing [Person{name='Robert'}] as "application/json"
12:33:22.058 [http-nio-auto-69-exec-1] DEBUG o.s.w.s.a.HttpWebHandlerAdapter - [5166ecf] HTTP POST "/person-transform/rxjava2-single"
12:33:22.058 [http-nio-auto-69-exec-1] DEBUG o.s.w.r.r.m.a.RequestMappingHandlerMapping - [5166ecf] Mapped to org.springframework.web.reactive.result.method.annotation.RequestMappingMessageConversionIntegrationTests$PersonTransformationController#transformRxJava2Single(Single)
12:33:22.059 [http-nio-auto-69-exec-1] DEBUG o.s.w.r.r.m.a.RequestBodyMethodArgumentResolver - [5166ecf] Content-Type:application/json
12:33:22.059 [http-nio-auto-69-exec-1] DEBUG o.s.w.r.r.m.a.RequestBodyMethodArgumentResolver - [5166ecf] 0..1 [org.springframework.web.reactive.result.method.annotation.RequestMappingMessageConversionIntegrationTests$Person]
12:33:22.060 [http-nio-auto-69-exec-1] DEBUG o.s.w.r.r.m.a.ResponseBodyResultHandler - Using 'application/json' given [application/json] and supported [application/json, application/*+json, application/x-jackson-smile, application/*+x-jackson-smile, application/xml, text/xml, text/event-stream]
12:33:22.060 [http-nio-auto-69-exec-1] DEBUG o.s.w.r.r.m.a.ResponseBodyResultHandler - [5166ecf] 0..1 [org.springframework.web.reactive.result.method.annotation.RequestMappingMessageConversionIntegrationTests$Person]
12:33:22.061 [http-nio-auto-69-exec-1] DEBUG o.s.h.c.j.Jackson2JsonDecoder - [5166ecf] Decoded [Person{name='Robert'}]
12:33:22.061 [http-nio-auto-69-exec-1] DEBUG o.s.h.c.j.Jackson2JsonEncoder - [5166ecf] Encoding [Person{name='ROBERT'}]
12:33:22.062 [Test worker] DEBUG o.s.w.c.RestTemplate - Response 200 OK
12:33:22.062 [Test worker] DEBUG o.s.w.c.RestTemplate - Reading to [org.springframework.web.reactive.result.method.annotation.RequestMappingMessageConversionIntegrationTests$Person]
12:33:22.062 [Test worker] DEBUG o.s.w.t.h.s.r.b.TomcatHttpServer - Stopping TomcatHttpServer...
12:33:22.067 [http-nio-auto-69-exec-1] DEBUG o.s.w.s.a.HttpWebHandlerAdapter - [5166ecf] Completed 200 OK
12:33:22.490 [Test worker] DEBUG o.s.w.t.h.s.r.b.TomcatHttpServer - Server stopped (0 millis).
12:33:22.632 [Test worker] DEBUG o.s.w.r.r.m.a.RequestMappingHandlerMapping - 39 mappings in 'requestMappingHandlerMapping'
12:33:22.659 [Test worker] DEBUG o.s.w.r.r.m.a.ControllerMethodResolver - ControllerAdvice beans: none
12:33:22.698 [Test worker] DEBUG o.s.w.s.a.HttpWebHandlerAdapter - enableLoggingRequestDetails='false': form data and headers will be masked to prevent unsafe logging of potentially sensitive data
12:33:22.698 [Test worker] DEBUG o.s.w.t.h.s.r.b.UndertowHttpServer - Starting UndertowHttpServer...
12:33:22.698 [Test worker] INFO  i.undertow - starting server: Undertow - 2.0.32.Final
12:33:22.707 [Test worker] DEBUG o.s.w.t.h.s.r.b.UndertowHttpServer - Server started on port 52679(0 millis).
12:33:22.707 [Test worker] DEBUG o.s.w.c.RestTemplate - HTTP POST http://localhost:52679/person-transform/rxjava2-single
12:33:22.708 [Test worker] DEBUG o.s.w.c.RestTemplate - Accept=[application/xml, text/xml, application/json, application/x-jackson-smile, application/*+xml, application/*+json]
12:33:22.708 [Test worker] DEBUG o.s.w.c.RestTemplate - Writing [Person{name='Robert'}] as "application/json"
12:33:22.723 [XNIO-69 I/O-2] DEBUG o.s.w.s.a.HttpWebHandlerAdapter - [70af7dbe] HTTP POST "/person-transform/rxjava2-single"
12:33:22.723 [XNIO-69 I/O-2] DEBUG o.s.w.r.r.m.a.RequestMappingHandlerMapping - [70af7dbe] Mapped to org.springframework.web.reactive.result.method.annotation.RequestMappingMessageConversionIntegrationTests$PersonTransformationController#transformRxJava2Single(Single)
12:33:22.724 [XNIO-69 I/O-2] DEBUG o.s.w.r.r.m.a.RequestBodyMethodArgumentResolver - [70af7dbe] Content-Type:application/json
12:33:22.724 [XNIO-69 I/O-2] DEBUG o.s.w.r.r.m.a.RequestBodyMethodArgumentResolver - [70af7dbe] 0..1 [org.springframework.web.reactive.result.method.annotation.RequestMappingMessageConversionIntegrationTests$Person]
12:33:22.725 [XNIO-69 I/O-2] DEBUG o.s.w.r.r.m.a.ResponseBodyResultHandler - Using 'application/json' given [application/json] and supported [application/json, application/*+json, application/x-jackson-smile, application/*+x-jackson-smile, application/xml, text/xml, text/event-stream]
12:33:22.725 [XNIO-69 I/O-2] DEBUG o.s.w.r.r.m.a.ResponseBodyResultHandler - [70af7dbe] 0..1 [org.springframework.web.reactive.result.method.annotation.RequestMappingMessageConversionIntegrationTests$Person]
12:33:22.726 [XNIO-69 I/O-2] DEBUG o.s.h.c.j.Jackson2JsonDecoder - [70af7dbe] Decoded [Person{name='Robert'}]
12:33:22.726 [XNIO-69 I/O-2] DEBUG o.s.h.c.j.Jackson2JsonEncoder - [70af7dbe] Encoding [Person{name='ROBERT'}]
12:33:22.751 [XNIO-69 I/O-2] DEBUG o.s.w.s.a.HttpWebHandlerAdapter - [70af7dbe] Completed 200 OK
12:33:22.752 [Test worker] DEBUG o.s.w.c.RestTemplate - Response 200 OK
12:33:22.752 [Test worker] DEBUG o.s.w.c.RestTemplate - Reading to [org.springframework.web.reactive.result.method.annotation.RequestMappingMessageConversionIntegrationTests$Person]
12:33:22.768 [Test worker] DEBUG o.s.w.t.h.s.r.b.UndertowHttpServer - Stopping UndertowHttpServer...
12:33:22.768 [Test worker] INFO  i.undertow - stopping server: Undertow - 2.0.32.Final
12:33:22.775 [Test worker] DEBUG o.s.w.t.h.s.r.b.UndertowHttpServer - Server stopped (0 millis).
12:33:22.904 [Test worker] DEBUG o.s.w.r.r.m.a.RequestMappingHandlerMapping - 39 mappings in 'requestMappingHandlerMapping'
12:33:22.944 [Test worker] DEBUG o.s.w.r.r.m.a.ControllerMethodResolver - ControllerAdvice beans: none
12:33:22.969 [Test worker] DEBUG o.s.w.s.a.HttpWebHandlerAdapter - enableLoggingRequestDetails='false': form data and headers will be masked to prevent unsafe logging of potentially sensitive data
12:33:22.969 [Test worker] WARN  o.e.j.s.h.ContextHandler - Empty contextPath
12:33:22.970 [Test worker] INFO  o.e.j.s.h.ContextHandler - Started o.e.j.s.ServletContextHandler@1d98cd87{/,null,AVAILABLE}
12:33:22.970 [Test worker] DEBUG o.s.w.t.h.s.r.b.JettyHttpServer - Starting JettyHttpServer...
12:33:22.970 [Test worker] INFO  o.e.j.s.Server - jetty-9.4.31.v20200723; built: 2020-07-23T17:57:36.812Z; git: 450ba27947e13e66baa8cd1ce7e85a4461cacc1d; jvm 1.8.0_191-b12
12:33:22.980 [Test worker] INFO  o.e.j.s.AbstractConnector - Started ServerConnector@70c35e4b{HTTP/1.1, (http/1.1)}{0.0.0.0:52693}
12:33:22.980 [Test worker] INFO  o.e.j.s.Server - Started @290671ms
12:33:22.980 [Test worker] DEBUG o.s.w.t.h.s.r.b.JettyHttpServer - Server started on port 52693(0 millis).
12:33:22.980 [Test worker] DEBUG o.s.w.c.RestTemplate - HTTP POST http://localhost:52693/person-transform/publisher
12:33:22.981 [Test worker] DEBUG o.s.w.c.RestTemplate - Accept=[application/json, application/x-jackson-smile, application/*+json]
12:33:22.981 [Test worker] DEBUG o.s.w.c.RestTemplate - Writing [[Person{name='Robert'}, Person{name='Marie'}]] as "application/json"
12:33:23.000 [qtp1373538814-2037] DEBUG o.s.w.s.a.HttpWebHandlerAdapter - [64c721ae] HTTP POST "/person-transform/publisher"
12:33:23.001 [qtp1373538814-2037] DEBUG o.s.w.r.r.m.a.RequestMappingHandlerMapping - [64c721ae] Mapped to org.springframework.web.reactive.result.method.annotation.RequestMappingMessageConversionIntegrationTests$PersonTransformationController#transformPublisher(Publisher)
12:33:23.001 [qtp1373538814-2037] DEBUG o.s.w.r.r.m.a.RequestBodyMethodArgumentResolver - [64c721ae] Content-Type:application/json;charset=UTF-8
12:33:23.002 [qtp1373538814-2037] DEBUG o.s.w.r.r.m.a.RequestBodyMethodArgumentResolver - [64c721ae] 0..N [org.springframework.web.reactive.result.method.annotation.RequestMappingMessageConversionIntegrationTests$Person]
12:33:23.003 [qtp1373538814-2037] DEBUG o.s.w.r.r.m.a.ResponseBodyResultHandler - Using 'application/json' given [application/json] and supported [application/json, application/*+json, application/x-jackson-smile, application/*+x-jackson-smile, application/xml, text/xml, text/event-stream]
12:33:23.003 [qtp1373538814-2037] DEBUG o.s.w.r.r.m.a.ResponseBodyResultHandler - [64c721ae] 0..N [org.springframework.web.reactive.result.method.annotation.RequestMappingMessageConversionIntegrationTests$Person]
12:33:23.004 [qtp1373538814-2037] DEBUG o.s.h.c.j.Jackson2JsonDecoder - [64c721ae] Decoded [Person{name='Robert'}]
12:33:23.004 [qtp1373538814-2037] DEBUG o.s.h.c.j.Jackson2JsonDecoder - [64c721ae] Decoded [Person{name='Marie'}]
12:33:23.004 [qtp1373538814-2037] DEBUG o.s.h.c.j.Jackson2JsonEncoder - [64c721ae] Encoding [[Person{name='ROBERT'}, Person{name='MARIE'}]]
12:33:23.005 [Test worker] DEBUG o.s.w.c.RestTemplate - Response 200 OK
12:33:23.005 [Test worker] DEBUG o.s.w.c.RestTemplate - Reading to [java.util.List<org.springframework.web.reactive.result.method.annotation.RequestMappingMessageConversionIntegrationTests$Person>]
12:33:23.006 [qtp1373538814-2037] DEBUG o.s.w.s.a.HttpWebHandlerAdapter - [64c721ae] Completed 200 OK
12:33:23.008 [Test worker] DEBUG o.s.w.t.h.s.r.b.JettyHttpServer - Stopping JettyHttpServer...
12:33:23.008 [Test worker] INFO  o.e.j.s.h.ContextHandler - Stopped o.e.j.s.ServletContextHandler@1d98cd87{/,null,UNAVAILABLE}
12:33:23.011 [Test worker] INFO  o.e.j.s.AbstractConnector - Stopped ServerConnector@70c35e4b{HTTP/1.1, (http/1.1)}{0.0.0.0:0}
12:33:23.013 [Test worker] DEBUG o.s.w.t.h.s.r.b.JettyHttpServer - Server stopped (0 millis).
12:33:23.134 [Test worker] DEBUG o.s.w.r.r.m.a.RequestMappingHandlerMapping - 39 mappings in 'requestMappingHandlerMapping'
12:33:23.161 [Test worker] DEBUG o.s.w.r.r.m.a.ControllerMethodResolver - ControllerAdvice beans: none
12:33:23.199 [Test worker] DEBUG o.s.w.s.a.HttpWebHandlerAdapter - enableLoggingRequestDetails='false': form data and headers will be masked to prevent unsafe logging of potentially sensitive data
12:33:23.200 [Test worker] DEBUG o.s.w.t.h.s.r.b.ReactorHttpServer - Starting ReactorHttpServer...
12:33:23.202 [Test worker] DEBUG o.s.w.t.h.s.r.b.ReactorHttpServer - Server started on port 52705(0 millis).
12:33:23.205 [Test worker] DEBUG o.s.w.c.RestTemplate - HTTP POST http://localhost:52705/person-transform/publisher
12:33:23.205 [Test worker] DEBUG o.s.w.c.RestTemplate - Accept=[application/json, application/x-jackson-smile, application/*+json]
12:33:23.205 [Test worker] DEBUG o.s.w.c.RestTemplate - Writing [[Person{name='Robert'}, Person{name='Marie'}]] as "application/json"
12:33:23.208 [reactor-http-nio-4] DEBUG o.s.w.s.a.HttpWebHandlerAdapter - [3b8e7410-73] HTTP POST "/person-transform/publisher"
12:33:23.208 [reactor-http-nio-4] DEBUG o.s.w.r.r.m.a.RequestMappingHandlerMapping - [3b8e7410-73] Mapped to org.springframework.web.reactive.result.method.annotation.RequestMappingMessageConversionIntegrationTests$PersonTransformationController#transformPublisher(Publisher)
12:33:23.209 [reactor-http-nio-4] DEBUG o.s.w.r.r.m.a.RequestBodyMethodArgumentResolver - [3b8e7410-73] Content-Type:application/json
12:33:23.209 [reactor-http-nio-4] DEBUG o.s.w.r.r.m.a.RequestBodyMethodArgumentResolver - [3b8e7410-73] 0..N [org.springframework.web.reactive.result.method.annotation.RequestMappingMessageConversionIntegrationTests$Person]
12:33:23.210 [reactor-http-nio-4] DEBUG o.s.w.r.r.m.a.ResponseBodyResultHandler - Using 'application/json' given [application/json] and supported [application/json, application/*+json, application/x-jackson-smile, application/*+x-jackson-smile, application/xml, text/xml, text/event-stream]
12:33:23.210 [reactor-http-nio-4] DEBUG o.s.w.r.r.m.a.ResponseBodyResultHandler - [3b8e7410-73] 0..N [org.springframework.web.reactive.result.method.annotation.RequestMappingMessageConversionIntegrationTests$Person]
12:33:23.211 [reactor-http-nio-4] DEBUG o.s.h.c.j.Jackson2JsonDecoder - [3b8e7410-73] Decoded [Person{name='Robert'}]
12:33:23.211 [reactor-http-nio-4] DEBUG o.s.h.c.j.Jackson2JsonDecoder - [3b8e7410-73] Decoded [Person{name='Marie'}]
12:33:23.211 [reactor-http-nio-4] DEBUG o.s.h.c.j.Jackson2JsonEncoder - [3b8e7410-73] Encoding [[Person{name='ROBERT'}, Person{name='MARIE'}]]
12:33:23.212 [Test worker] DEBUG o.s.w.c.RestTemplate - Response 200 OK
12:33:23.213 [Test worker] DEBUG o.s.w.c.RestTemplate - Reading to [java.util.List<org.springframework.web.reactive.result.method.annotation.RequestMappingMessageConversionIntegrationTests$Person>]
12:33:23.214 [Test worker] DEBUG o.s.w.t.h.s.r.b.ReactorHttpServer - Stopping ReactorHttpServer...
12:33:23.214 [Test worker] DEBUG o.s.w.t.h.s.r.b.ReactorHttpServer - Server stopped (0 millis).
12:33:23.214 [reactor-http-nio-4] DEBUG o.s.w.s.a.HttpWebHandlerAdapter - [3b8e7410-73] Completed 200 OK
12:33:23.325 [Test worker] DEBUG o.s.w.r.r.m.a.RequestMappingHandlerMapping - 39 mappings in 'requestMappingHandlerMapping'
12:33:23.356 [Test worker] DEBUG o.s.w.r.r.m.a.ControllerMethodResolver - ControllerAdvice beans: none
12:33:23.389 [Test worker] DEBUG o.s.w.s.a.HttpWebHandlerAdapter - enableLoggingRequestDetails='false': form data and headers will be masked to prevent unsafe logging of potentially sensitive data
12:33:23.390 [Test worker] DEBUG o.s.w.t.h.s.r.b.TomcatHttpServer - Starting TomcatHttpServer...
12:33:23.406 [Test worker] DEBUG o.s.w.t.h.s.r.b.TomcatHttpServer - Server started on port 52707(0 millis).
12:33:23.406 [Test worker] DEBUG o.s.w.c.RestTemplate - HTTP POST http://localhost:52707/person-transform/publisher
12:33:23.406 [Test worker] DEBUG o.s.w.c.RestTemplate - Accept=[application/json, application/x-jackson-smile, application/*+json]
12:33:23.407 [Test worker] DEBUG o.s.w.c.RestTemplate - Writing [[Person{name='Robert'}, Person{name='Marie'}]] as "application/json"
12:33:23.474 [http-nio-auto-70-exec-1] DEBUG o.s.w.s.a.HttpWebHandlerAdapter - [3970f1d4] HTTP POST "/person-transform/publisher"
12:33:23.474 [http-nio-auto-70-exec-1] DEBUG o.s.w.r.r.m.a.RequestMappingHandlerMapping - [3970f1d4] Mapped to org.springframework.web.reactive.result.method.annotation.RequestMappingMessageConversionIntegrationTests$PersonTransformationController#transformPublisher(Publisher)
12:33:23.475 [http-nio-auto-70-exec-1] DEBUG o.s.w.r.r.m.a.RequestBodyMethodArgumentResolver - [3970f1d4] Content-Type:application/json
12:33:23.475 [http-nio-auto-70-exec-1] DEBUG o.s.w.r.r.m.a.RequestBodyMethodArgumentResolver - [3970f1d4] 0..N [org.springframework.web.reactive.result.method.annotation.RequestMappingMessageConversionIntegrationTests$Person]
12:33:23.480 [http-nio-auto-70-exec-1] DEBUG o.s.w.r.r.m.a.ResponseBodyResultHandler - Using 'application/json' given [application/json] and supported [application/json, application/*+json, application/x-jackson-smile, application/*+x-jackson-smile, application/xml, text/xml, text/event-stream]
12:33:23.480 [http-nio-auto-70-exec-1] DEBUG o.s.w.r.r.m.a.ResponseBodyResultHandler - [3970f1d4] 0..N [org.springframework.web.reactive.result.method.annotation.RequestMappingMessageConversionIntegrationTests$Person]
12:33:23.482 [http-nio-auto-70-exec-1] DEBUG o.s.h.c.j.Jackson2JsonDecoder - [3970f1d4] Decoded [Person{name='Robert'}]
12:33:23.482 [http-nio-auto-70-exec-1] DEBUG o.s.h.c.j.Jackson2JsonDecoder - [3970f1d4] Decoded [Person{name='Marie'}]
12:33:23.487 [http-nio-auto-70-exec-1] DEBUG o.s.h.c.j.Jackson2JsonEncoder - [3970f1d4] Encoding [[Person{name='ROBERT'}, Person{name='MARIE'}]]
12:33:23.488 [Test worker] DEBUG o.s.w.c.RestTemplate - Response 200 OK
12:33:23.488 [Test worker] DEBUG o.s.w.c.RestTemplate - Reading to [java.util.List<org.springframework.web.reactive.result.method.annotation.RequestMappingMessageConversionIntegrationTests$Person>]
12:33:23.489 [Test worker] DEBUG o.s.w.t.h.s.r.b.TomcatHttpServer - Stopping TomcatHttpServer...
12:33:23.497 [http-nio-auto-70-exec-1] DEBUG o.s.w.s.a.HttpWebHandlerAdapter - [3970f1d4] Completed 200 OK
12:33:23.879 [Test worker] DEBUG o.s.w.t.h.s.r.b.TomcatHttpServer - Server stopped (0 millis).
12:33:23.994 [Test worker] DEBUG o.s.w.r.r.m.a.RequestMappingHandlerMapping - 39 mappings in 'requestMappingHandlerMapping'
12:33:24.024 [Test worker] DEBUG o.s.w.r.r.m.a.ControllerMethodResolver - ControllerAdvice beans: none
12:33:24.052 [Test worker] DEBUG o.s.w.s.a.HttpWebHandlerAdapter - enableLoggingRequestDetails='false': form data and headers will be masked to prevent unsafe logging of potentially sensitive data
12:33:24.053 [Test worker] DEBUG o.s.w.t.h.s.r.b.UndertowHttpServer - Starting UndertowHttpServer...
12:33:24.053 [Test worker] INFO  i.undertow - starting server: Undertow - 2.0.32.Final
12:33:24.073 [Test worker] DEBUG o.s.w.t.h.s.r.b.UndertowHttpServer - Server started on port 52733(0 millis).
12:33:24.074 [Test worker] DEBUG o.s.w.c.RestTemplate - HTTP POST http://localhost:52733/person-transform/publisher
12:33:24.074 [Test worker] DEBUG o.s.w.c.RestTemplate - Accept=[application/json, application/x-jackson-smile, application/*+json]
12:33:24.075 [Test worker] DEBUG o.s.w.c.RestTemplate - Writing [[Person{name='Robert'}, Person{name='Marie'}]] as "application/json"
12:33:24.087 [XNIO-70 I/O-2] DEBUG o.s.w.s.a.HttpWebHandlerAdapter - [45c4a4bf] HTTP POST "/person-transform/publisher"
12:33:24.087 [XNIO-70 I/O-2] DEBUG o.s.w.r.r.m.a.RequestMappingHandlerMapping - [45c4a4bf] Mapped to org.springframework.web.reactive.result.method.annotation.RequestMappingMessageConversionIntegrationTests$PersonTransformationController#transformPublisher(Publisher)
12:33:24.088 [XNIO-70 I/O-2] DEBUG o.s.w.r.r.m.a.RequestBodyMethodArgumentResolver - [45c4a4bf] Content-Type:application/json
12:33:24.088 [XNIO-70 I/O-2] DEBUG o.s.w.r.r.m.a.RequestBodyMethodArgumentResolver - [45c4a4bf] 0..N [org.springframework.web.reactive.result.method.annotation.RequestMappingMessageConversionIntegrationTests$Person]
12:33:24.089 [XNIO-70 I/O-2] DEBUG o.s.w.r.r.m.a.ResponseBodyResultHandler - Using 'application/json' given [application/json] and supported [application/json, application/*+json, application/x-jackson-smile, application/*+x-jackson-smile, application/xml, text/xml, text/event-stream]
12:33:24.089 [XNIO-70 I/O-2] DEBUG o.s.w.r.r.m.a.ResponseBodyResultHandler - [45c4a4bf] 0..N [org.springframework.web.reactive.result.method.annotation.RequestMappingMessageConversionIntegrationTests$Person]
12:33:24.089 [XNIO-70 I/O-2] DEBUG o.s.h.c.j.Jackson2JsonDecoder - [45c4a4bf] Decoded [Person{name='Robert'}]
12:33:24.089 [XNIO-70 I/O-2] DEBUG o.s.h.c.j.Jackson2JsonDecoder - [45c4a4bf] Decoded [Person{name='Marie'}]
12:33:24.089 [XNIO-70 I/O-2] DEBUG o.s.h.c.j.Jackson2JsonEncoder - [45c4a4bf] Encoding [[Person{name='ROBERT'}, Person{name='MARIE'}]]
12:33:24.090 [Test worker] DEBUG o.s.w.c.RestTemplate - Response 200 OK
12:33:24.090 [Test worker] DEBUG o.s.w.c.RestTemplate - Reading to [java.util.List<org.springframework.web.reactive.result.method.annotation.RequestMappingMessageConversionIntegrationTests$Person>]
12:33:24.091 [Test worker] DEBUG o.s.w.t.h.s.r.b.UndertowHttpServer - Stopping UndertowHttpServer...
12:33:24.091 [Test worker] INFO  i.undertow - stopping server: Undertow - 2.0.32.Final
12:33:24.093 [XNIO-70 I/O-2] DEBUG o.s.w.s.a.HttpWebHandlerAdapter - [45c4a4bf] Completed 200 OK
12:33:24.094 [Test worker] DEBUG o.s.w.t.h.s.r.b.UndertowHttpServer - Server stopped (0 millis).
12:33:24.166 [Test worker] DEBUG o.s.w.r.r.m.a.RequestMappingHandlerMapping - 39 mappings in 'requestMappingHandlerMapping'
12:33:24.193 [Test worker] DEBUG o.s.w.r.r.m.a.ControllerMethodResolver - ControllerAdvice beans: none
12:33:24.219 [Test worker] DEBUG o.s.w.s.a.HttpWebHandlerAdapter - enableLoggingRequestDetails='false': form data and headers will be masked to prevent unsafe logging of potentially sensitive data
12:33:24.219 [Test worker] WARN  o.e.j.s.h.ContextHandler - Empty contextPath
12:33:24.219 [Test worker] INFO  o.e.j.s.h.ContextHandler - Started o.e.j.s.ServletContextHandler@4c6967c4{/,null,AVAILABLE}
12:33:24.220 [Test worker] DEBUG o.s.w.t.h.s.r.b.JettyHttpServer - Starting JettyHttpServer...
12:33:24.220 [Test worker] INFO  o.e.j.s.Server - jetty-9.4.31.v20200723; built: 2020-07-23T17:57:36.812Z; git: 450ba27947e13e66baa8cd1ce7e85a4461cacc1d; jvm 1.8.0_191-b12
12:33:24.228 [Test worker] INFO  o.e.j.s.AbstractConnector - Started ServerConnector@5eda08b{HTTP/1.1, (http/1.1)}{0.0.0.0:52735}
12:33:24.228 [Test worker] INFO  o.e.j.s.Server - Started @291919ms
12:33:24.228 [Test worker] DEBUG o.s.w.t.h.s.r.b.JettyHttpServer - Server started on port 52735(0 millis).
12:33:24.228 [Test worker] DEBUG o.s.w.c.RestTemplate - HTTP POST http://localhost:52735/person-create/observable
12:33:24.229 [Test worker] DEBUG o.s.w.c.RestTemplate - Accept=[application/json, application/x-jackson-smile, application/*+json]
12:33:24.229 [Test worker] DEBUG o.s.w.c.RestTemplate - Writing [[Person{name='Robert'}, Person{name='Marie'}]] as "application/json"
12:33:24.236 [qtp1782407461-2066] DEBUG o.s.w.s.a.HttpWebHandlerAdapter - [78986dee] HTTP POST "/person-create/observable"
12:33:24.236 [qtp1782407461-2066] DEBUG o.s.w.r.r.m.a.RequestMappingHandlerMapping - [78986dee] Mapped to org.springframework.web.reactive.result.method.annotation.RequestMappingMessageConversionIntegrationTests$PersonCreateController#createWithObservable(Observable)
12:33:24.237 [qtp1782407461-2066] DEBUG o.s.w.r.r.m.a.RequestBodyMethodArgumentResolver - [78986dee] Content-Type:application/json;charset=UTF-8
12:33:24.237 [qtp1782407461-2066] DEBUG o.s.w.r.r.m.a.RequestBodyMethodArgumentResolver - [78986dee] 0..N [org.springframework.web.reactive.result.method.annotation.RequestMappingMessageConversionIntegrationTests$Person]
12:33:24.238 [qtp1782407461-2066] DEBUG o.s.h.c.j.Jackson2JsonDecoder - [78986dee] Decoded [Person{name='Robert'}]
12:33:24.238 [qtp1782407461-2066] DEBUG o.s.h.c.j.Jackson2JsonDecoder - [78986dee] Decoded [Person{name='Marie'}]
12:33:24.238 [qtp1782407461-2066] DEBUG o.s.w.s.a.HttpWebHandlerAdapter - [78986dee] Completed 200 OK
12:33:24.239 [Test worker] DEBUG o.s.w.c.RestTemplate - Response 200 OK
12:33:24.239 [Test worker] DEBUG o.s.w.t.h.s.r.b.JettyHttpServer - Stopping JettyHttpServer...
12:33:24.239 [Test worker] INFO  o.e.j.s.h.ContextHandler - Stopped o.e.j.s.ServletContextHandler@4c6967c4{/,null,UNAVAILABLE}
12:33:24.243 [Test worker] INFO  o.e.j.s.AbstractConnector - Stopped ServerConnector@5eda08b{HTTP/1.1, (http/1.1)}{0.0.0.0:0}
12:33:24.244 [Test worker] DEBUG o.s.w.t.h.s.r.b.JettyHttpServer - Server stopped (0 millis).
12:33:24.358 [Test worker] DEBUG o.s.w.r.r.m.a.RequestMappingHandlerMapping - 39 mappings in 'requestMappingHandlerMapping'
12:33:24.387 [Test worker] DEBUG o.s.w.r.r.m.a.ControllerMethodResolver - ControllerAdvice beans: none
12:33:24.419 [Test worker] DEBUG o.s.w.s.a.HttpWebHandlerAdapter - enableLoggingRequestDetails='false': form data and headers will be masked to prevent unsafe logging of potentially sensitive data
12:33:24.419 [Test worker] DEBUG o.s.w.t.h.s.r.b.ReactorHttpServer - Starting ReactorHttpServer...
12:33:24.425 [Test worker] DEBUG o.s.w.t.h.s.r.b.ReactorHttpServer - Server started on port 52753(0 millis).
12:33:24.425 [Test worker] DEBUG o.s.w.c.RestTemplate - HTTP POST http://localhost:52753/person-create/observable
12:33:24.426 [Test worker] DEBUG o.s.w.c.RestTemplate - Accept=[application/json, application/x-jackson-smile, application/*+json]
12:33:24.426 [Test worker] DEBUG o.s.w.c.RestTemplate - Writing [[Person{name='Robert'}, Person{name='Marie'}]] as "application/json"
12:33:24.437 [reactor-http-nio-2] DEBUG o.s.w.s.a.HttpWebHandlerAdapter - [883f0731-74] HTTP POST "/person-create/observable"
12:33:24.437 [reactor-http-nio-2] DEBUG o.s.w.r.r.m.a.RequestMappingHandlerMapping - [883f0731-74] Mapped to org.springframework.web.reactive.result.method.annotation.RequestMappingMessageConversionIntegrationTests$PersonCreateController#createWithObservable(Observable)
12:33:24.438 [reactor-http-nio-2] DEBUG o.s.w.r.r.m.a.RequestBodyMethodArgumentResolver - [883f0731-74] Content-Type:application/json
12:33:24.438 [reactor-http-nio-2] DEBUG o.s.w.r.r.m.a.RequestBodyMethodArgumentResolver - [883f0731-74] 0..N [org.springframework.web.reactive.result.method.annotation.RequestMappingMessageConversionIntegrationTests$Person]
12:33:24.439 [reactor-http-nio-2] DEBUG o.s.h.c.j.Jackson2JsonDecoder - [883f0731-74] Decoded [Person{name='Robert'}]
12:33:24.439 [reactor-http-nio-2] DEBUG o.s.h.c.j.Jackson2JsonDecoder - [883f0731-74] Decoded [Person{name='Marie'}]
12:33:24.439 [reactor-http-nio-2] DEBUG o.s.w.s.a.HttpWebHandlerAdapter - [883f0731-74] Completed 200 OK
12:33:24.440 [Test worker] DEBUG o.s.w.c.RestTemplate - Response 200 OK
12:33:24.441 [Test worker] DEBUG o.s.w.t.h.s.r.b.ReactorHttpServer - Stopping ReactorHttpServer...
12:33:24.441 [Test worker] DEBUG o.s.w.t.h.s.r.b.ReactorHttpServer - Server stopped (0 millis).
12:33:24.529 [Test worker] DEBUG o.s.w.r.r.m.a.RequestMappingHandlerMapping - 39 mappings in 'requestMappingHandlerMapping'
12:33:24.573 [Test worker] DEBUG o.s.w.r.r.m.a.ControllerMethodResolver - ControllerAdvice beans: none
12:33:24.598 [Test worker] DEBUG o.s.w.s.a.HttpWebHandlerAdapter - enableLoggingRequestDetails='false': form data and headers will be masked to prevent unsafe logging of potentially sensitive data
12:33:24.599 [Test worker] DEBUG o.s.w.t.h.s.r.b.TomcatHttpServer - Starting TomcatHttpServer...
12:33:24.611 [Test worker] DEBUG o.s.w.t.h.s.r.b.TomcatHttpServer - Server started on port 52761(0 millis).
12:33:24.611 [Test worker] DEBUG o.s.w.c.RestTemplate - HTTP POST http://localhost:52761/person-create/observable
12:33:24.611 [Test worker] DEBUG o.s.w.c.RestTemplate - Accept=[application/json, application/x-jackson-smile, application/*+json]
12:33:24.612 [Test worker] DEBUG o.s.w.c.RestTemplate - Writing [[Person{name='Robert'}, Person{name='Marie'}]] as "application/json"
12:33:24.623 [http-nio-auto-71-exec-1] DEBUG o.s.w.s.a.HttpWebHandlerAdapter - [da3c0f3] HTTP POST "/person-create/observable"
12:33:24.623 [http-nio-auto-71-exec-1] DEBUG o.s.w.r.r.m.a.RequestMappingHandlerMapping - [da3c0f3] Mapped to org.springframework.web.reactive.result.method.annotation.RequestMappingMessageConversionIntegrationTests$PersonCreateController#createWithObservable(Observable)
12:33:24.623 [http-nio-auto-71-exec-1] DEBUG o.s.w.r.r.m.a.RequestBodyMethodArgumentResolver - [da3c0f3] Content-Type:application/json
12:33:24.624 [http-nio-auto-71-exec-1] DEBUG o.s.w.r.r.m.a.RequestBodyMethodArgumentResolver - [da3c0f3] 0..N [org.springframework.web.reactive.result.method.annotation.RequestMappingMessageConversionIntegrationTests$Person]
12:33:24.625 [http-nio-auto-71-exec-1] DEBUG o.s.h.c.j.Jackson2JsonDecoder - [da3c0f3] Decoded [Person{name='Robert'}]
12:33:24.625 [http-nio-auto-71-exec-1] DEBUG o.s.h.c.j.Jackson2JsonDecoder - [da3c0f3] Decoded [Person{name='Marie'}]
12:33:24.625 [http-nio-auto-71-exec-1] DEBUG o.s.w.s.a.HttpWebHandlerAdapter - [da3c0f3] Completed 200 OK
12:33:24.625 [Test worker] DEBUG o.s.w.c.RestTemplate - Response 200 OK
12:33:24.626 [Test worker] DEBUG o.s.w.t.h.s.r.b.TomcatHttpServer - Stopping TomcatHttpServer...
12:33:25.056 [Test worker] DEBUG o.s.w.t.h.s.r.b.TomcatHttpServer - Server stopped (0 millis).
12:33:25.160 [Test worker] DEBUG o.s.w.r.r.m.a.RequestMappingHandlerMapping - 39 mappings in 'requestMappingHandlerMapping'
12:33:25.193 [Test worker] DEBUG o.s.w.r.r.m.a.ControllerMethodResolver - ControllerAdvice beans: none
12:33:25.226 [Test worker] DEBUG o.s.w.s.a.HttpWebHandlerAdapter - enableLoggingRequestDetails='false': form data and headers will be masked to prevent unsafe logging of potentially sensitive data
12:33:25.226 [Test worker] DEBUG o.s.w.t.h.s.r.b.UndertowHttpServer - Starting UndertowHttpServer...
12:33:25.226 [Test worker] INFO  i.undertow - starting server: Undertow - 2.0.32.Final
12:33:25.235 [Test worker] DEBUG o.s.w.t.h.s.r.b.UndertowHttpServer - Server started on port 52786(0 millis).
12:33:25.235 [Test worker] DEBUG o.s.w.c.RestTemplate - HTTP POST http://localhost:52786/person-create/observable
12:33:25.236 [Test worker] DEBUG o.s.w.c.RestTemplate - Accept=[application/json, application/x-jackson-smile, application/*+json]
12:33:25.236 [Test worker] DEBUG o.s.w.c.RestTemplate - Writing [[Person{name='Robert'}, Person{name='Marie'}]] as "application/json"
12:33:25.243 [XNIO-71 I/O-2] DEBUG o.s.w.s.a.HttpWebHandlerAdapter - [32d3c107] HTTP POST "/person-create/observable"
12:33:25.244 [XNIO-71 I/O-2] DEBUG o.s.w.r.r.m.a.RequestMappingHandlerMapping - [32d3c107] Mapped to org.springframework.web.reactive.result.method.annotation.RequestMappingMessageConversionIntegrationTests$PersonCreateController#createWithObservable(Observable)
12:33:25.244 [XNIO-71 I/O-2] DEBUG o.s.w.r.r.m.a.RequestBodyMethodArgumentResolver - [32d3c107] Content-Type:application/json
12:33:25.245 [XNIO-71 I/O-2] DEBUG o.s.w.r.r.m.a.RequestBodyMethodArgumentResolver - [32d3c107] 0..N [org.springframework.web.reactive.result.method.annotation.RequestMappingMessageConversionIntegrationTests$Person]
12:33:25.246 [XNIO-71 I/O-2] DEBUG o.s.h.c.j.Jackson2JsonDecoder - [32d3c107] Decoded [Person{name='Robert'}]
12:33:25.246 [XNIO-71 I/O-2] DEBUG o.s.h.c.j.Jackson2JsonDecoder - [32d3c107] Decoded [Person{name='Marie'}]
12:33:25.247 [XNIO-71 I/O-2] DEBUG o.s.w.s.a.HttpWebHandlerAdapter - [32d3c107] Completed 200 OK
12:33:25.247 [Test worker] DEBUG o.s.w.c.RestTemplate - Response 200 OK
12:33:25.248 [Test worker] DEBUG o.s.w.t.h.s.r.b.UndertowHttpServer - Stopping UndertowHttpServer...
12:33:25.248 [Test worker] INFO  i.undertow - stopping server: Undertow - 2.0.32.Final
12:33:25.251 [Test worker] DEBUG o.s.w.t.h.s.r.b.UndertowHttpServer - Server stopped (0 millis).
12:33:25.372 [Test worker] DEBUG o.s.w.r.r.m.a.RequestMappingHandlerMapping - 39 mappings in 'requestMappingHandlerMapping'
12:33:25.417 [Test worker] DEBUG o.s.w.r.r.m.a.ControllerMethodResolver - ControllerAdvice beans: none
12:33:25.455 [Test worker] DEBUG o.s.w.s.a.HttpWebHandlerAdapter - enableLoggingRequestDetails='false': form data and headers will be masked to prevent unsafe logging of potentially sensitive data
12:33:25.456 [Test worker] WARN  o.e.j.s.h.ContextHandler - Empty contextPath
12:33:25.456 [Test worker] INFO  o.e.j.s.h.ContextHandler - Started o.e.j.s.ServletContextHandler@21dc49be{/,null,AVAILABLE}
12:33:25.457 [Test worker] DEBUG o.s.w.t.h.s.r.b.JettyHttpServer - Starting JettyHttpServer...
12:33:25.457 [Test worker] INFO  o.e.j.s.Server - jetty-9.4.31.v20200723; built: 2020-07-23T17:57:36.812Z; git: 450ba27947e13e66baa8cd1ce7e85a4461cacc1d; jvm 1.8.0_191-b12
12:33:25.463 [Test worker] INFO  o.e.j.s.AbstractConnector - Started ServerConnector@22f487c7{HTTP/1.1, (http/1.1)}{0.0.0.0:52788}
12:33:25.463 [Test worker] INFO  o.e.j.s.Server - Started @293154ms
12:33:25.463 [Test worker] DEBUG o.s.w.t.h.s.r.b.JettyHttpServer - Server started on port 52788(0 millis).
12:33:25.463 [Test worker] DEBUG o.s.w.c.RestTemplate - HTTP POST http://localhost:52788/person-create/mono
12:33:25.464 [Test worker] DEBUG o.s.w.c.RestTemplate - Accept=[application/json, application/x-jackson-smile, application/*+json]
12:33:25.464 [Test worker] DEBUG o.s.w.c.RestTemplate - Writing [Person{name='Robert'}] as "application/json"
12:33:25.468 [qtp1191215123-2095] DEBUG o.s.w.s.a.HttpWebHandlerAdapter - [4352d5ab] HTTP POST "/person-create/mono"
12:33:25.469 [qtp1191215123-2095] DEBUG o.s.w.r.r.m.a.RequestMappingHandlerMapping - [4352d5ab] Mapped to org.springframework.web.reactive.result.method.annotation.RequestMappingMessageConversionIntegrationTests$PersonCreateController#createWithMono(Mono)
12:33:25.469 [qtp1191215123-2095] DEBUG o.s.w.r.r.m.a.RequestBodyMethodArgumentResolver - [4352d5ab] Content-Type:application/json;charset=UTF-8
12:33:25.470 [qtp1191215123-2095] DEBUG o.s.w.r.r.m.a.RequestBodyMethodArgumentResolver - [4352d5ab] 0..1 [org.springframework.web.reactive.result.method.annotation.RequestMappingMessageConversionIntegrationTests$Person]
12:33:25.472 [qtp1191215123-2095] DEBUG o.s.h.c.j.Jackson2JsonDecoder - [4352d5ab] Decoded [Person{name='Robert'}]
12:33:25.472 [qtp1191215123-2095] DEBUG o.s.w.s.a.HttpWebHandlerAdapter - [4352d5ab] Completed 200 OK
12:33:25.472 [Test worker] DEBUG o.s.w.c.RestTemplate - Response 200 OK
12:33:25.473 [Test worker] DEBUG o.s.w.t.h.s.r.b.JettyHttpServer - Stopping JettyHttpServer...
12:33:25.473 [Test worker] INFO  o.e.j.s.h.ContextHandler - Stopped o.e.j.s.ServletContextHandler@21dc49be{/,null,UNAVAILABLE}
12:33:25.476 [Test worker] INFO  o.e.j.s.AbstractConnector - Stopped ServerConnector@22f487c7{HTTP/1.1, (http/1.1)}{0.0.0.0:0}
12:33:25.479 [Test worker] DEBUG o.s.w.t.h.s.r.b.JettyHttpServer - Server stopped (0 millis).
12:33:25.575 [Test worker] DEBUG o.s.w.r.r.m.a.RequestMappingHandlerMapping - 39 mappings in 'requestMappingHandlerMapping'
12:33:25.642 [Test worker] DEBUG o.s.w.r.r.m.a.ControllerMethodResolver - ControllerAdvice beans: none
12:33:25.672 [Test worker] DEBUG o.s.w.s.a.HttpWebHandlerAdapter - enableLoggingRequestDetails='false': form data and headers will be masked to prevent unsafe logging of potentially sensitive data
12:33:25.673 [Test worker] DEBUG o.s.w.t.h.s.r.b.ReactorHttpServer - Starting ReactorHttpServer...
12:33:25.675 [Test worker] DEBUG o.s.w.t.h.s.r.b.ReactorHttpServer - Server started on port 52795(0 millis).
12:33:25.675 [Test worker] DEBUG o.s.w.c.RestTemplate - HTTP POST http://localhost:52795/person-create/mono
12:33:25.675 [Test worker] DEBUG o.s.w.c.RestTemplate - Accept=[application/json, application/x-jackson-smile, application/*+json]
12:33:25.676 [Test worker] DEBUG o.s.w.c.RestTemplate - Writing [Person{name='Robert'}] as "application/json"
12:33:25.679 [reactor-http-nio-4] DEBUG o.s.w.s.a.HttpWebHandlerAdapter - [2e2390ad-75] HTTP POST "/person-create/mono"
12:33:25.679 [reactor-http-nio-4] DEBUG o.s.w.r.r.m.a.RequestMappingHandlerMapping - [2e2390ad-75] Mapped to org.springframework.web.reactive.result.method.annotation.RequestMappingMessageConversionIntegrationTests$PersonCreateController#createWithMono(Mono)
12:33:25.680 [reactor-http-nio-4] DEBUG o.s.w.r.r.m.a.RequestBodyMethodArgumentResolver - [2e2390ad-75] Content-Type:application/json
12:33:25.681 [reactor-http-nio-4] DEBUG o.s.w.r.r.m.a.RequestBodyMethodArgumentResolver - [2e2390ad-75] 0..1 [org.springframework.web.reactive.result.method.annotation.RequestMappingMessageConversionIntegrationTests$Person]
12:33:25.682 [reactor-http-nio-4] DEBUG o.s.h.c.j.Jackson2JsonDecoder - [2e2390ad-75] Decoded [Person{name='Robert'}]
12:33:25.682 [reactor-http-nio-4] DEBUG o.s.w.s.a.HttpWebHandlerAdapter - [2e2390ad-75] Completed 200 OK
12:33:25.683 [Test worker] DEBUG o.s.w.c.RestTemplate - Response 200 OK
12:33:25.683 [Test worker] DEBUG o.s.w.t.h.s.r.b.ReactorHttpServer - Stopping ReactorHttpServer...
12:33:25.683 [Test worker] DEBUG o.s.w.t.h.s.r.b.ReactorHttpServer - Server stopped (0 millis).
12:33:25.778 [Test worker] DEBUG o.s.w.r.r.m.a.RequestMappingHandlerMapping - 39 mappings in 'requestMappingHandlerMapping'
12:33:25.829 [Test worker] DEBUG o.s.w.r.r.m.a.ControllerMethodResolver - ControllerAdvice beans: none
12:33:25.890 [Test worker] DEBUG o.s.w.s.a.HttpWebHandlerAdapter - enableLoggingRequestDetails='false': form data and headers will be masked to prevent unsafe logging of potentially sensitive data
12:33:25.891 [Test worker] DEBUG o.s.w.t.h.s.r.b.TomcatHttpServer - Starting TomcatHttpServer...
12:33:25.902 [Test worker] DEBUG o.s.w.t.h.s.r.b.TomcatHttpServer - Server started on port 52809(0 millis).
12:33:25.902 [Test worker] DEBUG o.s.w.c.RestTemplate - HTTP POST http://localhost:52809/person-create/mono
12:33:25.902 [Test worker] DEBUG o.s.w.c.RestTemplate - Accept=[application/json, application/x-jackson-smile, application/*+json]
12:33:25.903 [Test worker] DEBUG o.s.w.c.RestTemplate - Writing [Person{name='Robert'}] as "application/json"
12:33:25.905 [http-nio-auto-72-exec-1] DEBUG o.s.w.s.a.HttpWebHandlerAdapter - [5a0b56f4] HTTP POST "/person-create/mono"
12:33:25.906 [http-nio-auto-72-exec-1] DEBUG o.s.w.r.r.m.a.RequestMappingHandlerMapping - [5a0b56f4] Mapped to org.springframework.web.reactive.result.method.annotation.RequestMappingMessageConversionIntegrationTests$PersonCreateController#createWithMono(Mono)
12:33:25.906 [http-nio-auto-72-exec-1] DEBUG o.s.w.r.r.m.a.RequestBodyMethodArgumentResolver - [5a0b56f4] Content-Type:application/json
12:33:25.906 [http-nio-auto-72-exec-1] DEBUG o.s.w.r.r.m.a.RequestBodyMethodArgumentResolver - [5a0b56f4] 0..1 [org.springframework.web.reactive.result.method.annotation.RequestMappingMessageConversionIntegrationTests$Person]
12:33:25.907 [http-nio-auto-72-exec-1] DEBUG o.s.h.c.j.Jackson2JsonDecoder - [5a0b56f4] Decoded [Person{name='Robert'}]
12:33:25.907 [http-nio-auto-72-exec-1] DEBUG o.s.w.s.a.HttpWebHandlerAdapter - [5a0b56f4] Completed 200 OK
12:33:25.908 [Test worker] DEBUG o.s.w.c.RestTemplate - Response 200 OK
12:33:25.908 [Test worker] DEBUG o.s.w.t.h.s.r.b.TomcatHttpServer - Stopping TomcatHttpServer...
12:33:26.127 [Test worker] DEBUG o.s.w.t.h.s.r.b.TomcatHttpServer - Server stopped (0 millis).
12:33:26.176 [Test worker] DEBUG o.s.w.r.r.m.a.RequestMappingHandlerMapping - 39 mappings in 'requestMappingHandlerMapping'
12:33:26.189 [Test worker] DEBUG o.s.w.r.r.m.a.ControllerMethodResolver - ControllerAdvice beans: none
12:33:26.202 [Test worker] DEBUG o.s.w.s.a.HttpWebHandlerAdapter - enableLoggingRequestDetails='false': form data and headers will be masked to prevent unsafe logging of potentially sensitive data
12:33:26.202 [Test worker] DEBUG o.s.w.t.h.s.r.b.UndertowHttpServer - Starting UndertowHttpServer...
12:33:26.202 [Test worker] INFO  i.undertow - starting server: Undertow - 2.0.32.Final
12:33:26.208 [Test worker] DEBUG o.s.w.t.h.s.r.b.UndertowHttpServer - Server started on port 52826(0 millis).
12:33:26.208 [Test worker] DEBUG o.s.w.c.RestTemplate - HTTP POST http://localhost:52826/person-create/mono
12:33:26.208 [Test worker] DEBUG o.s.w.c.RestTemplate - Accept=[application/json, application/x-jackson-smile, application/*+json]
12:33:26.209 [Test worker] DEBUG o.s.w.c.RestTemplate - Writing [Person{name='Robert'}] as "application/json"
12:33:26.211 [XNIO-72 I/O-2] DEBUG o.s.w.s.a.HttpWebHandlerAdapter - [22cef551] HTTP POST "/person-create/mono"
12:33:26.211 [XNIO-72 I/O-2] DEBUG o.s.w.r.r.m.a.RequestMappingHandlerMapping - [22cef551] Mapped to org.springframework.web.reactive.result.method.annotation.RequestMappingMessageConversionIntegrationTests$PersonCreateController#createWithMono(Mono)
12:33:26.211 [XNIO-72 I/O-2] DEBUG o.s.w.r.r.m.a.RequestBodyMethodArgumentResolver - [22cef551] Content-Type:application/json
12:33:26.212 [XNIO-72 I/O-2] DEBUG o.s.w.r.r.m.a.RequestBodyMethodArgumentResolver - [22cef551] 0..1 [org.springframework.web.reactive.result.method.annotation.RequestMappingMessageConversionIntegrationTests$Person]
12:33:26.212 [XNIO-72 I/O-2] DEBUG o.s.h.c.j.Jackson2JsonDecoder - [22cef551] Decoded [Person{name='Robert'}]
12:33:26.212 [XNIO-72 I/O-2] DEBUG o.s.w.s.a.HttpWebHandlerAdapter - [22cef551] Completed 200 OK
12:33:26.213 [Test worker] DEBUG o.s.w.c.RestTemplate - Response 200 OK
12:33:26.213 [Test worker] DEBUG o.s.w.t.h.s.r.b.UndertowHttpServer - Stopping UndertowHttpServer...
12:33:26.213 [Test worker] INFO  i.undertow - stopping server: Undertow - 2.0.32.Final
12:33:26.217 [Test worker] DEBUG o.s.w.t.h.s.r.b.UndertowHttpServer - Server stopped (0 millis).
12:33:26.291 [Test worker] DEBUG o.s.w.r.r.m.a.RequestMappingHandlerMapping - 39 mappings in 'requestMappingHandlerMapping'
12:33:26.318 [Test worker] DEBUG o.s.w.r.r.m.a.ControllerMethodResolver - ControllerAdvice beans: none
12:33:26.342 [Test worker] DEBUG o.s.w.s.a.HttpWebHandlerAdapter - enableLoggingRequestDetails='false': form data and headers will be masked to prevent unsafe logging of potentially sensitive data
12:33:26.342 [Test worker] WARN  o.e.j.s.h.ContextHandler - Empty contextPath
12:33:26.342 [Test worker] INFO  o.e.j.s.h.ContextHandler - Started o.e.j.s.ServletContextHandler@335b6573{/,null,AVAILABLE}
12:33:26.343 [Test worker] DEBUG o.s.w.t.h.s.r.b.JettyHttpServer - Starting JettyHttpServer...
12:33:26.343 [Test worker] INFO  o.e.j.s.Server - jetty-9.4.31.v20200723; built: 2020-07-23T17:57:36.812Z; git: 450ba27947e13e66baa8cd1ce7e85a4461cacc1d; jvm 1.8.0_191-b12
12:33:26.347 [Test worker] INFO  o.e.j.s.AbstractConnector - Started ServerConnector@5523c472{HTTP/1.1, (http/1.1)}{0.0.0.0:52828}
12:33:26.347 [Test worker] INFO  o.e.j.s.Server - Started @294038ms
12:33:26.347 [Test worker] DEBUG o.s.w.t.h.s.r.b.JettyHttpServer - Server started on port 52828(0 millis).
12:33:26.347 [Test worker] DEBUG o.s.w.c.RestTemplate - HTTP GET http://localhost:52828/person-response/person
12:33:26.348 [Test worker] DEBUG o.s.w.c.RestTemplate - Accept=[application/xml, text/xml, application/json, application/x-jackson-smile, application/*+xml, application/*+json]
12:33:26.350 [qtp2045335011-2125] DEBUG o.s.w.s.a.HttpWebHandlerAdapter - [6425825f] HTTP GET "/person-response/person"
12:33:26.350 [qtp2045335011-2125] DEBUG o.s.w.r.r.m.a.RequestMappingHandlerMapping - [6425825f] Mapped to org.springframework.web.reactive.result.method.annotation.RequestMappingMessageConversionIntegrationTests$PersonResponseBodyController#getPerson()
12:33:26.351 [qtp2045335011-2125] DEBUG o.s.w.r.r.m.a.ResponseBodyResultHandler - Using 'application/json' given [application/json] and supported [application/json, application/*+json, application/x-jackson-smile, application/*+x-jackson-smile, application/xml, text/xml, text/event-stream]
12:33:26.351 [qtp2045335011-2125] DEBUG o.s.w.r.r.m.a.ResponseBodyResultHandler - [6425825f] 0..1 [org.springframework.web.reactive.result.method.annotation.RequestMappingMessageConversionIntegrationTests$Person]
12:33:26.352 [qtp2045335011-2125] DEBUG o.s.h.c.j.Jackson2JsonEncoder - [6425825f] Encoding [Person{name='Robert'}]
12:33:26.352 [Test worker] DEBUG o.s.w.c.RestTemplate - Response 200 OK
12:33:26.352 [qtp2045335011-2125] DEBUG o.s.w.s.a.HttpWebHandlerAdapter - [6425825f] Completed 200 OK
12:33:26.353 [Test worker] DEBUG o.s.w.c.RestTemplate - Reading to [org.springframework.web.reactive.result.method.annotation.RequestMappingMessageConversionIntegrationTests$Person]
12:33:26.353 [Test worker] DEBUG o.s.w.t.h.s.r.b.JettyHttpServer - Stopping JettyHttpServer...
12:33:26.353 [Test worker] INFO  o.e.j.s.h.ContextHandler - Stopped o.e.j.s.ServletContextHandler@335b6573{/,null,UNAVAILABLE}
12:33:26.356 [Test worker] INFO  o.e.j.s.AbstractConnector - Stopped ServerConnector@5523c472{HTTP/1.1, (http/1.1)}{0.0.0.0:0}
12:33:26.357 [Test worker] DEBUG o.s.w.t.h.s.r.b.JettyHttpServer - Server stopped (0 millis).
12:33:26.431 [Test worker] DEBUG o.s.w.r.r.m.a.RequestMappingHandlerMapping - 39 mappings in 'requestMappingHandlerMapping'
12:33:26.450 [Test worker] DEBUG o.s.w.r.r.m.a.ControllerMethodResolver - ControllerAdvice beans: none
12:33:26.465 [Test worker] DEBUG o.s.w.s.a.HttpWebHandlerAdapter - enableLoggingRequestDetails='false': form data and headers will be masked to prevent unsafe logging of potentially sensitive data
12:33:26.465 [Test worker] DEBUG o.s.w.t.h.s.r.b.ReactorHttpServer - Starting ReactorHttpServer...
12:33:26.467 [Test worker] DEBUG o.s.w.t.h.s.r.b.ReactorHttpServer - Server started on port 52834(0 millis).
12:33:26.467 [Test worker] DEBUG o.s.w.c.RestTemplate - HTTP GET http://localhost:52834/person-response/person
12:33:26.467 [Test worker] DEBUG o.s.w.c.RestTemplate - Accept=[application/xml, text/xml, application/json, application/x-jackson-smile, application/*+xml, application/*+json]
12:33:26.469 [reactor-http-nio-2] DEBUG o.s.w.s.a.HttpWebHandlerAdapter - [f115199c-76] HTTP GET "/person-response/person"
12:33:26.469 [reactor-http-nio-2] DEBUG o.s.w.r.r.m.a.RequestMappingHandlerMapping - [f115199c-76] Mapped to org.springframework.web.reactive.result.method.annotation.RequestMappingMessageConversionIntegrationTests$PersonResponseBodyController#getPerson()
12:33:26.471 [reactor-http-nio-2] DEBUG o.s.w.r.r.m.a.ResponseBodyResultHandler - Using 'application/json' given [application/json] and supported [application/json, application/*+json, application/x-jackson-smile, application/*+x-jackson-smile, application/xml, text/xml, text/event-stream]
12:33:26.471 [reactor-http-nio-2] DEBUG o.s.w.r.r.m.a.ResponseBodyResultHandler - [f115199c-76] 0..1 [org.springframework.web.reactive.result.method.annotation.RequestMappingMessageConversionIntegrationTests$Person]
12:33:26.471 [reactor-http-nio-2] DEBUG o.s.h.c.j.Jackson2JsonEncoder - [f115199c-76] Encoding [Person{name='Robert'}]
12:33:26.472 [Test worker] DEBUG o.s.w.c.RestTemplate - Response 200 OK
12:33:26.472 [reactor-http-nio-2] DEBUG o.s.w.s.a.HttpWebHandlerAdapter - [f115199c-76] Completed 200 OK
12:33:26.472 [Test worker] DEBUG o.s.w.c.RestTemplate - Reading to [org.springframework.web.reactive.result.method.annotation.RequestMappingMessageConversionIntegrationTests$Person]
12:33:26.473 [Test worker] DEBUG o.s.w.t.h.s.r.b.ReactorHttpServer - Stopping ReactorHttpServer...
12:33:26.473 [Test worker] DEBUG o.s.w.t.h.s.r.b.ReactorHttpServer - Server stopped (0 millis).
12:33:26.532 [Test worker] DEBUG o.s.w.r.r.m.a.RequestMappingHandlerMapping - 39 mappings in 'requestMappingHandlerMapping'
12:33:26.550 [Test worker] DEBUG o.s.w.r.r.m.a.ControllerMethodResolver - ControllerAdvice beans: none
12:33:26.567 [Test worker] DEBUG o.s.w.s.a.HttpWebHandlerAdapter - enableLoggingRequestDetails='false': form data and headers will be masked to prevent unsafe logging of potentially sensitive data
12:33:26.568 [Test worker] DEBUG o.s.w.t.h.s.r.b.TomcatHttpServer - Starting TomcatHttpServer...
12:33:26.575 [Test worker] DEBUG o.s.w.t.h.s.r.b.TomcatHttpServer - Server started on port 52836(0 millis).
12:33:26.576 [Test worker] DEBUG o.s.w.c.RestTemplate - HTTP GET http://localhost:52836/person-response/person
12:33:26.576 [Test worker] DEBUG o.s.w.c.RestTemplate - Accept=[application/xml, text/xml, application/json, application/x-jackson-smile, application/*+xml, application/*+json]
12:33:26.577 [http-nio-auto-73-exec-1] DEBUG o.s.w.s.a.HttpWebHandlerAdapter - [2675d1dc] HTTP GET "/person-response/person"
12:33:26.578 [http-nio-auto-73-exec-1] DEBUG o.s.w.r.r.m.a.RequestMappingHandlerMapping - [2675d1dc] Mapped to org.springframework.web.reactive.result.method.annotation.RequestMappingMessageConversionIntegrationTests$PersonResponseBodyController#getPerson()
12:33:26.578 [http-nio-auto-73-exec-1] DEBUG o.s.w.r.r.m.a.ResponseBodyResultHandler - Using 'application/json' given [application/json] and supported [application/json, application/*+json, application/x-jackson-smile, application/*+x-jackson-smile, application/xml, text/xml, text/event-stream]
12:33:26.578 [http-nio-auto-73-exec-1] DEBUG o.s.w.r.r.m.a.ResponseBodyResultHandler - [2675d1dc] 0..1 [org.springframework.web.reactive.result.method.annotation.RequestMappingMessageConversionIntegrationTests$Person]
12:33:26.579 [http-nio-auto-73-exec-1] DEBUG o.s.h.c.j.Jackson2JsonEncoder - [2675d1dc] Encoding [Person{name='Robert'}]
12:33:26.579 [http-nio-auto-73-exec-1] DEBUG o.s.w.s.a.HttpWebHandlerAdapter - [2675d1dc] Completed 200 OK
12:33:26.579 [Test worker] DEBUG o.s.w.c.RestTemplate - Response 200 OK
12:33:26.579 [Test worker] DEBUG o.s.w.c.RestTemplate - Reading to [org.springframework.web.reactive.result.method.annotation.RequestMappingMessageConversionIntegrationTests$Person]
12:33:26.580 [Test worker] DEBUG o.s.w.t.h.s.r.b.TomcatHttpServer - Stopping TomcatHttpServer...
12:33:26.802 [Test worker] DEBUG o.s.w.t.h.s.r.b.TomcatHttpServer - Server stopped (0 millis).
12:33:26.854 [Test worker] DEBUG o.s.w.r.r.m.a.RequestMappingHandlerMapping - 39 mappings in 'requestMappingHandlerMapping'
12:33:26.869 [Test worker] DEBUG o.s.w.r.r.m.a.ControllerMethodResolver - ControllerAdvice beans: none
12:33:26.882 [Test worker] DEBUG o.s.w.s.a.HttpWebHandlerAdapter - enableLoggingRequestDetails='false': form data and headers will be masked to prevent unsafe logging of potentially sensitive data
12:33:26.882 [Test worker] DEBUG o.s.w.t.h.s.r.b.UndertowHttpServer - Starting UndertowHttpServer...
12:33:26.882 [Test worker] INFO  i.undertow - starting server: Undertow - 2.0.32.Final
12:33:26.888 [Test worker] DEBUG o.s.w.t.h.s.r.b.UndertowHttpServer - Server started on port 52853(0 millis).
12:33:26.888 [Test worker] DEBUG o.s.w.c.RestTemplate - HTTP GET http://localhost:52853/person-response/person
12:33:26.889 [Test worker] DEBUG o.s.w.c.RestTemplate - Accept=[application/xml, text/xml, application/json, application/x-jackson-smile, application/*+xml, application/*+json]
12:33:26.890 [XNIO-73 I/O-2] DEBUG o.s.w.s.a.HttpWebHandlerAdapter - [633dfea0] HTTP GET "/person-response/person"
12:33:26.890 [XNIO-73 I/O-2] DEBUG o.s.w.r.r.m.a.RequestMappingHandlerMapping - [633dfea0] Mapped to org.springframework.web.reactive.result.method.annotation.RequestMappingMessageConversionIntegrationTests$PersonResponseBodyController#getPerson()
12:33:26.892 [XNIO-73 I/O-2] DEBUG o.s.w.r.r.m.a.ResponseBodyResultHandler - Using 'application/json' given [application/json] and supported [application/json, application/*+json, application/x-jackson-smile, application/*+x-jackson-smile, application/xml, text/xml, text/event-stream]
12:33:26.892 [XNIO-73 I/O-2] DEBUG o.s.w.r.r.m.a.ResponseBodyResultHandler - [633dfea0] 0..1 [org.springframework.web.reactive.result.method.annotation.RequestMappingMessageConversionIntegrationTests$Person]
12:33:26.892 [XNIO-73 I/O-2] DEBUG o.s.h.c.j.Jackson2JsonEncoder - [633dfea0] Encoding [Person{name='Robert'}]
12:33:26.893 [XNIO-73 I/O-2] DEBUG o.s.w.s.a.HttpWebHandlerAdapter - [633dfea0] Completed 200 OK
12:33:26.893 [Test worker] DEBUG o.s.w.c.RestTemplate - Response 200 OK
12:33:26.893 [Test worker] DEBUG o.s.w.c.RestTemplate - Reading to [org.springframework.web.reactive.result.method.annotation.RequestMappingMessageConversionIntegrationTests$Person]
12:33:26.894 [Test worker] DEBUG o.s.w.t.h.s.r.b.UndertowHttpServer - Stopping UndertowHttpServer...
12:33:26.894 [Test worker] INFO  i.undertow - stopping server: Undertow - 2.0.32.Final
12:33:26.895 [Test worker] DEBUG o.s.w.t.h.s.r.b.UndertowHttpServer - Server stopped (0 millis).
12:33:26.938 [Test worker] DEBUG o.s.w.r.r.m.a.RequestMappingHandlerMapping - 39 mappings in 'requestMappingHandlerMapping'
12:33:26.951 [Test worker] DEBUG o.s.w.r.r.m.a.ControllerMethodResolver - ControllerAdvice beans: none
12:33:26.963 [Test worker] DEBUG o.s.w.s.a.HttpWebHandlerAdapter - enableLoggingRequestDetails='false': form data and headers will be masked to prevent unsafe logging of potentially sensitive data
12:33:26.963 [Test worker] WARN  o.e.j.s.h.ContextHandler - Empty contextPath
12:33:26.964 [Test worker] INFO  o.e.j.s.h.ContextHandler - Started o.e.j.s.ServletContextHandler@3226a9d4{/,null,AVAILABLE}
12:33:26.964 [Test worker] DEBUG o.s.w.t.h.s.r.b.JettyHttpServer - Starting JettyHttpServer...
12:33:26.964 [Test worker] INFO  o.e.j.s.Server - jetty-9.4.31.v20200723; built: 2020-07-23T17:57:36.812Z; git: 450ba27947e13e66baa8cd1ce7e85a4461cacc1d; jvm 1.8.0_191-b12
12:33:26.967 [Test worker] INFO  o.e.j.s.AbstractConnector - Started ServerConnector@78e4441d{HTTP/1.1, (http/1.1)}{0.0.0.0:52855}
12:33:26.967 [Test worker] INFO  o.e.j.s.Server - Started @294658ms
12:33:26.967 [Test worker] DEBUG o.s.w.t.h.s.r.b.JettyHttpServer - Server started on port 52855(0 millis).
12:33:26.967 [Test worker] DEBUG o.s.w.c.RestTemplate - HTTP POST http://localhost:52855/person-create/rxjava2-single
12:33:26.967 [Test worker] DEBUG o.s.w.c.RestTemplate - Accept=[application/json, application/x-jackson-smile, application/*+json]
12:33:26.968 [Test worker] DEBUG o.s.w.c.RestTemplate - Writing [Person{name='Robert'}] as "application/json"
12:33:26.969 [qtp1463062832-2154] DEBUG o.s.w.s.a.HttpWebHandlerAdapter - [42c66a82] HTTP POST "/person-create/rxjava2-single"
12:33:26.970 [qtp1463062832-2154] DEBUG o.s.w.r.r.m.a.RequestMappingHandlerMapping - [42c66a82] Mapped to org.springframework.web.reactive.result.method.annotation.RequestMappingMessageConversionIntegrationTests$PersonCreateController#createWithRxJava2Single(Single)
12:33:26.970 [qtp1463062832-2154] DEBUG o.s.w.r.r.m.a.RequestBodyMethodArgumentResolver - [42c66a82] Content-Type:application/json;charset=UTF-8
12:33:26.970 [qtp1463062832-2154] DEBUG o.s.w.r.r.m.a.RequestBodyMethodArgumentResolver - [42c66a82] 0..1 [org.springframework.web.reactive.result.method.annotation.RequestMappingMessageConversionIntegrationTests$Person]
12:33:26.971 [qtp1463062832-2154] DEBUG o.s.h.c.j.Jackson2JsonDecoder - [42c66a82] Decoded [Person{name='Robert'}]
12:33:26.971 [qtp1463062832-2154] DEBUG o.s.w.s.a.HttpWebHandlerAdapter - [42c66a82] Completed 200 OK
12:33:26.972 [Test worker] DEBUG o.s.w.c.RestTemplate - Response 200 OK
12:33:26.972 [Test worker] DEBUG o.s.w.t.h.s.r.b.JettyHttpServer - Stopping JettyHttpServer...
12:33:26.972 [Test worker] INFO  o.e.j.s.h.ContextHandler - Stopped o.e.j.s.ServletContextHandler@3226a9d4{/,null,UNAVAILABLE}
12:33:26.974 [Test worker] INFO  o.e.j.s.AbstractConnector - Stopped ServerConnector@78e4441d{HTTP/1.1, (http/1.1)}{0.0.0.0:0}
12:33:26.974 [Test worker] DEBUG o.s.w.t.h.s.r.b.JettyHttpServer - Server stopped (0 millis).
12:33:27.015 [Test worker] DEBUG o.s.w.r.r.m.a.RequestMappingHandlerMapping - 39 mappings in 'requestMappingHandlerMapping'
12:33:27.029 [Test worker] DEBUG o.s.w.r.r.m.a.ControllerMethodResolver - ControllerAdvice beans: none
12:33:27.042 [Test worker] DEBUG o.s.w.s.a.HttpWebHandlerAdapter - enableLoggingRequestDetails='false': form data and headers will be masked to prevent unsafe logging of potentially sensitive data
12:33:27.042 [Test worker] DEBUG o.s.w.t.h.s.r.b.ReactorHttpServer - Starting ReactorHttpServer...
12:33:27.043 [Test worker] DEBUG o.s.w.t.h.s.r.b.ReactorHttpServer - Server started on port 52861(0 millis).
12:33:27.043 [Test worker] DEBUG o.s.w.c.RestTemplate - HTTP POST http://localhost:52861/person-create/rxjava2-single
12:33:27.043 [Test worker] DEBUG o.s.w.c.RestTemplate - Accept=[application/json, application/x-jackson-smile, application/*+json]
12:33:27.044 [Test worker] DEBUG o.s.w.c.RestTemplate - Writing [Person{name='Robert'}] as "application/json"
12:33:27.046 [reactor-http-nio-4] DEBUG o.s.w.s.a.HttpWebHandlerAdapter - [672c78e0-77] HTTP POST "/person-create/rxjava2-single"
12:33:27.046 [reactor-http-nio-4] DEBUG o.s.w.r.r.m.a.RequestMappingHandlerMapping - [672c78e0-77] Mapped to org.springframework.web.reactive.result.method.annotation.RequestMappingMessageConversionIntegrationTests$PersonCreateController#createWithRxJava2Single(Single)
12:33:27.046 [reactor-http-nio-4] DEBUG o.s.w.r.r.m.a.RequestBodyMethodArgumentResolver - [672c78e0-77] Content-Type:application/json
12:33:27.047 [reactor-http-nio-4] DEBUG o.s.w.r.r.m.a.RequestBodyMethodArgumentResolver - [672c78e0-77] 0..1 [org.springframework.web.reactive.result.method.annotation.RequestMappingMessageConversionIntegrationTests$Person]
12:33:27.047 [reactor-http-nio-4] DEBUG o.s.h.c.j.Jackson2JsonDecoder - [672c78e0-77] Decoded [Person{name='Robert'}]
12:33:27.047 [reactor-http-nio-4] DEBUG o.s.w.s.a.HttpWebHandlerAdapter - [672c78e0-77] Completed 200 OK
12:33:27.048 [Test worker] DEBUG o.s.w.c.RestTemplate - Response 200 OK
12:33:27.048 [Test worker] DEBUG o.s.w.t.h.s.r.b.ReactorHttpServer - Stopping ReactorHttpServer...
12:33:27.049 [Test worker] DEBUG o.s.w.t.h.s.r.b.ReactorHttpServer - Server stopped (0 millis).
12:33:27.100 [Test worker] DEBUG o.s.w.r.r.m.a.RequestMappingHandlerMapping - 39 mappings in 'requestMappingHandlerMapping'
12:33:27.113 [Test worker] DEBUG o.s.w.r.r.m.a.ControllerMethodResolver - ControllerAdvice beans: none
12:33:27.132 [Test worker] DEBUG o.s.w.s.a.HttpWebHandlerAdapter - enableLoggingRequestDetails='false': form data and headers will be masked to prevent unsafe logging of potentially sensitive data
12:33:27.133 [Test worker] DEBUG o.s.w.t.h.s.r.b.TomcatHttpServer - Starting TomcatHttpServer...
12:33:27.141 [Test worker] DEBUG o.s.w.t.h.s.r.b.TomcatHttpServer - Server started on port 52863(0 millis).
12:33:27.141 [Test worker] DEBUG o.s.w.c.RestTemplate - HTTP POST http://localhost:52863/person-create/rxjava2-single
12:33:27.142 [Test worker] DEBUG o.s.w.c.RestTemplate - Accept=[application/json, application/x-jackson-smile, application/*+json]
12:33:27.142 [Test worker] DEBUG o.s.w.c.RestTemplate - Writing [Person{name='Robert'}] as "application/json"
12:33:27.144 [http-nio-auto-74-exec-1] DEBUG o.s.w.s.a.HttpWebHandlerAdapter - [2a1bba4] HTTP POST "/person-create/rxjava2-single"
12:33:27.144 [http-nio-auto-74-exec-1] DEBUG o.s.w.r.r.m.a.RequestMappingHandlerMapping - [2a1bba4] Mapped to org.springframework.web.reactive.result.method.annotation.RequestMappingMessageConversionIntegrationTests$PersonCreateController#createWithRxJava2Single(Single)
12:33:27.144 [http-nio-auto-74-exec-1] DEBUG o.s.w.r.r.m.a.RequestBodyMethodArgumentResolver - [2a1bba4] Content-Type:application/json
12:33:27.145 [http-nio-auto-74-exec-1] DEBUG o.s.w.r.r.m.a.RequestBodyMethodArgumentResolver - [2a1bba4] 0..1 [org.springframework.web.reactive.result.method.annotation.RequestMappingMessageConversionIntegrationTests$Person]
12:33:27.145 [http-nio-auto-74-exec-1] DEBUG o.s.h.c.j.Jackson2JsonDecoder - [2a1bba4] Decoded [Person{name='Robert'}]
12:33:27.145 [http-nio-auto-74-exec-1] DEBUG o.s.w.s.a.HttpWebHandlerAdapter - [2a1bba4] Completed 200 OK
12:33:27.145 [Test worker] DEBUG o.s.w.c.RestTemplate - Response 200 OK
12:33:27.146 [Test worker] DEBUG o.s.w.t.h.s.r.b.TomcatHttpServer - Stopping TomcatHttpServer...
12:33:27.362 [Test worker] DEBUG o.s.w.t.h.s.r.b.TomcatHttpServer - Server stopped (0 millis).
12:33:27.414 [Test worker] DEBUG o.s.w.r.r.m.a.RequestMappingHandlerMapping - 39 mappings in 'requestMappingHandlerMapping'
12:33:27.427 [Test worker] DEBUG o.s.w.r.r.m.a.ControllerMethodResolver - ControllerAdvice beans: none
12:33:27.439 [Test worker] DEBUG o.s.w.s.a.HttpWebHandlerAdapter - enableLoggingRequestDetails='false': form data and headers will be masked to prevent unsafe logging of potentially sensitive data
12:33:27.439 [Test worker] DEBUG o.s.w.t.h.s.r.b.UndertowHttpServer - Starting UndertowHttpServer...
12:33:27.440 [Test worker] INFO  i.undertow - starting server: Undertow - 2.0.32.Final
12:33:27.446 [Test worker] DEBUG o.s.w.t.h.s.r.b.UndertowHttpServer - Server started on port 52880(0 millis).
12:33:27.446 [Test worker] DEBUG o.s.w.c.RestTemplate - HTTP POST http://localhost:52880/person-create/rxjava2-single
12:33:27.446 [Test worker] DEBUG o.s.w.c.RestTemplate - Accept=[application/json, application/x-jackson-smile, application/*+json]
12:33:27.446 [Test worker] DEBUG o.s.w.c.RestTemplate - Writing [Person{name='Robert'}] as "application/json"
12:33:27.448 [XNIO-74 I/O-2] DEBUG o.s.w.s.a.HttpWebHandlerAdapter - [3e7711fc] HTTP POST "/person-create/rxjava2-single"
12:33:27.448 [XNIO-74 I/O-2] DEBUG o.s.w.r.r.m.a.RequestMappingHandlerMapping - [3e7711fc] Mapped to org.springframework.web.reactive.result.method.annotation.RequestMappingMessageConversionIntegrationTests$PersonCreateController#createWithRxJava2Single(Single)
12:33:27.449 [XNIO-74 I/O-2] DEBUG o.s.w.r.r.m.a.RequestBodyMethodArgumentResolver - [3e7711fc] Content-Type:application/json
12:33:27.449 [XNIO-74 I/O-2] DEBUG o.s.w.r.r.m.a.RequestBodyMethodArgumentResolver - [3e7711fc] 0..1 [org.springframework.web.reactive.result.method.annotation.RequestMappingMessageConversionIntegrationTests$Person]
12:33:27.450 [XNIO-74 I/O-2] DEBUG o.s.h.c.j.Jackson2JsonDecoder - [3e7711fc] Decoded [Person{name='Robert'}]
12:33:27.450 [XNIO-74 I/O-2] DEBUG o.s.w.s.a.HttpWebHandlerAdapter - [3e7711fc] Completed 200 OK
12:33:27.451 [Test worker] DEBUG o.s.w.c.RestTemplate - Response 200 OK
12:33:27.451 [Test worker] DEBUG o.s.w.t.h.s.r.b.UndertowHttpServer - Stopping UndertowHttpServer...
12:33:27.451 [Test worker] INFO  i.undertow - stopping server: Undertow - 2.0.32.Final
12:33:27.454 [Test worker] DEBUG o.s.w.t.h.s.r.b.UndertowHttpServer - Server stopped (0 millis).
]]></system-out>
  <system-err><![CDATA[]]></system-err>
</testsuite>
