<?xml version="1.0" encoding="UTF-8"?>
<testsuite name="org.springframework.web.reactive.accept.ParameterContentTypeResolverTests" tests="5" skipped="0" failures="0" errors="0" timestamp="2020-12-12T04:28:40" hostname="DESKTOP-TMNPDT1" time="6.204">
  <properties/>
  <testcase name="noMatchForKey()" classname="org.springframework.web.reactive.accept.ParameterContentTypeResolverTests" time="6.094"/>
  <testcase name="resolveKeyThroughMediaTypeFactory()" classname="org.springframework.web.reactive.accept.ParameterContentTypeResolverTests" time="0.043"/>
  <testcase name="noKey()" classname="org.springframework.web.reactive.accept.ParameterContentTypeResolverTests" time="0.002"/>
  <testcase name="resolveKeyFromRegistrations()" classname="org.springframework.web.reactive.accept.ParameterContentTypeResolverTests" time="0.004"/>
  <testcase name="resolveKeyIsCaseInsensitive()" classname="org.springframework.web.reactive.accept.ParameterContentTypeResolverTests" time="0.049"/>
  <system-out><![CDATA[]]></system-out>
  <system-err><![CDATA[]]></system-err>
</testsuite>
