<?xml version="1.0" encoding="UTF-8"?>
<testsuite name="org.springframework.web.reactive.socket.server.support.HandshakeWebSocketServiceTests" tests="1" skipped="0" failures="0" errors="0" timestamp="2020-12-12T04:33:39" hostname="DESKTOP-TMNPDT1" time="0.054">
  <properties/>
  <testcase name="sessionAttributePredicate()" classname="org.springframework.web.reactive.socket.server.support.HandshakeWebSocketServiceTests" time="0.054"/>
  <system-out><![CDATA[]]></system-out>
  <system-err><![CDATA[]]></system-err>
</testsuite>
