<?xml version="1.0" encoding="UTF-8"?>
<testsuite name="org.springframework.web.reactive.result.method.annotation.RequestMappingExceptionHandlingIntegrationTests" tests="24" skipped="0" failures="0" errors="0" timestamp="2020-12-12T04:30:48" hostname="DESKTOP-TMNPDT1" time="44.952">
  <properties/>
  <testcase name="errorBeforeFirstItem(HttpServer)[1]" classname="org.springframework.web.reactive.result.method.annotation.RequestMappingExceptionHandlingIntegrationTests" time="0.845"/>
  <testcase name="errorBeforeFirstItem(HttpServer)[2]" classname="org.springframework.web.reactive.result.method.annotation.RequestMappingExceptionHandlingIntegrationTests" time="0.416"/>
  <testcase name="errorBeforeFirstItem(HttpServer)[3]" classname="org.springframework.web.reactive.result.method.annotation.RequestMappingExceptionHandlingIntegrationTests" time="6.463"/>
  <testcase name="errorBeforeFirstItem(HttpServer)[4]" classname="org.springframework.web.reactive.result.method.annotation.RequestMappingExceptionHandlingIntegrationTests" time="0.958"/>
  <testcase name="thrownExceptionWithCauseToHandle(HttpServer)[1]" classname="org.springframework.web.reactive.result.method.annotation.RequestMappingExceptionHandlingIntegrationTests" time="0.488"/>
  <testcase name="thrownExceptionWithCauseToHandle(HttpServer)[2]" classname="org.springframework.web.reactive.result.method.annotation.RequestMappingExceptionHandlingIntegrationTests" time="0.465"/>
  <testcase name="thrownExceptionWithCauseToHandle(HttpServer)[3]" classname="org.springframework.web.reactive.result.method.annotation.RequestMappingExceptionHandlingIntegrationTests" time="5.437"/>
  <testcase name="thrownExceptionWithCauseToHandle(HttpServer)[4]" classname="org.springframework.web.reactive.result.method.annotation.RequestMappingExceptionHandlingIntegrationTests" time="0.843"/>
  <testcase name="exceptionFromMethodWithProducesCondition(HttpServer)[1]" classname="org.springframework.web.reactive.result.method.annotation.RequestMappingExceptionHandlingIntegrationTests" time="0.391"/>
  <testcase name="exceptionFromMethodWithProducesCondition(HttpServer)[2]" classname="org.springframework.web.reactive.result.method.annotation.RequestMappingExceptionHandlingIntegrationTests" time="0.466"/>
  <testcase name="exceptionFromMethodWithProducesCondition(HttpServer)[3]" classname="org.springframework.web.reactive.result.method.annotation.RequestMappingExceptionHandlingIntegrationTests" time="8.28"/>
  <testcase name="exceptionFromMethodWithProducesCondition(HttpServer)[4]" classname="org.springframework.web.reactive.result.method.annotation.RequestMappingExceptionHandlingIntegrationTests" time="0.762"/>
  <testcase name="thrownException(HttpServer)[1]" classname="org.springframework.web.reactive.result.method.annotation.RequestMappingExceptionHandlingIntegrationTests" time="1.343"/>
  <testcase name="thrownException(HttpServer)[2]" classname="org.springframework.web.reactive.result.method.annotation.RequestMappingExceptionHandlingIntegrationTests" time="0.455"/>
  <testcase name="thrownException(HttpServer)[3]" classname="org.springframework.web.reactive.result.method.annotation.RequestMappingExceptionHandlingIntegrationTests" time="5.027"/>
  <testcase name="thrownException(HttpServer)[4]" classname="org.springframework.web.reactive.result.method.annotation.RequestMappingExceptionHandlingIntegrationTests" time="0.245"/>
  <testcase name="exceptionAfterSeveralItems(HttpServer)[1]" classname="org.springframework.web.reactive.result.method.annotation.RequestMappingExceptionHandlingIntegrationTests" time="0.494"/>
  <testcase name="exceptionAfterSeveralItems(HttpServer)[2]" classname="org.springframework.web.reactive.result.method.annotation.RequestMappingExceptionHandlingIntegrationTests" time="0.917"/>
  <testcase name="exceptionAfterSeveralItems(HttpServer)[3]" classname="org.springframework.web.reactive.result.method.annotation.RequestMappingExceptionHandlingIntegrationTests" time="0.8"/>
  <testcase name="exceptionAfterSeveralItems(HttpServer)[4]" classname="org.springframework.web.reactive.result.method.annotation.RequestMappingExceptionHandlingIntegrationTests" time="2.588"/>
  <testcase name="thrownExceptionWithCause(HttpServer)[1]" classname="org.springframework.web.reactive.result.method.annotation.RequestMappingExceptionHandlingIntegrationTests" time="0.281"/>
  <testcase name="thrownExceptionWithCause(HttpServer)[2]" classname="org.springframework.web.reactive.result.method.annotation.RequestMappingExceptionHandlingIntegrationTests" time="0.288"/>
  <testcase name="thrownExceptionWithCause(HttpServer)[3]" classname="org.springframework.web.reactive.result.method.annotation.RequestMappingExceptionHandlingIntegrationTests" time="5.546"/>
  <testcase name="thrownExceptionWithCause(HttpServer)[4]" classname="org.springframework.web.reactive.result.method.annotation.RequestMappingExceptionHandlingIntegrationTests" time="0.36"/>
  <system-out><![CDATA[12:30:48.220 [Test worker] DEBUG o.s.w.r.r.m.a.RequestMappingHandlerMapping - 6 mappings in 'requestMappingHandlerMapping'
12:30:48.384 [Test worker] DEBUG o.s.w.r.r.m.a.ControllerMethodResolver - ControllerAdvice beans: none
12:30:48.469 [Test worker] DEBUG o.s.w.s.a.HttpWebHandlerAdapter - enableLoggingRequestDetails='false': form data and headers will be masked to prevent unsafe logging of potentially sensitive data
12:30:48.469 [Test worker] WARN  o.e.j.s.h.ContextHandler - Empty contextPath
12:30:48.470 [Test worker] INFO  o.e.j.s.h.ContextHandler - Started o.e.j.s.ServletContextHandler@6996e3e{/,null,AVAILABLE}
12:30:48.470 [Test worker] DEBUG o.s.w.t.h.s.r.b.JettyHttpServer - Starting JettyHttpServer...
12:30:48.473 [Test worker] INFO  o.e.j.s.Server - jetty-9.4.31.v20200723; built: 2020-07-23T17:57:36.812Z; git: 450ba27947e13e66baa8cd1ce7e85a4461cacc1d; jvm 1.8.0_191-b12
12:30:48.870 [Test worker] INFO  o.e.j.s.AbstractConnector - Started ServerConnector@2e15302c{HTTP/1.1, (http/1.1)}{0.0.0.0:49221}
12:30:48.870 [Test worker] INFO  o.e.j.s.Server - Started @136571ms
12:30:48.870 [Test worker] DEBUG o.s.w.t.h.s.r.b.JettyHttpServer - Server started on port 49221(0 millis).
12:30:48.870 [Test worker] DEBUG o.s.w.c.RestTemplate - HTTP GET http://localhost:49221/mono-error
12:30:48.871 [Test worker] DEBUG o.s.w.c.RestTemplate - Accept=[text/plain, application/json, application/x-jackson-smile, application/*+json, */*]
12:30:48.880 [qtp534869444-437] DEBUG o.s.w.s.a.HttpWebHandlerAdapter - [62ce1a6d] HTTP GET "/mono-error"
12:30:48.881 [qtp534869444-437] DEBUG o.s.w.r.r.m.a.RequestMappingHandlerMapping - [62ce1a6d] Mapped to org.springframework.web.reactive.result.method.annotation.RequestMappingExceptionHandlingIntegrationTests$TestController#handleWithError()
12:30:48.882 [qtp534869444-437] DEBUG o.s.w.r.r.m.a.ResponseBodyResultHandler - Using 'text/plain;charset=UTF-8' given [text/plain, application/json, application/x-jackson-smile, application/*+json, */*] and supported [text/plain;charset=UTF-8, text/event-stream, text/plain;charset=UTF-8, */*]
12:30:48.882 [qtp534869444-437] DEBUG o.s.w.r.r.m.a.ResponseBodyResultHandler - [62ce1a6d] 0..1 [java.lang.String]
12:30:48.885 [qtp534869444-437] DEBUG o.s.w.r.r.m.a.RequestMappingHandlerAdapter - [62ce1a6d] Using @ExceptionHandler org.springframework.web.reactive.result.method.annotation.RequestMappingExceptionHandlingIntegrationTests$TestController#handleArgumentException(IllegalArgumentException)
12:30:48.885 [qtp534869444-437] DEBUG o.s.w.r.r.m.a.ResponseBodyResultHandler - Using 'text/plain;charset=UTF-8' given [text/plain, application/json, application/x-jackson-smile, application/*+json, */*] and supported [text/plain;charset=UTF-8, text/event-stream, text/plain;charset=UTF-8, */*]
12:30:48.885 [qtp534869444-437] DEBUG o.s.w.r.r.m.a.ResponseBodyResultHandler - [62ce1a6d] 0..1 [java.lang.String]
12:30:48.885 [qtp534869444-437] DEBUG o.s.c.c.CharSequenceEncoder - [62ce1a6d] Writing "Recovered from error: Argument"
12:30:48.886 [Test worker] DEBUG o.s.w.c.RestTemplate - Response 200 OK
12:30:48.886 [Test worker] DEBUG o.s.w.c.RestTemplate - Reading to [java.lang.String] as "text/plain;charset=utf-8"
12:30:48.887 [Test worker] DEBUG o.s.w.t.h.s.r.b.JettyHttpServer - Stopping JettyHttpServer...
12:30:48.887 [Test worker] INFO  o.e.j.s.h.ContextHandler - Stopped o.e.j.s.ServletContextHandler@6996e3e{/,null,UNAVAILABLE}
12:30:48.889 [qtp534869444-437] DEBUG o.s.w.s.a.HttpWebHandlerAdapter - [62ce1a6d] Completed 200 OK
12:30:48.904 [Test worker] INFO  o.e.j.s.AbstractConnector - Stopped ServerConnector@2e15302c{HTTP/1.1, (http/1.1)}{0.0.0.0:0}
12:30:48.906 [Test worker] DEBUG o.s.w.t.h.s.r.b.JettyHttpServer - Server stopped (0 millis).
12:30:49.143 [Test worker] DEBUG o.s.w.r.r.m.a.RequestMappingHandlerMapping - 6 mappings in 'requestMappingHandlerMapping'
12:30:49.224 [Test worker] DEBUG o.s.w.r.r.m.a.ControllerMethodResolver - ControllerAdvice beans: none
12:30:49.334 [Test worker] DEBUG o.s.w.s.a.HttpWebHandlerAdapter - enableLoggingRequestDetails='false': form data and headers will be masked to prevent unsafe logging of potentially sensitive data
12:30:49.335 [Test worker] DEBUG o.s.w.t.h.s.r.b.ReactorHttpServer - Starting ReactorHttpServer...
12:30:49.336 [Test worker] DEBUG o.s.w.t.h.s.r.b.ReactorHttpServer - Server started on port 49227(0 millis).
12:30:49.336 [Test worker] DEBUG o.s.w.c.RestTemplate - HTTP GET http://localhost:49227/mono-error
12:30:49.336 [Test worker] DEBUG o.s.w.c.RestTemplate - Accept=[text/plain, application/json, application/x-jackson-smile, application/*+json, */*]
12:30:49.339 [reactor-http-nio-2] DEBUG o.s.w.s.a.HttpWebHandlerAdapter - [60a851bf-11] HTTP GET "/mono-error"
12:30:49.339 [reactor-http-nio-2] DEBUG o.s.w.r.r.m.a.RequestMappingHandlerMapping - [60a851bf-11] Mapped to org.springframework.web.reactive.result.method.annotation.RequestMappingExceptionHandlingIntegrationTests$TestController#handleWithError()
12:30:49.340 [reactor-http-nio-2] DEBUG o.s.w.r.r.m.a.ResponseBodyResultHandler - Using 'text/plain;charset=UTF-8' given [text/plain, application/json, application/x-jackson-smile, application/*+json, */*] and supported [text/plain;charset=UTF-8, text/event-stream, text/plain;charset=UTF-8, */*]
12:30:49.341 [reactor-http-nio-2] DEBUG o.s.w.r.r.m.a.ResponseBodyResultHandler - [60a851bf-11] 0..1 [java.lang.String]
12:30:49.341 [reactor-http-nio-2] DEBUG o.s.w.r.r.m.a.RequestMappingHandlerAdapter - [60a851bf-11] Using @ExceptionHandler org.springframework.web.reactive.result.method.annotation.RequestMappingExceptionHandlingIntegrationTests$TestController#handleArgumentException(IllegalArgumentException)
12:30:49.342 [reactor-http-nio-2] DEBUG o.s.w.r.r.m.a.ResponseBodyResultHandler - Using 'text/plain;charset=UTF-8' given [text/plain, application/json, application/x-jackson-smile, application/*+json, */*] and supported [text/plain;charset=UTF-8, text/event-stream, text/plain;charset=UTF-8, */*]
12:30:49.342 [reactor-http-nio-2] DEBUG o.s.w.r.r.m.a.ResponseBodyResultHandler - [60a851bf-11] 0..1 [java.lang.String]
12:30:49.342 [reactor-http-nio-2] DEBUG o.s.c.c.CharSequenceEncoder - [60a851bf-11] Writing "Recovered from error: Argument"
12:30:49.344 [Test worker] DEBUG o.s.w.c.RestTemplate - Response 200 OK
12:30:49.344 [reactor-http-nio-2] DEBUG o.s.w.s.a.HttpWebHandlerAdapter - [60a851bf-11] Completed 200 OK
12:30:49.344 [Test worker] DEBUG o.s.w.c.RestTemplate - Reading to [java.lang.String] as "text/plain;charset=UTF-8"
12:30:49.345 [Test worker] DEBUG o.s.w.t.h.s.r.b.ReactorHttpServer - Stopping ReactorHttpServer...
12:30:49.345 [Test worker] DEBUG o.s.w.t.h.s.r.b.ReactorHttpServer - Server stopped (0 millis).
12:30:49.531 [Test worker] DEBUG o.s.w.r.r.m.a.RequestMappingHandlerMapping - 6 mappings in 'requestMappingHandlerMapping'
12:30:49.717 [Test worker] DEBUG o.s.w.r.r.m.a.ControllerMethodResolver - ControllerAdvice beans: none
12:30:49.771 [Test worker] DEBUG o.s.w.s.a.HttpWebHandlerAdapter - enableLoggingRequestDetails='false': form data and headers will be masked to prevent unsafe logging of potentially sensitive data
12:30:49.773 [Test worker] DEBUG o.s.w.t.h.s.r.b.TomcatHttpServer - Starting TomcatHttpServer...
12:30:49.809 [Test worker] DEBUG o.s.w.t.h.s.r.b.TomcatHttpServer - Server started on port 49241(0 millis).
12:30:49.809 [Test worker] DEBUG o.s.w.c.RestTemplate - HTTP GET http://localhost:49241/mono-error
12:30:49.809 [Test worker] DEBUG o.s.w.c.RestTemplate - Accept=[text/plain, application/json, application/x-jackson-smile, application/*+json, */*]
12:30:54.890 [http-nio-auto-11-exec-10] DEBUG o.s.w.s.a.HttpWebHandlerAdapter - [10b39ccc] HTTP GET "/mono-error"
12:30:54.892 [http-nio-auto-11-exec-10] DEBUG o.s.w.r.r.m.a.RequestMappingHandlerMapping - [10b39ccc] Mapped to org.springframework.web.reactive.result.method.annotation.RequestMappingExceptionHandlingIntegrationTests$TestController#handleWithError()
12:30:54.896 [http-nio-auto-11-exec-10] DEBUG o.s.w.r.r.m.a.ResponseBodyResultHandler - Using 'text/plain;charset=UTF-8' given [text/plain, application/json, application/x-jackson-smile, application/*+json, */*] and supported [text/plain;charset=UTF-8, text/event-stream, text/plain;charset=UTF-8, */*]
12:30:54.896 [http-nio-auto-11-exec-10] DEBUG o.s.w.r.r.m.a.ResponseBodyResultHandler - [10b39ccc] 0..1 [java.lang.String]
12:30:54.897 [http-nio-auto-11-exec-10] DEBUG o.s.w.r.r.m.a.RequestMappingHandlerAdapter - [10b39ccc] Using @ExceptionHandler org.springframework.web.reactive.result.method.annotation.RequestMappingExceptionHandlingIntegrationTests$TestController#handleArgumentException(IllegalArgumentException)
12:30:54.898 [http-nio-auto-11-exec-10] DEBUG o.s.w.r.r.m.a.ResponseBodyResultHandler - Using 'text/plain;charset=UTF-8' given [text/plain, application/json, application/x-jackson-smile, application/*+json, */*] and supported [text/plain;charset=UTF-8, text/event-stream, text/plain;charset=UTF-8, */*]
12:30:54.898 [http-nio-auto-11-exec-10] DEBUG o.s.w.r.r.m.a.ResponseBodyResultHandler - [10b39ccc] 0..1 [java.lang.String]
12:30:54.899 [http-nio-auto-11-exec-10] DEBUG o.s.c.c.CharSequenceEncoder - [10b39ccc] Writing "Recovered from error: Argument"
12:30:54.901 [Test worker] DEBUG o.s.w.c.RestTemplate - Response 200 OK
12:30:54.902 [Test worker] DEBUG o.s.w.c.RestTemplate - Reading to [java.lang.String] as "text/plain;charset=UTF-8"
12:30:54.902 [Test worker] DEBUG o.s.w.t.h.s.r.b.TomcatHttpServer - Stopping TomcatHttpServer...
12:30:54.903 [http-nio-auto-11-exec-10] DEBUG o.s.w.s.a.HttpWebHandlerAdapter - [10b39ccc] Completed 200 OK
12:30:55.832 [Test worker] DEBUG o.s.w.t.h.s.r.b.TomcatHttpServer - Server stopped (0 millis).
12:30:56.152 [Test worker] DEBUG o.s.w.r.r.m.a.RequestMappingHandlerMapping - 6 mappings in 'requestMappingHandlerMapping'
12:30:56.465 [Test worker] DEBUG o.s.w.r.r.m.a.ControllerMethodResolver - ControllerAdvice beans: none
12:30:56.573 [Test worker] DEBUG o.s.w.s.a.HttpWebHandlerAdapter - enableLoggingRequestDetails='false': form data and headers will be masked to prevent unsafe logging of potentially sensitive data
12:30:56.574 [Test worker] DEBUG o.s.w.t.h.s.r.b.UndertowHttpServer - Starting UndertowHttpServer...
12:30:56.574 [Test worker] INFO  i.undertow - starting server: Undertow - 2.0.32.Final
12:30:56.684 [Test worker] DEBUG o.s.w.t.h.s.r.b.UndertowHttpServer - Server started on port 49339(0 millis).
12:30:56.685 [Test worker] DEBUG o.s.w.c.RestTemplate - HTTP GET http://localhost:49339/mono-error
12:30:56.685 [Test worker] DEBUG o.s.w.c.RestTemplate - Accept=[text/plain, application/json, application/x-jackson-smile, application/*+json, */*]
12:30:56.890 [XNIO-11 I/O-2] DEBUG o.s.w.s.a.HttpWebHandlerAdapter - [68c54c87] HTTP GET "/mono-error"
12:30:56.890 [XNIO-11 I/O-2] DEBUG o.s.w.r.r.m.a.RequestMappingHandlerMapping - [68c54c87] Mapped to org.springframework.web.reactive.result.method.annotation.RequestMappingExceptionHandlingIntegrationTests$TestController#handleWithError()
12:30:56.891 [XNIO-11 I/O-2] DEBUG o.s.w.r.r.m.a.ResponseBodyResultHandler - Using 'text/plain;charset=UTF-8' given [text/plain, application/json, application/x-jackson-smile, application/*+json, */*] and supported [text/plain;charset=UTF-8, text/event-stream, text/plain;charset=UTF-8, */*]
12:30:56.891 [XNIO-11 I/O-2] DEBUG o.s.w.r.r.m.a.ResponseBodyResultHandler - [68c54c87] 0..1 [java.lang.String]
12:30:56.892 [XNIO-11 I/O-2] DEBUG o.s.w.r.r.m.a.RequestMappingHandlerAdapter - [68c54c87] Using @ExceptionHandler org.springframework.web.reactive.result.method.annotation.RequestMappingExceptionHandlingIntegrationTests$TestController#handleArgumentException(IllegalArgumentException)
12:30:56.892 [XNIO-11 I/O-2] DEBUG o.s.w.r.r.m.a.ResponseBodyResultHandler - Using 'text/plain;charset=UTF-8' given [text/plain, application/json, application/x-jackson-smile, application/*+json, */*] and supported [text/plain;charset=UTF-8, text/event-stream, text/plain;charset=UTF-8, */*]
12:30:56.892 [XNIO-11 I/O-2] DEBUG o.s.w.r.r.m.a.ResponseBodyResultHandler - [68c54c87] 0..1 [java.lang.String]
12:30:56.892 [XNIO-11 I/O-2] DEBUG o.s.c.c.CharSequenceEncoder - [68c54c87] Writing "Recovered from error: Argument"
12:30:56.893 [Test worker] DEBUG o.s.w.c.RestTemplate - Response 200 OK
12:30:56.893 [XNIO-11 I/O-2] DEBUG o.s.w.s.a.HttpWebHandlerAdapter - [68c54c87] Completed 200 OK
12:30:56.894 [Test worker] DEBUG o.s.w.c.RestTemplate - Reading to [java.lang.String] as "text/plain;charset=UTF-8"
12:30:56.894 [Test worker] DEBUG o.s.w.t.h.s.r.b.UndertowHttpServer - Stopping UndertowHttpServer...
12:30:56.894 [Test worker] INFO  i.undertow - stopping server: Undertow - 2.0.32.Final
12:30:56.899 [Test worker] DEBUG o.s.w.t.h.s.r.b.UndertowHttpServer - Server stopped (0 millis).
12:30:57.086 [Test worker] DEBUG o.s.w.r.r.m.a.RequestMappingHandlerMapping - 6 mappings in 'requestMappingHandlerMapping'
12:30:57.159 [Test worker] DEBUG o.s.w.r.r.m.a.ControllerMethodResolver - ControllerAdvice beans: none
12:30:57.235 [Test worker] DEBUG o.s.w.s.a.HttpWebHandlerAdapter - enableLoggingRequestDetails='false': form data and headers will be masked to prevent unsafe logging of potentially sensitive data
12:30:57.236 [Test worker] WARN  o.e.j.s.h.ContextHandler - Empty contextPath
12:30:57.237 [Test worker] INFO  o.e.j.s.h.ContextHandler - Started o.e.j.s.ServletContextHandler@26f7b833{/,null,AVAILABLE}
12:30:57.238 [Test worker] DEBUG o.s.w.t.h.s.r.b.JettyHttpServer - Starting JettyHttpServer...
12:30:57.238 [Test worker] INFO  o.e.j.s.Server - jetty-9.4.31.v20200723; built: 2020-07-23T17:57:36.812Z; git: 450ba27947e13e66baa8cd1ce7e85a4461cacc1d; jvm 1.8.0_191-b12
12:30:57.395 [Test worker] INFO  o.e.j.s.AbstractConnector - Started ServerConnector@5ec8b7d7{HTTP/1.1, (http/1.1)}{0.0.0.0:49344}
12:30:57.395 [Test worker] INFO  o.e.j.s.Server - Started @145096ms
12:30:57.396 [Test worker] DEBUG o.s.w.t.h.s.r.b.JettyHttpServer - Server started on port 49344(0 millis).
12:30:57.396 [Test worker] DEBUG o.s.w.c.RestTemplate - HTTP GET http://localhost:49344/thrown-exception-with-cause-to-handle
12:30:57.396 [Test worker] DEBUG o.s.w.c.RestTemplate - Accept=[text/plain, application/json, application/x-jackson-smile, application/*+json, */*]
12:30:57.405 [qtp34910679-466] DEBUG o.s.w.s.a.HttpWebHandlerAdapter - [75c05c51] HTTP GET "/thrown-exception-with-cause-to-handle"
12:30:57.406 [qtp34910679-466] DEBUG o.s.w.r.r.m.a.RequestMappingHandlerMapping - [75c05c51] Mapped to org.springframework.web.reactive.result.method.annotation.RequestMappingExceptionHandlingIntegrationTests$TestController#handleAndThrowExceptionWithCauseToHandle()
12:30:57.407 [qtp34910679-466] DEBUG o.s.w.r.r.m.a.RequestMappingHandlerAdapter - [75c05c51] Using @ExceptionHandler org.springframework.web.reactive.result.method.annotation.RequestMappingExceptionHandlingIntegrationTests$TestController#handleArgumentException(IOException)
12:30:57.408 [qtp34910679-466] DEBUG o.s.w.r.r.m.a.ResponseBodyResultHandler - Using 'text/plain;charset=UTF-8' given [text/plain, application/json, application/x-jackson-smile, application/*+json, */*] and supported [text/plain;charset=UTF-8, text/event-stream, text/plain;charset=UTF-8, */*]
12:30:57.408 [qtp34910679-466] DEBUG o.s.w.r.r.m.a.ResponseBodyResultHandler - [75c05c51] 0..1 [java.lang.String]
12:30:57.409 [qtp34910679-466] DEBUG o.s.c.c.CharSequenceEncoder - [75c05c51] Writing "Recovered from error: IO"
12:30:57.410 [Test worker] DEBUG o.s.w.c.RestTemplate - Response 200 OK
12:30:57.410 [qtp34910679-466] DEBUG o.s.w.s.a.HttpWebHandlerAdapter - [75c05c51] Completed 200 OK
12:30:57.410 [Test worker] DEBUG o.s.w.c.RestTemplate - Reading to [java.lang.String] as "text/plain;charset=utf-8"
12:30:57.410 [Test worker] DEBUG o.s.w.t.h.s.r.b.JettyHttpServer - Stopping JettyHttpServer...
12:30:57.410 [Test worker] INFO  o.e.j.s.h.ContextHandler - Stopped o.e.j.s.ServletContextHandler@26f7b833{/,null,UNAVAILABLE}
12:30:57.412 [Test worker] INFO  o.e.j.s.AbstractConnector - Stopped ServerConnector@5ec8b7d7{HTTP/1.1, (http/1.1)}{0.0.0.0:0}
12:30:57.415 [Test worker] DEBUG o.s.w.t.h.s.r.b.JettyHttpServer - Server stopped (0 millis).
12:30:57.545 [Test worker] DEBUG o.s.w.r.r.m.a.RequestMappingHandlerMapping - 6 mappings in 'requestMappingHandlerMapping'
12:30:57.617 [Test worker] DEBUG o.s.w.r.r.m.a.ControllerMethodResolver - ControllerAdvice beans: none
12:30:57.685 [Test worker] DEBUG o.s.w.s.a.HttpWebHandlerAdapter - enableLoggingRequestDetails='false': form data and headers will be masked to prevent unsafe logging of potentially sensitive data
12:30:57.685 [Test worker] DEBUG o.s.w.t.h.s.r.b.ReactorHttpServer - Starting ReactorHttpServer...
12:30:57.687 [Test worker] DEBUG o.s.w.t.h.s.r.b.ReactorHttpServer - Server started on port 49350(0 millis).
12:30:57.730 [Test worker] DEBUG o.s.w.c.RestTemplate - HTTP GET http://localhost:49350/thrown-exception-with-cause-to-handle
12:30:57.732 [Test worker] DEBUG o.s.w.c.RestTemplate - Accept=[text/plain, application/json, application/x-jackson-smile, application/*+json, */*]
12:30:57.737 [reactor-http-nio-4] DEBUG o.s.w.s.a.HttpWebHandlerAdapter - [36c7b0e8-12] HTTP GET "/thrown-exception-with-cause-to-handle"
12:30:57.738 [reactor-http-nio-4] DEBUG o.s.w.r.r.m.a.RequestMappingHandlerMapping - [36c7b0e8-12] Mapped to org.springframework.web.reactive.result.method.annotation.RequestMappingExceptionHandlingIntegrationTests$TestController#handleAndThrowExceptionWithCauseToHandle()
12:30:57.746 [reactor-http-nio-4] DEBUG o.s.w.r.r.m.a.RequestMappingHandlerAdapter - [36c7b0e8-12] Using @ExceptionHandler org.springframework.web.reactive.result.method.annotation.RequestMappingExceptionHandlingIntegrationTests$TestController#handleArgumentException(IOException)
12:30:57.747 [reactor-http-nio-4] DEBUG o.s.w.r.r.m.a.ResponseBodyResultHandler - Using 'text/plain;charset=UTF-8' given [text/plain, application/json, application/x-jackson-smile, application/*+json, */*] and supported [text/plain;charset=UTF-8, text/event-stream, text/plain;charset=UTF-8, */*]
12:30:57.747 [reactor-http-nio-4] DEBUG o.s.w.r.r.m.a.ResponseBodyResultHandler - [36c7b0e8-12] 0..1 [java.lang.String]
12:30:57.747 [reactor-http-nio-4] DEBUG o.s.c.c.CharSequenceEncoder - [36c7b0e8-12] Writing "Recovered from error: IO"
12:30:57.748 [reactor-http-nio-4] DEBUG o.s.w.s.a.HttpWebHandlerAdapter - [36c7b0e8-12] Completed 200 OK
12:30:57.894 [Test worker] DEBUG o.s.w.c.RestTemplate - Response 200 OK
12:30:57.895 [Test worker] DEBUG o.s.w.c.RestTemplate - Reading to [java.lang.String] as "text/plain;charset=UTF-8"
12:30:57.898 [Test worker] DEBUG o.s.w.t.h.s.r.b.ReactorHttpServer - Stopping ReactorHttpServer...
12:30:57.899 [Test worker] DEBUG o.s.w.t.h.s.r.b.ReactorHttpServer - Server stopped (0 millis).
12:30:58.000 [Test worker] DEBUG o.s.w.r.r.m.a.RequestMappingHandlerMapping - 6 mappings in 'requestMappingHandlerMapping'
12:30:58.044 [Test worker] DEBUG o.s.w.r.r.m.a.ControllerMethodResolver - ControllerAdvice beans: none
12:30:58.127 [Test worker] DEBUG o.s.w.s.a.HttpWebHandlerAdapter - enableLoggingRequestDetails='false': form data and headers will be masked to prevent unsafe logging of potentially sensitive data
12:30:58.128 [Test worker] DEBUG o.s.w.t.h.s.r.b.TomcatHttpServer - Starting TomcatHttpServer...
12:30:58.144 [Test worker] DEBUG o.s.w.t.h.s.r.b.TomcatHttpServer - Server started on port 49352(0 millis).
12:30:58.144 [Test worker] DEBUG o.s.w.c.RestTemplate - HTTP GET http://localhost:49352/thrown-exception-with-cause-to-handle
12:30:58.144 [Test worker] DEBUG o.s.w.c.RestTemplate - Accept=[text/plain, application/json, application/x-jackson-smile, application/*+json, */*]
12:31:02.375 [http-nio-auto-12-exec-1] DEBUG o.s.w.s.a.HttpWebHandlerAdapter - [7b1c4e24] HTTP GET "/thrown-exception-with-cause-to-handle"
12:31:02.376 [http-nio-auto-12-exec-1] DEBUG o.s.w.r.r.m.a.RequestMappingHandlerMapping - [7b1c4e24] Mapped to org.springframework.web.reactive.result.method.annotation.RequestMappingExceptionHandlingIntegrationTests$TestController#handleAndThrowExceptionWithCauseToHandle()
12:31:02.377 [http-nio-auto-12-exec-1] DEBUG o.s.w.r.r.m.a.RequestMappingHandlerAdapter - [7b1c4e24] Using @ExceptionHandler org.springframework.web.reactive.result.method.annotation.RequestMappingExceptionHandlingIntegrationTests$TestController#handleArgumentException(IOException)
12:31:02.378 [http-nio-auto-12-exec-1] DEBUG o.s.w.r.r.m.a.ResponseBodyResultHandler - Using 'text/plain;charset=UTF-8' given [text/plain, application/json, application/x-jackson-smile, application/*+json, */*] and supported [text/plain;charset=UTF-8, text/event-stream, text/plain;charset=UTF-8, */*]
12:31:02.378 [http-nio-auto-12-exec-1] DEBUG o.s.w.r.r.m.a.ResponseBodyResultHandler - [7b1c4e24] 0..1 [java.lang.String]
12:31:02.378 [http-nio-auto-12-exec-1] DEBUG o.s.c.c.CharSequenceEncoder - [7b1c4e24] Writing "Recovered from error: IO"
12:31:02.379 [Test worker] DEBUG o.s.w.c.RestTemplate - Response 200 OK
12:31:02.379 [Test worker] DEBUG o.s.w.c.RestTemplate - Reading to [java.lang.String] as "text/plain;charset=UTF-8"
12:31:02.379 [http-nio-auto-12-exec-1] DEBUG o.s.w.s.a.HttpWebHandlerAdapter - [7b1c4e24] Completed 200 OK
12:31:02.379 [Test worker] DEBUG o.s.w.t.h.s.r.b.TomcatHttpServer - Stopping TomcatHttpServer...
12:31:03.369 [Test worker] DEBUG o.s.w.t.h.s.r.b.TomcatHttpServer - Server stopped (0 millis).
12:31:03.809 [Test worker] DEBUG o.s.w.r.r.m.a.RequestMappingHandlerMapping - 6 mappings in 'requestMappingHandlerMapping'
12:31:03.907 [Test worker] DEBUG o.s.w.r.r.m.a.ControllerMethodResolver - ControllerAdvice beans: none
12:31:04.002 [Test worker] DEBUG o.s.w.s.a.HttpWebHandlerAdapter - enableLoggingRequestDetails='false': form data and headers will be masked to prevent unsafe logging of potentially sensitive data
12:31:04.002 [Test worker] DEBUG o.s.w.t.h.s.r.b.UndertowHttpServer - Starting UndertowHttpServer...
12:31:04.002 [Test worker] INFO  i.undertow - starting server: Undertow - 2.0.32.Final
12:31:04.072 [Test worker] DEBUG o.s.w.t.h.s.r.b.UndertowHttpServer - Server started on port 49437(0 millis).
12:31:04.073 [Test worker] DEBUG o.s.w.c.RestTemplate - HTTP GET http://localhost:49437/thrown-exception-with-cause-to-handle
12:31:04.074 [Test worker] DEBUG o.s.w.c.RestTemplate - Accept=[text/plain, application/json, application/x-jackson-smile, application/*+json, */*]
12:31:04.229 [XNIO-12 I/O-2] DEBUG o.s.w.s.a.HttpWebHandlerAdapter - [66c3edce] HTTP GET "/thrown-exception-with-cause-to-handle"
12:31:04.229 [XNIO-12 I/O-2] DEBUG o.s.w.r.r.m.a.RequestMappingHandlerMapping - [66c3edce] Mapped to org.springframework.web.reactive.result.method.annotation.RequestMappingExceptionHandlingIntegrationTests$TestController#handleAndThrowExceptionWithCauseToHandle()
12:31:04.230 [XNIO-12 I/O-2] DEBUG o.s.w.r.r.m.a.RequestMappingHandlerAdapter - [66c3edce] Using @ExceptionHandler org.springframework.web.reactive.result.method.annotation.RequestMappingExceptionHandlingIntegrationTests$TestController#handleArgumentException(IOException)
12:31:04.231 [XNIO-12 I/O-2] DEBUG o.s.w.r.r.m.a.ResponseBodyResultHandler - Using 'text/plain;charset=UTF-8' given [text/plain, application/json, application/x-jackson-smile, application/*+json, */*] and supported [text/plain;charset=UTF-8, text/event-stream, text/plain;charset=UTF-8, */*]
12:31:04.231 [XNIO-12 I/O-2] DEBUG o.s.w.r.r.m.a.ResponseBodyResultHandler - [66c3edce] 0..1 [java.lang.String]
12:31:04.231 [XNIO-12 I/O-2] DEBUG o.s.c.c.CharSequenceEncoder - [66c3edce] Writing "Recovered from error: IO"
12:31:04.232 [XNIO-12 I/O-2] DEBUG o.s.w.s.a.HttpWebHandlerAdapter - [66c3edce] Completed 200 OK
12:31:04.232 [Test worker] DEBUG o.s.w.c.RestTemplate - Response 200 OK
12:31:04.232 [Test worker] DEBUG o.s.w.c.RestTemplate - Reading to [java.lang.String] as "text/plain;charset=UTF-8"
12:31:04.232 [Test worker] DEBUG o.s.w.t.h.s.r.b.UndertowHttpServer - Stopping UndertowHttpServer...
12:31:04.232 [Test worker] INFO  i.undertow - stopping server: Undertow - 2.0.32.Final
12:31:04.236 [Test worker] DEBUG o.s.w.t.h.s.r.b.UndertowHttpServer - Server stopped (0 millis).
12:31:04.382 [Test worker] DEBUG o.s.w.r.r.m.a.RequestMappingHandlerMapping - 6 mappings in 'requestMappingHandlerMapping'
12:31:04.500 [Test worker] DEBUG o.s.w.r.r.m.a.ControllerMethodResolver - ControllerAdvice beans: none
12:31:04.584 [Test worker] DEBUG o.s.w.s.a.HttpWebHandlerAdapter - enableLoggingRequestDetails='false': form data and headers will be masked to prevent unsafe logging of potentially sensitive data
12:31:04.585 [Test worker] WARN  o.e.j.s.h.ContextHandler - Empty contextPath
12:31:04.585 [Test worker] INFO  o.e.j.s.h.ContextHandler - Started o.e.j.s.ServletContextHandler@2791a2d{/,null,AVAILABLE}
12:31:04.585 [Test worker] DEBUG o.s.w.t.h.s.r.b.JettyHttpServer - Starting JettyHttpServer...
12:31:04.586 [Test worker] INFO  o.e.j.s.Server - jetty-9.4.31.v20200723; built: 2020-07-23T17:57:36.812Z; git: 450ba27947e13e66baa8cd1ce7e85a4461cacc1d; jvm 1.8.0_191-b12
12:31:04.615 [Test worker] INFO  o.e.j.s.AbstractConnector - Started ServerConnector@305f7d5a{HTTP/1.1, (http/1.1)}{0.0.0.0:49439}
12:31:04.615 [Test worker] INFO  o.e.j.s.Server - Started @152316ms
12:31:04.615 [Test worker] DEBUG o.s.w.t.h.s.r.b.JettyHttpServer - Server started on port 49439(0 millis).
12:31:04.616 [Test worker] DEBUG o.s.w.c.RestTemplate - HTTP GET http://localhost:49439/SPR-16318
12:31:04.617 [Test worker] DEBUG o.s.w.c.RestTemplate - Accept=[text/plain, application/json, application/x-jackson-smile, application/*+json, */*]
12:31:04.621 [qtp1201647158-496] DEBUG o.s.w.s.a.HttpWebHandlerAdapter - [2e31c1a6] HTTP GET "/SPR-16318"
12:31:04.621 [qtp1201647158-496] DEBUG o.s.w.r.r.m.a.RequestMappingHandlerMapping - [2e31c1a6] Mapped to org.springframework.web.reactive.result.method.annotation.RequestMappingExceptionHandlingIntegrationTests$TestController#handleTextPlain()
12:31:04.623 [qtp1201647158-496] DEBUG o.s.w.r.r.m.a.ResponseBodyResultHandler - Using 'text/plain' given [text/plain, application/problem+json] and supported [text/plain]
12:31:04.623 [qtp1201647158-496] DEBUG o.s.w.r.r.m.a.ResponseBodyResultHandler - [2e31c1a6] 0..1 [java.lang.String]
12:31:04.624 [qtp1201647158-496] DEBUG o.s.w.r.r.m.a.RequestMappingHandlerAdapter - [2e31c1a6] Using @ExceptionHandler org.springframework.web.reactive.result.method.annotation.RequestMappingExceptionHandlingIntegrationTests$TestController#handle(Spr16318Exception)
12:31:04.629 [qtp1201647158-496] DEBUG o.s.w.r.r.m.a.ResponseEntityResultHandler - Using 'application/problem+json' given [text/plain, application/problem+json] and supported [application/json, application/*+json, application/x-jackson-smile, application/*+x-jackson-smile, text/event-stream]
12:31:04.629 [qtp1201647158-496] DEBUG o.s.w.r.r.m.a.ResponseEntityResultHandler - [2e31c1a6] 0..1 [java.util.Map<java.lang.String, java.lang.String>]
12:31:04.637 [qtp1201647158-496] DEBUG o.s.h.c.j.Jackson2JsonEncoder - [2e31c1a6] Encoding [{reason=error}]
12:31:04.639 [qtp1201647158-496] DEBUG o.s.w.s.a.HttpWebHandlerAdapter - [2e31c1a6] Completed 500 INTERNAL_SERVER_ERROR
12:31:04.641 [Test worker] DEBUG o.s.w.c.RestTemplate - Response 500 INTERNAL_SERVER_ERROR
12:31:04.647 [Test worker] DEBUG o.s.w.t.h.s.r.b.JettyHttpServer - Stopping JettyHttpServer...
12:31:04.648 [Test worker] INFO  o.e.j.s.h.ContextHandler - Stopped o.e.j.s.ServletContextHandler@2791a2d{/,null,UNAVAILABLE}
12:31:04.650 [Test worker] INFO  o.e.j.s.AbstractConnector - Stopped ServerConnector@305f7d5a{HTTP/1.1, (http/1.1)}{0.0.0.0:0}
12:31:04.650 [Test worker] DEBUG o.s.w.t.h.s.r.b.JettyHttpServer - Server stopped (0 millis).
12:31:04.911 [Test worker] DEBUG o.s.w.r.r.m.a.RequestMappingHandlerMapping - 6 mappings in 'requestMappingHandlerMapping'
12:31:05.045 [Test worker] DEBUG o.s.w.r.r.m.a.ControllerMethodResolver - ControllerAdvice beans: none
12:31:05.127 [Test worker] DEBUG o.s.w.s.a.HttpWebHandlerAdapter - enableLoggingRequestDetails='false': form data and headers will be masked to prevent unsafe logging of potentially sensitive data
12:31:05.128 [Test worker] DEBUG o.s.w.t.h.s.r.b.ReactorHttpServer - Starting ReactorHttpServer...
12:31:05.129 [Test worker] DEBUG o.s.w.t.h.s.r.b.ReactorHttpServer - Server started on port 49446(0 millis).
12:31:05.130 [Test worker] DEBUG o.s.w.c.RestTemplate - HTTP GET http://localhost:49446/SPR-16318
12:31:05.130 [Test worker] DEBUG o.s.w.c.RestTemplate - Accept=[text/plain, application/json, application/x-jackson-smile, application/*+json, */*]
12:31:05.133 [reactor-http-nio-2] DEBUG o.s.w.s.a.HttpWebHandlerAdapter - [c3b97517-13] HTTP GET "/SPR-16318"
12:31:05.133 [reactor-http-nio-2] DEBUG o.s.w.r.r.m.a.RequestMappingHandlerMapping - [c3b97517-13] Mapped to org.springframework.web.reactive.result.method.annotation.RequestMappingExceptionHandlingIntegrationTests$TestController#handleTextPlain()
12:31:05.135 [reactor-http-nio-2] DEBUG o.s.w.r.r.m.a.ResponseBodyResultHandler - Using 'text/plain' given [text/plain, application/problem+json] and supported [text/plain]
12:31:05.135 [reactor-http-nio-2] DEBUG o.s.w.r.r.m.a.ResponseBodyResultHandler - [c3b97517-13] 0..1 [java.lang.String]
12:31:05.136 [reactor-http-nio-2] DEBUG o.s.w.r.r.m.a.RequestMappingHandlerAdapter - [c3b97517-13] Using @ExceptionHandler org.springframework.web.reactive.result.method.annotation.RequestMappingExceptionHandlingIntegrationTests$TestController#handle(Spr16318Exception)
12:31:05.136 [reactor-http-nio-2] DEBUG o.s.w.r.r.m.a.ResponseEntityResultHandler - Using 'application/problem+json' given [text/plain, application/problem+json] and supported [application/json, application/*+json, application/x-jackson-smile, application/*+x-jackson-smile, text/event-stream]
12:31:05.137 [reactor-http-nio-2] DEBUG o.s.w.r.r.m.a.ResponseEntityResultHandler - [c3b97517-13] 0..1 [java.util.Map<java.lang.String, java.lang.String>]
12:31:05.137 [reactor-http-nio-2] DEBUG o.s.h.c.j.Jackson2JsonEncoder - [c3b97517-13] Encoding [{reason=error}]
12:31:05.141 [Test worker] DEBUG o.s.w.c.RestTemplate - Response 500 INTERNAL_SERVER_ERROR
12:31:05.142 [reactor-http-nio-2] DEBUG o.s.w.s.a.HttpWebHandlerAdapter - [c3b97517-13] Completed 500 INTERNAL_SERVER_ERROR
12:31:05.143 [Test worker] DEBUG o.s.w.t.h.s.r.b.ReactorHttpServer - Stopping ReactorHttpServer...
12:31:05.143 [Test worker] DEBUG o.s.w.t.h.s.r.b.ReactorHttpServer - Server stopped (0 millis).
12:31:05.415 [Test worker] DEBUG o.s.w.r.r.m.a.RequestMappingHandlerMapping - 6 mappings in 'requestMappingHandlerMapping'
12:31:05.481 [Test worker] DEBUG o.s.w.r.r.m.a.ControllerMethodResolver - ControllerAdvice beans: none
12:31:05.622 [Test worker] DEBUG o.s.w.s.a.HttpWebHandlerAdapter - enableLoggingRequestDetails='false': form data and headers will be masked to prevent unsafe logging of potentially sensitive data
12:31:05.623 [Test worker] DEBUG o.s.w.t.h.s.r.b.TomcatHttpServer - Starting TomcatHttpServer...
12:31:05.814 [Test worker] DEBUG o.s.w.t.h.s.r.b.TomcatHttpServer - Server started on port 49452(0 millis).
12:31:05.817 [Test worker] DEBUG o.s.w.c.RestTemplate - HTTP GET http://localhost:49452/SPR-16318
12:31:05.818 [Test worker] DEBUG o.s.w.c.RestTemplate - Accept=[text/plain, application/json, application/x-jackson-smile, application/*+json, */*]
12:31:11.948 [http-nio-auto-13-exec-1] DEBUG o.s.w.s.a.HttpWebHandlerAdapter - [79558e4d] HTTP GET "/SPR-16318"
12:31:11.953 [http-nio-auto-13-exec-1] DEBUG o.s.w.r.r.m.a.RequestMappingHandlerMapping - [79558e4d] Mapped to org.springframework.web.reactive.result.method.annotation.RequestMappingExceptionHandlingIntegrationTests$TestController#handleTextPlain()
12:31:11.961 [http-nio-auto-13-exec-1] DEBUG o.s.w.r.r.m.a.ResponseBodyResultHandler - Using 'text/plain' given [text/plain, application/problem+json] and supported [text/plain]
12:31:11.961 [http-nio-auto-13-exec-1] DEBUG o.s.w.r.r.m.a.ResponseBodyResultHandler - [79558e4d] 0..1 [java.lang.String]
12:31:11.964 [http-nio-auto-13-exec-1] DEBUG o.s.w.r.r.m.a.RequestMappingHandlerAdapter - [79558e4d] Using @ExceptionHandler org.springframework.web.reactive.result.method.annotation.RequestMappingExceptionHandlingIntegrationTests$TestController#handle(Spr16318Exception)
12:31:11.966 [http-nio-auto-13-exec-1] DEBUG o.s.w.r.r.m.a.ResponseEntityResultHandler - Using 'application/problem+json' given [text/plain, application/problem+json] and supported [application/json, application/*+json, application/x-jackson-smile, application/*+x-jackson-smile, text/event-stream]
12:31:11.966 [http-nio-auto-13-exec-1] DEBUG o.s.w.r.r.m.a.ResponseEntityResultHandler - [79558e4d] 0..1 [java.util.Map<java.lang.String, java.lang.String>]
12:31:11.968 [http-nio-auto-13-exec-1] DEBUG o.s.h.c.j.Jackson2JsonEncoder - [79558e4d] Encoding [{reason=error}]
12:31:11.975 [http-nio-auto-13-exec-1] DEBUG o.s.w.s.a.HttpWebHandlerAdapter - [79558e4d] Completed 500 INTERNAL_SERVER_ERROR
12:31:11.975 [Test worker] DEBUG o.s.w.c.RestTemplate - Response 500 INTERNAL_SERVER_ERROR
12:31:11.981 [Test worker] DEBUG o.s.w.t.h.s.r.b.TomcatHttpServer - Stopping TomcatHttpServer...
12:31:13.442 [Test worker] DEBUG o.s.w.t.h.s.r.b.TomcatHttpServer - Server stopped (0 millis).
12:31:13.769 [Test worker] DEBUG o.s.w.r.r.m.a.RequestMappingHandlerMapping - 6 mappings in 'requestMappingHandlerMapping'
12:31:13.930 [Test worker] DEBUG o.s.w.r.r.m.a.ControllerMethodResolver - ControllerAdvice beans: none
12:31:14.091 [Test worker] DEBUG o.s.w.s.a.HttpWebHandlerAdapter - enableLoggingRequestDetails='false': form data and headers will be masked to prevent unsafe logging of potentially sensitive data
12:31:14.092 [Test worker] DEBUG o.s.w.t.h.s.r.b.UndertowHttpServer - Starting UndertowHttpServer...
12:31:14.092 [Test worker] INFO  i.undertow - starting server: Undertow - 2.0.32.Final
12:31:14.186 [Test worker] DEBUG o.s.w.t.h.s.r.b.UndertowHttpServer - Server started on port 49513(0 millis).
12:31:14.188 [Test worker] DEBUG o.s.w.c.RestTemplate - HTTP GET http://localhost:49513/SPR-16318
12:31:14.189 [Test worker] DEBUG o.s.w.c.RestTemplate - Accept=[text/plain, application/json, application/x-jackson-smile, application/*+json, */*]
12:31:14.261 [XNIO-13 I/O-2] DEBUG o.s.w.s.a.HttpWebHandlerAdapter - [260e84d2] HTTP GET "/SPR-16318"
12:31:14.261 [XNIO-13 I/O-2] DEBUG o.s.w.r.r.m.a.RequestMappingHandlerMapping - [260e84d2] Mapped to org.springframework.web.reactive.result.method.annotation.RequestMappingExceptionHandlingIntegrationTests$TestController#handleTextPlain()
12:31:14.262 [XNIO-13 I/O-2] DEBUG o.s.w.r.r.m.a.ResponseBodyResultHandler - Using 'text/plain' given [text/plain, application/problem+json] and supported [text/plain]
12:31:14.262 [XNIO-13 I/O-2] DEBUG o.s.w.r.r.m.a.ResponseBodyResultHandler - [260e84d2] 0..1 [java.lang.String]
12:31:14.263 [XNIO-13 I/O-2] DEBUG o.s.w.r.r.m.a.RequestMappingHandlerAdapter - [260e84d2] Using @ExceptionHandler org.springframework.web.reactive.result.method.annotation.RequestMappingExceptionHandlingIntegrationTests$TestController#handle(Spr16318Exception)
12:31:14.264 [XNIO-13 I/O-2] DEBUG o.s.w.r.r.m.a.ResponseEntityResultHandler - Using 'application/problem+json' given [text/plain, application/problem+json] and supported [application/json, application/*+json, application/x-jackson-smile, application/*+x-jackson-smile, text/event-stream]
12:31:14.264 [XNIO-13 I/O-2] DEBUG o.s.w.r.r.m.a.ResponseEntityResultHandler - [260e84d2] 0..1 [java.util.Map<java.lang.String, java.lang.String>]
12:31:14.265 [XNIO-13 I/O-2] DEBUG o.s.h.c.j.Jackson2JsonEncoder - [260e84d2] Encoding [{reason=error}]
12:31:14.266 [Test worker] DEBUG o.s.w.c.RestTemplate - Response 500 INTERNAL_SERVER_ERROR
12:31:14.267 [XNIO-13 I/O-2] DEBUG o.s.w.s.a.HttpWebHandlerAdapter - [260e84d2] Completed 500 INTERNAL_SERVER_ERROR
12:31:14.267 [Test worker] DEBUG o.s.w.t.h.s.r.b.UndertowHttpServer - Stopping UndertowHttpServer...
12:31:14.267 [Test worker] INFO  i.undertow - stopping server: Undertow - 2.0.32.Final
12:31:14.275 [Test worker] DEBUG o.s.w.t.h.s.r.b.UndertowHttpServer - Server stopped (0 millis).
12:31:14.548 [Test worker] DEBUG o.s.w.r.r.m.a.RequestMappingHandlerMapping - 6 mappings in 'requestMappingHandlerMapping'
12:31:14.817 [Test worker] DEBUG o.s.w.r.r.m.a.ControllerMethodResolver - ControllerAdvice beans: none
12:31:15.084 [Test worker] DEBUG o.s.w.s.a.HttpWebHandlerAdapter - enableLoggingRequestDetails='false': form data and headers will be masked to prevent unsafe logging of potentially sensitive data
12:31:15.087 [Test worker] WARN  o.e.j.s.h.ContextHandler - Empty contextPath
12:31:15.095 [Test worker] INFO  o.e.j.s.h.ContextHandler - Started o.e.j.s.ServletContextHandler@5ad1c1f7{/,null,AVAILABLE}
12:31:15.097 [Test worker] DEBUG o.s.w.t.h.s.r.b.JettyHttpServer - Starting JettyHttpServer...
12:31:15.097 [Test worker] INFO  o.e.j.s.Server - jetty-9.4.31.v20200723; built: 2020-07-23T17:57:36.812Z; git: 450ba27947e13e66baa8cd1ce7e85a4461cacc1d; jvm 1.8.0_191-b12
12:31:15.676 [Test worker] INFO  o.e.j.s.AbstractConnector - Started ServerConnector@59d83e3c{HTTP/1.1, (http/1.1)}{0.0.0.0:49515}
12:31:15.676 [Test worker] INFO  o.e.j.s.Server - Started @163378ms
12:31:15.676 [Test worker] DEBUG o.s.w.t.h.s.r.b.JettyHttpServer - Server started on port 49515(0 millis).
12:31:15.677 [Test worker] DEBUG o.s.w.c.RestTemplate - HTTP GET http://localhost:49515/thrown-exception
12:31:15.677 [Test worker] DEBUG o.s.w.c.RestTemplate - Accept=[text/plain, application/json, application/x-jackson-smile, application/*+json, */*]
12:31:15.692 [qtp1366198155-524] DEBUG o.s.w.s.a.HttpWebHandlerAdapter - [150c76c2] HTTP GET "/thrown-exception"
12:31:15.694 [qtp1366198155-524] DEBUG o.s.w.r.r.m.a.RequestMappingHandlerMapping - [150c76c2] Mapped to org.springframework.web.reactive.result.method.annotation.RequestMappingExceptionHandlingIntegrationTests$TestController#handleAndThrowException()
12:31:15.696 [qtp1366198155-524] DEBUG o.s.w.r.r.m.a.RequestMappingHandlerAdapter - [150c76c2] Using @ExceptionHandler org.springframework.web.reactive.result.method.annotation.RequestMappingExceptionHandlingIntegrationTests$TestController#handleStateException(IllegalStateException)
12:31:15.697 [qtp1366198155-524] DEBUG o.s.w.r.r.m.a.ResponseEntityResultHandler - Using 'text/plain;charset=UTF-8' given [text/plain, application/json, application/x-jackson-smile, application/*+json, */*] and supported [text/plain;charset=UTF-8, text/event-stream, text/plain;charset=UTF-8, */*]
12:31:15.697 [qtp1366198155-524] DEBUG o.s.w.r.r.m.a.ResponseEntityResultHandler - [150c76c2] 0..1 [java.lang.String]
12:31:15.697 [qtp1366198155-524] DEBUG o.s.c.c.CharSequenceEncoder - [150c76c2] Writing "Recovered from error: State"
12:31:15.698 [Test worker] DEBUG o.s.w.c.RestTemplate - Response 200 OK
12:31:15.699 [Test worker] DEBUG o.s.w.c.RestTemplate - Reading to [java.lang.String] as "text/plain;charset=utf-8"
12:31:15.699 [Test worker] DEBUG o.s.w.t.h.s.r.b.JettyHttpServer - Stopping JettyHttpServer...
12:31:15.699 [Test worker] INFO  o.e.j.s.h.ContextHandler - Stopped o.e.j.s.ServletContextHandler@5ad1c1f7{/,null,UNAVAILABLE}
12:31:15.700 [qtp1366198155-524] DEBUG o.s.w.s.a.HttpWebHandlerAdapter - [150c76c2] Completed 200 OK
12:31:15.703 [Test worker] INFO  o.e.j.s.AbstractConnector - Stopped ServerConnector@59d83e3c{HTTP/1.1, (http/1.1)}{0.0.0.0:0}
12:31:15.704 [Test worker] DEBUG o.s.w.t.h.s.r.b.JettyHttpServer - Server stopped (0 millis).
12:31:16.009 [Test worker] DEBUG o.s.w.r.r.m.a.RequestMappingHandlerMapping - 6 mappings in 'requestMappingHandlerMapping'
12:31:16.093 [Test worker] DEBUG o.s.w.r.r.m.a.ControllerMethodResolver - ControllerAdvice beans: none
12:31:16.177 [Test worker] DEBUG o.s.w.s.a.HttpWebHandlerAdapter - enableLoggingRequestDetails='false': form data and headers will be masked to prevent unsafe logging of potentially sensitive data
12:31:16.178 [Test worker] DEBUG o.s.w.t.h.s.r.b.ReactorHttpServer - Starting ReactorHttpServer...
12:31:16.182 [Test worker] DEBUG o.s.w.t.h.s.r.b.ReactorHttpServer - Server started on port 49521(0 millis).
12:31:16.182 [Test worker] DEBUG o.s.w.c.RestTemplate - HTTP GET http://localhost:49521/thrown-exception
12:31:16.182 [Test worker] DEBUG o.s.w.c.RestTemplate - Accept=[text/plain, application/json, application/x-jackson-smile, application/*+json, */*]
12:31:16.185 [reactor-http-nio-4] DEBUG o.s.w.s.a.HttpWebHandlerAdapter - [9527bdbe-14] HTTP GET "/thrown-exception"
12:31:16.185 [reactor-http-nio-4] DEBUG o.s.w.r.r.m.a.RequestMappingHandlerMapping - [9527bdbe-14] Mapped to org.springframework.web.reactive.result.method.annotation.RequestMappingExceptionHandlingIntegrationTests$TestController#handleAndThrowException()
12:31:16.186 [reactor-http-nio-4] DEBUG o.s.w.r.r.m.a.RequestMappingHandlerAdapter - [9527bdbe-14] Using @ExceptionHandler org.springframework.web.reactive.result.method.annotation.RequestMappingExceptionHandlingIntegrationTests$TestController#handleStateException(IllegalStateException)
12:31:16.187 [reactor-http-nio-4] DEBUG o.s.w.r.r.m.a.ResponseEntityResultHandler - Using 'text/plain;charset=UTF-8' given [text/plain, application/json, application/x-jackson-smile, application/*+json, */*] and supported [text/plain;charset=UTF-8, text/event-stream, text/plain;charset=UTF-8, */*]
12:31:16.187 [reactor-http-nio-4] DEBUG o.s.w.r.r.m.a.ResponseEntityResultHandler - [9527bdbe-14] 0..1 [java.lang.String]
12:31:16.187 [reactor-http-nio-4] DEBUG o.s.c.c.CharSequenceEncoder - [9527bdbe-14] Writing "Recovered from error: State"
12:31:16.189 [Test worker] DEBUG o.s.w.c.RestTemplate - Response 200 OK
12:31:16.189 [reactor-http-nio-4] DEBUG o.s.w.s.a.HttpWebHandlerAdapter - [9527bdbe-14] Completed 200 OK
12:31:16.189 [Test worker] DEBUG o.s.w.c.RestTemplate - Reading to [java.lang.String] as "text/plain;charset=UTF-8"
12:31:16.189 [Test worker] DEBUG o.s.w.t.h.s.r.b.ReactorHttpServer - Stopping ReactorHttpServer...
12:31:16.189 [Test worker] DEBUG o.s.w.t.h.s.r.b.ReactorHttpServer - Server stopped (0 millis).
12:31:16.409 [Test worker] DEBUG o.s.w.r.r.m.a.RequestMappingHandlerMapping - 6 mappings in 'requestMappingHandlerMapping'
12:31:16.554 [Test worker] DEBUG o.s.w.r.r.m.a.ControllerMethodResolver - ControllerAdvice beans: none
12:31:16.644 [Test worker] DEBUG o.s.w.s.a.HttpWebHandlerAdapter - enableLoggingRequestDetails='false': form data and headers will be masked to prevent unsafe logging of potentially sensitive data
12:31:16.646 [Test worker] DEBUG o.s.w.t.h.s.r.b.TomcatHttpServer - Starting TomcatHttpServer...
12:31:16.703 [Test worker] DEBUG o.s.w.t.h.s.r.b.TomcatHttpServer - Server started on port 49523(0 millis).
12:31:16.703 [Test worker] DEBUG o.s.w.c.RestTemplate - HTTP GET http://localhost:49523/thrown-exception
12:31:16.703 [Test worker] DEBUG o.s.w.c.RestTemplate - Accept=[text/plain, application/json, application/x-jackson-smile, application/*+json, */*]
12:31:20.872 [http-nio-auto-14-exec-10] DEBUG o.s.w.s.a.HttpWebHandlerAdapter - [6ee906c6] HTTP GET "/thrown-exception"
12:31:20.876 [http-nio-auto-14-exec-10] DEBUG o.s.w.r.r.m.a.RequestMappingHandlerMapping - [6ee906c6] Mapped to org.springframework.web.reactive.result.method.annotation.RequestMappingExceptionHandlingIntegrationTests$TestController#handleAndThrowException()
12:31:20.888 [http-nio-auto-14-exec-10] DEBUG o.s.w.r.r.m.a.RequestMappingHandlerAdapter - [6ee906c6] Using @ExceptionHandler org.springframework.web.reactive.result.method.annotation.RequestMappingExceptionHandlingIntegrationTests$TestController#handleStateException(IllegalStateException)
12:31:20.890 [http-nio-auto-14-exec-10] DEBUG o.s.w.r.r.m.a.ResponseEntityResultHandler - Using 'text/plain;charset=UTF-8' given [text/plain, application/json, application/x-jackson-smile, application/*+json, */*] and supported [text/plain;charset=UTF-8, text/event-stream, text/plain;charset=UTF-8, */*]
12:31:20.890 [http-nio-auto-14-exec-10] DEBUG o.s.w.r.r.m.a.ResponseEntityResultHandler - [6ee906c6] 0..1 [java.lang.String]
12:31:20.890 [http-nio-auto-14-exec-10] DEBUG o.s.c.c.CharSequenceEncoder - [6ee906c6] Writing "Recovered from error: State"
12:31:20.898 [Test worker] DEBUG o.s.w.c.RestTemplate - Response 200 OK
12:31:20.898 [Test worker] DEBUG o.s.w.c.RestTemplate - Reading to [java.lang.String] as "text/plain;charset=UTF-8"
12:31:20.899 [Test worker] DEBUG o.s.w.t.h.s.r.b.TomcatHttpServer - Stopping TomcatHttpServer...
12:31:20.909 [http-nio-auto-14-exec-10] DEBUG o.s.w.s.a.HttpWebHandlerAdapter - [6ee906c6] Completed 200 OK
12:31:21.243 [Test worker] DEBUG o.s.w.t.h.s.r.b.TomcatHttpServer - Server stopped (0 millis).
12:31:21.393 [Test worker] DEBUG o.s.w.r.r.m.a.RequestMappingHandlerMapping - 6 mappings in 'requestMappingHandlerMapping'
12:31:21.447 [Test worker] DEBUG o.s.w.r.r.m.a.ControllerMethodResolver - ControllerAdvice beans: none
12:31:21.488 [Test worker] DEBUG o.s.w.s.a.HttpWebHandlerAdapter - enableLoggingRequestDetails='false': form data and headers will be masked to prevent unsafe logging of potentially sensitive data
12:31:21.488 [Test worker] DEBUG o.s.w.t.h.s.r.b.UndertowHttpServer - Starting UndertowHttpServer...
12:31:21.489 [Test worker] INFO  i.undertow - starting server: Undertow - 2.0.32.Final
12:31:21.502 [Test worker] DEBUG o.s.w.t.h.s.r.b.UndertowHttpServer - Server started on port 49574(0 millis).
12:31:21.503 [Test worker] DEBUG o.s.w.c.RestTemplate - HTTP GET http://localhost:49574/thrown-exception
12:31:21.503 [Test worker] DEBUG o.s.w.c.RestTemplate - Accept=[text/plain, application/json, application/x-jackson-smile, application/*+json, */*]
12:31:21.508 [XNIO-14 I/O-2] DEBUG o.s.w.s.a.HttpWebHandlerAdapter - [4a4f9646] HTTP GET "/thrown-exception"
12:31:21.509 [XNIO-14 I/O-2] DEBUG o.s.w.r.r.m.a.RequestMappingHandlerMapping - [4a4f9646] Mapped to org.springframework.web.reactive.result.method.annotation.RequestMappingExceptionHandlingIntegrationTests$TestController#handleAndThrowException()
12:31:21.510 [XNIO-14 I/O-2] DEBUG o.s.w.r.r.m.a.RequestMappingHandlerAdapter - [4a4f9646] Using @ExceptionHandler org.springframework.web.reactive.result.method.annotation.RequestMappingExceptionHandlingIntegrationTests$TestController#handleStateException(IllegalStateException)
12:31:21.511 [XNIO-14 I/O-2] DEBUG o.s.w.r.r.m.a.ResponseEntityResultHandler - Using 'text/plain;charset=UTF-8' given [text/plain, application/json, application/x-jackson-smile, application/*+json, */*] and supported [text/plain;charset=UTF-8, text/event-stream, text/plain;charset=UTF-8, */*]
12:31:21.511 [XNIO-14 I/O-2] DEBUG o.s.w.r.r.m.a.ResponseEntityResultHandler - [4a4f9646] 0..1 [java.lang.String]
12:31:21.511 [XNIO-14 I/O-2] DEBUG o.s.c.c.CharSequenceEncoder - [4a4f9646] Writing "Recovered from error: State"
12:31:21.512 [XNIO-14 I/O-2] DEBUG o.s.w.s.a.HttpWebHandlerAdapter - [4a4f9646] Completed 200 OK
12:31:21.512 [Test worker] DEBUG o.s.w.c.RestTemplate - Response 200 OK
12:31:21.512 [Test worker] DEBUG o.s.w.c.RestTemplate - Reading to [java.lang.String] as "text/plain;charset=UTF-8"
12:31:21.513 [Test worker] DEBUG o.s.w.t.h.s.r.b.UndertowHttpServer - Stopping UndertowHttpServer...
12:31:21.513 [Test worker] INFO  i.undertow - stopping server: Undertow - 2.0.32.Final
12:31:21.516 [Test worker] DEBUG o.s.w.t.h.s.r.b.UndertowHttpServer - Server stopped (0 millis).
12:31:21.605 [Test worker] DEBUG o.s.w.r.r.m.a.RequestMappingHandlerMapping - 6 mappings in 'requestMappingHandlerMapping'
12:31:21.653 [Test worker] DEBUG o.s.w.r.r.m.a.ControllerMethodResolver - ControllerAdvice beans: none
12:31:21.693 [Test worker] DEBUG o.s.w.s.a.HttpWebHandlerAdapter - enableLoggingRequestDetails='false': form data and headers will be masked to prevent unsafe logging of potentially sensitive data
12:31:21.694 [Test worker] WARN  o.e.j.s.h.ContextHandler - Empty contextPath
12:31:21.694 [Test worker] INFO  o.e.j.s.h.ContextHandler - Started o.e.j.s.ServletContextHandler@142dee2c{/,null,AVAILABLE}
12:31:21.695 [Test worker] DEBUG o.s.w.t.h.s.r.b.JettyHttpServer - Starting JettyHttpServer...
12:31:21.695 [Test worker] INFO  o.e.j.s.Server - jetty-9.4.31.v20200723; built: 2020-07-23T17:57:36.812Z; git: 450ba27947e13e66baa8cd1ce7e85a4461cacc1d; jvm 1.8.0_191-b12
12:31:21.703 [Test worker] INFO  o.e.j.s.AbstractConnector - Started ServerConnector@5c11094d{HTTP/1.1, (http/1.1)}{0.0.0.0:49576}
12:31:21.703 [Test worker] INFO  o.e.j.s.Server - Started @169404ms
12:31:21.703 [Test worker] DEBUG o.s.w.t.h.s.r.b.JettyHttpServer - Server started on port 49576(0 millis).
12:31:21.704 [Test worker] DEBUG o.s.w.c.RestTemplate - HTTP GET http://localhost:49576/SPR-16051
12:31:21.704 [Test worker] DEBUG o.s.w.c.RestTemplate - Accept=[text/plain, application/json, application/x-jackson-smile, application/*+json, */*]
12:31:21.708 [qtp809652780-555] DEBUG o.s.w.s.a.HttpWebHandlerAdapter - [2393cbb4] HTTP GET "/SPR-16051"
12:31:21.709 [qtp809652780-555] DEBUG o.s.w.r.r.m.a.RequestMappingHandlerMapping - [2393cbb4] Mapped to org.springframework.web.reactive.result.method.annotation.RequestMappingExceptionHandlingIntegrationTests$TestController#errors()
12:31:21.710 [qtp809652780-555] DEBUG o.s.w.r.r.m.a.ResponseBodyResultHandler - Using 'text/plain;charset=UTF-8' given [text/plain, application/json, application/x-jackson-smile, application/*+json, */*] and supported [text/plain;charset=UTF-8, text/event-stream, text/plain;charset=UTF-8, */*]
12:31:21.711 [qtp809652780-555] DEBUG o.s.w.r.r.m.a.ResponseBodyResultHandler - [2393cbb4] 0..N [java.lang.String]
12:31:21.713 [qtp809652780-555] DEBUG o.s.c.c.CharSequenceEncoder - [2393cbb4] Writing "1. foo bar"
12:31:21.714 [Test worker] DEBUG o.s.w.c.RestTemplate - Response 200 OK
12:31:21.714 [Test worker] DEBUG o.s.w.c.RestTemplate - Reading to [java.lang.String] as "text/plain;charset=utf-8"
12:31:21.714 [qtp809652780-555] DEBUG o.s.c.c.CharSequenceEncoder - [2393cbb4] Writing "2. foo bar"
12:31:21.714 [qtp809652780-555] DEBUG o.s.c.c.CharSequenceEncoder - [2393cbb4] Writing "3. foo bar"
12:31:21.715 [qtp809652780-555] DEBUG o.s.c.c.CharSequenceEncoder - [2393cbb4] Writing "4. foo bar"
12:31:21.715 [qtp809652780-555] DEBUG o.s.c.c.CharSequenceEncoder - [2393cbb4] Writing "5. foo bar"
12:31:21.715 [qtp809652780-555] DEBUG o.s.c.c.CharSequenceEncoder - [2393cbb4] Writing "6. foo bar"
12:31:21.715 [qtp809652780-555] DEBUG o.s.c.c.CharSequenceEncoder - [2393cbb4] Writing "7. foo bar"
12:31:21.716 [qtp809652780-555] DEBUG o.s.c.c.CharSequenceEncoder - [2393cbb4] Writing "8. foo bar"
12:31:21.716 [qtp809652780-555] DEBUG o.s.c.c.CharSequenceEncoder - [2393cbb4] Writing "9. foo bar"
12:31:21.717 [qtp809652780-555] DEBUG o.s.c.c.CharSequenceEncoder - [2393cbb4] Writing "10. foo bar"
12:31:21.717 [qtp809652780-555] DEBUG o.s.c.c.CharSequenceEncoder - [2393cbb4] Writing "11. foo bar"
12:31:21.717 [qtp809652780-555] DEBUG o.s.c.c.CharSequenceEncoder - [2393cbb4] Writing "12. foo bar"
12:31:21.718 [qtp809652780-555] DEBUG o.s.c.c.CharSequenceEncoder - [2393cbb4] Writing "13. foo bar"
12:31:21.718 [qtp809652780-555] DEBUG o.s.c.c.CharSequenceEncoder - [2393cbb4] Writing "14. foo bar"
12:31:21.718 [qtp809652780-555] DEBUG o.s.c.c.CharSequenceEncoder - [2393cbb4] Writing "15. foo bar"
12:31:21.719 [qtp809652780-555] DEBUG o.s.c.c.CharSequenceEncoder - [2393cbb4] Writing "16. foo bar"
12:31:21.719 [qtp809652780-555] DEBUG o.s.c.c.CharSequenceEncoder - [2393cbb4] Writing "17. foo bar"
12:31:21.719 [qtp809652780-555] DEBUG o.s.c.c.CharSequenceEncoder - [2393cbb4] Writing "18. foo bar"
12:31:21.720 [qtp809652780-555] DEBUG o.s.c.c.CharSequenceEncoder - [2393cbb4] Writing "19. foo bar"
12:31:21.720 [qtp809652780-555] DEBUG o.s.c.c.CharSequenceEncoder - [2393cbb4] Writing "20. foo bar"
12:31:21.720 [qtp809652780-555] DEBUG o.s.c.c.CharSequenceEncoder - [2393cbb4] Writing "21. foo bar"
12:31:21.721 [qtp809652780-555] DEBUG o.s.c.c.CharSequenceEncoder - [2393cbb4] Writing "22. foo bar"
12:31:21.721 [qtp809652780-555] DEBUG o.s.c.c.CharSequenceEncoder - [2393cbb4] Writing "23. foo bar"
12:31:21.722 [qtp809652780-555] DEBUG o.s.c.c.CharSequenceEncoder - [2393cbb4] Writing "24. foo bar"
12:31:21.722 [qtp809652780-555] DEBUG o.s.c.c.CharSequenceEncoder - [2393cbb4] Writing "25. foo bar"
12:31:21.723 [qtp809652780-555] DEBUG o.s.c.c.CharSequenceEncoder - [2393cbb4] Writing "26. foo bar"
12:31:21.723 [qtp809652780-555] DEBUG o.s.c.c.CharSequenceEncoder - [2393cbb4] Writing "27. foo bar"
12:31:21.723 [qtp809652780-555] DEBUG o.s.c.c.CharSequenceEncoder - [2393cbb4] Writing "28. foo bar"
12:31:21.724 [qtp809652780-555] DEBUG o.s.c.c.CharSequenceEncoder - [2393cbb4] Writing "29. foo bar"
12:31:21.724 [qtp809652780-555] DEBUG o.s.c.c.CharSequenceEncoder - [2393cbb4] Writing "30. foo bar"
12:31:21.724 [qtp809652780-555] DEBUG o.s.c.c.CharSequenceEncoder - [2393cbb4] Writing "31. foo bar"
12:31:21.724 [qtp809652780-555] DEBUG o.s.c.c.CharSequenceEncoder - [2393cbb4] Writing "32. foo bar"
12:31:21.725 [qtp809652780-555] DEBUG o.s.c.c.CharSequenceEncoder - [2393cbb4] Writing "33. foo bar"
12:31:21.725 [qtp809652780-555] DEBUG o.s.c.c.CharSequenceEncoder - [2393cbb4] Writing "34. foo bar"
12:31:21.726 [qtp809652780-555] DEBUG o.s.c.c.CharSequenceEncoder - [2393cbb4] Writing "35. foo bar"
12:31:21.726 [qtp809652780-555] DEBUG o.s.c.c.CharSequenceEncoder - [2393cbb4] Writing "36. foo bar"
12:31:21.726 [qtp809652780-555] DEBUG o.s.c.c.CharSequenceEncoder - [2393cbb4] Writing "37. foo bar"
12:31:21.727 [qtp809652780-555] DEBUG o.s.c.c.CharSequenceEncoder - [2393cbb4] Writing "38. foo bar"
12:31:21.727 [qtp809652780-555] DEBUG o.s.c.c.CharSequenceEncoder - [2393cbb4] Writing "39. foo bar"
12:31:21.727 [qtp809652780-555] DEBUG o.s.c.c.CharSequenceEncoder - [2393cbb4] Writing "40. foo bar"
12:31:21.728 [qtp809652780-555] DEBUG o.s.c.c.CharSequenceEncoder - [2393cbb4] Writing "41. foo bar"
12:31:21.728 [qtp809652780-555] DEBUG o.s.c.c.CharSequenceEncoder - [2393cbb4] Writing "42. foo bar"
12:31:21.729 [qtp809652780-555] DEBUG o.s.c.c.CharSequenceEncoder - [2393cbb4] Writing "43. foo bar"
12:31:21.729 [qtp809652780-555] DEBUG o.s.c.c.CharSequenceEncoder - [2393cbb4] Writing "44. foo bar"
12:31:21.730 [qtp809652780-555] DEBUG o.s.c.c.CharSequenceEncoder - [2393cbb4] Writing "45. foo bar"
12:31:21.730 [qtp809652780-555] DEBUG o.s.c.c.CharSequenceEncoder - [2393cbb4] Writing "46. foo bar"
12:31:21.731 [qtp809652780-555] DEBUG o.s.c.c.CharSequenceEncoder - [2393cbb4] Writing "47. foo bar"
12:31:21.731 [qtp809652780-555] DEBUG o.s.c.c.CharSequenceEncoder - [2393cbb4] Writing "48. foo bar"
12:31:21.732 [qtp809652780-555] DEBUG o.s.c.c.CharSequenceEncoder - [2393cbb4] Writing "49. foo bar"
12:31:21.732 [qtp809652780-555] DEBUG o.s.c.c.CharSequenceEncoder - [2393cbb4] Writing "50. foo bar"
12:31:21.732 [qtp809652780-555] DEBUG o.s.c.c.CharSequenceEncoder - [2393cbb4] Writing "51. foo bar"
12:31:21.732 [qtp809652780-555] DEBUG o.s.c.c.CharSequenceEncoder - [2393cbb4] Writing "52. foo bar"
12:31:21.733 [qtp809652780-555] DEBUG o.s.c.c.CharSequenceEncoder - [2393cbb4] Writing "53. foo bar"
12:31:21.733 [qtp809652780-555] DEBUG o.s.c.c.CharSequenceEncoder - [2393cbb4] Writing "54. foo bar"
12:31:21.734 [qtp809652780-555] DEBUG o.s.c.c.CharSequenceEncoder - [2393cbb4] Writing "55. foo bar"
12:31:21.734 [qtp809652780-555] DEBUG o.s.c.c.CharSequenceEncoder - [2393cbb4] Writing "56. foo bar"
12:31:21.735 [qtp809652780-555] DEBUG o.s.c.c.CharSequenceEncoder - [2393cbb4] Writing "57. foo bar"
12:31:21.735 [qtp809652780-555] DEBUG o.s.c.c.CharSequenceEncoder - [2393cbb4] Writing "58. foo bar"
12:31:21.735 [qtp809652780-555] DEBUG o.s.c.c.CharSequenceEncoder - [2393cbb4] Writing "59. foo bar"
12:31:21.736 [qtp809652780-555] DEBUG o.s.c.c.CharSequenceEncoder - [2393cbb4] Writing "60. foo bar"
12:31:21.736 [qtp809652780-555] DEBUG o.s.c.c.CharSequenceEncoder - [2393cbb4] Writing "61. foo bar"
12:31:21.736 [qtp809652780-555] DEBUG o.s.c.c.CharSequenceEncoder - [2393cbb4] Writing "62. foo bar"
12:31:21.736 [qtp809652780-555] DEBUG o.s.c.c.CharSequenceEncoder - [2393cbb4] Writing "63. foo bar"
12:31:21.737 [qtp809652780-555] DEBUG o.s.c.c.CharSequenceEncoder - [2393cbb4] Writing "64. foo bar"
12:31:21.737 [qtp809652780-555] DEBUG o.s.c.c.CharSequenceEncoder - [2393cbb4] Writing "65. foo bar"
12:31:21.737 [qtp809652780-555] DEBUG o.s.c.c.CharSequenceEncoder - [2393cbb4] Writing "66. foo bar"
12:31:21.738 [qtp809652780-555] DEBUG o.s.c.c.CharSequenceEncoder - [2393cbb4] Writing "67. foo bar"
12:31:21.738 [qtp809652780-555] DEBUG o.s.c.c.CharSequenceEncoder - [2393cbb4] Writing "68. foo bar"
12:31:21.739 [qtp809652780-555] DEBUG o.s.c.c.CharSequenceEncoder - [2393cbb4] Writing "69. foo bar"
12:31:21.739 [qtp809652780-555] DEBUG o.s.c.c.CharSequenceEncoder - [2393cbb4] Writing "70. foo bar"
12:31:21.740 [qtp809652780-555] DEBUG o.s.c.c.CharSequenceEncoder - [2393cbb4] Writing "71. foo bar"
12:31:21.740 [qtp809652780-555] DEBUG o.s.c.c.CharSequenceEncoder - [2393cbb4] Writing "72. foo bar"
12:31:21.740 [qtp809652780-555] DEBUG o.s.c.c.CharSequenceEncoder - [2393cbb4] Writing "73. foo bar"
12:31:21.741 [qtp809652780-555] DEBUG o.s.c.c.CharSequenceEncoder - [2393cbb4] Writing "74. foo bar"
12:31:21.741 [qtp809652780-555] DEBUG o.s.c.c.CharSequenceEncoder - [2393cbb4] Writing "75. foo bar"
12:31:21.741 [qtp809652780-555] DEBUG o.s.c.c.CharSequenceEncoder - [2393cbb4] Writing "76. foo bar"
12:31:21.742 [qtp809652780-555] DEBUG o.s.c.c.CharSequenceEncoder - [2393cbb4] Writing "77. foo bar"
12:31:21.742 [qtp809652780-555] DEBUG o.s.c.c.CharSequenceEncoder - [2393cbb4] Writing "78. foo bar"
12:31:21.742 [qtp809652780-555] DEBUG o.s.c.c.CharSequenceEncoder - [2393cbb4] Writing "79. foo bar"
12:31:21.743 [qtp809652780-555] DEBUG o.s.c.c.CharSequenceEncoder - [2393cbb4] Writing "80. foo bar"
12:31:21.743 [qtp809652780-555] DEBUG o.s.c.c.CharSequenceEncoder - [2393cbb4] Writing "81. foo bar"
12:31:21.743 [qtp809652780-555] DEBUG o.s.c.c.CharSequenceEncoder - [2393cbb4] Writing "82. foo bar"
12:31:21.743 [qtp809652780-555] DEBUG o.s.c.c.CharSequenceEncoder - [2393cbb4] Writing "83. foo bar"
12:31:21.744 [qtp809652780-555] DEBUG o.s.c.c.CharSequenceEncoder - [2393cbb4] Writing "84. foo bar"
12:31:21.744 [qtp809652780-555] DEBUG o.s.c.c.CharSequenceEncoder - [2393cbb4] Writing "85. foo bar"
12:31:21.744 [qtp809652780-555] DEBUG o.s.c.c.CharSequenceEncoder - [2393cbb4] Writing "86. foo bar"
12:31:21.745 [qtp809652780-555] DEBUG o.s.c.c.CharSequenceEncoder - [2393cbb4] Writing "87. foo bar"
12:31:21.745 [qtp809652780-555] DEBUG o.s.c.c.CharSequenceEncoder - [2393cbb4] Writing "88. foo bar"
12:31:21.745 [qtp809652780-555] DEBUG o.s.c.c.CharSequenceEncoder - [2393cbb4] Writing "89. foo bar"
12:31:21.746 [qtp809652780-555] DEBUG o.s.c.c.CharSequenceEncoder - [2393cbb4] Writing "90. foo bar"
12:31:21.746 [qtp809652780-555] DEBUG o.s.c.c.CharSequenceEncoder - [2393cbb4] Writing "91. foo bar"
12:31:21.746 [qtp809652780-555] DEBUG o.s.c.c.CharSequenceEncoder - [2393cbb4] Writing "92. foo bar"
12:31:21.747 [qtp809652780-555] DEBUG o.s.c.c.CharSequenceEncoder - [2393cbb4] Writing "93. foo bar"
12:31:21.748 [qtp809652780-555] DEBUG o.s.c.c.CharSequenceEncoder - [2393cbb4] Writing "94. foo bar"
12:31:21.748 [qtp809652780-555] DEBUG o.s.c.c.CharSequenceEncoder - [2393cbb4] Writing "95. foo bar"
12:31:21.749 [qtp809652780-555] DEBUG o.s.c.c.CharSequenceEncoder - [2393cbb4] Writing "96. foo bar"
12:31:21.749 [qtp809652780-555] DEBUG o.s.c.c.CharSequenceEncoder - [2393cbb4] Writing "97. foo bar"
12:31:21.750 [qtp809652780-555] DEBUG o.s.c.c.CharSequenceEncoder - [2393cbb4] Writing "98. foo bar"
12:31:21.751 [qtp809652780-555] DEBUG o.s.c.c.CharSequenceEncoder - [2393cbb4] Writing "99. foo bar"
12:31:21.752 [qtp809652780-555] DEBUG o.s.c.c.CharSequenceEncoder - [2393cbb4] Writing "100. foo bar"
12:31:21.752 [qtp809652780-555] DEBUG o.s.c.c.CharSequenceEncoder - [2393cbb4] Writing "101. foo bar"
12:31:21.753 [qtp809652780-555] DEBUG o.s.c.c.CharSequenceEncoder - [2393cbb4] Writing "102. foo bar"
12:31:21.754 [qtp809652780-555] DEBUG o.s.c.c.CharSequenceEncoder - [2393cbb4] Writing "103. foo bar"
12:31:21.754 [qtp809652780-555] DEBUG o.s.c.c.CharSequenceEncoder - [2393cbb4] Writing "104. foo bar"
12:31:21.756 [qtp809652780-555] DEBUG o.s.c.c.CharSequenceEncoder - [2393cbb4] Writing "105. foo bar"
12:31:21.757 [qtp809652780-555] DEBUG o.s.c.c.CharSequenceEncoder - [2393cbb4] Writing "106. foo bar"
12:31:21.757 [qtp809652780-555] DEBUG o.s.c.c.CharSequenceEncoder - [2393cbb4] Writing "107. foo bar"
12:31:21.758 [qtp809652780-555] DEBUG o.s.c.c.CharSequenceEncoder - [2393cbb4] Writing "108. foo bar"
12:31:21.758 [qtp809652780-555] DEBUG o.s.c.c.CharSequenceEncoder - [2393cbb4] Writing "109. foo bar"
12:31:21.758 [qtp809652780-555] DEBUG o.s.c.c.CharSequenceEncoder - [2393cbb4] Writing "110. foo bar"
12:31:21.759 [qtp809652780-555] DEBUG o.s.c.c.CharSequenceEncoder - [2393cbb4] Writing "111. foo bar"
12:31:21.759 [qtp809652780-555] DEBUG o.s.c.c.CharSequenceEncoder - [2393cbb4] Writing "112. foo bar"
12:31:21.760 [qtp809652780-555] DEBUG o.s.c.c.CharSequenceEncoder - [2393cbb4] Writing "113. foo bar"
12:31:21.760 [qtp809652780-555] DEBUG o.s.c.c.CharSequenceEncoder - [2393cbb4] Writing "114. foo bar"
12:31:21.760 [qtp809652780-555] DEBUG o.s.c.c.CharSequenceEncoder - [2393cbb4] Writing "115. foo bar"
12:31:21.761 [qtp809652780-555] DEBUG o.s.c.c.CharSequenceEncoder - [2393cbb4] Writing "116. foo bar"
12:31:21.761 [qtp809652780-555] DEBUG o.s.c.c.CharSequenceEncoder - [2393cbb4] Writing "117. foo bar"
12:31:21.761 [qtp809652780-555] DEBUG o.s.c.c.CharSequenceEncoder - [2393cbb4] Writing "118. foo bar"
12:31:21.762 [qtp809652780-555] DEBUG o.s.c.c.CharSequenceEncoder - [2393cbb4] Writing "119. foo bar"
12:31:21.762 [qtp809652780-555] DEBUG o.s.c.c.CharSequenceEncoder - [2393cbb4] Writing "120. foo bar"
12:31:21.762 [qtp809652780-555] DEBUG o.s.c.c.CharSequenceEncoder - [2393cbb4] Writing "121. foo bar"
12:31:21.763 [qtp809652780-555] DEBUG o.s.c.c.CharSequenceEncoder - [2393cbb4] Writing "122. foo bar"
12:31:21.763 [qtp809652780-555] DEBUG o.s.c.c.CharSequenceEncoder - [2393cbb4] Writing "123. foo bar"
12:31:21.764 [qtp809652780-555] DEBUG o.s.c.c.CharSequenceEncoder - [2393cbb4] Writing "124. foo bar"
12:31:21.764 [qtp809652780-555] DEBUG o.s.c.c.CharSequenceEncoder - [2393cbb4] Writing "125. foo bar"
12:31:21.764 [qtp809652780-555] DEBUG o.s.c.c.CharSequenceEncoder - [2393cbb4] Writing "126. foo bar"
12:31:21.765 [qtp809652780-555] DEBUG o.s.c.c.CharSequenceEncoder - [2393cbb4] Writing "127. foo bar"
12:31:21.765 [qtp809652780-555] DEBUG o.s.c.c.CharSequenceEncoder - [2393cbb4] Writing "128. foo bar"
12:31:21.766 [qtp809652780-555] DEBUG o.s.c.c.CharSequenceEncoder - [2393cbb4] Writing "129. foo bar"
12:31:21.766 [qtp809652780-555] DEBUG o.s.c.c.CharSequenceEncoder - [2393cbb4] Writing "130. foo bar"
12:31:21.766 [qtp809652780-555] DEBUG o.s.c.c.CharSequenceEncoder - [2393cbb4] Writing "131. foo bar"
12:31:21.767 [qtp809652780-555] DEBUG o.s.c.c.CharSequenceEncoder - [2393cbb4] Writing "132. foo bar"
12:31:21.767 [qtp809652780-555] DEBUG o.s.c.c.CharSequenceEncoder - [2393cbb4] Writing "133. foo bar"
12:31:21.768 [qtp809652780-555] DEBUG o.s.c.c.CharSequenceEncoder - [2393cbb4] Writing "134. foo bar"
12:31:21.768 [qtp809652780-555] DEBUG o.s.c.c.CharSequenceEncoder - [2393cbb4] Writing "135. foo bar"
12:31:21.768 [qtp809652780-555] DEBUG o.s.c.c.CharSequenceEncoder - [2393cbb4] Writing "136. foo bar"
12:31:21.769 [qtp809652780-555] DEBUG o.s.c.c.CharSequenceEncoder - [2393cbb4] Writing "137. foo bar"
12:31:21.769 [qtp809652780-555] DEBUG o.s.c.c.CharSequenceEncoder - [2393cbb4] Writing "138. foo bar"
12:31:21.769 [qtp809652780-555] DEBUG o.s.c.c.CharSequenceEncoder - [2393cbb4] Writing "139. foo bar"
12:31:21.769 [qtp809652780-555] DEBUG o.s.c.c.CharSequenceEncoder - [2393cbb4] Writing "140. foo bar"
12:31:21.770 [qtp809652780-555] DEBUG o.s.c.c.CharSequenceEncoder - [2393cbb4] Writing "141. foo bar"
12:31:21.770 [qtp809652780-555] DEBUG o.s.c.c.CharSequenceEncoder - [2393cbb4] Writing "142. foo bar"
12:31:21.770 [qtp809652780-555] DEBUG o.s.c.c.CharSequenceEncoder - [2393cbb4] Writing "143. foo bar"
12:31:21.771 [qtp809652780-555] DEBUG o.s.c.c.CharSequenceEncoder - [2393cbb4] Writing "144. foo bar"
12:31:21.771 [qtp809652780-555] DEBUG o.s.c.c.CharSequenceEncoder - [2393cbb4] Writing "145. foo bar"
12:31:21.771 [qtp809652780-555] DEBUG o.s.c.c.CharSequenceEncoder - [2393cbb4] Writing "146. foo bar"
12:31:21.772 [qtp809652780-555] DEBUG o.s.c.c.CharSequenceEncoder - [2393cbb4] Writing "147. foo bar"
12:31:21.772 [qtp809652780-555] DEBUG o.s.c.c.CharSequenceEncoder - [2393cbb4] Writing "148. foo bar"
12:31:21.772 [qtp809652780-555] DEBUG o.s.c.c.CharSequenceEncoder - [2393cbb4] Writing "149. foo bar"
12:31:21.773 [qtp809652780-555] DEBUG o.s.c.c.CharSequenceEncoder - [2393cbb4] Writing "150. foo bar"
12:31:21.773 [qtp809652780-555] DEBUG o.s.c.c.CharSequenceEncoder - [2393cbb4] Writing "151. foo bar"
12:31:21.773 [qtp809652780-555] DEBUG o.s.c.c.CharSequenceEncoder - [2393cbb4] Writing "152. foo bar"
12:31:21.774 [qtp809652780-555] DEBUG o.s.c.c.CharSequenceEncoder - [2393cbb4] Writing "153. foo bar"
12:31:21.774 [qtp809652780-555] DEBUG o.s.c.c.CharSequenceEncoder - [2393cbb4] Writing "154. foo bar"
12:31:21.774 [qtp809652780-555] DEBUG o.s.c.c.CharSequenceEncoder - [2393cbb4] Writing "155. foo bar"
12:31:21.775 [qtp809652780-555] DEBUG o.s.c.c.CharSequenceEncoder - [2393cbb4] Writing "156. foo bar"
12:31:21.775 [qtp809652780-555] DEBUG o.s.c.c.CharSequenceEncoder - [2393cbb4] Writing "157. foo bar"
12:31:21.775 [qtp809652780-555] DEBUG o.s.c.c.CharSequenceEncoder - [2393cbb4] Writing "158. foo bar"
12:31:21.775 [qtp809652780-555] DEBUG o.s.c.c.CharSequenceEncoder - [2393cbb4] Writing "159. foo bar"
12:31:21.776 [qtp809652780-555] DEBUG o.s.c.c.CharSequenceEncoder - [2393cbb4] Writing "160. foo bar"
12:31:21.776 [qtp809652780-555] DEBUG o.s.c.c.CharSequenceEncoder - [2393cbb4] Writing "161. foo bar"
12:31:21.776 [qtp809652780-555] DEBUG o.s.c.c.CharSequenceEncoder - [2393cbb4] Writing "162. foo bar"
12:31:21.776 [qtp809652780-555] DEBUG o.s.c.c.CharSequenceEncoder - [2393cbb4] Writing "163. foo bar"
12:31:21.777 [qtp809652780-555] DEBUG o.s.c.c.CharSequenceEncoder - [2393cbb4] Writing "164. foo bar"
12:31:21.777 [qtp809652780-555] DEBUG o.s.c.c.CharSequenceEncoder - [2393cbb4] Writing "165. foo bar"
12:31:21.777 [qtp809652780-555] DEBUG o.s.c.c.CharSequenceEncoder - [2393cbb4] Writing "166. foo bar"
12:31:21.777 [qtp809652780-555] DEBUG o.s.c.c.CharSequenceEncoder - [2393cbb4] Writing "167. foo bar"
12:31:21.778 [qtp809652780-555] DEBUG o.s.c.c.CharSequenceEncoder - [2393cbb4] Writing "168. foo bar"
12:31:21.778 [qtp809652780-555] DEBUG o.s.c.c.CharSequenceEncoder - [2393cbb4] Writing "169. foo bar"
12:31:21.778 [qtp809652780-555] DEBUG o.s.c.c.CharSequenceEncoder - [2393cbb4] Writing "170. foo bar"
12:31:21.778 [qtp809652780-555] DEBUG o.s.c.c.CharSequenceEncoder - [2393cbb4] Writing "171. foo bar"
12:31:21.779 [qtp809652780-555] DEBUG o.s.c.c.CharSequenceEncoder - [2393cbb4] Writing "172. foo bar"
12:31:21.779 [qtp809652780-555] DEBUG o.s.c.c.CharSequenceEncoder - [2393cbb4] Writing "173. foo bar"
12:31:21.779 [qtp809652780-555] DEBUG o.s.c.c.CharSequenceEncoder - [2393cbb4] Writing "174. foo bar"
12:31:21.780 [qtp809652780-555] DEBUG o.s.c.c.CharSequenceEncoder - [2393cbb4] Writing "175. foo bar"
12:31:21.780 [qtp809652780-555] DEBUG o.s.c.c.CharSequenceEncoder - [2393cbb4] Writing "176. foo bar"
12:31:21.780 [qtp809652780-555] DEBUG o.s.c.c.CharSequenceEncoder - [2393cbb4] Writing "177. foo bar"
12:31:21.780 [qtp809652780-555] DEBUG o.s.c.c.CharSequenceEncoder - [2393cbb4] Writing "178. foo bar"
12:31:21.781 [qtp809652780-555] DEBUG o.s.c.c.CharSequenceEncoder - [2393cbb4] Writing "179. foo bar"
12:31:21.781 [qtp809652780-555] DEBUG o.s.c.c.CharSequenceEncoder - [2393cbb4] Writing "180. foo bar"
12:31:21.781 [qtp809652780-555] DEBUG o.s.c.c.CharSequenceEncoder - [2393cbb4] Writing "181. foo bar"
12:31:21.781 [qtp809652780-555] DEBUG o.s.c.c.CharSequenceEncoder - [2393cbb4] Writing "182. foo bar"
12:31:21.782 [qtp809652780-555] DEBUG o.s.c.c.CharSequenceEncoder - [2393cbb4] Writing "183. foo bar"
12:31:21.782 [qtp809652780-555] DEBUG o.s.c.c.CharSequenceEncoder - [2393cbb4] Writing "184. foo bar"
12:31:21.782 [qtp809652780-555] DEBUG o.s.c.c.CharSequenceEncoder - [2393cbb4] Writing "185. foo bar"
12:31:21.783 [qtp809652780-555] DEBUG o.s.c.c.CharSequenceEncoder - [2393cbb4] Writing "186. foo bar"
12:31:21.783 [qtp809652780-555] DEBUG o.s.c.c.CharSequenceEncoder - [2393cbb4] Writing "187. foo bar"
12:31:21.783 [qtp809652780-555] DEBUG o.s.c.c.CharSequenceEncoder - [2393cbb4] Writing "188. foo bar"
12:31:21.783 [qtp809652780-555] DEBUG o.s.c.c.CharSequenceEncoder - [2393cbb4] Writing "189. foo bar"
12:31:21.784 [qtp809652780-555] DEBUG o.s.c.c.CharSequenceEncoder - [2393cbb4] Writing "190. foo bar"
12:31:21.784 [qtp809652780-555] DEBUG o.s.c.c.CharSequenceEncoder - [2393cbb4] Writing "191. foo bar"
12:31:21.784 [qtp809652780-555] DEBUG o.s.c.c.CharSequenceEncoder - [2393cbb4] Writing "192. foo bar"
12:31:21.785 [qtp809652780-555] DEBUG o.s.c.c.CharSequenceEncoder - [2393cbb4] Writing "193. foo bar"
12:31:21.785 [qtp809652780-555] DEBUG o.s.c.c.CharSequenceEncoder - [2393cbb4] Writing "194. foo bar"
12:31:21.786 [qtp809652780-555] DEBUG o.s.c.c.CharSequenceEncoder - [2393cbb4] Writing "195. foo bar"
12:31:21.786 [qtp809652780-555] DEBUG o.s.c.c.CharSequenceEncoder - [2393cbb4] Writing "196. foo bar"
12:31:21.786 [qtp809652780-555] DEBUG o.s.c.c.CharSequenceEncoder - [2393cbb4] Writing "197. foo bar"
12:31:21.786 [qtp809652780-555] DEBUG o.s.c.c.CharSequenceEncoder - [2393cbb4] Writing "198. foo bar"
12:31:21.789 [qtp809652780-555] DEBUG o.s.c.c.CharSequenceEncoder - [2393cbb4] Writing "199. foo bar"
12:31:21.789 [qtp809652780-555] DEBUG o.s.c.c.CharSequenceEncoder - [2393cbb4] Writing "200. foo bar"
12:31:21.790 [qtp809652780-555] DEBUG o.s.c.c.CharSequenceEncoder - [2393cbb4] Writing "201. foo bar"
12:31:21.790 [qtp809652780-555] DEBUG o.s.c.c.CharSequenceEncoder - [2393cbb4] Writing "202. foo bar"
12:31:21.790 [qtp809652780-555] DEBUG o.s.c.c.CharSequenceEncoder - [2393cbb4] Writing "203. foo bar"
12:31:21.797 [qtp809652780-555] DEBUG o.s.c.c.CharSequenceEncoder - [2393cbb4] Writing "204. foo bar"
12:31:21.800 [qtp809652780-555] DEBUG o.s.c.c.CharSequenceEncoder - [2393cbb4] Writing "205. foo bar"
12:31:21.800 [qtp809652780-555] DEBUG o.s.c.c.CharSequenceEncoder - [2393cbb4] Writing "206. foo bar"
12:31:21.801 [qtp809652780-555] DEBUG o.s.c.c.CharSequenceEncoder - [2393cbb4] Writing "207. foo bar"
12:31:21.802 [qtp809652780-555] DEBUG o.s.c.c.CharSequenceEncoder - [2393cbb4] Writing "208. foo bar"
12:31:21.802 [qtp809652780-555] DEBUG o.s.c.c.CharSequenceEncoder - [2393cbb4] Writing "209. foo bar"
12:31:21.803 [qtp809652780-555] DEBUG o.s.c.c.CharSequenceEncoder - [2393cbb4] Writing "210. foo bar"
12:31:21.804 [qtp809652780-555] DEBUG o.s.c.c.CharSequenceEncoder - [2393cbb4] Writing "211. foo bar"
12:31:21.805 [qtp809652780-555] DEBUG o.s.c.c.CharSequenceEncoder - [2393cbb4] Writing "212. foo bar"
12:31:21.805 [qtp809652780-555] DEBUG o.s.c.c.CharSequenceEncoder - [2393cbb4] Writing "213. foo bar"
12:31:21.806 [qtp809652780-555] DEBUG o.s.c.c.CharSequenceEncoder - [2393cbb4] Writing "214. foo bar"
12:31:21.806 [qtp809652780-555] DEBUG o.s.c.c.CharSequenceEncoder - [2393cbb4] Writing "215. foo bar"
12:31:21.806 [qtp809652780-555] DEBUG o.s.c.c.CharSequenceEncoder - [2393cbb4] Writing "216. foo bar"
12:31:21.807 [qtp809652780-555] DEBUG o.s.c.c.CharSequenceEncoder - [2393cbb4] Writing "217. foo bar"
12:31:21.807 [qtp809652780-555] DEBUG o.s.c.c.CharSequenceEncoder - [2393cbb4] Writing "218. foo bar"
12:31:21.807 [qtp809652780-555] DEBUG o.s.c.c.CharSequenceEncoder - [2393cbb4] Writing "219. foo bar"
12:31:21.808 [qtp809652780-555] DEBUG o.s.c.c.CharSequenceEncoder - [2393cbb4] Writing "220. foo bar"
12:31:21.808 [qtp809652780-555] DEBUG o.s.c.c.CharSequenceEncoder - [2393cbb4] Writing "221. foo bar"
12:31:21.808 [qtp809652780-555] DEBUG o.s.c.c.CharSequenceEncoder - [2393cbb4] Writing "222. foo bar"
12:31:21.809 [qtp809652780-555] DEBUG o.s.c.c.CharSequenceEncoder - [2393cbb4] Writing "223. foo bar"
12:31:21.809 [qtp809652780-555] DEBUG o.s.c.c.CharSequenceEncoder - [2393cbb4] Writing "224. foo bar"
12:31:21.809 [qtp809652780-555] DEBUG o.s.c.c.CharSequenceEncoder - [2393cbb4] Writing "225. foo bar"
12:31:21.809 [qtp809652780-555] DEBUG o.s.c.c.CharSequenceEncoder - [2393cbb4] Writing "226. foo bar"
12:31:21.810 [qtp809652780-555] DEBUG o.s.c.c.CharSequenceEncoder - [2393cbb4] Writing "227. foo bar"
12:31:21.810 [qtp809652780-555] DEBUG o.s.c.c.CharSequenceEncoder - [2393cbb4] Writing "228. foo bar"
12:31:21.810 [qtp809652780-555] DEBUG o.s.c.c.CharSequenceEncoder - [2393cbb4] Writing "229. foo bar"
12:31:21.811 [qtp809652780-555] DEBUG o.s.c.c.CharSequenceEncoder - [2393cbb4] Writing "230. foo bar"
12:31:21.811 [qtp809652780-555] DEBUG o.s.c.c.CharSequenceEncoder - [2393cbb4] Writing "231. foo bar"
12:31:21.811 [qtp809652780-555] DEBUG o.s.c.c.CharSequenceEncoder - [2393cbb4] Writing "232. foo bar"
12:31:21.812 [qtp809652780-555] DEBUG o.s.c.c.CharSequenceEncoder - [2393cbb4] Writing "233. foo bar"
12:31:21.812 [qtp809652780-555] DEBUG o.s.c.c.CharSequenceEncoder - [2393cbb4] Writing "234. foo bar"
12:31:21.812 [qtp809652780-555] DEBUG o.s.c.c.CharSequenceEncoder - [2393cbb4] Writing "235. foo bar"
12:31:21.813 [qtp809652780-555] DEBUG o.s.c.c.CharSequenceEncoder - [2393cbb4] Writing "236. foo bar"
12:31:21.813 [qtp809652780-555] DEBUG o.s.c.c.CharSequenceEncoder - [2393cbb4] Writing "237. foo bar"
12:31:21.813 [qtp809652780-555] DEBUG o.s.c.c.CharSequenceEncoder - [2393cbb4] Writing "238. foo bar"
12:31:21.814 [qtp809652780-555] DEBUG o.s.c.c.CharSequenceEncoder - [2393cbb4] Writing "239. foo bar"
12:31:21.814 [qtp809652780-555] DEBUG o.s.c.c.CharSequenceEncoder - [2393cbb4] Writing "240. foo bar"
12:31:21.814 [qtp809652780-555] DEBUG o.s.c.c.CharSequenceEncoder - [2393cbb4] Writing "241. foo bar"
12:31:21.814 [qtp809652780-555] DEBUG o.s.c.c.CharSequenceEncoder - [2393cbb4] Writing "242. foo bar"
12:31:21.815 [qtp809652780-555] DEBUG o.s.c.c.CharSequenceEncoder - [2393cbb4] Writing "243. foo bar"
12:31:21.815 [qtp809652780-555] DEBUG o.s.c.c.CharSequenceEncoder - [2393cbb4] Writing "244. foo bar"
12:31:21.815 [qtp809652780-555] DEBUG o.s.c.c.CharSequenceEncoder - [2393cbb4] Writing "245. foo bar"
12:31:21.816 [qtp809652780-555] DEBUG o.s.c.c.CharSequenceEncoder - [2393cbb4] Writing "246. foo bar"
12:31:21.816 [qtp809652780-555] DEBUG o.s.c.c.CharSequenceEncoder - [2393cbb4] Writing "247. foo bar"
12:31:21.816 [qtp809652780-555] DEBUG o.s.c.c.CharSequenceEncoder - [2393cbb4] Writing "248. foo bar"
12:31:21.817 [qtp809652780-555] DEBUG o.s.c.c.CharSequenceEncoder - [2393cbb4] Writing "249. foo bar"
12:31:21.817 [qtp809652780-555] DEBUG o.s.c.c.CharSequenceEncoder - [2393cbb4] Writing "250. foo bar"
12:31:21.817 [qtp809652780-555] DEBUG o.s.c.c.CharSequenceEncoder - [2393cbb4] Writing "251. foo bar"
12:31:21.818 [qtp809652780-555] DEBUG o.s.c.c.CharSequenceEncoder - [2393cbb4] Writing "252. foo bar"
12:31:21.818 [qtp809652780-555] DEBUG o.s.c.c.CharSequenceEncoder - [2393cbb4] Writing "253. foo bar"
12:31:21.818 [qtp809652780-555] DEBUG o.s.c.c.CharSequenceEncoder - [2393cbb4] Writing "254. foo bar"
12:31:21.819 [qtp809652780-555] DEBUG o.s.c.c.CharSequenceEncoder - [2393cbb4] Writing "255. foo bar"
12:31:21.819 [qtp809652780-555] DEBUG o.s.c.c.CharSequenceEncoder - [2393cbb4] Writing "256. foo bar"
12:31:21.819 [qtp809652780-555] DEBUG o.s.c.c.CharSequenceEncoder - [2393cbb4] Writing "257. foo bar"
12:31:21.819 [qtp809652780-555] DEBUG o.s.c.c.CharSequenceEncoder - [2393cbb4] Writing "258. foo bar"
12:31:21.820 [qtp809652780-555] DEBUG o.s.c.c.CharSequenceEncoder - [2393cbb4] Writing "259. foo bar"
12:31:21.820 [qtp809652780-555] DEBUG o.s.c.c.CharSequenceEncoder - [2393cbb4] Writing "260. foo bar"
12:31:21.820 [qtp809652780-555] DEBUG o.s.c.c.CharSequenceEncoder - [2393cbb4] Writing "261. foo bar"
12:31:21.821 [qtp809652780-555] DEBUG o.s.c.c.CharSequenceEncoder - [2393cbb4] Writing "262. foo bar"
12:31:21.821 [qtp809652780-555] DEBUG o.s.c.c.CharSequenceEncoder - [2393cbb4] Writing "263. foo bar"
12:31:21.821 [qtp809652780-555] DEBUG o.s.c.c.CharSequenceEncoder - [2393cbb4] Writing "264. foo bar"
12:31:21.821 [qtp809652780-555] DEBUG o.s.c.c.CharSequenceEncoder - [2393cbb4] Writing "265. foo bar"
12:31:21.822 [qtp809652780-555] DEBUG o.s.c.c.CharSequenceEncoder - [2393cbb4] Writing "266. foo bar"
12:31:21.822 [qtp809652780-555] DEBUG o.s.c.c.CharSequenceEncoder - [2393cbb4] Writing "267. foo bar"
12:31:21.822 [qtp809652780-555] DEBUG o.s.c.c.CharSequenceEncoder - [2393cbb4] Writing "268. foo bar"
12:31:21.822 [qtp809652780-555] DEBUG o.s.c.c.CharSequenceEncoder - [2393cbb4] Writing "269. foo bar"
12:31:21.823 [qtp809652780-555] DEBUG o.s.c.c.CharSequenceEncoder - [2393cbb4] Writing "270. foo bar"
12:31:21.823 [qtp809652780-555] DEBUG o.s.c.c.CharSequenceEncoder - [2393cbb4] Writing "271. foo bar"
12:31:21.823 [qtp809652780-555] DEBUG o.s.c.c.CharSequenceEncoder - [2393cbb4] Writing "272. foo bar"
12:31:21.823 [qtp809652780-555] DEBUG o.s.c.c.CharSequenceEncoder - [2393cbb4] Writing "273. foo bar"
12:31:21.824 [qtp809652780-555] DEBUG o.s.c.c.CharSequenceEncoder - [2393cbb4] Writing "274. foo bar"
12:31:21.824 [qtp809652780-555] DEBUG o.s.c.c.CharSequenceEncoder - [2393cbb4] Writing "275. foo bar"
12:31:21.824 [qtp809652780-555] DEBUG o.s.c.c.CharSequenceEncoder - [2393cbb4] Writing "276. foo bar"
12:31:21.824 [qtp809652780-555] DEBUG o.s.c.c.CharSequenceEncoder - [2393cbb4] Writing "277. foo bar"
12:31:21.825 [qtp809652780-555] DEBUG o.s.c.c.CharSequenceEncoder - [2393cbb4] Writing "278. foo bar"
12:31:21.825 [qtp809652780-555] DEBUG o.s.c.c.CharSequenceEncoder - [2393cbb4] Writing "279. foo bar"
12:31:21.825 [qtp809652780-555] DEBUG o.s.c.c.CharSequenceEncoder - [2393cbb4] Writing "280. foo bar"
12:31:21.825 [qtp809652780-555] DEBUG o.s.c.c.CharSequenceEncoder - [2393cbb4] Writing "281. foo bar"
12:31:21.825 [qtp809652780-555] DEBUG o.s.c.c.CharSequenceEncoder - [2393cbb4] Writing "282. foo bar"
12:31:21.826 [qtp809652780-555] DEBUG o.s.c.c.CharSequenceEncoder - [2393cbb4] Writing "283. foo bar"
12:31:21.826 [qtp809652780-555] DEBUG o.s.c.c.CharSequenceEncoder - [2393cbb4] Writing "284. foo bar"
12:31:21.826 [qtp809652780-555] DEBUG o.s.c.c.CharSequenceEncoder - [2393cbb4] Writing "285. foo bar"
12:31:21.826 [qtp809652780-555] DEBUG o.s.c.c.CharSequenceEncoder - [2393cbb4] Writing "286. foo bar"
12:31:21.827 [qtp809652780-555] DEBUG o.s.c.c.CharSequenceEncoder - [2393cbb4] Writing "287. foo bar"
12:31:21.827 [qtp809652780-555] DEBUG o.s.c.c.CharSequenceEncoder - [2393cbb4] Writing "288. foo bar"
12:31:21.827 [qtp809652780-555] DEBUG o.s.c.c.CharSequenceEncoder - [2393cbb4] Writing "289. foo bar"
12:31:21.827 [qtp809652780-555] DEBUG o.s.c.c.CharSequenceEncoder - [2393cbb4] Writing "290. foo bar"
12:31:21.828 [qtp809652780-555] DEBUG o.s.c.c.CharSequenceEncoder - [2393cbb4] Writing "291. foo bar"
12:31:21.828 [qtp809652780-555] DEBUG o.s.c.c.CharSequenceEncoder - [2393cbb4] Writing "292. foo bar"
12:31:21.828 [qtp809652780-555] DEBUG o.s.c.c.CharSequenceEncoder - [2393cbb4] Writing "293. foo bar"
12:31:21.829 [qtp809652780-555] DEBUG o.s.c.c.CharSequenceEncoder - [2393cbb4] Writing "294. foo bar"
12:31:21.829 [qtp809652780-555] DEBUG o.s.c.c.CharSequenceEncoder - [2393cbb4] Writing "295. foo bar"
12:31:21.829 [qtp809652780-555] DEBUG o.s.c.c.CharSequenceEncoder - [2393cbb4] Writing "296. foo bar"
12:31:21.829 [qtp809652780-555] DEBUG o.s.c.c.CharSequenceEncoder - [2393cbb4] Writing "297. foo bar"
12:31:21.829 [qtp809652780-555] DEBUG o.s.c.c.CharSequenceEncoder - [2393cbb4] Writing "298. foo bar"
12:31:21.830 [qtp809652780-555] DEBUG o.s.c.c.CharSequenceEncoder - [2393cbb4] Writing "299. foo bar"
12:31:21.830 [qtp809652780-555] DEBUG o.s.c.c.CharSequenceEncoder - [2393cbb4] Writing "300. foo bar"
12:31:21.830 [qtp809652780-555] DEBUG o.s.c.c.CharSequenceEncoder - [2393cbb4] Writing "301. foo bar"
12:31:21.831 [qtp809652780-555] DEBUG o.s.c.c.CharSequenceEncoder - [2393cbb4] Writing "302. foo bar"
12:31:21.831 [qtp809652780-555] DEBUG o.s.c.c.CharSequenceEncoder - [2393cbb4] Writing "303. foo bar"
12:31:21.831 [qtp809652780-555] DEBUG o.s.c.c.CharSequenceEncoder - [2393cbb4] Writing "304. foo bar"
12:31:21.832 [qtp809652780-555] DEBUG o.s.c.c.CharSequenceEncoder - [2393cbb4] Writing "305. foo bar"
12:31:21.832 [qtp809652780-555] DEBUG o.s.c.c.CharSequenceEncoder - [2393cbb4] Writing "306. foo bar"
12:31:21.832 [qtp809652780-555] DEBUG o.s.c.c.CharSequenceEncoder - [2393cbb4] Writing "307. foo bar"
12:31:21.833 [qtp809652780-555] DEBUG o.s.c.c.CharSequenceEncoder - [2393cbb4] Writing "308. foo bar"
12:31:21.833 [qtp809652780-555] DEBUG o.s.c.c.CharSequenceEncoder - [2393cbb4] Writing "309. foo bar"
12:31:21.833 [qtp809652780-555] DEBUG o.s.c.c.CharSequenceEncoder - [2393cbb4] Writing "310. foo bar"
12:31:21.833 [qtp809652780-555] DEBUG o.s.c.c.CharSequenceEncoder - [2393cbb4] Writing "311. foo bar"
12:31:21.834 [qtp809652780-555] DEBUG o.s.c.c.CharSequenceEncoder - [2393cbb4] Writing "312. foo bar"
12:31:21.834 [qtp809652780-555] DEBUG o.s.c.c.CharSequenceEncoder - [2393cbb4] Writing "313. foo bar"
12:31:21.834 [qtp809652780-555] DEBUG o.s.c.c.CharSequenceEncoder - [2393cbb4] Writing "314. foo bar"
12:31:21.834 [qtp809652780-555] DEBUG o.s.c.c.CharSequenceEncoder - [2393cbb4] Writing "315. foo bar"
12:31:21.835 [qtp809652780-555] DEBUG o.s.c.c.CharSequenceEncoder - [2393cbb4] Writing "316. foo bar"
12:31:21.835 [qtp809652780-555] DEBUG o.s.c.c.CharSequenceEncoder - [2393cbb4] Writing "317. foo bar"
12:31:21.835 [qtp809652780-555] DEBUG o.s.c.c.CharSequenceEncoder - [2393cbb4] Writing "318. foo bar"
12:31:21.835 [qtp809652780-555] DEBUG o.s.c.c.CharSequenceEncoder - [2393cbb4] Writing "319. foo bar"
12:31:21.836 [qtp809652780-555] DEBUG o.s.c.c.CharSequenceEncoder - [2393cbb4] Writing "320. foo bar"
12:31:21.836 [qtp809652780-555] DEBUG o.s.c.c.CharSequenceEncoder - [2393cbb4] Writing "321. foo bar"
12:31:21.836 [qtp809652780-555] DEBUG o.s.c.c.CharSequenceEncoder - [2393cbb4] Writing "322. foo bar"
12:31:21.837 [qtp809652780-555] DEBUG o.s.c.c.CharSequenceEncoder - [2393cbb4] Writing "323. foo bar"
12:31:21.837 [qtp809652780-555] DEBUG o.s.c.c.CharSequenceEncoder - [2393cbb4] Writing "324. foo bar"
12:31:21.837 [qtp809652780-555] DEBUG o.s.c.c.CharSequenceEncoder - [2393cbb4] Writing "325. foo bar"
12:31:21.837 [qtp809652780-555] DEBUG o.s.c.c.CharSequenceEncoder - [2393cbb4] Writing "326. foo bar"
12:31:21.838 [qtp809652780-555] DEBUG o.s.c.c.CharSequenceEncoder - [2393cbb4] Writing "327. foo bar"
12:31:21.838 [qtp809652780-555] DEBUG o.s.c.c.CharSequenceEncoder - [2393cbb4] Writing "328. foo bar"
12:31:21.838 [qtp809652780-555] DEBUG o.s.c.c.CharSequenceEncoder - [2393cbb4] Writing "329. foo bar"
12:31:21.839 [qtp809652780-555] DEBUG o.s.c.c.CharSequenceEncoder - [2393cbb4] Writing "330. foo bar"
12:31:21.839 [qtp809652780-555] DEBUG o.s.c.c.CharSequenceEncoder - [2393cbb4] Writing "331. foo bar"
12:31:21.839 [qtp809652780-555] DEBUG o.s.c.c.CharSequenceEncoder - [2393cbb4] Writing "332. foo bar"
12:31:21.840 [qtp809652780-555] DEBUG o.s.c.c.CharSequenceEncoder - [2393cbb4] Writing "333. foo bar"
12:31:21.840 [qtp809652780-555] DEBUG o.s.c.c.CharSequenceEncoder - [2393cbb4] Writing "334. foo bar"
12:31:21.841 [qtp809652780-555] DEBUG o.s.c.c.CharSequenceEncoder - [2393cbb4] Writing "335. foo bar"
12:31:21.841 [qtp809652780-555] DEBUG o.s.c.c.CharSequenceEncoder - [2393cbb4] Writing "336. foo bar"
12:31:21.841 [qtp809652780-555] DEBUG o.s.c.c.CharSequenceEncoder - [2393cbb4] Writing "337. foo bar"
12:31:21.842 [qtp809652780-555] DEBUG o.s.c.c.CharSequenceEncoder - [2393cbb4] Writing "338. foo bar"
12:31:21.842 [qtp809652780-555] DEBUG o.s.c.c.CharSequenceEncoder - [2393cbb4] Writing "339. foo bar"
12:31:21.843 [qtp809652780-555] DEBUG o.s.c.c.CharSequenceEncoder - [2393cbb4] Writing "340. foo bar"
12:31:21.843 [qtp809652780-555] DEBUG o.s.c.c.CharSequenceEncoder - [2393cbb4] Writing "341. foo bar"
12:31:21.843 [qtp809652780-555] DEBUG o.s.c.c.CharSequenceEncoder - [2393cbb4] Writing "342. foo bar"
12:31:21.843 [qtp809652780-555] DEBUG o.s.c.c.CharSequenceEncoder - [2393cbb4] Writing "343. foo bar"
12:31:21.844 [qtp809652780-555] DEBUG o.s.c.c.CharSequenceEncoder - [2393cbb4] Writing "344. foo bar"
12:31:21.844 [qtp809652780-555] DEBUG o.s.c.c.CharSequenceEncoder - [2393cbb4] Writing "345. foo bar"
12:31:21.844 [qtp809652780-555] DEBUG o.s.c.c.CharSequenceEncoder - [2393cbb4] Writing "346. foo bar"
12:31:21.845 [qtp809652780-555] DEBUG o.s.c.c.CharSequenceEncoder - [2393cbb4] Writing "347. foo bar"
12:31:21.845 [qtp809652780-555] DEBUG o.s.c.c.CharSequenceEncoder - [2393cbb4] Writing "348. foo bar"
12:31:21.845 [qtp809652780-555] DEBUG o.s.c.c.CharSequenceEncoder - [2393cbb4] Writing "349. foo bar"
12:31:21.846 [qtp809652780-555] DEBUG o.s.c.c.CharSequenceEncoder - [2393cbb4] Writing "350. foo bar"
12:31:21.846 [qtp809652780-555] DEBUG o.s.c.c.CharSequenceEncoder - [2393cbb4] Writing "351. foo bar"
12:31:21.846 [qtp809652780-555] DEBUG o.s.c.c.CharSequenceEncoder - [2393cbb4] Writing "352. foo bar"
12:31:21.846 [qtp809652780-555] DEBUG o.s.c.c.CharSequenceEncoder - [2393cbb4] Writing "353. foo bar"
12:31:21.847 [qtp809652780-555] DEBUG o.s.c.c.CharSequenceEncoder - [2393cbb4] Writing "354. foo bar"
12:31:21.847 [qtp809652780-555] DEBUG o.s.c.c.CharSequenceEncoder - [2393cbb4] Writing "355. foo bar"
12:31:21.847 [qtp809652780-555] DEBUG o.s.c.c.CharSequenceEncoder - [2393cbb4] Writing "356. foo bar"
12:31:21.847 [qtp809652780-555] DEBUG o.s.c.c.CharSequenceEncoder - [2393cbb4] Writing "357. foo bar"
12:31:21.847 [qtp809652780-555] DEBUG o.s.c.c.CharSequenceEncoder - [2393cbb4] Writing "358. foo bar"
12:31:21.848 [qtp809652780-555] DEBUG o.s.c.c.CharSequenceEncoder - [2393cbb4] Writing "359. foo bar"
12:31:21.848 [qtp809652780-555] DEBUG o.s.c.c.CharSequenceEncoder - [2393cbb4] Writing "360. foo bar"
12:31:21.848 [qtp809652780-555] DEBUG o.s.c.c.CharSequenceEncoder - [2393cbb4] Writing "361. foo bar"
12:31:21.848 [qtp809652780-555] DEBUG o.s.c.c.CharSequenceEncoder - [2393cbb4] Writing "362. foo bar"
12:31:21.849 [qtp809652780-555] DEBUG o.s.c.c.CharSequenceEncoder - [2393cbb4] Writing "363. foo bar"
12:31:21.849 [qtp809652780-555] DEBUG o.s.c.c.CharSequenceEncoder - [2393cbb4] Writing "364. foo bar"
12:31:21.849 [qtp809652780-555] DEBUG o.s.c.c.CharSequenceEncoder - [2393cbb4] Writing "365. foo bar"
12:31:21.850 [qtp809652780-555] DEBUG o.s.c.c.CharSequenceEncoder - [2393cbb4] Writing "366. foo bar"
12:31:21.850 [qtp809652780-555] DEBUG o.s.c.c.CharSequenceEncoder - [2393cbb4] Writing "367. foo bar"
12:31:21.850 [qtp809652780-555] DEBUG o.s.c.c.CharSequenceEncoder - [2393cbb4] Writing "368. foo bar"
12:31:21.850 [qtp809652780-555] DEBUG o.s.c.c.CharSequenceEncoder - [2393cbb4] Writing "369. foo bar"
12:31:21.851 [qtp809652780-555] DEBUG o.s.c.c.CharSequenceEncoder - [2393cbb4] Writing "370. foo bar"
12:31:21.851 [qtp809652780-555] DEBUG o.s.c.c.CharSequenceEncoder - [2393cbb4] Writing "371. foo bar"
12:31:21.851 [qtp809652780-555] DEBUG o.s.c.c.CharSequenceEncoder - [2393cbb4] Writing "372. foo bar"
12:31:21.851 [qtp809652780-555] DEBUG o.s.c.c.CharSequenceEncoder - [2393cbb4] Writing "373. foo bar"
12:31:21.852 [qtp809652780-555] DEBUG o.s.c.c.CharSequenceEncoder - [2393cbb4] Writing "374. foo bar"
12:31:21.852 [qtp809652780-555] DEBUG o.s.c.c.CharSequenceEncoder - [2393cbb4] Writing "375. foo bar"
12:31:21.852 [qtp809652780-555] DEBUG o.s.c.c.CharSequenceEncoder - [2393cbb4] Writing "376. foo bar"
12:31:21.852 [qtp809652780-555] DEBUG o.s.c.c.CharSequenceEncoder - [2393cbb4] Writing "377. foo bar"
12:31:21.853 [qtp809652780-555] DEBUG o.s.c.c.CharSequenceEncoder - [2393cbb4] Writing "378. foo bar"
12:31:21.853 [qtp809652780-555] DEBUG o.s.c.c.CharSequenceEncoder - [2393cbb4] Writing "379. foo bar"
12:31:21.853 [qtp809652780-555] DEBUG o.s.c.c.CharSequenceEncoder - [2393cbb4] Writing "380. foo bar"
12:31:21.853 [qtp809652780-555] DEBUG o.s.c.c.CharSequenceEncoder - [2393cbb4] Writing "381. foo bar"
12:31:21.854 [qtp809652780-555] DEBUG o.s.c.c.CharSequenceEncoder - [2393cbb4] Writing "382. foo bar"
12:31:21.854 [qtp809652780-555] DEBUG o.s.c.c.CharSequenceEncoder - [2393cbb4] Writing "383. foo bar"
12:31:21.854 [qtp809652780-555] DEBUG o.s.c.c.CharSequenceEncoder - [2393cbb4] Writing "384. foo bar"
12:31:21.854 [qtp809652780-555] DEBUG o.s.c.c.CharSequenceEncoder - [2393cbb4] Writing "385. foo bar"
12:31:21.855 [qtp809652780-555] DEBUG o.s.c.c.CharSequenceEncoder - [2393cbb4] Writing "386. foo bar"
12:31:21.855 [qtp809652780-555] DEBUG o.s.c.c.CharSequenceEncoder - [2393cbb4] Writing "387. foo bar"
12:31:21.855 [qtp809652780-555] DEBUG o.s.c.c.CharSequenceEncoder - [2393cbb4] Writing "388. foo bar"
12:31:21.856 [qtp809652780-555] DEBUG o.s.c.c.CharSequenceEncoder - [2393cbb4] Writing "389. foo bar"
12:31:21.856 [qtp809652780-555] DEBUG o.s.c.c.CharSequenceEncoder - [2393cbb4] Writing "390. foo bar"
12:31:21.856 [qtp809652780-555] DEBUG o.s.c.c.CharSequenceEncoder - [2393cbb4] Writing "391. foo bar"
12:31:21.857 [qtp809652780-555] DEBUG o.s.c.c.CharSequenceEncoder - [2393cbb4] Writing "392. foo bar"
12:31:21.857 [qtp809652780-555] DEBUG o.s.c.c.CharSequenceEncoder - [2393cbb4] Writing "393. foo bar"
12:31:21.857 [qtp809652780-555] DEBUG o.s.c.c.CharSequenceEncoder - [2393cbb4] Writing "394. foo bar"
12:31:21.858 [qtp809652780-555] DEBUG o.s.c.c.CharSequenceEncoder - [2393cbb4] Writing "395. foo bar"
12:31:21.858 [qtp809652780-555] DEBUG o.s.c.c.CharSequenceEncoder - [2393cbb4] Writing "396. foo bar"
12:31:21.858 [qtp809652780-555] DEBUG o.s.c.c.CharSequenceEncoder - [2393cbb4] Writing "397. foo bar"
12:31:21.859 [qtp809652780-555] DEBUG o.s.c.c.CharSequenceEncoder - [2393cbb4] Writing "398. foo bar"
12:31:21.859 [qtp809652780-555] DEBUG o.s.c.c.CharSequenceEncoder - [2393cbb4] Writing "399. foo bar"
12:31:21.859 [qtp809652780-555] DEBUG o.s.c.c.CharSequenceEncoder - [2393cbb4] Writing "400. foo bar"
12:31:21.860 [qtp809652780-555] DEBUG o.s.c.c.CharSequenceEncoder - [2393cbb4] Writing "401. foo bar"
12:31:21.860 [qtp809652780-555] DEBUG o.s.c.c.CharSequenceEncoder - [2393cbb4] Writing "402. foo bar"
12:31:21.860 [qtp809652780-555] DEBUG o.s.c.c.CharSequenceEncoder - [2393cbb4] Writing "403. foo bar"
12:31:21.861 [qtp809652780-555] DEBUG o.s.c.c.CharSequenceEncoder - [2393cbb4] Writing "404. foo bar"
12:31:21.861 [qtp809652780-555] DEBUG o.s.c.c.CharSequenceEncoder - [2393cbb4] Writing "405. foo bar"
12:31:21.862 [qtp809652780-555] DEBUG o.s.c.c.CharSequenceEncoder - [2393cbb4] Writing "406. foo bar"
12:31:21.862 [qtp809652780-555] DEBUG o.s.c.c.CharSequenceEncoder - [2393cbb4] Writing "407. foo bar"
12:31:21.862 [qtp809652780-555] DEBUG o.s.c.c.CharSequenceEncoder - [2393cbb4] Writing "408. foo bar"
12:31:21.862 [qtp809652780-555] DEBUG o.s.c.c.CharSequenceEncoder - [2393cbb4] Writing "409. foo bar"
12:31:21.862 [qtp809652780-555] DEBUG o.s.c.c.CharSequenceEncoder - [2393cbb4] Writing "410. foo bar"
12:31:21.862 [qtp809652780-555] DEBUG o.s.c.c.CharSequenceEncoder - [2393cbb4] Writing "411. foo bar"
12:31:21.863 [qtp809652780-555] DEBUG o.s.c.c.CharSequenceEncoder - [2393cbb4] Writing "412. foo bar"
12:31:21.863 [qtp809652780-555] DEBUG o.s.c.c.CharSequenceEncoder - [2393cbb4] Writing "413. foo bar"
12:31:21.863 [qtp809652780-555] DEBUG o.s.c.c.CharSequenceEncoder - [2393cbb4] Writing "414. foo bar"
12:31:21.863 [qtp809652780-555] DEBUG o.s.c.c.CharSequenceEncoder - [2393cbb4] Writing "415. foo bar"
12:31:21.864 [qtp809652780-555] DEBUG o.s.c.c.CharSequenceEncoder - [2393cbb4] Writing "416. foo bar"
12:31:21.864 [qtp809652780-555] DEBUG o.s.c.c.CharSequenceEncoder - [2393cbb4] Writing "417. foo bar"
12:31:21.864 [qtp809652780-555] DEBUG o.s.c.c.CharSequenceEncoder - [2393cbb4] Writing "418. foo bar"
12:31:21.864 [qtp809652780-555] DEBUG o.s.c.c.CharSequenceEncoder - [2393cbb4] Writing "419. foo bar"
12:31:21.864 [qtp809652780-555] DEBUG o.s.c.c.CharSequenceEncoder - [2393cbb4] Writing "420. foo bar"
12:31:21.864 [qtp809652780-555] DEBUG o.s.c.c.CharSequenceEncoder - [2393cbb4] Writing "421. foo bar"
12:31:21.865 [qtp809652780-555] DEBUG o.s.c.c.CharSequenceEncoder - [2393cbb4] Writing "422. foo bar"
12:31:21.865 [qtp809652780-555] DEBUG o.s.c.c.CharSequenceEncoder - [2393cbb4] Writing "423. foo bar"
12:31:21.865 [qtp809652780-555] DEBUG o.s.c.c.CharSequenceEncoder - [2393cbb4] Writing "424. foo bar"
12:31:21.865 [qtp809652780-555] DEBUG o.s.c.c.CharSequenceEncoder - [2393cbb4] Writing "425. foo bar"
12:31:21.865 [qtp809652780-555] DEBUG o.s.c.c.CharSequenceEncoder - [2393cbb4] Writing "426. foo bar"
12:31:21.866 [qtp809652780-555] DEBUG o.s.c.c.CharSequenceEncoder - [2393cbb4] Writing "427. foo bar"
12:31:21.866 [qtp809652780-555] DEBUG o.s.c.c.CharSequenceEncoder - [2393cbb4] Writing "428. foo bar"
12:31:21.866 [qtp809652780-555] DEBUG o.s.c.c.CharSequenceEncoder - [2393cbb4] Writing "429. foo bar"
12:31:21.866 [qtp809652780-555] DEBUG o.s.c.c.CharSequenceEncoder - [2393cbb4] Writing "430. foo bar"
12:31:21.866 [qtp809652780-555] DEBUG o.s.c.c.CharSequenceEncoder - [2393cbb4] Writing "431. foo bar"
12:31:21.866 [qtp809652780-555] DEBUG o.s.c.c.CharSequenceEncoder - [2393cbb4] Writing "432. foo bar"
12:31:21.867 [qtp809652780-555] DEBUG o.s.c.c.CharSequenceEncoder - [2393cbb4] Writing "433. foo bar"
12:31:21.867 [qtp809652780-555] DEBUG o.s.c.c.CharSequenceEncoder - [2393cbb4] Writing "434. foo bar"
12:31:21.867 [qtp809652780-555] DEBUG o.s.c.c.CharSequenceEncoder - [2393cbb4] Writing "435. foo bar"
12:31:21.867 [qtp809652780-555] DEBUG o.s.c.c.CharSequenceEncoder - [2393cbb4] Writing "436. foo bar"
12:31:21.867 [qtp809652780-555] DEBUG o.s.c.c.CharSequenceEncoder - [2393cbb4] Writing "437. foo bar"
12:31:21.868 [qtp809652780-555] DEBUG o.s.c.c.CharSequenceEncoder - [2393cbb4] Writing "438. foo bar"
12:31:21.868 [qtp809652780-555] DEBUG o.s.c.c.CharSequenceEncoder - [2393cbb4] Writing "439. foo bar"
12:31:21.868 [qtp809652780-555] DEBUG o.s.c.c.CharSequenceEncoder - [2393cbb4] Writing "440. foo bar"
12:31:21.869 [qtp809652780-555] DEBUG o.s.c.c.CharSequenceEncoder - [2393cbb4] Writing "441. foo bar"
12:31:21.869 [qtp809652780-555] DEBUG o.s.c.c.CharSequenceEncoder - [2393cbb4] Writing "442. foo bar"
12:31:21.869 [qtp809652780-555] DEBUG o.s.c.c.CharSequenceEncoder - [2393cbb4] Writing "443. foo bar"
12:31:21.869 [qtp809652780-555] DEBUG o.s.c.c.CharSequenceEncoder - [2393cbb4] Writing "444. foo bar"
12:31:21.869 [qtp809652780-555] DEBUG o.s.c.c.CharSequenceEncoder - [2393cbb4] Writing "445. foo bar"
12:31:21.869 [qtp809652780-555] DEBUG o.s.c.c.CharSequenceEncoder - [2393cbb4] Writing "446. foo bar"
12:31:21.869 [qtp809652780-555] DEBUG o.s.c.c.CharSequenceEncoder - [2393cbb4] Writing "447. foo bar"
12:31:21.870 [qtp809652780-555] DEBUG o.s.c.c.CharSequenceEncoder - [2393cbb4] Writing "448. foo bar"
12:31:21.870 [qtp809652780-555] DEBUG o.s.c.c.CharSequenceEncoder - [2393cbb4] Writing "449. foo bar"
12:31:21.870 [qtp809652780-555] DEBUG o.s.c.c.CharSequenceEncoder - [2393cbb4] Writing "450. foo bar"
12:31:21.870 [qtp809652780-555] DEBUG o.s.c.c.CharSequenceEncoder - [2393cbb4] Writing "451. foo bar"
12:31:21.870 [qtp809652780-555] DEBUG o.s.c.c.CharSequenceEncoder - [2393cbb4] Writing "452. foo bar"
12:31:21.871 [qtp809652780-555] DEBUG o.s.c.c.CharSequenceEncoder - [2393cbb4] Writing "453. foo bar"
12:31:21.871 [qtp809652780-555] DEBUG o.s.c.c.CharSequenceEncoder - [2393cbb4] Writing "454. foo bar"
12:31:21.871 [qtp809652780-555] DEBUG o.s.c.c.CharSequenceEncoder - [2393cbb4] Writing "455. foo bar"
12:31:21.871 [qtp809652780-555] DEBUG o.s.c.c.CharSequenceEncoder - [2393cbb4] Writing "456. foo bar"
12:31:21.871 [qtp809652780-555] DEBUG o.s.c.c.CharSequenceEncoder - [2393cbb4] Writing "457. foo bar"
12:31:21.871 [qtp809652780-555] DEBUG o.s.c.c.CharSequenceEncoder - [2393cbb4] Writing "458. foo bar"
12:31:21.872 [qtp809652780-555] DEBUG o.s.c.c.CharSequenceEncoder - [2393cbb4] Writing "459. foo bar"
12:31:21.872 [qtp809652780-555] DEBUG o.s.c.c.CharSequenceEncoder - [2393cbb4] Writing "460. foo bar"
12:31:21.872 [qtp809652780-555] DEBUG o.s.c.c.CharSequenceEncoder - [2393cbb4] Writing "461. foo bar"
12:31:21.872 [qtp809652780-555] DEBUG o.s.c.c.CharSequenceEncoder - [2393cbb4] Writing "462. foo bar"
12:31:21.873 [qtp809652780-555] DEBUG o.s.c.c.CharSequenceEncoder - [2393cbb4] Writing "463. foo bar"
12:31:21.873 [qtp809652780-555] DEBUG o.s.c.c.CharSequenceEncoder - [2393cbb4] Writing "464. foo bar"
12:31:21.873 [qtp809652780-555] DEBUG o.s.c.c.CharSequenceEncoder - [2393cbb4] Writing "465. foo bar"
12:31:21.873 [qtp809652780-555] DEBUG o.s.c.c.CharSequenceEncoder - [2393cbb4] Writing "466. foo bar"
12:31:21.874 [qtp809652780-555] DEBUG o.s.c.c.CharSequenceEncoder - [2393cbb4] Writing "467. foo bar"
12:31:21.874 [qtp809652780-555] DEBUG o.s.c.c.CharSequenceEncoder - [2393cbb4] Writing "468. foo bar"
12:31:21.874 [qtp809652780-555] DEBUG o.s.c.c.CharSequenceEncoder - [2393cbb4] Writing "469. foo bar"
12:31:21.874 [qtp809652780-555] DEBUG o.s.c.c.CharSequenceEncoder - [2393cbb4] Writing "470. foo bar"
12:31:21.874 [qtp809652780-555] DEBUG o.s.c.c.CharSequenceEncoder - [2393cbb4] Writing "471. foo bar"
12:31:21.875 [qtp809652780-555] DEBUG o.s.c.c.CharSequenceEncoder - [2393cbb4] Writing "472. foo bar"
12:31:21.875 [qtp809652780-555] DEBUG o.s.c.c.CharSequenceEncoder - [2393cbb4] Writing "473. foo bar"
12:31:21.875 [qtp809652780-555] DEBUG o.s.c.c.CharSequenceEncoder - [2393cbb4] Writing "474. foo bar"
12:31:21.875 [qtp809652780-555] DEBUG o.s.c.c.CharSequenceEncoder - [2393cbb4] Writing "475. foo bar"
12:31:21.875 [qtp809652780-555] DEBUG o.s.c.c.CharSequenceEncoder - [2393cbb4] Writing "476. foo bar"
12:31:21.875 [qtp809652780-555] DEBUG o.s.c.c.CharSequenceEncoder - [2393cbb4] Writing "477. foo bar"
12:31:21.876 [qtp809652780-555] DEBUG o.s.c.c.CharSequenceEncoder - [2393cbb4] Writing "478. foo bar"
12:31:21.876 [qtp809652780-555] DEBUG o.s.c.c.CharSequenceEncoder - [2393cbb4] Writing "479. foo bar"
12:31:21.876 [qtp809652780-555] DEBUG o.s.c.c.CharSequenceEncoder - [2393cbb4] Writing "480. foo bar"
12:31:21.876 [qtp809652780-555] DEBUG o.s.c.c.CharSequenceEncoder - [2393cbb4] Writing "481. foo bar"
12:31:21.876 [qtp809652780-555] DEBUG o.s.c.c.CharSequenceEncoder - [2393cbb4] Writing "482. foo bar"
12:31:21.877 [qtp809652780-555] DEBUG o.s.c.c.CharSequenceEncoder - [2393cbb4] Writing "483. foo bar"
12:31:21.877 [qtp809652780-555] DEBUG o.s.c.c.CharSequenceEncoder - [2393cbb4] Writing "484. foo bar"
12:31:21.877 [qtp809652780-555] DEBUG o.s.c.c.CharSequenceEncoder - [2393cbb4] Writing "485. foo bar"
12:31:21.877 [qtp809652780-555] DEBUG o.s.c.c.CharSequenceEncoder - [2393cbb4] Writing "486. foo bar"
12:31:21.877 [qtp809652780-555] DEBUG o.s.c.c.CharSequenceEncoder - [2393cbb4] Writing "487. foo bar"
12:31:21.878 [qtp809652780-555] DEBUG o.s.c.c.CharSequenceEncoder - [2393cbb4] Writing "488. foo bar"
12:31:21.878 [qtp809652780-555] DEBUG o.s.c.c.CharSequenceEncoder - [2393cbb4] Writing "489. foo bar"
12:31:21.878 [qtp809652780-555] DEBUG o.s.c.c.CharSequenceEncoder - [2393cbb4] Writing "490. foo bar"
12:31:21.878 [qtp809652780-555] DEBUG o.s.c.c.CharSequenceEncoder - [2393cbb4] Writing "491. foo bar"
12:31:21.879 [qtp809652780-555] DEBUG o.s.c.c.CharSequenceEncoder - [2393cbb4] Writing "492. foo bar"
12:31:21.879 [qtp809652780-555] DEBUG o.s.c.c.CharSequenceEncoder - [2393cbb4] Writing "493. foo bar"
12:31:21.879 [qtp809652780-555] DEBUG o.s.c.c.CharSequenceEncoder - [2393cbb4] Writing "494. foo bar"
12:31:21.879 [qtp809652780-555] DEBUG o.s.c.c.CharSequenceEncoder - [2393cbb4] Writing "495. foo bar"
12:31:21.880 [qtp809652780-555] DEBUG o.s.c.c.CharSequenceEncoder - [2393cbb4] Writing "496. foo bar"
12:31:21.880 [qtp809652780-555] DEBUG o.s.c.c.CharSequenceEncoder - [2393cbb4] Writing "497. foo bar"
12:31:21.881 [qtp809652780-555] DEBUG o.s.c.c.CharSequenceEncoder - [2393cbb4] Writing "498. foo bar"
12:31:21.881 [qtp809652780-555] DEBUG o.s.c.c.CharSequenceEncoder - [2393cbb4] Writing "499. foo bar"
12:31:21.881 [qtp809652780-555] DEBUG o.s.c.c.CharSequenceEncoder - [2393cbb4] Writing "500. foo bar"
12:31:21.882 [qtp809652780-555] DEBUG o.s.c.c.CharSequenceEncoder - [2393cbb4] Writing "501. foo bar"
12:31:21.882 [qtp809652780-555] DEBUG o.s.c.c.CharSequenceEncoder - [2393cbb4] Writing "502. foo bar"
12:31:21.882 [qtp809652780-555] DEBUG o.s.c.c.CharSequenceEncoder - [2393cbb4] Writing "503. foo bar"
12:31:21.882 [qtp809652780-555] DEBUG o.s.c.c.CharSequenceEncoder - [2393cbb4] Writing "504. foo bar"
12:31:21.883 [qtp809652780-555] DEBUG o.s.c.c.CharSequenceEncoder - [2393cbb4] Writing "505. foo bar"
12:31:21.883 [qtp809652780-555] DEBUG o.s.c.c.CharSequenceEncoder - [2393cbb4] Writing "506. foo bar"
12:31:21.883 [qtp809652780-555] DEBUG o.s.c.c.CharSequenceEncoder - [2393cbb4] Writing "507. foo bar"
12:31:21.883 [qtp809652780-555] DEBUG o.s.c.c.CharSequenceEncoder - [2393cbb4] Writing "508. foo bar"
12:31:21.884 [qtp809652780-555] DEBUG o.s.c.c.CharSequenceEncoder - [2393cbb4] Writing "509. foo bar"
12:31:21.884 [qtp809652780-555] DEBUG o.s.c.c.CharSequenceEncoder - [2393cbb4] Writing "510. foo bar"
12:31:21.884 [qtp809652780-555] DEBUG o.s.c.c.CharSequenceEncoder - [2393cbb4] Writing "511. foo bar"
12:31:21.885 [qtp809652780-555] DEBUG o.s.c.c.CharSequenceEncoder - [2393cbb4] Writing "512. foo bar"
12:31:21.885 [qtp809652780-555] DEBUG o.s.c.c.CharSequenceEncoder - [2393cbb4] Writing "513. foo bar"
12:31:21.885 [qtp809652780-555] DEBUG o.s.c.c.CharSequenceEncoder - [2393cbb4] Writing "514. foo bar"
12:31:21.885 [qtp809652780-555] DEBUG o.s.c.c.CharSequenceEncoder - [2393cbb4] Writing "515. foo bar"
12:31:21.886 [qtp809652780-555] DEBUG o.s.c.c.CharSequenceEncoder - [2393cbb4] Writing "516. foo bar"
12:31:21.886 [qtp809652780-555] DEBUG o.s.c.c.CharSequenceEncoder - [2393cbb4] Writing "517. foo bar"
12:31:21.886 [qtp809652780-555] DEBUG o.s.c.c.CharSequenceEncoder - [2393cbb4] Writing "518. foo bar"
12:31:21.886 [qtp809652780-555] DEBUG o.s.c.c.CharSequenceEncoder - [2393cbb4] Writing "519. foo bar"
12:31:21.887 [qtp809652780-555] DEBUG o.s.c.c.CharSequenceEncoder - [2393cbb4] Writing "520. foo bar"
12:31:21.887 [qtp809652780-555] DEBUG o.s.c.c.CharSequenceEncoder - [2393cbb4] Writing "521. foo bar"
12:31:21.887 [qtp809652780-555] DEBUG o.s.c.c.CharSequenceEncoder - [2393cbb4] Writing "522. foo bar"
12:31:21.887 [qtp809652780-555] DEBUG o.s.c.c.CharSequenceEncoder - [2393cbb4] Writing "523. foo bar"
12:31:21.888 [qtp809652780-555] DEBUG o.s.c.c.CharSequenceEncoder - [2393cbb4] Writing "524. foo bar"
12:31:21.888 [qtp809652780-555] DEBUG o.s.c.c.CharSequenceEncoder - [2393cbb4] Writing "525. foo bar"
12:31:21.888 [qtp809652780-555] DEBUG o.s.c.c.CharSequenceEncoder - [2393cbb4] Writing "526. foo bar"
12:31:21.888 [qtp809652780-555] DEBUG o.s.c.c.CharSequenceEncoder - [2393cbb4] Writing "527. foo bar"
12:31:21.888 [qtp809652780-555] DEBUG o.s.c.c.CharSequenceEncoder - [2393cbb4] Writing "528. foo bar"
12:31:21.889 [qtp809652780-555] DEBUG o.s.c.c.CharSequenceEncoder - [2393cbb4] Writing "529. foo bar"
12:31:21.889 [qtp809652780-555] DEBUG o.s.c.c.CharSequenceEncoder - [2393cbb4] Writing "530. foo bar"
12:31:21.889 [qtp809652780-555] DEBUG o.s.c.c.CharSequenceEncoder - [2393cbb4] Writing "531. foo bar"
12:31:21.889 [qtp809652780-555] DEBUG o.s.c.c.CharSequenceEncoder - [2393cbb4] Writing "532. foo bar"
12:31:21.889 [qtp809652780-555] DEBUG o.s.c.c.CharSequenceEncoder - [2393cbb4] Writing "533. foo bar"
12:31:21.890 [qtp809652780-555] DEBUG o.s.c.c.CharSequenceEncoder - [2393cbb4] Writing "534. foo bar"
12:31:21.890 [qtp809652780-555] DEBUG o.s.c.c.CharSequenceEncoder - [2393cbb4] Writing "535. foo bar"
12:31:21.890 [qtp809652780-555] DEBUG o.s.c.c.CharSequenceEncoder - [2393cbb4] Writing "536. foo bar"
12:31:21.890 [qtp809652780-555] DEBUG o.s.c.c.CharSequenceEncoder - [2393cbb4] Writing "537. foo bar"
12:31:21.890 [qtp809652780-555] DEBUG o.s.c.c.CharSequenceEncoder - [2393cbb4] Writing "538. foo bar"
12:31:21.891 [qtp809652780-555] DEBUG o.s.c.c.CharSequenceEncoder - [2393cbb4] Writing "539. foo bar"
12:31:21.891 [qtp809652780-555] DEBUG o.s.c.c.CharSequenceEncoder - [2393cbb4] Writing "540. foo bar"
12:31:21.891 [qtp809652780-555] DEBUG o.s.c.c.CharSequenceEncoder - [2393cbb4] Writing "541. foo bar"
12:31:21.891 [qtp809652780-555] DEBUG o.s.c.c.CharSequenceEncoder - [2393cbb4] Writing "542. foo bar"
12:31:21.892 [qtp809652780-555] DEBUG o.s.c.c.CharSequenceEncoder - [2393cbb4] Writing "543. foo bar"
12:31:21.892 [qtp809652780-555] DEBUG o.s.c.c.CharSequenceEncoder - [2393cbb4] Writing "544. foo bar"
12:31:21.892 [qtp809652780-555] DEBUG o.s.c.c.CharSequenceEncoder - [2393cbb4] Writing "545. foo bar"
12:31:21.893 [qtp809652780-555] DEBUG o.s.c.c.CharSequenceEncoder - [2393cbb4] Writing "546. foo bar"
12:31:21.893 [qtp809652780-555] DEBUG o.s.c.c.CharSequenceEncoder - [2393cbb4] Writing "547. foo bar"
12:31:21.894 [qtp809652780-555] DEBUG o.s.c.c.CharSequenceEncoder - [2393cbb4] Writing "548. foo bar"
12:31:21.894 [qtp809652780-555] DEBUG o.s.c.c.CharSequenceEncoder - [2393cbb4] Writing "549. foo bar"
12:31:21.894 [qtp809652780-555] DEBUG o.s.c.c.CharSequenceEncoder - [2393cbb4] Writing "550. foo bar"
12:31:21.895 [qtp809652780-555] DEBUG o.s.c.c.CharSequenceEncoder - [2393cbb4] Writing "551. foo bar"
12:31:21.895 [qtp809652780-555] DEBUG o.s.c.c.CharSequenceEncoder - [2393cbb4] Writing "552. foo bar"
12:31:21.895 [qtp809652780-555] DEBUG o.s.c.c.CharSequenceEncoder - [2393cbb4] Writing "553. foo bar"
12:31:21.895 [qtp809652780-555] DEBUG o.s.c.c.CharSequenceEncoder - [2393cbb4] Writing "554. foo bar"
12:31:21.895 [qtp809652780-555] DEBUG o.s.c.c.CharSequenceEncoder - [2393cbb4] Writing "555. foo bar"
12:31:21.896 [qtp809652780-555] DEBUG o.s.c.c.CharSequenceEncoder - [2393cbb4] Writing "556. foo bar"
12:31:21.896 [qtp809652780-555] DEBUG o.s.c.c.CharSequenceEncoder - [2393cbb4] Writing "557. foo bar"
12:31:21.896 [qtp809652780-555] DEBUG o.s.c.c.CharSequenceEncoder - [2393cbb4] Writing "558. foo bar"
12:31:21.896 [qtp809652780-555] DEBUG o.s.c.c.CharSequenceEncoder - [2393cbb4] Writing "559. foo bar"
12:31:21.896 [qtp809652780-555] DEBUG o.s.c.c.CharSequenceEncoder - [2393cbb4] Writing "560. foo bar"
12:31:21.897 [qtp809652780-555] DEBUG o.s.c.c.CharSequenceEncoder - [2393cbb4] Writing "561. foo bar"
12:31:21.897 [qtp809652780-555] DEBUG o.s.c.c.CharSequenceEncoder - [2393cbb4] Writing "562. foo bar"
12:31:21.897 [qtp809652780-555] DEBUG o.s.c.c.CharSequenceEncoder - [2393cbb4] Writing "563. foo bar"
12:31:21.897 [qtp809652780-555] DEBUG o.s.c.c.CharSequenceEncoder - [2393cbb4] Writing "564. foo bar"
12:31:21.897 [qtp809652780-555] DEBUG o.s.c.c.CharSequenceEncoder - [2393cbb4] Writing "565. foo bar"
12:31:21.897 [qtp809652780-555] DEBUG o.s.c.c.CharSequenceEncoder - [2393cbb4] Writing "566. foo bar"
12:31:21.898 [qtp809652780-555] DEBUG o.s.c.c.CharSequenceEncoder - [2393cbb4] Writing "567. foo bar"
12:31:21.898 [qtp809652780-555] DEBUG o.s.c.c.CharSequenceEncoder - [2393cbb4] Writing "568. foo bar"
12:31:21.898 [qtp809652780-555] DEBUG o.s.c.c.CharSequenceEncoder - [2393cbb4] Writing "569. foo bar"
12:31:21.898 [qtp809652780-555] DEBUG o.s.c.c.CharSequenceEncoder - [2393cbb4] Writing "570. foo bar"
12:31:21.899 [qtp809652780-555] DEBUG o.s.c.c.CharSequenceEncoder - [2393cbb4] Writing "571. foo bar"
12:31:21.899 [qtp809652780-555] DEBUG o.s.c.c.CharSequenceEncoder - [2393cbb4] Writing "572. foo bar"
12:31:21.899 [qtp809652780-555] DEBUG o.s.c.c.CharSequenceEncoder - [2393cbb4] Writing "573. foo bar"
12:31:21.899 [qtp809652780-555] DEBUG o.s.c.c.CharSequenceEncoder - [2393cbb4] Writing "574. foo bar"
12:31:21.899 [qtp809652780-555] DEBUG o.s.c.c.CharSequenceEncoder - [2393cbb4] Writing "575. foo bar"
12:31:21.900 [qtp809652780-555] DEBUG o.s.c.c.CharSequenceEncoder - [2393cbb4] Writing "576. foo bar"
12:31:21.900 [qtp809652780-555] DEBUG o.s.c.c.CharSequenceEncoder - [2393cbb4] Writing "577. foo bar"
12:31:21.900 [qtp809652780-555] DEBUG o.s.c.c.CharSequenceEncoder - [2393cbb4] Writing "578. foo bar"
12:31:21.900 [qtp809652780-555] DEBUG o.s.c.c.CharSequenceEncoder - [2393cbb4] Writing "579. foo bar"
12:31:21.900 [qtp809652780-555] DEBUG o.s.c.c.CharSequenceEncoder - [2393cbb4] Writing "580. foo bar"
12:31:21.901 [qtp809652780-555] DEBUG o.s.c.c.CharSequenceEncoder - [2393cbb4] Writing "581. foo bar"
12:31:21.901 [qtp809652780-555] DEBUG o.s.c.c.CharSequenceEncoder - [2393cbb4] Writing "582. foo bar"
12:31:21.901 [qtp809652780-555] DEBUG o.s.c.c.CharSequenceEncoder - [2393cbb4] Writing "583. foo bar"
12:31:21.901 [qtp809652780-555] DEBUG o.s.c.c.CharSequenceEncoder - [2393cbb4] Writing "584. foo bar"
12:31:21.901 [qtp809652780-555] DEBUG o.s.c.c.CharSequenceEncoder - [2393cbb4] Writing "585. foo bar"
12:31:21.902 [qtp809652780-555] DEBUG o.s.c.c.CharSequenceEncoder - [2393cbb4] Writing "586. foo bar"
12:31:21.902 [qtp809652780-555] DEBUG o.s.c.c.CharSequenceEncoder - [2393cbb4] Writing "587. foo bar"
12:31:21.902 [qtp809652780-555] DEBUG o.s.c.c.CharSequenceEncoder - [2393cbb4] Writing "588. foo bar"
12:31:21.902 [qtp809652780-555] DEBUG o.s.c.c.CharSequenceEncoder - [2393cbb4] Writing "589. foo bar"
12:31:21.902 [qtp809652780-555] DEBUG o.s.c.c.CharSequenceEncoder - [2393cbb4] Writing "590. foo bar"
12:31:21.903 [qtp809652780-555] DEBUG o.s.c.c.CharSequenceEncoder - [2393cbb4] Writing "591. foo bar"
12:31:21.903 [qtp809652780-555] DEBUG o.s.c.c.CharSequenceEncoder - [2393cbb4] Writing "592. foo bar"
12:31:21.903 [qtp809652780-555] DEBUG o.s.c.c.CharSequenceEncoder - [2393cbb4] Writing "593. foo bar"
12:31:21.903 [qtp809652780-555] DEBUG o.s.c.c.CharSequenceEncoder - [2393cbb4] Writing "594. foo bar"
12:31:21.903 [qtp809652780-555] DEBUG o.s.c.c.CharSequenceEncoder - [2393cbb4] Writing "595. foo bar"
12:31:21.903 [qtp809652780-555] DEBUG o.s.c.c.CharSequenceEncoder - [2393cbb4] Writing "596. foo bar"
12:31:21.904 [qtp809652780-555] DEBUG o.s.c.c.CharSequenceEncoder - [2393cbb4] Writing "597. foo bar"
12:31:21.904 [qtp809652780-555] DEBUG o.s.c.c.CharSequenceEncoder - [2393cbb4] Writing "598. foo bar"
12:31:21.904 [qtp809652780-555] DEBUG o.s.c.c.CharSequenceEncoder - [2393cbb4] Writing "599. foo bar"
12:31:21.904 [qtp809652780-555] DEBUG o.s.c.c.CharSequenceEncoder - [2393cbb4] Writing "600. foo bar"
12:31:21.904 [qtp809652780-555] DEBUG o.s.c.c.CharSequenceEncoder - [2393cbb4] Writing "601. foo bar"
12:31:21.905 [qtp809652780-555] DEBUG o.s.c.c.CharSequenceEncoder - [2393cbb4] Writing "602. foo bar"
12:31:21.905 [qtp809652780-555] DEBUG o.s.c.c.CharSequenceEncoder - [2393cbb4] Writing "603. foo bar"
12:31:21.905 [qtp809652780-555] DEBUG o.s.c.c.CharSequenceEncoder - [2393cbb4] Writing "604. foo bar"
12:31:21.905 [qtp809652780-555] DEBUG o.s.c.c.CharSequenceEncoder - [2393cbb4] Writing "605. foo bar"
12:31:21.905 [qtp809652780-555] DEBUG o.s.c.c.CharSequenceEncoder - [2393cbb4] Writing "606. foo bar"
12:31:21.905 [qtp809652780-555] DEBUG o.s.c.c.CharSequenceEncoder - [2393cbb4] Writing "607. foo bar"
12:31:21.906 [qtp809652780-555] DEBUG o.s.c.c.CharSequenceEncoder - [2393cbb4] Writing "608. foo bar"
12:31:21.906 [qtp809652780-555] DEBUG o.s.c.c.CharSequenceEncoder - [2393cbb4] Writing "609. foo bar"
12:31:21.906 [qtp809652780-555] DEBUG o.s.c.c.CharSequenceEncoder - [2393cbb4] Writing "610. foo bar"
12:31:21.906 [qtp809652780-555] DEBUG o.s.c.c.CharSequenceEncoder - [2393cbb4] Writing "611. foo bar"
12:31:21.906 [qtp809652780-555] DEBUG o.s.c.c.CharSequenceEncoder - [2393cbb4] Writing "612. foo bar"
12:31:21.906 [qtp809652780-555] DEBUG o.s.c.c.CharSequenceEncoder - [2393cbb4] Writing "613. foo bar"
12:31:21.907 [qtp809652780-555] DEBUG o.s.c.c.CharSequenceEncoder - [2393cbb4] Writing "614. foo bar"
12:31:21.907 [qtp809652780-555] DEBUG o.s.c.c.CharSequenceEncoder - [2393cbb4] Writing "615. foo bar"
12:31:21.907 [qtp809652780-555] DEBUG o.s.c.c.CharSequenceEncoder - [2393cbb4] Writing "616. foo bar"
12:31:21.907 [qtp809652780-555] DEBUG o.s.c.c.CharSequenceEncoder - [2393cbb4] Writing "617. foo bar"
12:31:21.907 [qtp809652780-555] DEBUG o.s.c.c.CharSequenceEncoder - [2393cbb4] Writing "618. foo bar"
12:31:21.908 [qtp809652780-555] DEBUG o.s.c.c.CharSequenceEncoder - [2393cbb4] Writing "619. foo bar"
12:31:21.908 [qtp809652780-555] DEBUG o.s.c.c.CharSequenceEncoder - [2393cbb4] Writing "620. foo bar"
12:31:21.908 [qtp809652780-555] DEBUG o.s.c.c.CharSequenceEncoder - [2393cbb4] Writing "621. foo bar"
12:31:21.908 [qtp809652780-555] DEBUG o.s.c.c.CharSequenceEncoder - [2393cbb4] Writing "622. foo bar"
12:31:21.908 [qtp809652780-555] DEBUG o.s.c.c.CharSequenceEncoder - [2393cbb4] Writing "623. foo bar"
12:31:21.909 [qtp809652780-555] DEBUG o.s.c.c.CharSequenceEncoder - [2393cbb4] Writing "624. foo bar"
12:31:21.909 [qtp809652780-555] DEBUG o.s.c.c.CharSequenceEncoder - [2393cbb4] Writing "625. foo bar"
12:31:21.909 [qtp809652780-555] DEBUG o.s.c.c.CharSequenceEncoder - [2393cbb4] Writing "626. foo bar"
12:31:21.909 [qtp809652780-555] DEBUG o.s.c.c.CharSequenceEncoder - [2393cbb4] Writing "627. foo bar"
12:31:21.909 [qtp809652780-555] DEBUG o.s.c.c.CharSequenceEncoder - [2393cbb4] Writing "628. foo bar"
12:31:21.909 [qtp809652780-555] DEBUG o.s.c.c.CharSequenceEncoder - [2393cbb4] Writing "629. foo bar"
12:31:21.910 [qtp809652780-555] DEBUG o.s.c.c.CharSequenceEncoder - [2393cbb4] Writing "630. foo bar"
12:31:21.910 [qtp809652780-555] DEBUG o.s.c.c.CharSequenceEncoder - [2393cbb4] Writing "631. foo bar"
12:31:21.910 [qtp809652780-555] DEBUG o.s.c.c.CharSequenceEncoder - [2393cbb4] Writing "632. foo bar"
12:31:21.910 [qtp809652780-555] DEBUG o.s.c.c.CharSequenceEncoder - [2393cbb4] Writing "633. foo bar"
12:31:21.910 [qtp809652780-555] DEBUG o.s.c.c.CharSequenceEncoder - [2393cbb4] Writing "634. foo bar"
12:31:21.910 [qtp809652780-555] DEBUG o.s.c.c.CharSequenceEncoder - [2393cbb4] Writing "635. foo bar"
12:31:21.911 [qtp809652780-555] DEBUG o.s.c.c.CharSequenceEncoder - [2393cbb4] Writing "636. foo bar"
12:31:21.911 [qtp809652780-555] DEBUG o.s.c.c.CharSequenceEncoder - [2393cbb4] Writing "637. foo bar"
12:31:21.911 [qtp809652780-555] DEBUG o.s.c.c.CharSequenceEncoder - [2393cbb4] Writing "638. foo bar"
12:31:21.911 [qtp809652780-555] DEBUG o.s.c.c.CharSequenceEncoder - [2393cbb4] Writing "639. foo bar"
12:31:21.911 [qtp809652780-555] DEBUG o.s.c.c.CharSequenceEncoder - [2393cbb4] Writing "640. foo bar"
12:31:21.911 [qtp809652780-555] DEBUG o.s.c.c.CharSequenceEncoder - [2393cbb4] Writing "641. foo bar"
12:31:21.911 [qtp809652780-555] DEBUG o.s.c.c.CharSequenceEncoder - [2393cbb4] Writing "642. foo bar"
12:31:21.912 [qtp809652780-555] DEBUG o.s.c.c.CharSequenceEncoder - [2393cbb4] Writing "643. foo bar"
12:31:21.912 [qtp809652780-555] DEBUG o.s.c.c.CharSequenceEncoder - [2393cbb4] Writing "644. foo bar"
12:31:21.912 [qtp809652780-555] DEBUG o.s.c.c.CharSequenceEncoder - [2393cbb4] Writing "645. foo bar"
12:31:21.912 [qtp809652780-555] DEBUG o.s.c.c.CharSequenceEncoder - [2393cbb4] Writing "646. foo bar"
12:31:21.912 [qtp809652780-555] DEBUG o.s.c.c.CharSequenceEncoder - [2393cbb4] Writing "647. foo bar"
12:31:21.912 [qtp809652780-555] DEBUG o.s.c.c.CharSequenceEncoder - [2393cbb4] Writing "648. foo bar"
12:31:21.913 [qtp809652780-555] DEBUG o.s.c.c.CharSequenceEncoder - [2393cbb4] Writing "649. foo bar"
12:31:21.913 [qtp809652780-555] DEBUG o.s.c.c.CharSequenceEncoder - [2393cbb4] Writing "650. foo bar"
12:31:21.913 [qtp809652780-555] DEBUG o.s.c.c.CharSequenceEncoder - [2393cbb4] Writing "651. foo bar"
12:31:21.913 [qtp809652780-555] DEBUG o.s.c.c.CharSequenceEncoder - [2393cbb4] Writing "652. foo bar"
12:31:21.913 [qtp809652780-555] DEBUG o.s.c.c.CharSequenceEncoder - [2393cbb4] Writing "653. foo bar"
12:31:21.913 [qtp809652780-555] DEBUG o.s.c.c.CharSequenceEncoder - [2393cbb4] Writing "654. foo bar"
12:31:21.913 [qtp809652780-555] DEBUG o.s.c.c.CharSequenceEncoder - [2393cbb4] Writing "655. foo bar"
12:31:21.914 [qtp809652780-555] DEBUG o.s.c.c.CharSequenceEncoder - [2393cbb4] Writing "656. foo bar"
12:31:21.914 [qtp809652780-555] DEBUG o.s.c.c.CharSequenceEncoder - [2393cbb4] Writing "657. foo bar"
12:31:21.914 [qtp809652780-555] DEBUG o.s.c.c.CharSequenceEncoder - [2393cbb4] Writing "658. foo bar"
12:31:21.914 [qtp809652780-555] DEBUG o.s.c.c.CharSequenceEncoder - [2393cbb4] Writing "659. foo bar"
12:31:21.914 [qtp809652780-555] DEBUG o.s.c.c.CharSequenceEncoder - [2393cbb4] Writing "660. foo bar"
12:31:21.914 [qtp809652780-555] DEBUG o.s.c.c.CharSequenceEncoder - [2393cbb4] Writing "661. foo bar"
12:31:21.915 [qtp809652780-555] DEBUG o.s.c.c.CharSequenceEncoder - [2393cbb4] Writing "662. foo bar"
12:31:21.915 [qtp809652780-555] DEBUG o.s.c.c.CharSequenceEncoder - [2393cbb4] Writing "663. foo bar"
12:31:21.915 [qtp809652780-555] DEBUG o.s.c.c.CharSequenceEncoder - [2393cbb4] Writing "664. foo bar"
12:31:21.915 [qtp809652780-555] DEBUG o.s.c.c.CharSequenceEncoder - [2393cbb4] Writing "665. foo bar"
12:31:21.915 [qtp809652780-555] DEBUG o.s.c.c.CharSequenceEncoder - [2393cbb4] Writing "666. foo bar"
12:31:21.915 [qtp809652780-555] DEBUG o.s.c.c.CharSequenceEncoder - [2393cbb4] Writing "667. foo bar"
12:31:21.915 [qtp809652780-555] DEBUG o.s.c.c.CharSequenceEncoder - [2393cbb4] Writing "668. foo bar"
12:31:21.916 [qtp809652780-555] DEBUG o.s.c.c.CharSequenceEncoder - [2393cbb4] Writing "669. foo bar"
12:31:21.916 [qtp809652780-555] DEBUG o.s.c.c.CharSequenceEncoder - [2393cbb4] Writing "670. foo bar"
12:31:21.916 [qtp809652780-555] DEBUG o.s.c.c.CharSequenceEncoder - [2393cbb4] Writing "671. foo bar"
12:31:21.916 [qtp809652780-555] DEBUG o.s.c.c.CharSequenceEncoder - [2393cbb4] Writing "672. foo bar"
12:31:21.916 [qtp809652780-555] DEBUG o.s.c.c.CharSequenceEncoder - [2393cbb4] Writing "673. foo bar"
12:31:21.916 [qtp809652780-555] DEBUG o.s.c.c.CharSequenceEncoder - [2393cbb4] Writing "674. foo bar"
12:31:21.916 [qtp809652780-555] DEBUG o.s.c.c.CharSequenceEncoder - [2393cbb4] Writing "675. foo bar"
12:31:21.916 [qtp809652780-555] DEBUG o.s.c.c.CharSequenceEncoder - [2393cbb4] Writing "676. foo bar"
12:31:21.917 [qtp809652780-555] DEBUG o.s.c.c.CharSequenceEncoder - [2393cbb4] Writing "677. foo bar"
12:31:21.917 [qtp809652780-555] DEBUG o.s.c.c.CharSequenceEncoder - [2393cbb4] Writing "678. foo bar"
12:31:21.917 [qtp809652780-555] DEBUG o.s.c.c.CharSequenceEncoder - [2393cbb4] Writing "679. foo bar"
12:31:21.917 [qtp809652780-555] DEBUG o.s.c.c.CharSequenceEncoder - [2393cbb4] Writing "680. foo bar"
12:31:21.917 [qtp809652780-555] DEBUG o.s.c.c.CharSequenceEncoder - [2393cbb4] Writing "681. foo bar"
12:31:21.917 [qtp809652780-555] DEBUG o.s.c.c.CharSequenceEncoder - [2393cbb4] Writing "682. foo bar"
12:31:21.917 [qtp809652780-555] DEBUG o.s.c.c.CharSequenceEncoder - [2393cbb4] Writing "683. foo bar"
12:31:21.918 [qtp809652780-555] DEBUG o.s.c.c.CharSequenceEncoder - [2393cbb4] Writing "684. foo bar"
12:31:21.918 [qtp809652780-555] DEBUG o.s.c.c.CharSequenceEncoder - [2393cbb4] Writing "685. foo bar"
12:31:21.918 [qtp809652780-555] DEBUG o.s.c.c.CharSequenceEncoder - [2393cbb4] Writing "686. foo bar"
12:31:21.918 [qtp809652780-555] DEBUG o.s.c.c.CharSequenceEncoder - [2393cbb4] Writing "687. foo bar"
12:31:21.918 [qtp809652780-555] DEBUG o.s.c.c.CharSequenceEncoder - [2393cbb4] Writing "688. foo bar"
12:31:21.918 [qtp809652780-555] DEBUG o.s.c.c.CharSequenceEncoder - [2393cbb4] Writing "689. foo bar"
12:31:21.919 [qtp809652780-555] DEBUG o.s.c.c.CharSequenceEncoder - [2393cbb4] Writing "690. foo bar"
12:31:21.919 [qtp809652780-555] DEBUG o.s.c.c.CharSequenceEncoder - [2393cbb4] Writing "691. foo bar"
12:31:21.919 [qtp809652780-555] DEBUG o.s.c.c.CharSequenceEncoder - [2393cbb4] Writing "692. foo bar"
12:31:21.920 [qtp809652780-555] DEBUG o.s.c.c.CharSequenceEncoder - [2393cbb4] Writing "693. foo bar"
12:31:21.920 [qtp809652780-555] DEBUG o.s.c.c.CharSequenceEncoder - [2393cbb4] Writing "694. foo bar"
12:31:21.920 [qtp809652780-555] DEBUG o.s.c.c.CharSequenceEncoder - [2393cbb4] Writing "695. foo bar"
12:31:21.921 [qtp809652780-555] DEBUG o.s.c.c.CharSequenceEncoder - [2393cbb4] Writing "696. foo bar"
12:31:21.921 [qtp809652780-555] DEBUG o.s.c.c.CharSequenceEncoder - [2393cbb4] Writing "697. foo bar"
12:31:21.921 [qtp809652780-555] DEBUG o.s.c.c.CharSequenceEncoder - [2393cbb4] Writing "698. foo bar"
12:31:21.921 [qtp809652780-555] DEBUG o.s.c.c.CharSequenceEncoder - [2393cbb4] Writing "699. foo bar"
12:31:21.921 [qtp809652780-555] DEBUG o.s.c.c.CharSequenceEncoder - [2393cbb4] Writing "700. foo bar"
12:31:21.921 [qtp809652780-555] DEBUG o.s.c.c.CharSequenceEncoder - [2393cbb4] Writing "701. foo bar"
12:31:21.922 [qtp809652780-555] DEBUG o.s.c.c.CharSequenceEncoder - [2393cbb4] Writing "702. foo bar"
12:31:21.922 [qtp809652780-555] DEBUG o.s.c.c.CharSequenceEncoder - [2393cbb4] Writing "703. foo bar"
12:31:21.922 [qtp809652780-555] DEBUG o.s.c.c.CharSequenceEncoder - [2393cbb4] Writing "704. foo bar"
12:31:21.922 [qtp809652780-555] DEBUG o.s.c.c.CharSequenceEncoder - [2393cbb4] Writing "705. foo bar"
12:31:21.922 [qtp809652780-555] DEBUG o.s.c.c.CharSequenceEncoder - [2393cbb4] Writing "706. foo bar"
12:31:21.923 [qtp809652780-555] DEBUG o.s.c.c.CharSequenceEncoder - [2393cbb4] Writing "707. foo bar"
12:31:21.923 [qtp809652780-555] DEBUG o.s.c.c.CharSequenceEncoder - [2393cbb4] Writing "708. foo bar"
12:31:21.923 [qtp809652780-555] DEBUG o.s.c.c.CharSequenceEncoder - [2393cbb4] Writing "709. foo bar"
12:31:21.923 [qtp809652780-555] DEBUG o.s.c.c.CharSequenceEncoder - [2393cbb4] Writing "710. foo bar"
12:31:21.923 [qtp809652780-555] DEBUG o.s.c.c.CharSequenceEncoder - [2393cbb4] Writing "711. foo bar"
12:31:21.924 [qtp809652780-555] DEBUG o.s.c.c.CharSequenceEncoder - [2393cbb4] Writing "712. foo bar"
12:31:21.924 [qtp809652780-555] DEBUG o.s.c.c.CharSequenceEncoder - [2393cbb4] Writing "713. foo bar"
12:31:21.924 [qtp809652780-555] DEBUG o.s.c.c.CharSequenceEncoder - [2393cbb4] Writing "714. foo bar"
12:31:21.924 [qtp809652780-555] DEBUG o.s.c.c.CharSequenceEncoder - [2393cbb4] Writing "715. foo bar"
12:31:21.925 [qtp809652780-555] DEBUG o.s.c.c.CharSequenceEncoder - [2393cbb4] Writing "716. foo bar"
12:31:21.925 [qtp809652780-555] DEBUG o.s.c.c.CharSequenceEncoder - [2393cbb4] Writing "717. foo bar"
12:31:21.925 [qtp809652780-555] DEBUG o.s.c.c.CharSequenceEncoder - [2393cbb4] Writing "718. foo bar"
12:31:21.925 [qtp809652780-555] DEBUG o.s.c.c.CharSequenceEncoder - [2393cbb4] Writing "719. foo bar"
12:31:21.926 [qtp809652780-555] DEBUG o.s.c.c.CharSequenceEncoder - [2393cbb4] Writing "720. foo bar"
12:31:21.926 [qtp809652780-555] DEBUG o.s.c.c.CharSequenceEncoder - [2393cbb4] Writing "721. foo bar"
12:31:21.926 [qtp809652780-555] DEBUG o.s.c.c.CharSequenceEncoder - [2393cbb4] Writing "722. foo bar"
12:31:21.926 [qtp809652780-555] DEBUG o.s.c.c.CharSequenceEncoder - [2393cbb4] Writing "723. foo bar"
12:31:21.927 [qtp809652780-555] DEBUG o.s.c.c.CharSequenceEncoder - [2393cbb4] Writing "724. foo bar"
12:31:21.927 [qtp809652780-555] DEBUG o.s.c.c.CharSequenceEncoder - [2393cbb4] Writing "725. foo bar"
12:31:21.927 [qtp809652780-555] DEBUG o.s.c.c.CharSequenceEncoder - [2393cbb4] Writing "726. foo bar"
12:31:21.927 [qtp809652780-555] DEBUG o.s.c.c.CharSequenceEncoder - [2393cbb4] Writing "727. foo bar"
12:31:21.928 [qtp809652780-555] DEBUG o.s.c.c.CharSequenceEncoder - [2393cbb4] Writing "728. foo bar"
12:31:21.928 [qtp809652780-555] DEBUG o.s.c.c.CharSequenceEncoder - [2393cbb4] Writing "729. foo bar"
12:31:21.928 [qtp809652780-555] DEBUG o.s.c.c.CharSequenceEncoder - [2393cbb4] Writing "730. foo bar"
12:31:21.928 [qtp809652780-555] DEBUG o.s.c.c.CharSequenceEncoder - [2393cbb4] Writing "731. foo bar"
12:31:21.928 [qtp809652780-555] DEBUG o.s.c.c.CharSequenceEncoder - [2393cbb4] Writing "732. foo bar"
12:31:21.929 [qtp809652780-555] DEBUG o.s.c.c.CharSequenceEncoder - [2393cbb4] Writing "733. foo bar"
12:31:21.929 [qtp809652780-555] DEBUG o.s.c.c.CharSequenceEncoder - [2393cbb4] Writing "734. foo bar"
12:31:21.929 [qtp809652780-555] DEBUG o.s.c.c.CharSequenceEncoder - [2393cbb4] Writing "735. foo bar"
12:31:21.930 [qtp809652780-555] DEBUG o.s.c.c.CharSequenceEncoder - [2393cbb4] Writing "736. foo bar"
12:31:21.930 [qtp809652780-555] DEBUG o.s.c.c.CharSequenceEncoder - [2393cbb4] Writing "737. foo bar"
12:31:21.930 [qtp809652780-555] DEBUG o.s.c.c.CharSequenceEncoder - [2393cbb4] Writing "738. foo bar"
12:31:21.931 [qtp809652780-555] DEBUG o.s.c.c.CharSequenceEncoder - [2393cbb4] Writing "739. foo bar"
12:31:21.931 [qtp809652780-555] DEBUG o.s.c.c.CharSequenceEncoder - [2393cbb4] Writing "740. foo bar"
12:31:21.931 [qtp809652780-555] DEBUG o.s.c.c.CharSequenceEncoder - [2393cbb4] Writing "741. foo bar"
12:31:21.931 [qtp809652780-555] DEBUG o.s.c.c.CharSequenceEncoder - [2393cbb4] Writing "742. foo bar"
12:31:21.931 [qtp809652780-555] DEBUG o.s.c.c.CharSequenceEncoder - [2393cbb4] Writing "743. foo bar"
12:31:21.932 [qtp809652780-555] DEBUG o.s.c.c.CharSequenceEncoder - [2393cbb4] Writing "744. foo bar"
12:31:21.932 [qtp809652780-555] DEBUG o.s.c.c.CharSequenceEncoder - [2393cbb4] Writing "745. foo bar"
12:31:21.932 [qtp809652780-555] DEBUG o.s.c.c.CharSequenceEncoder - [2393cbb4] Writing "746. foo bar"
12:31:21.932 [qtp809652780-555] DEBUG o.s.c.c.CharSequenceEncoder - [2393cbb4] Writing "747. foo bar"
12:31:21.932 [qtp809652780-555] DEBUG o.s.c.c.CharSequenceEncoder - [2393cbb4] Writing "748. foo bar"
12:31:21.933 [qtp809652780-555] DEBUG o.s.c.c.CharSequenceEncoder - [2393cbb4] Writing "749. foo bar"
12:31:21.933 [qtp809652780-555] DEBUG o.s.c.c.CharSequenceEncoder - [2393cbb4] Writing "750. foo bar"
12:31:21.933 [qtp809652780-555] DEBUG o.s.c.c.CharSequenceEncoder - [2393cbb4] Writing "751. foo bar"
12:31:21.933 [qtp809652780-555] DEBUG o.s.c.c.CharSequenceEncoder - [2393cbb4] Writing "752. foo bar"
12:31:21.933 [qtp809652780-555] DEBUG o.s.c.c.CharSequenceEncoder - [2393cbb4] Writing "753. foo bar"
12:31:21.934 [qtp809652780-555] DEBUG o.s.c.c.CharSequenceEncoder - [2393cbb4] Writing "754. foo bar"
12:31:21.934 [qtp809652780-555] DEBUG o.s.c.c.CharSequenceEncoder - [2393cbb4] Writing "755. foo bar"
12:31:21.934 [qtp809652780-555] DEBUG o.s.c.c.CharSequenceEncoder - [2393cbb4] Writing "756. foo bar"
12:31:21.934 [qtp809652780-555] DEBUG o.s.c.c.CharSequenceEncoder - [2393cbb4] Writing "757. foo bar"
12:31:21.934 [qtp809652780-555] DEBUG o.s.c.c.CharSequenceEncoder - [2393cbb4] Writing "758. foo bar"
12:31:21.934 [qtp809652780-555] DEBUG o.s.c.c.CharSequenceEncoder - [2393cbb4] Writing "759. foo bar"
12:31:21.935 [qtp809652780-555] DEBUG o.s.c.c.CharSequenceEncoder - [2393cbb4] Writing "760. foo bar"
12:31:21.935 [qtp809652780-555] DEBUG o.s.c.c.CharSequenceEncoder - [2393cbb4] Writing "761. foo bar"
12:31:21.935 [qtp809652780-555] DEBUG o.s.c.c.CharSequenceEncoder - [2393cbb4] Writing "762. foo bar"
12:31:21.935 [qtp809652780-555] DEBUG o.s.c.c.CharSequenceEncoder - [2393cbb4] Writing "763. foo bar"
12:31:21.935 [qtp809652780-555] DEBUG o.s.c.c.CharSequenceEncoder - [2393cbb4] Writing "764. foo bar"
12:31:21.935 [qtp809652780-555] DEBUG o.s.c.c.CharSequenceEncoder - [2393cbb4] Writing "765. foo bar"
12:31:21.936 [qtp809652780-555] DEBUG o.s.c.c.CharSequenceEncoder - [2393cbb4] Writing "766. foo bar"
12:31:21.936 [qtp809652780-555] DEBUG o.s.c.c.CharSequenceEncoder - [2393cbb4] Writing "767. foo bar"
12:31:21.936 [qtp809652780-555] DEBUG o.s.c.c.CharSequenceEncoder - [2393cbb4] Writing "768. foo bar"
12:31:21.936 [qtp809652780-555] DEBUG o.s.c.c.CharSequenceEncoder - [2393cbb4] Writing "769. foo bar"
12:31:21.936 [qtp809652780-555] DEBUG o.s.c.c.CharSequenceEncoder - [2393cbb4] Writing "770. foo bar"
12:31:21.936 [qtp809652780-555] DEBUG o.s.c.c.CharSequenceEncoder - [2393cbb4] Writing "771. foo bar"
12:31:21.937 [qtp809652780-555] DEBUG o.s.c.c.CharSequenceEncoder - [2393cbb4] Writing "772. foo bar"
12:31:21.937 [qtp809652780-555] DEBUG o.s.c.c.CharSequenceEncoder - [2393cbb4] Writing "773. foo bar"
12:31:21.937 [qtp809652780-555] DEBUG o.s.c.c.CharSequenceEncoder - [2393cbb4] Writing "774. foo bar"
12:31:21.937 [qtp809652780-555] DEBUG o.s.c.c.CharSequenceEncoder - [2393cbb4] Writing "775. foo bar"
12:31:21.937 [qtp809652780-555] DEBUG o.s.c.c.CharSequenceEncoder - [2393cbb4] Writing "776. foo bar"
12:31:21.938 [qtp809652780-555] DEBUG o.s.c.c.CharSequenceEncoder - [2393cbb4] Writing "777. foo bar"
12:31:21.938 [qtp809652780-555] DEBUG o.s.c.c.CharSequenceEncoder - [2393cbb4] Writing "778. foo bar"
12:31:21.938 [qtp809652780-555] DEBUG o.s.c.c.CharSequenceEncoder - [2393cbb4] Writing "779. foo bar"
12:31:21.938 [qtp809652780-555] DEBUG o.s.c.c.CharSequenceEncoder - [2393cbb4] Writing "780. foo bar"
12:31:21.939 [qtp809652780-555] DEBUG o.s.c.c.CharSequenceEncoder - [2393cbb4] Writing "781. foo bar"
12:31:21.939 [qtp809652780-555] DEBUG o.s.c.c.CharSequenceEncoder - [2393cbb4] Writing "782. foo bar"
12:31:21.939 [qtp809652780-555] DEBUG o.s.c.c.CharSequenceEncoder - [2393cbb4] Writing "783. foo bar"
12:31:21.939 [qtp809652780-555] DEBUG o.s.c.c.CharSequenceEncoder - [2393cbb4] Writing "784. foo bar"
12:31:21.939 [qtp809652780-555] DEBUG o.s.c.c.CharSequenceEncoder - [2393cbb4] Writing "785. foo bar"
12:31:21.940 [qtp809652780-555] DEBUG o.s.c.c.CharSequenceEncoder - [2393cbb4] Writing "786. foo bar"
12:31:21.940 [qtp809652780-555] DEBUG o.s.c.c.CharSequenceEncoder - [2393cbb4] Writing "787. foo bar"
12:31:21.940 [qtp809652780-555] DEBUG o.s.c.c.CharSequenceEncoder - [2393cbb4] Writing "788. foo bar"
12:31:21.940 [qtp809652780-555] DEBUG o.s.c.c.CharSequenceEncoder - [2393cbb4] Writing "789. foo bar"
12:31:21.940 [qtp809652780-555] DEBUG o.s.c.c.CharSequenceEncoder - [2393cbb4] Writing "790. foo bar"
12:31:21.941 [qtp809652780-555] DEBUG o.s.c.c.CharSequenceEncoder - [2393cbb4] Writing "791. foo bar"
12:31:21.941 [qtp809652780-555] DEBUG o.s.c.c.CharSequenceEncoder - [2393cbb4] Writing "792. foo bar"
12:31:21.942 [qtp809652780-555] DEBUG o.s.c.c.CharSequenceEncoder - [2393cbb4] Writing "793. foo bar"
12:31:21.943 [qtp809652780-555] DEBUG o.s.c.c.CharSequenceEncoder - [2393cbb4] Writing "794. foo bar"
12:31:21.943 [qtp809652780-555] DEBUG o.s.c.c.CharSequenceEncoder - [2393cbb4] Writing "795. foo bar"
12:31:21.943 [qtp809652780-555] DEBUG o.s.c.c.CharSequenceEncoder - [2393cbb4] Writing "796. foo bar"
12:31:21.944 [qtp809652780-555] DEBUG o.s.c.c.CharSequenceEncoder - [2393cbb4] Writing "797. foo bar"
12:31:21.944 [qtp809652780-555] DEBUG o.s.c.c.CharSequenceEncoder - [2393cbb4] Writing "798. foo bar"
12:31:21.944 [qtp809652780-555] DEBUG o.s.c.c.CharSequenceEncoder - [2393cbb4] Writing "799. foo bar"
12:31:21.945 [qtp809652780-555] DEBUG o.s.c.c.CharSequenceEncoder - [2393cbb4] Writing "800. foo bar"
12:31:21.945 [qtp809652780-555] DEBUG o.s.c.c.CharSequenceEncoder - [2393cbb4] Writing "801. foo bar"
12:31:21.945 [qtp809652780-555] DEBUG o.s.c.c.CharSequenceEncoder - [2393cbb4] Writing "802. foo bar"
12:31:21.946 [qtp809652780-555] DEBUG o.s.c.c.CharSequenceEncoder - [2393cbb4] Writing "803. foo bar"
12:31:21.946 [qtp809652780-555] DEBUG o.s.c.c.CharSequenceEncoder - [2393cbb4] Writing "804. foo bar"
12:31:21.946 [qtp809652780-555] DEBUG o.s.c.c.CharSequenceEncoder - [2393cbb4] Writing "805. foo bar"
12:31:21.947 [qtp809652780-555] DEBUG o.s.c.c.CharSequenceEncoder - [2393cbb4] Writing "806. foo bar"
12:31:21.947 [qtp809652780-555] DEBUG o.s.c.c.CharSequenceEncoder - [2393cbb4] Writing "807. foo bar"
12:31:21.947 [qtp809652780-555] DEBUG o.s.c.c.CharSequenceEncoder - [2393cbb4] Writing "808. foo bar"
12:31:21.947 [qtp809652780-555] DEBUG o.s.c.c.CharSequenceEncoder - [2393cbb4] Writing "809. foo bar"
12:31:21.948 [qtp809652780-555] DEBUG o.s.c.c.CharSequenceEncoder - [2393cbb4] Writing "810. foo bar"
12:31:21.948 [qtp809652780-555] DEBUG o.s.c.c.CharSequenceEncoder - [2393cbb4] Writing "811. foo bar"
12:31:21.948 [qtp809652780-555] DEBUG o.s.c.c.CharSequenceEncoder - [2393cbb4] Writing "812. foo bar"
12:31:21.949 [qtp809652780-555] DEBUG o.s.c.c.CharSequenceEncoder - [2393cbb4] Writing "813. foo bar"
12:31:21.949 [qtp809652780-555] DEBUG o.s.c.c.CharSequenceEncoder - [2393cbb4] Writing "814. foo bar"
12:31:21.949 [qtp809652780-555] DEBUG o.s.c.c.CharSequenceEncoder - [2393cbb4] Writing "815. foo bar"
12:31:21.950 [qtp809652780-555] DEBUG o.s.c.c.CharSequenceEncoder - [2393cbb4] Writing "816. foo bar"
12:31:21.950 [qtp809652780-555] DEBUG o.s.c.c.CharSequenceEncoder - [2393cbb4] Writing "817. foo bar"
12:31:21.950 [qtp809652780-555] DEBUG o.s.c.c.CharSequenceEncoder - [2393cbb4] Writing "818. foo bar"
12:31:21.950 [qtp809652780-555] DEBUG o.s.c.c.CharSequenceEncoder - [2393cbb4] Writing "819. foo bar"
12:31:21.951 [qtp809652780-555] DEBUG o.s.c.c.CharSequenceEncoder - [2393cbb4] Writing "820. foo bar"
12:31:21.951 [qtp809652780-555] DEBUG o.s.c.c.CharSequenceEncoder - [2393cbb4] Writing "821. foo bar"
12:31:21.951 [qtp809652780-555] DEBUG o.s.c.c.CharSequenceEncoder - [2393cbb4] Writing "822. foo bar"
12:31:21.952 [qtp809652780-555] DEBUG o.s.c.c.CharSequenceEncoder - [2393cbb4] Writing "823. foo bar"
12:31:21.952 [qtp809652780-555] DEBUG o.s.c.c.CharSequenceEncoder - [2393cbb4] Writing "824. foo bar"
12:31:21.952 [qtp809652780-555] DEBUG o.s.c.c.CharSequenceEncoder - [2393cbb4] Writing "825. foo bar"
12:31:21.952 [qtp809652780-555] DEBUG o.s.c.c.CharSequenceEncoder - [2393cbb4] Writing "826. foo bar"
12:31:21.953 [qtp809652780-555] DEBUG o.s.c.c.CharSequenceEncoder - [2393cbb4] Writing "827. foo bar"
12:31:21.953 [qtp809652780-555] DEBUG o.s.c.c.CharSequenceEncoder - [2393cbb4] Writing "828. foo bar"
12:31:21.953 [qtp809652780-555] DEBUG o.s.c.c.CharSequenceEncoder - [2393cbb4] Writing "829. foo bar"
12:31:21.953 [qtp809652780-555] DEBUG o.s.c.c.CharSequenceEncoder - [2393cbb4] Writing "830. foo bar"
12:31:21.954 [qtp809652780-555] DEBUG o.s.c.c.CharSequenceEncoder - [2393cbb4] Writing "831. foo bar"
12:31:21.954 [qtp809652780-555] DEBUG o.s.c.c.CharSequenceEncoder - [2393cbb4] Writing "832. foo bar"
12:31:21.954 [qtp809652780-555] DEBUG o.s.c.c.CharSequenceEncoder - [2393cbb4] Writing "833. foo bar"
12:31:21.954 [qtp809652780-555] DEBUG o.s.c.c.CharSequenceEncoder - [2393cbb4] Writing "834. foo bar"
12:31:21.954 [qtp809652780-555] DEBUG o.s.c.c.CharSequenceEncoder - [2393cbb4] Writing "835. foo bar"
12:31:21.955 [qtp809652780-555] DEBUG o.s.c.c.CharSequenceEncoder - [2393cbb4] Writing "836. foo bar"
12:31:21.955 [qtp809652780-555] DEBUG o.s.c.c.CharSequenceEncoder - [2393cbb4] Writing "837. foo bar"
12:31:21.955 [qtp809652780-555] DEBUG o.s.c.c.CharSequenceEncoder - [2393cbb4] Writing "838. foo bar"
12:31:21.955 [qtp809652780-555] DEBUG o.s.c.c.CharSequenceEncoder - [2393cbb4] Writing "839. foo bar"
12:31:21.956 [qtp809652780-555] DEBUG o.s.c.c.CharSequenceEncoder - [2393cbb4] Writing "840. foo bar"
12:31:21.956 [qtp809652780-555] DEBUG o.s.c.c.CharSequenceEncoder - [2393cbb4] Writing "841. foo bar"
12:31:21.956 [qtp809652780-555] DEBUG o.s.c.c.CharSequenceEncoder - [2393cbb4] Writing "842. foo bar"
12:31:21.956 [qtp809652780-555] DEBUG o.s.c.c.CharSequenceEncoder - [2393cbb4] Writing "843. foo bar"
12:31:21.956 [qtp809652780-555] DEBUG o.s.c.c.CharSequenceEncoder - [2393cbb4] Writing "844. foo bar"
12:31:21.956 [qtp809652780-555] DEBUG o.s.c.c.CharSequenceEncoder - [2393cbb4] Writing "845. foo bar"
12:31:21.957 [qtp809652780-555] DEBUG o.s.c.c.CharSequenceEncoder - [2393cbb4] Writing "846. foo bar"
12:31:21.957 [qtp809652780-555] DEBUG o.s.c.c.CharSequenceEncoder - [2393cbb4] Writing "847. foo bar"
12:31:21.957 [qtp809652780-555] DEBUG o.s.c.c.CharSequenceEncoder - [2393cbb4] Writing "848. foo bar"
12:31:21.957 [qtp809652780-555] DEBUG o.s.c.c.CharSequenceEncoder - [2393cbb4] Writing "849. foo bar"
12:31:21.958 [qtp809652780-555] DEBUG o.s.c.c.CharSequenceEncoder - [2393cbb4] Writing "850. foo bar"
12:31:21.958 [qtp809652780-555] DEBUG o.s.c.c.CharSequenceEncoder - [2393cbb4] Writing "851. foo bar"
12:31:21.958 [qtp809652780-555] DEBUG o.s.c.c.CharSequenceEncoder - [2393cbb4] Writing "852. foo bar"
12:31:21.959 [qtp809652780-555] DEBUG o.s.c.c.CharSequenceEncoder - [2393cbb4] Writing "853. foo bar"
12:31:21.959 [qtp809652780-555] DEBUG o.s.c.c.CharSequenceEncoder - [2393cbb4] Writing "854. foo bar"
12:31:21.959 [qtp809652780-555] DEBUG o.s.c.c.CharSequenceEncoder - [2393cbb4] Writing "855. foo bar"
12:31:21.960 [qtp809652780-555] DEBUG o.s.c.c.CharSequenceEncoder - [2393cbb4] Writing "856. foo bar"
12:31:21.960 [qtp809652780-555] DEBUG o.s.c.c.CharSequenceEncoder - [2393cbb4] Writing "857. foo bar"
12:31:21.960 [qtp809652780-555] DEBUG o.s.c.c.CharSequenceEncoder - [2393cbb4] Writing "858. foo bar"
12:31:21.960 [qtp809652780-555] DEBUG o.s.c.c.CharSequenceEncoder - [2393cbb4] Writing "859. foo bar"
12:31:21.960 [qtp809652780-555] DEBUG o.s.c.c.CharSequenceEncoder - [2393cbb4] Writing "860. foo bar"
12:31:21.961 [qtp809652780-555] DEBUG o.s.c.c.CharSequenceEncoder - [2393cbb4] Writing "861. foo bar"
12:31:21.961 [qtp809652780-555] DEBUG o.s.c.c.CharSequenceEncoder - [2393cbb4] Writing "862. foo bar"
12:31:21.961 [qtp809652780-555] DEBUG o.s.c.c.CharSequenceEncoder - [2393cbb4] Writing "863. foo bar"
12:31:21.961 [qtp809652780-555] DEBUG o.s.c.c.CharSequenceEncoder - [2393cbb4] Writing "864. foo bar"
12:31:21.961 [qtp809652780-555] DEBUG o.s.c.c.CharSequenceEncoder - [2393cbb4] Writing "865. foo bar"
12:31:21.962 [qtp809652780-555] DEBUG o.s.c.c.CharSequenceEncoder - [2393cbb4] Writing "866. foo bar"
12:31:21.962 [qtp809652780-555] DEBUG o.s.c.c.CharSequenceEncoder - [2393cbb4] Writing "867. foo bar"
12:31:21.962 [qtp809652780-555] DEBUG o.s.c.c.CharSequenceEncoder - [2393cbb4] Writing "868. foo bar"
12:31:21.962 [qtp809652780-555] DEBUG o.s.c.c.CharSequenceEncoder - [2393cbb4] Writing "869. foo bar"
12:31:21.962 [qtp809652780-555] DEBUG o.s.c.c.CharSequenceEncoder - [2393cbb4] Writing "870. foo bar"
12:31:21.963 [qtp809652780-555] DEBUG o.s.c.c.CharSequenceEncoder - [2393cbb4] Writing "871. foo bar"
12:31:21.963 [qtp809652780-555] DEBUG o.s.c.c.CharSequenceEncoder - [2393cbb4] Writing "872. foo bar"
12:31:21.963 [qtp809652780-555] DEBUG o.s.c.c.CharSequenceEncoder - [2393cbb4] Writing "873. foo bar"
12:31:21.963 [qtp809652780-555] DEBUG o.s.c.c.CharSequenceEncoder - [2393cbb4] Writing "874. foo bar"
12:31:21.963 [qtp809652780-555] DEBUG o.s.c.c.CharSequenceEncoder - [2393cbb4] Writing "875. foo bar"
12:31:21.964 [qtp809652780-555] DEBUG o.s.c.c.CharSequenceEncoder - [2393cbb4] Writing "876. foo bar"
12:31:21.964 [qtp809652780-555] DEBUG o.s.c.c.CharSequenceEncoder - [2393cbb4] Writing "877. foo bar"
12:31:21.964 [qtp809652780-555] DEBUG o.s.c.c.CharSequenceEncoder - [2393cbb4] Writing "878. foo bar"
12:31:21.964 [qtp809652780-555] DEBUG o.s.c.c.CharSequenceEncoder - [2393cbb4] Writing "879. foo bar"
12:31:21.964 [qtp809652780-555] DEBUG o.s.c.c.CharSequenceEncoder - [2393cbb4] Writing "880. foo bar"
12:31:21.965 [qtp809652780-555] DEBUG o.s.c.c.CharSequenceEncoder - [2393cbb4] Writing "881. foo bar"
12:31:21.965 [qtp809652780-555] DEBUG o.s.c.c.CharSequenceEncoder - [2393cbb4] Writing "882. foo bar"
12:31:21.965 [qtp809652780-555] DEBUG o.s.c.c.CharSequenceEncoder - [2393cbb4] Writing "883. foo bar"
12:31:21.965 [qtp809652780-555] DEBUG o.s.c.c.CharSequenceEncoder - [2393cbb4] Writing "884. foo bar"
12:31:21.965 [qtp809652780-555] DEBUG o.s.c.c.CharSequenceEncoder - [2393cbb4] Writing "885. foo bar"
12:31:21.966 [qtp809652780-555] DEBUG o.s.c.c.CharSequenceEncoder - [2393cbb4] Writing "886. foo bar"
12:31:21.966 [qtp809652780-555] DEBUG o.s.c.c.CharSequenceEncoder - [2393cbb4] Writing "887. foo bar"
12:31:21.966 [qtp809652780-555] DEBUG o.s.c.c.CharSequenceEncoder - [2393cbb4] Writing "888. foo bar"
12:31:21.966 [qtp809652780-555] DEBUG o.s.c.c.CharSequenceEncoder - [2393cbb4] Writing "889. foo bar"
12:31:21.966 [qtp809652780-555] DEBUG o.s.c.c.CharSequenceEncoder - [2393cbb4] Writing "890. foo bar"
12:31:21.967 [qtp809652780-555] DEBUG o.s.c.c.CharSequenceEncoder - [2393cbb4] Writing "891. foo bar"
12:31:21.967 [qtp809652780-555] DEBUG o.s.c.c.CharSequenceEncoder - [2393cbb4] Writing "892. foo bar"
12:31:21.967 [qtp809652780-555] DEBUG o.s.c.c.CharSequenceEncoder - [2393cbb4] Writing "893. foo bar"
12:31:21.968 [qtp809652780-555] DEBUG o.s.c.c.CharSequenceEncoder - [2393cbb4] Writing "894. foo bar"
12:31:21.968 [qtp809652780-555] DEBUG o.s.c.c.CharSequenceEncoder - [2393cbb4] Writing "895. foo bar"
12:31:21.968 [qtp809652780-555] DEBUG o.s.c.c.CharSequenceEncoder - [2393cbb4] Writing "896. foo bar"
12:31:21.968 [qtp809652780-555] DEBUG o.s.c.c.CharSequenceEncoder - [2393cbb4] Writing "897. foo bar"
12:31:21.969 [qtp809652780-555] DEBUG o.s.c.c.CharSequenceEncoder - [2393cbb4] Writing "898. foo bar"
12:31:21.969 [qtp809652780-555] DEBUG o.s.c.c.CharSequenceEncoder - [2393cbb4] Writing "899. foo bar"
12:31:21.969 [qtp809652780-555] DEBUG o.s.c.c.CharSequenceEncoder - [2393cbb4] Writing "900. foo bar"
12:31:21.969 [qtp809652780-555] DEBUG o.s.c.c.CharSequenceEncoder - [2393cbb4] Writing "901. foo bar"
12:31:21.970 [qtp809652780-555] DEBUG o.s.c.c.CharSequenceEncoder - [2393cbb4] Writing "902. foo bar"
12:31:21.970 [qtp809652780-555] DEBUG o.s.c.c.CharSequenceEncoder - [2393cbb4] Writing "903. foo bar"
12:31:21.970 [qtp809652780-555] DEBUG o.s.c.c.CharSequenceEncoder - [2393cbb4] Writing "904. foo bar"
12:31:21.970 [qtp809652780-555] DEBUG o.s.c.c.CharSequenceEncoder - [2393cbb4] Writing "905. foo bar"
12:31:21.970 [qtp809652780-555] DEBUG o.s.c.c.CharSequenceEncoder - [2393cbb4] Writing "906. foo bar"
12:31:21.971 [qtp809652780-555] DEBUG o.s.c.c.CharSequenceEncoder - [2393cbb4] Writing "907. foo bar"
12:31:21.971 [qtp809652780-555] DEBUG o.s.c.c.CharSequenceEncoder - [2393cbb4] Writing "908. foo bar"
12:31:21.971 [qtp809652780-555] DEBUG o.s.c.c.CharSequenceEncoder - [2393cbb4] Writing "909. foo bar"
12:31:21.971 [qtp809652780-555] DEBUG o.s.c.c.CharSequenceEncoder - [2393cbb4] Writing "910. foo bar"
12:31:21.971 [qtp809652780-555] DEBUG o.s.c.c.CharSequenceEncoder - [2393cbb4] Writing "911. foo bar"
12:31:21.972 [qtp809652780-555] DEBUG o.s.c.c.CharSequenceEncoder - [2393cbb4] Writing "912. foo bar"
12:31:21.972 [qtp809652780-555] DEBUG o.s.c.c.CharSequenceEncoder - [2393cbb4] Writing "913. foo bar"
12:31:21.972 [qtp809652780-555] DEBUG o.s.c.c.CharSequenceEncoder - [2393cbb4] Writing "914. foo bar"
12:31:21.972 [qtp809652780-555] DEBUG o.s.c.c.CharSequenceEncoder - [2393cbb4] Writing "915. foo bar"
12:31:21.972 [qtp809652780-555] DEBUG o.s.c.c.CharSequenceEncoder - [2393cbb4] Writing "916. foo bar"
12:31:21.973 [qtp809652780-555] DEBUG o.s.c.c.CharSequenceEncoder - [2393cbb4] Writing "917. foo bar"
12:31:21.973 [qtp809652780-555] DEBUG o.s.c.c.CharSequenceEncoder - [2393cbb4] Writing "918. foo bar"
12:31:21.973 [qtp809652780-555] DEBUG o.s.c.c.CharSequenceEncoder - [2393cbb4] Writing "919. foo bar"
12:31:21.973 [qtp809652780-555] DEBUG o.s.c.c.CharSequenceEncoder - [2393cbb4] Writing "920. foo bar"
12:31:21.973 [qtp809652780-555] DEBUG o.s.c.c.CharSequenceEncoder - [2393cbb4] Writing "921. foo bar"
12:31:21.973 [qtp809652780-555] DEBUG o.s.c.c.CharSequenceEncoder - [2393cbb4] Writing "922. foo bar"
12:31:21.973 [qtp809652780-555] DEBUG o.s.c.c.CharSequenceEncoder - [2393cbb4] Writing "923. foo bar"
12:31:21.974 [qtp809652780-555] DEBUG o.s.c.c.CharSequenceEncoder - [2393cbb4] Writing "924. foo bar"
12:31:21.974 [qtp809652780-555] DEBUG o.s.c.c.CharSequenceEncoder - [2393cbb4] Writing "925. foo bar"
12:31:21.974 [qtp809652780-555] DEBUG o.s.c.c.CharSequenceEncoder - [2393cbb4] Writing "926. foo bar"
12:31:21.975 [qtp809652780-555] DEBUG o.s.c.c.CharSequenceEncoder - [2393cbb4] Writing "927. foo bar"
12:31:21.975 [qtp809652780-555] DEBUG o.s.c.c.CharSequenceEncoder - [2393cbb4] Writing "928. foo bar"
12:31:21.975 [qtp809652780-555] DEBUG o.s.c.c.CharSequenceEncoder - [2393cbb4] Writing "929. foo bar"
12:31:21.976 [qtp809652780-555] DEBUG o.s.c.c.CharSequenceEncoder - [2393cbb4] Writing "930. foo bar"
12:31:21.977 [qtp809652780-555] DEBUG o.s.c.c.CharSequenceEncoder - [2393cbb4] Writing "931. foo bar"
12:31:21.977 [qtp809652780-555] DEBUG o.s.c.c.CharSequenceEncoder - [2393cbb4] Writing "932. foo bar"
12:31:21.977 [qtp809652780-555] DEBUG o.s.c.c.CharSequenceEncoder - [2393cbb4] Writing "933. foo bar"
12:31:21.977 [qtp809652780-555] DEBUG o.s.c.c.CharSequenceEncoder - [2393cbb4] Writing "934. foo bar"
12:31:21.978 [qtp809652780-555] DEBUG o.s.c.c.CharSequenceEncoder - [2393cbb4] Writing "935. foo bar"
12:31:21.978 [qtp809652780-555] DEBUG o.s.c.c.CharSequenceEncoder - [2393cbb4] Writing "936. foo bar"
12:31:21.978 [qtp809652780-555] DEBUG o.s.c.c.CharSequenceEncoder - [2393cbb4] Writing "937. foo bar"
12:31:21.979 [qtp809652780-555] DEBUG o.s.c.c.CharSequenceEncoder - [2393cbb4] Writing "938. foo bar"
12:31:21.980 [qtp809652780-555] DEBUG o.s.c.c.CharSequenceEncoder - [2393cbb4] Writing "939. foo bar"
12:31:21.980 [qtp809652780-555] DEBUG o.s.c.c.CharSequenceEncoder - [2393cbb4] Writing "940. foo bar"
12:31:21.980 [qtp809652780-555] DEBUG o.s.c.c.CharSequenceEncoder - [2393cbb4] Writing "941. foo bar"
12:31:21.981 [qtp809652780-555] DEBUG o.s.c.c.CharSequenceEncoder - [2393cbb4] Writing "942. foo bar"
12:31:21.982 [qtp809652780-555] DEBUG o.s.c.c.CharSequenceEncoder - [2393cbb4] Writing "943. foo bar"
12:31:21.982 [qtp809652780-555] DEBUG o.s.c.c.CharSequenceEncoder - [2393cbb4] Writing "944. foo bar"
12:31:21.983 [qtp809652780-555] DEBUG o.s.c.c.CharSequenceEncoder - [2393cbb4] Writing "945. foo bar"
12:31:21.983 [qtp809652780-555] DEBUG o.s.c.c.CharSequenceEncoder - [2393cbb4] Writing "946. foo bar"
12:31:21.984 [qtp809652780-555] DEBUG o.s.c.c.CharSequenceEncoder - [2393cbb4] Writing "947. foo bar"
12:31:21.985 [qtp809652780-555] DEBUG o.s.c.c.CharSequenceEncoder - [2393cbb4] Writing "948. foo bar"
12:31:21.986 [qtp809652780-555] DEBUG o.s.c.c.CharSequenceEncoder - [2393cbb4] Writing "949. foo bar"
12:31:21.986 [qtp809652780-555] DEBUG o.s.c.c.CharSequenceEncoder - [2393cbb4] Writing "950. foo bar"
12:31:21.986 [qtp809652780-555] DEBUG o.s.c.c.CharSequenceEncoder - [2393cbb4] Writing "951. foo bar"
12:31:21.987 [qtp809652780-555] DEBUG o.s.c.c.CharSequenceEncoder - [2393cbb4] Writing "952. foo bar"
12:31:21.987 [qtp809652780-555] DEBUG o.s.c.c.CharSequenceEncoder - [2393cbb4] Writing "953. foo bar"
12:31:21.987 [qtp809652780-555] DEBUG o.s.c.c.CharSequenceEncoder - [2393cbb4] Writing "954. foo bar"
12:31:21.988 [qtp809652780-555] DEBUG o.s.c.c.CharSequenceEncoder - [2393cbb4] Writing "955. foo bar"
12:31:21.988 [qtp809652780-555] DEBUG o.s.c.c.CharSequenceEncoder - [2393cbb4] Writing "956. foo bar"
12:31:21.989 [qtp809652780-555] DEBUG o.s.c.c.CharSequenceEncoder - [2393cbb4] Writing "957. foo bar"
12:31:21.989 [qtp809652780-555] DEBUG o.s.c.c.CharSequenceEncoder - [2393cbb4] Writing "958. foo bar"
12:31:21.989 [qtp809652780-555] DEBUG o.s.c.c.CharSequenceEncoder - [2393cbb4] Writing "959. foo bar"
12:31:21.990 [qtp809652780-555] DEBUG o.s.c.c.CharSequenceEncoder - [2393cbb4] Writing "960. foo bar"
12:31:21.990 [qtp809652780-555] DEBUG o.s.c.c.CharSequenceEncoder - [2393cbb4] Writing "961. foo bar"
12:31:21.990 [qtp809652780-555] DEBUG o.s.c.c.CharSequenceEncoder - [2393cbb4] Writing "962. foo bar"
12:31:21.990 [qtp809652780-555] DEBUG o.s.c.c.CharSequenceEncoder - [2393cbb4] Writing "963. foo bar"
12:31:21.991 [qtp809652780-555] DEBUG o.s.c.c.CharSequenceEncoder - [2393cbb4] Writing "964. foo bar"
12:31:21.991 [qtp809652780-555] DEBUG o.s.c.c.CharSequenceEncoder - [2393cbb4] Writing "965. foo bar"
12:31:21.991 [qtp809652780-555] DEBUG o.s.c.c.CharSequenceEncoder - [2393cbb4] Writing "966. foo bar"
12:31:21.992 [qtp809652780-555] DEBUG o.s.c.c.CharSequenceEncoder - [2393cbb4] Writing "967. foo bar"
12:31:21.992 [qtp809652780-555] DEBUG o.s.c.c.CharSequenceEncoder - [2393cbb4] Writing "968. foo bar"
12:31:21.992 [qtp809652780-555] DEBUG o.s.c.c.CharSequenceEncoder - [2393cbb4] Writing "969. foo bar"
12:31:21.993 [qtp809652780-555] DEBUG o.s.c.c.CharSequenceEncoder - [2393cbb4] Writing "970. foo bar"
12:31:21.993 [qtp809652780-555] DEBUG o.s.c.c.CharSequenceEncoder - [2393cbb4] Writing "971. foo bar"
12:31:21.994 [qtp809652780-555] DEBUG o.s.c.c.CharSequenceEncoder - [2393cbb4] Writing "972. foo bar"
12:31:21.994 [qtp809652780-555] DEBUG o.s.c.c.CharSequenceEncoder - [2393cbb4] Writing "973. foo bar"
12:31:21.994 [qtp809652780-555] DEBUG o.s.c.c.CharSequenceEncoder - [2393cbb4] Writing "974. foo bar"
12:31:21.995 [qtp809652780-555] DEBUG o.s.c.c.CharSequenceEncoder - [2393cbb4] Writing "975. foo bar"
12:31:21.995 [qtp809652780-555] DEBUG o.s.c.c.CharSequenceEncoder - [2393cbb4] Writing "976. foo bar"
12:31:21.995 [qtp809652780-555] DEBUG o.s.c.c.CharSequenceEncoder - [2393cbb4] Writing "977. foo bar"
12:31:21.996 [qtp809652780-555] DEBUG o.s.c.c.CharSequenceEncoder - [2393cbb4] Writing "978. foo bar"
12:31:21.996 [qtp809652780-555] DEBUG o.s.c.c.CharSequenceEncoder - [2393cbb4] Writing "979. foo bar"
12:31:21.996 [qtp809652780-555] DEBUG o.s.c.c.CharSequenceEncoder - [2393cbb4] Writing "980. foo bar"
12:31:21.996 [qtp809652780-555] DEBUG o.s.c.c.CharSequenceEncoder - [2393cbb4] Writing "981. foo bar"
12:31:21.997 [qtp809652780-555] DEBUG o.s.c.c.CharSequenceEncoder - [2393cbb4] Writing "982. foo bar"
12:31:21.997 [qtp809652780-555] DEBUG o.s.c.c.CharSequenceEncoder - [2393cbb4] Writing "983. foo bar"
12:31:21.998 [qtp809652780-555] DEBUG o.s.c.c.CharSequenceEncoder - [2393cbb4] Writing "984. foo bar"
12:31:21.998 [qtp809652780-555] DEBUG o.s.c.c.CharSequenceEncoder - [2393cbb4] Writing "985. foo bar"
12:31:21.998 [qtp809652780-555] DEBUG o.s.c.c.CharSequenceEncoder - [2393cbb4] Writing "986. foo bar"
12:31:21.999 [qtp809652780-555] DEBUG o.s.c.c.CharSequenceEncoder - [2393cbb4] Writing "987. foo bar"
12:31:21.999 [qtp809652780-555] DEBUG o.s.c.c.CharSequenceEncoder - [2393cbb4] Writing "988. foo bar"
12:31:21.999 [qtp809652780-555] DEBUG o.s.c.c.CharSequenceEncoder - [2393cbb4] Writing "989. foo bar"
12:31:21.999 [qtp809652780-555] DEBUG o.s.c.c.CharSequenceEncoder - [2393cbb4] Writing "990. foo bar"
12:31:21.999 [qtp809652780-555] DEBUG o.s.c.c.CharSequenceEncoder - [2393cbb4] Writing "991. foo bar"
12:31:22.000 [qtp809652780-555] DEBUG o.s.c.c.CharSequenceEncoder - [2393cbb4] Writing "992. foo bar"
12:31:22.000 [qtp809652780-555] DEBUG o.s.c.c.CharSequenceEncoder - [2393cbb4] Writing "993. foo bar"
12:31:22.000 [qtp809652780-555] DEBUG o.s.c.c.CharSequenceEncoder - [2393cbb4] Writing "994. foo bar"
12:31:22.000 [qtp809652780-555] DEBUG o.s.c.c.CharSequenceEncoder - [2393cbb4] Writing "995. foo bar"
12:31:22.000 [qtp809652780-555] DEBUG o.s.c.c.CharSequenceEncoder - [2393cbb4] Writing "996. foo bar"
12:31:22.001 [qtp809652780-555] DEBUG o.s.c.c.CharSequenceEncoder - [2393cbb4] Writing "997. foo bar"
12:31:22.001 [qtp809652780-555] DEBUG o.s.c.c.CharSequenceEncoder - [2393cbb4] Writing "998. foo bar"
12:31:22.001 [qtp809652780-555] DEBUG o.s.c.c.CharSequenceEncoder - [2393cbb4] Writing "999. foo bar"
12:31:22.003 [qtp809652780-555] ERROR o.s.w.s.a.HttpWebHandlerAdapter - [2393cbb4] Error [java.lang.RuntimeException: Random error] for HTTP GET "/SPR-16051", but ServerHttpResponse already committed (200 OK)
12:31:22.008 [qtp809652780-555] WARN  o.e.j.s.HttpChannel - /SPR-16051
javax.servlet.ServletException: Failed to create response content
	at org.springframework.http.server.reactive.ServletHttpHandlerAdapter.service(ServletHttpHandlerAdapter.java:162) ~[spring-web-5.2.11.RELEASE.jar:5.2.11.RELEASE]
	at org.eclipse.jetty.servlet.ServletHolder.handle(ServletHolder.java:763) ~[jetty-servlet-9.4.31.v20200723.jar:9.4.31.v20200723]
	at org.eclipse.jetty.servlet.ServletHandler.doHandle(ServletHandler.java:569) ~[jetty-servlet-9.4.31.v20200723.jar:9.4.31.v20200723]
	at org.eclipse.jetty.server.handler.ScopedHandler.nextHandle(ScopedHandler.java:233) ~[jetty-server-9.4.31.v20200723.jar:9.4.31.v20200723]
	at org.eclipse.jetty.server.handler.ContextHandler.doHandle(ContextHandler.java:1377) ~[jetty-server-9.4.31.v20200723.jar:9.4.31.v20200723]
	at org.eclipse.jetty.server.handler.ScopedHandler.nextScope(ScopedHandler.java:188) ~[jetty-server-9.4.31.v20200723.jar:9.4.31.v20200723]
	at org.eclipse.jetty.servlet.ServletHandler.doScope(ServletHandler.java:507) ~[jetty-servlet-9.4.31.v20200723.jar:9.4.31.v20200723]
	at org.eclipse.jetty.server.handler.ScopedHandler.nextScope(ScopedHandler.java:186) ~[jetty-server-9.4.31.v20200723.jar:9.4.31.v20200723]
	at org.eclipse.jetty.server.handler.ContextHandler.doScope(ContextHandler.java:1292) ~[jetty-server-9.4.31.v20200723.jar:9.4.31.v20200723]
	at org.eclipse.jetty.server.handler.ScopedHandler.handle(ScopedHandler.java:141) ~[jetty-server-9.4.31.v20200723.jar:9.4.31.v20200723]
	at org.eclipse.jetty.server.handler.HandlerWrapper.handle(HandlerWrapper.java:127) ~[jetty-server-9.4.31.v20200723.jar:9.4.31.v20200723]
	at org.eclipse.jetty.server.Server.handleAsync(Server.java:544) ~[jetty-server-9.4.31.v20200723.jar:9.4.31.v20200723]
	at org.eclipse.jetty.server.HttpChannel.lambda$handle$2(HttpChannel.java:391) ~[jetty-server-9.4.31.v20200723.jar:9.4.31.v20200723]
	at org.eclipse.jetty.server.HttpChannel.dispatch(HttpChannel.java:556) ~[jetty-server-9.4.31.v20200723.jar:9.4.31.v20200723]
	at org.eclipse.jetty.server.HttpChannel.handle(HttpChannel.java:391) [jetty-server-9.4.31.v20200723.jar:9.4.31.v20200723]
	at org.eclipse.jetty.server.HttpConnection.onFillable(HttpConnection.java:273) [jetty-server-9.4.31.v20200723.jar:9.4.31.v20200723]
	at org.eclipse.jetty.io.AbstractConnection$ReadCallback.succeeded(AbstractConnection.java:311) [jetty-io-9.4.31.v20200723.jar:9.4.31.v20200723]
	at org.eclipse.jetty.io.FillInterest.fillable(FillInterest.java:105) [jetty-io-9.4.31.v20200723.jar:9.4.31.v20200723]
	at org.eclipse.jetty.io.ChannelEndPoint$1.run(ChannelEndPoint.java:104) [jetty-io-9.4.31.v20200723.jar:9.4.31.v20200723]
	at org.eclipse.jetty.util.thread.QueuedThreadPool.runJob(QueuedThreadPool.java:806) [jetty-util-9.4.31.v20200723.jar:9.4.31.v20200723]
	at org.eclipse.jetty.util.thread.QueuedThreadPool$Runner.run(QueuedThreadPool.java:938) [jetty-util-9.4.31.v20200723.jar:9.4.31.v20200723]
	at java.lang.Thread.run(Thread.java:748) [?:1.8.0_191]
Caused by: java.lang.RuntimeException: Random error
	at org.springframework.web.reactive.result.method.annotation.RequestMappingExceptionHandlingIntegrationTests$TestController.lambda$errors$0(RequestMappingExceptionHandlingIntegrationTests.java:154) ~[test/:?]
	Suppressed: reactor.core.publisher.FluxOnAssembly$OnAssemblyException: 
Error has been observed at the following site(s):
	|_ checkpoint ⇢ Handler org.springframework.web.reactive.result.method.annotation.RequestMappingExceptionHandlingIntegrationTests$TestController#errors() [DispatcherHandler]
	|_ checkpoint ⇢ HTTP GET "/SPR-16051" [ExceptionHandlingWebHandler]
Stack trace:
		at org.springframework.web.reactive.result.method.annotation.RequestMappingExceptionHandlingIntegrationTests$TestController.lambda$errors$0(RequestMappingExceptionHandlingIntegrationTests.java:154) ~[test/:?]
		at reactor.core.publisher.FluxMapFuseable$MapFuseableSubscriber.onNext(FluxMapFuseable.java:107) ~[reactor-core-3.3.11.RELEASE.jar:3.3.11.RELEASE]
		at reactor.core.publisher.FluxRange$RangeSubscription.slowPath(FluxRange.java:154) ~[reactor-core-3.3.11.RELEASE.jar:3.3.11.RELEASE]
		at reactor.core.publisher.FluxRange$RangeSubscription.request(FluxRange.java:109) ~[reactor-core-3.3.11.RELEASE.jar:3.3.11.RELEASE]
		at reactor.core.publisher.FluxMapFuseable$MapFuseableSubscriber.request(FluxMapFuseable.java:162) ~[reactor-core-3.3.11.RELEASE.jar:3.3.11.RELEASE]
		at reactor.core.publisher.FluxMapFuseable$MapFuseableSubscriber.request(FluxMapFuseable.java:162) ~[reactor-core-3.3.11.RELEASE.jar:3.3.11.RELEASE]
		at org.springframework.http.server.reactive.ChannelSendOperator$WriteBarrier.onSubscribe(ChannelSendOperator.java:166) ~[spring-web-5.2.11.RELEASE.jar:5.2.11.RELEASE]
		at reactor.core.publisher.FluxMapFuseable$MapFuseableSubscriber.onSubscribe(FluxMapFuseable.java:90) ~[reactor-core-3.3.11.RELEASE.jar:3.3.11.RELEASE]
		at reactor.core.publisher.FluxMapFuseable$MapFuseableSubscriber.onSubscribe(FluxMapFuseable.java:90) ~[reactor-core-3.3.11.RELEASE.jar:3.3.11.RELEASE]
		at reactor.core.publisher.FluxRange.subscribe(FluxRange.java:68) ~[reactor-core-3.3.11.RELEASE.jar:3.3.11.RELEASE]
		at reactor.core.publisher.InternalFluxOperator.subscribe(InternalFluxOperator.java:62) ~[reactor-core-3.3.11.RELEASE.jar:3.3.11.RELEASE]
		at org.springframework.http.server.reactive.ChannelSendOperator.subscribe(ChannelSendOperator.java:77) ~[spring-web-5.2.11.RELEASE.jar:5.2.11.RELEASE]
		at reactor.core.publisher.InternalMonoOperator.subscribe(InternalMonoOperator.java:64) ~[reactor-core-3.3.11.RELEASE.jar:3.3.11.RELEASE]
		at reactor.core.publisher.MonoFlatMap$FlatMapMain.onNext(MonoFlatMap.java:150) ~[reactor-core-3.3.11.RELEASE.jar:3.3.11.RELEASE]
		at reactor.core.publisher.Operators$MonoSubscriber.complete(Operators.java:1782) ~[reactor-core-3.3.11.RELEASE.jar:3.3.11.RELEASE]
		at reactor.core.publisher.MonoFlatMap$FlatMapInner.onNext(MonoFlatMap.java:241) ~[reactor-core-3.3.11.RELEASE.jar:3.3.11.RELEASE]
		at reactor.core.publisher.FluxOnErrorResume$ResumeSubscriber.onNext(FluxOnErrorResume.java:73) ~[reactor-core-3.3.11.RELEASE.jar:3.3.11.RELEASE]
		at reactor.core.publisher.FluxPeekFuseable$PeekFuseableSubscriber.onNext(FluxPeekFuseable.java:203) ~[reactor-core-3.3.11.RELEASE.jar:3.3.11.RELEASE]
		at reactor.core.publisher.FluxPeekFuseable$PeekFuseableSubscriber.onNext(FluxPeekFuseable.java:203) ~[reactor-core-3.3.11.RELEASE.jar:3.3.11.RELEASE]
		at reactor.core.publisher.Operators$MonoSubscriber.complete(Operators.java:1782) ~[reactor-core-3.3.11.RELEASE.jar:3.3.11.RELEASE]
		at reactor.core.publisher.MonoIgnoreThen$ThenAcceptInner.onNext(MonoIgnoreThen.java:296) ~[reactor-core-3.3.11.RELEASE.jar:3.3.11.RELEASE]
		at reactor.core.publisher.Operators$ScalarSubscription.request(Operators.java:2344) ~[reactor-core-3.3.11.RELEASE.jar:3.3.11.RELEASE]
		at reactor.core.publisher.MonoIgnoreThen$ThenAcceptInner.onSubscribe(MonoIgnoreThen.java:285) ~[reactor-core-3.3.11.RELEASE.jar:3.3.11.RELEASE]
		at reactor.core.publisher.FluxFlatMap.trySubscribeScalarMap(FluxFlatMap.java:191) ~[reactor-core-3.3.11.RELEASE.jar:3.3.11.RELEASE]
		at reactor.core.publisher.MonoFlatMap.subscribeOrReturn(MonoFlatMap.java:53) ~[reactor-core-3.3.11.RELEASE.jar:3.3.11.RELEASE]
		at reactor.core.publisher.InternalMonoOperator.subscribe(InternalMonoOperator.java:57) ~[reactor-core-3.3.11.RELEASE.jar:3.3.11.RELEASE]
		at reactor.core.publisher.MonoDefer.subscribe(MonoDefer.java:52) ~[reactor-core-3.3.11.RELEASE.jar:3.3.11.RELEASE]
		at reactor.core.publisher.MonoIgnoreThen$ThenIgnoreMain.drain(MonoIgnoreThen.java:153) ~[reactor-core-3.3.11.RELEASE.jar:3.3.11.RELEASE]
		at reactor.core.publisher.MonoIgnoreThen.subscribe(MonoIgnoreThen.java:56) ~[reactor-core-3.3.11.RELEASE.jar:3.3.11.RELEASE]
		at reactor.core.publisher.InternalMonoOperator.subscribe(InternalMonoOperator.java:64) ~[reactor-core-3.3.11.RELEASE.jar:3.3.11.RELEASE]
		at reactor.core.publisher.MonoFlatMap$FlatMapMain.onNext(MonoFlatMap.java:150) ~[reactor-core-3.3.11.RELEASE.jar:3.3.11.RELEASE]
		at reactor.core.publisher.FluxSwitchIfEmpty$SwitchIfEmptySubscriber.onNext(FluxSwitchIfEmpty.java:67) ~[reactor-core-3.3.11.RELEASE.jar:3.3.11.RELEASE]
		at reactor.core.publisher.MonoNext$NextSubscriber.onNext(MonoNext.java:76) ~[reactor-core-3.3.11.RELEASE.jar:3.3.11.RELEASE]
		at reactor.core.publisher.FluxConcatMap$ConcatMapImmediate.innerNext(FluxConcatMap.java:274) ~[reactor-core-3.3.11.RELEASE.jar:3.3.11.RELEASE]
		at reactor.core.publisher.FluxConcatMap$ConcatMapInner.onNext(FluxConcatMap.java:851) ~[reactor-core-3.3.11.RELEASE.jar:3.3.11.RELEASE]
		at reactor.core.publisher.FluxMapFuseable$MapFuseableSubscriber.onNext(FluxMapFuseable.java:121) ~[reactor-core-3.3.11.RELEASE.jar:3.3.11.RELEASE]
		at reactor.core.publisher.MonoPeekTerminal$MonoTerminalPeekSubscriber.onNext(MonoPeekTerminal.java:173) ~[reactor-core-3.3.11.RELEASE.jar:3.3.11.RELEASE]
		at reactor.core.publisher.Operators$ScalarSubscription.request(Operators.java:2344) ~[reactor-core-3.3.11.RELEASE.jar:3.3.11.RELEASE]
		at reactor.core.publisher.MonoPeekTerminal$MonoTerminalPeekSubscriber.request(MonoPeekTerminal.java:132) ~[reactor-core-3.3.11.RELEASE.jar:3.3.11.RELEASE]
		at reactor.core.publisher.FluxMapFuseable$MapFuseableSubscriber.request(FluxMapFuseable.java:162) ~[reactor-core-3.3.11.RELEASE.jar:3.3.11.RELEASE]
		at reactor.core.publisher.Operators$MultiSubscriptionSubscriber.set(Operators.java:2152) ~[reactor-core-3.3.11.RELEASE.jar:3.3.11.RELEASE]
		at reactor.core.publisher.Operators$MultiSubscriptionSubscriber.onSubscribe(Operators.java:2026) ~[reactor-core-3.3.11.RELEASE.jar:3.3.11.RELEASE]
		at reactor.core.publisher.FluxMapFuseable$MapFuseableSubscriber.onSubscribe(FluxMapFuseable.java:90) ~[reactor-core-3.3.11.RELEASE.jar:3.3.11.RELEASE]
		at reactor.core.publisher.MonoPeekTerminal$MonoTerminalPeekSubscriber.onSubscribe(MonoPeekTerminal.java:145) ~[reactor-core-3.3.11.RELEASE.jar:3.3.11.RELEASE]
		at reactor.core.publisher.MonoJust.subscribe(MonoJust.java:54) ~[reactor-core-3.3.11.RELEASE.jar:3.3.11.RELEASE]
		at reactor.core.publisher.Mono.subscribe(Mono.java:4213) ~[reactor-core-3.3.11.RELEASE.jar:3.3.11.RELEASE]
		at reactor.core.publisher.FluxConcatMap$ConcatMapImmediate.drain(FluxConcatMap.java:441) ~[reactor-core-3.3.11.RELEASE.jar:3.3.11.RELEASE]
		at reactor.core.publisher.FluxConcatMap$ConcatMapImmediate.onSubscribe(FluxConcatMap.java:211) ~[reactor-core-3.3.11.RELEASE.jar:3.3.11.RELEASE]
		at reactor.core.publisher.FluxIterable.subscribe(FluxIterable.java:161) ~[reactor-core-3.3.11.RELEASE.jar:3.3.11.RELEASE]
		at reactor.core.publisher.FluxIterable.subscribe(FluxIterable.java:86) ~[reactor-core-3.3.11.RELEASE.jar:3.3.11.RELEASE]
		at reactor.core.publisher.InternalMonoOperator.subscribe(InternalMonoOperator.java:64) ~[reactor-core-3.3.11.RELEASE.jar:3.3.11.RELEASE]
		at reactor.core.publisher.MonoDefer.subscribe(MonoDefer.java:52) ~[reactor-core-3.3.11.RELEASE.jar:3.3.11.RELEASE]
		at reactor.core.publisher.Mono.subscribe(Mono.java:4213) ~[reactor-core-3.3.11.RELEASE.jar:3.3.11.RELEASE]
		at reactor.core.publisher.MonoIgnoreThen$ThenIgnoreMain.drain(MonoIgnoreThen.java:172) ~[reactor-core-3.3.11.RELEASE.jar:3.3.11.RELEASE]
		at reactor.core.publisher.MonoIgnoreThen.subscribe(MonoIgnoreThen.java:56) ~[reactor-core-3.3.11.RELEASE.jar:3.3.11.RELEASE]
		at reactor.core.publisher.Mono.subscribe(Mono.java:4213) ~[reactor-core-3.3.11.RELEASE.jar:3.3.11.RELEASE]
		at org.springframework.http.server.reactive.ServletHttpHandlerAdapter.service(ServletHttpHandlerAdapter.java:192) ~[spring-web-5.2.11.RELEASE.jar:5.2.11.RELEASE]
		at org.eclipse.jetty.servlet.ServletHolder.handle(ServletHolder.java:763) ~[jetty-servlet-9.4.31.v20200723.jar:9.4.31.v20200723]
		at org.eclipse.jetty.servlet.ServletHandler.doHandle(ServletHandler.java:569) ~[jetty-servlet-9.4.31.v20200723.jar:9.4.31.v20200723]
		at org.eclipse.jetty.server.handler.ScopedHandler.nextHandle(ScopedHandler.java:233) ~[jetty-server-9.4.31.v20200723.jar:9.4.31.v20200723]
		at org.eclipse.jetty.server.handler.ContextHandler.doHandle(ContextHandler.java:1377) ~[jetty-server-9.4.31.v20200723.jar:9.4.31.v20200723]
		at org.eclipse.jetty.server.handler.ScopedHandler.nextScope(ScopedHandler.java:188) ~[jetty-server-9.4.31.v20200723.jar:9.4.31.v20200723]
		at org.eclipse.jetty.servlet.ServletHandler.doScope(ServletHandler.java:507) ~[jetty-servlet-9.4.31.v20200723.jar:9.4.31.v20200723]
		at org.eclipse.jetty.server.handler.ScopedHandler.nextScope(ScopedHandler.java:186) ~[jetty-server-9.4.31.v20200723.jar:9.4.31.v20200723]
		at org.eclipse.jetty.server.handler.ContextHandler.doScope(ContextHandler.java:1292) ~[jetty-server-9.4.31.v20200723.jar:9.4.31.v20200723]
		at org.eclipse.jetty.server.handler.ScopedHandler.handle(ScopedHandler.java:141) ~[jetty-server-9.4.31.v20200723.jar:9.4.31.v20200723]
		at org.eclipse.jetty.server.handler.HandlerWrapper.handle(HandlerWrapper.java:127) ~[jetty-server-9.4.31.v20200723.jar:9.4.31.v20200723]
		at org.eclipse.jetty.server.Server.handle(Server.java:501) ~[jetty-server-9.4.31.v20200723.jar:9.4.31.v20200723]
		at org.eclipse.jetty.server.HttpChannel.lambda$handle$1(HttpChannel.java:383) ~[jetty-server-9.4.31.v20200723.jar:9.4.31.v20200723]
		at org.eclipse.jetty.server.HttpChannel.dispatch(HttpChannel.java:556) ~[jetty-server-9.4.31.v20200723.jar:9.4.31.v20200723]
		at org.eclipse.jetty.server.HttpChannel.handle(HttpChannel.java:375) [jetty-server-9.4.31.v20200723.jar:9.4.31.v20200723]
		at org.eclipse.jetty.server.HttpConnection.onFillable(HttpConnection.java:273) [jetty-server-9.4.31.v20200723.jar:9.4.31.v20200723]
		at org.eclipse.jetty.io.AbstractConnection$ReadCallback.succeeded(AbstractConnection.java:311) [jetty-io-9.4.31.v20200723.jar:9.4.31.v20200723]
		at org.eclipse.jetty.io.FillInterest.fillable(FillInterest.java:105) [jetty-io-9.4.31.v20200723.jar:9.4.31.v20200723]
		at org.eclipse.jetty.io.ChannelEndPoint$1.run(ChannelEndPoint.java:104) [jetty-io-9.4.31.v20200723.jar:9.4.31.v20200723]
		at org.eclipse.jetty.util.thread.QueuedThreadPool.runJob(QueuedThreadPool.java:806) [jetty-util-9.4.31.v20200723.jar:9.4.31.v20200723]
		at org.eclipse.jetty.util.thread.QueuedThreadPool$Runner.run(QueuedThreadPool.java:938) [jetty-util-9.4.31.v20200723.jar:9.4.31.v20200723]
		at java.lang.Thread.run(Thread.java:748) [?:1.8.0_191]
12:31:22.029 [Test worker] DEBUG o.s.w.t.h.s.r.b.JettyHttpServer - Stopping JettyHttpServer...
12:31:22.030 [Test worker] INFO  o.e.j.s.h.ContextHandler - Stopped o.e.j.s.ServletContextHandler@142dee2c{/,null,UNAVAILABLE}
12:31:22.033 [Test worker] INFO  o.e.j.s.AbstractConnector - Stopped ServerConnector@5c11094d{HTTP/1.1, (http/1.1)}{0.0.0.0:0}
12:31:22.034 [qtp809652780-557] WARN  o.e.j.i.AbstractConnection - 
java.util.concurrent.RejectedExecutionException: HttpChannelOverHttp@687c7cac{s=HttpChannelState@a2392de{s=WOKEN rs=COMPLETED os=ABORTED is=READY awp=true se=false i=false al=3},r=1,c=true/false,a=WOKEN,uri=//localhost:49576/SPR-16051,age=326}
	at org.eclipse.jetty.util.thread.QueuedThreadPool.execute(QueuedThreadPool.java:516) ~[jetty-util-9.4.31.v20200723.jar:9.4.31.v20200723]
	at org.eclipse.jetty.server.HttpChannel.execute(HttpChannel.java:928) ~[jetty-server-9.4.31.v20200723.jar:9.4.31.v20200723]
	at org.eclipse.jetty.server.HttpOutput.onWriteComplete(HttpOutput.java:345) ~[jetty-server-9.4.31.v20200723.jar:9.4.31.v20200723]
	at org.eclipse.jetty.server.HttpOutput.access$200(HttpOutput.java:61) ~[jetty-server-9.4.31.v20200723.jar:9.4.31.v20200723]
	at org.eclipse.jetty.server.HttpOutput$WriteCompleteCB.failed(HttpOutput.java:1894) ~[jetty-server-9.4.31.v20200723.jar:9.4.31.v20200723]
	at org.eclipse.jetty.util.Callback$Nested.failed(Callback.java:279) ~[jetty-util-9.4.31.v20200723.jar:9.4.31.v20200723]
	at org.eclipse.jetty.server.HttpChannel$SendCallback.failed(HttpChannel.java:1239) ~[jetty-server-9.4.31.v20200723.jar:9.4.31.v20200723]
	at org.eclipse.jetty.io.AbstractConnection.lambda$failedCallback$0(AbstractConnection.java:92) ~[jetty-io-9.4.31.v20200723.jar:9.4.31.v20200723]
	at org.eclipse.jetty.util.thread.QueuedThreadPool.runJob(QueuedThreadPool.java:806) [jetty-util-9.4.31.v20200723.jar:9.4.31.v20200723]
	at org.eclipse.jetty.util.thread.QueuedThreadPool$Runner.run(QueuedThreadPool.java:938) [jetty-util-9.4.31.v20200723.jar:9.4.31.v20200723]
	at java.lang.Thread.run(Thread.java:748) [?:1.8.0_191]
12:31:22.035 [Test worker] DEBUG o.s.w.t.h.s.r.b.JettyHttpServer - Server stopped (0 millis).
12:31:22.137 [Test worker] DEBUG o.s.w.r.r.m.a.RequestMappingHandlerMapping - 6 mappings in 'requestMappingHandlerMapping'
12:31:22.178 [Test worker] DEBUG o.s.w.r.r.m.a.ControllerMethodResolver - ControllerAdvice beans: none
12:31:22.228 [Test worker] DEBUG o.s.w.s.a.HttpWebHandlerAdapter - enableLoggingRequestDetails='false': form data and headers will be masked to prevent unsafe logging of potentially sensitive data
12:31:22.228 [Test worker] DEBUG o.s.w.t.h.s.r.b.ReactorHttpServer - Starting ReactorHttpServer...
12:31:22.232 [Test worker] DEBUG o.s.w.t.h.s.r.b.ReactorHttpServer - Server started on port 49583(0 millis).
12:31:22.232 [Test worker] DEBUG o.s.w.c.RestTemplate - HTTP GET http://localhost:49583/SPR-16051
12:31:22.233 [Test worker] DEBUG o.s.w.c.RestTemplate - Accept=[text/plain, application/json, application/x-jackson-smile, application/*+json, */*]
12:31:22.236 [reactor-http-nio-2] DEBUG o.s.w.s.a.HttpWebHandlerAdapter - [6cb04275-15] HTTP GET "/SPR-16051"
12:31:22.237 [reactor-http-nio-2] DEBUG o.s.w.r.r.m.a.RequestMappingHandlerMapping - [6cb04275-15] Mapped to org.springframework.web.reactive.result.method.annotation.RequestMappingExceptionHandlingIntegrationTests$TestController#errors()
12:31:22.238 [reactor-http-nio-2] DEBUG o.s.w.r.r.m.a.ResponseBodyResultHandler - Using 'text/plain;charset=UTF-8' given [text/plain, application/json, application/x-jackson-smile, application/*+json, */*] and supported [text/plain;charset=UTF-8, text/event-stream, text/plain;charset=UTF-8, */*]
12:31:22.238 [reactor-http-nio-2] DEBUG o.s.w.r.r.m.a.ResponseBodyResultHandler - [6cb04275-15] 0..N [java.lang.String]
12:31:22.238 [reactor-http-nio-2] DEBUG o.s.c.c.CharSequenceEncoder - [6cb04275-15] Writing "1. foo bar"
12:31:22.240 [Test worker] DEBUG o.s.w.c.RestTemplate - Response 200 OK
12:31:22.241 [reactor-http-nio-2] DEBUG o.s.c.c.CharSequenceEncoder - [6cb04275-15] Writing "2. foo bar"
12:31:22.241 [reactor-http-nio-2] DEBUG o.s.c.c.CharSequenceEncoder - [6cb04275-15] Writing "3. foo bar"
12:31:22.241 [reactor-http-nio-2] DEBUG o.s.c.c.CharSequenceEncoder - [6cb04275-15] Writing "4. foo bar"
12:31:22.242 [reactor-http-nio-2] DEBUG o.s.c.c.CharSequenceEncoder - [6cb04275-15] Writing "5. foo bar"
12:31:22.242 [reactor-http-nio-2] DEBUG o.s.c.c.CharSequenceEncoder - [6cb04275-15] Writing "6. foo bar"
12:31:22.243 [reactor-http-nio-2] DEBUG o.s.c.c.CharSequenceEncoder - [6cb04275-15] Writing "7. foo bar"
12:31:22.243 [reactor-http-nio-2] DEBUG o.s.c.c.CharSequenceEncoder - [6cb04275-15] Writing "8. foo bar"
12:31:22.244 [reactor-http-nio-2] DEBUG o.s.c.c.CharSequenceEncoder - [6cb04275-15] Writing "9. foo bar"
12:31:22.244 [reactor-http-nio-2] DEBUG o.s.c.c.CharSequenceEncoder - [6cb04275-15] Writing "10. foo bar"
12:31:22.245 [reactor-http-nio-2] DEBUG o.s.c.c.CharSequenceEncoder - [6cb04275-15] Writing "11. foo bar"
12:31:22.246 [reactor-http-nio-2] DEBUG o.s.c.c.CharSequenceEncoder - [6cb04275-15] Writing "12. foo bar"
12:31:22.246 [reactor-http-nio-2] DEBUG o.s.c.c.CharSequenceEncoder - [6cb04275-15] Writing "13. foo bar"
12:31:22.247 [reactor-http-nio-2] DEBUG o.s.c.c.CharSequenceEncoder - [6cb04275-15] Writing "14. foo bar"
12:31:22.247 [reactor-http-nio-2] DEBUG o.s.c.c.CharSequenceEncoder - [6cb04275-15] Writing "15. foo bar"
12:31:22.247 [reactor-http-nio-2] DEBUG o.s.c.c.CharSequenceEncoder - [6cb04275-15] Writing "16. foo bar"
12:31:22.248 [reactor-http-nio-2] DEBUG o.s.c.c.CharSequenceEncoder - [6cb04275-15] Writing "17. foo bar"
12:31:22.248 [reactor-http-nio-2] DEBUG o.s.c.c.CharSequenceEncoder - [6cb04275-15] Writing "18. foo bar"
12:31:22.249 [reactor-http-nio-2] DEBUG o.s.c.c.CharSequenceEncoder - [6cb04275-15] Writing "19. foo bar"
12:31:22.249 [reactor-http-nio-2] DEBUG o.s.c.c.CharSequenceEncoder - [6cb04275-15] Writing "20. foo bar"
12:31:22.249 [reactor-http-nio-2] DEBUG o.s.c.c.CharSequenceEncoder - [6cb04275-15] Writing "21. foo bar"
12:31:22.250 [reactor-http-nio-2] DEBUG o.s.c.c.CharSequenceEncoder - [6cb04275-15] Writing "22. foo bar"
12:31:22.250 [reactor-http-nio-2] DEBUG o.s.c.c.CharSequenceEncoder - [6cb04275-15] Writing "23. foo bar"
12:31:22.250 [reactor-http-nio-2] DEBUG o.s.c.c.CharSequenceEncoder - [6cb04275-15] Writing "24. foo bar"
12:31:22.251 [reactor-http-nio-2] DEBUG o.s.c.c.CharSequenceEncoder - [6cb04275-15] Writing "25. foo bar"
12:31:22.251 [reactor-http-nio-2] DEBUG o.s.c.c.CharSequenceEncoder - [6cb04275-15] Writing "26. foo bar"
12:31:22.251 [reactor-http-nio-2] DEBUG o.s.c.c.CharSequenceEncoder - [6cb04275-15] Writing "27. foo bar"
12:31:22.252 [reactor-http-nio-2] DEBUG o.s.c.c.CharSequenceEncoder - [6cb04275-15] Writing "28. foo bar"
12:31:22.252 [reactor-http-nio-2] DEBUG o.s.c.c.CharSequenceEncoder - [6cb04275-15] Writing "29. foo bar"
12:31:22.253 [reactor-http-nio-2] DEBUG o.s.c.c.CharSequenceEncoder - [6cb04275-15] Writing "30. foo bar"
12:31:22.253 [reactor-http-nio-2] DEBUG o.s.c.c.CharSequenceEncoder - [6cb04275-15] Writing "31. foo bar"
12:31:22.253 [reactor-http-nio-2] DEBUG o.s.c.c.CharSequenceEncoder - [6cb04275-15] Writing "32. foo bar"
12:31:22.254 [reactor-http-nio-2] DEBUG o.s.c.c.CharSequenceEncoder - [6cb04275-15] Writing "33. foo bar"
12:31:22.254 [reactor-http-nio-2] DEBUG o.s.c.c.CharSequenceEncoder - [6cb04275-15] Writing "34. foo bar"
12:31:22.254 [reactor-http-nio-2] DEBUG o.s.c.c.CharSequenceEncoder - [6cb04275-15] Writing "35. foo bar"
12:31:22.255 [reactor-http-nio-2] DEBUG o.s.c.c.CharSequenceEncoder - [6cb04275-15] Writing "36. foo bar"
12:31:22.255 [reactor-http-nio-2] DEBUG o.s.c.c.CharSequenceEncoder - [6cb04275-15] Writing "37. foo bar"
12:31:22.256 [reactor-http-nio-2] DEBUG o.s.c.c.CharSequenceEncoder - [6cb04275-15] Writing "38. foo bar"
12:31:22.256 [reactor-http-nio-2] DEBUG o.s.c.c.CharSequenceEncoder - [6cb04275-15] Writing "39. foo bar"
12:31:22.257 [reactor-http-nio-2] DEBUG o.s.c.c.CharSequenceEncoder - [6cb04275-15] Writing "40. foo bar"
12:31:22.257 [reactor-http-nio-2] DEBUG o.s.c.c.CharSequenceEncoder - [6cb04275-15] Writing "41. foo bar"
12:31:22.257 [reactor-http-nio-2] DEBUG o.s.c.c.CharSequenceEncoder - [6cb04275-15] Writing "42. foo bar"
12:31:22.258 [reactor-http-nio-2] DEBUG o.s.c.c.CharSequenceEncoder - [6cb04275-15] Writing "43. foo bar"
12:31:22.258 [reactor-http-nio-2] DEBUG o.s.c.c.CharSequenceEncoder - [6cb04275-15] Writing "44. foo bar"
12:31:22.259 [reactor-http-nio-2] DEBUG o.s.c.c.CharSequenceEncoder - [6cb04275-15] Writing "45. foo bar"
12:31:22.259 [reactor-http-nio-2] DEBUG o.s.c.c.CharSequenceEncoder - [6cb04275-15] Writing "46. foo bar"
12:31:22.259 [reactor-http-nio-2] DEBUG o.s.c.c.CharSequenceEncoder - [6cb04275-15] Writing "47. foo bar"
12:31:22.260 [reactor-http-nio-2] DEBUG o.s.c.c.CharSequenceEncoder - [6cb04275-15] Writing "48. foo bar"
12:31:22.260 [reactor-http-nio-2] DEBUG o.s.c.c.CharSequenceEncoder - [6cb04275-15] Writing "49. foo bar"
12:31:22.260 [reactor-http-nio-2] DEBUG o.s.c.c.CharSequenceEncoder - [6cb04275-15] Writing "50. foo bar"
12:31:22.260 [reactor-http-nio-2] DEBUG o.s.c.c.CharSequenceEncoder - [6cb04275-15] Writing "51. foo bar"
12:31:22.261 [reactor-http-nio-2] DEBUG o.s.c.c.CharSequenceEncoder - [6cb04275-15] Writing "52. foo bar"
12:31:22.261 [reactor-http-nio-2] DEBUG o.s.c.c.CharSequenceEncoder - [6cb04275-15] Writing "53. foo bar"
12:31:22.261 [reactor-http-nio-2] DEBUG o.s.c.c.CharSequenceEncoder - [6cb04275-15] Writing "54. foo bar"
12:31:22.262 [reactor-http-nio-2] DEBUG o.s.c.c.CharSequenceEncoder - [6cb04275-15] Writing "55. foo bar"
12:31:22.262 [reactor-http-nio-2] DEBUG o.s.c.c.CharSequenceEncoder - [6cb04275-15] Writing "56. foo bar"
12:31:22.262 [reactor-http-nio-2] DEBUG o.s.c.c.CharSequenceEncoder - [6cb04275-15] Writing "57. foo bar"
12:31:22.263 [reactor-http-nio-2] DEBUG o.s.c.c.CharSequenceEncoder - [6cb04275-15] Writing "58. foo bar"
12:31:22.263 [reactor-http-nio-2] DEBUG o.s.c.c.CharSequenceEncoder - [6cb04275-15] Writing "59. foo bar"
12:31:22.263 [reactor-http-nio-2] DEBUG o.s.c.c.CharSequenceEncoder - [6cb04275-15] Writing "60. foo bar"
12:31:22.264 [reactor-http-nio-2] DEBUG o.s.c.c.CharSequenceEncoder - [6cb04275-15] Writing "61. foo bar"
12:31:22.264 [reactor-http-nio-2] DEBUG o.s.c.c.CharSequenceEncoder - [6cb04275-15] Writing "62. foo bar"
12:31:22.264 [reactor-http-nio-2] DEBUG o.s.c.c.CharSequenceEncoder - [6cb04275-15] Writing "63. foo bar"
12:31:22.265 [reactor-http-nio-2] DEBUG o.s.c.c.CharSequenceEncoder - [6cb04275-15] Writing "64. foo bar"
12:31:22.265 [reactor-http-nio-2] DEBUG o.s.c.c.CharSequenceEncoder - [6cb04275-15] Writing "65. foo bar"
12:31:22.265 [reactor-http-nio-2] DEBUG o.s.c.c.CharSequenceEncoder - [6cb04275-15] Writing "66. foo bar"
12:31:22.265 [reactor-http-nio-2] DEBUG o.s.c.c.CharSequenceEncoder - [6cb04275-15] Writing "67. foo bar"
12:31:22.266 [reactor-http-nio-2] DEBUG o.s.c.c.CharSequenceEncoder - [6cb04275-15] Writing "68. foo bar"
12:31:22.266 [reactor-http-nio-2] DEBUG o.s.c.c.CharSequenceEncoder - [6cb04275-15] Writing "69. foo bar"
12:31:22.266 [reactor-http-nio-2] DEBUG o.s.c.c.CharSequenceEncoder - [6cb04275-15] Writing "70. foo bar"
12:31:22.267 [reactor-http-nio-2] DEBUG o.s.c.c.CharSequenceEncoder - [6cb04275-15] Writing "71. foo bar"
12:31:22.268 [reactor-http-nio-2] DEBUG o.s.c.c.CharSequenceEncoder - [6cb04275-15] Writing "72. foo bar"
12:31:22.268 [reactor-http-nio-2] DEBUG o.s.c.c.CharSequenceEncoder - [6cb04275-15] Writing "73. foo bar"
12:31:22.269 [reactor-http-nio-2] DEBUG o.s.c.c.CharSequenceEncoder - [6cb04275-15] Writing "74. foo bar"
12:31:22.270 [reactor-http-nio-2] DEBUG o.s.c.c.CharSequenceEncoder - [6cb04275-15] Writing "75. foo bar"
12:31:22.271 [reactor-http-nio-2] DEBUG o.s.c.c.CharSequenceEncoder - [6cb04275-15] Writing "76. foo bar"
12:31:22.271 [reactor-http-nio-2] DEBUG o.s.c.c.CharSequenceEncoder - [6cb04275-15] Writing "77. foo bar"
12:31:22.272 [reactor-http-nio-2] DEBUG o.s.c.c.CharSequenceEncoder - [6cb04275-15] Writing "78. foo bar"
12:31:22.272 [reactor-http-nio-2] DEBUG o.s.c.c.CharSequenceEncoder - [6cb04275-15] Writing "79. foo bar"
12:31:22.272 [reactor-http-nio-2] DEBUG o.s.c.c.CharSequenceEncoder - [6cb04275-15] Writing "80. foo bar"
12:31:22.273 [reactor-http-nio-2] DEBUG o.s.c.c.CharSequenceEncoder - [6cb04275-15] Writing "81. foo bar"
12:31:22.273 [reactor-http-nio-2] DEBUG o.s.c.c.CharSequenceEncoder - [6cb04275-15] Writing "82. foo bar"
12:31:22.274 [reactor-http-nio-2] DEBUG o.s.c.c.CharSequenceEncoder - [6cb04275-15] Writing "83. foo bar"
12:31:22.274 [reactor-http-nio-2] DEBUG o.s.c.c.CharSequenceEncoder - [6cb04275-15] Writing "84. foo bar"
12:31:22.275 [reactor-http-nio-2] DEBUG o.s.c.c.CharSequenceEncoder - [6cb04275-15] Writing "85. foo bar"
12:31:22.275 [reactor-http-nio-2] DEBUG o.s.c.c.CharSequenceEncoder - [6cb04275-15] Writing "86. foo bar"
12:31:22.276 [reactor-http-nio-2] DEBUG o.s.c.c.CharSequenceEncoder - [6cb04275-15] Writing "87. foo bar"
12:31:22.276 [reactor-http-nio-2] DEBUG o.s.c.c.CharSequenceEncoder - [6cb04275-15] Writing "88. foo bar"
12:31:22.277 [reactor-http-nio-2] DEBUG o.s.c.c.CharSequenceEncoder - [6cb04275-15] Writing "89. foo bar"
12:31:22.277 [reactor-http-nio-2] DEBUG o.s.c.c.CharSequenceEncoder - [6cb04275-15] Writing "90. foo bar"
12:31:22.277 [reactor-http-nio-2] DEBUG o.s.c.c.CharSequenceEncoder - [6cb04275-15] Writing "91. foo bar"
12:31:22.278 [reactor-http-nio-2] DEBUG o.s.c.c.CharSequenceEncoder - [6cb04275-15] Writing "92. foo bar"
12:31:22.278 [reactor-http-nio-2] DEBUG o.s.c.c.CharSequenceEncoder - [6cb04275-15] Writing "93. foo bar"
12:31:22.279 [reactor-http-nio-2] DEBUG o.s.c.c.CharSequenceEncoder - [6cb04275-15] Writing "94. foo bar"
12:31:22.279 [reactor-http-nio-2] DEBUG o.s.c.c.CharSequenceEncoder - [6cb04275-15] Writing "95. foo bar"
12:31:22.280 [reactor-http-nio-2] DEBUG o.s.c.c.CharSequenceEncoder - [6cb04275-15] Writing "96. foo bar"
12:31:22.280 [reactor-http-nio-2] DEBUG o.s.c.c.CharSequenceEncoder - [6cb04275-15] Writing "97. foo bar"
12:31:22.280 [reactor-http-nio-2] DEBUG o.s.c.c.CharSequenceEncoder - [6cb04275-15] Writing "98. foo bar"
12:31:22.281 [reactor-http-nio-2] DEBUG o.s.c.c.CharSequenceEncoder - [6cb04275-15] Writing "99. foo bar"
12:31:22.281 [reactor-http-nio-2] DEBUG o.s.c.c.CharSequenceEncoder - [6cb04275-15] Writing "100. foo bar"
12:31:22.281 [reactor-http-nio-2] DEBUG o.s.c.c.CharSequenceEncoder - [6cb04275-15] Writing "101. foo bar"
12:31:22.282 [reactor-http-nio-2] DEBUG o.s.c.c.CharSequenceEncoder - [6cb04275-15] Writing "102. foo bar"
12:31:22.282 [reactor-http-nio-2] DEBUG o.s.c.c.CharSequenceEncoder - [6cb04275-15] Writing "103. foo bar"
12:31:22.282 [reactor-http-nio-2] DEBUG o.s.c.c.CharSequenceEncoder - [6cb04275-15] Writing "104. foo bar"
12:31:22.283 [reactor-http-nio-2] DEBUG o.s.c.c.CharSequenceEncoder - [6cb04275-15] Writing "105. foo bar"
12:31:22.283 [reactor-http-nio-2] DEBUG o.s.c.c.CharSequenceEncoder - [6cb04275-15] Writing "106. foo bar"
12:31:22.284 [reactor-http-nio-2] DEBUG o.s.c.c.CharSequenceEncoder - [6cb04275-15] Writing "107. foo bar"
12:31:22.284 [reactor-http-nio-2] DEBUG o.s.c.c.CharSequenceEncoder - [6cb04275-15] Writing "108. foo bar"
12:31:22.284 [reactor-http-nio-2] DEBUG o.s.c.c.CharSequenceEncoder - [6cb04275-15] Writing "109. foo bar"
12:31:22.284 [reactor-http-nio-2] DEBUG o.s.c.c.CharSequenceEncoder - [6cb04275-15] Writing "110. foo bar"
12:31:22.285 [reactor-http-nio-2] DEBUG o.s.c.c.CharSequenceEncoder - [6cb04275-15] Writing "111. foo bar"
12:31:22.285 [reactor-http-nio-2] DEBUG o.s.c.c.CharSequenceEncoder - [6cb04275-15] Writing "112. foo bar"
12:31:22.285 [reactor-http-nio-2] DEBUG o.s.c.c.CharSequenceEncoder - [6cb04275-15] Writing "113. foo bar"
12:31:22.286 [reactor-http-nio-2] DEBUG o.s.c.c.CharSequenceEncoder - [6cb04275-15] Writing "114. foo bar"
12:31:22.286 [reactor-http-nio-2] DEBUG o.s.c.c.CharSequenceEncoder - [6cb04275-15] Writing "115. foo bar"
12:31:22.287 [reactor-http-nio-2] DEBUG o.s.c.c.CharSequenceEncoder - [6cb04275-15] Writing "116. foo bar"
12:31:22.288 [reactor-http-nio-2] DEBUG o.s.c.c.CharSequenceEncoder - [6cb04275-15] Writing "117. foo bar"
12:31:22.288 [reactor-http-nio-2] DEBUG o.s.c.c.CharSequenceEncoder - [6cb04275-15] Writing "118. foo bar"
12:31:22.289 [reactor-http-nio-2] DEBUG o.s.c.c.CharSequenceEncoder - [6cb04275-15] Writing "119. foo bar"
12:31:22.289 [reactor-http-nio-2] DEBUG o.s.c.c.CharSequenceEncoder - [6cb04275-15] Writing "120. foo bar"
12:31:22.289 [reactor-http-nio-2] DEBUG o.s.c.c.CharSequenceEncoder - [6cb04275-15] Writing "121. foo bar"
12:31:22.290 [reactor-http-nio-2] DEBUG o.s.c.c.CharSequenceEncoder - [6cb04275-15] Writing "122. foo bar"
12:31:22.290 [reactor-http-nio-2] DEBUG o.s.c.c.CharSequenceEncoder - [6cb04275-15] Writing "123. foo bar"
12:31:22.291 [reactor-http-nio-2] DEBUG o.s.c.c.CharSequenceEncoder - [6cb04275-15] Writing "124. foo bar"
12:31:22.291 [reactor-http-nio-2] DEBUG o.s.c.c.CharSequenceEncoder - [6cb04275-15] Writing "125. foo bar"
12:31:22.292 [reactor-http-nio-2] DEBUG o.s.c.c.CharSequenceEncoder - [6cb04275-15] Writing "126. foo bar"
12:31:22.292 [reactor-http-nio-2] DEBUG o.s.c.c.CharSequenceEncoder - [6cb04275-15] Writing "127. foo bar"
12:31:22.293 [reactor-http-nio-2] DEBUG o.s.c.c.CharSequenceEncoder - [6cb04275-15] Writing "128. foo bar"
12:31:22.301 [Test worker] DEBUG o.s.w.c.RestTemplate - Reading to [java.lang.String] as "text/plain;charset=UTF-8"
12:31:22.318 [reactor-http-nio-2] DEBUG o.s.c.c.CharSequenceEncoder - [6cb04275-15] Writing "129. foo bar"
12:31:22.318 [reactor-http-nio-2] DEBUG o.s.c.c.CharSequenceEncoder - [6cb04275-15] Writing "130. foo bar"
12:31:22.318 [reactor-http-nio-2] DEBUG o.s.c.c.CharSequenceEncoder - [6cb04275-15] Writing "131. foo bar"
12:31:22.318 [reactor-http-nio-2] DEBUG o.s.c.c.CharSequenceEncoder - [6cb04275-15] Writing "132. foo bar"
12:31:22.318 [reactor-http-nio-2] DEBUG o.s.c.c.CharSequenceEncoder - [6cb04275-15] Writing "133. foo bar"
12:31:22.318 [reactor-http-nio-2] DEBUG o.s.c.c.CharSequenceEncoder - [6cb04275-15] Writing "134. foo bar"
12:31:22.318 [reactor-http-nio-2] DEBUG o.s.c.c.CharSequenceEncoder - [6cb04275-15] Writing "135. foo bar"
12:31:22.318 [reactor-http-nio-2] DEBUG o.s.c.c.CharSequenceEncoder - [6cb04275-15] Writing "136. foo bar"
12:31:22.318 [reactor-http-nio-2] DEBUG o.s.c.c.CharSequenceEncoder - [6cb04275-15] Writing "137. foo bar"
12:31:22.318 [reactor-http-nio-2] DEBUG o.s.c.c.CharSequenceEncoder - [6cb04275-15] Writing "138. foo bar"
12:31:22.318 [reactor-http-nio-2] DEBUG o.s.c.c.CharSequenceEncoder - [6cb04275-15] Writing "139. foo bar"
12:31:22.318 [reactor-http-nio-2] DEBUG o.s.c.c.CharSequenceEncoder - [6cb04275-15] Writing "140. foo bar"
12:31:22.318 [reactor-http-nio-2] DEBUG o.s.c.c.CharSequenceEncoder - [6cb04275-15] Writing "141. foo bar"
12:31:22.319 [reactor-http-nio-2] DEBUG o.s.c.c.CharSequenceEncoder - [6cb04275-15] Writing "142. foo bar"
12:31:22.319 [reactor-http-nio-2] DEBUG o.s.c.c.CharSequenceEncoder - [6cb04275-15] Writing "143. foo bar"
12:31:22.319 [reactor-http-nio-2] DEBUG o.s.c.c.CharSequenceEncoder - [6cb04275-15] Writing "144. foo bar"
12:31:22.319 [reactor-http-nio-2] DEBUG o.s.c.c.CharSequenceEncoder - [6cb04275-15] Writing "145. foo bar"
12:31:22.319 [reactor-http-nio-2] DEBUG o.s.c.c.CharSequenceEncoder - [6cb04275-15] Writing "146. foo bar"
12:31:22.319 [reactor-http-nio-2] DEBUG o.s.c.c.CharSequenceEncoder - [6cb04275-15] Writing "147. foo bar"
12:31:22.319 [reactor-http-nio-2] DEBUG o.s.c.c.CharSequenceEncoder - [6cb04275-15] Writing "148. foo bar"
12:31:22.319 [reactor-http-nio-2] DEBUG o.s.c.c.CharSequenceEncoder - [6cb04275-15] Writing "149. foo bar"
12:31:22.319 [reactor-http-nio-2] DEBUG o.s.c.c.CharSequenceEncoder - [6cb04275-15] Writing "150. foo bar"
12:31:22.319 [reactor-http-nio-2] DEBUG o.s.c.c.CharSequenceEncoder - [6cb04275-15] Writing "151. foo bar"
12:31:22.319 [reactor-http-nio-2] DEBUG o.s.c.c.CharSequenceEncoder - [6cb04275-15] Writing "152. foo bar"
12:31:22.319 [reactor-http-nio-2] DEBUG o.s.c.c.CharSequenceEncoder - [6cb04275-15] Writing "153. foo bar"
12:31:22.319 [reactor-http-nio-2] DEBUG o.s.c.c.CharSequenceEncoder - [6cb04275-15] Writing "154. foo bar"
12:31:22.319 [reactor-http-nio-2] DEBUG o.s.c.c.CharSequenceEncoder - [6cb04275-15] Writing "155. foo bar"
12:31:22.319 [reactor-http-nio-2] DEBUG o.s.c.c.CharSequenceEncoder - [6cb04275-15] Writing "156. foo bar"
12:31:22.319 [reactor-http-nio-2] DEBUG o.s.c.c.CharSequenceEncoder - [6cb04275-15] Writing "157. foo bar"
12:31:22.319 [reactor-http-nio-2] DEBUG o.s.c.c.CharSequenceEncoder - [6cb04275-15] Writing "158. foo bar"
12:31:22.319 [reactor-http-nio-2] DEBUG o.s.c.c.CharSequenceEncoder - [6cb04275-15] Writing "159. foo bar"
12:31:22.319 [reactor-http-nio-2] DEBUG o.s.c.c.CharSequenceEncoder - [6cb04275-15] Writing "160. foo bar"
12:31:22.320 [reactor-http-nio-2] DEBUG o.s.c.c.CharSequenceEncoder - [6cb04275-15] Writing "161. foo bar"
12:31:22.320 [reactor-http-nio-2] DEBUG o.s.c.c.CharSequenceEncoder - [6cb04275-15] Writing "162. foo bar"
12:31:22.320 [reactor-http-nio-2] DEBUG o.s.c.c.CharSequenceEncoder - [6cb04275-15] Writing "163. foo bar"
12:31:22.320 [reactor-http-nio-2] DEBUG o.s.c.c.CharSequenceEncoder - [6cb04275-15] Writing "164. foo bar"
12:31:22.320 [reactor-http-nio-2] DEBUG o.s.c.c.CharSequenceEncoder - [6cb04275-15] Writing "165. foo bar"
12:31:22.320 [reactor-http-nio-2] DEBUG o.s.c.c.CharSequenceEncoder - [6cb04275-15] Writing "166. foo bar"
12:31:22.320 [reactor-http-nio-2] DEBUG o.s.c.c.CharSequenceEncoder - [6cb04275-15] Writing "167. foo bar"
12:31:22.320 [reactor-http-nio-2] DEBUG o.s.c.c.CharSequenceEncoder - [6cb04275-15] Writing "168. foo bar"
12:31:22.320 [reactor-http-nio-2] DEBUG o.s.c.c.CharSequenceEncoder - [6cb04275-15] Writing "169. foo bar"
12:31:22.320 [reactor-http-nio-2] DEBUG o.s.c.c.CharSequenceEncoder - [6cb04275-15] Writing "170. foo bar"
12:31:22.320 [reactor-http-nio-2] DEBUG o.s.c.c.CharSequenceEncoder - [6cb04275-15] Writing "171. foo bar"
12:31:22.320 [reactor-http-nio-2] DEBUG o.s.c.c.CharSequenceEncoder - [6cb04275-15] Writing "172. foo bar"
12:31:22.320 [reactor-http-nio-2] DEBUG o.s.c.c.CharSequenceEncoder - [6cb04275-15] Writing "173. foo bar"
12:31:22.320 [reactor-http-nio-2] DEBUG o.s.c.c.CharSequenceEncoder - [6cb04275-15] Writing "174. foo bar"
12:31:22.320 [reactor-http-nio-2] DEBUG o.s.c.c.CharSequenceEncoder - [6cb04275-15] Writing "175. foo bar"
12:31:22.320 [reactor-http-nio-2] DEBUG o.s.c.c.CharSequenceEncoder - [6cb04275-15] Writing "176. foo bar"
12:31:22.320 [reactor-http-nio-2] DEBUG o.s.c.c.CharSequenceEncoder - [6cb04275-15] Writing "177. foo bar"
12:31:22.320 [reactor-http-nio-2] DEBUG o.s.c.c.CharSequenceEncoder - [6cb04275-15] Writing "178. foo bar"
12:31:22.320 [reactor-http-nio-2] DEBUG o.s.c.c.CharSequenceEncoder - [6cb04275-15] Writing "179. foo bar"
12:31:22.320 [reactor-http-nio-2] DEBUG o.s.c.c.CharSequenceEncoder - [6cb04275-15] Writing "180. foo bar"
12:31:22.320 [reactor-http-nio-2] DEBUG o.s.c.c.CharSequenceEncoder - [6cb04275-15] Writing "181. foo bar"
12:31:22.320 [reactor-http-nio-2] DEBUG o.s.c.c.CharSequenceEncoder - [6cb04275-15] Writing "182. foo bar"
12:31:22.320 [reactor-http-nio-2] DEBUG o.s.c.c.CharSequenceEncoder - [6cb04275-15] Writing "183. foo bar"
12:31:22.320 [reactor-http-nio-2] DEBUG o.s.c.c.CharSequenceEncoder - [6cb04275-15] Writing "184. foo bar"
12:31:22.320 [reactor-http-nio-2] DEBUG o.s.c.c.CharSequenceEncoder - [6cb04275-15] Writing "185. foo bar"
12:31:22.321 [reactor-http-nio-2] DEBUG o.s.c.c.CharSequenceEncoder - [6cb04275-15] Writing "186. foo bar"
12:31:22.321 [reactor-http-nio-2] DEBUG o.s.c.c.CharSequenceEncoder - [6cb04275-15] Writing "187. foo bar"
12:31:22.321 [reactor-http-nio-2] DEBUG o.s.c.c.CharSequenceEncoder - [6cb04275-15] Writing "188. foo bar"
12:31:22.321 [reactor-http-nio-2] DEBUG o.s.c.c.CharSequenceEncoder - [6cb04275-15] Writing "189. foo bar"
12:31:22.321 [reactor-http-nio-2] DEBUG o.s.c.c.CharSequenceEncoder - [6cb04275-15] Writing "190. foo bar"
12:31:22.321 [reactor-http-nio-2] DEBUG o.s.c.c.CharSequenceEncoder - [6cb04275-15] Writing "191. foo bar"
12:31:22.321 [reactor-http-nio-2] DEBUG o.s.c.c.CharSequenceEncoder - [6cb04275-15] Writing "192. foo bar"
12:31:22.336 [reactor-http-nio-2] DEBUG o.s.c.c.CharSequenceEncoder - [6cb04275-15] Writing "193. foo bar"
12:31:22.336 [reactor-http-nio-2] DEBUG o.s.c.c.CharSequenceEncoder - [6cb04275-15] Writing "194. foo bar"
12:31:22.336 [reactor-http-nio-2] DEBUG o.s.c.c.CharSequenceEncoder - [6cb04275-15] Writing "195. foo bar"
12:31:22.336 [reactor-http-nio-2] DEBUG o.s.c.c.CharSequenceEncoder - [6cb04275-15] Writing "196. foo bar"
12:31:22.336 [reactor-http-nio-2] DEBUG o.s.c.c.CharSequenceEncoder - [6cb04275-15] Writing "197. foo bar"
12:31:22.336 [reactor-http-nio-2] DEBUG o.s.c.c.CharSequenceEncoder - [6cb04275-15] Writing "198. foo bar"
12:31:22.336 [reactor-http-nio-2] DEBUG o.s.c.c.CharSequenceEncoder - [6cb04275-15] Writing "199. foo bar"
12:31:22.337 [reactor-http-nio-2] DEBUG o.s.c.c.CharSequenceEncoder - [6cb04275-15] Writing "200. foo bar"
12:31:22.337 [reactor-http-nio-2] DEBUG o.s.c.c.CharSequenceEncoder - [6cb04275-15] Writing "201. foo bar"
12:31:22.337 [reactor-http-nio-2] DEBUG o.s.c.c.CharSequenceEncoder - [6cb04275-15] Writing "202. foo bar"
12:31:22.337 [reactor-http-nio-2] DEBUG o.s.c.c.CharSequenceEncoder - [6cb04275-15] Writing "203. foo bar"
12:31:22.337 [reactor-http-nio-2] DEBUG o.s.c.c.CharSequenceEncoder - [6cb04275-15] Writing "204. foo bar"
12:31:22.337 [reactor-http-nio-2] DEBUG o.s.c.c.CharSequenceEncoder - [6cb04275-15] Writing "205. foo bar"
12:31:22.337 [reactor-http-nio-2] DEBUG o.s.c.c.CharSequenceEncoder - [6cb04275-15] Writing "206. foo bar"
12:31:22.337 [reactor-http-nio-2] DEBUG o.s.c.c.CharSequenceEncoder - [6cb04275-15] Writing "207. foo bar"
12:31:22.337 [reactor-http-nio-2] DEBUG o.s.c.c.CharSequenceEncoder - [6cb04275-15] Writing "208. foo bar"
12:31:22.337 [reactor-http-nio-2] DEBUG o.s.c.c.CharSequenceEncoder - [6cb04275-15] Writing "209. foo bar"
12:31:22.337 [reactor-http-nio-2] DEBUG o.s.c.c.CharSequenceEncoder - [6cb04275-15] Writing "210. foo bar"
12:31:22.337 [reactor-http-nio-2] DEBUG o.s.c.c.CharSequenceEncoder - [6cb04275-15] Writing "211. foo bar"
12:31:22.337 [reactor-http-nio-2] DEBUG o.s.c.c.CharSequenceEncoder - [6cb04275-15] Writing "212. foo bar"
12:31:22.337 [reactor-http-nio-2] DEBUG o.s.c.c.CharSequenceEncoder - [6cb04275-15] Writing "213. foo bar"
12:31:22.337 [reactor-http-nio-2] DEBUG o.s.c.c.CharSequenceEncoder - [6cb04275-15] Writing "214. foo bar"
12:31:22.337 [reactor-http-nio-2] DEBUG o.s.c.c.CharSequenceEncoder - [6cb04275-15] Writing "215. foo bar"
12:31:22.337 [reactor-http-nio-2] DEBUG o.s.c.c.CharSequenceEncoder - [6cb04275-15] Writing "216. foo bar"
12:31:22.337 [reactor-http-nio-2] DEBUG o.s.c.c.CharSequenceEncoder - [6cb04275-15] Writing "217. foo bar"
12:31:22.337 [reactor-http-nio-2] DEBUG o.s.c.c.CharSequenceEncoder - [6cb04275-15] Writing "218. foo bar"
12:31:22.337 [reactor-http-nio-2] DEBUG o.s.c.c.CharSequenceEncoder - [6cb04275-15] Writing "219. foo bar"
12:31:22.337 [reactor-http-nio-2] DEBUG o.s.c.c.CharSequenceEncoder - [6cb04275-15] Writing "220. foo bar"
12:31:22.337 [reactor-http-nio-2] DEBUG o.s.c.c.CharSequenceEncoder - [6cb04275-15] Writing "221. foo bar"
12:31:22.337 [reactor-http-nio-2] DEBUG o.s.c.c.CharSequenceEncoder - [6cb04275-15] Writing "222. foo bar"
12:31:22.337 [reactor-http-nio-2] DEBUG o.s.c.c.CharSequenceEncoder - [6cb04275-15] Writing "223. foo bar"
12:31:22.338 [reactor-http-nio-2] DEBUG o.s.c.c.CharSequenceEncoder - [6cb04275-15] Writing "224. foo bar"
12:31:22.338 [reactor-http-nio-2] DEBUG o.s.c.c.CharSequenceEncoder - [6cb04275-15] Writing "225. foo bar"
12:31:22.338 [reactor-http-nio-2] DEBUG o.s.c.c.CharSequenceEncoder - [6cb04275-15] Writing "226. foo bar"
12:31:22.338 [reactor-http-nio-2] DEBUG o.s.c.c.CharSequenceEncoder - [6cb04275-15] Writing "227. foo bar"
12:31:22.338 [reactor-http-nio-2] DEBUG o.s.c.c.CharSequenceEncoder - [6cb04275-15] Writing "228. foo bar"
12:31:22.338 [reactor-http-nio-2] DEBUG o.s.c.c.CharSequenceEncoder - [6cb04275-15] Writing "229. foo bar"
12:31:22.338 [reactor-http-nio-2] DEBUG o.s.c.c.CharSequenceEncoder - [6cb04275-15] Writing "230. foo bar"
12:31:22.338 [reactor-http-nio-2] DEBUG o.s.c.c.CharSequenceEncoder - [6cb04275-15] Writing "231. foo bar"
12:31:22.338 [reactor-http-nio-2] DEBUG o.s.c.c.CharSequenceEncoder - [6cb04275-15] Writing "232. foo bar"
12:31:22.338 [reactor-http-nio-2] DEBUG o.s.c.c.CharSequenceEncoder - [6cb04275-15] Writing "233. foo bar"
12:31:22.338 [reactor-http-nio-2] DEBUG o.s.c.c.CharSequenceEncoder - [6cb04275-15] Writing "234. foo bar"
12:31:22.338 [reactor-http-nio-2] DEBUG o.s.c.c.CharSequenceEncoder - [6cb04275-15] Writing "235. foo bar"
12:31:22.339 [reactor-http-nio-2] DEBUG o.s.c.c.CharSequenceEncoder - [6cb04275-15] Writing "236. foo bar"
12:31:22.339 [reactor-http-nio-2] DEBUG o.s.c.c.CharSequenceEncoder - [6cb04275-15] Writing "237. foo bar"
12:31:22.339 [reactor-http-nio-2] DEBUG o.s.c.c.CharSequenceEncoder - [6cb04275-15] Writing "238. foo bar"
12:31:22.339 [reactor-http-nio-2] DEBUG o.s.c.c.CharSequenceEncoder - [6cb04275-15] Writing "239. foo bar"
12:31:22.339 [reactor-http-nio-2] DEBUG o.s.c.c.CharSequenceEncoder - [6cb04275-15] Writing "240. foo bar"
12:31:22.339 [reactor-http-nio-2] DEBUG o.s.c.c.CharSequenceEncoder - [6cb04275-15] Writing "241. foo bar"
12:31:22.339 [reactor-http-nio-2] DEBUG o.s.c.c.CharSequenceEncoder - [6cb04275-15] Writing "242. foo bar"
12:31:22.339 [reactor-http-nio-2] DEBUG o.s.c.c.CharSequenceEncoder - [6cb04275-15] Writing "243. foo bar"
12:31:22.339 [reactor-http-nio-2] DEBUG o.s.c.c.CharSequenceEncoder - [6cb04275-15] Writing "244. foo bar"
12:31:22.339 [reactor-http-nio-2] DEBUG o.s.c.c.CharSequenceEncoder - [6cb04275-15] Writing "245. foo bar"
12:31:22.339 [reactor-http-nio-2] DEBUG o.s.c.c.CharSequenceEncoder - [6cb04275-15] Writing "246. foo bar"
12:31:22.339 [reactor-http-nio-2] DEBUG o.s.c.c.CharSequenceEncoder - [6cb04275-15] Writing "247. foo bar"
12:31:22.339 [reactor-http-nio-2] DEBUG o.s.c.c.CharSequenceEncoder - [6cb04275-15] Writing "248. foo bar"
12:31:22.339 [reactor-http-nio-2] DEBUG o.s.c.c.CharSequenceEncoder - [6cb04275-15] Writing "249. foo bar"
12:31:22.342 [reactor-http-nio-2] DEBUG o.s.c.c.CharSequenceEncoder - [6cb04275-15] Writing "250. foo bar"
12:31:22.342 [reactor-http-nio-2] DEBUG o.s.c.c.CharSequenceEncoder - [6cb04275-15] Writing "251. foo bar"
12:31:22.342 [reactor-http-nio-2] DEBUG o.s.c.c.CharSequenceEncoder - [6cb04275-15] Writing "252. foo bar"
12:31:22.342 [reactor-http-nio-2] DEBUG o.s.c.c.CharSequenceEncoder - [6cb04275-15] Writing "253. foo bar"
12:31:22.342 [reactor-http-nio-2] DEBUG o.s.c.c.CharSequenceEncoder - [6cb04275-15] Writing "254. foo bar"
12:31:22.342 [reactor-http-nio-2] DEBUG o.s.c.c.CharSequenceEncoder - [6cb04275-15] Writing "255. foo bar"
12:31:22.342 [reactor-http-nio-2] DEBUG o.s.c.c.CharSequenceEncoder - [6cb04275-15] Writing "256. foo bar"
12:31:22.389 [reactor-http-nio-2] DEBUG o.s.c.c.CharSequenceEncoder - [6cb04275-15] Writing "257. foo bar"
12:31:22.389 [reactor-http-nio-2] DEBUG o.s.c.c.CharSequenceEncoder - [6cb04275-15] Writing "258. foo bar"
12:31:22.390 [reactor-http-nio-2] DEBUG o.s.c.c.CharSequenceEncoder - [6cb04275-15] Writing "259. foo bar"
12:31:22.390 [reactor-http-nio-2] DEBUG o.s.c.c.CharSequenceEncoder - [6cb04275-15] Writing "260. foo bar"
12:31:22.390 [reactor-http-nio-2] DEBUG o.s.c.c.CharSequenceEncoder - [6cb04275-15] Writing "261. foo bar"
12:31:22.390 [reactor-http-nio-2] DEBUG o.s.c.c.CharSequenceEncoder - [6cb04275-15] Writing "262. foo bar"
12:31:22.390 [reactor-http-nio-2] DEBUG o.s.c.c.CharSequenceEncoder - [6cb04275-15] Writing "263. foo bar"
12:31:22.390 [reactor-http-nio-2] DEBUG o.s.c.c.CharSequenceEncoder - [6cb04275-15] Writing "264. foo bar"
12:31:22.391 [reactor-http-nio-2] DEBUG o.s.c.c.CharSequenceEncoder - [6cb04275-15] Writing "265. foo bar"
12:31:22.391 [reactor-http-nio-2] DEBUG o.s.c.c.CharSequenceEncoder - [6cb04275-15] Writing "266. foo bar"
12:31:22.391 [reactor-http-nio-2] DEBUG o.s.c.c.CharSequenceEncoder - [6cb04275-15] Writing "267. foo bar"
12:31:22.391 [reactor-http-nio-2] DEBUG o.s.c.c.CharSequenceEncoder - [6cb04275-15] Writing "268. foo bar"
12:31:22.391 [reactor-http-nio-2] DEBUG o.s.c.c.CharSequenceEncoder - [6cb04275-15] Writing "269. foo bar"
12:31:22.391 [reactor-http-nio-2] DEBUG o.s.c.c.CharSequenceEncoder - [6cb04275-15] Writing "270. foo bar"
12:31:22.391 [reactor-http-nio-2] DEBUG o.s.c.c.CharSequenceEncoder - [6cb04275-15] Writing "271. foo bar"
12:31:22.391 [reactor-http-nio-2] DEBUG o.s.c.c.CharSequenceEncoder - [6cb04275-15] Writing "272. foo bar"
12:31:22.391 [reactor-http-nio-2] DEBUG o.s.c.c.CharSequenceEncoder - [6cb04275-15] Writing "273. foo bar"
12:31:22.391 [reactor-http-nio-2] DEBUG o.s.c.c.CharSequenceEncoder - [6cb04275-15] Writing "274. foo bar"
12:31:22.391 [reactor-http-nio-2] DEBUG o.s.c.c.CharSequenceEncoder - [6cb04275-15] Writing "275. foo bar"
12:31:22.391 [reactor-http-nio-2] DEBUG o.s.c.c.CharSequenceEncoder - [6cb04275-15] Writing "276. foo bar"
12:31:22.391 [reactor-http-nio-2] DEBUG o.s.c.c.CharSequenceEncoder - [6cb04275-15] Writing "277. foo bar"
12:31:22.392 [reactor-http-nio-2] DEBUG o.s.c.c.CharSequenceEncoder - [6cb04275-15] Writing "278. foo bar"
12:31:22.392 [reactor-http-nio-2] DEBUG o.s.c.c.CharSequenceEncoder - [6cb04275-15] Writing "279. foo bar"
12:31:22.392 [reactor-http-nio-2] DEBUG o.s.c.c.CharSequenceEncoder - [6cb04275-15] Writing "280. foo bar"
12:31:22.392 [reactor-http-nio-2] DEBUG o.s.c.c.CharSequenceEncoder - [6cb04275-15] Writing "281. foo bar"
12:31:22.392 [reactor-http-nio-2] DEBUG o.s.c.c.CharSequenceEncoder - [6cb04275-15] Writing "282. foo bar"
12:31:22.392 [reactor-http-nio-2] DEBUG o.s.c.c.CharSequenceEncoder - [6cb04275-15] Writing "283. foo bar"
12:31:22.392 [reactor-http-nio-2] DEBUG o.s.c.c.CharSequenceEncoder - [6cb04275-15] Writing "284. foo bar"
12:31:22.392 [reactor-http-nio-2] DEBUG o.s.c.c.CharSequenceEncoder - [6cb04275-15] Writing "285. foo bar"
12:31:22.392 [reactor-http-nio-2] DEBUG o.s.c.c.CharSequenceEncoder - [6cb04275-15] Writing "286. foo bar"
12:31:22.392 [reactor-http-nio-2] DEBUG o.s.c.c.CharSequenceEncoder - [6cb04275-15] Writing "287. foo bar"
12:31:22.393 [reactor-http-nio-2] DEBUG o.s.c.c.CharSequenceEncoder - [6cb04275-15] Writing "288. foo bar"
12:31:22.393 [reactor-http-nio-2] DEBUG o.s.c.c.CharSequenceEncoder - [6cb04275-15] Writing "289. foo bar"
12:31:22.393 [reactor-http-nio-2] DEBUG o.s.c.c.CharSequenceEncoder - [6cb04275-15] Writing "290. foo bar"
12:31:22.393 [reactor-http-nio-2] DEBUG o.s.c.c.CharSequenceEncoder - [6cb04275-15] Writing "291. foo bar"
12:31:22.393 [reactor-http-nio-2] DEBUG o.s.c.c.CharSequenceEncoder - [6cb04275-15] Writing "292. foo bar"
12:31:22.393 [reactor-http-nio-2] DEBUG o.s.c.c.CharSequenceEncoder - [6cb04275-15] Writing "293. foo bar"
12:31:22.393 [reactor-http-nio-2] DEBUG o.s.c.c.CharSequenceEncoder - [6cb04275-15] Writing "294. foo bar"
12:31:22.393 [reactor-http-nio-2] DEBUG o.s.c.c.CharSequenceEncoder - [6cb04275-15] Writing "295. foo bar"
12:31:22.393 [reactor-http-nio-2] DEBUG o.s.c.c.CharSequenceEncoder - [6cb04275-15] Writing "296. foo bar"
12:31:22.393 [reactor-http-nio-2] DEBUG o.s.c.c.CharSequenceEncoder - [6cb04275-15] Writing "297. foo bar"
12:31:22.393 [reactor-http-nio-2] DEBUG o.s.c.c.CharSequenceEncoder - [6cb04275-15] Writing "298. foo bar"
12:31:22.394 [reactor-http-nio-2] DEBUG o.s.c.c.CharSequenceEncoder - [6cb04275-15] Writing "299. foo bar"
12:31:22.394 [reactor-http-nio-2] DEBUG o.s.c.c.CharSequenceEncoder - [6cb04275-15] Writing "300. foo bar"
12:31:22.394 [reactor-http-nio-2] DEBUG o.s.c.c.CharSequenceEncoder - [6cb04275-15] Writing "301. foo bar"
12:31:22.394 [reactor-http-nio-2] DEBUG o.s.c.c.CharSequenceEncoder - [6cb04275-15] Writing "302. foo bar"
12:31:22.394 [reactor-http-nio-2] DEBUG o.s.c.c.CharSequenceEncoder - [6cb04275-15] Writing "303. foo bar"
12:31:22.394 [reactor-http-nio-2] DEBUG o.s.c.c.CharSequenceEncoder - [6cb04275-15] Writing "304. foo bar"
12:31:22.394 [reactor-http-nio-2] DEBUG o.s.c.c.CharSequenceEncoder - [6cb04275-15] Writing "305. foo bar"
12:31:22.394 [reactor-http-nio-2] DEBUG o.s.c.c.CharSequenceEncoder - [6cb04275-15] Writing "306. foo bar"
12:31:22.394 [reactor-http-nio-2] DEBUG o.s.c.c.CharSequenceEncoder - [6cb04275-15] Writing "307. foo bar"
12:31:22.394 [reactor-http-nio-2] DEBUG o.s.c.c.CharSequenceEncoder - [6cb04275-15] Writing "308. foo bar"
12:31:22.394 [reactor-http-nio-2] DEBUG o.s.c.c.CharSequenceEncoder - [6cb04275-15] Writing "309. foo bar"
12:31:22.394 [reactor-http-nio-2] DEBUG o.s.c.c.CharSequenceEncoder - [6cb04275-15] Writing "310. foo bar"
12:31:22.394 [reactor-http-nio-2] DEBUG o.s.c.c.CharSequenceEncoder - [6cb04275-15] Writing "311. foo bar"
12:31:22.394 [reactor-http-nio-2] DEBUG o.s.c.c.CharSequenceEncoder - [6cb04275-15] Writing "312. foo bar"
12:31:22.395 [reactor-http-nio-2] DEBUG o.s.c.c.CharSequenceEncoder - [6cb04275-15] Writing "313. foo bar"
12:31:22.395 [reactor-http-nio-2] DEBUG o.s.c.c.CharSequenceEncoder - [6cb04275-15] Writing "314. foo bar"
12:31:22.395 [reactor-http-nio-2] DEBUG o.s.c.c.CharSequenceEncoder - [6cb04275-15] Writing "315. foo bar"
12:31:22.396 [reactor-http-nio-2] DEBUG o.s.c.c.CharSequenceEncoder - [6cb04275-15] Writing "316. foo bar"
12:31:22.396 [reactor-http-nio-2] DEBUG o.s.c.c.CharSequenceEncoder - [6cb04275-15] Writing "317. foo bar"
12:31:22.396 [reactor-http-nio-2] DEBUG o.s.c.c.CharSequenceEncoder - [6cb04275-15] Writing "318. foo bar"
12:31:22.396 [reactor-http-nio-2] DEBUG o.s.c.c.CharSequenceEncoder - [6cb04275-15] Writing "319. foo bar"
12:31:22.397 [reactor-http-nio-2] DEBUG o.s.c.c.CharSequenceEncoder - [6cb04275-15] Writing "320. foo bar"
12:31:22.409 [reactor-http-nio-2] DEBUG o.s.c.c.CharSequenceEncoder - [6cb04275-15] Writing "321. foo bar"
12:31:22.409 [reactor-http-nio-2] DEBUG o.s.c.c.CharSequenceEncoder - [6cb04275-15] Writing "322. foo bar"
12:31:22.410 [reactor-http-nio-2] DEBUG o.s.c.c.CharSequenceEncoder - [6cb04275-15] Writing "323. foo bar"
12:31:22.410 [reactor-http-nio-2] DEBUG o.s.c.c.CharSequenceEncoder - [6cb04275-15] Writing "324. foo bar"
12:31:22.410 [reactor-http-nio-2] DEBUG o.s.c.c.CharSequenceEncoder - [6cb04275-15] Writing "325. foo bar"
12:31:22.411 [reactor-http-nio-2] DEBUG o.s.c.c.CharSequenceEncoder - [6cb04275-15] Writing "326. foo bar"
12:31:22.411 [reactor-http-nio-2] DEBUG o.s.c.c.CharSequenceEncoder - [6cb04275-15] Writing "327. foo bar"
12:31:22.411 [reactor-http-nio-2] DEBUG o.s.c.c.CharSequenceEncoder - [6cb04275-15] Writing "328. foo bar"
12:31:22.412 [reactor-http-nio-2] DEBUG o.s.c.c.CharSequenceEncoder - [6cb04275-15] Writing "329. foo bar"
12:31:22.412 [reactor-http-nio-2] DEBUG o.s.c.c.CharSequenceEncoder - [6cb04275-15] Writing "330. foo bar"
12:31:22.412 [reactor-http-nio-2] DEBUG o.s.c.c.CharSequenceEncoder - [6cb04275-15] Writing "331. foo bar"
12:31:22.412 [reactor-http-nio-2] DEBUG o.s.c.c.CharSequenceEncoder - [6cb04275-15] Writing "332. foo bar"
12:31:22.412 [reactor-http-nio-2] DEBUG o.s.c.c.CharSequenceEncoder - [6cb04275-15] Writing "333. foo bar"
12:31:22.413 [reactor-http-nio-2] DEBUG o.s.c.c.CharSequenceEncoder - [6cb04275-15] Writing "334. foo bar"
12:31:22.413 [reactor-http-nio-2] DEBUG o.s.c.c.CharSequenceEncoder - [6cb04275-15] Writing "335. foo bar"
12:31:22.413 [reactor-http-nio-2] DEBUG o.s.c.c.CharSequenceEncoder - [6cb04275-15] Writing "336. foo bar"
12:31:22.413 [reactor-http-nio-2] DEBUG o.s.c.c.CharSequenceEncoder - [6cb04275-15] Writing "337. foo bar"
12:31:22.414 [reactor-http-nio-2] DEBUG o.s.c.c.CharSequenceEncoder - [6cb04275-15] Writing "338. foo bar"
12:31:22.414 [reactor-http-nio-2] DEBUG o.s.c.c.CharSequenceEncoder - [6cb04275-15] Writing "339. foo bar"
12:31:22.414 [reactor-http-nio-2] DEBUG o.s.c.c.CharSequenceEncoder - [6cb04275-15] Writing "340. foo bar"
12:31:22.414 [reactor-http-nio-2] DEBUG o.s.c.c.CharSequenceEncoder - [6cb04275-15] Writing "341. foo bar"
12:31:22.415 [reactor-http-nio-2] DEBUG o.s.c.c.CharSequenceEncoder - [6cb04275-15] Writing "342. foo bar"
12:31:22.415 [reactor-http-nio-2] DEBUG o.s.c.c.CharSequenceEncoder - [6cb04275-15] Writing "343. foo bar"
12:31:22.415 [reactor-http-nio-2] DEBUG o.s.c.c.CharSequenceEncoder - [6cb04275-15] Writing "344. foo bar"
12:31:22.415 [reactor-http-nio-2] DEBUG o.s.c.c.CharSequenceEncoder - [6cb04275-15] Writing "345. foo bar"
12:31:22.416 [reactor-http-nio-2] DEBUG o.s.c.c.CharSequenceEncoder - [6cb04275-15] Writing "346. foo bar"
12:31:22.416 [reactor-http-nio-2] DEBUG o.s.c.c.CharSequenceEncoder - [6cb04275-15] Writing "347. foo bar"
12:31:22.416 [reactor-http-nio-2] DEBUG o.s.c.c.CharSequenceEncoder - [6cb04275-15] Writing "348. foo bar"
12:31:22.416 [reactor-http-nio-2] DEBUG o.s.c.c.CharSequenceEncoder - [6cb04275-15] Writing "349. foo bar"
12:31:22.417 [reactor-http-nio-2] DEBUG o.s.c.c.CharSequenceEncoder - [6cb04275-15] Writing "350. foo bar"
12:31:22.417 [reactor-http-nio-2] DEBUG o.s.c.c.CharSequenceEncoder - [6cb04275-15] Writing "351. foo bar"
12:31:22.417 [reactor-http-nio-2] DEBUG o.s.c.c.CharSequenceEncoder - [6cb04275-15] Writing "352. foo bar"
12:31:22.417 [reactor-http-nio-2] DEBUG o.s.c.c.CharSequenceEncoder - [6cb04275-15] Writing "353. foo bar"
12:31:22.418 [reactor-http-nio-2] DEBUG o.s.c.c.CharSequenceEncoder - [6cb04275-15] Writing "354. foo bar"
12:31:22.418 [reactor-http-nio-2] DEBUG o.s.c.c.CharSequenceEncoder - [6cb04275-15] Writing "355. foo bar"
12:31:22.418 [reactor-http-nio-2] DEBUG o.s.c.c.CharSequenceEncoder - [6cb04275-15] Writing "356. foo bar"
12:31:22.418 [reactor-http-nio-2] DEBUG o.s.c.c.CharSequenceEncoder - [6cb04275-15] Writing "357. foo bar"
12:31:22.419 [reactor-http-nio-2] DEBUG o.s.c.c.CharSequenceEncoder - [6cb04275-15] Writing "358. foo bar"
12:31:22.419 [reactor-http-nio-2] DEBUG o.s.c.c.CharSequenceEncoder - [6cb04275-15] Writing "359. foo bar"
12:31:22.419 [reactor-http-nio-2] DEBUG o.s.c.c.CharSequenceEncoder - [6cb04275-15] Writing "360. foo bar"
12:31:22.419 [reactor-http-nio-2] DEBUG o.s.c.c.CharSequenceEncoder - [6cb04275-15] Writing "361. foo bar"
12:31:22.420 [reactor-http-nio-2] DEBUG o.s.c.c.CharSequenceEncoder - [6cb04275-15] Writing "362. foo bar"
12:31:22.422 [reactor-http-nio-2] DEBUG o.s.c.c.CharSequenceEncoder - [6cb04275-15] Writing "363. foo bar"
12:31:22.422 [reactor-http-nio-2] DEBUG o.s.c.c.CharSequenceEncoder - [6cb04275-15] Writing "364. foo bar"
12:31:22.422 [reactor-http-nio-2] DEBUG o.s.c.c.CharSequenceEncoder - [6cb04275-15] Writing "365. foo bar"
12:31:22.423 [reactor-http-nio-2] DEBUG o.s.c.c.CharSequenceEncoder - [6cb04275-15] Writing "366. foo bar"
12:31:22.423 [reactor-http-nio-2] DEBUG o.s.c.c.CharSequenceEncoder - [6cb04275-15] Writing "367. foo bar"
12:31:22.424 [reactor-http-nio-2] DEBUG o.s.c.c.CharSequenceEncoder - [6cb04275-15] Writing "368. foo bar"
12:31:22.426 [reactor-http-nio-2] DEBUG o.s.c.c.CharSequenceEncoder - [6cb04275-15] Writing "369. foo bar"
12:31:22.426 [reactor-http-nio-2] DEBUG o.s.c.c.CharSequenceEncoder - [6cb04275-15] Writing "370. foo bar"
12:31:22.427 [reactor-http-nio-2] DEBUG o.s.c.c.CharSequenceEncoder - [6cb04275-15] Writing "371. foo bar"
12:31:22.427 [reactor-http-nio-2] DEBUG o.s.c.c.CharSequenceEncoder - [6cb04275-15] Writing "372. foo bar"
12:31:22.427 [reactor-http-nio-2] DEBUG o.s.c.c.CharSequenceEncoder - [6cb04275-15] Writing "373. foo bar"
12:31:22.427 [reactor-http-nio-2] DEBUG o.s.c.c.CharSequenceEncoder - [6cb04275-15] Writing "374. foo bar"
12:31:22.428 [reactor-http-nio-2] DEBUG o.s.c.c.CharSequenceEncoder - [6cb04275-15] Writing "375. foo bar"
12:31:22.428 [reactor-http-nio-2] DEBUG o.s.c.c.CharSequenceEncoder - [6cb04275-15] Writing "376. foo bar"
12:31:22.428 [reactor-http-nio-2] DEBUG o.s.c.c.CharSequenceEncoder - [6cb04275-15] Writing "377. foo bar"
12:31:22.429 [reactor-http-nio-2] DEBUG o.s.c.c.CharSequenceEncoder - [6cb04275-15] Writing "378. foo bar"
12:31:22.429 [reactor-http-nio-2] DEBUG o.s.c.c.CharSequenceEncoder - [6cb04275-15] Writing "379. foo bar"
12:31:22.429 [reactor-http-nio-2] DEBUG o.s.c.c.CharSequenceEncoder - [6cb04275-15] Writing "380. foo bar"
12:31:22.429 [reactor-http-nio-2] DEBUG o.s.c.c.CharSequenceEncoder - [6cb04275-15] Writing "381. foo bar"
12:31:22.430 [reactor-http-nio-2] DEBUG o.s.c.c.CharSequenceEncoder - [6cb04275-15] Writing "382. foo bar"
12:31:22.430 [reactor-http-nio-2] DEBUG o.s.c.c.CharSequenceEncoder - [6cb04275-15] Writing "383. foo bar"
12:31:22.430 [reactor-http-nio-2] DEBUG o.s.c.c.CharSequenceEncoder - [6cb04275-15] Writing "384. foo bar"
12:31:22.464 [reactor-http-nio-2] DEBUG o.s.c.c.CharSequenceEncoder - [6cb04275-15] Writing "385. foo bar"
12:31:22.464 [reactor-http-nio-2] DEBUG o.s.c.c.CharSequenceEncoder - [6cb04275-15] Writing "386. foo bar"
12:31:22.464 [reactor-http-nio-2] DEBUG o.s.c.c.CharSequenceEncoder - [6cb04275-15] Writing "387. foo bar"
12:31:22.464 [reactor-http-nio-2] DEBUG o.s.c.c.CharSequenceEncoder - [6cb04275-15] Writing "388. foo bar"
12:31:22.465 [reactor-http-nio-2] DEBUG o.s.c.c.CharSequenceEncoder - [6cb04275-15] Writing "389. foo bar"
12:31:22.465 [reactor-http-nio-2] DEBUG o.s.c.c.CharSequenceEncoder - [6cb04275-15] Writing "390. foo bar"
12:31:22.465 [reactor-http-nio-2] DEBUG o.s.c.c.CharSequenceEncoder - [6cb04275-15] Writing "391. foo bar"
12:31:22.465 [reactor-http-nio-2] DEBUG o.s.c.c.CharSequenceEncoder - [6cb04275-15] Writing "392. foo bar"
12:31:22.465 [reactor-http-nio-2] DEBUG o.s.c.c.CharSequenceEncoder - [6cb04275-15] Writing "393. foo bar"
12:31:22.465 [reactor-http-nio-2] DEBUG o.s.c.c.CharSequenceEncoder - [6cb04275-15] Writing "394. foo bar"
12:31:22.465 [reactor-http-nio-2] DEBUG o.s.c.c.CharSequenceEncoder - [6cb04275-15] Writing "395. foo bar"
12:31:22.465 [reactor-http-nio-2] DEBUG o.s.c.c.CharSequenceEncoder - [6cb04275-15] Writing "396. foo bar"
12:31:22.466 [reactor-http-nio-2] DEBUG o.s.c.c.CharSequenceEncoder - [6cb04275-15] Writing "397. foo bar"
12:31:22.466 [reactor-http-nio-2] DEBUG o.s.c.c.CharSequenceEncoder - [6cb04275-15] Writing "398. foo bar"
12:31:22.466 [reactor-http-nio-2] DEBUG o.s.c.c.CharSequenceEncoder - [6cb04275-15] Writing "399. foo bar"
12:31:22.466 [reactor-http-nio-2] DEBUG o.s.c.c.CharSequenceEncoder - [6cb04275-15] Writing "400. foo bar"
12:31:22.466 [reactor-http-nio-2] DEBUG o.s.c.c.CharSequenceEncoder - [6cb04275-15] Writing "401. foo bar"
12:31:22.466 [reactor-http-nio-2] DEBUG o.s.c.c.CharSequenceEncoder - [6cb04275-15] Writing "402. foo bar"
12:31:22.466 [reactor-http-nio-2] DEBUG o.s.c.c.CharSequenceEncoder - [6cb04275-15] Writing "403. foo bar"
12:31:22.466 [reactor-http-nio-2] DEBUG o.s.c.c.CharSequenceEncoder - [6cb04275-15] Writing "404. foo bar"
12:31:22.467 [reactor-http-nio-2] DEBUG o.s.c.c.CharSequenceEncoder - [6cb04275-15] Writing "405. foo bar"
12:31:22.467 [reactor-http-nio-2] DEBUG o.s.c.c.CharSequenceEncoder - [6cb04275-15] Writing "406. foo bar"
12:31:22.467 [reactor-http-nio-2] DEBUG o.s.c.c.CharSequenceEncoder - [6cb04275-15] Writing "407. foo bar"
12:31:22.467 [reactor-http-nio-2] DEBUG o.s.c.c.CharSequenceEncoder - [6cb04275-15] Writing "408. foo bar"
12:31:22.467 [reactor-http-nio-2] DEBUG o.s.c.c.CharSequenceEncoder - [6cb04275-15] Writing "409. foo bar"
12:31:22.467 [reactor-http-nio-2] DEBUG o.s.c.c.CharSequenceEncoder - [6cb04275-15] Writing "410. foo bar"
12:31:22.467 [reactor-http-nio-2] DEBUG o.s.c.c.CharSequenceEncoder - [6cb04275-15] Writing "411. foo bar"
12:31:22.467 [reactor-http-nio-2] DEBUG o.s.c.c.CharSequenceEncoder - [6cb04275-15] Writing "412. foo bar"
12:31:22.467 [reactor-http-nio-2] DEBUG o.s.c.c.CharSequenceEncoder - [6cb04275-15] Writing "413. foo bar"
12:31:22.467 [reactor-http-nio-2] DEBUG o.s.c.c.CharSequenceEncoder - [6cb04275-15] Writing "414. foo bar"
12:31:22.467 [reactor-http-nio-2] DEBUG o.s.c.c.CharSequenceEncoder - [6cb04275-15] Writing "415. foo bar"
12:31:22.467 [reactor-http-nio-2] DEBUG o.s.c.c.CharSequenceEncoder - [6cb04275-15] Writing "416. foo bar"
12:31:22.467 [reactor-http-nio-2] DEBUG o.s.c.c.CharSequenceEncoder - [6cb04275-15] Writing "417. foo bar"
12:31:22.467 [reactor-http-nio-2] DEBUG o.s.c.c.CharSequenceEncoder - [6cb04275-15] Writing "418. foo bar"
12:31:22.468 [reactor-http-nio-2] DEBUG o.s.c.c.CharSequenceEncoder - [6cb04275-15] Writing "419. foo bar"
12:31:22.468 [reactor-http-nio-2] DEBUG o.s.c.c.CharSequenceEncoder - [6cb04275-15] Writing "420. foo bar"
12:31:22.468 [reactor-http-nio-2] DEBUG o.s.c.c.CharSequenceEncoder - [6cb04275-15] Writing "421. foo bar"
12:31:22.468 [reactor-http-nio-2] DEBUG o.s.c.c.CharSequenceEncoder - [6cb04275-15] Writing "422. foo bar"
12:31:22.468 [reactor-http-nio-2] DEBUG o.s.c.c.CharSequenceEncoder - [6cb04275-15] Writing "423. foo bar"
12:31:22.468 [reactor-http-nio-2] DEBUG o.s.c.c.CharSequenceEncoder - [6cb04275-15] Writing "424. foo bar"
12:31:22.468 [reactor-http-nio-2] DEBUG o.s.c.c.CharSequenceEncoder - [6cb04275-15] Writing "425. foo bar"
12:31:22.468 [reactor-http-nio-2] DEBUG o.s.c.c.CharSequenceEncoder - [6cb04275-15] Writing "426. foo bar"
12:31:22.468 [reactor-http-nio-2] DEBUG o.s.c.c.CharSequenceEncoder - [6cb04275-15] Writing "427. foo bar"
12:31:22.469 [reactor-http-nio-2] DEBUG o.s.c.c.CharSequenceEncoder - [6cb04275-15] Writing "428. foo bar"
12:31:22.469 [reactor-http-nio-2] DEBUG o.s.c.c.CharSequenceEncoder - [6cb04275-15] Writing "429. foo bar"
12:31:22.469 [reactor-http-nio-2] DEBUG o.s.c.c.CharSequenceEncoder - [6cb04275-15] Writing "430. foo bar"
12:31:22.469 [reactor-http-nio-2] DEBUG o.s.c.c.CharSequenceEncoder - [6cb04275-15] Writing "431. foo bar"
12:31:22.469 [reactor-http-nio-2] DEBUG o.s.c.c.CharSequenceEncoder - [6cb04275-15] Writing "432. foo bar"
12:31:22.469 [reactor-http-nio-2] DEBUG o.s.c.c.CharSequenceEncoder - [6cb04275-15] Writing "433. foo bar"
12:31:22.469 [reactor-http-nio-2] DEBUG o.s.c.c.CharSequenceEncoder - [6cb04275-15] Writing "434. foo bar"
12:31:22.470 [reactor-http-nio-2] DEBUG o.s.c.c.CharSequenceEncoder - [6cb04275-15] Writing "435. foo bar"
12:31:22.470 [reactor-http-nio-2] DEBUG o.s.c.c.CharSequenceEncoder - [6cb04275-15] Writing "436. foo bar"
12:31:22.470 [reactor-http-nio-2] DEBUG o.s.c.c.CharSequenceEncoder - [6cb04275-15] Writing "437. foo bar"
12:31:22.470 [reactor-http-nio-2] DEBUG o.s.c.c.CharSequenceEncoder - [6cb04275-15] Writing "438. foo bar"
12:31:22.470 [reactor-http-nio-2] DEBUG o.s.c.c.CharSequenceEncoder - [6cb04275-15] Writing "439. foo bar"
12:31:22.470 [reactor-http-nio-2] DEBUG o.s.c.c.CharSequenceEncoder - [6cb04275-15] Writing "440. foo bar"
12:31:22.470 [reactor-http-nio-2] DEBUG o.s.c.c.CharSequenceEncoder - [6cb04275-15] Writing "441. foo bar"
12:31:22.470 [reactor-http-nio-2] DEBUG o.s.c.c.CharSequenceEncoder - [6cb04275-15] Writing "442. foo bar"
12:31:22.471 [reactor-http-nio-2] DEBUG o.s.c.c.CharSequenceEncoder - [6cb04275-15] Writing "443. foo bar"
12:31:22.471 [reactor-http-nio-2] DEBUG o.s.c.c.CharSequenceEncoder - [6cb04275-15] Writing "444. foo bar"
12:31:22.471 [reactor-http-nio-2] DEBUG o.s.c.c.CharSequenceEncoder - [6cb04275-15] Writing "445. foo bar"
12:31:22.471 [reactor-http-nio-2] DEBUG o.s.c.c.CharSequenceEncoder - [6cb04275-15] Writing "446. foo bar"
12:31:22.471 [reactor-http-nio-2] DEBUG o.s.c.c.CharSequenceEncoder - [6cb04275-15] Writing "447. foo bar"
12:31:22.471 [reactor-http-nio-2] DEBUG o.s.c.c.CharSequenceEncoder - [6cb04275-15] Writing "448. foo bar"
12:31:22.485 [reactor-http-nio-2] DEBUG o.s.c.c.CharSequenceEncoder - [6cb04275-15] Writing "449. foo bar"
12:31:22.485 [reactor-http-nio-2] DEBUG o.s.c.c.CharSequenceEncoder - [6cb04275-15] Writing "450. foo bar"
12:31:22.485 [reactor-http-nio-2] DEBUG o.s.c.c.CharSequenceEncoder - [6cb04275-15] Writing "451. foo bar"
12:31:22.485 [reactor-http-nio-2] DEBUG o.s.c.c.CharSequenceEncoder - [6cb04275-15] Writing "452. foo bar"
12:31:22.486 [reactor-http-nio-2] DEBUG o.s.c.c.CharSequenceEncoder - [6cb04275-15] Writing "453. foo bar"
12:31:22.486 [reactor-http-nio-2] DEBUG o.s.c.c.CharSequenceEncoder - [6cb04275-15] Writing "454. foo bar"
12:31:22.486 [reactor-http-nio-2] DEBUG o.s.c.c.CharSequenceEncoder - [6cb04275-15] Writing "455. foo bar"
12:31:22.486 [reactor-http-nio-2] DEBUG o.s.c.c.CharSequenceEncoder - [6cb04275-15] Writing "456. foo bar"
12:31:22.486 [reactor-http-nio-2] DEBUG o.s.c.c.CharSequenceEncoder - [6cb04275-15] Writing "457. foo bar"
12:31:22.486 [reactor-http-nio-2] DEBUG o.s.c.c.CharSequenceEncoder - [6cb04275-15] Writing "458. foo bar"
12:31:22.486 [reactor-http-nio-2] DEBUG o.s.c.c.CharSequenceEncoder - [6cb04275-15] Writing "459. foo bar"
12:31:22.486 [reactor-http-nio-2] DEBUG o.s.c.c.CharSequenceEncoder - [6cb04275-15] Writing "460. foo bar"
12:31:22.486 [reactor-http-nio-2] DEBUG o.s.c.c.CharSequenceEncoder - [6cb04275-15] Writing "461. foo bar"
12:31:22.487 [reactor-http-nio-2] DEBUG o.s.c.c.CharSequenceEncoder - [6cb04275-15] Writing "462. foo bar"
12:31:22.487 [reactor-http-nio-2] DEBUG o.s.c.c.CharSequenceEncoder - [6cb04275-15] Writing "463. foo bar"
12:31:22.490 [reactor-http-nio-2] DEBUG o.s.c.c.CharSequenceEncoder - [6cb04275-15] Writing "464. foo bar"
12:31:22.491 [reactor-http-nio-2] DEBUG o.s.c.c.CharSequenceEncoder - [6cb04275-15] Writing "465. foo bar"
12:31:22.491 [reactor-http-nio-2] DEBUG o.s.c.c.CharSequenceEncoder - [6cb04275-15] Writing "466. foo bar"
12:31:22.491 [reactor-http-nio-2] DEBUG o.s.c.c.CharSequenceEncoder - [6cb04275-15] Writing "467. foo bar"
12:31:22.491 [reactor-http-nio-2] DEBUG o.s.c.c.CharSequenceEncoder - [6cb04275-15] Writing "468. foo bar"
12:31:22.492 [reactor-http-nio-2] DEBUG o.s.c.c.CharSequenceEncoder - [6cb04275-15] Writing "469. foo bar"
12:31:22.492 [reactor-http-nio-2] DEBUG o.s.c.c.CharSequenceEncoder - [6cb04275-15] Writing "470. foo bar"
12:31:22.492 [reactor-http-nio-2] DEBUG o.s.c.c.CharSequenceEncoder - [6cb04275-15] Writing "471. foo bar"
12:31:22.492 [reactor-http-nio-2] DEBUG o.s.c.c.CharSequenceEncoder - [6cb04275-15] Writing "472. foo bar"
12:31:22.493 [reactor-http-nio-2] DEBUG o.s.c.c.CharSequenceEncoder - [6cb04275-15] Writing "473. foo bar"
12:31:22.493 [reactor-http-nio-2] DEBUG o.s.c.c.CharSequenceEncoder - [6cb04275-15] Writing "474. foo bar"
12:31:22.493 [reactor-http-nio-2] DEBUG o.s.c.c.CharSequenceEncoder - [6cb04275-15] Writing "475. foo bar"
12:31:22.493 [reactor-http-nio-2] DEBUG o.s.c.c.CharSequenceEncoder - [6cb04275-15] Writing "476. foo bar"
12:31:22.494 [reactor-http-nio-2] DEBUG o.s.c.c.CharSequenceEncoder - [6cb04275-15] Writing "477. foo bar"
12:31:22.494 [reactor-http-nio-2] DEBUG o.s.c.c.CharSequenceEncoder - [6cb04275-15] Writing "478. foo bar"
12:31:22.494 [reactor-http-nio-2] DEBUG o.s.c.c.CharSequenceEncoder - [6cb04275-15] Writing "479. foo bar"
12:31:22.494 [reactor-http-nio-2] DEBUG o.s.c.c.CharSequenceEncoder - [6cb04275-15] Writing "480. foo bar"
12:31:22.495 [reactor-http-nio-2] DEBUG o.s.c.c.CharSequenceEncoder - [6cb04275-15] Writing "481. foo bar"
12:31:22.495 [reactor-http-nio-2] DEBUG o.s.c.c.CharSequenceEncoder - [6cb04275-15] Writing "482. foo bar"
12:31:22.495 [reactor-http-nio-2] DEBUG o.s.c.c.CharSequenceEncoder - [6cb04275-15] Writing "483. foo bar"
12:31:22.495 [reactor-http-nio-2] DEBUG o.s.c.c.CharSequenceEncoder - [6cb04275-15] Writing "484. foo bar"
12:31:22.496 [reactor-http-nio-2] DEBUG o.s.c.c.CharSequenceEncoder - [6cb04275-15] Writing "485. foo bar"
12:31:22.496 [reactor-http-nio-2] DEBUG o.s.c.c.CharSequenceEncoder - [6cb04275-15] Writing "486. foo bar"
12:31:22.496 [reactor-http-nio-2] DEBUG o.s.c.c.CharSequenceEncoder - [6cb04275-15] Writing "487. foo bar"
12:31:22.496 [reactor-http-nio-2] DEBUG o.s.c.c.CharSequenceEncoder - [6cb04275-15] Writing "488. foo bar"
12:31:22.496 [reactor-http-nio-2] DEBUG o.s.c.c.CharSequenceEncoder - [6cb04275-15] Writing "489. foo bar"
12:31:22.496 [reactor-http-nio-2] DEBUG o.s.c.c.CharSequenceEncoder - [6cb04275-15] Writing "490. foo bar"
12:31:22.496 [reactor-http-nio-2] DEBUG o.s.c.c.CharSequenceEncoder - [6cb04275-15] Writing "491. foo bar"
12:31:22.497 [reactor-http-nio-2] DEBUG o.s.c.c.CharSequenceEncoder - [6cb04275-15] Writing "492. foo bar"
12:31:22.497 [reactor-http-nio-2] DEBUG o.s.c.c.CharSequenceEncoder - [6cb04275-15] Writing "493. foo bar"
12:31:22.497 [reactor-http-nio-2] DEBUG o.s.c.c.CharSequenceEncoder - [6cb04275-15] Writing "494. foo bar"
12:31:22.497 [reactor-http-nio-2] DEBUG o.s.c.c.CharSequenceEncoder - [6cb04275-15] Writing "495. foo bar"
12:31:22.497 [reactor-http-nio-2] DEBUG o.s.c.c.CharSequenceEncoder - [6cb04275-15] Writing "496. foo bar"
12:31:22.498 [reactor-http-nio-2] DEBUG o.s.c.c.CharSequenceEncoder - [6cb04275-15] Writing "497. foo bar"
12:31:22.498 [reactor-http-nio-2] DEBUG o.s.c.c.CharSequenceEncoder - [6cb04275-15] Writing "498. foo bar"
12:31:22.498 [reactor-http-nio-2] DEBUG o.s.c.c.CharSequenceEncoder - [6cb04275-15] Writing "499. foo bar"
12:31:22.498 [reactor-http-nio-2] DEBUG o.s.c.c.CharSequenceEncoder - [6cb04275-15] Writing "500. foo bar"
12:31:22.498 [reactor-http-nio-2] DEBUG o.s.c.c.CharSequenceEncoder - [6cb04275-15] Writing "501. foo bar"
12:31:22.498 [reactor-http-nio-2] DEBUG o.s.c.c.CharSequenceEncoder - [6cb04275-15] Writing "502. foo bar"
12:31:22.498 [reactor-http-nio-2] DEBUG o.s.c.c.CharSequenceEncoder - [6cb04275-15] Writing "503. foo bar"
12:31:22.498 [reactor-http-nio-2] DEBUG o.s.c.c.CharSequenceEncoder - [6cb04275-15] Writing "504. foo bar"
12:31:22.499 [reactor-http-nio-2] DEBUG o.s.c.c.CharSequenceEncoder - [6cb04275-15] Writing "505. foo bar"
12:31:22.499 [reactor-http-nio-2] DEBUG o.s.c.c.CharSequenceEncoder - [6cb04275-15] Writing "506. foo bar"
12:31:22.499 [reactor-http-nio-2] DEBUG o.s.c.c.CharSequenceEncoder - [6cb04275-15] Writing "507. foo bar"
12:31:22.499 [reactor-http-nio-2] DEBUG o.s.c.c.CharSequenceEncoder - [6cb04275-15] Writing "508. foo bar"
12:31:22.499 [reactor-http-nio-2] DEBUG o.s.c.c.CharSequenceEncoder - [6cb04275-15] Writing "509. foo bar"
12:31:22.499 [reactor-http-nio-2] DEBUG o.s.c.c.CharSequenceEncoder - [6cb04275-15] Writing "510. foo bar"
12:31:22.499 [reactor-http-nio-2] DEBUG o.s.c.c.CharSequenceEncoder - [6cb04275-15] Writing "511. foo bar"
12:31:22.499 [reactor-http-nio-2] DEBUG o.s.c.c.CharSequenceEncoder - [6cb04275-15] Writing "512. foo bar"
12:31:22.533 [reactor-http-nio-2] DEBUG o.s.c.c.CharSequenceEncoder - [6cb04275-15] Writing "513. foo bar"
12:31:22.533 [reactor-http-nio-2] DEBUG o.s.c.c.CharSequenceEncoder - [6cb04275-15] Writing "514. foo bar"
12:31:22.533 [reactor-http-nio-2] DEBUG o.s.c.c.CharSequenceEncoder - [6cb04275-15] Writing "515. foo bar"
12:31:22.534 [reactor-http-nio-2] DEBUG o.s.c.c.CharSequenceEncoder - [6cb04275-15] Writing "516. foo bar"
12:31:22.534 [reactor-http-nio-2] DEBUG o.s.c.c.CharSequenceEncoder - [6cb04275-15] Writing "517. foo bar"
12:31:22.534 [reactor-http-nio-2] DEBUG o.s.c.c.CharSequenceEncoder - [6cb04275-15] Writing "518. foo bar"
12:31:22.534 [reactor-http-nio-2] DEBUG o.s.c.c.CharSequenceEncoder - [6cb04275-15] Writing "519. foo bar"
12:31:22.535 [reactor-http-nio-2] DEBUG o.s.c.c.CharSequenceEncoder - [6cb04275-15] Writing "520. foo bar"
12:31:22.535 [reactor-http-nio-2] DEBUG o.s.c.c.CharSequenceEncoder - [6cb04275-15] Writing "521. foo bar"
12:31:22.535 [reactor-http-nio-2] DEBUG o.s.c.c.CharSequenceEncoder - [6cb04275-15] Writing "522. foo bar"
12:31:22.535 [reactor-http-nio-2] DEBUG o.s.c.c.CharSequenceEncoder - [6cb04275-15] Writing "523. foo bar"
12:31:22.536 [reactor-http-nio-2] DEBUG o.s.c.c.CharSequenceEncoder - [6cb04275-15] Writing "524. foo bar"
12:31:22.536 [reactor-http-nio-2] DEBUG o.s.c.c.CharSequenceEncoder - [6cb04275-15] Writing "525. foo bar"
12:31:22.536 [reactor-http-nio-2] DEBUG o.s.c.c.CharSequenceEncoder - [6cb04275-15] Writing "526. foo bar"
12:31:22.536 [reactor-http-nio-2] DEBUG o.s.c.c.CharSequenceEncoder - [6cb04275-15] Writing "527. foo bar"
12:31:22.537 [reactor-http-nio-2] DEBUG o.s.c.c.CharSequenceEncoder - [6cb04275-15] Writing "528. foo bar"
12:31:22.537 [reactor-http-nio-2] DEBUG o.s.c.c.CharSequenceEncoder - [6cb04275-15] Writing "529. foo bar"
12:31:22.537 [reactor-http-nio-2] DEBUG o.s.c.c.CharSequenceEncoder - [6cb04275-15] Writing "530. foo bar"
12:31:22.537 [reactor-http-nio-2] DEBUG o.s.c.c.CharSequenceEncoder - [6cb04275-15] Writing "531. foo bar"
12:31:22.537 [reactor-http-nio-2] DEBUG o.s.c.c.CharSequenceEncoder - [6cb04275-15] Writing "532. foo bar"
12:31:22.538 [reactor-http-nio-2] DEBUG o.s.c.c.CharSequenceEncoder - [6cb04275-15] Writing "533. foo bar"
12:31:22.538 [reactor-http-nio-2] DEBUG o.s.c.c.CharSequenceEncoder - [6cb04275-15] Writing "534. foo bar"
12:31:22.538 [reactor-http-nio-2] DEBUG o.s.c.c.CharSequenceEncoder - [6cb04275-15] Writing "535. foo bar"
12:31:22.538 [reactor-http-nio-2] DEBUG o.s.c.c.CharSequenceEncoder - [6cb04275-15] Writing "536. foo bar"
12:31:22.539 [reactor-http-nio-2] DEBUG o.s.c.c.CharSequenceEncoder - [6cb04275-15] Writing "537. foo bar"
12:31:22.539 [reactor-http-nio-2] DEBUG o.s.c.c.CharSequenceEncoder - [6cb04275-15] Writing "538. foo bar"
12:31:22.539 [reactor-http-nio-2] DEBUG o.s.c.c.CharSequenceEncoder - [6cb04275-15] Writing "539. foo bar"
12:31:22.539 [reactor-http-nio-2] DEBUG o.s.c.c.CharSequenceEncoder - [6cb04275-15] Writing "540. foo bar"
12:31:22.540 [reactor-http-nio-2] DEBUG o.s.c.c.CharSequenceEncoder - [6cb04275-15] Writing "541. foo bar"
12:31:22.540 [reactor-http-nio-2] DEBUG o.s.c.c.CharSequenceEncoder - [6cb04275-15] Writing "542. foo bar"
12:31:22.540 [reactor-http-nio-2] DEBUG o.s.c.c.CharSequenceEncoder - [6cb04275-15] Writing "543. foo bar"
12:31:22.541 [reactor-http-nio-2] DEBUG o.s.c.c.CharSequenceEncoder - [6cb04275-15] Writing "544. foo bar"
12:31:22.541 [reactor-http-nio-2] DEBUG o.s.c.c.CharSequenceEncoder - [6cb04275-15] Writing "545. foo bar"
12:31:22.541 [reactor-http-nio-2] DEBUG o.s.c.c.CharSequenceEncoder - [6cb04275-15] Writing "546. foo bar"
12:31:22.541 [reactor-http-nio-2] DEBUG o.s.c.c.CharSequenceEncoder - [6cb04275-15] Writing "547. foo bar"
12:31:22.541 [reactor-http-nio-2] DEBUG o.s.c.c.CharSequenceEncoder - [6cb04275-15] Writing "548. foo bar"
12:31:22.542 [reactor-http-nio-2] DEBUG o.s.c.c.CharSequenceEncoder - [6cb04275-15] Writing "549. foo bar"
12:31:22.542 [reactor-http-nio-2] DEBUG o.s.c.c.CharSequenceEncoder - [6cb04275-15] Writing "550. foo bar"
12:31:22.542 [reactor-http-nio-2] DEBUG o.s.c.c.CharSequenceEncoder - [6cb04275-15] Writing "551. foo bar"
12:31:22.542 [reactor-http-nio-2] DEBUG o.s.c.c.CharSequenceEncoder - [6cb04275-15] Writing "552. foo bar"
12:31:22.543 [reactor-http-nio-2] DEBUG o.s.c.c.CharSequenceEncoder - [6cb04275-15] Writing "553. foo bar"
12:31:22.543 [reactor-http-nio-2] DEBUG o.s.c.c.CharSequenceEncoder - [6cb04275-15] Writing "554. foo bar"
12:31:22.543 [reactor-http-nio-2] DEBUG o.s.c.c.CharSequenceEncoder - [6cb04275-15] Writing "555. foo bar"
12:31:22.543 [reactor-http-nio-2] DEBUG o.s.c.c.CharSequenceEncoder - [6cb04275-15] Writing "556. foo bar"
12:31:22.543 [reactor-http-nio-2] DEBUG o.s.c.c.CharSequenceEncoder - [6cb04275-15] Writing "557. foo bar"
12:31:22.543 [reactor-http-nio-2] DEBUG o.s.c.c.CharSequenceEncoder - [6cb04275-15] Writing "558. foo bar"
12:31:22.543 [reactor-http-nio-2] DEBUG o.s.c.c.CharSequenceEncoder - [6cb04275-15] Writing "559. foo bar"
12:31:22.543 [reactor-http-nio-2] DEBUG o.s.c.c.CharSequenceEncoder - [6cb04275-15] Writing "560. foo bar"
12:31:22.543 [reactor-http-nio-2] DEBUG o.s.c.c.CharSequenceEncoder - [6cb04275-15] Writing "561. foo bar"
12:31:22.543 [reactor-http-nio-2] DEBUG o.s.c.c.CharSequenceEncoder - [6cb04275-15] Writing "562. foo bar"
12:31:22.544 [reactor-http-nio-2] DEBUG o.s.c.c.CharSequenceEncoder - [6cb04275-15] Writing "563. foo bar"
12:31:22.544 [reactor-http-nio-2] DEBUG o.s.c.c.CharSequenceEncoder - [6cb04275-15] Writing "564. foo bar"
12:31:22.544 [reactor-http-nio-2] DEBUG o.s.c.c.CharSequenceEncoder - [6cb04275-15] Writing "565. foo bar"
12:31:22.544 [reactor-http-nio-2] DEBUG o.s.c.c.CharSequenceEncoder - [6cb04275-15] Writing "566. foo bar"
12:31:22.544 [reactor-http-nio-2] DEBUG o.s.c.c.CharSequenceEncoder - [6cb04275-15] Writing "567. foo bar"
12:31:22.544 [reactor-http-nio-2] DEBUG o.s.c.c.CharSequenceEncoder - [6cb04275-15] Writing "568. foo bar"
12:31:22.544 [reactor-http-nio-2] DEBUG o.s.c.c.CharSequenceEncoder - [6cb04275-15] Writing "569. foo bar"
12:31:22.544 [reactor-http-nio-2] DEBUG o.s.c.c.CharSequenceEncoder - [6cb04275-15] Writing "570. foo bar"
12:31:22.544 [reactor-http-nio-2] DEBUG o.s.c.c.CharSequenceEncoder - [6cb04275-15] Writing "571. foo bar"
12:31:22.544 [reactor-http-nio-2] DEBUG o.s.c.c.CharSequenceEncoder - [6cb04275-15] Writing "572. foo bar"
12:31:22.544 [reactor-http-nio-2] DEBUG o.s.c.c.CharSequenceEncoder - [6cb04275-15] Writing "573. foo bar"
12:31:22.544 [reactor-http-nio-2] DEBUG o.s.c.c.CharSequenceEncoder - [6cb04275-15] Writing "574. foo bar"
12:31:22.544 [reactor-http-nio-2] DEBUG o.s.c.c.CharSequenceEncoder - [6cb04275-15] Writing "575. foo bar"
12:31:22.545 [reactor-http-nio-2] DEBUG o.s.c.c.CharSequenceEncoder - [6cb04275-15] Writing "576. foo bar"
12:31:22.571 [reactor-http-nio-2] DEBUG o.s.c.c.CharSequenceEncoder - [6cb04275-15] Writing "577. foo bar"
12:31:22.571 [reactor-http-nio-2] DEBUG o.s.c.c.CharSequenceEncoder - [6cb04275-15] Writing "578. foo bar"
12:31:22.572 [reactor-http-nio-2] DEBUG o.s.c.c.CharSequenceEncoder - [6cb04275-15] Writing "579. foo bar"
12:31:22.572 [reactor-http-nio-2] DEBUG o.s.c.c.CharSequenceEncoder - [6cb04275-15] Writing "580. foo bar"
12:31:22.572 [reactor-http-nio-2] DEBUG o.s.c.c.CharSequenceEncoder - [6cb04275-15] Writing "581. foo bar"
12:31:22.572 [reactor-http-nio-2] DEBUG o.s.c.c.CharSequenceEncoder - [6cb04275-15] Writing "582. foo bar"
12:31:22.572 [reactor-http-nio-2] DEBUG o.s.c.c.CharSequenceEncoder - [6cb04275-15] Writing "583. foo bar"
12:31:22.572 [reactor-http-nio-2] DEBUG o.s.c.c.CharSequenceEncoder - [6cb04275-15] Writing "584. foo bar"
12:31:22.572 [reactor-http-nio-2] DEBUG o.s.c.c.CharSequenceEncoder - [6cb04275-15] Writing "585. foo bar"
12:31:22.572 [reactor-http-nio-2] DEBUG o.s.c.c.CharSequenceEncoder - [6cb04275-15] Writing "586. foo bar"
12:31:22.572 [reactor-http-nio-2] DEBUG o.s.c.c.CharSequenceEncoder - [6cb04275-15] Writing "587. foo bar"
12:31:22.572 [reactor-http-nio-2] DEBUG o.s.c.c.CharSequenceEncoder - [6cb04275-15] Writing "588. foo bar"
12:31:22.572 [reactor-http-nio-2] DEBUG o.s.c.c.CharSequenceEncoder - [6cb04275-15] Writing "589. foo bar"
12:31:22.572 [reactor-http-nio-2] DEBUG o.s.c.c.CharSequenceEncoder - [6cb04275-15] Writing "590. foo bar"
12:31:22.572 [reactor-http-nio-2] DEBUG o.s.c.c.CharSequenceEncoder - [6cb04275-15] Writing "591. foo bar"
12:31:22.572 [reactor-http-nio-2] DEBUG o.s.c.c.CharSequenceEncoder - [6cb04275-15] Writing "592. foo bar"
12:31:22.572 [reactor-http-nio-2] DEBUG o.s.c.c.CharSequenceEncoder - [6cb04275-15] Writing "593. foo bar"
12:31:22.572 [reactor-http-nio-2] DEBUG o.s.c.c.CharSequenceEncoder - [6cb04275-15] Writing "594. foo bar"
12:31:22.572 [reactor-http-nio-2] DEBUG o.s.c.c.CharSequenceEncoder - [6cb04275-15] Writing "595. foo bar"
12:31:22.572 [reactor-http-nio-2] DEBUG o.s.c.c.CharSequenceEncoder - [6cb04275-15] Writing "596. foo bar"
12:31:22.572 [reactor-http-nio-2] DEBUG o.s.c.c.CharSequenceEncoder - [6cb04275-15] Writing "597. foo bar"
12:31:22.572 [reactor-http-nio-2] DEBUG o.s.c.c.CharSequenceEncoder - [6cb04275-15] Writing "598. foo bar"
12:31:22.573 [reactor-http-nio-2] DEBUG o.s.c.c.CharSequenceEncoder - [6cb04275-15] Writing "599. foo bar"
12:31:22.573 [reactor-http-nio-2] DEBUG o.s.c.c.CharSequenceEncoder - [6cb04275-15] Writing "600. foo bar"
12:31:22.573 [reactor-http-nio-2] DEBUG o.s.c.c.CharSequenceEncoder - [6cb04275-15] Writing "601. foo bar"
12:31:22.573 [reactor-http-nio-2] DEBUG o.s.c.c.CharSequenceEncoder - [6cb04275-15] Writing "602. foo bar"
12:31:22.573 [reactor-http-nio-2] DEBUG o.s.c.c.CharSequenceEncoder - [6cb04275-15] Writing "603. foo bar"
12:31:22.573 [reactor-http-nio-2] DEBUG o.s.c.c.CharSequenceEncoder - [6cb04275-15] Writing "604. foo bar"
12:31:22.573 [reactor-http-nio-2] DEBUG o.s.c.c.CharSequenceEncoder - [6cb04275-15] Writing "605. foo bar"
12:31:22.573 [reactor-http-nio-2] DEBUG o.s.c.c.CharSequenceEncoder - [6cb04275-15] Writing "606. foo bar"
12:31:22.573 [reactor-http-nio-2] DEBUG o.s.c.c.CharSequenceEncoder - [6cb04275-15] Writing "607. foo bar"
12:31:22.573 [reactor-http-nio-2] DEBUG o.s.c.c.CharSequenceEncoder - [6cb04275-15] Writing "608. foo bar"
12:31:22.573 [reactor-http-nio-2] DEBUG o.s.c.c.CharSequenceEncoder - [6cb04275-15] Writing "609. foo bar"
12:31:22.573 [reactor-http-nio-2] DEBUG o.s.c.c.CharSequenceEncoder - [6cb04275-15] Writing "610. foo bar"
12:31:22.573 [reactor-http-nio-2] DEBUG o.s.c.c.CharSequenceEncoder - [6cb04275-15] Writing "611. foo bar"
12:31:22.573 [reactor-http-nio-2] DEBUG o.s.c.c.CharSequenceEncoder - [6cb04275-15] Writing "612. foo bar"
12:31:22.573 [reactor-http-nio-2] DEBUG o.s.c.c.CharSequenceEncoder - [6cb04275-15] Writing "613. foo bar"
12:31:22.573 [reactor-http-nio-2] DEBUG o.s.c.c.CharSequenceEncoder - [6cb04275-15] Writing "614. foo bar"
12:31:22.573 [reactor-http-nio-2] DEBUG o.s.c.c.CharSequenceEncoder - [6cb04275-15] Writing "615. foo bar"
12:31:22.573 [reactor-http-nio-2] DEBUG o.s.c.c.CharSequenceEncoder - [6cb04275-15] Writing "616. foo bar"
12:31:22.573 [reactor-http-nio-2] DEBUG o.s.c.c.CharSequenceEncoder - [6cb04275-15] Writing "617. foo bar"
12:31:22.573 [reactor-http-nio-2] DEBUG o.s.c.c.CharSequenceEncoder - [6cb04275-15] Writing "618. foo bar"
12:31:22.573 [reactor-http-nio-2] DEBUG o.s.c.c.CharSequenceEncoder - [6cb04275-15] Writing "619. foo bar"
12:31:22.573 [reactor-http-nio-2] DEBUG o.s.c.c.CharSequenceEncoder - [6cb04275-15] Writing "620. foo bar"
12:31:22.573 [reactor-http-nio-2] DEBUG o.s.c.c.CharSequenceEncoder - [6cb04275-15] Writing "621. foo bar"
12:31:22.574 [reactor-http-nio-2] DEBUG o.s.c.c.CharSequenceEncoder - [6cb04275-15] Writing "622. foo bar"
12:31:22.574 [reactor-http-nio-2] DEBUG o.s.c.c.CharSequenceEncoder - [6cb04275-15] Writing "623. foo bar"
12:31:22.574 [reactor-http-nio-2] DEBUG o.s.c.c.CharSequenceEncoder - [6cb04275-15] Writing "624. foo bar"
12:31:22.574 [reactor-http-nio-2] DEBUG o.s.c.c.CharSequenceEncoder - [6cb04275-15] Writing "625. foo bar"
12:31:22.574 [reactor-http-nio-2] DEBUG o.s.c.c.CharSequenceEncoder - [6cb04275-15] Writing "626. foo bar"
12:31:22.574 [reactor-http-nio-2] DEBUG o.s.c.c.CharSequenceEncoder - [6cb04275-15] Writing "627. foo bar"
12:31:22.574 [reactor-http-nio-2] DEBUG o.s.c.c.CharSequenceEncoder - [6cb04275-15] Writing "628. foo bar"
12:31:22.574 [reactor-http-nio-2] DEBUG o.s.c.c.CharSequenceEncoder - [6cb04275-15] Writing "629. foo bar"
12:31:22.574 [reactor-http-nio-2] DEBUG o.s.c.c.CharSequenceEncoder - [6cb04275-15] Writing "630. foo bar"
12:31:22.574 [reactor-http-nio-2] DEBUG o.s.c.c.CharSequenceEncoder - [6cb04275-15] Writing "631. foo bar"
12:31:22.574 [reactor-http-nio-2] DEBUG o.s.c.c.CharSequenceEncoder - [6cb04275-15] Writing "632. foo bar"
12:31:22.574 [reactor-http-nio-2] DEBUG o.s.c.c.CharSequenceEncoder - [6cb04275-15] Writing "633. foo bar"
12:31:22.574 [reactor-http-nio-2] DEBUG o.s.c.c.CharSequenceEncoder - [6cb04275-15] Writing "634. foo bar"
12:31:22.574 [reactor-http-nio-2] DEBUG o.s.c.c.CharSequenceEncoder - [6cb04275-15] Writing "635. foo bar"
12:31:22.574 [reactor-http-nio-2] DEBUG o.s.c.c.CharSequenceEncoder - [6cb04275-15] Writing "636. foo bar"
12:31:22.574 [reactor-http-nio-2] DEBUG o.s.c.c.CharSequenceEncoder - [6cb04275-15] Writing "637. foo bar"
12:31:22.574 [reactor-http-nio-2] DEBUG o.s.c.c.CharSequenceEncoder - [6cb04275-15] Writing "638. foo bar"
12:31:22.574 [reactor-http-nio-2] DEBUG o.s.c.c.CharSequenceEncoder - [6cb04275-15] Writing "639. foo bar"
12:31:22.574 [reactor-http-nio-2] DEBUG o.s.c.c.CharSequenceEncoder - [6cb04275-15] Writing "640. foo bar"
12:31:22.599 [reactor-http-nio-2] DEBUG o.s.c.c.CharSequenceEncoder - [6cb04275-15] Writing "641. foo bar"
12:31:22.599 [reactor-http-nio-2] DEBUG o.s.c.c.CharSequenceEncoder - [6cb04275-15] Writing "642. foo bar"
12:31:22.599 [reactor-http-nio-2] DEBUG o.s.c.c.CharSequenceEncoder - [6cb04275-15] Writing "643. foo bar"
12:31:22.599 [reactor-http-nio-2] DEBUG o.s.c.c.CharSequenceEncoder - [6cb04275-15] Writing "644. foo bar"
12:31:22.600 [reactor-http-nio-2] DEBUG o.s.c.c.CharSequenceEncoder - [6cb04275-15] Writing "645. foo bar"
12:31:22.600 [reactor-http-nio-2] DEBUG o.s.c.c.CharSequenceEncoder - [6cb04275-15] Writing "646. foo bar"
12:31:22.600 [reactor-http-nio-2] DEBUG o.s.c.c.CharSequenceEncoder - [6cb04275-15] Writing "647. foo bar"
12:31:22.600 [reactor-http-nio-2] DEBUG o.s.c.c.CharSequenceEncoder - [6cb04275-15] Writing "648. foo bar"
12:31:22.600 [reactor-http-nio-2] DEBUG o.s.c.c.CharSequenceEncoder - [6cb04275-15] Writing "649. foo bar"
12:31:22.601 [reactor-http-nio-2] DEBUG o.s.c.c.CharSequenceEncoder - [6cb04275-15] Writing "650. foo bar"
12:31:22.601 [reactor-http-nio-2] DEBUG o.s.c.c.CharSequenceEncoder - [6cb04275-15] Writing "651. foo bar"
12:31:22.601 [reactor-http-nio-2] DEBUG o.s.c.c.CharSequenceEncoder - [6cb04275-15] Writing "652. foo bar"
12:31:22.618 [reactor-http-nio-2] DEBUG o.s.c.c.CharSequenceEncoder - [6cb04275-15] Writing "653. foo bar"
12:31:22.618 [reactor-http-nio-2] DEBUG o.s.c.c.CharSequenceEncoder - [6cb04275-15] Writing "654. foo bar"
12:31:22.619 [reactor-http-nio-2] DEBUG o.s.c.c.CharSequenceEncoder - [6cb04275-15] Writing "655. foo bar"
12:31:22.619 [reactor-http-nio-2] DEBUG o.s.c.c.CharSequenceEncoder - [6cb04275-15] Writing "656. foo bar"
12:31:22.619 [reactor-http-nio-2] DEBUG o.s.c.c.CharSequenceEncoder - [6cb04275-15] Writing "657. foo bar"
12:31:22.626 [reactor-http-nio-2] DEBUG o.s.c.c.CharSequenceEncoder - [6cb04275-15] Writing "658. foo bar"
12:31:22.626 [reactor-http-nio-2] DEBUG o.s.c.c.CharSequenceEncoder - [6cb04275-15] Writing "659. foo bar"
12:31:22.626 [reactor-http-nio-2] DEBUG o.s.c.c.CharSequenceEncoder - [6cb04275-15] Writing "660. foo bar"
12:31:22.627 [reactor-http-nio-2] DEBUG o.s.c.c.CharSequenceEncoder - [6cb04275-15] Writing "661. foo bar"
12:31:22.627 [reactor-http-nio-2] DEBUG o.s.c.c.CharSequenceEncoder - [6cb04275-15] Writing "662. foo bar"
12:31:22.627 [reactor-http-nio-2] DEBUG o.s.c.c.CharSequenceEncoder - [6cb04275-15] Writing "663. foo bar"
12:31:22.628 [reactor-http-nio-2] DEBUG o.s.c.c.CharSequenceEncoder - [6cb04275-15] Writing "664. foo bar"
12:31:22.628 [reactor-http-nio-2] DEBUG o.s.c.c.CharSequenceEncoder - [6cb04275-15] Writing "665. foo bar"
12:31:22.628 [reactor-http-nio-2] DEBUG o.s.c.c.CharSequenceEncoder - [6cb04275-15] Writing "666. foo bar"
12:31:22.628 [reactor-http-nio-2] DEBUG o.s.c.c.CharSequenceEncoder - [6cb04275-15] Writing "667. foo bar"
12:31:22.629 [reactor-http-nio-2] DEBUG o.s.c.c.CharSequenceEncoder - [6cb04275-15] Writing "668. foo bar"
12:31:22.629 [reactor-http-nio-2] DEBUG o.s.c.c.CharSequenceEncoder - [6cb04275-15] Writing "669. foo bar"
12:31:22.629 [reactor-http-nio-2] DEBUG o.s.c.c.CharSequenceEncoder - [6cb04275-15] Writing "670. foo bar"
12:31:22.629 [reactor-http-nio-2] DEBUG o.s.c.c.CharSequenceEncoder - [6cb04275-15] Writing "671. foo bar"
12:31:22.630 [reactor-http-nio-2] DEBUG o.s.c.c.CharSequenceEncoder - [6cb04275-15] Writing "672. foo bar"
12:31:22.630 [reactor-http-nio-2] DEBUG o.s.c.c.CharSequenceEncoder - [6cb04275-15] Writing "673. foo bar"
12:31:22.635 [reactor-http-nio-2] DEBUG o.s.c.c.CharSequenceEncoder - [6cb04275-15] Writing "674. foo bar"
12:31:22.635 [reactor-http-nio-2] DEBUG o.s.c.c.CharSequenceEncoder - [6cb04275-15] Writing "675. foo bar"
12:31:22.636 [reactor-http-nio-2] DEBUG o.s.c.c.CharSequenceEncoder - [6cb04275-15] Writing "676. foo bar"
12:31:22.636 [reactor-http-nio-2] DEBUG o.s.c.c.CharSequenceEncoder - [6cb04275-15] Writing "677. foo bar"
12:31:22.636 [reactor-http-nio-2] DEBUG o.s.c.c.CharSequenceEncoder - [6cb04275-15] Writing "678. foo bar"
12:31:22.638 [reactor-http-nio-2] DEBUG o.s.c.c.CharSequenceEncoder - [6cb04275-15] Writing "679. foo bar"
12:31:22.640 [reactor-http-nio-2] DEBUG o.s.c.c.CharSequenceEncoder - [6cb04275-15] Writing "680. foo bar"
12:31:22.641 [reactor-http-nio-2] DEBUG o.s.c.c.CharSequenceEncoder - [6cb04275-15] Writing "681. foo bar"
12:31:22.641 [reactor-http-nio-2] DEBUG o.s.c.c.CharSequenceEncoder - [6cb04275-15] Writing "682. foo bar"
12:31:22.642 [reactor-http-nio-2] DEBUG o.s.c.c.CharSequenceEncoder - [6cb04275-15] Writing "683. foo bar"
12:31:22.642 [reactor-http-nio-2] DEBUG o.s.c.c.CharSequenceEncoder - [6cb04275-15] Writing "684. foo bar"
12:31:22.642 [reactor-http-nio-2] DEBUG o.s.c.c.CharSequenceEncoder - [6cb04275-15] Writing "685. foo bar"
12:31:22.643 [reactor-http-nio-2] DEBUG o.s.c.c.CharSequenceEncoder - [6cb04275-15] Writing "686. foo bar"
12:31:22.643 [reactor-http-nio-2] DEBUG o.s.c.c.CharSequenceEncoder - [6cb04275-15] Writing "687. foo bar"
12:31:22.643 [reactor-http-nio-2] DEBUG o.s.c.c.CharSequenceEncoder - [6cb04275-15] Writing "688. foo bar"
12:31:22.644 [reactor-http-nio-2] DEBUG o.s.c.c.CharSequenceEncoder - [6cb04275-15] Writing "689. foo bar"
12:31:22.644 [reactor-http-nio-2] DEBUG o.s.c.c.CharSequenceEncoder - [6cb04275-15] Writing "690. foo bar"
12:31:22.644 [reactor-http-nio-2] DEBUG o.s.c.c.CharSequenceEncoder - [6cb04275-15] Writing "691. foo bar"
12:31:22.645 [reactor-http-nio-2] DEBUG o.s.c.c.CharSequenceEncoder - [6cb04275-15] Writing "692. foo bar"
12:31:22.645 [reactor-http-nio-2] DEBUG o.s.c.c.CharSequenceEncoder - [6cb04275-15] Writing "693. foo bar"
12:31:22.645 [reactor-http-nio-2] DEBUG o.s.c.c.CharSequenceEncoder - [6cb04275-15] Writing "694. foo bar"
12:31:22.645 [reactor-http-nio-2] DEBUG o.s.c.c.CharSequenceEncoder - [6cb04275-15] Writing "695. foo bar"
12:31:22.646 [reactor-http-nio-2] DEBUG o.s.c.c.CharSequenceEncoder - [6cb04275-15] Writing "696. foo bar"
12:31:22.646 [reactor-http-nio-2] DEBUG o.s.c.c.CharSequenceEncoder - [6cb04275-15] Writing "697. foo bar"
12:31:22.646 [reactor-http-nio-2] DEBUG o.s.c.c.CharSequenceEncoder - [6cb04275-15] Writing "698. foo bar"
12:31:22.647 [reactor-http-nio-2] DEBUG o.s.c.c.CharSequenceEncoder - [6cb04275-15] Writing "699. foo bar"
12:31:22.647 [reactor-http-nio-2] DEBUG o.s.c.c.CharSequenceEncoder - [6cb04275-15] Writing "700. foo bar"
12:31:22.647 [reactor-http-nio-2] DEBUG o.s.c.c.CharSequenceEncoder - [6cb04275-15] Writing "701. foo bar"
12:31:22.648 [reactor-http-nio-2] DEBUG o.s.c.c.CharSequenceEncoder - [6cb04275-15] Writing "702. foo bar"
12:31:22.648 [reactor-http-nio-2] DEBUG o.s.c.c.CharSequenceEncoder - [6cb04275-15] Writing "703. foo bar"
12:31:22.648 [reactor-http-nio-2] DEBUG o.s.c.c.CharSequenceEncoder - [6cb04275-15] Writing "704. foo bar"
12:31:22.676 [reactor-http-nio-2] DEBUG o.s.c.c.CharSequenceEncoder - [6cb04275-15] Writing "705. foo bar"
12:31:22.677 [reactor-http-nio-2] DEBUG o.s.c.c.CharSequenceEncoder - [6cb04275-15] Writing "706. foo bar"
12:31:22.677 [reactor-http-nio-2] DEBUG o.s.c.c.CharSequenceEncoder - [6cb04275-15] Writing "707. foo bar"
12:31:22.677 [reactor-http-nio-2] DEBUG o.s.c.c.CharSequenceEncoder - [6cb04275-15] Writing "708. foo bar"
12:31:22.677 [reactor-http-nio-2] DEBUG o.s.c.c.CharSequenceEncoder - [6cb04275-15] Writing "709. foo bar"
12:31:22.678 [reactor-http-nio-2] DEBUG o.s.c.c.CharSequenceEncoder - [6cb04275-15] Writing "710. foo bar"
12:31:22.678 [reactor-http-nio-2] DEBUG o.s.c.c.CharSequenceEncoder - [6cb04275-15] Writing "711. foo bar"
12:31:22.678 [reactor-http-nio-2] DEBUG o.s.c.c.CharSequenceEncoder - [6cb04275-15] Writing "712. foo bar"
12:31:22.678 [reactor-http-nio-2] DEBUG o.s.c.c.CharSequenceEncoder - [6cb04275-15] Writing "713. foo bar"
12:31:22.678 [reactor-http-nio-2] DEBUG o.s.c.c.CharSequenceEncoder - [6cb04275-15] Writing "714. foo bar"
12:31:22.678 [reactor-http-nio-2] DEBUG o.s.c.c.CharSequenceEncoder - [6cb04275-15] Writing "715. foo bar"
12:31:22.679 [reactor-http-nio-2] DEBUG o.s.c.c.CharSequenceEncoder - [6cb04275-15] Writing "716. foo bar"
12:31:22.679 [reactor-http-nio-2] DEBUG o.s.c.c.CharSequenceEncoder - [6cb04275-15] Writing "717. foo bar"
12:31:22.679 [reactor-http-nio-2] DEBUG o.s.c.c.CharSequenceEncoder - [6cb04275-15] Writing "718. foo bar"
12:31:22.679 [reactor-http-nio-2] DEBUG o.s.c.c.CharSequenceEncoder - [6cb04275-15] Writing "719. foo bar"
12:31:22.679 [reactor-http-nio-2] DEBUG o.s.c.c.CharSequenceEncoder - [6cb04275-15] Writing "720. foo bar"
12:31:22.679 [reactor-http-nio-2] DEBUG o.s.c.c.CharSequenceEncoder - [6cb04275-15] Writing "721. foo bar"
12:31:22.679 [reactor-http-nio-2] DEBUG o.s.c.c.CharSequenceEncoder - [6cb04275-15] Writing "722. foo bar"
12:31:22.679 [reactor-http-nio-2] DEBUG o.s.c.c.CharSequenceEncoder - [6cb04275-15] Writing "723. foo bar"
12:31:22.679 [reactor-http-nio-2] DEBUG o.s.c.c.CharSequenceEncoder - [6cb04275-15] Writing "724. foo bar"
12:31:22.679 [reactor-http-nio-2] DEBUG o.s.c.c.CharSequenceEncoder - [6cb04275-15] Writing "725. foo bar"
12:31:22.679 [reactor-http-nio-2] DEBUG o.s.c.c.CharSequenceEncoder - [6cb04275-15] Writing "726. foo bar"
12:31:22.679 [reactor-http-nio-2] DEBUG o.s.c.c.CharSequenceEncoder - [6cb04275-15] Writing "727. foo bar"
12:31:22.679 [reactor-http-nio-2] DEBUG o.s.c.c.CharSequenceEncoder - [6cb04275-15] Writing "728. foo bar"
12:31:22.679 [reactor-http-nio-2] DEBUG o.s.c.c.CharSequenceEncoder - [6cb04275-15] Writing "729. foo bar"
12:31:22.679 [reactor-http-nio-2] DEBUG o.s.c.c.CharSequenceEncoder - [6cb04275-15] Writing "730. foo bar"
12:31:22.679 [reactor-http-nio-2] DEBUG o.s.c.c.CharSequenceEncoder - [6cb04275-15] Writing "731. foo bar"
12:31:22.679 [reactor-http-nio-2] DEBUG o.s.c.c.CharSequenceEncoder - [6cb04275-15] Writing "732. foo bar"
12:31:22.679 [reactor-http-nio-2] DEBUG o.s.c.c.CharSequenceEncoder - [6cb04275-15] Writing "733. foo bar"
12:31:22.679 [reactor-http-nio-2] DEBUG o.s.c.c.CharSequenceEncoder - [6cb04275-15] Writing "734. foo bar"
12:31:22.679 [reactor-http-nio-2] DEBUG o.s.c.c.CharSequenceEncoder - [6cb04275-15] Writing "735. foo bar"
12:31:22.679 [reactor-http-nio-2] DEBUG o.s.c.c.CharSequenceEncoder - [6cb04275-15] Writing "736. foo bar"
12:31:22.679 [reactor-http-nio-2] DEBUG o.s.c.c.CharSequenceEncoder - [6cb04275-15] Writing "737. foo bar"
12:31:22.679 [reactor-http-nio-2] DEBUG o.s.c.c.CharSequenceEncoder - [6cb04275-15] Writing "738. foo bar"
12:31:22.679 [reactor-http-nio-2] DEBUG o.s.c.c.CharSequenceEncoder - [6cb04275-15] Writing "739. foo bar"
12:31:22.679 [reactor-http-nio-2] DEBUG o.s.c.c.CharSequenceEncoder - [6cb04275-15] Writing "740. foo bar"
12:31:22.679 [reactor-http-nio-2] DEBUG o.s.c.c.CharSequenceEncoder - [6cb04275-15] Writing "741. foo bar"
12:31:22.679 [reactor-http-nio-2] DEBUG o.s.c.c.CharSequenceEncoder - [6cb04275-15] Writing "742. foo bar"
12:31:22.679 [reactor-http-nio-2] DEBUG o.s.c.c.CharSequenceEncoder - [6cb04275-15] Writing "743. foo bar"
12:31:22.679 [reactor-http-nio-2] DEBUG o.s.c.c.CharSequenceEncoder - [6cb04275-15] Writing "744. foo bar"
12:31:22.679 [reactor-http-nio-2] DEBUG o.s.c.c.CharSequenceEncoder - [6cb04275-15] Writing "745. foo bar"
12:31:22.679 [reactor-http-nio-2] DEBUG o.s.c.c.CharSequenceEncoder - [6cb04275-15] Writing "746. foo bar"
12:31:22.692 [reactor-http-nio-2] DEBUG o.s.c.c.CharSequenceEncoder - [6cb04275-15] Writing "747. foo bar"
12:31:22.692 [reactor-http-nio-2] DEBUG o.s.c.c.CharSequenceEncoder - [6cb04275-15] Writing "748. foo bar"
12:31:22.692 [reactor-http-nio-2] DEBUG o.s.c.c.CharSequenceEncoder - [6cb04275-15] Writing "749. foo bar"
12:31:22.692 [reactor-http-nio-2] DEBUG o.s.c.c.CharSequenceEncoder - [6cb04275-15] Writing "750. foo bar"
12:31:22.692 [reactor-http-nio-2] DEBUG o.s.c.c.CharSequenceEncoder - [6cb04275-15] Writing "751. foo bar"
12:31:22.692 [reactor-http-nio-2] DEBUG o.s.c.c.CharSequenceEncoder - [6cb04275-15] Writing "752. foo bar"
12:31:22.692 [reactor-http-nio-2] DEBUG o.s.c.c.CharSequenceEncoder - [6cb04275-15] Writing "753. foo bar"
12:31:22.692 [reactor-http-nio-2] DEBUG o.s.c.c.CharSequenceEncoder - [6cb04275-15] Writing "754. foo bar"
12:31:22.692 [reactor-http-nio-2] DEBUG o.s.c.c.CharSequenceEncoder - [6cb04275-15] Writing "755. foo bar"
12:31:22.692 [reactor-http-nio-2] DEBUG o.s.c.c.CharSequenceEncoder - [6cb04275-15] Writing "756. foo bar"
12:31:22.692 [reactor-http-nio-2] DEBUG o.s.c.c.CharSequenceEncoder - [6cb04275-15] Writing "757. foo bar"
12:31:22.692 [reactor-http-nio-2] DEBUG o.s.c.c.CharSequenceEncoder - [6cb04275-15] Writing "758. foo bar"
12:31:22.692 [reactor-http-nio-2] DEBUG o.s.c.c.CharSequenceEncoder - [6cb04275-15] Writing "759. foo bar"
12:31:22.693 [reactor-http-nio-2] DEBUG o.s.c.c.CharSequenceEncoder - [6cb04275-15] Writing "760. foo bar"
12:31:22.693 [reactor-http-nio-2] DEBUG o.s.c.c.CharSequenceEncoder - [6cb04275-15] Writing "761. foo bar"
12:31:22.693 [reactor-http-nio-2] DEBUG o.s.c.c.CharSequenceEncoder - [6cb04275-15] Writing "762. foo bar"
12:31:22.693 [reactor-http-nio-2] DEBUG o.s.c.c.CharSequenceEncoder - [6cb04275-15] Writing "763. foo bar"
12:31:22.693 [reactor-http-nio-2] DEBUG o.s.c.c.CharSequenceEncoder - [6cb04275-15] Writing "764. foo bar"
12:31:22.693 [reactor-http-nio-2] DEBUG o.s.c.c.CharSequenceEncoder - [6cb04275-15] Writing "765. foo bar"
12:31:22.693 [reactor-http-nio-2] DEBUG o.s.c.c.CharSequenceEncoder - [6cb04275-15] Writing "766. foo bar"
12:31:22.693 [reactor-http-nio-2] DEBUG o.s.c.c.CharSequenceEncoder - [6cb04275-15] Writing "767. foo bar"
12:31:22.693 [reactor-http-nio-2] DEBUG o.s.c.c.CharSequenceEncoder - [6cb04275-15] Writing "768. foo bar"
12:31:22.711 [reactor-http-nio-2] DEBUG o.s.c.c.CharSequenceEncoder - [6cb04275-15] Writing "769. foo bar"
12:31:22.711 [reactor-http-nio-2] DEBUG o.s.c.c.CharSequenceEncoder - [6cb04275-15] Writing "770. foo bar"
12:31:22.712 [reactor-http-nio-2] DEBUG o.s.c.c.CharSequenceEncoder - [6cb04275-15] Writing "771. foo bar"
12:31:22.712 [reactor-http-nio-2] DEBUG o.s.c.c.CharSequenceEncoder - [6cb04275-15] Writing "772. foo bar"
12:31:22.712 [reactor-http-nio-2] DEBUG o.s.c.c.CharSequenceEncoder - [6cb04275-15] Writing "773. foo bar"
12:31:22.712 [reactor-http-nio-2] DEBUG o.s.c.c.CharSequenceEncoder - [6cb04275-15] Writing "774. foo bar"
12:31:22.712 [reactor-http-nio-2] DEBUG o.s.c.c.CharSequenceEncoder - [6cb04275-15] Writing "775. foo bar"
12:31:22.712 [reactor-http-nio-2] DEBUG o.s.c.c.CharSequenceEncoder - [6cb04275-15] Writing "776. foo bar"
12:31:22.713 [reactor-http-nio-2] DEBUG o.s.c.c.CharSequenceEncoder - [6cb04275-15] Writing "777. foo bar"
12:31:22.713 [reactor-http-nio-2] DEBUG o.s.c.c.CharSequenceEncoder - [6cb04275-15] Writing "778. foo bar"
12:31:22.713 [reactor-http-nio-2] DEBUG o.s.c.c.CharSequenceEncoder - [6cb04275-15] Writing "779. foo bar"
12:31:22.713 [reactor-http-nio-2] DEBUG o.s.c.c.CharSequenceEncoder - [6cb04275-15] Writing "780. foo bar"
12:31:22.713 [reactor-http-nio-2] DEBUG o.s.c.c.CharSequenceEncoder - [6cb04275-15] Writing "781. foo bar"
12:31:22.713 [reactor-http-nio-2] DEBUG o.s.c.c.CharSequenceEncoder - [6cb04275-15] Writing "782. foo bar"
12:31:22.714 [reactor-http-nio-2] DEBUG o.s.c.c.CharSequenceEncoder - [6cb04275-15] Writing "783. foo bar"
12:31:22.714 [reactor-http-nio-2] DEBUG o.s.c.c.CharSequenceEncoder - [6cb04275-15] Writing "784. foo bar"
12:31:22.714 [reactor-http-nio-2] DEBUG o.s.c.c.CharSequenceEncoder - [6cb04275-15] Writing "785. foo bar"
12:31:22.714 [reactor-http-nio-2] DEBUG o.s.c.c.CharSequenceEncoder - [6cb04275-15] Writing "786. foo bar"
12:31:22.714 [reactor-http-nio-2] DEBUG o.s.c.c.CharSequenceEncoder - [6cb04275-15] Writing "787. foo bar"
12:31:22.714 [reactor-http-nio-2] DEBUG o.s.c.c.CharSequenceEncoder - [6cb04275-15] Writing "788. foo bar"
12:31:22.714 [reactor-http-nio-2] DEBUG o.s.c.c.CharSequenceEncoder - [6cb04275-15] Writing "789. foo bar"
12:31:22.714 [reactor-http-nio-2] DEBUG o.s.c.c.CharSequenceEncoder - [6cb04275-15] Writing "790. foo bar"
12:31:22.714 [reactor-http-nio-2] DEBUG o.s.c.c.CharSequenceEncoder - [6cb04275-15] Writing "791. foo bar"
12:31:22.714 [reactor-http-nio-2] DEBUG o.s.c.c.CharSequenceEncoder - [6cb04275-15] Writing "792. foo bar"
12:31:22.715 [reactor-http-nio-2] DEBUG o.s.c.c.CharSequenceEncoder - [6cb04275-15] Writing "793. foo bar"
12:31:22.715 [reactor-http-nio-2] DEBUG o.s.c.c.CharSequenceEncoder - [6cb04275-15] Writing "794. foo bar"
12:31:22.715 [reactor-http-nio-2] DEBUG o.s.c.c.CharSequenceEncoder - [6cb04275-15] Writing "795. foo bar"
12:31:22.715 [reactor-http-nio-2] DEBUG o.s.c.c.CharSequenceEncoder - [6cb04275-15] Writing "796. foo bar"
12:31:22.715 [reactor-http-nio-2] DEBUG o.s.c.c.CharSequenceEncoder - [6cb04275-15] Writing "797. foo bar"
12:31:22.715 [reactor-http-nio-2] DEBUG o.s.c.c.CharSequenceEncoder - [6cb04275-15] Writing "798. foo bar"
12:31:22.715 [reactor-http-nio-2] DEBUG o.s.c.c.CharSequenceEncoder - [6cb04275-15] Writing "799. foo bar"
12:31:22.715 [reactor-http-nio-2] DEBUG o.s.c.c.CharSequenceEncoder - [6cb04275-15] Writing "800. foo bar"
12:31:22.715 [reactor-http-nio-2] DEBUG o.s.c.c.CharSequenceEncoder - [6cb04275-15] Writing "801. foo bar"
12:31:22.715 [reactor-http-nio-2] DEBUG o.s.c.c.CharSequenceEncoder - [6cb04275-15] Writing "802. foo bar"
12:31:22.715 [reactor-http-nio-2] DEBUG o.s.c.c.CharSequenceEncoder - [6cb04275-15] Writing "803. foo bar"
12:31:22.715 [reactor-http-nio-2] DEBUG o.s.c.c.CharSequenceEncoder - [6cb04275-15] Writing "804. foo bar"
12:31:22.715 [reactor-http-nio-2] DEBUG o.s.c.c.CharSequenceEncoder - [6cb04275-15] Writing "805. foo bar"
12:31:22.715 [reactor-http-nio-2] DEBUG o.s.c.c.CharSequenceEncoder - [6cb04275-15] Writing "806. foo bar"
12:31:22.715 [reactor-http-nio-2] DEBUG o.s.c.c.CharSequenceEncoder - [6cb04275-15] Writing "807. foo bar"
12:31:22.715 [reactor-http-nio-2] DEBUG o.s.c.c.CharSequenceEncoder - [6cb04275-15] Writing "808. foo bar"
12:31:22.715 [reactor-http-nio-2] DEBUG o.s.c.c.CharSequenceEncoder - [6cb04275-15] Writing "809. foo bar"
12:31:22.715 [reactor-http-nio-2] DEBUG o.s.c.c.CharSequenceEncoder - [6cb04275-15] Writing "810. foo bar"
12:31:22.715 [reactor-http-nio-2] DEBUG o.s.c.c.CharSequenceEncoder - [6cb04275-15] Writing "811. foo bar"
12:31:22.715 [reactor-http-nio-2] DEBUG o.s.c.c.CharSequenceEncoder - [6cb04275-15] Writing "812. foo bar"
12:31:22.715 [reactor-http-nio-2] DEBUG o.s.c.c.CharSequenceEncoder - [6cb04275-15] Writing "813. foo bar"
12:31:22.715 [reactor-http-nio-2] DEBUG o.s.c.c.CharSequenceEncoder - [6cb04275-15] Writing "814. foo bar"
12:31:22.715 [reactor-http-nio-2] DEBUG o.s.c.c.CharSequenceEncoder - [6cb04275-15] Writing "815. foo bar"
12:31:22.715 [reactor-http-nio-2] DEBUG o.s.c.c.CharSequenceEncoder - [6cb04275-15] Writing "816. foo bar"
12:31:22.715 [reactor-http-nio-2] DEBUG o.s.c.c.CharSequenceEncoder - [6cb04275-15] Writing "817. foo bar"
12:31:22.715 [reactor-http-nio-2] DEBUG o.s.c.c.CharSequenceEncoder - [6cb04275-15] Writing "818. foo bar"
12:31:22.715 [reactor-http-nio-2] DEBUG o.s.c.c.CharSequenceEncoder - [6cb04275-15] Writing "819. foo bar"
12:31:22.715 [reactor-http-nio-2] DEBUG o.s.c.c.CharSequenceEncoder - [6cb04275-15] Writing "820. foo bar"
12:31:22.715 [reactor-http-nio-2] DEBUG o.s.c.c.CharSequenceEncoder - [6cb04275-15] Writing "821. foo bar"
12:31:22.715 [reactor-http-nio-2] DEBUG o.s.c.c.CharSequenceEncoder - [6cb04275-15] Writing "822. foo bar"
12:31:22.715 [reactor-http-nio-2] DEBUG o.s.c.c.CharSequenceEncoder - [6cb04275-15] Writing "823. foo bar"
12:31:22.715 [reactor-http-nio-2] DEBUG o.s.c.c.CharSequenceEncoder - [6cb04275-15] Writing "824. foo bar"
12:31:22.715 [reactor-http-nio-2] DEBUG o.s.c.c.CharSequenceEncoder - [6cb04275-15] Writing "825. foo bar"
12:31:22.715 [reactor-http-nio-2] DEBUG o.s.c.c.CharSequenceEncoder - [6cb04275-15] Writing "826. foo bar"
12:31:22.715 [reactor-http-nio-2] DEBUG o.s.c.c.CharSequenceEncoder - [6cb04275-15] Writing "827. foo bar"
12:31:22.716 [reactor-http-nio-2] DEBUG o.s.c.c.CharSequenceEncoder - [6cb04275-15] Writing "828. foo bar"
12:31:22.716 [reactor-http-nio-2] DEBUG o.s.c.c.CharSequenceEncoder - [6cb04275-15] Writing "829. foo bar"
12:31:22.716 [reactor-http-nio-2] DEBUG o.s.c.c.CharSequenceEncoder - [6cb04275-15] Writing "830. foo bar"
12:31:22.716 [reactor-http-nio-2] DEBUG o.s.c.c.CharSequenceEncoder - [6cb04275-15] Writing "831. foo bar"
12:31:22.716 [reactor-http-nio-2] DEBUG o.s.c.c.CharSequenceEncoder - [6cb04275-15] Writing "832. foo bar"
12:31:22.724 [reactor-http-nio-2] DEBUG o.s.c.c.CharSequenceEncoder - [6cb04275-15] Writing "833. foo bar"
12:31:22.725 [reactor-http-nio-2] DEBUG o.s.c.c.CharSequenceEncoder - [6cb04275-15] Writing "834. foo bar"
12:31:22.725 [reactor-http-nio-2] DEBUG o.s.c.c.CharSequenceEncoder - [6cb04275-15] Writing "835. foo bar"
12:31:22.725 [reactor-http-nio-2] DEBUG o.s.c.c.CharSequenceEncoder - [6cb04275-15] Writing "836. foo bar"
12:31:22.725 [reactor-http-nio-2] DEBUG o.s.c.c.CharSequenceEncoder - [6cb04275-15] Writing "837. foo bar"
12:31:22.725 [reactor-http-nio-2] DEBUG o.s.c.c.CharSequenceEncoder - [6cb04275-15] Writing "838. foo bar"
12:31:22.726 [reactor-http-nio-2] DEBUG o.s.c.c.CharSequenceEncoder - [6cb04275-15] Writing "839. foo bar"
12:31:22.726 [reactor-http-nio-2] DEBUG o.s.c.c.CharSequenceEncoder - [6cb04275-15] Writing "840. foo bar"
12:31:22.726 [reactor-http-nio-2] DEBUG o.s.c.c.CharSequenceEncoder - [6cb04275-15] Writing "841. foo bar"
12:31:22.726 [reactor-http-nio-2] DEBUG o.s.c.c.CharSequenceEncoder - [6cb04275-15] Writing "842. foo bar"
12:31:22.726 [reactor-http-nio-2] DEBUG o.s.c.c.CharSequenceEncoder - [6cb04275-15] Writing "843. foo bar"
12:31:22.726 [reactor-http-nio-2] DEBUG o.s.c.c.CharSequenceEncoder - [6cb04275-15] Writing "844. foo bar"
12:31:22.726 [reactor-http-nio-2] DEBUG o.s.c.c.CharSequenceEncoder - [6cb04275-15] Writing "845. foo bar"
12:31:22.727 [reactor-http-nio-2] DEBUG o.s.c.c.CharSequenceEncoder - [6cb04275-15] Writing "846. foo bar"
12:31:22.727 [reactor-http-nio-2] DEBUG o.s.c.c.CharSequenceEncoder - [6cb04275-15] Writing "847. foo bar"
12:31:22.727 [reactor-http-nio-2] DEBUG o.s.c.c.CharSequenceEncoder - [6cb04275-15] Writing "848. foo bar"
12:31:22.727 [reactor-http-nio-2] DEBUG o.s.c.c.CharSequenceEncoder - [6cb04275-15] Writing "849. foo bar"
12:31:22.727 [reactor-http-nio-2] DEBUG o.s.c.c.CharSequenceEncoder - [6cb04275-15] Writing "850. foo bar"
12:31:22.727 [reactor-http-nio-2] DEBUG o.s.c.c.CharSequenceEncoder - [6cb04275-15] Writing "851. foo bar"
12:31:22.728 [reactor-http-nio-2] DEBUG o.s.c.c.CharSequenceEncoder - [6cb04275-15] Writing "852. foo bar"
12:31:22.728 [reactor-http-nio-2] DEBUG o.s.c.c.CharSequenceEncoder - [6cb04275-15] Writing "853. foo bar"
12:31:22.728 [reactor-http-nio-2] DEBUG o.s.c.c.CharSequenceEncoder - [6cb04275-15] Writing "854. foo bar"
12:31:22.728 [reactor-http-nio-2] DEBUG o.s.c.c.CharSequenceEncoder - [6cb04275-15] Writing "855. foo bar"
12:31:22.728 [reactor-http-nio-2] DEBUG o.s.c.c.CharSequenceEncoder - [6cb04275-15] Writing "856. foo bar"
12:31:22.728 [reactor-http-nio-2] DEBUG o.s.c.c.CharSequenceEncoder - [6cb04275-15] Writing "857. foo bar"
12:31:22.728 [reactor-http-nio-2] DEBUG o.s.c.c.CharSequenceEncoder - [6cb04275-15] Writing "858. foo bar"
12:31:22.728 [reactor-http-nio-2] DEBUG o.s.c.c.CharSequenceEncoder - [6cb04275-15] Writing "859. foo bar"
12:31:22.728 [reactor-http-nio-2] DEBUG o.s.c.c.CharSequenceEncoder - [6cb04275-15] Writing "860. foo bar"
12:31:22.728 [reactor-http-nio-2] DEBUG o.s.c.c.CharSequenceEncoder - [6cb04275-15] Writing "861. foo bar"
12:31:22.728 [reactor-http-nio-2] DEBUG o.s.c.c.CharSequenceEncoder - [6cb04275-15] Writing "862. foo bar"
12:31:22.728 [reactor-http-nio-2] DEBUG o.s.c.c.CharSequenceEncoder - [6cb04275-15] Writing "863. foo bar"
12:31:22.728 [reactor-http-nio-2] DEBUG o.s.c.c.CharSequenceEncoder - [6cb04275-15] Writing "864. foo bar"
12:31:22.728 [reactor-http-nio-2] DEBUG o.s.c.c.CharSequenceEncoder - [6cb04275-15] Writing "865. foo bar"
12:31:22.728 [reactor-http-nio-2] DEBUG o.s.c.c.CharSequenceEncoder - [6cb04275-15] Writing "866. foo bar"
12:31:22.728 [reactor-http-nio-2] DEBUG o.s.c.c.CharSequenceEncoder - [6cb04275-15] Writing "867. foo bar"
12:31:22.728 [reactor-http-nio-2] DEBUG o.s.c.c.CharSequenceEncoder - [6cb04275-15] Writing "868. foo bar"
12:31:22.728 [reactor-http-nio-2] DEBUG o.s.c.c.CharSequenceEncoder - [6cb04275-15] Writing "869. foo bar"
12:31:22.729 [reactor-http-nio-2] DEBUG o.s.c.c.CharSequenceEncoder - [6cb04275-15] Writing "870. foo bar"
12:31:22.729 [reactor-http-nio-2] DEBUG o.s.c.c.CharSequenceEncoder - [6cb04275-15] Writing "871. foo bar"
12:31:22.729 [reactor-http-nio-2] DEBUG o.s.c.c.CharSequenceEncoder - [6cb04275-15] Writing "872. foo bar"
12:31:22.729 [reactor-http-nio-2] DEBUG o.s.c.c.CharSequenceEncoder - [6cb04275-15] Writing "873. foo bar"
12:31:22.729 [reactor-http-nio-2] DEBUG o.s.c.c.CharSequenceEncoder - [6cb04275-15] Writing "874. foo bar"
12:31:22.729 [reactor-http-nio-2] DEBUG o.s.c.c.CharSequenceEncoder - [6cb04275-15] Writing "875. foo bar"
12:31:22.729 [reactor-http-nio-2] DEBUG o.s.c.c.CharSequenceEncoder - [6cb04275-15] Writing "876. foo bar"
12:31:22.729 [reactor-http-nio-2] DEBUG o.s.c.c.CharSequenceEncoder - [6cb04275-15] Writing "877. foo bar"
12:31:22.729 [reactor-http-nio-2] DEBUG o.s.c.c.CharSequenceEncoder - [6cb04275-15] Writing "878. foo bar"
12:31:22.729 [reactor-http-nio-2] DEBUG o.s.c.c.CharSequenceEncoder - [6cb04275-15] Writing "879. foo bar"
12:31:22.729 [reactor-http-nio-2] DEBUG o.s.c.c.CharSequenceEncoder - [6cb04275-15] Writing "880. foo bar"
12:31:22.729 [reactor-http-nio-2] DEBUG o.s.c.c.CharSequenceEncoder - [6cb04275-15] Writing "881. foo bar"
12:31:22.729 [reactor-http-nio-2] DEBUG o.s.c.c.CharSequenceEncoder - [6cb04275-15] Writing "882. foo bar"
12:31:22.729 [reactor-http-nio-2] DEBUG o.s.c.c.CharSequenceEncoder - [6cb04275-15] Writing "883. foo bar"
12:31:22.729 [reactor-http-nio-2] DEBUG o.s.c.c.CharSequenceEncoder - [6cb04275-15] Writing "884. foo bar"
12:31:22.729 [reactor-http-nio-2] DEBUG o.s.c.c.CharSequenceEncoder - [6cb04275-15] Writing "885. foo bar"
12:31:22.729 [reactor-http-nio-2] DEBUG o.s.c.c.CharSequenceEncoder - [6cb04275-15] Writing "886. foo bar"
12:31:22.729 [reactor-http-nio-2] DEBUG o.s.c.c.CharSequenceEncoder - [6cb04275-15] Writing "887. foo bar"
12:31:22.729 [reactor-http-nio-2] DEBUG o.s.c.c.CharSequenceEncoder - [6cb04275-15] Writing "888. foo bar"
12:31:22.729 [reactor-http-nio-2] DEBUG o.s.c.c.CharSequenceEncoder - [6cb04275-15] Writing "889. foo bar"
12:31:22.730 [reactor-http-nio-2] DEBUG o.s.c.c.CharSequenceEncoder - [6cb04275-15] Writing "890. foo bar"
12:31:22.730 [reactor-http-nio-2] DEBUG o.s.c.c.CharSequenceEncoder - [6cb04275-15] Writing "891. foo bar"
12:31:22.730 [reactor-http-nio-2] DEBUG o.s.c.c.CharSequenceEncoder - [6cb04275-15] Writing "892. foo bar"
12:31:22.730 [reactor-http-nio-2] DEBUG o.s.c.c.CharSequenceEncoder - [6cb04275-15] Writing "893. foo bar"
12:31:22.730 [reactor-http-nio-2] DEBUG o.s.c.c.CharSequenceEncoder - [6cb04275-15] Writing "894. foo bar"
12:31:22.730 [reactor-http-nio-2] DEBUG o.s.c.c.CharSequenceEncoder - [6cb04275-15] Writing "895. foo bar"
12:31:22.730 [reactor-http-nio-2] DEBUG o.s.c.c.CharSequenceEncoder - [6cb04275-15] Writing "896. foo bar"
12:31:22.768 [reactor-http-nio-2] DEBUG o.s.c.c.CharSequenceEncoder - [6cb04275-15] Writing "897. foo bar"
12:31:22.768 [reactor-http-nio-2] DEBUG o.s.c.c.CharSequenceEncoder - [6cb04275-15] Writing "898. foo bar"
12:31:22.768 [reactor-http-nio-2] DEBUG o.s.c.c.CharSequenceEncoder - [6cb04275-15] Writing "899. foo bar"
12:31:22.769 [reactor-http-nio-2] DEBUG o.s.c.c.CharSequenceEncoder - [6cb04275-15] Writing "900. foo bar"
12:31:22.769 [reactor-http-nio-2] DEBUG o.s.c.c.CharSequenceEncoder - [6cb04275-15] Writing "901. foo bar"
12:31:22.769 [reactor-http-nio-2] DEBUG o.s.c.c.CharSequenceEncoder - [6cb04275-15] Writing "902. foo bar"
12:31:22.769 [reactor-http-nio-2] DEBUG o.s.c.c.CharSequenceEncoder - [6cb04275-15] Writing "903. foo bar"
12:31:22.769 [reactor-http-nio-2] DEBUG o.s.c.c.CharSequenceEncoder - [6cb04275-15] Writing "904. foo bar"
12:31:22.769 [reactor-http-nio-2] DEBUG o.s.c.c.CharSequenceEncoder - [6cb04275-15] Writing "905. foo bar"
12:31:22.770 [reactor-http-nio-2] DEBUG o.s.c.c.CharSequenceEncoder - [6cb04275-15] Writing "906. foo bar"
12:31:22.770 [reactor-http-nio-2] DEBUG o.s.c.c.CharSequenceEncoder - [6cb04275-15] Writing "907. foo bar"
12:31:22.770 [reactor-http-nio-2] DEBUG o.s.c.c.CharSequenceEncoder - [6cb04275-15] Writing "908. foo bar"
12:31:22.770 [reactor-http-nio-2] DEBUG o.s.c.c.CharSequenceEncoder - [6cb04275-15] Writing "909. foo bar"
12:31:22.770 [reactor-http-nio-2] DEBUG o.s.c.c.CharSequenceEncoder - [6cb04275-15] Writing "910. foo bar"
12:31:22.770 [reactor-http-nio-2] DEBUG o.s.c.c.CharSequenceEncoder - [6cb04275-15] Writing "911. foo bar"
12:31:22.770 [reactor-http-nio-2] DEBUG o.s.c.c.CharSequenceEncoder - [6cb04275-15] Writing "912. foo bar"
12:31:22.771 [reactor-http-nio-2] DEBUG o.s.c.c.CharSequenceEncoder - [6cb04275-15] Writing "913. foo bar"
12:31:22.771 [reactor-http-nio-2] DEBUG o.s.c.c.CharSequenceEncoder - [6cb04275-15] Writing "914. foo bar"
12:31:22.771 [reactor-http-nio-2] DEBUG o.s.c.c.CharSequenceEncoder - [6cb04275-15] Writing "915. foo bar"
12:31:22.771 [reactor-http-nio-2] DEBUG o.s.c.c.CharSequenceEncoder - [6cb04275-15] Writing "916. foo bar"
12:31:22.771 [reactor-http-nio-2] DEBUG o.s.c.c.CharSequenceEncoder - [6cb04275-15] Writing "917. foo bar"
12:31:22.771 [reactor-http-nio-2] DEBUG o.s.c.c.CharSequenceEncoder - [6cb04275-15] Writing "918. foo bar"
12:31:22.771 [reactor-http-nio-2] DEBUG o.s.c.c.CharSequenceEncoder - [6cb04275-15] Writing "919. foo bar"
12:31:22.772 [reactor-http-nio-2] DEBUG o.s.c.c.CharSequenceEncoder - [6cb04275-15] Writing "920. foo bar"
12:31:22.772 [reactor-http-nio-2] DEBUG o.s.c.c.CharSequenceEncoder - [6cb04275-15] Writing "921. foo bar"
12:31:22.772 [reactor-http-nio-2] DEBUG o.s.c.c.CharSequenceEncoder - [6cb04275-15] Writing "922. foo bar"
12:31:22.772 [reactor-http-nio-2] DEBUG o.s.c.c.CharSequenceEncoder - [6cb04275-15] Writing "923. foo bar"
12:31:22.772 [reactor-http-nio-2] DEBUG o.s.c.c.CharSequenceEncoder - [6cb04275-15] Writing "924. foo bar"
12:31:22.773 [reactor-http-nio-2] DEBUG o.s.c.c.CharSequenceEncoder - [6cb04275-15] Writing "925. foo bar"
12:31:22.773 [reactor-http-nio-2] DEBUG o.s.c.c.CharSequenceEncoder - [6cb04275-15] Writing "926. foo bar"
12:31:22.773 [reactor-http-nio-2] DEBUG o.s.c.c.CharSequenceEncoder - [6cb04275-15] Writing "927. foo bar"
12:31:22.773 [reactor-http-nio-2] DEBUG o.s.c.c.CharSequenceEncoder - [6cb04275-15] Writing "928. foo bar"
12:31:22.773 [reactor-http-nio-2] DEBUG o.s.c.c.CharSequenceEncoder - [6cb04275-15] Writing "929. foo bar"
12:31:22.773 [reactor-http-nio-2] DEBUG o.s.c.c.CharSequenceEncoder - [6cb04275-15] Writing "930. foo bar"
12:31:22.773 [reactor-http-nio-2] DEBUG o.s.c.c.CharSequenceEncoder - [6cb04275-15] Writing "931. foo bar"
12:31:22.774 [reactor-http-nio-2] DEBUG o.s.c.c.CharSequenceEncoder - [6cb04275-15] Writing "932. foo bar"
12:31:22.774 [reactor-http-nio-2] DEBUG o.s.c.c.CharSequenceEncoder - [6cb04275-15] Writing "933. foo bar"
12:31:22.774 [reactor-http-nio-2] DEBUG o.s.c.c.CharSequenceEncoder - [6cb04275-15] Writing "934. foo bar"
12:31:22.774 [reactor-http-nio-2] DEBUG o.s.c.c.CharSequenceEncoder - [6cb04275-15] Writing "935. foo bar"
12:31:22.774 [reactor-http-nio-2] DEBUG o.s.c.c.CharSequenceEncoder - [6cb04275-15] Writing "936. foo bar"
12:31:22.774 [reactor-http-nio-2] DEBUG o.s.c.c.CharSequenceEncoder - [6cb04275-15] Writing "937. foo bar"
12:31:22.775 [reactor-http-nio-2] DEBUG o.s.c.c.CharSequenceEncoder - [6cb04275-15] Writing "938. foo bar"
12:31:22.775 [reactor-http-nio-2] DEBUG o.s.c.c.CharSequenceEncoder - [6cb04275-15] Writing "939. foo bar"
12:31:22.775 [reactor-http-nio-2] DEBUG o.s.c.c.CharSequenceEncoder - [6cb04275-15] Writing "940. foo bar"
12:31:22.775 [reactor-http-nio-2] DEBUG o.s.c.c.CharSequenceEncoder - [6cb04275-15] Writing "941. foo bar"
12:31:22.775 [reactor-http-nio-2] DEBUG o.s.c.c.CharSequenceEncoder - [6cb04275-15] Writing "942. foo bar"
12:31:22.775 [reactor-http-nio-2] DEBUG o.s.c.c.CharSequenceEncoder - [6cb04275-15] Writing "943. foo bar"
12:31:22.775 [reactor-http-nio-2] DEBUG o.s.c.c.CharSequenceEncoder - [6cb04275-15] Writing "944. foo bar"
12:31:22.776 [reactor-http-nio-2] DEBUG o.s.c.c.CharSequenceEncoder - [6cb04275-15] Writing "945. foo bar"
12:31:22.776 [reactor-http-nio-2] DEBUG o.s.c.c.CharSequenceEncoder - [6cb04275-15] Writing "946. foo bar"
12:31:22.776 [reactor-http-nio-2] DEBUG o.s.c.c.CharSequenceEncoder - [6cb04275-15] Writing "947. foo bar"
12:31:22.776 [reactor-http-nio-2] DEBUG o.s.c.c.CharSequenceEncoder - [6cb04275-15] Writing "948. foo bar"
12:31:22.776 [reactor-http-nio-2] DEBUG o.s.c.c.CharSequenceEncoder - [6cb04275-15] Writing "949. foo bar"
12:31:22.776 [reactor-http-nio-2] DEBUG o.s.c.c.CharSequenceEncoder - [6cb04275-15] Writing "950. foo bar"
12:31:22.776 [reactor-http-nio-2] DEBUG o.s.c.c.CharSequenceEncoder - [6cb04275-15] Writing "951. foo bar"
12:31:22.777 [reactor-http-nio-2] DEBUG o.s.c.c.CharSequenceEncoder - [6cb04275-15] Writing "952. foo bar"
12:31:22.777 [reactor-http-nio-2] DEBUG o.s.c.c.CharSequenceEncoder - [6cb04275-15] Writing "953. foo bar"
12:31:22.777 [reactor-http-nio-2] DEBUG o.s.c.c.CharSequenceEncoder - [6cb04275-15] Writing "954. foo bar"
12:31:22.777 [reactor-http-nio-2] DEBUG o.s.c.c.CharSequenceEncoder - [6cb04275-15] Writing "955. foo bar"
12:31:22.777 [reactor-http-nio-2] DEBUG o.s.c.c.CharSequenceEncoder - [6cb04275-15] Writing "956. foo bar"
12:31:22.777 [reactor-http-nio-2] DEBUG o.s.c.c.CharSequenceEncoder - [6cb04275-15] Writing "957. foo bar"
12:31:22.777 [reactor-http-nio-2] DEBUG o.s.c.c.CharSequenceEncoder - [6cb04275-15] Writing "958. foo bar"
12:31:22.778 [reactor-http-nio-2] DEBUG o.s.c.c.CharSequenceEncoder - [6cb04275-15] Writing "959. foo bar"
12:31:22.778 [reactor-http-nio-2] DEBUG o.s.c.c.CharSequenceEncoder - [6cb04275-15] Writing "960. foo bar"
12:31:22.790 [reactor-http-nio-2] DEBUG o.s.c.c.CharSequenceEncoder - [6cb04275-15] Writing "961. foo bar"
12:31:22.791 [reactor-http-nio-2] DEBUG o.s.c.c.CharSequenceEncoder - [6cb04275-15] Writing "962. foo bar"
12:31:22.791 [reactor-http-nio-2] DEBUG o.s.c.c.CharSequenceEncoder - [6cb04275-15] Writing "963. foo bar"
12:31:22.791 [reactor-http-nio-2] DEBUG o.s.c.c.CharSequenceEncoder - [6cb04275-15] Writing "964. foo bar"
12:31:22.792 [reactor-http-nio-2] DEBUG o.s.c.c.CharSequenceEncoder - [6cb04275-15] Writing "965. foo bar"
12:31:22.792 [reactor-http-nio-2] DEBUG o.s.c.c.CharSequenceEncoder - [6cb04275-15] Writing "966. foo bar"
12:31:22.792 [reactor-http-nio-2] DEBUG o.s.c.c.CharSequenceEncoder - [6cb04275-15] Writing "967. foo bar"
12:31:22.792 [reactor-http-nio-2] DEBUG o.s.c.c.CharSequenceEncoder - [6cb04275-15] Writing "968. foo bar"
12:31:22.792 [reactor-http-nio-2] DEBUG o.s.c.c.CharSequenceEncoder - [6cb04275-15] Writing "969. foo bar"
12:31:22.793 [reactor-http-nio-2] DEBUG o.s.c.c.CharSequenceEncoder - [6cb04275-15] Writing "970. foo bar"
12:31:22.793 [reactor-http-nio-2] DEBUG o.s.c.c.CharSequenceEncoder - [6cb04275-15] Writing "971. foo bar"
12:31:22.793 [reactor-http-nio-2] DEBUG o.s.c.c.CharSequenceEncoder - [6cb04275-15] Writing "972. foo bar"
12:31:22.793 [reactor-http-nio-2] DEBUG o.s.c.c.CharSequenceEncoder - [6cb04275-15] Writing "973. foo bar"
12:31:22.793 [reactor-http-nio-2] DEBUG o.s.c.c.CharSequenceEncoder - [6cb04275-15] Writing "974. foo bar"
12:31:22.793 [reactor-http-nio-2] DEBUG o.s.c.c.CharSequenceEncoder - [6cb04275-15] Writing "975. foo bar"
12:31:22.794 [reactor-http-nio-2] DEBUG o.s.c.c.CharSequenceEncoder - [6cb04275-15] Writing "976. foo bar"
12:31:22.794 [reactor-http-nio-2] DEBUG o.s.c.c.CharSequenceEncoder - [6cb04275-15] Writing "977. foo bar"
12:31:22.794 [reactor-http-nio-2] DEBUG o.s.c.c.CharSequenceEncoder - [6cb04275-15] Writing "978. foo bar"
12:31:22.794 [reactor-http-nio-2] DEBUG o.s.c.c.CharSequenceEncoder - [6cb04275-15] Writing "979. foo bar"
12:31:22.794 [reactor-http-nio-2] DEBUG o.s.c.c.CharSequenceEncoder - [6cb04275-15] Writing "980. foo bar"
12:31:22.795 [reactor-http-nio-2] DEBUG o.s.c.c.CharSequenceEncoder - [6cb04275-15] Writing "981. foo bar"
12:31:22.795 [reactor-http-nio-2] DEBUG o.s.c.c.CharSequenceEncoder - [6cb04275-15] Writing "982. foo bar"
12:31:22.795 [reactor-http-nio-2] DEBUG o.s.c.c.CharSequenceEncoder - [6cb04275-15] Writing "983. foo bar"
12:31:22.795 [reactor-http-nio-2] DEBUG o.s.c.c.CharSequenceEncoder - [6cb04275-15] Writing "984. foo bar"
12:31:22.795 [reactor-http-nio-2] DEBUG o.s.c.c.CharSequenceEncoder - [6cb04275-15] Writing "985. foo bar"
12:31:22.795 [reactor-http-nio-2] DEBUG o.s.c.c.CharSequenceEncoder - [6cb04275-15] Writing "986. foo bar"
12:31:22.795 [reactor-http-nio-2] DEBUG o.s.c.c.CharSequenceEncoder - [6cb04275-15] Writing "987. foo bar"
12:31:22.796 [reactor-http-nio-2] DEBUG o.s.c.c.CharSequenceEncoder - [6cb04275-15] Writing "988. foo bar"
12:31:22.796 [reactor-http-nio-2] DEBUG o.s.c.c.CharSequenceEncoder - [6cb04275-15] Writing "989. foo bar"
12:31:22.796 [reactor-http-nio-2] DEBUG o.s.c.c.CharSequenceEncoder - [6cb04275-15] Writing "990. foo bar"
12:31:22.796 [reactor-http-nio-2] DEBUG o.s.c.c.CharSequenceEncoder - [6cb04275-15] Writing "991. foo bar"
12:31:22.796 [reactor-http-nio-2] DEBUG o.s.c.c.CharSequenceEncoder - [6cb04275-15] Writing "992. foo bar"
12:31:22.796 [reactor-http-nio-2] DEBUG o.s.c.c.CharSequenceEncoder - [6cb04275-15] Writing "993. foo bar"
12:31:22.797 [reactor-http-nio-2] DEBUG o.s.c.c.CharSequenceEncoder - [6cb04275-15] Writing "994. foo bar"
12:31:22.797 [reactor-http-nio-2] DEBUG o.s.c.c.CharSequenceEncoder - [6cb04275-15] Writing "995. foo bar"
12:31:22.797 [reactor-http-nio-2] DEBUG o.s.c.c.CharSequenceEncoder - [6cb04275-15] Writing "996. foo bar"
12:31:22.797 [reactor-http-nio-2] DEBUG o.s.c.c.CharSequenceEncoder - [6cb04275-15] Writing "997. foo bar"
12:31:22.797 [reactor-http-nio-2] DEBUG o.s.c.c.CharSequenceEncoder - [6cb04275-15] Writing "998. foo bar"
12:31:22.797 [reactor-http-nio-2] DEBUG o.s.c.c.CharSequenceEncoder - [6cb04275-15] Writing "999. foo bar"
12:31:22.971 [reactor-http-nio-2] ERROR o.s.w.s.a.HttpWebHandlerAdapter - [6cb04275-15] Error [java.lang.RuntimeException: Random error] for HTTP GET "/SPR-16051", but ServerHttpResponse already committed (200 OK)
12:31:22.971 [reactor-http-nio-2] ERROR r.n.h.s.HttpServerOperations - [id: 0x6cb04275, L:/127.0.0.1:49583 - R:/127.0.0.1:49584] Error finishing response. Closing connection
java.lang.RuntimeException: Random error
	at org.springframework.web.reactive.result.method.annotation.RequestMappingExceptionHandlingIntegrationTests$TestController.lambda$errors$0(RequestMappingExceptionHandlingIntegrationTests.java:154) ~[test/:?]
	Suppressed: reactor.core.publisher.FluxOnAssembly$OnAssemblyException: 
Error has been observed at the following site(s):
	|_ checkpoint ⇢ Handler org.springframework.web.reactive.result.method.annotation.RequestMappingExceptionHandlingIntegrationTests$TestController#errors() [DispatcherHandler]
	|_ checkpoint ⇢ HTTP GET "/SPR-16051" [ExceptionHandlingWebHandler]
Stack trace:
		at org.springframework.web.reactive.result.method.annotation.RequestMappingExceptionHandlingIntegrationTests$TestController.lambda$errors$0(RequestMappingExceptionHandlingIntegrationTests.java:154) ~[test/:?]
		at reactor.core.publisher.FluxMapFuseable$MapFuseableSubscriber.onNext(FluxMapFuseable.java:107) ~[reactor-core-3.3.11.RELEASE.jar:3.3.11.RELEASE]
		at reactor.core.publisher.FluxRange$RangeSubscription.slowPath(FluxRange.java:154) ~[reactor-core-3.3.11.RELEASE.jar:3.3.11.RELEASE]
		at reactor.core.publisher.FluxRange$RangeSubscription.request(FluxRange.java:109) ~[reactor-core-3.3.11.RELEASE.jar:3.3.11.RELEASE]
		at reactor.core.publisher.FluxMapFuseable$MapFuseableSubscriber.request(FluxMapFuseable.java:162) ~[reactor-core-3.3.11.RELEASE.jar:3.3.11.RELEASE]
		at reactor.core.publisher.FluxMapFuseable$MapFuseableSubscriber.request(FluxMapFuseable.java:162) ~[reactor-core-3.3.11.RELEASE.jar:3.3.11.RELEASE]
		at org.springframework.http.server.reactive.ChannelSendOperator$WriteBarrier.request(ChannelSendOperator.java:272) ~[spring-web-5.2.11.RELEASE.jar:5.2.11.RELEASE]
		at reactor.core.publisher.FluxMap$MapSubscriber.request(FluxMap.java:155) ~[reactor-core-3.3.11.RELEASE.jar:3.3.11.RELEASE]
		at reactor.netty.channel.MonoSendMany$SendManyInner.run(MonoSendMany.java:356) [reactor-netty-0.9.13.RELEASE.jar:0.9.13.RELEASE]
		at reactor.netty.channel.MonoSendMany$SendManyInner.trySchedule(MonoSendMany.java:419) [reactor-netty-0.9.13.RELEASE.jar:0.9.13.RELEASE]
		at reactor.netty.channel.MonoSendMany$SendManyInner.trySuccess(MonoSendMany.java:570) [reactor-netty-0.9.13.RELEASE.jar:0.9.13.RELEASE]
		at reactor.netty.channel.MonoSendMany$SendManyInner.trySuccess(MonoSendMany.java:114) [reactor-netty-0.9.13.RELEASE.jar:0.9.13.RELEASE]
		at io.netty.util.concurrent.PromiseCombiner.tryPromise(PromiseCombiner.java:170) [netty-common-4.1.51.Final.jar:4.1.51.Final]
		at io.netty.util.concurrent.PromiseCombiner.access$600(PromiseCombiner.java:35) [netty-common-4.1.51.Final.jar:4.1.51.Final]
		at io.netty.util.concurrent.PromiseCombiner$1.operationComplete0(PromiseCombiner.java:62) [netty-common-4.1.51.Final.jar:4.1.51.Final]
		at io.netty.util.concurrent.PromiseCombiner$1.operationComplete(PromiseCombiner.java:44) [netty-common-4.1.51.Final.jar:4.1.51.Final]
		at io.netty.util.concurrent.DefaultPromise.notifyListener0(DefaultPromise.java:577) [netty-common-4.1.51.Final.jar:4.1.51.Final]
		at io.netty.util.concurrent.DefaultPromise.notifyListenersNow(DefaultPromise.java:551) [netty-common-4.1.51.Final.jar:4.1.51.Final]
		at io.netty.util.concurrent.DefaultPromise.notifyListeners(DefaultPromise.java:490) [netty-common-4.1.51.Final.jar:4.1.51.Final]
		at io.netty.util.concurrent.DefaultPromise.setValue0(DefaultPromise.java:615) [netty-common-4.1.51.Final.jar:4.1.51.Final]
		at io.netty.util.concurrent.DefaultPromise.setSuccess0(DefaultPromise.java:604) [netty-common-4.1.51.Final.jar:4.1.51.Final]
		at io.netty.util.concurrent.DefaultPromise.trySuccess(DefaultPromise.java:104) [netty-common-4.1.51.Final.jar:4.1.51.Final]
		at io.netty.util.internal.PromiseNotificationUtil.trySuccess(PromiseNotificationUtil.java:48) [netty-common-4.1.51.Final.jar:4.1.51.Final]
		at io.netty.channel.ChannelOutboundBuffer.safeSuccess(ChannelOutboundBuffer.java:717) [netty-transport-4.1.51.Final.jar:4.1.51.Final]
		at io.netty.channel.ChannelOutboundBuffer.remove(ChannelOutboundBuffer.java:272) [netty-transport-4.1.51.Final.jar:4.1.51.Final]
		at io.netty.channel.ChannelOutboundBuffer.removeBytes(ChannelOutboundBuffer.java:352) [netty-transport-4.1.51.Final.jar:4.1.51.Final]
		at io.netty.channel.socket.nio.NioSocketChannel.doWrite(NioSocketChannel.java:431) [netty-transport-4.1.51.Final.jar:4.1.51.Final]
		at io.netty.channel.AbstractChannel$AbstractUnsafe.flush0(AbstractChannel.java:930) [netty-transport-4.1.51.Final.jar:4.1.51.Final]
		at io.netty.channel.nio.AbstractNioChannel$AbstractNioUnsafe.flush0(AbstractNioChannel.java:354) [netty-transport-4.1.51.Final.jar:4.1.51.Final]
		at io.netty.channel.AbstractChannel$AbstractUnsafe.flush(AbstractChannel.java:897) [netty-transport-4.1.51.Final.jar:4.1.51.Final]
		at io.netty.channel.DefaultChannelPipeline$HeadContext.flush(DefaultChannelPipeline.java:1372) [netty-transport-4.1.51.Final.jar:4.1.51.Final]
		at io.netty.channel.AbstractChannelHandlerContext.invokeFlush0(AbstractChannelHandlerContext.java:750) [netty-transport-4.1.51.Final.jar:4.1.51.Final]
		at io.netty.channel.AbstractChannelHandlerContext.invokeFlush(AbstractChannelHandlerContext.java:742) [netty-transport-4.1.51.Final.jar:4.1.51.Final]
		at io.netty.channel.AbstractChannelHandlerContext.flush(AbstractChannelHandlerContext.java:728) [netty-transport-4.1.51.Final.jar:4.1.51.Final]
		at io.netty.channel.CombinedChannelDuplexHandler$DelegatingChannelHandlerContext.flush(CombinedChannelDuplexHandler.java:531) [netty-transport-4.1.51.Final.jar:4.1.51.Final]
		at io.netty.channel.ChannelOutboundHandlerAdapter.flush(ChannelOutboundHandlerAdapter.java:125) [netty-transport-4.1.51.Final.jar:4.1.51.Final]
		at io.netty.channel.CombinedChannelDuplexHandler.flush(CombinedChannelDuplexHandler.java:356) [netty-transport-4.1.51.Final.jar:4.1.51.Final]
		at io.netty.channel.AbstractChannelHandlerContext.invokeFlush0(AbstractChannelHandlerContext.java:750) [netty-transport-4.1.51.Final.jar:4.1.51.Final]
		at io.netty.channel.AbstractChannelHandlerContext.invokeFlush(AbstractChannelHandlerContext.java:742) [netty-transport-4.1.51.Final.jar:4.1.51.Final]
		at io.netty.channel.AbstractChannelHandlerContext.flush(AbstractChannelHandlerContext.java:728) [netty-transport-4.1.51.Final.jar:4.1.51.Final]
		at reactor.netty.channel.MonoSendMany$SendManyInner$AsyncFlush.run(MonoSendMany.java:758) [reactor-netty-0.9.13.RELEASE.jar:0.9.13.RELEASE]
		at io.netty.util.concurrent.AbstractEventExecutor.safeExecute(AbstractEventExecutor.java:164) [netty-common-4.1.51.Final.jar:4.1.51.Final]
		at io.netty.util.concurrent.SingleThreadEventExecutor.runAllTasks(SingleThreadEventExecutor.java:472) [netty-common-4.1.51.Final.jar:4.1.51.Final]
		at io.netty.channel.nio.NioEventLoop.run(NioEventLoop.java:497) [netty-transport-4.1.51.Final.jar:4.1.51.Final]
		at io.netty.util.concurrent.SingleThreadEventExecutor$4.run(SingleThreadEventExecutor.java:989) [netty-common-4.1.51.Final.jar:4.1.51.Final]
		at io.netty.util.internal.ThreadExecutorMap$2.run(ThreadExecutorMap.java:74) [netty-common-4.1.51.Final.jar:4.1.51.Final]
		at io.netty.util.concurrent.FastThreadLocalRunnable.run(FastThreadLocalRunnable.java:30) [netty-common-4.1.51.Final.jar:4.1.51.Final]
		at java.lang.Thread.run(Thread.java:748) [?:1.8.0_191]
12:31:22.976 [Test worker] DEBUG o.s.w.t.h.s.r.b.ReactorHttpServer - Stopping ReactorHttpServer...
12:31:22.976 [Test worker] DEBUG o.s.w.t.h.s.r.b.ReactorHttpServer - Server stopped (0 millis).
12:31:23.126 [Test worker] DEBUG o.s.w.r.r.m.a.RequestMappingHandlerMapping - 6 mappings in 'requestMappingHandlerMapping'
12:31:23.172 [Test worker] DEBUG o.s.w.r.r.m.a.ControllerMethodResolver - ControllerAdvice beans: none
12:31:23.227 [Test worker] DEBUG o.s.w.s.a.HttpWebHandlerAdapter - enableLoggingRequestDetails='false': form data and headers will be masked to prevent unsafe logging of potentially sensitive data
12:31:23.228 [Test worker] DEBUG o.s.w.t.h.s.r.b.TomcatHttpServer - Starting TomcatHttpServer...
12:31:23.246 [Test worker] DEBUG o.s.w.t.h.s.r.b.TomcatHttpServer - Server started on port 49611(0 millis).
12:31:23.246 [Test worker] DEBUG o.s.w.c.RestTemplate - HTTP GET http://localhost:49611/SPR-16051
12:31:23.246 [Test worker] DEBUG o.s.w.c.RestTemplate - Accept=[text/plain, application/json, application/x-jackson-smile, application/*+json, */*]
12:31:23.270 [http-nio-auto-15-exec-1] DEBUG o.s.w.s.a.HttpWebHandlerAdapter - [45d408cb] HTTP GET "/SPR-16051"
12:31:23.270 [http-nio-auto-15-exec-1] DEBUG o.s.w.r.r.m.a.RequestMappingHandlerMapping - [45d408cb] Mapped to org.springframework.web.reactive.result.method.annotation.RequestMappingExceptionHandlingIntegrationTests$TestController#errors()
12:31:23.272 [http-nio-auto-15-exec-1] DEBUG o.s.w.r.r.m.a.ResponseBodyResultHandler - Using 'text/plain;charset=UTF-8' given [text/plain, application/json, application/x-jackson-smile, application/*+json, */*] and supported [text/plain;charset=UTF-8, text/event-stream, text/plain;charset=UTF-8, */*]
12:31:23.272 [http-nio-auto-15-exec-1] DEBUG o.s.w.r.r.m.a.ResponseBodyResultHandler - [45d408cb] 0..N [java.lang.String]
12:31:23.272 [http-nio-auto-15-exec-1] DEBUG o.s.c.c.CharSequenceEncoder - [45d408cb] Writing "1. foo bar"
12:31:23.272 [http-nio-auto-15-exec-1] DEBUG o.s.c.c.CharSequenceEncoder - [45d408cb] Writing "2. foo bar"
12:31:23.272 [http-nio-auto-15-exec-1] DEBUG o.s.c.c.CharSequenceEncoder - [45d408cb] Writing "3. foo bar"
12:31:23.272 [http-nio-auto-15-exec-1] DEBUG o.s.c.c.CharSequenceEncoder - [45d408cb] Writing "4. foo bar"
12:31:23.272 [http-nio-auto-15-exec-1] DEBUG o.s.c.c.CharSequenceEncoder - [45d408cb] Writing "5. foo bar"
12:31:23.272 [http-nio-auto-15-exec-1] DEBUG o.s.c.c.CharSequenceEncoder - [45d408cb] Writing "6. foo bar"
12:31:23.272 [http-nio-auto-15-exec-1] DEBUG o.s.c.c.CharSequenceEncoder - [45d408cb] Writing "7. foo bar"
12:31:23.272 [http-nio-auto-15-exec-1] DEBUG o.s.c.c.CharSequenceEncoder - [45d408cb] Writing "8. foo bar"
12:31:23.273 [http-nio-auto-15-exec-1] DEBUG o.s.c.c.CharSequenceEncoder - [45d408cb] Writing "9. foo bar"
12:31:23.273 [http-nio-auto-15-exec-1] DEBUG o.s.c.c.CharSequenceEncoder - [45d408cb] Writing "10. foo bar"
12:31:23.273 [http-nio-auto-15-exec-1] DEBUG o.s.c.c.CharSequenceEncoder - [45d408cb] Writing "11. foo bar"
12:31:23.273 [http-nio-auto-15-exec-1] DEBUG o.s.c.c.CharSequenceEncoder - [45d408cb] Writing "12. foo bar"
12:31:23.273 [http-nio-auto-15-exec-1] DEBUG o.s.c.c.CharSequenceEncoder - [45d408cb] Writing "13. foo bar"
12:31:23.273 [http-nio-auto-15-exec-1] DEBUG o.s.c.c.CharSequenceEncoder - [45d408cb] Writing "14. foo bar"
12:31:23.273 [http-nio-auto-15-exec-1] DEBUG o.s.c.c.CharSequenceEncoder - [45d408cb] Writing "15. foo bar"
12:31:23.273 [http-nio-auto-15-exec-1] DEBUG o.s.c.c.CharSequenceEncoder - [45d408cb] Writing "16. foo bar"
12:31:23.273 [http-nio-auto-15-exec-1] DEBUG o.s.c.c.CharSequenceEncoder - [45d408cb] Writing "17. foo bar"
12:31:23.273 [http-nio-auto-15-exec-1] DEBUG o.s.c.c.CharSequenceEncoder - [45d408cb] Writing "18. foo bar"
12:31:23.273 [http-nio-auto-15-exec-1] DEBUG o.s.c.c.CharSequenceEncoder - [45d408cb] Writing "19. foo bar"
12:31:23.273 [http-nio-auto-15-exec-1] DEBUG o.s.c.c.CharSequenceEncoder - [45d408cb] Writing "20. foo bar"
12:31:23.273 [http-nio-auto-15-exec-1] DEBUG o.s.c.c.CharSequenceEncoder - [45d408cb] Writing "21. foo bar"
12:31:23.273 [http-nio-auto-15-exec-1] DEBUG o.s.c.c.CharSequenceEncoder - [45d408cb] Writing "22. foo bar"
12:31:23.273 [http-nio-auto-15-exec-1] DEBUG o.s.c.c.CharSequenceEncoder - [45d408cb] Writing "23. foo bar"
12:31:23.273 [http-nio-auto-15-exec-1] DEBUG o.s.c.c.CharSequenceEncoder - [45d408cb] Writing "24. foo bar"
12:31:23.273 [http-nio-auto-15-exec-1] DEBUG o.s.c.c.CharSequenceEncoder - [45d408cb] Writing "25. foo bar"
12:31:23.273 [http-nio-auto-15-exec-1] DEBUG o.s.c.c.CharSequenceEncoder - [45d408cb] Writing "26. foo bar"
12:31:23.273 [http-nio-auto-15-exec-1] DEBUG o.s.c.c.CharSequenceEncoder - [45d408cb] Writing "27. foo bar"
12:31:23.273 [http-nio-auto-15-exec-1] DEBUG o.s.c.c.CharSequenceEncoder - [45d408cb] Writing "28. foo bar"
12:31:23.273 [http-nio-auto-15-exec-1] DEBUG o.s.c.c.CharSequenceEncoder - [45d408cb] Writing "29. foo bar"
12:31:23.273 [http-nio-auto-15-exec-1] DEBUG o.s.c.c.CharSequenceEncoder - [45d408cb] Writing "30. foo bar"
12:31:23.273 [http-nio-auto-15-exec-1] DEBUG o.s.c.c.CharSequenceEncoder - [45d408cb] Writing "31. foo bar"
12:31:23.274 [http-nio-auto-15-exec-1] DEBUG o.s.c.c.CharSequenceEncoder - [45d408cb] Writing "32. foo bar"
12:31:23.274 [http-nio-auto-15-exec-1] DEBUG o.s.c.c.CharSequenceEncoder - [45d408cb] Writing "33. foo bar"
12:31:23.274 [http-nio-auto-15-exec-1] DEBUG o.s.c.c.CharSequenceEncoder - [45d408cb] Writing "34. foo bar"
12:31:23.274 [http-nio-auto-15-exec-1] DEBUG o.s.c.c.CharSequenceEncoder - [45d408cb] Writing "35. foo bar"
12:31:23.274 [http-nio-auto-15-exec-1] DEBUG o.s.c.c.CharSequenceEncoder - [45d408cb] Writing "36. foo bar"
12:31:23.274 [http-nio-auto-15-exec-1] DEBUG o.s.c.c.CharSequenceEncoder - [45d408cb] Writing "37. foo bar"
12:31:23.274 [http-nio-auto-15-exec-1] DEBUG o.s.c.c.CharSequenceEncoder - [45d408cb] Writing "38. foo bar"
12:31:23.274 [http-nio-auto-15-exec-1] DEBUG o.s.c.c.CharSequenceEncoder - [45d408cb] Writing "39. foo bar"
12:31:23.274 [http-nio-auto-15-exec-1] DEBUG o.s.c.c.CharSequenceEncoder - [45d408cb] Writing "40. foo bar"
12:31:23.274 [http-nio-auto-15-exec-1] DEBUG o.s.c.c.CharSequenceEncoder - [45d408cb] Writing "41. foo bar"
12:31:23.274 [http-nio-auto-15-exec-1] DEBUG o.s.c.c.CharSequenceEncoder - [45d408cb] Writing "42. foo bar"
12:31:23.274 [http-nio-auto-15-exec-1] DEBUG o.s.c.c.CharSequenceEncoder - [45d408cb] Writing "43. foo bar"
12:31:23.274 [http-nio-auto-15-exec-1] DEBUG o.s.c.c.CharSequenceEncoder - [45d408cb] Writing "44. foo bar"
12:31:23.274 [http-nio-auto-15-exec-1] DEBUG o.s.c.c.CharSequenceEncoder - [45d408cb] Writing "45. foo bar"
12:31:23.274 [http-nio-auto-15-exec-1] DEBUG o.s.c.c.CharSequenceEncoder - [45d408cb] Writing "46. foo bar"
12:31:23.274 [http-nio-auto-15-exec-1] DEBUG o.s.c.c.CharSequenceEncoder - [45d408cb] Writing "47. foo bar"
12:31:23.274 [http-nio-auto-15-exec-1] DEBUG o.s.c.c.CharSequenceEncoder - [45d408cb] Writing "48. foo bar"
12:31:23.274 [http-nio-auto-15-exec-1] DEBUG o.s.c.c.CharSequenceEncoder - [45d408cb] Writing "49. foo bar"
12:31:23.274 [http-nio-auto-15-exec-1] DEBUG o.s.c.c.CharSequenceEncoder - [45d408cb] Writing "50. foo bar"
12:31:23.274 [http-nio-auto-15-exec-1] DEBUG o.s.c.c.CharSequenceEncoder - [45d408cb] Writing "51. foo bar"
12:31:23.274 [http-nio-auto-15-exec-1] DEBUG o.s.c.c.CharSequenceEncoder - [45d408cb] Writing "52. foo bar"
12:31:23.275 [http-nio-auto-15-exec-1] DEBUG o.s.c.c.CharSequenceEncoder - [45d408cb] Writing "53. foo bar"
12:31:23.275 [http-nio-auto-15-exec-1] DEBUG o.s.c.c.CharSequenceEncoder - [45d408cb] Writing "54. foo bar"
12:31:23.275 [http-nio-auto-15-exec-1] DEBUG o.s.c.c.CharSequenceEncoder - [45d408cb] Writing "55. foo bar"
12:31:23.275 [http-nio-auto-15-exec-1] DEBUG o.s.c.c.CharSequenceEncoder - [45d408cb] Writing "56. foo bar"
12:31:23.275 [http-nio-auto-15-exec-1] DEBUG o.s.c.c.CharSequenceEncoder - [45d408cb] Writing "57. foo bar"
12:31:23.275 [http-nio-auto-15-exec-1] DEBUG o.s.c.c.CharSequenceEncoder - [45d408cb] Writing "58. foo bar"
12:31:23.275 [http-nio-auto-15-exec-1] DEBUG o.s.c.c.CharSequenceEncoder - [45d408cb] Writing "59. foo bar"
12:31:23.275 [http-nio-auto-15-exec-1] DEBUG o.s.c.c.CharSequenceEncoder - [45d408cb] Writing "60. foo bar"
12:31:23.275 [http-nio-auto-15-exec-1] DEBUG o.s.c.c.CharSequenceEncoder - [45d408cb] Writing "61. foo bar"
12:31:23.275 [http-nio-auto-15-exec-1] DEBUG o.s.c.c.CharSequenceEncoder - [45d408cb] Writing "62. foo bar"
12:31:23.275 [http-nio-auto-15-exec-1] DEBUG o.s.c.c.CharSequenceEncoder - [45d408cb] Writing "63. foo bar"
12:31:23.275 [http-nio-auto-15-exec-1] DEBUG o.s.c.c.CharSequenceEncoder - [45d408cb] Writing "64. foo bar"
12:31:23.275 [http-nio-auto-15-exec-1] DEBUG o.s.c.c.CharSequenceEncoder - [45d408cb] Writing "65. foo bar"
12:31:23.275 [http-nio-auto-15-exec-1] DEBUG o.s.c.c.CharSequenceEncoder - [45d408cb] Writing "66. foo bar"
12:31:23.275 [http-nio-auto-15-exec-1] DEBUG o.s.c.c.CharSequenceEncoder - [45d408cb] Writing "67. foo bar"
12:31:23.275 [http-nio-auto-15-exec-1] DEBUG o.s.c.c.CharSequenceEncoder - [45d408cb] Writing "68. foo bar"
12:31:23.275 [http-nio-auto-15-exec-1] DEBUG o.s.c.c.CharSequenceEncoder - [45d408cb] Writing "69. foo bar"
12:31:23.275 [http-nio-auto-15-exec-1] DEBUG o.s.c.c.CharSequenceEncoder - [45d408cb] Writing "70. foo bar"
12:31:23.275 [http-nio-auto-15-exec-1] DEBUG o.s.c.c.CharSequenceEncoder - [45d408cb] Writing "71. foo bar"
12:31:23.275 [http-nio-auto-15-exec-1] DEBUG o.s.c.c.CharSequenceEncoder - [45d408cb] Writing "72. foo bar"
12:31:23.276 [http-nio-auto-15-exec-1] DEBUG o.s.c.c.CharSequenceEncoder - [45d408cb] Writing "73. foo bar"
12:31:23.276 [http-nio-auto-15-exec-1] DEBUG o.s.c.c.CharSequenceEncoder - [45d408cb] Writing "74. foo bar"
12:31:23.276 [http-nio-auto-15-exec-1] DEBUG o.s.c.c.CharSequenceEncoder - [45d408cb] Writing "75. foo bar"
12:31:23.276 [http-nio-auto-15-exec-1] DEBUG o.s.c.c.CharSequenceEncoder - [45d408cb] Writing "76. foo bar"
12:31:23.276 [http-nio-auto-15-exec-1] DEBUG o.s.c.c.CharSequenceEncoder - [45d408cb] Writing "77. foo bar"
12:31:23.276 [http-nio-auto-15-exec-1] DEBUG o.s.c.c.CharSequenceEncoder - [45d408cb] Writing "78. foo bar"
12:31:23.276 [http-nio-auto-15-exec-1] DEBUG o.s.c.c.CharSequenceEncoder - [45d408cb] Writing "79. foo bar"
12:31:23.276 [http-nio-auto-15-exec-1] DEBUG o.s.c.c.CharSequenceEncoder - [45d408cb] Writing "80. foo bar"
12:31:23.276 [http-nio-auto-15-exec-1] DEBUG o.s.c.c.CharSequenceEncoder - [45d408cb] Writing "81. foo bar"
12:31:23.276 [http-nio-auto-15-exec-1] DEBUG o.s.c.c.CharSequenceEncoder - [45d408cb] Writing "82. foo bar"
12:31:23.276 [http-nio-auto-15-exec-1] DEBUG o.s.c.c.CharSequenceEncoder - [45d408cb] Writing "83. foo bar"
12:31:23.276 [http-nio-auto-15-exec-1] DEBUG o.s.c.c.CharSequenceEncoder - [45d408cb] Writing "84. foo bar"
12:31:23.276 [http-nio-auto-15-exec-1] DEBUG o.s.c.c.CharSequenceEncoder - [45d408cb] Writing "85. foo bar"
12:31:23.276 [http-nio-auto-15-exec-1] DEBUG o.s.c.c.CharSequenceEncoder - [45d408cb] Writing "86. foo bar"
12:31:23.276 [http-nio-auto-15-exec-1] DEBUG o.s.c.c.CharSequenceEncoder - [45d408cb] Writing "87. foo bar"
12:31:23.276 [http-nio-auto-15-exec-1] DEBUG o.s.c.c.CharSequenceEncoder - [45d408cb] Writing "88. foo bar"
12:31:23.276 [http-nio-auto-15-exec-1] DEBUG o.s.c.c.CharSequenceEncoder - [45d408cb] Writing "89. foo bar"
12:31:23.276 [http-nio-auto-15-exec-1] DEBUG o.s.c.c.CharSequenceEncoder - [45d408cb] Writing "90. foo bar"
12:31:23.276 [http-nio-auto-15-exec-1] DEBUG o.s.c.c.CharSequenceEncoder - [45d408cb] Writing "91. foo bar"
12:31:23.276 [http-nio-auto-15-exec-1] DEBUG o.s.c.c.CharSequenceEncoder - [45d408cb] Writing "92. foo bar"
12:31:23.276 [http-nio-auto-15-exec-1] DEBUG o.s.c.c.CharSequenceEncoder - [45d408cb] Writing "93. foo bar"
12:31:23.276 [http-nio-auto-15-exec-1] DEBUG o.s.c.c.CharSequenceEncoder - [45d408cb] Writing "94. foo bar"
12:31:23.276 [http-nio-auto-15-exec-1] DEBUG o.s.c.c.CharSequenceEncoder - [45d408cb] Writing "95. foo bar"
12:31:23.276 [http-nio-auto-15-exec-1] DEBUG o.s.c.c.CharSequenceEncoder - [45d408cb] Writing "96. foo bar"
12:31:23.276 [http-nio-auto-15-exec-1] DEBUG o.s.c.c.CharSequenceEncoder - [45d408cb] Writing "97. foo bar"
12:31:23.277 [http-nio-auto-15-exec-1] DEBUG o.s.c.c.CharSequenceEncoder - [45d408cb] Writing "98. foo bar"
12:31:23.277 [http-nio-auto-15-exec-1] DEBUG o.s.c.c.CharSequenceEncoder - [45d408cb] Writing "99. foo bar"
12:31:23.277 [http-nio-auto-15-exec-1] DEBUG o.s.c.c.CharSequenceEncoder - [45d408cb] Writing "100. foo bar"
12:31:23.277 [http-nio-auto-15-exec-1] DEBUG o.s.c.c.CharSequenceEncoder - [45d408cb] Writing "101. foo bar"
12:31:23.277 [http-nio-auto-15-exec-1] DEBUG o.s.c.c.CharSequenceEncoder - [45d408cb] Writing "102. foo bar"
12:31:23.277 [http-nio-auto-15-exec-1] DEBUG o.s.c.c.CharSequenceEncoder - [45d408cb] Writing "103. foo bar"
12:31:23.277 [http-nio-auto-15-exec-1] DEBUG o.s.c.c.CharSequenceEncoder - [45d408cb] Writing "104. foo bar"
12:31:23.277 [http-nio-auto-15-exec-1] DEBUG o.s.c.c.CharSequenceEncoder - [45d408cb] Writing "105. foo bar"
12:31:23.277 [http-nio-auto-15-exec-1] DEBUG o.s.c.c.CharSequenceEncoder - [45d408cb] Writing "106. foo bar"
12:31:23.277 [http-nio-auto-15-exec-1] DEBUG o.s.c.c.CharSequenceEncoder - [45d408cb] Writing "107. foo bar"
12:31:23.277 [http-nio-auto-15-exec-1] DEBUG o.s.c.c.CharSequenceEncoder - [45d408cb] Writing "108. foo bar"
12:31:23.277 [http-nio-auto-15-exec-1] DEBUG o.s.c.c.CharSequenceEncoder - [45d408cb] Writing "109. foo bar"
12:31:23.277 [http-nio-auto-15-exec-1] DEBUG o.s.c.c.CharSequenceEncoder - [45d408cb] Writing "110. foo bar"
12:31:23.277 [http-nio-auto-15-exec-1] DEBUG o.s.c.c.CharSequenceEncoder - [45d408cb] Writing "111. foo bar"
12:31:23.277 [http-nio-auto-15-exec-1] DEBUG o.s.c.c.CharSequenceEncoder - [45d408cb] Writing "112. foo bar"
12:31:23.277 [http-nio-auto-15-exec-1] DEBUG o.s.c.c.CharSequenceEncoder - [45d408cb] Writing "113. foo bar"
12:31:23.277 [http-nio-auto-15-exec-1] DEBUG o.s.c.c.CharSequenceEncoder - [45d408cb] Writing "114. foo bar"
12:31:23.277 [http-nio-auto-15-exec-1] DEBUG o.s.c.c.CharSequenceEncoder - [45d408cb] Writing "115. foo bar"
12:31:23.277 [http-nio-auto-15-exec-1] DEBUG o.s.c.c.CharSequenceEncoder - [45d408cb] Writing "116. foo bar"
12:31:23.277 [http-nio-auto-15-exec-1] DEBUG o.s.c.c.CharSequenceEncoder - [45d408cb] Writing "117. foo bar"
12:31:23.277 [http-nio-auto-15-exec-1] DEBUG o.s.c.c.CharSequenceEncoder - [45d408cb] Writing "118. foo bar"
12:31:23.278 [http-nio-auto-15-exec-1] DEBUG o.s.c.c.CharSequenceEncoder - [45d408cb] Writing "119. foo bar"
12:31:23.278 [http-nio-auto-15-exec-1] DEBUG o.s.c.c.CharSequenceEncoder - [45d408cb] Writing "120. foo bar"
12:31:23.278 [http-nio-auto-15-exec-1] DEBUG o.s.c.c.CharSequenceEncoder - [45d408cb] Writing "121. foo bar"
12:31:23.278 [http-nio-auto-15-exec-1] DEBUG o.s.c.c.CharSequenceEncoder - [45d408cb] Writing "122. foo bar"
12:31:23.278 [http-nio-auto-15-exec-1] DEBUG o.s.c.c.CharSequenceEncoder - [45d408cb] Writing "123. foo bar"
12:31:23.278 [http-nio-auto-15-exec-1] DEBUG o.s.c.c.CharSequenceEncoder - [45d408cb] Writing "124. foo bar"
12:31:23.278 [http-nio-auto-15-exec-1] DEBUG o.s.c.c.CharSequenceEncoder - [45d408cb] Writing "125. foo bar"
12:31:23.278 [http-nio-auto-15-exec-1] DEBUG o.s.c.c.CharSequenceEncoder - [45d408cb] Writing "126. foo bar"
12:31:23.278 [http-nio-auto-15-exec-1] DEBUG o.s.c.c.CharSequenceEncoder - [45d408cb] Writing "127. foo bar"
12:31:23.278 [http-nio-auto-15-exec-1] DEBUG o.s.c.c.CharSequenceEncoder - [45d408cb] Writing "128. foo bar"
12:31:23.278 [http-nio-auto-15-exec-1] DEBUG o.s.c.c.CharSequenceEncoder - [45d408cb] Writing "129. foo bar"
12:31:23.278 [http-nio-auto-15-exec-1] DEBUG o.s.c.c.CharSequenceEncoder - [45d408cb] Writing "130. foo bar"
12:31:23.278 [http-nio-auto-15-exec-1] DEBUG o.s.c.c.CharSequenceEncoder - [45d408cb] Writing "131. foo bar"
12:31:23.278 [http-nio-auto-15-exec-1] DEBUG o.s.c.c.CharSequenceEncoder - [45d408cb] Writing "132. foo bar"
12:31:23.278 [http-nio-auto-15-exec-1] DEBUG o.s.c.c.CharSequenceEncoder - [45d408cb] Writing "133. foo bar"
12:31:23.278 [http-nio-auto-15-exec-1] DEBUG o.s.c.c.CharSequenceEncoder - [45d408cb] Writing "134. foo bar"
12:31:23.278 [http-nio-auto-15-exec-1] DEBUG o.s.c.c.CharSequenceEncoder - [45d408cb] Writing "135. foo bar"
12:31:23.278 [http-nio-auto-15-exec-1] DEBUG o.s.c.c.CharSequenceEncoder - [45d408cb] Writing "136. foo bar"
12:31:23.278 [http-nio-auto-15-exec-1] DEBUG o.s.c.c.CharSequenceEncoder - [45d408cb] Writing "137. foo bar"
12:31:23.278 [http-nio-auto-15-exec-1] DEBUG o.s.c.c.CharSequenceEncoder - [45d408cb] Writing "138. foo bar"
12:31:23.278 [http-nio-auto-15-exec-1] DEBUG o.s.c.c.CharSequenceEncoder - [45d408cb] Writing "139. foo bar"
12:31:23.278 [http-nio-auto-15-exec-1] DEBUG o.s.c.c.CharSequenceEncoder - [45d408cb] Writing "140. foo bar"
12:31:23.278 [http-nio-auto-15-exec-1] DEBUG o.s.c.c.CharSequenceEncoder - [45d408cb] Writing "141. foo bar"
12:31:23.278 [http-nio-auto-15-exec-1] DEBUG o.s.c.c.CharSequenceEncoder - [45d408cb] Writing "142. foo bar"
12:31:23.279 [http-nio-auto-15-exec-1] DEBUG o.s.c.c.CharSequenceEncoder - [45d408cb] Writing "143. foo bar"
12:31:23.279 [http-nio-auto-15-exec-1] DEBUG o.s.c.c.CharSequenceEncoder - [45d408cb] Writing "144. foo bar"
12:31:23.279 [http-nio-auto-15-exec-1] DEBUG o.s.c.c.CharSequenceEncoder - [45d408cb] Writing "145. foo bar"
12:31:23.279 [http-nio-auto-15-exec-1] DEBUG o.s.c.c.CharSequenceEncoder - [45d408cb] Writing "146. foo bar"
12:31:23.279 [http-nio-auto-15-exec-1] DEBUG o.s.c.c.CharSequenceEncoder - [45d408cb] Writing "147. foo bar"
12:31:23.279 [http-nio-auto-15-exec-1] DEBUG o.s.c.c.CharSequenceEncoder - [45d408cb] Writing "148. foo bar"
12:31:23.279 [http-nio-auto-15-exec-1] DEBUG o.s.c.c.CharSequenceEncoder - [45d408cb] Writing "149. foo bar"
12:31:23.279 [http-nio-auto-15-exec-1] DEBUG o.s.c.c.CharSequenceEncoder - [45d408cb] Writing "150. foo bar"
12:31:23.279 [http-nio-auto-15-exec-1] DEBUG o.s.c.c.CharSequenceEncoder - [45d408cb] Writing "151. foo bar"
12:31:23.279 [http-nio-auto-15-exec-1] DEBUG o.s.c.c.CharSequenceEncoder - [45d408cb] Writing "152. foo bar"
12:31:23.279 [http-nio-auto-15-exec-1] DEBUG o.s.c.c.CharSequenceEncoder - [45d408cb] Writing "153. foo bar"
12:31:23.279 [http-nio-auto-15-exec-1] DEBUG o.s.c.c.CharSequenceEncoder - [45d408cb] Writing "154. foo bar"
12:31:23.279 [http-nio-auto-15-exec-1] DEBUG o.s.c.c.CharSequenceEncoder - [45d408cb] Writing "155. foo bar"
12:31:23.279 [http-nio-auto-15-exec-1] DEBUG o.s.c.c.CharSequenceEncoder - [45d408cb] Writing "156. foo bar"
12:31:23.279 [http-nio-auto-15-exec-1] DEBUG o.s.c.c.CharSequenceEncoder - [45d408cb] Writing "157. foo bar"
12:31:23.279 [http-nio-auto-15-exec-1] DEBUG o.s.c.c.CharSequenceEncoder - [45d408cb] Writing "158. foo bar"
12:31:23.279 [http-nio-auto-15-exec-1] DEBUG o.s.c.c.CharSequenceEncoder - [45d408cb] Writing "159. foo bar"
12:31:23.279 [http-nio-auto-15-exec-1] DEBUG o.s.c.c.CharSequenceEncoder - [45d408cb] Writing "160. foo bar"
12:31:23.279 [http-nio-auto-15-exec-1] DEBUG o.s.c.c.CharSequenceEncoder - [45d408cb] Writing "161. foo bar"
12:31:23.279 [http-nio-auto-15-exec-1] DEBUG o.s.c.c.CharSequenceEncoder - [45d408cb] Writing "162. foo bar"
12:31:23.279 [http-nio-auto-15-exec-1] DEBUG o.s.c.c.CharSequenceEncoder - [45d408cb] Writing "163. foo bar"
12:31:23.279 [http-nio-auto-15-exec-1] DEBUG o.s.c.c.CharSequenceEncoder - [45d408cb] Writing "164. foo bar"
12:31:23.279 [http-nio-auto-15-exec-1] DEBUG o.s.c.c.CharSequenceEncoder - [45d408cb] Writing "165. foo bar"
12:31:23.279 [http-nio-auto-15-exec-1] DEBUG o.s.c.c.CharSequenceEncoder - [45d408cb] Writing "166. foo bar"
12:31:23.280 [http-nio-auto-15-exec-1] DEBUG o.s.c.c.CharSequenceEncoder - [45d408cb] Writing "167. foo bar"
12:31:23.280 [http-nio-auto-15-exec-1] DEBUG o.s.c.c.CharSequenceEncoder - [45d408cb] Writing "168. foo bar"
12:31:23.280 [http-nio-auto-15-exec-1] DEBUG o.s.c.c.CharSequenceEncoder - [45d408cb] Writing "169. foo bar"
12:31:23.280 [http-nio-auto-15-exec-1] DEBUG o.s.c.c.CharSequenceEncoder - [45d408cb] Writing "170. foo bar"
12:31:23.280 [http-nio-auto-15-exec-1] DEBUG o.s.c.c.CharSequenceEncoder - [45d408cb] Writing "171. foo bar"
12:31:23.280 [http-nio-auto-15-exec-1] DEBUG o.s.c.c.CharSequenceEncoder - [45d408cb] Writing "172. foo bar"
12:31:23.280 [http-nio-auto-15-exec-1] DEBUG o.s.c.c.CharSequenceEncoder - [45d408cb] Writing "173. foo bar"
12:31:23.280 [http-nio-auto-15-exec-1] DEBUG o.s.c.c.CharSequenceEncoder - [45d408cb] Writing "174. foo bar"
12:31:23.280 [http-nio-auto-15-exec-1] DEBUG o.s.c.c.CharSequenceEncoder - [45d408cb] Writing "175. foo bar"
12:31:23.280 [http-nio-auto-15-exec-1] DEBUG o.s.c.c.CharSequenceEncoder - [45d408cb] Writing "176. foo bar"
12:31:23.280 [http-nio-auto-15-exec-1] DEBUG o.s.c.c.CharSequenceEncoder - [45d408cb] Writing "177. foo bar"
12:31:23.280 [http-nio-auto-15-exec-1] DEBUG o.s.c.c.CharSequenceEncoder - [45d408cb] Writing "178. foo bar"
12:31:23.280 [http-nio-auto-15-exec-1] DEBUG o.s.c.c.CharSequenceEncoder - [45d408cb] Writing "179. foo bar"
12:31:23.280 [http-nio-auto-15-exec-1] DEBUG o.s.c.c.CharSequenceEncoder - [45d408cb] Writing "180. foo bar"
12:31:23.280 [http-nio-auto-15-exec-1] DEBUG o.s.c.c.CharSequenceEncoder - [45d408cb] Writing "181. foo bar"
12:31:23.280 [http-nio-auto-15-exec-1] DEBUG o.s.c.c.CharSequenceEncoder - [45d408cb] Writing "182. foo bar"
12:31:23.280 [http-nio-auto-15-exec-1] DEBUG o.s.c.c.CharSequenceEncoder - [45d408cb] Writing "183. foo bar"
12:31:23.280 [http-nio-auto-15-exec-1] DEBUG o.s.c.c.CharSequenceEncoder - [45d408cb] Writing "184. foo bar"
12:31:23.280 [http-nio-auto-15-exec-1] DEBUG o.s.c.c.CharSequenceEncoder - [45d408cb] Writing "185. foo bar"
12:31:23.280 [http-nio-auto-15-exec-1] DEBUG o.s.c.c.CharSequenceEncoder - [45d408cb] Writing "186. foo bar"
12:31:23.280 [http-nio-auto-15-exec-1] DEBUG o.s.c.c.CharSequenceEncoder - [45d408cb] Writing "187. foo bar"
12:31:23.280 [http-nio-auto-15-exec-1] DEBUG o.s.c.c.CharSequenceEncoder - [45d408cb] Writing "188. foo bar"
12:31:23.280 [http-nio-auto-15-exec-1] DEBUG o.s.c.c.CharSequenceEncoder - [45d408cb] Writing "189. foo bar"
12:31:23.280 [http-nio-auto-15-exec-1] DEBUG o.s.c.c.CharSequenceEncoder - [45d408cb] Writing "190. foo bar"
12:31:23.280 [http-nio-auto-15-exec-1] DEBUG o.s.c.c.CharSequenceEncoder - [45d408cb] Writing "191. foo bar"
12:31:23.280 [http-nio-auto-15-exec-1] DEBUG o.s.c.c.CharSequenceEncoder - [45d408cb] Writing "192. foo bar"
12:31:23.280 [http-nio-auto-15-exec-1] DEBUG o.s.c.c.CharSequenceEncoder - [45d408cb] Writing "193. foo bar"
12:31:23.280 [http-nio-auto-15-exec-1] DEBUG o.s.c.c.CharSequenceEncoder - [45d408cb] Writing "194. foo bar"
12:31:23.280 [http-nio-auto-15-exec-1] DEBUG o.s.c.c.CharSequenceEncoder - [45d408cb] Writing "195. foo bar"
12:31:23.280 [http-nio-auto-15-exec-1] DEBUG o.s.c.c.CharSequenceEncoder - [45d408cb] Writing "196. foo bar"
12:31:23.281 [http-nio-auto-15-exec-1] DEBUG o.s.c.c.CharSequenceEncoder - [45d408cb] Writing "197. foo bar"
12:31:23.281 [http-nio-auto-15-exec-1] DEBUG o.s.c.c.CharSequenceEncoder - [45d408cb] Writing "198. foo bar"
12:31:23.281 [http-nio-auto-15-exec-1] DEBUG o.s.c.c.CharSequenceEncoder - [45d408cb] Writing "199. foo bar"
12:31:23.281 [http-nio-auto-15-exec-1] DEBUG o.s.c.c.CharSequenceEncoder - [45d408cb] Writing "200. foo bar"
12:31:23.281 [http-nio-auto-15-exec-1] DEBUG o.s.c.c.CharSequenceEncoder - [45d408cb] Writing "201. foo bar"
12:31:23.281 [http-nio-auto-15-exec-1] DEBUG o.s.c.c.CharSequenceEncoder - [45d408cb] Writing "202. foo bar"
12:31:23.281 [http-nio-auto-15-exec-1] DEBUG o.s.c.c.CharSequenceEncoder - [45d408cb] Writing "203. foo bar"
12:31:23.281 [http-nio-auto-15-exec-1] DEBUG o.s.c.c.CharSequenceEncoder - [45d408cb] Writing "204. foo bar"
12:31:23.281 [http-nio-auto-15-exec-1] DEBUG o.s.c.c.CharSequenceEncoder - [45d408cb] Writing "205. foo bar"
12:31:23.282 [http-nio-auto-15-exec-1] DEBUG o.s.c.c.CharSequenceEncoder - [45d408cb] Writing "206. foo bar"
12:31:23.282 [http-nio-auto-15-exec-1] DEBUG o.s.c.c.CharSequenceEncoder - [45d408cb] Writing "207. foo bar"
12:31:23.282 [http-nio-auto-15-exec-1] DEBUG o.s.c.c.CharSequenceEncoder - [45d408cb] Writing "208. foo bar"
12:31:23.282 [http-nio-auto-15-exec-1] DEBUG o.s.c.c.CharSequenceEncoder - [45d408cb] Writing "209. foo bar"
12:31:23.282 [http-nio-auto-15-exec-1] DEBUG o.s.c.c.CharSequenceEncoder - [45d408cb] Writing "210. foo bar"
12:31:23.282 [http-nio-auto-15-exec-1] DEBUG o.s.c.c.CharSequenceEncoder - [45d408cb] Writing "211. foo bar"
12:31:23.282 [http-nio-auto-15-exec-1] DEBUG o.s.c.c.CharSequenceEncoder - [45d408cb] Writing "212. foo bar"
12:31:23.282 [http-nio-auto-15-exec-1] DEBUG o.s.c.c.CharSequenceEncoder - [45d408cb] Writing "213. foo bar"
12:31:23.282 [http-nio-auto-15-exec-1] DEBUG o.s.c.c.CharSequenceEncoder - [45d408cb] Writing "214. foo bar"
12:31:23.282 [http-nio-auto-15-exec-1] DEBUG o.s.c.c.CharSequenceEncoder - [45d408cb] Writing "215. foo bar"
12:31:23.282 [http-nio-auto-15-exec-1] DEBUG o.s.c.c.CharSequenceEncoder - [45d408cb] Writing "216. foo bar"
12:31:23.282 [http-nio-auto-15-exec-1] DEBUG o.s.c.c.CharSequenceEncoder - [45d408cb] Writing "217. foo bar"
12:31:23.282 [http-nio-auto-15-exec-1] DEBUG o.s.c.c.CharSequenceEncoder - [45d408cb] Writing "218. foo bar"
12:31:23.282 [http-nio-auto-15-exec-1] DEBUG o.s.c.c.CharSequenceEncoder - [45d408cb] Writing "219. foo bar"
12:31:23.282 [http-nio-auto-15-exec-1] DEBUG o.s.c.c.CharSequenceEncoder - [45d408cb] Writing "220. foo bar"
12:31:23.282 [http-nio-auto-15-exec-1] DEBUG o.s.c.c.CharSequenceEncoder - [45d408cb] Writing "221. foo bar"
12:31:23.282 [http-nio-auto-15-exec-1] DEBUG o.s.c.c.CharSequenceEncoder - [45d408cb] Writing "222. foo bar"
12:31:23.282 [http-nio-auto-15-exec-1] DEBUG o.s.c.c.CharSequenceEncoder - [45d408cb] Writing "223. foo bar"
12:31:23.282 [http-nio-auto-15-exec-1] DEBUG o.s.c.c.CharSequenceEncoder - [45d408cb] Writing "224. foo bar"
12:31:23.282 [http-nio-auto-15-exec-1] DEBUG o.s.c.c.CharSequenceEncoder - [45d408cb] Writing "225. foo bar"
12:31:23.282 [http-nio-auto-15-exec-1] DEBUG o.s.c.c.CharSequenceEncoder - [45d408cb] Writing "226. foo bar"
12:31:23.282 [http-nio-auto-15-exec-1] DEBUG o.s.c.c.CharSequenceEncoder - [45d408cb] Writing "227. foo bar"
12:31:23.282 [http-nio-auto-15-exec-1] DEBUG o.s.c.c.CharSequenceEncoder - [45d408cb] Writing "228. foo bar"
12:31:23.283 [http-nio-auto-15-exec-1] DEBUG o.s.c.c.CharSequenceEncoder - [45d408cb] Writing "229. foo bar"
12:31:23.283 [http-nio-auto-15-exec-1] DEBUG o.s.c.c.CharSequenceEncoder - [45d408cb] Writing "230. foo bar"
12:31:23.283 [http-nio-auto-15-exec-1] DEBUG o.s.c.c.CharSequenceEncoder - [45d408cb] Writing "231. foo bar"
12:31:23.283 [http-nio-auto-15-exec-1] DEBUG o.s.c.c.CharSequenceEncoder - [45d408cb] Writing "232. foo bar"
12:31:23.283 [http-nio-auto-15-exec-1] DEBUG o.s.c.c.CharSequenceEncoder - [45d408cb] Writing "233. foo bar"
12:31:23.283 [http-nio-auto-15-exec-1] DEBUG o.s.c.c.CharSequenceEncoder - [45d408cb] Writing "234. foo bar"
12:31:23.283 [http-nio-auto-15-exec-1] DEBUG o.s.c.c.CharSequenceEncoder - [45d408cb] Writing "235. foo bar"
12:31:23.283 [http-nio-auto-15-exec-1] DEBUG o.s.c.c.CharSequenceEncoder - [45d408cb] Writing "236. foo bar"
12:31:23.283 [http-nio-auto-15-exec-1] DEBUG o.s.c.c.CharSequenceEncoder - [45d408cb] Writing "237. foo bar"
12:31:23.283 [http-nio-auto-15-exec-1] DEBUG o.s.c.c.CharSequenceEncoder - [45d408cb] Writing "238. foo bar"
12:31:23.283 [http-nio-auto-15-exec-1] DEBUG o.s.c.c.CharSequenceEncoder - [45d408cb] Writing "239. foo bar"
12:31:23.283 [http-nio-auto-15-exec-1] DEBUG o.s.c.c.CharSequenceEncoder - [45d408cb] Writing "240. foo bar"
12:31:23.283 [http-nio-auto-15-exec-1] DEBUG o.s.c.c.CharSequenceEncoder - [45d408cb] Writing "241. foo bar"
12:31:23.283 [http-nio-auto-15-exec-1] DEBUG o.s.c.c.CharSequenceEncoder - [45d408cb] Writing "242. foo bar"
12:31:23.283 [http-nio-auto-15-exec-1] DEBUG o.s.c.c.CharSequenceEncoder - [45d408cb] Writing "243. foo bar"
12:31:23.283 [http-nio-auto-15-exec-1] DEBUG o.s.c.c.CharSequenceEncoder - [45d408cb] Writing "244. foo bar"
12:31:23.283 [http-nio-auto-15-exec-1] DEBUG o.s.c.c.CharSequenceEncoder - [45d408cb] Writing "245. foo bar"
12:31:23.283 [http-nio-auto-15-exec-1] DEBUG o.s.c.c.CharSequenceEncoder - [45d408cb] Writing "246. foo bar"
12:31:23.284 [http-nio-auto-15-exec-1] DEBUG o.s.c.c.CharSequenceEncoder - [45d408cb] Writing "247. foo bar"
12:31:23.284 [http-nio-auto-15-exec-1] DEBUG o.s.c.c.CharSequenceEncoder - [45d408cb] Writing "248. foo bar"
12:31:23.284 [http-nio-auto-15-exec-1] DEBUG o.s.c.c.CharSequenceEncoder - [45d408cb] Writing "249. foo bar"
12:31:23.284 [http-nio-auto-15-exec-1] DEBUG o.s.c.c.CharSequenceEncoder - [45d408cb] Writing "250. foo bar"
12:31:23.284 [http-nio-auto-15-exec-1] DEBUG o.s.c.c.CharSequenceEncoder - [45d408cb] Writing "251. foo bar"
12:31:23.284 [http-nio-auto-15-exec-1] DEBUG o.s.c.c.CharSequenceEncoder - [45d408cb] Writing "252. foo bar"
12:31:23.284 [http-nio-auto-15-exec-1] DEBUG o.s.c.c.CharSequenceEncoder - [45d408cb] Writing "253. foo bar"
12:31:23.284 [http-nio-auto-15-exec-1] DEBUG o.s.c.c.CharSequenceEncoder - [45d408cb] Writing "254. foo bar"
12:31:23.284 [http-nio-auto-15-exec-1] DEBUG o.s.c.c.CharSequenceEncoder - [45d408cb] Writing "255. foo bar"
12:31:23.284 [http-nio-auto-15-exec-1] DEBUG o.s.c.c.CharSequenceEncoder - [45d408cb] Writing "256. foo bar"
12:31:23.284 [http-nio-auto-15-exec-1] DEBUG o.s.c.c.CharSequenceEncoder - [45d408cb] Writing "257. foo bar"
12:31:23.284 [http-nio-auto-15-exec-1] DEBUG o.s.c.c.CharSequenceEncoder - [45d408cb] Writing "258. foo bar"
12:31:23.284 [http-nio-auto-15-exec-1] DEBUG o.s.c.c.CharSequenceEncoder - [45d408cb] Writing "259. foo bar"
12:31:23.284 [http-nio-auto-15-exec-1] DEBUG o.s.c.c.CharSequenceEncoder - [45d408cb] Writing "260. foo bar"
12:31:23.284 [http-nio-auto-15-exec-1] DEBUG o.s.c.c.CharSequenceEncoder - [45d408cb] Writing "261. foo bar"
12:31:23.284 [http-nio-auto-15-exec-1] DEBUG o.s.c.c.CharSequenceEncoder - [45d408cb] Writing "262. foo bar"
12:31:23.284 [http-nio-auto-15-exec-1] DEBUG o.s.c.c.CharSequenceEncoder - [45d408cb] Writing "263. foo bar"
12:31:23.284 [http-nio-auto-15-exec-1] DEBUG o.s.c.c.CharSequenceEncoder - [45d408cb] Writing "264. foo bar"
12:31:23.284 [http-nio-auto-15-exec-1] DEBUG o.s.c.c.CharSequenceEncoder - [45d408cb] Writing "265. foo bar"
12:31:23.284 [http-nio-auto-15-exec-1] DEBUG o.s.c.c.CharSequenceEncoder - [45d408cb] Writing "266. foo bar"
12:31:23.284 [http-nio-auto-15-exec-1] DEBUG o.s.c.c.CharSequenceEncoder - [45d408cb] Writing "267. foo bar"
12:31:23.284 [http-nio-auto-15-exec-1] DEBUG o.s.c.c.CharSequenceEncoder - [45d408cb] Writing "268. foo bar"
12:31:23.284 [http-nio-auto-15-exec-1] DEBUG o.s.c.c.CharSequenceEncoder - [45d408cb] Writing "269. foo bar"
12:31:23.284 [http-nio-auto-15-exec-1] DEBUG o.s.c.c.CharSequenceEncoder - [45d408cb] Writing "270. foo bar"
12:31:23.284 [http-nio-auto-15-exec-1] DEBUG o.s.c.c.CharSequenceEncoder - [45d408cb] Writing "271. foo bar"
12:31:23.284 [http-nio-auto-15-exec-1] DEBUG o.s.c.c.CharSequenceEncoder - [45d408cb] Writing "272. foo bar"
12:31:23.285 [http-nio-auto-15-exec-1] DEBUG o.s.c.c.CharSequenceEncoder - [45d408cb] Writing "273. foo bar"
12:31:23.285 [http-nio-auto-15-exec-1] DEBUG o.s.c.c.CharSequenceEncoder - [45d408cb] Writing "274. foo bar"
12:31:23.285 [http-nio-auto-15-exec-1] DEBUG o.s.c.c.CharSequenceEncoder - [45d408cb] Writing "275. foo bar"
12:31:23.285 [http-nio-auto-15-exec-1] DEBUG o.s.c.c.CharSequenceEncoder - [45d408cb] Writing "276. foo bar"
12:31:23.285 [http-nio-auto-15-exec-1] DEBUG o.s.c.c.CharSequenceEncoder - [45d408cb] Writing "277. foo bar"
12:31:23.285 [http-nio-auto-15-exec-1] DEBUG o.s.c.c.CharSequenceEncoder - [45d408cb] Writing "278. foo bar"
12:31:23.285 [http-nio-auto-15-exec-1] DEBUG o.s.c.c.CharSequenceEncoder - [45d408cb] Writing "279. foo bar"
12:31:23.285 [http-nio-auto-15-exec-1] DEBUG o.s.c.c.CharSequenceEncoder - [45d408cb] Writing "280. foo bar"
12:31:23.285 [http-nio-auto-15-exec-1] DEBUG o.s.c.c.CharSequenceEncoder - [45d408cb] Writing "281. foo bar"
12:31:23.285 [http-nio-auto-15-exec-1] DEBUG o.s.c.c.CharSequenceEncoder - [45d408cb] Writing "282. foo bar"
12:31:23.285 [http-nio-auto-15-exec-1] DEBUG o.s.c.c.CharSequenceEncoder - [45d408cb] Writing "283. foo bar"
12:31:23.285 [http-nio-auto-15-exec-1] DEBUG o.s.c.c.CharSequenceEncoder - [45d408cb] Writing "284. foo bar"
12:31:23.285 [http-nio-auto-15-exec-1] DEBUG o.s.c.c.CharSequenceEncoder - [45d408cb] Writing "285. foo bar"
12:31:23.285 [http-nio-auto-15-exec-1] DEBUG o.s.c.c.CharSequenceEncoder - [45d408cb] Writing "286. foo bar"
12:31:23.285 [http-nio-auto-15-exec-1] DEBUG o.s.c.c.CharSequenceEncoder - [45d408cb] Writing "287. foo bar"
12:31:23.285 [http-nio-auto-15-exec-1] DEBUG o.s.c.c.CharSequenceEncoder - [45d408cb] Writing "288. foo bar"
12:31:23.285 [http-nio-auto-15-exec-1] DEBUG o.s.c.c.CharSequenceEncoder - [45d408cb] Writing "289. foo bar"
12:31:23.285 [http-nio-auto-15-exec-1] DEBUG o.s.c.c.CharSequenceEncoder - [45d408cb] Writing "290. foo bar"
12:31:23.285 [http-nio-auto-15-exec-1] DEBUG o.s.c.c.CharSequenceEncoder - [45d408cb] Writing "291. foo bar"
12:31:23.285 [http-nio-auto-15-exec-1] DEBUG o.s.c.c.CharSequenceEncoder - [45d408cb] Writing "292. foo bar"
12:31:23.285 [http-nio-auto-15-exec-1] DEBUG o.s.c.c.CharSequenceEncoder - [45d408cb] Writing "293. foo bar"
12:31:23.285 [http-nio-auto-15-exec-1] DEBUG o.s.c.c.CharSequenceEncoder - [45d408cb] Writing "294. foo bar"
12:31:23.285 [http-nio-auto-15-exec-1] DEBUG o.s.c.c.CharSequenceEncoder - [45d408cb] Writing "295. foo bar"
12:31:23.285 [http-nio-auto-15-exec-1] DEBUG o.s.c.c.CharSequenceEncoder - [45d408cb] Writing "296. foo bar"
12:31:23.285 [http-nio-auto-15-exec-1] DEBUG o.s.c.c.CharSequenceEncoder - [45d408cb] Writing "297. foo bar"
12:31:23.285 [http-nio-auto-15-exec-1] DEBUG o.s.c.c.CharSequenceEncoder - [45d408cb] Writing "298. foo bar"
12:31:23.285 [http-nio-auto-15-exec-1] DEBUG o.s.c.c.CharSequenceEncoder - [45d408cb] Writing "299. foo bar"
12:31:23.285 [http-nio-auto-15-exec-1] DEBUG o.s.c.c.CharSequenceEncoder - [45d408cb] Writing "300. foo bar"
12:31:23.285 [http-nio-auto-15-exec-1] DEBUG o.s.c.c.CharSequenceEncoder - [45d408cb] Writing "301. foo bar"
12:31:23.285 [http-nio-auto-15-exec-1] DEBUG o.s.c.c.CharSequenceEncoder - [45d408cb] Writing "302. foo bar"
12:31:23.285 [http-nio-auto-15-exec-1] DEBUG o.s.c.c.CharSequenceEncoder - [45d408cb] Writing "303. foo bar"
12:31:23.285 [http-nio-auto-15-exec-1] DEBUG o.s.c.c.CharSequenceEncoder - [45d408cb] Writing "304. foo bar"
12:31:23.285 [http-nio-auto-15-exec-1] DEBUG o.s.c.c.CharSequenceEncoder - [45d408cb] Writing "305. foo bar"
12:31:23.285 [http-nio-auto-15-exec-1] DEBUG o.s.c.c.CharSequenceEncoder - [45d408cb] Writing "306. foo bar"
12:31:23.285 [http-nio-auto-15-exec-1] DEBUG o.s.c.c.CharSequenceEncoder - [45d408cb] Writing "307. foo bar"
12:31:23.285 [http-nio-auto-15-exec-1] DEBUG o.s.c.c.CharSequenceEncoder - [45d408cb] Writing "308. foo bar"
12:31:23.285 [http-nio-auto-15-exec-1] DEBUG o.s.c.c.CharSequenceEncoder - [45d408cb] Writing "309. foo bar"
12:31:23.285 [http-nio-auto-15-exec-1] DEBUG o.s.c.c.CharSequenceEncoder - [45d408cb] Writing "310. foo bar"
12:31:23.286 [http-nio-auto-15-exec-1] DEBUG o.s.c.c.CharSequenceEncoder - [45d408cb] Writing "311. foo bar"
12:31:23.286 [http-nio-auto-15-exec-1] DEBUG o.s.c.c.CharSequenceEncoder - [45d408cb] Writing "312. foo bar"
12:31:23.286 [http-nio-auto-15-exec-1] DEBUG o.s.c.c.CharSequenceEncoder - [45d408cb] Writing "313. foo bar"
12:31:23.286 [http-nio-auto-15-exec-1] DEBUG o.s.c.c.CharSequenceEncoder - [45d408cb] Writing "314. foo bar"
12:31:23.286 [http-nio-auto-15-exec-1] DEBUG o.s.c.c.CharSequenceEncoder - [45d408cb] Writing "315. foo bar"
12:31:23.286 [http-nio-auto-15-exec-1] DEBUG o.s.c.c.CharSequenceEncoder - [45d408cb] Writing "316. foo bar"
12:31:23.286 [http-nio-auto-15-exec-1] DEBUG o.s.c.c.CharSequenceEncoder - [45d408cb] Writing "317. foo bar"
12:31:23.286 [http-nio-auto-15-exec-1] DEBUG o.s.c.c.CharSequenceEncoder - [45d408cb] Writing "318. foo bar"
12:31:23.286 [http-nio-auto-15-exec-1] DEBUG o.s.c.c.CharSequenceEncoder - [45d408cb] Writing "319. foo bar"
12:31:23.286 [http-nio-auto-15-exec-1] DEBUG o.s.c.c.CharSequenceEncoder - [45d408cb] Writing "320. foo bar"
12:31:23.286 [http-nio-auto-15-exec-1] DEBUG o.s.c.c.CharSequenceEncoder - [45d408cb] Writing "321. foo bar"
12:31:23.286 [http-nio-auto-15-exec-1] DEBUG o.s.c.c.CharSequenceEncoder - [45d408cb] Writing "322. foo bar"
12:31:23.286 [http-nio-auto-15-exec-1] DEBUG o.s.c.c.CharSequenceEncoder - [45d408cb] Writing "323. foo bar"
12:31:23.286 [http-nio-auto-15-exec-1] DEBUG o.s.c.c.CharSequenceEncoder - [45d408cb] Writing "324. foo bar"
12:31:23.286 [http-nio-auto-15-exec-1] DEBUG o.s.c.c.CharSequenceEncoder - [45d408cb] Writing "325. foo bar"
12:31:23.286 [http-nio-auto-15-exec-1] DEBUG o.s.c.c.CharSequenceEncoder - [45d408cb] Writing "326. foo bar"
12:31:23.286 [http-nio-auto-15-exec-1] DEBUG o.s.c.c.CharSequenceEncoder - [45d408cb] Writing "327. foo bar"
12:31:23.286 [http-nio-auto-15-exec-1] DEBUG o.s.c.c.CharSequenceEncoder - [45d408cb] Writing "328. foo bar"
12:31:23.286 [http-nio-auto-15-exec-1] DEBUG o.s.c.c.CharSequenceEncoder - [45d408cb] Writing "329. foo bar"
12:31:23.286 [http-nio-auto-15-exec-1] DEBUG o.s.c.c.CharSequenceEncoder - [45d408cb] Writing "330. foo bar"
12:31:23.286 [http-nio-auto-15-exec-1] DEBUG o.s.c.c.CharSequenceEncoder - [45d408cb] Writing "331. foo bar"
12:31:23.286 [http-nio-auto-15-exec-1] DEBUG o.s.c.c.CharSequenceEncoder - [45d408cb] Writing "332. foo bar"
12:31:23.286 [http-nio-auto-15-exec-1] DEBUG o.s.c.c.CharSequenceEncoder - [45d408cb] Writing "333. foo bar"
12:31:23.286 [http-nio-auto-15-exec-1] DEBUG o.s.c.c.CharSequenceEncoder - [45d408cb] Writing "334. foo bar"
12:31:23.286 [http-nio-auto-15-exec-1] DEBUG o.s.c.c.CharSequenceEncoder - [45d408cb] Writing "335. foo bar"
12:31:23.286 [http-nio-auto-15-exec-1] DEBUG o.s.c.c.CharSequenceEncoder - [45d408cb] Writing "336. foo bar"
12:31:23.286 [http-nio-auto-15-exec-1] DEBUG o.s.c.c.CharSequenceEncoder - [45d408cb] Writing "337. foo bar"
12:31:23.286 [http-nio-auto-15-exec-1] DEBUG o.s.c.c.CharSequenceEncoder - [45d408cb] Writing "338. foo bar"
12:31:23.286 [http-nio-auto-15-exec-1] DEBUG o.s.c.c.CharSequenceEncoder - [45d408cb] Writing "339. foo bar"
12:31:23.286 [http-nio-auto-15-exec-1] DEBUG o.s.c.c.CharSequenceEncoder - [45d408cb] Writing "340. foo bar"
12:31:23.286 [http-nio-auto-15-exec-1] DEBUG o.s.c.c.CharSequenceEncoder - [45d408cb] Writing "341. foo bar"
12:31:23.286 [http-nio-auto-15-exec-1] DEBUG o.s.c.c.CharSequenceEncoder - [45d408cb] Writing "342. foo bar"
12:31:23.286 [http-nio-auto-15-exec-1] DEBUG o.s.c.c.CharSequenceEncoder - [45d408cb] Writing "343. foo bar"
12:31:23.286 [http-nio-auto-15-exec-1] DEBUG o.s.c.c.CharSequenceEncoder - [45d408cb] Writing "344. foo bar"
12:31:23.286 [http-nio-auto-15-exec-1] DEBUG o.s.c.c.CharSequenceEncoder - [45d408cb] Writing "345. foo bar"
12:31:23.286 [http-nio-auto-15-exec-1] DEBUG o.s.c.c.CharSequenceEncoder - [45d408cb] Writing "346. foo bar"
12:31:23.286 [http-nio-auto-15-exec-1] DEBUG o.s.c.c.CharSequenceEncoder - [45d408cb] Writing "347. foo bar"
12:31:23.286 [http-nio-auto-15-exec-1] DEBUG o.s.c.c.CharSequenceEncoder - [45d408cb] Writing "348. foo bar"
12:31:23.287 [http-nio-auto-15-exec-1] DEBUG o.s.c.c.CharSequenceEncoder - [45d408cb] Writing "349. foo bar"
12:31:23.287 [http-nio-auto-15-exec-1] DEBUG o.s.c.c.CharSequenceEncoder - [45d408cb] Writing "350. foo bar"
12:31:23.287 [http-nio-auto-15-exec-1] DEBUG o.s.c.c.CharSequenceEncoder - [45d408cb] Writing "351. foo bar"
12:31:23.287 [http-nio-auto-15-exec-1] DEBUG o.s.c.c.CharSequenceEncoder - [45d408cb] Writing "352. foo bar"
12:31:23.287 [http-nio-auto-15-exec-1] DEBUG o.s.c.c.CharSequenceEncoder - [45d408cb] Writing "353. foo bar"
12:31:23.287 [http-nio-auto-15-exec-1] DEBUG o.s.c.c.CharSequenceEncoder - [45d408cb] Writing "354. foo bar"
12:31:23.287 [http-nio-auto-15-exec-1] DEBUG o.s.c.c.CharSequenceEncoder - [45d408cb] Writing "355. foo bar"
12:31:23.287 [http-nio-auto-15-exec-1] DEBUG o.s.c.c.CharSequenceEncoder - [45d408cb] Writing "356. foo bar"
12:31:23.287 [http-nio-auto-15-exec-1] DEBUG o.s.c.c.CharSequenceEncoder - [45d408cb] Writing "357. foo bar"
12:31:23.287 [http-nio-auto-15-exec-1] DEBUG o.s.c.c.CharSequenceEncoder - [45d408cb] Writing "358. foo bar"
12:31:23.287 [http-nio-auto-15-exec-1] DEBUG o.s.c.c.CharSequenceEncoder - [45d408cb] Writing "359. foo bar"
12:31:23.287 [http-nio-auto-15-exec-1] DEBUG o.s.c.c.CharSequenceEncoder - [45d408cb] Writing "360. foo bar"
12:31:23.287 [http-nio-auto-15-exec-1] DEBUG o.s.c.c.CharSequenceEncoder - [45d408cb] Writing "361. foo bar"
12:31:23.287 [http-nio-auto-15-exec-1] DEBUG o.s.c.c.CharSequenceEncoder - [45d408cb] Writing "362. foo bar"
12:31:23.287 [http-nio-auto-15-exec-1] DEBUG o.s.c.c.CharSequenceEncoder - [45d408cb] Writing "363. foo bar"
12:31:23.287 [http-nio-auto-15-exec-1] DEBUG o.s.c.c.CharSequenceEncoder - [45d408cb] Writing "364. foo bar"
12:31:23.287 [http-nio-auto-15-exec-1] DEBUG o.s.c.c.CharSequenceEncoder - [45d408cb] Writing "365. foo bar"
12:31:23.287 [http-nio-auto-15-exec-1] DEBUG o.s.c.c.CharSequenceEncoder - [45d408cb] Writing "366. foo bar"
12:31:23.287 [http-nio-auto-15-exec-1] DEBUG o.s.c.c.CharSequenceEncoder - [45d408cb] Writing "367. foo bar"
12:31:23.287 [http-nio-auto-15-exec-1] DEBUG o.s.c.c.CharSequenceEncoder - [45d408cb] Writing "368. foo bar"
12:31:23.287 [http-nio-auto-15-exec-1] DEBUG o.s.c.c.CharSequenceEncoder - [45d408cb] Writing "369. foo bar"
12:31:23.287 [http-nio-auto-15-exec-1] DEBUG o.s.c.c.CharSequenceEncoder - [45d408cb] Writing "370. foo bar"
12:31:23.287 [http-nio-auto-15-exec-1] DEBUG o.s.c.c.CharSequenceEncoder - [45d408cb] Writing "371. foo bar"
12:31:23.287 [http-nio-auto-15-exec-1] DEBUG o.s.c.c.CharSequenceEncoder - [45d408cb] Writing "372. foo bar"
12:31:23.287 [http-nio-auto-15-exec-1] DEBUG o.s.c.c.CharSequenceEncoder - [45d408cb] Writing "373. foo bar"
12:31:23.288 [http-nio-auto-15-exec-1] DEBUG o.s.c.c.CharSequenceEncoder - [45d408cb] Writing "374. foo bar"
12:31:23.288 [http-nio-auto-15-exec-1] DEBUG o.s.c.c.CharSequenceEncoder - [45d408cb] Writing "375. foo bar"
12:31:23.288 [http-nio-auto-15-exec-1] DEBUG o.s.c.c.CharSequenceEncoder - [45d408cb] Writing "376. foo bar"
12:31:23.288 [http-nio-auto-15-exec-1] DEBUG o.s.c.c.CharSequenceEncoder - [45d408cb] Writing "377. foo bar"
12:31:23.288 [http-nio-auto-15-exec-1] DEBUG o.s.c.c.CharSequenceEncoder - [45d408cb] Writing "378. foo bar"
12:31:23.288 [http-nio-auto-15-exec-1] DEBUG o.s.c.c.CharSequenceEncoder - [45d408cb] Writing "379. foo bar"
12:31:23.288 [http-nio-auto-15-exec-1] DEBUG o.s.c.c.CharSequenceEncoder - [45d408cb] Writing "380. foo bar"
12:31:23.288 [http-nio-auto-15-exec-1] DEBUG o.s.c.c.CharSequenceEncoder - [45d408cb] Writing "381. foo bar"
12:31:23.288 [http-nio-auto-15-exec-1] DEBUG o.s.c.c.CharSequenceEncoder - [45d408cb] Writing "382. foo bar"
12:31:23.288 [http-nio-auto-15-exec-1] DEBUG o.s.c.c.CharSequenceEncoder - [45d408cb] Writing "383. foo bar"
12:31:23.288 [http-nio-auto-15-exec-1] DEBUG o.s.c.c.CharSequenceEncoder - [45d408cb] Writing "384. foo bar"
12:31:23.288 [http-nio-auto-15-exec-1] DEBUG o.s.c.c.CharSequenceEncoder - [45d408cb] Writing "385. foo bar"
12:31:23.288 [http-nio-auto-15-exec-1] DEBUG o.s.c.c.CharSequenceEncoder - [45d408cb] Writing "386. foo bar"
12:31:23.288 [http-nio-auto-15-exec-1] DEBUG o.s.c.c.CharSequenceEncoder - [45d408cb] Writing "387. foo bar"
12:31:23.288 [http-nio-auto-15-exec-1] DEBUG o.s.c.c.CharSequenceEncoder - [45d408cb] Writing "388. foo bar"
12:31:23.288 [http-nio-auto-15-exec-1] DEBUG o.s.c.c.CharSequenceEncoder - [45d408cb] Writing "389. foo bar"
12:31:23.288 [http-nio-auto-15-exec-1] DEBUG o.s.c.c.CharSequenceEncoder - [45d408cb] Writing "390. foo bar"
12:31:23.288 [http-nio-auto-15-exec-1] DEBUG o.s.c.c.CharSequenceEncoder - [45d408cb] Writing "391. foo bar"
12:31:23.288 [http-nio-auto-15-exec-1] DEBUG o.s.c.c.CharSequenceEncoder - [45d408cb] Writing "392. foo bar"
12:31:23.288 [http-nio-auto-15-exec-1] DEBUG o.s.c.c.CharSequenceEncoder - [45d408cb] Writing "393. foo bar"
12:31:23.288 [http-nio-auto-15-exec-1] DEBUG o.s.c.c.CharSequenceEncoder - [45d408cb] Writing "394. foo bar"
12:31:23.288 [http-nio-auto-15-exec-1] DEBUG o.s.c.c.CharSequenceEncoder - [45d408cb] Writing "395. foo bar"
12:31:23.288 [http-nio-auto-15-exec-1] DEBUG o.s.c.c.CharSequenceEncoder - [45d408cb] Writing "396. foo bar"
12:31:23.288 [http-nio-auto-15-exec-1] DEBUG o.s.c.c.CharSequenceEncoder - [45d408cb] Writing "397. foo bar"
12:31:23.288 [http-nio-auto-15-exec-1] DEBUG o.s.c.c.CharSequenceEncoder - [45d408cb] Writing "398. foo bar"
12:31:23.288 [http-nio-auto-15-exec-1] DEBUG o.s.c.c.CharSequenceEncoder - [45d408cb] Writing "399. foo bar"
12:31:23.288 [http-nio-auto-15-exec-1] DEBUG o.s.c.c.CharSequenceEncoder - [45d408cb] Writing "400. foo bar"
12:31:23.288 [http-nio-auto-15-exec-1] DEBUG o.s.c.c.CharSequenceEncoder - [45d408cb] Writing "401. foo bar"
12:31:23.288 [http-nio-auto-15-exec-1] DEBUG o.s.c.c.CharSequenceEncoder - [45d408cb] Writing "402. foo bar"
12:31:23.288 [http-nio-auto-15-exec-1] DEBUG o.s.c.c.CharSequenceEncoder - [45d408cb] Writing "403. foo bar"
12:31:23.288 [http-nio-auto-15-exec-1] DEBUG o.s.c.c.CharSequenceEncoder - [45d408cb] Writing "404. foo bar"
12:31:23.288 [http-nio-auto-15-exec-1] DEBUG o.s.c.c.CharSequenceEncoder - [45d408cb] Writing "405. foo bar"
12:31:23.288 [http-nio-auto-15-exec-1] DEBUG o.s.c.c.CharSequenceEncoder - [45d408cb] Writing "406. foo bar"
12:31:23.288 [http-nio-auto-15-exec-1] DEBUG o.s.c.c.CharSequenceEncoder - [45d408cb] Writing "407. foo bar"
12:31:23.288 [http-nio-auto-15-exec-1] DEBUG o.s.c.c.CharSequenceEncoder - [45d408cb] Writing "408. foo bar"
12:31:23.288 [http-nio-auto-15-exec-1] DEBUG o.s.c.c.CharSequenceEncoder - [45d408cb] Writing "409. foo bar"
12:31:23.288 [http-nio-auto-15-exec-1] DEBUG o.s.c.c.CharSequenceEncoder - [45d408cb] Writing "410. foo bar"
12:31:23.288 [http-nio-auto-15-exec-1] DEBUG o.s.c.c.CharSequenceEncoder - [45d408cb] Writing "411. foo bar"
12:31:23.288 [http-nio-auto-15-exec-1] DEBUG o.s.c.c.CharSequenceEncoder - [45d408cb] Writing "412. foo bar"
12:31:23.288 [http-nio-auto-15-exec-1] DEBUG o.s.c.c.CharSequenceEncoder - [45d408cb] Writing "413. foo bar"
12:31:23.288 [http-nio-auto-15-exec-1] DEBUG o.s.c.c.CharSequenceEncoder - [45d408cb] Writing "414. foo bar"
12:31:23.288 [http-nio-auto-15-exec-1] DEBUG o.s.c.c.CharSequenceEncoder - [45d408cb] Writing "415. foo bar"
12:31:23.288 [http-nio-auto-15-exec-1] DEBUG o.s.c.c.CharSequenceEncoder - [45d408cb] Writing "416. foo bar"
12:31:23.289 [http-nio-auto-15-exec-1] DEBUG o.s.c.c.CharSequenceEncoder - [45d408cb] Writing "417. foo bar"
12:31:23.289 [http-nio-auto-15-exec-1] DEBUG o.s.c.c.CharSequenceEncoder - [45d408cb] Writing "418. foo bar"
12:31:23.289 [http-nio-auto-15-exec-1] DEBUG o.s.c.c.CharSequenceEncoder - [45d408cb] Writing "419. foo bar"
12:31:23.289 [http-nio-auto-15-exec-1] DEBUG o.s.c.c.CharSequenceEncoder - [45d408cb] Writing "420. foo bar"
12:31:23.289 [http-nio-auto-15-exec-1] DEBUG o.s.c.c.CharSequenceEncoder - [45d408cb] Writing "421. foo bar"
12:31:23.289 [http-nio-auto-15-exec-1] DEBUG o.s.c.c.CharSequenceEncoder - [45d408cb] Writing "422. foo bar"
12:31:23.289 [http-nio-auto-15-exec-1] DEBUG o.s.c.c.CharSequenceEncoder - [45d408cb] Writing "423. foo bar"
12:31:23.289 [http-nio-auto-15-exec-1] DEBUG o.s.c.c.CharSequenceEncoder - [45d408cb] Writing "424. foo bar"
12:31:23.289 [http-nio-auto-15-exec-1] DEBUG o.s.c.c.CharSequenceEncoder - [45d408cb] Writing "425. foo bar"
12:31:23.289 [http-nio-auto-15-exec-1] DEBUG o.s.c.c.CharSequenceEncoder - [45d408cb] Writing "426. foo bar"
12:31:23.289 [http-nio-auto-15-exec-1] DEBUG o.s.c.c.CharSequenceEncoder - [45d408cb] Writing "427. foo bar"
12:31:23.289 [http-nio-auto-15-exec-1] DEBUG o.s.c.c.CharSequenceEncoder - [45d408cb] Writing "428. foo bar"
12:31:23.289 [http-nio-auto-15-exec-1] DEBUG o.s.c.c.CharSequenceEncoder - [45d408cb] Writing "429. foo bar"
12:31:23.289 [http-nio-auto-15-exec-1] DEBUG o.s.c.c.CharSequenceEncoder - [45d408cb] Writing "430. foo bar"
12:31:23.289 [http-nio-auto-15-exec-1] DEBUG o.s.c.c.CharSequenceEncoder - [45d408cb] Writing "431. foo bar"
12:31:23.289 [http-nio-auto-15-exec-1] DEBUG o.s.c.c.CharSequenceEncoder - [45d408cb] Writing "432. foo bar"
12:31:23.289 [http-nio-auto-15-exec-1] DEBUG o.s.c.c.CharSequenceEncoder - [45d408cb] Writing "433. foo bar"
12:31:23.289 [http-nio-auto-15-exec-1] DEBUG o.s.c.c.CharSequenceEncoder - [45d408cb] Writing "434. foo bar"
12:31:23.289 [http-nio-auto-15-exec-1] DEBUG o.s.c.c.CharSequenceEncoder - [45d408cb] Writing "435. foo bar"
12:31:23.289 [http-nio-auto-15-exec-1] DEBUG o.s.c.c.CharSequenceEncoder - [45d408cb] Writing "436. foo bar"
12:31:23.289 [http-nio-auto-15-exec-1] DEBUG o.s.c.c.CharSequenceEncoder - [45d408cb] Writing "437. foo bar"
12:31:23.289 [http-nio-auto-15-exec-1] DEBUG o.s.c.c.CharSequenceEncoder - [45d408cb] Writing "438. foo bar"
12:31:23.289 [http-nio-auto-15-exec-1] DEBUG o.s.c.c.CharSequenceEncoder - [45d408cb] Writing "439. foo bar"
12:31:23.289 [http-nio-auto-15-exec-1] DEBUG o.s.c.c.CharSequenceEncoder - [45d408cb] Writing "440. foo bar"
12:31:23.289 [http-nio-auto-15-exec-1] DEBUG o.s.c.c.CharSequenceEncoder - [45d408cb] Writing "441. foo bar"
12:31:23.289 [http-nio-auto-15-exec-1] DEBUG o.s.c.c.CharSequenceEncoder - [45d408cb] Writing "442. foo bar"
12:31:23.289 [http-nio-auto-15-exec-1] DEBUG o.s.c.c.CharSequenceEncoder - [45d408cb] Writing "443. foo bar"
12:31:23.289 [http-nio-auto-15-exec-1] DEBUG o.s.c.c.CharSequenceEncoder - [45d408cb] Writing "444. foo bar"
12:31:23.289 [http-nio-auto-15-exec-1] DEBUG o.s.c.c.CharSequenceEncoder - [45d408cb] Writing "445. foo bar"
12:31:23.289 [http-nio-auto-15-exec-1] DEBUG o.s.c.c.CharSequenceEncoder - [45d408cb] Writing "446. foo bar"
12:31:23.289 [http-nio-auto-15-exec-1] DEBUG o.s.c.c.CharSequenceEncoder - [45d408cb] Writing "447. foo bar"
12:31:23.289 [http-nio-auto-15-exec-1] DEBUG o.s.c.c.CharSequenceEncoder - [45d408cb] Writing "448. foo bar"
12:31:23.289 [http-nio-auto-15-exec-1] DEBUG o.s.c.c.CharSequenceEncoder - [45d408cb] Writing "449. foo bar"
12:31:23.289 [http-nio-auto-15-exec-1] DEBUG o.s.c.c.CharSequenceEncoder - [45d408cb] Writing "450. foo bar"
12:31:23.289 [http-nio-auto-15-exec-1] DEBUG o.s.c.c.CharSequenceEncoder - [45d408cb] Writing "451. foo bar"
12:31:23.289 [http-nio-auto-15-exec-1] DEBUG o.s.c.c.CharSequenceEncoder - [45d408cb] Writing "452. foo bar"
12:31:23.289 [http-nio-auto-15-exec-1] DEBUG o.s.c.c.CharSequenceEncoder - [45d408cb] Writing "453. foo bar"
12:31:23.289 [http-nio-auto-15-exec-1] DEBUG o.s.c.c.CharSequenceEncoder - [45d408cb] Writing "454. foo bar"
12:31:23.289 [http-nio-auto-15-exec-1] DEBUG o.s.c.c.CharSequenceEncoder - [45d408cb] Writing "455. foo bar"
12:31:23.289 [http-nio-auto-15-exec-1] DEBUG o.s.c.c.CharSequenceEncoder - [45d408cb] Writing "456. foo bar"
12:31:23.289 [http-nio-auto-15-exec-1] DEBUG o.s.c.c.CharSequenceEncoder - [45d408cb] Writing "457. foo bar"
12:31:23.289 [http-nio-auto-15-exec-1] DEBUG o.s.c.c.CharSequenceEncoder - [45d408cb] Writing "458. foo bar"
12:31:23.289 [http-nio-auto-15-exec-1] DEBUG o.s.c.c.CharSequenceEncoder - [45d408cb] Writing "459. foo bar"
12:31:23.290 [http-nio-auto-15-exec-1] DEBUG o.s.c.c.CharSequenceEncoder - [45d408cb] Writing "460. foo bar"
12:31:23.290 [http-nio-auto-15-exec-1] DEBUG o.s.c.c.CharSequenceEncoder - [45d408cb] Writing "461. foo bar"
12:31:23.290 [http-nio-auto-15-exec-1] DEBUG o.s.c.c.CharSequenceEncoder - [45d408cb] Writing "462. foo bar"
12:31:23.290 [http-nio-auto-15-exec-1] DEBUG o.s.c.c.CharSequenceEncoder - [45d408cb] Writing "463. foo bar"
12:31:23.290 [http-nio-auto-15-exec-1] DEBUG o.s.c.c.CharSequenceEncoder - [45d408cb] Writing "464. foo bar"
12:31:23.290 [http-nio-auto-15-exec-1] DEBUG o.s.c.c.CharSequenceEncoder - [45d408cb] Writing "465. foo bar"
12:31:23.290 [http-nio-auto-15-exec-1] DEBUG o.s.c.c.CharSequenceEncoder - [45d408cb] Writing "466. foo bar"
12:31:23.290 [http-nio-auto-15-exec-1] DEBUG o.s.c.c.CharSequenceEncoder - [45d408cb] Writing "467. foo bar"
12:31:23.290 [http-nio-auto-15-exec-1] DEBUG o.s.c.c.CharSequenceEncoder - [45d408cb] Writing "468. foo bar"
12:31:23.290 [http-nio-auto-15-exec-1] DEBUG o.s.c.c.CharSequenceEncoder - [45d408cb] Writing "469. foo bar"
12:31:23.290 [http-nio-auto-15-exec-1] DEBUG o.s.c.c.CharSequenceEncoder - [45d408cb] Writing "470. foo bar"
12:31:23.290 [http-nio-auto-15-exec-1] DEBUG o.s.c.c.CharSequenceEncoder - [45d408cb] Writing "471. foo bar"
12:31:23.290 [http-nio-auto-15-exec-1] DEBUG o.s.c.c.CharSequenceEncoder - [45d408cb] Writing "472. foo bar"
12:31:23.290 [http-nio-auto-15-exec-1] DEBUG o.s.c.c.CharSequenceEncoder - [45d408cb] Writing "473. foo bar"
12:31:23.290 [http-nio-auto-15-exec-1] DEBUG o.s.c.c.CharSequenceEncoder - [45d408cb] Writing "474. foo bar"
12:31:23.290 [http-nio-auto-15-exec-1] DEBUG o.s.c.c.CharSequenceEncoder - [45d408cb] Writing "475. foo bar"
12:31:23.290 [http-nio-auto-15-exec-1] DEBUG o.s.c.c.CharSequenceEncoder - [45d408cb] Writing "476. foo bar"
12:31:23.290 [http-nio-auto-15-exec-1] DEBUG o.s.c.c.CharSequenceEncoder - [45d408cb] Writing "477. foo bar"
12:31:23.291 [http-nio-auto-15-exec-1] DEBUG o.s.c.c.CharSequenceEncoder - [45d408cb] Writing "478. foo bar"
12:31:23.291 [http-nio-auto-15-exec-1] DEBUG o.s.c.c.CharSequenceEncoder - [45d408cb] Writing "479. foo bar"
12:31:23.291 [http-nio-auto-15-exec-1] DEBUG o.s.c.c.CharSequenceEncoder - [45d408cb] Writing "480. foo bar"
12:31:23.291 [http-nio-auto-15-exec-1] DEBUG o.s.c.c.CharSequenceEncoder - [45d408cb] Writing "481. foo bar"
12:31:23.291 [http-nio-auto-15-exec-1] DEBUG o.s.c.c.CharSequenceEncoder - [45d408cb] Writing "482. foo bar"
12:31:23.291 [http-nio-auto-15-exec-1] DEBUG o.s.c.c.CharSequenceEncoder - [45d408cb] Writing "483. foo bar"
12:31:23.291 [http-nio-auto-15-exec-1] DEBUG o.s.c.c.CharSequenceEncoder - [45d408cb] Writing "484. foo bar"
12:31:23.291 [http-nio-auto-15-exec-1] DEBUG o.s.c.c.CharSequenceEncoder - [45d408cb] Writing "485. foo bar"
12:31:23.291 [http-nio-auto-15-exec-1] DEBUG o.s.c.c.CharSequenceEncoder - [45d408cb] Writing "486. foo bar"
12:31:23.291 [http-nio-auto-15-exec-1] DEBUG o.s.c.c.CharSequenceEncoder - [45d408cb] Writing "487. foo bar"
12:31:23.291 [http-nio-auto-15-exec-1] DEBUG o.s.c.c.CharSequenceEncoder - [45d408cb] Writing "488. foo bar"
12:31:23.291 [http-nio-auto-15-exec-1] DEBUG o.s.c.c.CharSequenceEncoder - [45d408cb] Writing "489. foo bar"
12:31:23.291 [http-nio-auto-15-exec-1] DEBUG o.s.c.c.CharSequenceEncoder - [45d408cb] Writing "490. foo bar"
12:31:23.291 [http-nio-auto-15-exec-1] DEBUG o.s.c.c.CharSequenceEncoder - [45d408cb] Writing "491. foo bar"
12:31:23.291 [http-nio-auto-15-exec-1] DEBUG o.s.c.c.CharSequenceEncoder - [45d408cb] Writing "492. foo bar"
12:31:23.291 [http-nio-auto-15-exec-1] DEBUG o.s.c.c.CharSequenceEncoder - [45d408cb] Writing "493. foo bar"
12:31:23.291 [http-nio-auto-15-exec-1] DEBUG o.s.c.c.CharSequenceEncoder - [45d408cb] Writing "494. foo bar"
12:31:23.292 [http-nio-auto-15-exec-1] DEBUG o.s.c.c.CharSequenceEncoder - [45d408cb] Writing "495. foo bar"
12:31:23.292 [http-nio-auto-15-exec-1] DEBUG o.s.c.c.CharSequenceEncoder - [45d408cb] Writing "496. foo bar"
12:31:23.292 [http-nio-auto-15-exec-1] DEBUG o.s.c.c.CharSequenceEncoder - [45d408cb] Writing "497. foo bar"
12:31:23.292 [http-nio-auto-15-exec-1] DEBUG o.s.c.c.CharSequenceEncoder - [45d408cb] Writing "498. foo bar"
12:31:23.292 [http-nio-auto-15-exec-1] DEBUG o.s.c.c.CharSequenceEncoder - [45d408cb] Writing "499. foo bar"
12:31:23.292 [http-nio-auto-15-exec-1] DEBUG o.s.c.c.CharSequenceEncoder - [45d408cb] Writing "500. foo bar"
12:31:23.292 [http-nio-auto-15-exec-1] DEBUG o.s.c.c.CharSequenceEncoder - [45d408cb] Writing "501. foo bar"
12:31:23.292 [http-nio-auto-15-exec-1] DEBUG o.s.c.c.CharSequenceEncoder - [45d408cb] Writing "502. foo bar"
12:31:23.292 [http-nio-auto-15-exec-1] DEBUG o.s.c.c.CharSequenceEncoder - [45d408cb] Writing "503. foo bar"
12:31:23.292 [http-nio-auto-15-exec-1] DEBUG o.s.c.c.CharSequenceEncoder - [45d408cb] Writing "504. foo bar"
12:31:23.292 [http-nio-auto-15-exec-1] DEBUG o.s.c.c.CharSequenceEncoder - [45d408cb] Writing "505. foo bar"
12:31:23.292 [http-nio-auto-15-exec-1] DEBUG o.s.c.c.CharSequenceEncoder - [45d408cb] Writing "506. foo bar"
12:31:23.292 [http-nio-auto-15-exec-1] DEBUG o.s.c.c.CharSequenceEncoder - [45d408cb] Writing "507. foo bar"
12:31:23.292 [http-nio-auto-15-exec-1] DEBUG o.s.c.c.CharSequenceEncoder - [45d408cb] Writing "508. foo bar"
12:31:23.292 [http-nio-auto-15-exec-1] DEBUG o.s.c.c.CharSequenceEncoder - [45d408cb] Writing "509. foo bar"
12:31:23.292 [http-nio-auto-15-exec-1] DEBUG o.s.c.c.CharSequenceEncoder - [45d408cb] Writing "510. foo bar"
12:31:23.292 [http-nio-auto-15-exec-1] DEBUG o.s.c.c.CharSequenceEncoder - [45d408cb] Writing "511. foo bar"
12:31:23.292 [http-nio-auto-15-exec-1] DEBUG o.s.c.c.CharSequenceEncoder - [45d408cb] Writing "512. foo bar"
12:31:23.292 [http-nio-auto-15-exec-1] DEBUG o.s.c.c.CharSequenceEncoder - [45d408cb] Writing "513. foo bar"
12:31:23.292 [http-nio-auto-15-exec-1] DEBUG o.s.c.c.CharSequenceEncoder - [45d408cb] Writing "514. foo bar"
12:31:23.292 [http-nio-auto-15-exec-1] DEBUG o.s.c.c.CharSequenceEncoder - [45d408cb] Writing "515. foo bar"
12:31:23.292 [http-nio-auto-15-exec-1] DEBUG o.s.c.c.CharSequenceEncoder - [45d408cb] Writing "516. foo bar"
12:31:23.292 [http-nio-auto-15-exec-1] DEBUG o.s.c.c.CharSequenceEncoder - [45d408cb] Writing "517. foo bar"
12:31:23.292 [http-nio-auto-15-exec-1] DEBUG o.s.c.c.CharSequenceEncoder - [45d408cb] Writing "518. foo bar"
12:31:23.292 [http-nio-auto-15-exec-1] DEBUG o.s.c.c.CharSequenceEncoder - [45d408cb] Writing "519. foo bar"
12:31:23.292 [http-nio-auto-15-exec-1] DEBUG o.s.c.c.CharSequenceEncoder - [45d408cb] Writing "520. foo bar"
12:31:23.292 [http-nio-auto-15-exec-1] DEBUG o.s.c.c.CharSequenceEncoder - [45d408cb] Writing "521. foo bar"
12:31:23.292 [http-nio-auto-15-exec-1] DEBUG o.s.c.c.CharSequenceEncoder - [45d408cb] Writing "522. foo bar"
12:31:23.292 [http-nio-auto-15-exec-1] DEBUG o.s.c.c.CharSequenceEncoder - [45d408cb] Writing "523. foo bar"
12:31:23.292 [http-nio-auto-15-exec-1] DEBUG o.s.c.c.CharSequenceEncoder - [45d408cb] Writing "524. foo bar"
12:31:23.292 [http-nio-auto-15-exec-1] DEBUG o.s.c.c.CharSequenceEncoder - [45d408cb] Writing "525. foo bar"
12:31:23.292 [http-nio-auto-15-exec-1] DEBUG o.s.c.c.CharSequenceEncoder - [45d408cb] Writing "526. foo bar"
12:31:23.292 [http-nio-auto-15-exec-1] DEBUG o.s.c.c.CharSequenceEncoder - [45d408cb] Writing "527. foo bar"
12:31:23.292 [http-nio-auto-15-exec-1] DEBUG o.s.c.c.CharSequenceEncoder - [45d408cb] Writing "528. foo bar"
12:31:23.292 [http-nio-auto-15-exec-1] DEBUG o.s.c.c.CharSequenceEncoder - [45d408cb] Writing "529. foo bar"
12:31:23.292 [http-nio-auto-15-exec-1] DEBUG o.s.c.c.CharSequenceEncoder - [45d408cb] Writing "530. foo bar"
12:31:23.292 [http-nio-auto-15-exec-1] DEBUG o.s.c.c.CharSequenceEncoder - [45d408cb] Writing "531. foo bar"
12:31:23.292 [http-nio-auto-15-exec-1] DEBUG o.s.c.c.CharSequenceEncoder - [45d408cb] Writing "532. foo bar"
12:31:23.292 [http-nio-auto-15-exec-1] DEBUG o.s.c.c.CharSequenceEncoder - [45d408cb] Writing "533. foo bar"
12:31:23.292 [http-nio-auto-15-exec-1] DEBUG o.s.c.c.CharSequenceEncoder - [45d408cb] Writing "534. foo bar"
12:31:23.292 [http-nio-auto-15-exec-1] DEBUG o.s.c.c.CharSequenceEncoder - [45d408cb] Writing "535. foo bar"
12:31:23.292 [http-nio-auto-15-exec-1] DEBUG o.s.c.c.CharSequenceEncoder - [45d408cb] Writing "536. foo bar"
12:31:23.292 [http-nio-auto-15-exec-1] DEBUG o.s.c.c.CharSequenceEncoder - [45d408cb] Writing "537. foo bar"
12:31:23.292 [http-nio-auto-15-exec-1] DEBUG o.s.c.c.CharSequenceEncoder - [45d408cb] Writing "538. foo bar"
12:31:23.292 [http-nio-auto-15-exec-1] DEBUG o.s.c.c.CharSequenceEncoder - [45d408cb] Writing "539. foo bar"
12:31:23.292 [http-nio-auto-15-exec-1] DEBUG o.s.c.c.CharSequenceEncoder - [45d408cb] Writing "540. foo bar"
12:31:23.292 [http-nio-auto-15-exec-1] DEBUG o.s.c.c.CharSequenceEncoder - [45d408cb] Writing "541. foo bar"
12:31:23.292 [http-nio-auto-15-exec-1] DEBUG o.s.c.c.CharSequenceEncoder - [45d408cb] Writing "542. foo bar"
12:31:23.293 [http-nio-auto-15-exec-1] DEBUG o.s.c.c.CharSequenceEncoder - [45d408cb] Writing "543. foo bar"
12:31:23.293 [http-nio-auto-15-exec-1] DEBUG o.s.c.c.CharSequenceEncoder - [45d408cb] Writing "544. foo bar"
12:31:23.293 [http-nio-auto-15-exec-1] DEBUG o.s.c.c.CharSequenceEncoder - [45d408cb] Writing "545. foo bar"
12:31:23.293 [http-nio-auto-15-exec-1] DEBUG o.s.c.c.CharSequenceEncoder - [45d408cb] Writing "546. foo bar"
12:31:23.293 [http-nio-auto-15-exec-1] DEBUG o.s.c.c.CharSequenceEncoder - [45d408cb] Writing "547. foo bar"
12:31:23.293 [http-nio-auto-15-exec-1] DEBUG o.s.c.c.CharSequenceEncoder - [45d408cb] Writing "548. foo bar"
12:31:23.293 [http-nio-auto-15-exec-1] DEBUG o.s.c.c.CharSequenceEncoder - [45d408cb] Writing "549. foo bar"
12:31:23.293 [http-nio-auto-15-exec-1] DEBUG o.s.c.c.CharSequenceEncoder - [45d408cb] Writing "550. foo bar"
12:31:23.293 [http-nio-auto-15-exec-1] DEBUG o.s.c.c.CharSequenceEncoder - [45d408cb] Writing "551. foo bar"
12:31:23.293 [http-nio-auto-15-exec-1] DEBUG o.s.c.c.CharSequenceEncoder - [45d408cb] Writing "552. foo bar"
12:31:23.293 [http-nio-auto-15-exec-1] DEBUG o.s.c.c.CharSequenceEncoder - [45d408cb] Writing "553. foo bar"
12:31:23.293 [http-nio-auto-15-exec-1] DEBUG o.s.c.c.CharSequenceEncoder - [45d408cb] Writing "554. foo bar"
12:31:23.293 [http-nio-auto-15-exec-1] DEBUG o.s.c.c.CharSequenceEncoder - [45d408cb] Writing "555. foo bar"
12:31:23.293 [http-nio-auto-15-exec-1] DEBUG o.s.c.c.CharSequenceEncoder - [45d408cb] Writing "556. foo bar"
12:31:23.293 [http-nio-auto-15-exec-1] DEBUG o.s.c.c.CharSequenceEncoder - [45d408cb] Writing "557. foo bar"
12:31:23.293 [http-nio-auto-15-exec-1] DEBUG o.s.c.c.CharSequenceEncoder - [45d408cb] Writing "558. foo bar"
12:31:23.293 [http-nio-auto-15-exec-1] DEBUG o.s.c.c.CharSequenceEncoder - [45d408cb] Writing "559. foo bar"
12:31:23.293 [http-nio-auto-15-exec-1] DEBUG o.s.c.c.CharSequenceEncoder - [45d408cb] Writing "560. foo bar"
12:31:23.293 [http-nio-auto-15-exec-1] DEBUG o.s.c.c.CharSequenceEncoder - [45d408cb] Writing "561. foo bar"
12:31:23.293 [http-nio-auto-15-exec-1] DEBUG o.s.c.c.CharSequenceEncoder - [45d408cb] Writing "562. foo bar"
12:31:23.293 [http-nio-auto-15-exec-1] DEBUG o.s.c.c.CharSequenceEncoder - [45d408cb] Writing "563. foo bar"
12:31:23.293 [http-nio-auto-15-exec-1] DEBUG o.s.c.c.CharSequenceEncoder - [45d408cb] Writing "564. foo bar"
12:31:23.293 [http-nio-auto-15-exec-1] DEBUG o.s.c.c.CharSequenceEncoder - [45d408cb] Writing "565. foo bar"
12:31:23.293 [http-nio-auto-15-exec-1] DEBUG o.s.c.c.CharSequenceEncoder - [45d408cb] Writing "566. foo bar"
12:31:23.293 [http-nio-auto-15-exec-1] DEBUG o.s.c.c.CharSequenceEncoder - [45d408cb] Writing "567. foo bar"
12:31:23.293 [http-nio-auto-15-exec-1] DEBUG o.s.c.c.CharSequenceEncoder - [45d408cb] Writing "568. foo bar"
12:31:23.293 [http-nio-auto-15-exec-1] DEBUG o.s.c.c.CharSequenceEncoder - [45d408cb] Writing "569. foo bar"
12:31:23.293 [http-nio-auto-15-exec-1] DEBUG o.s.c.c.CharSequenceEncoder - [45d408cb] Writing "570. foo bar"
12:31:23.293 [http-nio-auto-15-exec-1] DEBUG o.s.c.c.CharSequenceEncoder - [45d408cb] Writing "571. foo bar"
12:31:23.293 [http-nio-auto-15-exec-1] DEBUG o.s.c.c.CharSequenceEncoder - [45d408cb] Writing "572. foo bar"
12:31:23.293 [http-nio-auto-15-exec-1] DEBUG o.s.c.c.CharSequenceEncoder - [45d408cb] Writing "573. foo bar"
12:31:23.293 [http-nio-auto-15-exec-1] DEBUG o.s.c.c.CharSequenceEncoder - [45d408cb] Writing "574. foo bar"
12:31:23.293 [http-nio-auto-15-exec-1] DEBUG o.s.c.c.CharSequenceEncoder - [45d408cb] Writing "575. foo bar"
12:31:23.293 [http-nio-auto-15-exec-1] DEBUG o.s.c.c.CharSequenceEncoder - [45d408cb] Writing "576. foo bar"
12:31:23.293 [http-nio-auto-15-exec-1] DEBUG o.s.c.c.CharSequenceEncoder - [45d408cb] Writing "577. foo bar"
12:31:23.293 [http-nio-auto-15-exec-1] DEBUG o.s.c.c.CharSequenceEncoder - [45d408cb] Writing "578. foo bar"
12:31:23.293 [http-nio-auto-15-exec-1] DEBUG o.s.c.c.CharSequenceEncoder - [45d408cb] Writing "579. foo bar"
12:31:23.293 [http-nio-auto-15-exec-1] DEBUG o.s.c.c.CharSequenceEncoder - [45d408cb] Writing "580. foo bar"
12:31:23.293 [http-nio-auto-15-exec-1] DEBUG o.s.c.c.CharSequenceEncoder - [45d408cb] Writing "581. foo bar"
12:31:23.293 [http-nio-auto-15-exec-1] DEBUG o.s.c.c.CharSequenceEncoder - [45d408cb] Writing "582. foo bar"
12:31:23.293 [http-nio-auto-15-exec-1] DEBUG o.s.c.c.CharSequenceEncoder - [45d408cb] Writing "583. foo bar"
12:31:23.293 [http-nio-auto-15-exec-1] DEBUG o.s.c.c.CharSequenceEncoder - [45d408cb] Writing "584. foo bar"
12:31:23.293 [http-nio-auto-15-exec-1] DEBUG o.s.c.c.CharSequenceEncoder - [45d408cb] Writing "585. foo bar"
12:31:23.293 [http-nio-auto-15-exec-1] DEBUG o.s.c.c.CharSequenceEncoder - [45d408cb] Writing "586. foo bar"
12:31:23.293 [http-nio-auto-15-exec-1] DEBUG o.s.c.c.CharSequenceEncoder - [45d408cb] Writing "587. foo bar"
12:31:23.293 [http-nio-auto-15-exec-1] DEBUG o.s.c.c.CharSequenceEncoder - [45d408cb] Writing "588. foo bar"
12:31:23.293 [http-nio-auto-15-exec-1] DEBUG o.s.c.c.CharSequenceEncoder - [45d408cb] Writing "589. foo bar"
12:31:23.293 [http-nio-auto-15-exec-1] DEBUG o.s.c.c.CharSequenceEncoder - [45d408cb] Writing "590. foo bar"
12:31:23.293 [http-nio-auto-15-exec-1] DEBUG o.s.c.c.CharSequenceEncoder - [45d408cb] Writing "591. foo bar"
12:31:23.293 [http-nio-auto-15-exec-1] DEBUG o.s.c.c.CharSequenceEncoder - [45d408cb] Writing "592. foo bar"
12:31:23.293 [http-nio-auto-15-exec-1] DEBUG o.s.c.c.CharSequenceEncoder - [45d408cb] Writing "593. foo bar"
12:31:23.294 [http-nio-auto-15-exec-1] DEBUG o.s.c.c.CharSequenceEncoder - [45d408cb] Writing "594. foo bar"
12:31:23.294 [http-nio-auto-15-exec-1] DEBUG o.s.c.c.CharSequenceEncoder - [45d408cb] Writing "595. foo bar"
12:31:23.294 [http-nio-auto-15-exec-1] DEBUG o.s.c.c.CharSequenceEncoder - [45d408cb] Writing "596. foo bar"
12:31:23.294 [http-nio-auto-15-exec-1] DEBUG o.s.c.c.CharSequenceEncoder - [45d408cb] Writing "597. foo bar"
12:31:23.294 [http-nio-auto-15-exec-1] DEBUG o.s.c.c.CharSequenceEncoder - [45d408cb] Writing "598. foo bar"
12:31:23.294 [http-nio-auto-15-exec-1] DEBUG o.s.c.c.CharSequenceEncoder - [45d408cb] Writing "599. foo bar"
12:31:23.294 [http-nio-auto-15-exec-1] DEBUG o.s.c.c.CharSequenceEncoder - [45d408cb] Writing "600. foo bar"
12:31:23.294 [http-nio-auto-15-exec-1] DEBUG o.s.c.c.CharSequenceEncoder - [45d408cb] Writing "601. foo bar"
12:31:23.294 [http-nio-auto-15-exec-1] DEBUG o.s.c.c.CharSequenceEncoder - [45d408cb] Writing "602. foo bar"
12:31:23.294 [http-nio-auto-15-exec-1] DEBUG o.s.c.c.CharSequenceEncoder - [45d408cb] Writing "603. foo bar"
12:31:23.294 [http-nio-auto-15-exec-1] DEBUG o.s.c.c.CharSequenceEncoder - [45d408cb] Writing "604. foo bar"
12:31:23.294 [http-nio-auto-15-exec-1] DEBUG o.s.c.c.CharSequenceEncoder - [45d408cb] Writing "605. foo bar"
12:31:23.294 [http-nio-auto-15-exec-1] DEBUG o.s.c.c.CharSequenceEncoder - [45d408cb] Writing "606. foo bar"
12:31:23.294 [http-nio-auto-15-exec-1] DEBUG o.s.c.c.CharSequenceEncoder - [45d408cb] Writing "607. foo bar"
12:31:23.294 [http-nio-auto-15-exec-1] DEBUG o.s.c.c.CharSequenceEncoder - [45d408cb] Writing "608. foo bar"
12:31:23.294 [http-nio-auto-15-exec-1] DEBUG o.s.c.c.CharSequenceEncoder - [45d408cb] Writing "609. foo bar"
12:31:23.294 [http-nio-auto-15-exec-1] DEBUG o.s.c.c.CharSequenceEncoder - [45d408cb] Writing "610. foo bar"
12:31:23.294 [http-nio-auto-15-exec-1] DEBUG o.s.c.c.CharSequenceEncoder - [45d408cb] Writing "611. foo bar"
12:31:23.294 [http-nio-auto-15-exec-1] DEBUG o.s.c.c.CharSequenceEncoder - [45d408cb] Writing "612. foo bar"
12:31:23.294 [http-nio-auto-15-exec-1] DEBUG o.s.c.c.CharSequenceEncoder - [45d408cb] Writing "613. foo bar"
12:31:23.294 [http-nio-auto-15-exec-1] DEBUG o.s.c.c.CharSequenceEncoder - [45d408cb] Writing "614. foo bar"
12:31:23.294 [http-nio-auto-15-exec-1] DEBUG o.s.c.c.CharSequenceEncoder - [45d408cb] Writing "615. foo bar"
12:31:23.294 [http-nio-auto-15-exec-1] DEBUG o.s.c.c.CharSequenceEncoder - [45d408cb] Writing "616. foo bar"
12:31:23.294 [http-nio-auto-15-exec-1] DEBUG o.s.c.c.CharSequenceEncoder - [45d408cb] Writing "617. foo bar"
12:31:23.294 [http-nio-auto-15-exec-1] DEBUG o.s.c.c.CharSequenceEncoder - [45d408cb] Writing "618. foo bar"
12:31:23.294 [http-nio-auto-15-exec-1] DEBUG o.s.c.c.CharSequenceEncoder - [45d408cb] Writing "619. foo bar"
12:31:23.294 [http-nio-auto-15-exec-1] DEBUG o.s.c.c.CharSequenceEncoder - [45d408cb] Writing "620. foo bar"
12:31:23.294 [http-nio-auto-15-exec-1] DEBUG o.s.c.c.CharSequenceEncoder - [45d408cb] Writing "621. foo bar"
12:31:23.294 [http-nio-auto-15-exec-1] DEBUG o.s.c.c.CharSequenceEncoder - [45d408cb] Writing "622. foo bar"
12:31:23.294 [http-nio-auto-15-exec-1] DEBUG o.s.c.c.CharSequenceEncoder - [45d408cb] Writing "623. foo bar"
12:31:23.294 [http-nio-auto-15-exec-1] DEBUG o.s.c.c.CharSequenceEncoder - [45d408cb] Writing "624. foo bar"
12:31:23.294 [http-nio-auto-15-exec-1] DEBUG o.s.c.c.CharSequenceEncoder - [45d408cb] Writing "625. foo bar"
12:31:23.294 [http-nio-auto-15-exec-1] DEBUG o.s.c.c.CharSequenceEncoder - [45d408cb] Writing "626. foo bar"
12:31:23.294 [http-nio-auto-15-exec-1] DEBUG o.s.c.c.CharSequenceEncoder - [45d408cb] Writing "627. foo bar"
12:31:23.295 [http-nio-auto-15-exec-1] DEBUG o.s.c.c.CharSequenceEncoder - [45d408cb] Writing "628. foo bar"
12:31:23.295 [http-nio-auto-15-exec-1] DEBUG o.s.c.c.CharSequenceEncoder - [45d408cb] Writing "629. foo bar"
12:31:23.295 [http-nio-auto-15-exec-1] DEBUG o.s.c.c.CharSequenceEncoder - [45d408cb] Writing "630. foo bar"
12:31:23.295 [http-nio-auto-15-exec-1] DEBUG o.s.c.c.CharSequenceEncoder - [45d408cb] Writing "631. foo bar"
12:31:23.295 [http-nio-auto-15-exec-1] DEBUG o.s.c.c.CharSequenceEncoder - [45d408cb] Writing "632. foo bar"
12:31:23.295 [http-nio-auto-15-exec-1] DEBUG o.s.c.c.CharSequenceEncoder - [45d408cb] Writing "633. foo bar"
12:31:23.295 [http-nio-auto-15-exec-1] DEBUG o.s.c.c.CharSequenceEncoder - [45d408cb] Writing "634. foo bar"
12:31:23.295 [http-nio-auto-15-exec-1] DEBUG o.s.c.c.CharSequenceEncoder - [45d408cb] Writing "635. foo bar"
12:31:23.295 [http-nio-auto-15-exec-1] DEBUG o.s.c.c.CharSequenceEncoder - [45d408cb] Writing "636. foo bar"
12:31:23.295 [http-nio-auto-15-exec-1] DEBUG o.s.c.c.CharSequenceEncoder - [45d408cb] Writing "637. foo bar"
12:31:23.295 [http-nio-auto-15-exec-1] DEBUG o.s.c.c.CharSequenceEncoder - [45d408cb] Writing "638. foo bar"
12:31:23.295 [http-nio-auto-15-exec-1] DEBUG o.s.c.c.CharSequenceEncoder - [45d408cb] Writing "639. foo bar"
12:31:23.295 [http-nio-auto-15-exec-1] DEBUG o.s.c.c.CharSequenceEncoder - [45d408cb] Writing "640. foo bar"
12:31:23.295 [http-nio-auto-15-exec-1] DEBUG o.s.c.c.CharSequenceEncoder - [45d408cb] Writing "641. foo bar"
12:31:23.295 [http-nio-auto-15-exec-1] DEBUG o.s.c.c.CharSequenceEncoder - [45d408cb] Writing "642. foo bar"
12:31:23.295 [http-nio-auto-15-exec-1] DEBUG o.s.c.c.CharSequenceEncoder - [45d408cb] Writing "643. foo bar"
12:31:23.295 [http-nio-auto-15-exec-1] DEBUG o.s.c.c.CharSequenceEncoder - [45d408cb] Writing "644. foo bar"
12:31:23.295 [http-nio-auto-15-exec-1] DEBUG o.s.c.c.CharSequenceEncoder - [45d408cb] Writing "645. foo bar"
12:31:23.295 [http-nio-auto-15-exec-1] DEBUG o.s.c.c.CharSequenceEncoder - [45d408cb] Writing "646. foo bar"
12:31:23.295 [http-nio-auto-15-exec-1] DEBUG o.s.c.c.CharSequenceEncoder - [45d408cb] Writing "647. foo bar"
12:31:23.295 [http-nio-auto-15-exec-1] DEBUG o.s.c.c.CharSequenceEncoder - [45d408cb] Writing "648. foo bar"
12:31:23.295 [http-nio-auto-15-exec-1] DEBUG o.s.c.c.CharSequenceEncoder - [45d408cb] Writing "649. foo bar"
12:31:23.295 [http-nio-auto-15-exec-1] DEBUG o.s.c.c.CharSequenceEncoder - [45d408cb] Writing "650. foo bar"
12:31:23.295 [http-nio-auto-15-exec-1] DEBUG o.s.c.c.CharSequenceEncoder - [45d408cb] Writing "651. foo bar"
12:31:23.295 [http-nio-auto-15-exec-1] DEBUG o.s.c.c.CharSequenceEncoder - [45d408cb] Writing "652. foo bar"
12:31:23.295 [http-nio-auto-15-exec-1] DEBUG o.s.c.c.CharSequenceEncoder - [45d408cb] Writing "653. foo bar"
12:31:23.295 [http-nio-auto-15-exec-1] DEBUG o.s.c.c.CharSequenceEncoder - [45d408cb] Writing "654. foo bar"
12:31:23.295 [http-nio-auto-15-exec-1] DEBUG o.s.c.c.CharSequenceEncoder - [45d408cb] Writing "655. foo bar"
12:31:23.295 [http-nio-auto-15-exec-1] DEBUG o.s.c.c.CharSequenceEncoder - [45d408cb] Writing "656. foo bar"
12:31:23.295 [http-nio-auto-15-exec-1] DEBUG o.s.c.c.CharSequenceEncoder - [45d408cb] Writing "657. foo bar"
12:31:23.295 [http-nio-auto-15-exec-1] DEBUG o.s.c.c.CharSequenceEncoder - [45d408cb] Writing "658. foo bar"
12:31:23.295 [http-nio-auto-15-exec-1] DEBUG o.s.c.c.CharSequenceEncoder - [45d408cb] Writing "659. foo bar"
12:31:23.295 [http-nio-auto-15-exec-1] DEBUG o.s.c.c.CharSequenceEncoder - [45d408cb] Writing "660. foo bar"
12:31:23.295 [http-nio-auto-15-exec-1] DEBUG o.s.c.c.CharSequenceEncoder - [45d408cb] Writing "661. foo bar"
12:31:23.295 [http-nio-auto-15-exec-1] DEBUG o.s.c.c.CharSequenceEncoder - [45d408cb] Writing "662. foo bar"
12:31:23.296 [http-nio-auto-15-exec-1] DEBUG o.s.c.c.CharSequenceEncoder - [45d408cb] Writing "663. foo bar"
12:31:23.296 [http-nio-auto-15-exec-1] DEBUG o.s.c.c.CharSequenceEncoder - [45d408cb] Writing "664. foo bar"
12:31:23.296 [http-nio-auto-15-exec-1] DEBUG o.s.c.c.CharSequenceEncoder - [45d408cb] Writing "665. foo bar"
12:31:23.296 [http-nio-auto-15-exec-1] DEBUG o.s.c.c.CharSequenceEncoder - [45d408cb] Writing "666. foo bar"
12:31:23.296 [http-nio-auto-15-exec-1] DEBUG o.s.c.c.CharSequenceEncoder - [45d408cb] Writing "667. foo bar"
12:31:23.296 [http-nio-auto-15-exec-1] DEBUG o.s.c.c.CharSequenceEncoder - [45d408cb] Writing "668. foo bar"
12:31:23.296 [http-nio-auto-15-exec-1] DEBUG o.s.c.c.CharSequenceEncoder - [45d408cb] Writing "669. foo bar"
12:31:23.296 [http-nio-auto-15-exec-1] DEBUG o.s.c.c.CharSequenceEncoder - [45d408cb] Writing "670. foo bar"
12:31:23.296 [http-nio-auto-15-exec-1] DEBUG o.s.c.c.CharSequenceEncoder - [45d408cb] Writing "671. foo bar"
12:31:23.296 [http-nio-auto-15-exec-1] DEBUG o.s.c.c.CharSequenceEncoder - [45d408cb] Writing "672. foo bar"
12:31:23.296 [http-nio-auto-15-exec-1] DEBUG o.s.c.c.CharSequenceEncoder - [45d408cb] Writing "673. foo bar"
12:31:23.296 [http-nio-auto-15-exec-1] DEBUG o.s.c.c.CharSequenceEncoder - [45d408cb] Writing "674. foo bar"
12:31:23.296 [http-nio-auto-15-exec-1] DEBUG o.s.c.c.CharSequenceEncoder - [45d408cb] Writing "675. foo bar"
12:31:23.296 [http-nio-auto-15-exec-1] DEBUG o.s.c.c.CharSequenceEncoder - [45d408cb] Writing "676. foo bar"
12:31:23.296 [http-nio-auto-15-exec-1] DEBUG o.s.c.c.CharSequenceEncoder - [45d408cb] Writing "677. foo bar"
12:31:23.296 [http-nio-auto-15-exec-1] DEBUG o.s.c.c.CharSequenceEncoder - [45d408cb] Writing "678. foo bar"
12:31:23.296 [http-nio-auto-15-exec-1] DEBUG o.s.c.c.CharSequenceEncoder - [45d408cb] Writing "679. foo bar"
12:31:23.296 [http-nio-auto-15-exec-1] DEBUG o.s.c.c.CharSequenceEncoder - [45d408cb] Writing "680. foo bar"
12:31:23.296 [http-nio-auto-15-exec-1] DEBUG o.s.c.c.CharSequenceEncoder - [45d408cb] Writing "681. foo bar"
12:31:23.296 [http-nio-auto-15-exec-1] DEBUG o.s.c.c.CharSequenceEncoder - [45d408cb] Writing "682. foo bar"
12:31:23.296 [http-nio-auto-15-exec-1] DEBUG o.s.c.c.CharSequenceEncoder - [45d408cb] Writing "683. foo bar"
12:31:23.296 [http-nio-auto-15-exec-1] DEBUG o.s.c.c.CharSequenceEncoder - [45d408cb] Writing "684. foo bar"
12:31:23.296 [http-nio-auto-15-exec-1] DEBUG o.s.c.c.CharSequenceEncoder - [45d408cb] Writing "685. foo bar"
12:31:23.296 [http-nio-auto-15-exec-1] DEBUG o.s.c.c.CharSequenceEncoder - [45d408cb] Writing "686. foo bar"
12:31:23.296 [http-nio-auto-15-exec-1] DEBUG o.s.c.c.CharSequenceEncoder - [45d408cb] Writing "687. foo bar"
12:31:23.296 [http-nio-auto-15-exec-1] DEBUG o.s.c.c.CharSequenceEncoder - [45d408cb] Writing "688. foo bar"
12:31:23.296 [http-nio-auto-15-exec-1] DEBUG o.s.c.c.CharSequenceEncoder - [45d408cb] Writing "689. foo bar"
12:31:23.296 [http-nio-auto-15-exec-1] DEBUG o.s.c.c.CharSequenceEncoder - [45d408cb] Writing "690. foo bar"
12:31:23.296 [http-nio-auto-15-exec-1] DEBUG o.s.c.c.CharSequenceEncoder - [45d408cb] Writing "691. foo bar"
12:31:23.296 [http-nio-auto-15-exec-1] DEBUG o.s.c.c.CharSequenceEncoder - [45d408cb] Writing "692. foo bar"
12:31:23.297 [Test worker] DEBUG o.s.w.c.RestTemplate - Response 200 OK
12:31:23.297 [Test worker] DEBUG o.s.w.c.RestTemplate - Reading to [java.lang.String] as "text/plain;charset=UTF-8"
12:31:23.298 [http-nio-auto-15-exec-1] DEBUG o.s.c.c.CharSequenceEncoder - [45d408cb] Writing "693. foo bar"
12:31:23.299 [http-nio-auto-15-exec-1] DEBUG o.s.c.c.CharSequenceEncoder - [45d408cb] Writing "694. foo bar"
12:31:23.299 [http-nio-auto-15-exec-1] DEBUG o.s.c.c.CharSequenceEncoder - [45d408cb] Writing "695. foo bar"
12:31:23.299 [http-nio-auto-15-exec-1] DEBUG o.s.c.c.CharSequenceEncoder - [45d408cb] Writing "696. foo bar"
12:31:23.299 [http-nio-auto-15-exec-1] DEBUG o.s.c.c.CharSequenceEncoder - [45d408cb] Writing "697. foo bar"
12:31:23.299 [http-nio-auto-15-exec-1] DEBUG o.s.c.c.CharSequenceEncoder - [45d408cb] Writing "698. foo bar"
12:31:23.299 [http-nio-auto-15-exec-1] DEBUG o.s.c.c.CharSequenceEncoder - [45d408cb] Writing "699. foo bar"
12:31:23.299 [http-nio-auto-15-exec-1] DEBUG o.s.c.c.CharSequenceEncoder - [45d408cb] Writing "700. foo bar"
12:31:23.299 [http-nio-auto-15-exec-1] DEBUG o.s.c.c.CharSequenceEncoder - [45d408cb] Writing "701. foo bar"
12:31:23.299 [http-nio-auto-15-exec-1] DEBUG o.s.c.c.CharSequenceEncoder - [45d408cb] Writing "702. foo bar"
12:31:23.299 [http-nio-auto-15-exec-1] DEBUG o.s.c.c.CharSequenceEncoder - [45d408cb] Writing "703. foo bar"
12:31:23.299 [http-nio-auto-15-exec-1] DEBUG o.s.c.c.CharSequenceEncoder - [45d408cb] Writing "704. foo bar"
12:31:23.299 [http-nio-auto-15-exec-1] DEBUG o.s.c.c.CharSequenceEncoder - [45d408cb] Writing "705. foo bar"
12:31:23.299 [http-nio-auto-15-exec-1] DEBUG o.s.c.c.CharSequenceEncoder - [45d408cb] Writing "706. foo bar"
12:31:23.299 [http-nio-auto-15-exec-1] DEBUG o.s.c.c.CharSequenceEncoder - [45d408cb] Writing "707. foo bar"
12:31:23.299 [http-nio-auto-15-exec-1] DEBUG o.s.c.c.CharSequenceEncoder - [45d408cb] Writing "708. foo bar"
12:31:23.299 [http-nio-auto-15-exec-1] DEBUG o.s.c.c.CharSequenceEncoder - [45d408cb] Writing "709. foo bar"
12:31:23.299 [http-nio-auto-15-exec-1] DEBUG o.s.c.c.CharSequenceEncoder - [45d408cb] Writing "710. foo bar"
12:31:23.299 [http-nio-auto-15-exec-1] DEBUG o.s.c.c.CharSequenceEncoder - [45d408cb] Writing "711. foo bar"
12:31:23.299 [http-nio-auto-15-exec-1] DEBUG o.s.c.c.CharSequenceEncoder - [45d408cb] Writing "712. foo bar"
12:31:23.299 [http-nio-auto-15-exec-1] DEBUG o.s.c.c.CharSequenceEncoder - [45d408cb] Writing "713. foo bar"
12:31:23.299 [http-nio-auto-15-exec-1] DEBUG o.s.c.c.CharSequenceEncoder - [45d408cb] Writing "714. foo bar"
12:31:23.299 [http-nio-auto-15-exec-1] DEBUG o.s.c.c.CharSequenceEncoder - [45d408cb] Writing "715. foo bar"
12:31:23.299 [http-nio-auto-15-exec-1] DEBUG o.s.c.c.CharSequenceEncoder - [45d408cb] Writing "716. foo bar"
12:31:23.299 [http-nio-auto-15-exec-1] DEBUG o.s.c.c.CharSequenceEncoder - [45d408cb] Writing "717. foo bar"
12:31:23.299 [http-nio-auto-15-exec-1] DEBUG o.s.c.c.CharSequenceEncoder - [45d408cb] Writing "718. foo bar"
12:31:23.299 [http-nio-auto-15-exec-1] DEBUG o.s.c.c.CharSequenceEncoder - [45d408cb] Writing "719. foo bar"
12:31:23.299 [http-nio-auto-15-exec-1] DEBUG o.s.c.c.CharSequenceEncoder - [45d408cb] Writing "720. foo bar"
12:31:23.299 [http-nio-auto-15-exec-1] DEBUG o.s.c.c.CharSequenceEncoder - [45d408cb] Writing "721. foo bar"
12:31:23.299 [http-nio-auto-15-exec-1] DEBUG o.s.c.c.CharSequenceEncoder - [45d408cb] Writing "722. foo bar"
12:31:23.299 [http-nio-auto-15-exec-1] DEBUG o.s.c.c.CharSequenceEncoder - [45d408cb] Writing "723. foo bar"
12:31:23.299 [http-nio-auto-15-exec-1] DEBUG o.s.c.c.CharSequenceEncoder - [45d408cb] Writing "724. foo bar"
12:31:23.299 [http-nio-auto-15-exec-1] DEBUG o.s.c.c.CharSequenceEncoder - [45d408cb] Writing "725. foo bar"
12:31:23.300 [http-nio-auto-15-exec-1] DEBUG o.s.c.c.CharSequenceEncoder - [45d408cb] Writing "726. foo bar"
12:31:23.300 [http-nio-auto-15-exec-1] DEBUG o.s.c.c.CharSequenceEncoder - [45d408cb] Writing "727. foo bar"
12:31:23.300 [http-nio-auto-15-exec-1] DEBUG o.s.c.c.CharSequenceEncoder - [45d408cb] Writing "728. foo bar"
12:31:23.300 [http-nio-auto-15-exec-1] DEBUG o.s.c.c.CharSequenceEncoder - [45d408cb] Writing "729. foo bar"
12:31:23.300 [http-nio-auto-15-exec-1] DEBUG o.s.c.c.CharSequenceEncoder - [45d408cb] Writing "730. foo bar"
12:31:23.300 [http-nio-auto-15-exec-1] DEBUG o.s.c.c.CharSequenceEncoder - [45d408cb] Writing "731. foo bar"
12:31:23.300 [http-nio-auto-15-exec-1] DEBUG o.s.c.c.CharSequenceEncoder - [45d408cb] Writing "732. foo bar"
12:31:23.300 [http-nio-auto-15-exec-1] DEBUG o.s.c.c.CharSequenceEncoder - [45d408cb] Writing "733. foo bar"
12:31:23.300 [http-nio-auto-15-exec-1] DEBUG o.s.c.c.CharSequenceEncoder - [45d408cb] Writing "734. foo bar"
12:31:23.300 [http-nio-auto-15-exec-1] DEBUG o.s.c.c.CharSequenceEncoder - [45d408cb] Writing "735. foo bar"
12:31:23.300 [http-nio-auto-15-exec-1] DEBUG o.s.c.c.CharSequenceEncoder - [45d408cb] Writing "736. foo bar"
12:31:23.300 [http-nio-auto-15-exec-1] DEBUG o.s.c.c.CharSequenceEncoder - [45d408cb] Writing "737. foo bar"
12:31:23.300 [http-nio-auto-15-exec-1] DEBUG o.s.c.c.CharSequenceEncoder - [45d408cb] Writing "738. foo bar"
12:31:23.300 [http-nio-auto-15-exec-1] DEBUG o.s.c.c.CharSequenceEncoder - [45d408cb] Writing "739. foo bar"
12:31:23.300 [http-nio-auto-15-exec-1] DEBUG o.s.c.c.CharSequenceEncoder - [45d408cb] Writing "740. foo bar"
12:31:23.300 [http-nio-auto-15-exec-1] DEBUG o.s.c.c.CharSequenceEncoder - [45d408cb] Writing "741. foo bar"
12:31:23.300 [http-nio-auto-15-exec-1] DEBUG o.s.c.c.CharSequenceEncoder - [45d408cb] Writing "742. foo bar"
12:31:23.300 [http-nio-auto-15-exec-1] DEBUG o.s.c.c.CharSequenceEncoder - [45d408cb] Writing "743. foo bar"
12:31:23.300 [http-nio-auto-15-exec-1] DEBUG o.s.c.c.CharSequenceEncoder - [45d408cb] Writing "744. foo bar"
12:31:23.300 [http-nio-auto-15-exec-1] DEBUG o.s.c.c.CharSequenceEncoder - [45d408cb] Writing "745. foo bar"
12:31:23.300 [http-nio-auto-15-exec-1] DEBUG o.s.c.c.CharSequenceEncoder - [45d408cb] Writing "746. foo bar"
12:31:23.300 [http-nio-auto-15-exec-1] DEBUG o.s.c.c.CharSequenceEncoder - [45d408cb] Writing "747. foo bar"
12:31:23.300 [http-nio-auto-15-exec-1] DEBUG o.s.c.c.CharSequenceEncoder - [45d408cb] Writing "748. foo bar"
12:31:23.300 [http-nio-auto-15-exec-1] DEBUG o.s.c.c.CharSequenceEncoder - [45d408cb] Writing "749. foo bar"
12:31:23.300 [http-nio-auto-15-exec-1] DEBUG o.s.c.c.CharSequenceEncoder - [45d408cb] Writing "750. foo bar"
12:31:23.300 [http-nio-auto-15-exec-1] DEBUG o.s.c.c.CharSequenceEncoder - [45d408cb] Writing "751. foo bar"
12:31:23.300 [http-nio-auto-15-exec-1] DEBUG o.s.c.c.CharSequenceEncoder - [45d408cb] Writing "752. foo bar"
12:31:23.300 [http-nio-auto-15-exec-1] DEBUG o.s.c.c.CharSequenceEncoder - [45d408cb] Writing "753. foo bar"
12:31:23.300 [http-nio-auto-15-exec-1] DEBUG o.s.c.c.CharSequenceEncoder - [45d408cb] Writing "754. foo bar"
12:31:23.300 [http-nio-auto-15-exec-1] DEBUG o.s.c.c.CharSequenceEncoder - [45d408cb] Writing "755. foo bar"
12:31:23.300 [http-nio-auto-15-exec-1] DEBUG o.s.c.c.CharSequenceEncoder - [45d408cb] Writing "756. foo bar"
12:31:23.300 [http-nio-auto-15-exec-1] DEBUG o.s.c.c.CharSequenceEncoder - [45d408cb] Writing "757. foo bar"
12:31:23.300 [http-nio-auto-15-exec-1] DEBUG o.s.c.c.CharSequenceEncoder - [45d408cb] Writing "758. foo bar"
12:31:23.300 [http-nio-auto-15-exec-1] DEBUG o.s.c.c.CharSequenceEncoder - [45d408cb] Writing "759. foo bar"
12:31:23.300 [http-nio-auto-15-exec-1] DEBUG o.s.c.c.CharSequenceEncoder - [45d408cb] Writing "760. foo bar"
12:31:23.300 [http-nio-auto-15-exec-1] DEBUG o.s.c.c.CharSequenceEncoder - [45d408cb] Writing "761. foo bar"
12:31:23.300 [http-nio-auto-15-exec-1] DEBUG o.s.c.c.CharSequenceEncoder - [45d408cb] Writing "762. foo bar"
12:31:23.300 [http-nio-auto-15-exec-1] DEBUG o.s.c.c.CharSequenceEncoder - [45d408cb] Writing "763. foo bar"
12:31:23.300 [http-nio-auto-15-exec-1] DEBUG o.s.c.c.CharSequenceEncoder - [45d408cb] Writing "764. foo bar"
12:31:23.300 [http-nio-auto-15-exec-1] DEBUG o.s.c.c.CharSequenceEncoder - [45d408cb] Writing "765. foo bar"
12:31:23.300 [http-nio-auto-15-exec-1] DEBUG o.s.c.c.CharSequenceEncoder - [45d408cb] Writing "766. foo bar"
12:31:23.300 [http-nio-auto-15-exec-1] DEBUG o.s.c.c.CharSequenceEncoder - [45d408cb] Writing "767. foo bar"
12:31:23.300 [http-nio-auto-15-exec-1] DEBUG o.s.c.c.CharSequenceEncoder - [45d408cb] Writing "768. foo bar"
12:31:23.300 [http-nio-auto-15-exec-1] DEBUG o.s.c.c.CharSequenceEncoder - [45d408cb] Writing "769. foo bar"
12:31:23.300 [http-nio-auto-15-exec-1] DEBUG o.s.c.c.CharSequenceEncoder - [45d408cb] Writing "770. foo bar"
12:31:23.300 [http-nio-auto-15-exec-1] DEBUG o.s.c.c.CharSequenceEncoder - [45d408cb] Writing "771. foo bar"
12:31:23.300 [http-nio-auto-15-exec-1] DEBUG o.s.c.c.CharSequenceEncoder - [45d408cb] Writing "772. foo bar"
12:31:23.300 [http-nio-auto-15-exec-1] DEBUG o.s.c.c.CharSequenceEncoder - [45d408cb] Writing "773. foo bar"
12:31:23.300 [http-nio-auto-15-exec-1] DEBUG o.s.c.c.CharSequenceEncoder - [45d408cb] Writing "774. foo bar"
12:31:23.300 [http-nio-auto-15-exec-1] DEBUG o.s.c.c.CharSequenceEncoder - [45d408cb] Writing "775. foo bar"
12:31:23.301 [http-nio-auto-15-exec-1] DEBUG o.s.c.c.CharSequenceEncoder - [45d408cb] Writing "776. foo bar"
12:31:23.301 [http-nio-auto-15-exec-1] DEBUG o.s.c.c.CharSequenceEncoder - [45d408cb] Writing "777. foo bar"
12:31:23.301 [http-nio-auto-15-exec-1] DEBUG o.s.c.c.CharSequenceEncoder - [45d408cb] Writing "778. foo bar"
12:31:23.301 [http-nio-auto-15-exec-1] DEBUG o.s.c.c.CharSequenceEncoder - [45d408cb] Writing "779. foo bar"
12:31:23.301 [http-nio-auto-15-exec-1] DEBUG o.s.c.c.CharSequenceEncoder - [45d408cb] Writing "780. foo bar"
12:31:23.301 [http-nio-auto-15-exec-1] DEBUG o.s.c.c.CharSequenceEncoder - [45d408cb] Writing "781. foo bar"
12:31:23.301 [http-nio-auto-15-exec-1] DEBUG o.s.c.c.CharSequenceEncoder - [45d408cb] Writing "782. foo bar"
12:31:23.301 [http-nio-auto-15-exec-1] DEBUG o.s.c.c.CharSequenceEncoder - [45d408cb] Writing "783. foo bar"
12:31:23.301 [http-nio-auto-15-exec-1] DEBUG o.s.c.c.CharSequenceEncoder - [45d408cb] Writing "784. foo bar"
12:31:23.301 [http-nio-auto-15-exec-1] DEBUG o.s.c.c.CharSequenceEncoder - [45d408cb] Writing "785. foo bar"
12:31:23.301 [http-nio-auto-15-exec-1] DEBUG o.s.c.c.CharSequenceEncoder - [45d408cb] Writing "786. foo bar"
12:31:23.301 [http-nio-auto-15-exec-1] DEBUG o.s.c.c.CharSequenceEncoder - [45d408cb] Writing "787. foo bar"
12:31:23.301 [http-nio-auto-15-exec-1] DEBUG o.s.c.c.CharSequenceEncoder - [45d408cb] Writing "788. foo bar"
12:31:23.301 [http-nio-auto-15-exec-1] DEBUG o.s.c.c.CharSequenceEncoder - [45d408cb] Writing "789. foo bar"
12:31:23.301 [http-nio-auto-15-exec-1] DEBUG o.s.c.c.CharSequenceEncoder - [45d408cb] Writing "790. foo bar"
12:31:23.301 [http-nio-auto-15-exec-1] DEBUG o.s.c.c.CharSequenceEncoder - [45d408cb] Writing "791. foo bar"
12:31:23.301 [http-nio-auto-15-exec-1] DEBUG o.s.c.c.CharSequenceEncoder - [45d408cb] Writing "792. foo bar"
12:31:23.301 [http-nio-auto-15-exec-1] DEBUG o.s.c.c.CharSequenceEncoder - [45d408cb] Writing "793. foo bar"
12:31:23.301 [http-nio-auto-15-exec-1] DEBUG o.s.c.c.CharSequenceEncoder - [45d408cb] Writing "794. foo bar"
12:31:23.301 [http-nio-auto-15-exec-1] DEBUG o.s.c.c.CharSequenceEncoder - [45d408cb] Writing "795. foo bar"
12:31:23.301 [http-nio-auto-15-exec-1] DEBUG o.s.c.c.CharSequenceEncoder - [45d408cb] Writing "796. foo bar"
12:31:23.301 [http-nio-auto-15-exec-1] DEBUG o.s.c.c.CharSequenceEncoder - [45d408cb] Writing "797. foo bar"
12:31:23.301 [http-nio-auto-15-exec-1] DEBUG o.s.c.c.CharSequenceEncoder - [45d408cb] Writing "798. foo bar"
12:31:23.301 [http-nio-auto-15-exec-1] DEBUG o.s.c.c.CharSequenceEncoder - [45d408cb] Writing "799. foo bar"
12:31:23.301 [http-nio-auto-15-exec-1] DEBUG o.s.c.c.CharSequenceEncoder - [45d408cb] Writing "800. foo bar"
12:31:23.301 [http-nio-auto-15-exec-1] DEBUG o.s.c.c.CharSequenceEncoder - [45d408cb] Writing "801. foo bar"
12:31:23.301 [http-nio-auto-15-exec-1] DEBUG o.s.c.c.CharSequenceEncoder - [45d408cb] Writing "802. foo bar"
12:31:23.301 [http-nio-auto-15-exec-1] DEBUG o.s.c.c.CharSequenceEncoder - [45d408cb] Writing "803. foo bar"
12:31:23.301 [http-nio-auto-15-exec-1] DEBUG o.s.c.c.CharSequenceEncoder - [45d408cb] Writing "804. foo bar"
12:31:23.301 [http-nio-auto-15-exec-1] DEBUG o.s.c.c.CharSequenceEncoder - [45d408cb] Writing "805. foo bar"
12:31:23.301 [http-nio-auto-15-exec-1] DEBUG o.s.c.c.CharSequenceEncoder - [45d408cb] Writing "806. foo bar"
12:31:23.301 [http-nio-auto-15-exec-1] DEBUG o.s.c.c.CharSequenceEncoder - [45d408cb] Writing "807. foo bar"
12:31:23.301 [http-nio-auto-15-exec-1] DEBUG o.s.c.c.CharSequenceEncoder - [45d408cb] Writing "808. foo bar"
12:31:23.301 [http-nio-auto-15-exec-1] DEBUG o.s.c.c.CharSequenceEncoder - [45d408cb] Writing "809. foo bar"
12:31:23.301 [http-nio-auto-15-exec-1] DEBUG o.s.c.c.CharSequenceEncoder - [45d408cb] Writing "810. foo bar"
12:31:23.301 [http-nio-auto-15-exec-1] DEBUG o.s.c.c.CharSequenceEncoder - [45d408cb] Writing "811. foo bar"
12:31:23.301 [http-nio-auto-15-exec-1] DEBUG o.s.c.c.CharSequenceEncoder - [45d408cb] Writing "812. foo bar"
12:31:23.301 [http-nio-auto-15-exec-1] DEBUG o.s.c.c.CharSequenceEncoder - [45d408cb] Writing "813. foo bar"
12:31:23.301 [http-nio-auto-15-exec-1] DEBUG o.s.c.c.CharSequenceEncoder - [45d408cb] Writing "814. foo bar"
12:31:23.301 [http-nio-auto-15-exec-1] DEBUG o.s.c.c.CharSequenceEncoder - [45d408cb] Writing "815. foo bar"
12:31:23.301 [http-nio-auto-15-exec-1] DEBUG o.s.c.c.CharSequenceEncoder - [45d408cb] Writing "816. foo bar"
12:31:23.301 [http-nio-auto-15-exec-1] DEBUG o.s.c.c.CharSequenceEncoder - [45d408cb] Writing "817. foo bar"
12:31:23.301 [http-nio-auto-15-exec-1] DEBUG o.s.c.c.CharSequenceEncoder - [45d408cb] Writing "818. foo bar"
12:31:23.301 [http-nio-auto-15-exec-1] DEBUG o.s.c.c.CharSequenceEncoder - [45d408cb] Writing "819. foo bar"
12:31:23.301 [http-nio-auto-15-exec-1] DEBUG o.s.c.c.CharSequenceEncoder - [45d408cb] Writing "820. foo bar"
12:31:23.301 [http-nio-auto-15-exec-1] DEBUG o.s.c.c.CharSequenceEncoder - [45d408cb] Writing "821. foo bar"
12:31:23.301 [http-nio-auto-15-exec-1] DEBUG o.s.c.c.CharSequenceEncoder - [45d408cb] Writing "822. foo bar"
12:31:23.301 [http-nio-auto-15-exec-1] DEBUG o.s.c.c.CharSequenceEncoder - [45d408cb] Writing "823. foo bar"
12:31:23.301 [http-nio-auto-15-exec-1] DEBUG o.s.c.c.CharSequenceEncoder - [45d408cb] Writing "824. foo bar"
12:31:23.302 [http-nio-auto-15-exec-1] DEBUG o.s.c.c.CharSequenceEncoder - [45d408cb] Writing "825. foo bar"
12:31:23.302 [http-nio-auto-15-exec-1] DEBUG o.s.c.c.CharSequenceEncoder - [45d408cb] Writing "826. foo bar"
12:31:23.302 [http-nio-auto-15-exec-1] DEBUG o.s.c.c.CharSequenceEncoder - [45d408cb] Writing "827. foo bar"
12:31:23.302 [http-nio-auto-15-exec-1] DEBUG o.s.c.c.CharSequenceEncoder - [45d408cb] Writing "828. foo bar"
12:31:23.302 [http-nio-auto-15-exec-1] DEBUG o.s.c.c.CharSequenceEncoder - [45d408cb] Writing "829. foo bar"
12:31:23.302 [http-nio-auto-15-exec-1] DEBUG o.s.c.c.CharSequenceEncoder - [45d408cb] Writing "830. foo bar"
12:31:23.302 [http-nio-auto-15-exec-1] DEBUG o.s.c.c.CharSequenceEncoder - [45d408cb] Writing "831. foo bar"
12:31:23.302 [http-nio-auto-15-exec-1] DEBUG o.s.c.c.CharSequenceEncoder - [45d408cb] Writing "832. foo bar"
12:31:23.302 [http-nio-auto-15-exec-1] DEBUG o.s.c.c.CharSequenceEncoder - [45d408cb] Writing "833. foo bar"
12:31:23.302 [http-nio-auto-15-exec-1] DEBUG o.s.c.c.CharSequenceEncoder - [45d408cb] Writing "834. foo bar"
12:31:23.302 [http-nio-auto-15-exec-1] DEBUG o.s.c.c.CharSequenceEncoder - [45d408cb] Writing "835. foo bar"
12:31:23.302 [http-nio-auto-15-exec-1] DEBUG o.s.c.c.CharSequenceEncoder - [45d408cb] Writing "836. foo bar"
12:31:23.302 [http-nio-auto-15-exec-1] DEBUG o.s.c.c.CharSequenceEncoder - [45d408cb] Writing "837. foo bar"
12:31:23.302 [http-nio-auto-15-exec-1] DEBUG o.s.c.c.CharSequenceEncoder - [45d408cb] Writing "838. foo bar"
12:31:23.302 [http-nio-auto-15-exec-1] DEBUG o.s.c.c.CharSequenceEncoder - [45d408cb] Writing "839. foo bar"
12:31:23.302 [http-nio-auto-15-exec-1] DEBUG o.s.c.c.CharSequenceEncoder - [45d408cb] Writing "840. foo bar"
12:31:23.302 [http-nio-auto-15-exec-1] DEBUG o.s.c.c.CharSequenceEncoder - [45d408cb] Writing "841. foo bar"
12:31:23.302 [http-nio-auto-15-exec-1] DEBUG o.s.c.c.CharSequenceEncoder - [45d408cb] Writing "842. foo bar"
12:31:23.302 [http-nio-auto-15-exec-1] DEBUG o.s.c.c.CharSequenceEncoder - [45d408cb] Writing "843. foo bar"
12:31:23.302 [http-nio-auto-15-exec-1] DEBUG o.s.c.c.CharSequenceEncoder - [45d408cb] Writing "844. foo bar"
12:31:23.302 [http-nio-auto-15-exec-1] DEBUG o.s.c.c.CharSequenceEncoder - [45d408cb] Writing "845. foo bar"
12:31:23.302 [http-nio-auto-15-exec-1] DEBUG o.s.c.c.CharSequenceEncoder - [45d408cb] Writing "846. foo bar"
12:31:23.302 [http-nio-auto-15-exec-1] DEBUG o.s.c.c.CharSequenceEncoder - [45d408cb] Writing "847. foo bar"
12:31:23.302 [http-nio-auto-15-exec-1] DEBUG o.s.c.c.CharSequenceEncoder - [45d408cb] Writing "848. foo bar"
12:31:23.302 [http-nio-auto-15-exec-1] DEBUG o.s.c.c.CharSequenceEncoder - [45d408cb] Writing "849. foo bar"
12:31:23.302 [http-nio-auto-15-exec-1] DEBUG o.s.c.c.CharSequenceEncoder - [45d408cb] Writing "850. foo bar"
12:31:23.302 [http-nio-auto-15-exec-1] DEBUG o.s.c.c.CharSequenceEncoder - [45d408cb] Writing "851. foo bar"
12:31:23.302 [http-nio-auto-15-exec-1] DEBUG o.s.c.c.CharSequenceEncoder - [45d408cb] Writing "852. foo bar"
12:31:23.302 [http-nio-auto-15-exec-1] DEBUG o.s.c.c.CharSequenceEncoder - [45d408cb] Writing "853. foo bar"
12:31:23.302 [http-nio-auto-15-exec-1] DEBUG o.s.c.c.CharSequenceEncoder - [45d408cb] Writing "854. foo bar"
12:31:23.302 [http-nio-auto-15-exec-1] DEBUG o.s.c.c.CharSequenceEncoder - [45d408cb] Writing "855. foo bar"
12:31:23.302 [http-nio-auto-15-exec-1] DEBUG o.s.c.c.CharSequenceEncoder - [45d408cb] Writing "856. foo bar"
12:31:23.302 [http-nio-auto-15-exec-1] DEBUG o.s.c.c.CharSequenceEncoder - [45d408cb] Writing "857. foo bar"
12:31:23.302 [http-nio-auto-15-exec-1] DEBUG o.s.c.c.CharSequenceEncoder - [45d408cb] Writing "858. foo bar"
12:31:23.302 [http-nio-auto-15-exec-1] DEBUG o.s.c.c.CharSequenceEncoder - [45d408cb] Writing "859. foo bar"
12:31:23.302 [http-nio-auto-15-exec-1] DEBUG o.s.c.c.CharSequenceEncoder - [45d408cb] Writing "860. foo bar"
12:31:23.302 [http-nio-auto-15-exec-1] DEBUG o.s.c.c.CharSequenceEncoder - [45d408cb] Writing "861. foo bar"
12:31:23.302 [http-nio-auto-15-exec-1] DEBUG o.s.c.c.CharSequenceEncoder - [45d408cb] Writing "862. foo bar"
12:31:23.302 [http-nio-auto-15-exec-1] DEBUG o.s.c.c.CharSequenceEncoder - [45d408cb] Writing "863. foo bar"
12:31:23.302 [http-nio-auto-15-exec-1] DEBUG o.s.c.c.CharSequenceEncoder - [45d408cb] Writing "864. foo bar"
12:31:23.302 [http-nio-auto-15-exec-1] DEBUG o.s.c.c.CharSequenceEncoder - [45d408cb] Writing "865. foo bar"
12:31:23.302 [http-nio-auto-15-exec-1] DEBUG o.s.c.c.CharSequenceEncoder - [45d408cb] Writing "866. foo bar"
12:31:23.302 [http-nio-auto-15-exec-1] DEBUG o.s.c.c.CharSequenceEncoder - [45d408cb] Writing "867. foo bar"
12:31:23.302 [http-nio-auto-15-exec-1] DEBUG o.s.c.c.CharSequenceEncoder - [45d408cb] Writing "868. foo bar"
12:31:23.302 [http-nio-auto-15-exec-1] DEBUG o.s.c.c.CharSequenceEncoder - [45d408cb] Writing "869. foo bar"
12:31:23.302 [http-nio-auto-15-exec-1] DEBUG o.s.c.c.CharSequenceEncoder - [45d408cb] Writing "870. foo bar"
12:31:23.302 [http-nio-auto-15-exec-1] DEBUG o.s.c.c.CharSequenceEncoder - [45d408cb] Writing "871. foo bar"
12:31:23.302 [http-nio-auto-15-exec-1] DEBUG o.s.c.c.CharSequenceEncoder - [45d408cb] Writing "872. foo bar"
12:31:23.302 [http-nio-auto-15-exec-1] DEBUG o.s.c.c.CharSequenceEncoder - [45d408cb] Writing "873. foo bar"
12:31:23.302 [http-nio-auto-15-exec-1] DEBUG o.s.c.c.CharSequenceEncoder - [45d408cb] Writing "874. foo bar"
12:31:23.302 [http-nio-auto-15-exec-1] DEBUG o.s.c.c.CharSequenceEncoder - [45d408cb] Writing "875. foo bar"
12:31:23.303 [http-nio-auto-15-exec-1] DEBUG o.s.c.c.CharSequenceEncoder - [45d408cb] Writing "876. foo bar"
12:31:23.303 [http-nio-auto-15-exec-1] DEBUG o.s.c.c.CharSequenceEncoder - [45d408cb] Writing "877. foo bar"
12:31:23.303 [http-nio-auto-15-exec-1] DEBUG o.s.c.c.CharSequenceEncoder - [45d408cb] Writing "878. foo bar"
12:31:23.303 [http-nio-auto-15-exec-1] DEBUG o.s.c.c.CharSequenceEncoder - [45d408cb] Writing "879. foo bar"
12:31:23.303 [http-nio-auto-15-exec-1] DEBUG o.s.c.c.CharSequenceEncoder - [45d408cb] Writing "880. foo bar"
12:31:23.303 [http-nio-auto-15-exec-1] DEBUG o.s.c.c.CharSequenceEncoder - [45d408cb] Writing "881. foo bar"
12:31:23.303 [http-nio-auto-15-exec-1] DEBUG o.s.c.c.CharSequenceEncoder - [45d408cb] Writing "882. foo bar"
12:31:23.303 [http-nio-auto-15-exec-1] DEBUG o.s.c.c.CharSequenceEncoder - [45d408cb] Writing "883. foo bar"
12:31:23.303 [http-nio-auto-15-exec-1] DEBUG o.s.c.c.CharSequenceEncoder - [45d408cb] Writing "884. foo bar"
12:31:23.303 [http-nio-auto-15-exec-1] DEBUG o.s.c.c.CharSequenceEncoder - [45d408cb] Writing "885. foo bar"
12:31:23.303 [http-nio-auto-15-exec-1] DEBUG o.s.c.c.CharSequenceEncoder - [45d408cb] Writing "886. foo bar"
12:31:23.303 [http-nio-auto-15-exec-1] DEBUG o.s.c.c.CharSequenceEncoder - [45d408cb] Writing "887. foo bar"
12:31:23.303 [http-nio-auto-15-exec-1] DEBUG o.s.c.c.CharSequenceEncoder - [45d408cb] Writing "888. foo bar"
12:31:23.303 [http-nio-auto-15-exec-1] DEBUG o.s.c.c.CharSequenceEncoder - [45d408cb] Writing "889. foo bar"
12:31:23.303 [http-nio-auto-15-exec-1] DEBUG o.s.c.c.CharSequenceEncoder - [45d408cb] Writing "890. foo bar"
12:31:23.303 [http-nio-auto-15-exec-1] DEBUG o.s.c.c.CharSequenceEncoder - [45d408cb] Writing "891. foo bar"
12:31:23.303 [http-nio-auto-15-exec-1] DEBUG o.s.c.c.CharSequenceEncoder - [45d408cb] Writing "892. foo bar"
12:31:23.303 [http-nio-auto-15-exec-1] DEBUG o.s.c.c.CharSequenceEncoder - [45d408cb] Writing "893. foo bar"
12:31:23.303 [http-nio-auto-15-exec-1] DEBUG o.s.c.c.CharSequenceEncoder - [45d408cb] Writing "894. foo bar"
12:31:23.303 [http-nio-auto-15-exec-1] DEBUG o.s.c.c.CharSequenceEncoder - [45d408cb] Writing "895. foo bar"
12:31:23.303 [http-nio-auto-15-exec-1] DEBUG o.s.c.c.CharSequenceEncoder - [45d408cb] Writing "896. foo bar"
12:31:23.303 [http-nio-auto-15-exec-1] DEBUG o.s.c.c.CharSequenceEncoder - [45d408cb] Writing "897. foo bar"
12:31:23.303 [http-nio-auto-15-exec-1] DEBUG o.s.c.c.CharSequenceEncoder - [45d408cb] Writing "898. foo bar"
12:31:23.303 [http-nio-auto-15-exec-1] DEBUG o.s.c.c.CharSequenceEncoder - [45d408cb] Writing "899. foo bar"
12:31:23.303 [http-nio-auto-15-exec-1] DEBUG o.s.c.c.CharSequenceEncoder - [45d408cb] Writing "900. foo bar"
12:31:23.303 [http-nio-auto-15-exec-1] DEBUG o.s.c.c.CharSequenceEncoder - [45d408cb] Writing "901. foo bar"
12:31:23.303 [http-nio-auto-15-exec-1] DEBUG o.s.c.c.CharSequenceEncoder - [45d408cb] Writing "902. foo bar"
12:31:23.303 [http-nio-auto-15-exec-1] DEBUG o.s.c.c.CharSequenceEncoder - [45d408cb] Writing "903. foo bar"
12:31:23.303 [http-nio-auto-15-exec-1] DEBUG o.s.c.c.CharSequenceEncoder - [45d408cb] Writing "904. foo bar"
12:31:23.303 [http-nio-auto-15-exec-1] DEBUG o.s.c.c.CharSequenceEncoder - [45d408cb] Writing "905. foo bar"
12:31:23.303 [http-nio-auto-15-exec-1] DEBUG o.s.c.c.CharSequenceEncoder - [45d408cb] Writing "906. foo bar"
12:31:23.303 [http-nio-auto-15-exec-1] DEBUG o.s.c.c.CharSequenceEncoder - [45d408cb] Writing "907. foo bar"
12:31:23.303 [http-nio-auto-15-exec-1] DEBUG o.s.c.c.CharSequenceEncoder - [45d408cb] Writing "908. foo bar"
12:31:23.303 [http-nio-auto-15-exec-1] DEBUG o.s.c.c.CharSequenceEncoder - [45d408cb] Writing "909. foo bar"
12:31:23.303 [http-nio-auto-15-exec-1] DEBUG o.s.c.c.CharSequenceEncoder - [45d408cb] Writing "910. foo bar"
12:31:23.303 [http-nio-auto-15-exec-1] DEBUG o.s.c.c.CharSequenceEncoder - [45d408cb] Writing "911. foo bar"
12:31:23.303 [http-nio-auto-15-exec-1] DEBUG o.s.c.c.CharSequenceEncoder - [45d408cb] Writing "912. foo bar"
12:31:23.303 [http-nio-auto-15-exec-1] DEBUG o.s.c.c.CharSequenceEncoder - [45d408cb] Writing "913. foo bar"
12:31:23.303 [http-nio-auto-15-exec-1] DEBUG o.s.c.c.CharSequenceEncoder - [45d408cb] Writing "914. foo bar"
12:31:23.303 [http-nio-auto-15-exec-1] DEBUG o.s.c.c.CharSequenceEncoder - [45d408cb] Writing "915. foo bar"
12:31:23.303 [http-nio-auto-15-exec-1] DEBUG o.s.c.c.CharSequenceEncoder - [45d408cb] Writing "916. foo bar"
12:31:23.303 [http-nio-auto-15-exec-1] DEBUG o.s.c.c.CharSequenceEncoder - [45d408cb] Writing "917. foo bar"
12:31:23.303 [http-nio-auto-15-exec-1] DEBUG o.s.c.c.CharSequenceEncoder - [45d408cb] Writing "918. foo bar"
12:31:23.303 [http-nio-auto-15-exec-1] DEBUG o.s.c.c.CharSequenceEncoder - [45d408cb] Writing "919. foo bar"
12:31:23.303 [http-nio-auto-15-exec-1] DEBUG o.s.c.c.CharSequenceEncoder - [45d408cb] Writing "920. foo bar"
12:31:23.303 [http-nio-auto-15-exec-1] DEBUG o.s.c.c.CharSequenceEncoder - [45d408cb] Writing "921. foo bar"
12:31:23.303 [http-nio-auto-15-exec-1] DEBUG o.s.c.c.CharSequenceEncoder - [45d408cb] Writing "922. foo bar"
12:31:23.303 [http-nio-auto-15-exec-1] DEBUG o.s.c.c.CharSequenceEncoder - [45d408cb] Writing "923. foo bar"
12:31:23.303 [http-nio-auto-15-exec-1] DEBUG o.s.c.c.CharSequenceEncoder - [45d408cb] Writing "924. foo bar"
12:31:23.303 [http-nio-auto-15-exec-1] DEBUG o.s.c.c.CharSequenceEncoder - [45d408cb] Writing "925. foo bar"
12:31:23.303 [http-nio-auto-15-exec-1] DEBUG o.s.c.c.CharSequenceEncoder - [45d408cb] Writing "926. foo bar"
12:31:23.303 [http-nio-auto-15-exec-1] DEBUG o.s.c.c.CharSequenceEncoder - [45d408cb] Writing "927. foo bar"
12:31:23.304 [http-nio-auto-15-exec-1] DEBUG o.s.c.c.CharSequenceEncoder - [45d408cb] Writing "928. foo bar"
12:31:23.304 [http-nio-auto-15-exec-1] DEBUG o.s.c.c.CharSequenceEncoder - [45d408cb] Writing "929. foo bar"
12:31:23.304 [http-nio-auto-15-exec-1] DEBUG o.s.c.c.CharSequenceEncoder - [45d408cb] Writing "930. foo bar"
12:31:23.304 [http-nio-auto-15-exec-1] DEBUG o.s.c.c.CharSequenceEncoder - [45d408cb] Writing "931. foo bar"
12:31:23.304 [http-nio-auto-15-exec-1] DEBUG o.s.c.c.CharSequenceEncoder - [45d408cb] Writing "932. foo bar"
12:31:23.304 [http-nio-auto-15-exec-1] DEBUG o.s.c.c.CharSequenceEncoder - [45d408cb] Writing "933. foo bar"
12:31:23.304 [http-nio-auto-15-exec-1] DEBUG o.s.c.c.CharSequenceEncoder - [45d408cb] Writing "934. foo bar"
12:31:23.304 [http-nio-auto-15-exec-1] DEBUG o.s.c.c.CharSequenceEncoder - [45d408cb] Writing "935. foo bar"
12:31:23.304 [http-nio-auto-15-exec-1] DEBUG o.s.c.c.CharSequenceEncoder - [45d408cb] Writing "936. foo bar"
12:31:23.304 [http-nio-auto-15-exec-1] DEBUG o.s.c.c.CharSequenceEncoder - [45d408cb] Writing "937. foo bar"
12:31:23.304 [http-nio-auto-15-exec-1] DEBUG o.s.c.c.CharSequenceEncoder - [45d408cb] Writing "938. foo bar"
12:31:23.304 [http-nio-auto-15-exec-1] DEBUG o.s.c.c.CharSequenceEncoder - [45d408cb] Writing "939. foo bar"
12:31:23.304 [http-nio-auto-15-exec-1] DEBUG o.s.c.c.CharSequenceEncoder - [45d408cb] Writing "940. foo bar"
12:31:23.304 [http-nio-auto-15-exec-1] DEBUG o.s.c.c.CharSequenceEncoder - [45d408cb] Writing "941. foo bar"
12:31:23.304 [http-nio-auto-15-exec-1] DEBUG o.s.c.c.CharSequenceEncoder - [45d408cb] Writing "942. foo bar"
12:31:23.304 [http-nio-auto-15-exec-1] DEBUG o.s.c.c.CharSequenceEncoder - [45d408cb] Writing "943. foo bar"
12:31:23.304 [http-nio-auto-15-exec-1] DEBUG o.s.c.c.CharSequenceEncoder - [45d408cb] Writing "944. foo bar"
12:31:23.304 [http-nio-auto-15-exec-1] DEBUG o.s.c.c.CharSequenceEncoder - [45d408cb] Writing "945. foo bar"
12:31:23.304 [http-nio-auto-15-exec-1] DEBUG o.s.c.c.CharSequenceEncoder - [45d408cb] Writing "946. foo bar"
12:31:23.304 [http-nio-auto-15-exec-1] DEBUG o.s.c.c.CharSequenceEncoder - [45d408cb] Writing "947. foo bar"
12:31:23.304 [http-nio-auto-15-exec-1] DEBUG o.s.c.c.CharSequenceEncoder - [45d408cb] Writing "948. foo bar"
12:31:23.304 [http-nio-auto-15-exec-1] DEBUG o.s.c.c.CharSequenceEncoder - [45d408cb] Writing "949. foo bar"
12:31:23.304 [http-nio-auto-15-exec-1] DEBUG o.s.c.c.CharSequenceEncoder - [45d408cb] Writing "950. foo bar"
12:31:23.304 [http-nio-auto-15-exec-1] DEBUG o.s.c.c.CharSequenceEncoder - [45d408cb] Writing "951. foo bar"
12:31:23.304 [http-nio-auto-15-exec-1] DEBUG o.s.c.c.CharSequenceEncoder - [45d408cb] Writing "952. foo bar"
12:31:23.304 [http-nio-auto-15-exec-1] DEBUG o.s.c.c.CharSequenceEncoder - [45d408cb] Writing "953. foo bar"
12:31:23.304 [http-nio-auto-15-exec-1] DEBUG o.s.c.c.CharSequenceEncoder - [45d408cb] Writing "954. foo bar"
12:31:23.304 [http-nio-auto-15-exec-1] DEBUG o.s.c.c.CharSequenceEncoder - [45d408cb] Writing "955. foo bar"
12:31:23.304 [http-nio-auto-15-exec-1] DEBUG o.s.c.c.CharSequenceEncoder - [45d408cb] Writing "956. foo bar"
12:31:23.304 [http-nio-auto-15-exec-1] DEBUG o.s.c.c.CharSequenceEncoder - [45d408cb] Writing "957. foo bar"
12:31:23.304 [http-nio-auto-15-exec-1] DEBUG o.s.c.c.CharSequenceEncoder - [45d408cb] Writing "958. foo bar"
12:31:23.304 [http-nio-auto-15-exec-1] DEBUG o.s.c.c.CharSequenceEncoder - [45d408cb] Writing "959. foo bar"
12:31:23.304 [http-nio-auto-15-exec-1] DEBUG o.s.c.c.CharSequenceEncoder - [45d408cb] Writing "960. foo bar"
12:31:23.304 [http-nio-auto-15-exec-1] DEBUG o.s.c.c.CharSequenceEncoder - [45d408cb] Writing "961. foo bar"
12:31:23.304 [http-nio-auto-15-exec-1] DEBUG o.s.c.c.CharSequenceEncoder - [45d408cb] Writing "962. foo bar"
12:31:23.304 [http-nio-auto-15-exec-1] DEBUG o.s.c.c.CharSequenceEncoder - [45d408cb] Writing "963. foo bar"
12:31:23.304 [http-nio-auto-15-exec-1] DEBUG o.s.c.c.CharSequenceEncoder - [45d408cb] Writing "964. foo bar"
12:31:23.304 [http-nio-auto-15-exec-1] DEBUG o.s.c.c.CharSequenceEncoder - [45d408cb] Writing "965. foo bar"
12:31:23.304 [http-nio-auto-15-exec-1] DEBUG o.s.c.c.CharSequenceEncoder - [45d408cb] Writing "966. foo bar"
12:31:23.304 [http-nio-auto-15-exec-1] DEBUG o.s.c.c.CharSequenceEncoder - [45d408cb] Writing "967. foo bar"
12:31:23.304 [http-nio-auto-15-exec-1] DEBUG o.s.c.c.CharSequenceEncoder - [45d408cb] Writing "968. foo bar"
12:31:23.319 [http-nio-auto-15-exec-1] DEBUG o.s.c.c.CharSequenceEncoder - [45d408cb] Writing "969. foo bar"
12:31:23.319 [http-nio-auto-15-exec-1] DEBUG o.s.c.c.CharSequenceEncoder - [45d408cb] Writing "970. foo bar"
12:31:23.320 [http-nio-auto-15-exec-1] DEBUG o.s.c.c.CharSequenceEncoder - [45d408cb] Writing "971. foo bar"
12:31:23.320 [http-nio-auto-15-exec-1] DEBUG o.s.c.c.CharSequenceEncoder - [45d408cb] Writing "972. foo bar"
12:31:23.320 [http-nio-auto-15-exec-1] DEBUG o.s.c.c.CharSequenceEncoder - [45d408cb] Writing "973. foo bar"
12:31:23.320 [http-nio-auto-15-exec-1] DEBUG o.s.c.c.CharSequenceEncoder - [45d408cb] Writing "974. foo bar"
12:31:23.320 [http-nio-auto-15-exec-1] DEBUG o.s.c.c.CharSequenceEncoder - [45d408cb] Writing "975. foo bar"
12:31:23.320 [http-nio-auto-15-exec-1] DEBUG o.s.c.c.CharSequenceEncoder - [45d408cb] Writing "976. foo bar"
12:31:23.320 [http-nio-auto-15-exec-1] DEBUG o.s.c.c.CharSequenceEncoder - [45d408cb] Writing "977. foo bar"
12:31:23.321 [http-nio-auto-15-exec-1] DEBUG o.s.c.c.CharSequenceEncoder - [45d408cb] Writing "978. foo bar"
12:31:23.321 [http-nio-auto-15-exec-1] DEBUG o.s.c.c.CharSequenceEncoder - [45d408cb] Writing "979. foo bar"
12:31:23.321 [http-nio-auto-15-exec-1] DEBUG o.s.c.c.CharSequenceEncoder - [45d408cb] Writing "980. foo bar"
12:31:23.321 [http-nio-auto-15-exec-1] DEBUG o.s.c.c.CharSequenceEncoder - [45d408cb] Writing "981. foo bar"
12:31:23.321 [http-nio-auto-15-exec-1] DEBUG o.s.c.c.CharSequenceEncoder - [45d408cb] Writing "982. foo bar"
12:31:23.321 [http-nio-auto-15-exec-1] DEBUG o.s.c.c.CharSequenceEncoder - [45d408cb] Writing "983. foo bar"
12:31:23.321 [http-nio-auto-15-exec-1] DEBUG o.s.c.c.CharSequenceEncoder - [45d408cb] Writing "984. foo bar"
12:31:23.321 [http-nio-auto-15-exec-1] DEBUG o.s.c.c.CharSequenceEncoder - [45d408cb] Writing "985. foo bar"
12:31:23.321 [http-nio-auto-15-exec-1] DEBUG o.s.c.c.CharSequenceEncoder - [45d408cb] Writing "986. foo bar"
12:31:23.321 [http-nio-auto-15-exec-1] DEBUG o.s.c.c.CharSequenceEncoder - [45d408cb] Writing "987. foo bar"
12:31:23.321 [http-nio-auto-15-exec-1] DEBUG o.s.c.c.CharSequenceEncoder - [45d408cb] Writing "988. foo bar"
12:31:23.321 [http-nio-auto-15-exec-1] DEBUG o.s.c.c.CharSequenceEncoder - [45d408cb] Writing "989. foo bar"
12:31:23.321 [http-nio-auto-15-exec-1] DEBUG o.s.c.c.CharSequenceEncoder - [45d408cb] Writing "990. foo bar"
12:31:23.321 [http-nio-auto-15-exec-1] DEBUG o.s.c.c.CharSequenceEncoder - [45d408cb] Writing "991. foo bar"
12:31:23.321 [http-nio-auto-15-exec-1] DEBUG o.s.c.c.CharSequenceEncoder - [45d408cb] Writing "992. foo bar"
12:31:23.321 [http-nio-auto-15-exec-1] DEBUG o.s.c.c.CharSequenceEncoder - [45d408cb] Writing "993. foo bar"
12:31:23.321 [http-nio-auto-15-exec-1] DEBUG o.s.c.c.CharSequenceEncoder - [45d408cb] Writing "994. foo bar"
12:31:23.321 [http-nio-auto-15-exec-1] DEBUG o.s.c.c.CharSequenceEncoder - [45d408cb] Writing "995. foo bar"
12:31:23.321 [http-nio-auto-15-exec-1] DEBUG o.s.c.c.CharSequenceEncoder - [45d408cb] Writing "996. foo bar"
12:31:23.321 [http-nio-auto-15-exec-1] DEBUG o.s.c.c.CharSequenceEncoder - [45d408cb] Writing "997. foo bar"
12:31:23.321 [http-nio-auto-15-exec-1] DEBUG o.s.c.c.CharSequenceEncoder - [45d408cb] Writing "998. foo bar"
12:31:23.321 [http-nio-auto-15-exec-1] DEBUG o.s.c.c.CharSequenceEncoder - [45d408cb] Writing "999. foo bar"
12:31:23.322 [http-nio-auto-15-exec-1] ERROR o.s.w.s.a.HttpWebHandlerAdapter - [45d408cb] Error [java.lang.RuntimeException: Random error] for HTTP GET "/SPR-16051", but ServerHttpResponse already committed (200 OK)
12:31:23.333 [http-nio-auto-15-exec-1] DEBUG o.s.h.s.r.ServletHttpHandlerAdapter - [45d408cb] Error notification: javax.servlet.ServletException: Failed to create response content
12:31:23.340 [Test worker] DEBUG o.s.w.t.h.s.r.b.TomcatHttpServer - Stopping TomcatHttpServer...
12:31:23.798 [Test worker] DEBUG o.s.w.t.h.s.r.b.TomcatHttpServer - Server stopped (0 millis).
12:31:24.713 [Test worker] DEBUG o.s.w.r.r.m.a.RequestMappingHandlerMapping - 6 mappings in 'requestMappingHandlerMapping'
12:31:25.407 [Test worker] DEBUG o.s.w.r.r.m.a.ControllerMethodResolver - ControllerAdvice beans: none
12:31:25.526 [Test worker] DEBUG o.s.w.s.a.HttpWebHandlerAdapter - enableLoggingRequestDetails='false': form data and headers will be masked to prevent unsafe logging of potentially sensitive data
12:31:25.528 [Test worker] DEBUG o.s.w.t.h.s.r.b.UndertowHttpServer - Starting UndertowHttpServer...
12:31:25.529 [Test worker] INFO  i.undertow - starting server: Undertow - 2.0.32.Final
12:31:25.552 [Test worker] DEBUG o.s.w.t.h.s.r.b.UndertowHttpServer - Server started on port 49657(0 millis).
12:31:25.552 [Test worker] DEBUG o.s.w.c.RestTemplate - HTTP GET http://localhost:49657/SPR-16051
12:31:25.552 [Test worker] DEBUG o.s.w.c.RestTemplate - Accept=[text/plain, application/json, application/x-jackson-smile, application/*+json, */*]
12:31:25.616 [XNIO-15 I/O-2] DEBUG o.s.w.s.a.HttpWebHandlerAdapter - [62e168b7] HTTP GET "/SPR-16051"
12:31:25.616 [XNIO-15 I/O-2] DEBUG o.s.w.r.r.m.a.RequestMappingHandlerMapping - [62e168b7] Mapped to org.springframework.web.reactive.result.method.annotation.RequestMappingExceptionHandlingIntegrationTests$TestController#errors()
12:31:25.617 [XNIO-15 I/O-2] DEBUG o.s.w.r.r.m.a.ResponseBodyResultHandler - Using 'text/plain;charset=UTF-8' given [text/plain, application/json, application/x-jackson-smile, application/*+json, */*] and supported [text/plain;charset=UTF-8, text/event-stream, text/plain;charset=UTF-8, */*]
12:31:25.617 [XNIO-15 I/O-2] DEBUG o.s.w.r.r.m.a.ResponseBodyResultHandler - [62e168b7] 0..N [java.lang.String]
12:31:25.618 [XNIO-15 I/O-2] DEBUG o.s.c.c.CharSequenceEncoder - [62e168b7] Writing "1. foo bar"
12:31:25.619 [XNIO-15 I/O-2] DEBUG o.s.c.c.CharSequenceEncoder - [62e168b7] Writing "2. foo bar"
12:31:25.619 [XNIO-15 I/O-2] DEBUG o.s.c.c.CharSequenceEncoder - [62e168b7] Writing "3. foo bar"
12:31:25.619 [XNIO-15 I/O-2] DEBUG o.s.c.c.CharSequenceEncoder - [62e168b7] Writing "4. foo bar"
12:31:25.619 [XNIO-15 I/O-2] DEBUG o.s.c.c.CharSequenceEncoder - [62e168b7] Writing "5. foo bar"
12:31:25.619 [XNIO-15 I/O-2] DEBUG o.s.c.c.CharSequenceEncoder - [62e168b7] Writing "6. foo bar"
12:31:25.620 [XNIO-15 I/O-2] DEBUG o.s.c.c.CharSequenceEncoder - [62e168b7] Writing "7. foo bar"
12:31:25.620 [XNIO-15 I/O-2] DEBUG o.s.c.c.CharSequenceEncoder - [62e168b7] Writing "8. foo bar"
12:31:25.620 [XNIO-15 I/O-2] DEBUG o.s.c.c.CharSequenceEncoder - [62e168b7] Writing "9. foo bar"
12:31:25.620 [XNIO-15 I/O-2] DEBUG o.s.c.c.CharSequenceEncoder - [62e168b7] Writing "10. foo bar"
12:31:25.621 [XNIO-15 I/O-2] DEBUG o.s.c.c.CharSequenceEncoder - [62e168b7] Writing "11. foo bar"
12:31:25.621 [XNIO-15 I/O-2] DEBUG o.s.c.c.CharSequenceEncoder - [62e168b7] Writing "12. foo bar"
12:31:25.621 [Test worker] DEBUG o.s.w.c.RestTemplate - Response 200 OK
12:31:25.621 [XNIO-15 I/O-2] DEBUG o.s.c.c.CharSequenceEncoder - [62e168b7] Writing "13. foo bar"
12:31:25.621 [Test worker] DEBUG o.s.w.c.RestTemplate - Reading to [java.lang.String] as "text/plain;charset=UTF-8"
12:31:25.621 [XNIO-15 I/O-2] DEBUG o.s.c.c.CharSequenceEncoder - [62e168b7] Writing "14. foo bar"
12:31:25.621 [XNIO-15 I/O-2] DEBUG o.s.c.c.CharSequenceEncoder - [62e168b7] Writing "15. foo bar"
12:31:25.621 [XNIO-15 I/O-2] DEBUG o.s.c.c.CharSequenceEncoder - [62e168b7] Writing "16. foo bar"
12:31:25.621 [XNIO-15 I/O-2] DEBUG o.s.c.c.CharSequenceEncoder - [62e168b7] Writing "17. foo bar"
12:31:25.622 [XNIO-15 I/O-2] DEBUG o.s.c.c.CharSequenceEncoder - [62e168b7] Writing "18. foo bar"
12:31:25.622 [XNIO-15 I/O-2] DEBUG o.s.c.c.CharSequenceEncoder - [62e168b7] Writing "19. foo bar"
12:31:25.622 [XNIO-15 I/O-2] DEBUG o.s.c.c.CharSequenceEncoder - [62e168b7] Writing "20. foo bar"
12:31:25.622 [XNIO-15 I/O-2] DEBUG o.s.c.c.CharSequenceEncoder - [62e168b7] Writing "21. foo bar"
12:31:25.622 [XNIO-15 I/O-2] DEBUG o.s.c.c.CharSequenceEncoder - [62e168b7] Writing "22. foo bar"
12:31:25.622 [XNIO-15 I/O-2] DEBUG o.s.c.c.CharSequenceEncoder - [62e168b7] Writing "23. foo bar"
12:31:25.622 [XNIO-15 I/O-2] DEBUG o.s.c.c.CharSequenceEncoder - [62e168b7] Writing "24. foo bar"
12:31:25.623 [XNIO-15 I/O-2] DEBUG o.s.c.c.CharSequenceEncoder - [62e168b7] Writing "25. foo bar"
12:31:25.623 [XNIO-15 I/O-2] DEBUG o.s.c.c.CharSequenceEncoder - [62e168b7] Writing "26. foo bar"
12:31:25.623 [XNIO-15 I/O-2] DEBUG o.s.c.c.CharSequenceEncoder - [62e168b7] Writing "27. foo bar"
12:31:25.623 [XNIO-15 I/O-2] DEBUG o.s.c.c.CharSequenceEncoder - [62e168b7] Writing "28. foo bar"
12:31:25.623 [XNIO-15 I/O-2] DEBUG o.s.c.c.CharSequenceEncoder - [62e168b7] Writing "29. foo bar"
12:31:25.623 [XNIO-15 I/O-2] DEBUG o.s.c.c.CharSequenceEncoder - [62e168b7] Writing "30. foo bar"
12:31:25.623 [XNIO-15 I/O-2] DEBUG o.s.c.c.CharSequenceEncoder - [62e168b7] Writing "31. foo bar"
12:31:25.624 [XNIO-15 I/O-2] DEBUG o.s.c.c.CharSequenceEncoder - [62e168b7] Writing "32. foo bar"
12:31:25.624 [XNIO-15 I/O-2] DEBUG o.s.c.c.CharSequenceEncoder - [62e168b7] Writing "33. foo bar"
12:31:25.624 [XNIO-15 I/O-2] DEBUG o.s.c.c.CharSequenceEncoder - [62e168b7] Writing "34. foo bar"
12:31:25.624 [XNIO-15 I/O-2] DEBUG o.s.c.c.CharSequenceEncoder - [62e168b7] Writing "35. foo bar"
12:31:25.624 [XNIO-15 I/O-2] DEBUG o.s.c.c.CharSequenceEncoder - [62e168b7] Writing "36. foo bar"
12:31:25.624 [XNIO-15 I/O-2] DEBUG o.s.c.c.CharSequenceEncoder - [62e168b7] Writing "37. foo bar"
12:31:25.624 [XNIO-15 I/O-2] DEBUG o.s.c.c.CharSequenceEncoder - [62e168b7] Writing "38. foo bar"
12:31:25.624 [XNIO-15 I/O-2] DEBUG o.s.c.c.CharSequenceEncoder - [62e168b7] Writing "39. foo bar"
12:31:25.625 [XNIO-15 I/O-2] DEBUG o.s.c.c.CharSequenceEncoder - [62e168b7] Writing "40. foo bar"
12:31:25.625 [XNIO-15 I/O-2] DEBUG o.s.c.c.CharSequenceEncoder - [62e168b7] Writing "41. foo bar"
12:31:25.625 [XNIO-15 I/O-2] DEBUG o.s.c.c.CharSequenceEncoder - [62e168b7] Writing "42. foo bar"
12:31:25.625 [XNIO-15 I/O-2] DEBUG o.s.c.c.CharSequenceEncoder - [62e168b7] Writing "43. foo bar"
12:31:25.625 [XNIO-15 I/O-2] DEBUG o.s.c.c.CharSequenceEncoder - [62e168b7] Writing "44. foo bar"
12:31:25.625 [XNIO-15 I/O-2] DEBUG o.s.c.c.CharSequenceEncoder - [62e168b7] Writing "45. foo bar"
12:31:25.625 [XNIO-15 I/O-2] DEBUG o.s.c.c.CharSequenceEncoder - [62e168b7] Writing "46. foo bar"
12:31:25.625 [XNIO-15 I/O-2] DEBUG o.s.c.c.CharSequenceEncoder - [62e168b7] Writing "47. foo bar"
12:31:25.626 [XNIO-15 I/O-2] DEBUG o.s.c.c.CharSequenceEncoder - [62e168b7] Writing "48. foo bar"
12:31:25.626 [XNIO-15 I/O-2] DEBUG o.s.c.c.CharSequenceEncoder - [62e168b7] Writing "49. foo bar"
12:31:25.626 [XNIO-15 I/O-2] DEBUG o.s.c.c.CharSequenceEncoder - [62e168b7] Writing "50. foo bar"
12:31:25.626 [XNIO-15 I/O-2] DEBUG o.s.c.c.CharSequenceEncoder - [62e168b7] Writing "51. foo bar"
12:31:25.626 [XNIO-15 I/O-2] DEBUG o.s.c.c.CharSequenceEncoder - [62e168b7] Writing "52. foo bar"
12:31:25.626 [XNIO-15 I/O-2] DEBUG o.s.c.c.CharSequenceEncoder - [62e168b7] Writing "53. foo bar"
12:31:25.626 [XNIO-15 I/O-2] DEBUG o.s.c.c.CharSequenceEncoder - [62e168b7] Writing "54. foo bar"
12:31:25.626 [XNIO-15 I/O-2] DEBUG o.s.c.c.CharSequenceEncoder - [62e168b7] Writing "55. foo bar"
12:31:25.627 [XNIO-15 I/O-2] DEBUG o.s.c.c.CharSequenceEncoder - [62e168b7] Writing "56. foo bar"
12:31:25.627 [XNIO-15 I/O-2] DEBUG o.s.c.c.CharSequenceEncoder - [62e168b7] Writing "57. foo bar"
12:31:25.627 [XNIO-15 I/O-2] DEBUG o.s.c.c.CharSequenceEncoder - [62e168b7] Writing "58. foo bar"
12:31:25.627 [XNIO-15 I/O-2] DEBUG o.s.c.c.CharSequenceEncoder - [62e168b7] Writing "59. foo bar"
12:31:25.627 [XNIO-15 I/O-2] DEBUG o.s.c.c.CharSequenceEncoder - [62e168b7] Writing "60. foo bar"
12:31:25.627 [XNIO-15 I/O-2] DEBUG o.s.c.c.CharSequenceEncoder - [62e168b7] Writing "61. foo bar"
12:31:25.627 [XNIO-15 I/O-2] DEBUG o.s.c.c.CharSequenceEncoder - [62e168b7] Writing "62. foo bar"
12:31:25.628 [XNIO-15 I/O-2] DEBUG o.s.c.c.CharSequenceEncoder - [62e168b7] Writing "63. foo bar"
12:31:25.628 [XNIO-15 I/O-2] DEBUG o.s.c.c.CharSequenceEncoder - [62e168b7] Writing "64. foo bar"
12:31:25.628 [XNIO-15 I/O-2] DEBUG o.s.c.c.CharSequenceEncoder - [62e168b7] Writing "65. foo bar"
12:31:25.628 [XNIO-15 I/O-2] DEBUG o.s.c.c.CharSequenceEncoder - [62e168b7] Writing "66. foo bar"
12:31:25.628 [XNIO-15 I/O-2] DEBUG o.s.c.c.CharSequenceEncoder - [62e168b7] Writing "67. foo bar"
12:31:25.629 [XNIO-15 I/O-2] DEBUG o.s.c.c.CharSequenceEncoder - [62e168b7] Writing "68. foo bar"
12:31:25.629 [XNIO-15 I/O-2] DEBUG o.s.c.c.CharSequenceEncoder - [62e168b7] Writing "69. foo bar"
12:31:25.629 [XNIO-15 I/O-2] DEBUG o.s.c.c.CharSequenceEncoder - [62e168b7] Writing "70. foo bar"
12:31:25.629 [XNIO-15 I/O-2] DEBUG o.s.c.c.CharSequenceEncoder - [62e168b7] Writing "71. foo bar"
12:31:25.629 [XNIO-15 I/O-2] DEBUG o.s.c.c.CharSequenceEncoder - [62e168b7] Writing "72. foo bar"
12:31:25.630 [XNIO-15 I/O-2] DEBUG o.s.c.c.CharSequenceEncoder - [62e168b7] Writing "73. foo bar"
12:31:25.631 [XNIO-15 I/O-2] DEBUG o.s.c.c.CharSequenceEncoder - [62e168b7] Writing "74. foo bar"
12:31:25.631 [XNIO-15 I/O-2] DEBUG o.s.c.c.CharSequenceEncoder - [62e168b7] Writing "75. foo bar"
12:31:25.631 [XNIO-15 I/O-2] DEBUG o.s.c.c.CharSequenceEncoder - [62e168b7] Writing "76. foo bar"
12:31:25.631 [XNIO-15 I/O-2] DEBUG o.s.c.c.CharSequenceEncoder - [62e168b7] Writing "77. foo bar"
12:31:25.631 [XNIO-15 I/O-2] DEBUG o.s.c.c.CharSequenceEncoder - [62e168b7] Writing "78. foo bar"
12:31:25.631 [XNIO-15 I/O-2] DEBUG o.s.c.c.CharSequenceEncoder - [62e168b7] Writing "79. foo bar"
12:31:25.631 [XNIO-15 I/O-2] DEBUG o.s.c.c.CharSequenceEncoder - [62e168b7] Writing "80. foo bar"
12:31:25.632 [XNIO-15 I/O-2] DEBUG o.s.c.c.CharSequenceEncoder - [62e168b7] Writing "81. foo bar"
12:31:25.632 [XNIO-15 I/O-2] DEBUG o.s.c.c.CharSequenceEncoder - [62e168b7] Writing "82. foo bar"
12:31:25.632 [XNIO-15 I/O-2] DEBUG o.s.c.c.CharSequenceEncoder - [62e168b7] Writing "83. foo bar"
12:31:25.632 [XNIO-15 I/O-2] DEBUG o.s.c.c.CharSequenceEncoder - [62e168b7] Writing "84. foo bar"
12:31:25.632 [XNIO-15 I/O-2] DEBUG o.s.c.c.CharSequenceEncoder - [62e168b7] Writing "85. foo bar"
12:31:25.632 [XNIO-15 I/O-2] DEBUG o.s.c.c.CharSequenceEncoder - [62e168b7] Writing "86. foo bar"
12:31:25.632 [XNIO-15 I/O-2] DEBUG o.s.c.c.CharSequenceEncoder - [62e168b7] Writing "87. foo bar"
12:31:25.632 [XNIO-15 I/O-2] DEBUG o.s.c.c.CharSequenceEncoder - [62e168b7] Writing "88. foo bar"
12:31:25.632 [XNIO-15 I/O-2] DEBUG o.s.c.c.CharSequenceEncoder - [62e168b7] Writing "89. foo bar"
12:31:25.633 [XNIO-15 I/O-2] DEBUG o.s.c.c.CharSequenceEncoder - [62e168b7] Writing "90. foo bar"
12:31:25.633 [XNIO-15 I/O-2] DEBUG o.s.c.c.CharSequenceEncoder - [62e168b7] Writing "91. foo bar"
12:31:25.633 [XNIO-15 I/O-2] DEBUG o.s.c.c.CharSequenceEncoder - [62e168b7] Writing "92. foo bar"
12:31:25.633 [XNIO-15 I/O-2] DEBUG o.s.c.c.CharSequenceEncoder - [62e168b7] Writing "93. foo bar"
12:31:25.633 [XNIO-15 I/O-2] DEBUG o.s.c.c.CharSequenceEncoder - [62e168b7] Writing "94. foo bar"
12:31:25.633 [XNIO-15 I/O-2] DEBUG o.s.c.c.CharSequenceEncoder - [62e168b7] Writing "95. foo bar"
12:31:25.633 [XNIO-15 I/O-2] DEBUG o.s.c.c.CharSequenceEncoder - [62e168b7] Writing "96. foo bar"
12:31:25.633 [XNIO-15 I/O-2] DEBUG o.s.c.c.CharSequenceEncoder - [62e168b7] Writing "97. foo bar"
12:31:25.633 [XNIO-15 I/O-2] DEBUG o.s.c.c.CharSequenceEncoder - [62e168b7] Writing "98. foo bar"
12:31:25.633 [XNIO-15 I/O-2] DEBUG o.s.c.c.CharSequenceEncoder - [62e168b7] Writing "99. foo bar"
12:31:25.634 [XNIO-15 I/O-2] DEBUG o.s.c.c.CharSequenceEncoder - [62e168b7] Writing "100. foo bar"
12:31:25.634 [XNIO-15 I/O-2] DEBUG o.s.c.c.CharSequenceEncoder - [62e168b7] Writing "101. foo bar"
12:31:25.634 [XNIO-15 I/O-2] DEBUG o.s.c.c.CharSequenceEncoder - [62e168b7] Writing "102. foo bar"
12:31:25.634 [XNIO-15 I/O-2] DEBUG o.s.c.c.CharSequenceEncoder - [62e168b7] Writing "103. foo bar"
12:31:25.634 [XNIO-15 I/O-2] DEBUG o.s.c.c.CharSequenceEncoder - [62e168b7] Writing "104. foo bar"
12:31:25.634 [XNIO-15 I/O-2] DEBUG o.s.c.c.CharSequenceEncoder - [62e168b7] Writing "105. foo bar"
12:31:25.634 [XNIO-15 I/O-2] DEBUG o.s.c.c.CharSequenceEncoder - [62e168b7] Writing "106. foo bar"
12:31:25.634 [XNIO-15 I/O-2] DEBUG o.s.c.c.CharSequenceEncoder - [62e168b7] Writing "107. foo bar"
12:31:25.635 [XNIO-15 I/O-2] DEBUG o.s.c.c.CharSequenceEncoder - [62e168b7] Writing "108. foo bar"
12:31:25.635 [XNIO-15 I/O-2] DEBUG o.s.c.c.CharSequenceEncoder - [62e168b7] Writing "109. foo bar"
12:31:25.635 [XNIO-15 I/O-2] DEBUG o.s.c.c.CharSequenceEncoder - [62e168b7] Writing "110. foo bar"
12:31:25.635 [XNIO-15 I/O-2] DEBUG o.s.c.c.CharSequenceEncoder - [62e168b7] Writing "111. foo bar"
12:31:25.635 [XNIO-15 I/O-2] DEBUG o.s.c.c.CharSequenceEncoder - [62e168b7] Writing "112. foo bar"
12:31:25.635 [XNIO-15 I/O-2] DEBUG o.s.c.c.CharSequenceEncoder - [62e168b7] Writing "113. foo bar"
12:31:25.635 [XNIO-15 I/O-2] DEBUG o.s.c.c.CharSequenceEncoder - [62e168b7] Writing "114. foo bar"
12:31:25.636 [XNIO-15 I/O-2] DEBUG o.s.c.c.CharSequenceEncoder - [62e168b7] Writing "115. foo bar"
12:31:25.636 [XNIO-15 I/O-2] DEBUG o.s.c.c.CharSequenceEncoder - [62e168b7] Writing "116. foo bar"
12:31:25.636 [XNIO-15 I/O-2] DEBUG o.s.c.c.CharSequenceEncoder - [62e168b7] Writing "117. foo bar"
12:31:25.636 [XNIO-15 I/O-2] DEBUG o.s.c.c.CharSequenceEncoder - [62e168b7] Writing "118. foo bar"
12:31:25.636 [XNIO-15 I/O-2] DEBUG o.s.c.c.CharSequenceEncoder - [62e168b7] Writing "119. foo bar"
12:31:25.636 [XNIO-15 I/O-2] DEBUG o.s.c.c.CharSequenceEncoder - [62e168b7] Writing "120. foo bar"
12:31:25.636 [XNIO-15 I/O-2] DEBUG o.s.c.c.CharSequenceEncoder - [62e168b7] Writing "121. foo bar"
12:31:25.636 [XNIO-15 I/O-2] DEBUG o.s.c.c.CharSequenceEncoder - [62e168b7] Writing "122. foo bar"
12:31:25.637 [XNIO-15 I/O-2] DEBUG o.s.c.c.CharSequenceEncoder - [62e168b7] Writing "123. foo bar"
12:31:25.637 [XNIO-15 I/O-2] DEBUG o.s.c.c.CharSequenceEncoder - [62e168b7] Writing "124. foo bar"
12:31:25.637 [XNIO-15 I/O-2] DEBUG o.s.c.c.CharSequenceEncoder - [62e168b7] Writing "125. foo bar"
12:31:25.637 [XNIO-15 I/O-2] DEBUG o.s.c.c.CharSequenceEncoder - [62e168b7] Writing "126. foo bar"
12:31:25.637 [XNIO-15 I/O-2] DEBUG o.s.c.c.CharSequenceEncoder - [62e168b7] Writing "127. foo bar"
12:31:25.637 [XNIO-15 I/O-2] DEBUG o.s.c.c.CharSequenceEncoder - [62e168b7] Writing "128. foo bar"
12:31:25.637 [XNIO-15 I/O-2] DEBUG o.s.c.c.CharSequenceEncoder - [62e168b7] Writing "129. foo bar"
12:31:25.637 [XNIO-15 I/O-2] DEBUG o.s.c.c.CharSequenceEncoder - [62e168b7] Writing "130. foo bar"
12:31:25.638 [XNIO-15 I/O-2] DEBUG o.s.c.c.CharSequenceEncoder - [62e168b7] Writing "131. foo bar"
12:31:25.638 [XNIO-15 I/O-2] DEBUG o.s.c.c.CharSequenceEncoder - [62e168b7] Writing "132. foo bar"
12:31:25.638 [XNIO-15 I/O-2] DEBUG o.s.c.c.CharSequenceEncoder - [62e168b7] Writing "133. foo bar"
12:31:25.638 [XNIO-15 I/O-2] DEBUG o.s.c.c.CharSequenceEncoder - [62e168b7] Writing "134. foo bar"
12:31:25.638 [XNIO-15 I/O-2] DEBUG o.s.c.c.CharSequenceEncoder - [62e168b7] Writing "135. foo bar"
12:31:25.638 [XNIO-15 I/O-2] DEBUG o.s.c.c.CharSequenceEncoder - [62e168b7] Writing "136. foo bar"
12:31:25.638 [XNIO-15 I/O-2] DEBUG o.s.c.c.CharSequenceEncoder - [62e168b7] Writing "137. foo bar"
12:31:25.638 [XNIO-15 I/O-2] DEBUG o.s.c.c.CharSequenceEncoder - [62e168b7] Writing "138. foo bar"
12:31:25.639 [XNIO-15 I/O-2] DEBUG o.s.c.c.CharSequenceEncoder - [62e168b7] Writing "139. foo bar"
12:31:25.639 [XNIO-15 I/O-2] DEBUG o.s.c.c.CharSequenceEncoder - [62e168b7] Writing "140. foo bar"
12:31:25.639 [XNIO-15 I/O-2] DEBUG o.s.c.c.CharSequenceEncoder - [62e168b7] Writing "141. foo bar"
12:31:25.639 [XNIO-15 I/O-2] DEBUG o.s.c.c.CharSequenceEncoder - [62e168b7] Writing "142. foo bar"
12:31:25.639 [XNIO-15 I/O-2] DEBUG o.s.c.c.CharSequenceEncoder - [62e168b7] Writing "143. foo bar"
12:31:25.639 [XNIO-15 I/O-2] DEBUG o.s.c.c.CharSequenceEncoder - [62e168b7] Writing "144. foo bar"
12:31:25.639 [XNIO-15 I/O-2] DEBUG o.s.c.c.CharSequenceEncoder - [62e168b7] Writing "145. foo bar"
12:31:25.639 [XNIO-15 I/O-2] DEBUG o.s.c.c.CharSequenceEncoder - [62e168b7] Writing "146. foo bar"
12:31:25.640 [XNIO-15 I/O-2] DEBUG o.s.c.c.CharSequenceEncoder - [62e168b7] Writing "147. foo bar"
12:31:25.640 [XNIO-15 I/O-2] DEBUG o.s.c.c.CharSequenceEncoder - [62e168b7] Writing "148. foo bar"
12:31:25.640 [XNIO-15 I/O-2] DEBUG o.s.c.c.CharSequenceEncoder - [62e168b7] Writing "149. foo bar"
12:31:25.640 [XNIO-15 I/O-2] DEBUG o.s.c.c.CharSequenceEncoder - [62e168b7] Writing "150. foo bar"
12:31:25.640 [XNIO-15 I/O-2] DEBUG o.s.c.c.CharSequenceEncoder - [62e168b7] Writing "151. foo bar"
12:31:25.640 [XNIO-15 I/O-2] DEBUG o.s.c.c.CharSequenceEncoder - [62e168b7] Writing "152. foo bar"
12:31:25.640 [XNIO-15 I/O-2] DEBUG o.s.c.c.CharSequenceEncoder - [62e168b7] Writing "153. foo bar"
12:31:25.640 [XNIO-15 I/O-2] DEBUG o.s.c.c.CharSequenceEncoder - [62e168b7] Writing "154. foo bar"
12:31:25.641 [XNIO-15 I/O-2] DEBUG o.s.c.c.CharSequenceEncoder - [62e168b7] Writing "155. foo bar"
12:31:25.641 [XNIO-15 I/O-2] DEBUG o.s.c.c.CharSequenceEncoder - [62e168b7] Writing "156. foo bar"
12:31:25.641 [XNIO-15 I/O-2] DEBUG o.s.c.c.CharSequenceEncoder - [62e168b7] Writing "157. foo bar"
12:31:25.641 [XNIO-15 I/O-2] DEBUG o.s.c.c.CharSequenceEncoder - [62e168b7] Writing "158. foo bar"
12:31:25.641 [XNIO-15 I/O-2] DEBUG o.s.c.c.CharSequenceEncoder - [62e168b7] Writing "159. foo bar"
12:31:25.641 [XNIO-15 I/O-2] DEBUG o.s.c.c.CharSequenceEncoder - [62e168b7] Writing "160. foo bar"
12:31:25.641 [XNIO-15 I/O-2] DEBUG o.s.c.c.CharSequenceEncoder - [62e168b7] Writing "161. foo bar"
12:31:25.641 [XNIO-15 I/O-2] DEBUG o.s.c.c.CharSequenceEncoder - [62e168b7] Writing "162. foo bar"
12:31:25.642 [XNIO-15 I/O-2] DEBUG o.s.c.c.CharSequenceEncoder - [62e168b7] Writing "163. foo bar"
12:31:25.642 [XNIO-15 I/O-2] DEBUG o.s.c.c.CharSequenceEncoder - [62e168b7] Writing "164. foo bar"
12:31:25.642 [XNIO-15 I/O-2] DEBUG o.s.c.c.CharSequenceEncoder - [62e168b7] Writing "165. foo bar"
12:31:25.642 [XNIO-15 I/O-2] DEBUG o.s.c.c.CharSequenceEncoder - [62e168b7] Writing "166. foo bar"
12:31:25.642 [XNIO-15 I/O-2] DEBUG o.s.c.c.CharSequenceEncoder - [62e168b7] Writing "167. foo bar"
12:31:25.642 [XNIO-15 I/O-2] DEBUG o.s.c.c.CharSequenceEncoder - [62e168b7] Writing "168. foo bar"
12:31:25.642 [XNIO-15 I/O-2] DEBUG o.s.c.c.CharSequenceEncoder - [62e168b7] Writing "169. foo bar"
12:31:25.642 [XNIO-15 I/O-2] DEBUG o.s.c.c.CharSequenceEncoder - [62e168b7] Writing "170. foo bar"
12:31:25.643 [XNIO-15 I/O-2] DEBUG o.s.c.c.CharSequenceEncoder - [62e168b7] Writing "171. foo bar"
12:31:25.643 [XNIO-15 I/O-2] DEBUG o.s.c.c.CharSequenceEncoder - [62e168b7] Writing "172. foo bar"
12:31:25.643 [XNIO-15 I/O-2] DEBUG o.s.c.c.CharSequenceEncoder - [62e168b7] Writing "173. foo bar"
12:31:25.643 [XNIO-15 I/O-2] DEBUG o.s.c.c.CharSequenceEncoder - [62e168b7] Writing "174. foo bar"
12:31:25.643 [XNIO-15 I/O-2] DEBUG o.s.c.c.CharSequenceEncoder - [62e168b7] Writing "175. foo bar"
12:31:25.643 [XNIO-15 I/O-2] DEBUG o.s.c.c.CharSequenceEncoder - [62e168b7] Writing "176. foo bar"
12:31:25.643 [XNIO-15 I/O-2] DEBUG o.s.c.c.CharSequenceEncoder - [62e168b7] Writing "177. foo bar"
12:31:25.644 [XNIO-15 I/O-2] DEBUG o.s.c.c.CharSequenceEncoder - [62e168b7] Writing "178. foo bar"
12:31:25.644 [XNIO-15 I/O-2] DEBUG o.s.c.c.CharSequenceEncoder - [62e168b7] Writing "179. foo bar"
12:31:25.644 [XNIO-15 I/O-2] DEBUG o.s.c.c.CharSequenceEncoder - [62e168b7] Writing "180. foo bar"
12:31:25.644 [XNIO-15 I/O-2] DEBUG o.s.c.c.CharSequenceEncoder - [62e168b7] Writing "181. foo bar"
12:31:25.644 [XNIO-15 I/O-2] DEBUG o.s.c.c.CharSequenceEncoder - [62e168b7] Writing "182. foo bar"
12:31:25.644 [XNIO-15 I/O-2] DEBUG o.s.c.c.CharSequenceEncoder - [62e168b7] Writing "183. foo bar"
12:31:25.644 [XNIO-15 I/O-2] DEBUG o.s.c.c.CharSequenceEncoder - [62e168b7] Writing "184. foo bar"
12:31:25.645 [XNIO-15 I/O-2] DEBUG o.s.c.c.CharSequenceEncoder - [62e168b7] Writing "185. foo bar"
12:31:25.645 [XNIO-15 I/O-2] DEBUG o.s.c.c.CharSequenceEncoder - [62e168b7] Writing "186. foo bar"
12:31:25.645 [XNIO-15 I/O-2] DEBUG o.s.c.c.CharSequenceEncoder - [62e168b7] Writing "187. foo bar"
12:31:25.645 [XNIO-15 I/O-2] DEBUG o.s.c.c.CharSequenceEncoder - [62e168b7] Writing "188. foo bar"
12:31:25.645 [XNIO-15 I/O-2] DEBUG o.s.c.c.CharSequenceEncoder - [62e168b7] Writing "189. foo bar"
12:31:25.645 [XNIO-15 I/O-2] DEBUG o.s.c.c.CharSequenceEncoder - [62e168b7] Writing "190. foo bar"
12:31:25.645 [XNIO-15 I/O-2] DEBUG o.s.c.c.CharSequenceEncoder - [62e168b7] Writing "191. foo bar"
12:31:25.645 [XNIO-15 I/O-2] DEBUG o.s.c.c.CharSequenceEncoder - [62e168b7] Writing "192. foo bar"
12:31:25.646 [XNIO-15 I/O-2] DEBUG o.s.c.c.CharSequenceEncoder - [62e168b7] Writing "193. foo bar"
12:31:25.646 [XNIO-15 I/O-2] DEBUG o.s.c.c.CharSequenceEncoder - [62e168b7] Writing "194. foo bar"
12:31:25.646 [XNIO-15 I/O-2] DEBUG o.s.c.c.CharSequenceEncoder - [62e168b7] Writing "195. foo bar"
12:31:25.646 [XNIO-15 I/O-2] DEBUG o.s.c.c.CharSequenceEncoder - [62e168b7] Writing "196. foo bar"
12:31:25.646 [XNIO-15 I/O-2] DEBUG o.s.c.c.CharSequenceEncoder - [62e168b7] Writing "197. foo bar"
12:31:25.646 [XNIO-15 I/O-2] DEBUG o.s.c.c.CharSequenceEncoder - [62e168b7] Writing "198. foo bar"
12:31:25.646 [XNIO-15 I/O-2] DEBUG o.s.c.c.CharSequenceEncoder - [62e168b7] Writing "199. foo bar"
12:31:25.646 [XNIO-15 I/O-2] DEBUG o.s.c.c.CharSequenceEncoder - [62e168b7] Writing "200. foo bar"
12:31:25.647 [XNIO-15 I/O-2] DEBUG o.s.c.c.CharSequenceEncoder - [62e168b7] Writing "201. foo bar"
12:31:25.647 [XNIO-15 I/O-2] DEBUG o.s.c.c.CharSequenceEncoder - [62e168b7] Writing "202. foo bar"
12:31:25.647 [XNIO-15 I/O-2] DEBUG o.s.c.c.CharSequenceEncoder - [62e168b7] Writing "203. foo bar"
12:31:25.647 [XNIO-15 I/O-2] DEBUG o.s.c.c.CharSequenceEncoder - [62e168b7] Writing "204. foo bar"
12:31:25.647 [XNIO-15 I/O-2] DEBUG o.s.c.c.CharSequenceEncoder - [62e168b7] Writing "205. foo bar"
12:31:25.647 [XNIO-15 I/O-2] DEBUG o.s.c.c.CharSequenceEncoder - [62e168b7] Writing "206. foo bar"
12:31:25.647 [XNIO-15 I/O-2] DEBUG o.s.c.c.CharSequenceEncoder - [62e168b7] Writing "207. foo bar"
12:31:25.647 [XNIO-15 I/O-2] DEBUG o.s.c.c.CharSequenceEncoder - [62e168b7] Writing "208. foo bar"
12:31:25.648 [XNIO-15 I/O-2] DEBUG o.s.c.c.CharSequenceEncoder - [62e168b7] Writing "209. foo bar"
12:31:25.648 [XNIO-15 I/O-2] DEBUG o.s.c.c.CharSequenceEncoder - [62e168b7] Writing "210. foo bar"
12:31:25.648 [XNIO-15 I/O-2] DEBUG o.s.c.c.CharSequenceEncoder - [62e168b7] Writing "211. foo bar"
12:31:25.648 [XNIO-15 I/O-2] DEBUG o.s.c.c.CharSequenceEncoder - [62e168b7] Writing "212. foo bar"
12:31:25.648 [XNIO-15 I/O-2] DEBUG o.s.c.c.CharSequenceEncoder - [62e168b7] Writing "213. foo bar"
12:31:25.648 [XNIO-15 I/O-2] DEBUG o.s.c.c.CharSequenceEncoder - [62e168b7] Writing "214. foo bar"
12:31:25.648 [XNIO-15 I/O-2] DEBUG o.s.c.c.CharSequenceEncoder - [62e168b7] Writing "215. foo bar"
12:31:25.657 [XNIO-15 I/O-2] DEBUG o.s.c.c.CharSequenceEncoder - [62e168b7] Writing "216. foo bar"
12:31:25.657 [XNIO-15 I/O-2] DEBUG o.s.c.c.CharSequenceEncoder - [62e168b7] Writing "217. foo bar"
12:31:25.657 [XNIO-15 I/O-2] DEBUG o.s.c.c.CharSequenceEncoder - [62e168b7] Writing "218. foo bar"
12:31:25.659 [XNIO-15 I/O-2] DEBUG o.s.c.c.CharSequenceEncoder - [62e168b7] Writing "219. foo bar"
12:31:25.659 [XNIO-15 I/O-2] DEBUG o.s.c.c.CharSequenceEncoder - [62e168b7] Writing "220. foo bar"
12:31:25.660 [XNIO-15 I/O-2] DEBUG o.s.c.c.CharSequenceEncoder - [62e168b7] Writing "221. foo bar"
12:31:25.660 [XNIO-15 I/O-2] DEBUG o.s.c.c.CharSequenceEncoder - [62e168b7] Writing "222. foo bar"
12:31:25.661 [XNIO-15 I/O-2] DEBUG o.s.c.c.CharSequenceEncoder - [62e168b7] Writing "223. foo bar"
12:31:25.661 [XNIO-15 I/O-2] DEBUG o.s.c.c.CharSequenceEncoder - [62e168b7] Writing "224. foo bar"
12:31:25.661 [XNIO-15 I/O-2] DEBUG o.s.c.c.CharSequenceEncoder - [62e168b7] Writing "225. foo bar"
12:31:25.661 [XNIO-15 I/O-2] DEBUG o.s.c.c.CharSequenceEncoder - [62e168b7] Writing "226. foo bar"
12:31:25.662 [XNIO-15 I/O-2] DEBUG o.s.c.c.CharSequenceEncoder - [62e168b7] Writing "227. foo bar"
12:31:25.662 [XNIO-15 I/O-2] DEBUG o.s.c.c.CharSequenceEncoder - [62e168b7] Writing "228. foo bar"
12:31:25.662 [XNIO-15 I/O-2] DEBUG o.s.c.c.CharSequenceEncoder - [62e168b7] Writing "229. foo bar"
12:31:25.663 [XNIO-15 I/O-2] DEBUG o.s.c.c.CharSequenceEncoder - [62e168b7] Writing "230. foo bar"
12:31:25.663 [XNIO-15 I/O-2] DEBUG o.s.c.c.CharSequenceEncoder - [62e168b7] Writing "231. foo bar"
12:31:25.664 [XNIO-15 I/O-2] DEBUG o.s.c.c.CharSequenceEncoder - [62e168b7] Writing "232. foo bar"
12:31:25.664 [XNIO-15 I/O-2] DEBUG o.s.c.c.CharSequenceEncoder - [62e168b7] Writing "233. foo bar"
12:31:25.669 [XNIO-15 I/O-2] DEBUG o.s.c.c.CharSequenceEncoder - [62e168b7] Writing "234. foo bar"
12:31:25.669 [XNIO-15 I/O-2] DEBUG o.s.c.c.CharSequenceEncoder - [62e168b7] Writing "235. foo bar"
12:31:25.670 [XNIO-15 I/O-2] DEBUG o.s.c.c.CharSequenceEncoder - [62e168b7] Writing "236. foo bar"
12:31:25.670 [XNIO-15 I/O-2] DEBUG o.s.c.c.CharSequenceEncoder - [62e168b7] Writing "237. foo bar"
12:31:25.670 [XNIO-15 I/O-2] DEBUG o.s.c.c.CharSequenceEncoder - [62e168b7] Writing "238. foo bar"
12:31:25.670 [XNIO-15 I/O-2] DEBUG o.s.c.c.CharSequenceEncoder - [62e168b7] Writing "239. foo bar"
12:31:25.670 [XNIO-15 I/O-2] DEBUG o.s.c.c.CharSequenceEncoder - [62e168b7] Writing "240. foo bar"
12:31:25.683 [XNIO-15 I/O-2] DEBUG o.s.c.c.CharSequenceEncoder - [62e168b7] Writing "241. foo bar"
12:31:25.683 [XNIO-15 I/O-2] DEBUG o.s.c.c.CharSequenceEncoder - [62e168b7] Writing "242. foo bar"
12:31:25.683 [XNIO-15 I/O-2] DEBUG o.s.c.c.CharSequenceEncoder - [62e168b7] Writing "243. foo bar"
12:31:25.684 [XNIO-15 I/O-2] DEBUG o.s.c.c.CharSequenceEncoder - [62e168b7] Writing "244. foo bar"
12:31:25.684 [XNIO-15 I/O-2] DEBUG o.s.c.c.CharSequenceEncoder - [62e168b7] Writing "245. foo bar"
12:31:25.684 [XNIO-15 I/O-2] DEBUG o.s.c.c.CharSequenceEncoder - [62e168b7] Writing "246. foo bar"
12:31:25.685 [XNIO-15 I/O-2] DEBUG o.s.c.c.CharSequenceEncoder - [62e168b7] Writing "247. foo bar"
12:31:25.685 [XNIO-15 I/O-2] DEBUG o.s.c.c.CharSequenceEncoder - [62e168b7] Writing "248. foo bar"
12:31:25.685 [XNIO-15 I/O-2] DEBUG o.s.c.c.CharSequenceEncoder - [62e168b7] Writing "249. foo bar"
12:31:25.686 [XNIO-15 I/O-2] DEBUG o.s.c.c.CharSequenceEncoder - [62e168b7] Writing "250. foo bar"
12:31:25.686 [XNIO-15 I/O-2] DEBUG o.s.c.c.CharSequenceEncoder - [62e168b7] Writing "251. foo bar"
12:31:25.686 [XNIO-15 I/O-2] DEBUG o.s.c.c.CharSequenceEncoder - [62e168b7] Writing "252. foo bar"
12:31:25.686 [XNIO-15 I/O-2] DEBUG o.s.c.c.CharSequenceEncoder - [62e168b7] Writing "253. foo bar"
12:31:25.686 [XNIO-15 I/O-2] DEBUG o.s.c.c.CharSequenceEncoder - [62e168b7] Writing "254. foo bar"
12:31:25.686 [XNIO-15 I/O-2] DEBUG o.s.c.c.CharSequenceEncoder - [62e168b7] Writing "255. foo bar"
12:31:25.687 [XNIO-15 I/O-2] DEBUG o.s.c.c.CharSequenceEncoder - [62e168b7] Writing "256. foo bar"
12:31:25.687 [XNIO-15 I/O-2] DEBUG o.s.c.c.CharSequenceEncoder - [62e168b7] Writing "257. foo bar"
12:31:25.687 [XNIO-15 I/O-2] DEBUG o.s.c.c.CharSequenceEncoder - [62e168b7] Writing "258. foo bar"
12:31:25.687 [XNIO-15 I/O-2] DEBUG o.s.c.c.CharSequenceEncoder - [62e168b7] Writing "259. foo bar"
12:31:25.688 [XNIO-15 I/O-2] DEBUG o.s.c.c.CharSequenceEncoder - [62e168b7] Writing "260. foo bar"
12:31:25.688 [XNIO-15 I/O-2] DEBUG o.s.c.c.CharSequenceEncoder - [62e168b7] Writing "261. foo bar"
12:31:25.688 [XNIO-15 I/O-2] DEBUG o.s.c.c.CharSequenceEncoder - [62e168b7] Writing "262. foo bar"
12:31:25.688 [XNIO-15 I/O-2] DEBUG o.s.c.c.CharSequenceEncoder - [62e168b7] Writing "263. foo bar"
12:31:25.688 [XNIO-15 I/O-2] DEBUG o.s.c.c.CharSequenceEncoder - [62e168b7] Writing "264. foo bar"
12:31:25.688 [XNIO-15 I/O-2] DEBUG o.s.c.c.CharSequenceEncoder - [62e168b7] Writing "265. foo bar"
12:31:25.689 [XNIO-15 I/O-2] DEBUG o.s.c.c.CharSequenceEncoder - [62e168b7] Writing "266. foo bar"
12:31:25.689 [XNIO-15 I/O-2] DEBUG o.s.c.c.CharSequenceEncoder - [62e168b7] Writing "267. foo bar"
12:31:25.689 [XNIO-15 I/O-2] DEBUG o.s.c.c.CharSequenceEncoder - [62e168b7] Writing "268. foo bar"
12:31:25.689 [XNIO-15 I/O-2] DEBUG o.s.c.c.CharSequenceEncoder - [62e168b7] Writing "269. foo bar"
12:31:25.689 [XNIO-15 I/O-2] DEBUG o.s.c.c.CharSequenceEncoder - [62e168b7] Writing "270. foo bar"
12:31:25.690 [XNIO-15 I/O-2] DEBUG o.s.c.c.CharSequenceEncoder - [62e168b7] Writing "271. foo bar"
12:31:25.690 [XNIO-15 I/O-2] DEBUG o.s.c.c.CharSequenceEncoder - [62e168b7] Writing "272. foo bar"
12:31:25.690 [XNIO-15 I/O-2] DEBUG o.s.c.c.CharSequenceEncoder - [62e168b7] Writing "273. foo bar"
12:31:25.690 [XNIO-15 I/O-2] DEBUG o.s.c.c.CharSequenceEncoder - [62e168b7] Writing "274. foo bar"
12:31:25.690 [XNIO-15 I/O-2] DEBUG o.s.c.c.CharSequenceEncoder - [62e168b7] Writing "275. foo bar"
12:31:25.690 [XNIO-15 I/O-2] DEBUG o.s.c.c.CharSequenceEncoder - [62e168b7] Writing "276. foo bar"
12:31:25.691 [XNIO-15 I/O-2] DEBUG o.s.c.c.CharSequenceEncoder - [62e168b7] Writing "277. foo bar"
12:31:25.691 [XNIO-15 I/O-2] DEBUG o.s.c.c.CharSequenceEncoder - [62e168b7] Writing "278. foo bar"
12:31:25.691 [XNIO-15 I/O-2] DEBUG o.s.c.c.CharSequenceEncoder - [62e168b7] Writing "279. foo bar"
12:31:25.691 [XNIO-15 I/O-2] DEBUG o.s.c.c.CharSequenceEncoder - [62e168b7] Writing "280. foo bar"
12:31:25.692 [XNIO-15 I/O-2] DEBUG o.s.c.c.CharSequenceEncoder - [62e168b7] Writing "281. foo bar"
12:31:25.692 [XNIO-15 I/O-2] DEBUG o.s.c.c.CharSequenceEncoder - [62e168b7] Writing "282. foo bar"
12:31:25.692 [XNIO-15 I/O-2] DEBUG o.s.c.c.CharSequenceEncoder - [62e168b7] Writing "283. foo bar"
12:31:25.692 [XNIO-15 I/O-2] DEBUG o.s.c.c.CharSequenceEncoder - [62e168b7] Writing "284. foo bar"
12:31:25.692 [XNIO-15 I/O-2] DEBUG o.s.c.c.CharSequenceEncoder - [62e168b7] Writing "285. foo bar"
12:31:25.692 [XNIO-15 I/O-2] DEBUG o.s.c.c.CharSequenceEncoder - [62e168b7] Writing "286. foo bar"
12:31:25.693 [XNIO-15 I/O-2] DEBUG o.s.c.c.CharSequenceEncoder - [62e168b7] Writing "287. foo bar"
12:31:25.693 [XNIO-15 I/O-2] DEBUG o.s.c.c.CharSequenceEncoder - [62e168b7] Writing "288. foo bar"
12:31:25.693 [XNIO-15 I/O-2] DEBUG o.s.c.c.CharSequenceEncoder - [62e168b7] Writing "289. foo bar"
12:31:25.699 [XNIO-15 I/O-2] DEBUG o.s.c.c.CharSequenceEncoder - [62e168b7] Writing "290. foo bar"
12:31:25.699 [XNIO-15 I/O-2] DEBUG o.s.c.c.CharSequenceEncoder - [62e168b7] Writing "291. foo bar"
12:31:25.700 [XNIO-15 I/O-2] DEBUG o.s.c.c.CharSequenceEncoder - [62e168b7] Writing "292. foo bar"
12:31:25.700 [XNIO-15 I/O-2] DEBUG o.s.c.c.CharSequenceEncoder - [62e168b7] Writing "293. foo bar"
12:31:25.700 [XNIO-15 I/O-2] DEBUG o.s.c.c.CharSequenceEncoder - [62e168b7] Writing "294. foo bar"
12:31:25.700 [XNIO-15 I/O-2] DEBUG o.s.c.c.CharSequenceEncoder - [62e168b7] Writing "295. foo bar"
12:31:25.700 [XNIO-15 I/O-2] DEBUG o.s.c.c.CharSequenceEncoder - [62e168b7] Writing "296. foo bar"
12:31:25.701 [XNIO-15 I/O-2] DEBUG o.s.c.c.CharSequenceEncoder - [62e168b7] Writing "297. foo bar"
12:31:25.701 [XNIO-15 I/O-2] DEBUG o.s.c.c.CharSequenceEncoder - [62e168b7] Writing "298. foo bar"
12:31:25.701 [XNIO-15 I/O-2] DEBUG o.s.c.c.CharSequenceEncoder - [62e168b7] Writing "299. foo bar"
12:31:25.701 [XNIO-15 I/O-2] DEBUG o.s.c.c.CharSequenceEncoder - [62e168b7] Writing "300. foo bar"
12:31:25.701 [XNIO-15 I/O-2] DEBUG o.s.c.c.CharSequenceEncoder - [62e168b7] Writing "301. foo bar"
12:31:25.701 [XNIO-15 I/O-2] DEBUG o.s.c.c.CharSequenceEncoder - [62e168b7] Writing "302. foo bar"
12:31:25.701 [XNIO-15 I/O-2] DEBUG o.s.c.c.CharSequenceEncoder - [62e168b7] Writing "303. foo bar"
12:31:25.702 [XNIO-15 I/O-2] DEBUG o.s.c.c.CharSequenceEncoder - [62e168b7] Writing "304. foo bar"
12:31:25.702 [XNIO-15 I/O-2] DEBUG o.s.c.c.CharSequenceEncoder - [62e168b7] Writing "305. foo bar"
12:31:25.702 [XNIO-15 I/O-2] DEBUG o.s.c.c.CharSequenceEncoder - [62e168b7] Writing "306. foo bar"
12:31:25.702 [XNIO-15 I/O-2] DEBUG o.s.c.c.CharSequenceEncoder - [62e168b7] Writing "307. foo bar"
12:31:25.702 [XNIO-15 I/O-2] DEBUG o.s.c.c.CharSequenceEncoder - [62e168b7] Writing "308. foo bar"
12:31:25.702 [XNIO-15 I/O-2] DEBUG o.s.c.c.CharSequenceEncoder - [62e168b7] Writing "309. foo bar"
12:31:25.703 [XNIO-15 I/O-2] DEBUG o.s.c.c.CharSequenceEncoder - [62e168b7] Writing "310. foo bar"
12:31:25.703 [XNIO-15 I/O-2] DEBUG o.s.c.c.CharSequenceEncoder - [62e168b7] Writing "311. foo bar"
12:31:25.703 [XNIO-15 I/O-2] DEBUG o.s.c.c.CharSequenceEncoder - [62e168b7] Writing "312. foo bar"
12:31:25.703 [XNIO-15 I/O-2] DEBUG o.s.c.c.CharSequenceEncoder - [62e168b7] Writing "313. foo bar"
12:31:25.703 [XNIO-15 I/O-2] DEBUG o.s.c.c.CharSequenceEncoder - [62e168b7] Writing "314. foo bar"
12:31:25.704 [XNIO-15 I/O-2] DEBUG o.s.c.c.CharSequenceEncoder - [62e168b7] Writing "315. foo bar"
12:31:25.704 [XNIO-15 I/O-2] DEBUG o.s.c.c.CharSequenceEncoder - [62e168b7] Writing "316. foo bar"
12:31:25.704 [XNIO-15 I/O-2] DEBUG o.s.c.c.CharSequenceEncoder - [62e168b7] Writing "317. foo bar"
12:31:25.704 [XNIO-15 I/O-2] DEBUG o.s.c.c.CharSequenceEncoder - [62e168b7] Writing "318. foo bar"
12:31:25.704 [XNIO-15 I/O-2] DEBUG o.s.c.c.CharSequenceEncoder - [62e168b7] Writing "319. foo bar"
12:31:25.705 [XNIO-15 I/O-2] DEBUG o.s.c.c.CharSequenceEncoder - [62e168b7] Writing "320. foo bar"
12:31:25.705 [XNIO-15 I/O-2] DEBUG o.s.c.c.CharSequenceEncoder - [62e168b7] Writing "321. foo bar"
12:31:25.705 [XNIO-15 I/O-2] DEBUG o.s.c.c.CharSequenceEncoder - [62e168b7] Writing "322. foo bar"
12:31:25.705 [XNIO-15 I/O-2] DEBUG o.s.c.c.CharSequenceEncoder - [62e168b7] Writing "323. foo bar"
12:31:25.706 [XNIO-15 I/O-2] DEBUG o.s.c.c.CharSequenceEncoder - [62e168b7] Writing "324. foo bar"
12:31:25.706 [XNIO-15 I/O-2] DEBUG o.s.c.c.CharSequenceEncoder - [62e168b7] Writing "325. foo bar"
12:31:25.706 [XNIO-15 I/O-2] DEBUG o.s.c.c.CharSequenceEncoder - [62e168b7] Writing "326. foo bar"
12:31:25.706 [XNIO-15 I/O-2] DEBUG o.s.c.c.CharSequenceEncoder - [62e168b7] Writing "327. foo bar"
12:31:25.706 [XNIO-15 I/O-2] DEBUG o.s.c.c.CharSequenceEncoder - [62e168b7] Writing "328. foo bar"
12:31:25.706 [XNIO-15 I/O-2] DEBUG o.s.c.c.CharSequenceEncoder - [62e168b7] Writing "329. foo bar"
12:31:25.706 [XNIO-15 I/O-2] DEBUG o.s.c.c.CharSequenceEncoder - [62e168b7] Writing "330. foo bar"
12:31:25.707 [XNIO-15 I/O-2] DEBUG o.s.c.c.CharSequenceEncoder - [62e168b7] Writing "331. foo bar"
12:31:25.707 [XNIO-15 I/O-2] DEBUG o.s.c.c.CharSequenceEncoder - [62e168b7] Writing "332. foo bar"
12:31:25.707 [XNIO-15 I/O-2] DEBUG o.s.c.c.CharSequenceEncoder - [62e168b7] Writing "333. foo bar"
12:31:25.707 [XNIO-15 I/O-2] DEBUG o.s.c.c.CharSequenceEncoder - [62e168b7] Writing "334. foo bar"
12:31:25.707 [XNIO-15 I/O-2] DEBUG o.s.c.c.CharSequenceEncoder - [62e168b7] Writing "335. foo bar"
12:31:25.708 [XNIO-15 I/O-2] DEBUG o.s.c.c.CharSequenceEncoder - [62e168b7] Writing "336. foo bar"
12:31:25.708 [XNIO-15 I/O-2] DEBUG o.s.c.c.CharSequenceEncoder - [62e168b7] Writing "337. foo bar"
12:31:25.708 [XNIO-15 I/O-2] DEBUG o.s.c.c.CharSequenceEncoder - [62e168b7] Writing "338. foo bar"
12:31:25.709 [XNIO-15 I/O-2] DEBUG o.s.c.c.CharSequenceEncoder - [62e168b7] Writing "339. foo bar"
12:31:25.709 [XNIO-15 I/O-2] DEBUG o.s.c.c.CharSequenceEncoder - [62e168b7] Writing "340. foo bar"
12:31:25.709 [XNIO-15 I/O-2] DEBUG o.s.c.c.CharSequenceEncoder - [62e168b7] Writing "341. foo bar"
12:31:25.709 [XNIO-15 I/O-2] DEBUG o.s.c.c.CharSequenceEncoder - [62e168b7] Writing "342. foo bar"
12:31:25.709 [XNIO-15 I/O-2] DEBUG o.s.c.c.CharSequenceEncoder - [62e168b7] Writing "343. foo bar"
12:31:25.709 [XNIO-15 I/O-2] DEBUG o.s.c.c.CharSequenceEncoder - [62e168b7] Writing "344. foo bar"
12:31:25.709 [XNIO-15 I/O-2] DEBUG o.s.c.c.CharSequenceEncoder - [62e168b7] Writing "345. foo bar"
12:31:25.710 [XNIO-15 I/O-2] DEBUG o.s.c.c.CharSequenceEncoder - [62e168b7] Writing "346. foo bar"
12:31:25.710 [XNIO-15 I/O-2] DEBUG o.s.c.c.CharSequenceEncoder - [62e168b7] Writing "347. foo bar"
12:31:25.710 [XNIO-15 I/O-2] DEBUG o.s.c.c.CharSequenceEncoder - [62e168b7] Writing "348. foo bar"
12:31:25.710 [XNIO-15 I/O-2] DEBUG o.s.c.c.CharSequenceEncoder - [62e168b7] Writing "349. foo bar"
12:31:25.710 [XNIO-15 I/O-2] DEBUG o.s.c.c.CharSequenceEncoder - [62e168b7] Writing "350. foo bar"
12:31:25.710 [XNIO-15 I/O-2] DEBUG o.s.c.c.CharSequenceEncoder - [62e168b7] Writing "351. foo bar"
12:31:25.711 [XNIO-15 I/O-2] DEBUG o.s.c.c.CharSequenceEncoder - [62e168b7] Writing "352. foo bar"
12:31:25.711 [XNIO-15 I/O-2] DEBUG o.s.c.c.CharSequenceEncoder - [62e168b7] Writing "353. foo bar"
12:31:25.711 [XNIO-15 I/O-2] DEBUG o.s.c.c.CharSequenceEncoder - [62e168b7] Writing "354. foo bar"
12:31:25.711 [XNIO-15 I/O-2] DEBUG o.s.c.c.CharSequenceEncoder - [62e168b7] Writing "355. foo bar"
12:31:25.711 [XNIO-15 I/O-2] DEBUG o.s.c.c.CharSequenceEncoder - [62e168b7] Writing "356. foo bar"
12:31:25.711 [XNIO-15 I/O-2] DEBUG o.s.c.c.CharSequenceEncoder - [62e168b7] Writing "357. foo bar"
12:31:25.711 [XNIO-15 I/O-2] DEBUG o.s.c.c.CharSequenceEncoder - [62e168b7] Writing "358. foo bar"
12:31:25.712 [XNIO-15 I/O-2] DEBUG o.s.c.c.CharSequenceEncoder - [62e168b7] Writing "359. foo bar"
12:31:25.712 [XNIO-15 I/O-2] DEBUG o.s.c.c.CharSequenceEncoder - [62e168b7] Writing "360. foo bar"
12:31:25.712 [XNIO-15 I/O-2] DEBUG o.s.c.c.CharSequenceEncoder - [62e168b7] Writing "361. foo bar"
12:31:25.712 [XNIO-15 I/O-2] DEBUG o.s.c.c.CharSequenceEncoder - [62e168b7] Writing "362. foo bar"
12:31:25.712 [XNIO-15 I/O-2] DEBUG o.s.c.c.CharSequenceEncoder - [62e168b7] Writing "363. foo bar"
12:31:25.713 [XNIO-15 I/O-2] DEBUG o.s.c.c.CharSequenceEncoder - [62e168b7] Writing "364. foo bar"
12:31:25.713 [XNIO-15 I/O-2] DEBUG o.s.c.c.CharSequenceEncoder - [62e168b7] Writing "365. foo bar"
12:31:25.713 [XNIO-15 I/O-2] DEBUG o.s.c.c.CharSequenceEncoder - [62e168b7] Writing "366. foo bar"
12:31:25.713 [XNIO-15 I/O-2] DEBUG o.s.c.c.CharSequenceEncoder - [62e168b7] Writing "367. foo bar"
12:31:25.715 [XNIO-15 I/O-2] DEBUG o.s.c.c.CharSequenceEncoder - [62e168b7] Writing "368. foo bar"
12:31:25.715 [XNIO-15 I/O-2] DEBUG o.s.c.c.CharSequenceEncoder - [62e168b7] Writing "369. foo bar"
12:31:25.716 [XNIO-15 I/O-2] DEBUG o.s.c.c.CharSequenceEncoder - [62e168b7] Writing "370. foo bar"
12:31:25.716 [XNIO-15 I/O-2] DEBUG o.s.c.c.CharSequenceEncoder - [62e168b7] Writing "371. foo bar"
12:31:25.716 [XNIO-15 I/O-2] DEBUG o.s.c.c.CharSequenceEncoder - [62e168b7] Writing "372. foo bar"
12:31:25.716 [XNIO-15 I/O-2] DEBUG o.s.c.c.CharSequenceEncoder - [62e168b7] Writing "373. foo bar"
12:31:25.717 [XNIO-15 I/O-2] DEBUG o.s.c.c.CharSequenceEncoder - [62e168b7] Writing "374. foo bar"
12:31:25.717 [XNIO-15 I/O-2] DEBUG o.s.c.c.CharSequenceEncoder - [62e168b7] Writing "375. foo bar"
12:31:25.717 [XNIO-15 I/O-2] DEBUG o.s.c.c.CharSequenceEncoder - [62e168b7] Writing "376. foo bar"
12:31:25.717 [XNIO-15 I/O-2] DEBUG o.s.c.c.CharSequenceEncoder - [62e168b7] Writing "377. foo bar"
12:31:25.718 [XNIO-15 I/O-2] DEBUG o.s.c.c.CharSequenceEncoder - [62e168b7] Writing "378. foo bar"
12:31:25.718 [XNIO-15 I/O-2] DEBUG o.s.c.c.CharSequenceEncoder - [62e168b7] Writing "379. foo bar"
12:31:25.718 [XNIO-15 I/O-2] DEBUG o.s.c.c.CharSequenceEncoder - [62e168b7] Writing "380. foo bar"
12:31:25.718 [XNIO-15 I/O-2] DEBUG o.s.c.c.CharSequenceEncoder - [62e168b7] Writing "381. foo bar"
12:31:25.718 [XNIO-15 I/O-2] DEBUG o.s.c.c.CharSequenceEncoder - [62e168b7] Writing "382. foo bar"
12:31:25.719 [XNIO-15 I/O-2] DEBUG o.s.c.c.CharSequenceEncoder - [62e168b7] Writing "383. foo bar"
12:31:25.719 [XNIO-15 I/O-2] DEBUG o.s.c.c.CharSequenceEncoder - [62e168b7] Writing "384. foo bar"
12:31:25.719 [XNIO-15 I/O-2] DEBUG o.s.c.c.CharSequenceEncoder - [62e168b7] Writing "385. foo bar"
12:31:25.719 [XNIO-15 I/O-2] DEBUG o.s.c.c.CharSequenceEncoder - [62e168b7] Writing "386. foo bar"
12:31:25.719 [XNIO-15 I/O-2] DEBUG o.s.c.c.CharSequenceEncoder - [62e168b7] Writing "387. foo bar"
12:31:25.719 [XNIO-15 I/O-2] DEBUG o.s.c.c.CharSequenceEncoder - [62e168b7] Writing "388. foo bar"
12:31:25.719 [XNIO-15 I/O-2] DEBUG o.s.c.c.CharSequenceEncoder - [62e168b7] Writing "389. foo bar"
12:31:25.721 [XNIO-15 I/O-2] DEBUG o.s.c.c.CharSequenceEncoder - [62e168b7] Writing "390. foo bar"
12:31:25.722 [XNIO-15 I/O-2] DEBUG o.s.c.c.CharSequenceEncoder - [62e168b7] Writing "391. foo bar"
12:31:25.722 [XNIO-15 I/O-2] DEBUG o.s.c.c.CharSequenceEncoder - [62e168b7] Writing "392. foo bar"
12:31:25.723 [XNIO-15 I/O-2] DEBUG o.s.c.c.CharSequenceEncoder - [62e168b7] Writing "393. foo bar"
12:31:25.723 [XNIO-15 I/O-2] DEBUG o.s.c.c.CharSequenceEncoder - [62e168b7] Writing "394. foo bar"
12:31:25.723 [XNIO-15 I/O-2] DEBUG o.s.c.c.CharSequenceEncoder - [62e168b7] Writing "395. foo bar"
12:31:25.723 [XNIO-15 I/O-2] DEBUG o.s.c.c.CharSequenceEncoder - [62e168b7] Writing "396. foo bar"
12:31:25.723 [XNIO-15 I/O-2] DEBUG o.s.c.c.CharSequenceEncoder - [62e168b7] Writing "397. foo bar"
12:31:25.723 [XNIO-15 I/O-2] DEBUG o.s.c.c.CharSequenceEncoder - [62e168b7] Writing "398. foo bar"
12:31:25.723 [XNIO-15 I/O-2] DEBUG o.s.c.c.CharSequenceEncoder - [62e168b7] Writing "399. foo bar"
12:31:25.725 [XNIO-15 I/O-2] DEBUG o.s.c.c.CharSequenceEncoder - [62e168b7] Writing "400. foo bar"
12:31:25.725 [XNIO-15 I/O-2] DEBUG o.s.c.c.CharSequenceEncoder - [62e168b7] Writing "401. foo bar"
12:31:25.725 [XNIO-15 I/O-2] DEBUG o.s.c.c.CharSequenceEncoder - [62e168b7] Writing "402. foo bar"
12:31:25.726 [XNIO-15 I/O-2] DEBUG o.s.c.c.CharSequenceEncoder - [62e168b7] Writing "403. foo bar"
12:31:25.726 [XNIO-15 I/O-2] DEBUG o.s.c.c.CharSequenceEncoder - [62e168b7] Writing "404. foo bar"
12:31:25.726 [XNIO-15 I/O-2] DEBUG o.s.c.c.CharSequenceEncoder - [62e168b7] Writing "405. foo bar"
12:31:25.726 [XNIO-15 I/O-2] DEBUG o.s.c.c.CharSequenceEncoder - [62e168b7] Writing "406. foo bar"
12:31:25.726 [XNIO-15 I/O-2] DEBUG o.s.c.c.CharSequenceEncoder - [62e168b7] Writing "407. foo bar"
12:31:25.726 [XNIO-15 I/O-2] DEBUG o.s.c.c.CharSequenceEncoder - [62e168b7] Writing "408. foo bar"
12:31:25.727 [XNIO-15 I/O-2] DEBUG o.s.c.c.CharSequenceEncoder - [62e168b7] Writing "409. foo bar"
12:31:25.727 [XNIO-15 I/O-2] DEBUG o.s.c.c.CharSequenceEncoder - [62e168b7] Writing "410. foo bar"
12:31:25.727 [XNIO-15 I/O-2] DEBUG o.s.c.c.CharSequenceEncoder - [62e168b7] Writing "411. foo bar"
12:31:25.761 [XNIO-15 I/O-2] DEBUG o.s.c.c.CharSequenceEncoder - [62e168b7] Writing "412. foo bar"
12:31:25.761 [XNIO-15 I/O-2] DEBUG o.s.c.c.CharSequenceEncoder - [62e168b7] Writing "413. foo bar"
12:31:25.762 [XNIO-15 I/O-2] DEBUG o.s.c.c.CharSequenceEncoder - [62e168b7] Writing "414. foo bar"
12:31:25.762 [XNIO-15 I/O-2] DEBUG o.s.c.c.CharSequenceEncoder - [62e168b7] Writing "415. foo bar"
12:31:25.762 [XNIO-15 I/O-2] DEBUG o.s.c.c.CharSequenceEncoder - [62e168b7] Writing "416. foo bar"
12:31:25.764 [XNIO-15 I/O-2] DEBUG o.s.c.c.CharSequenceEncoder - [62e168b7] Writing "417. foo bar"
12:31:25.764 [XNIO-15 I/O-2] DEBUG o.s.c.c.CharSequenceEncoder - [62e168b7] Writing "418. foo bar"
12:31:25.764 [XNIO-15 I/O-2] DEBUG o.s.c.c.CharSequenceEncoder - [62e168b7] Writing "419. foo bar"
12:31:25.765 [XNIO-15 I/O-2] DEBUG o.s.c.c.CharSequenceEncoder - [62e168b7] Writing "420. foo bar"
12:31:25.765 [XNIO-15 I/O-2] DEBUG o.s.c.c.CharSequenceEncoder - [62e168b7] Writing "421. foo bar"
12:31:25.766 [XNIO-15 I/O-2] DEBUG o.s.c.c.CharSequenceEncoder - [62e168b7] Writing "422. foo bar"
12:31:25.766 [XNIO-15 I/O-2] DEBUG o.s.c.c.CharSequenceEncoder - [62e168b7] Writing "423. foo bar"
12:31:25.766 [XNIO-15 I/O-2] DEBUG o.s.c.c.CharSequenceEncoder - [62e168b7] Writing "424. foo bar"
12:31:25.767 [XNIO-15 I/O-2] DEBUG o.s.c.c.CharSequenceEncoder - [62e168b7] Writing "425. foo bar"
12:31:25.767 [XNIO-15 I/O-2] DEBUG o.s.c.c.CharSequenceEncoder - [62e168b7] Writing "426. foo bar"
12:31:25.767 [XNIO-15 I/O-2] DEBUG o.s.c.c.CharSequenceEncoder - [62e168b7] Writing "427. foo bar"
12:31:25.768 [XNIO-15 I/O-2] DEBUG o.s.c.c.CharSequenceEncoder - [62e168b7] Writing "428. foo bar"
12:31:25.768 [XNIO-15 I/O-2] DEBUG o.s.c.c.CharSequenceEncoder - [62e168b7] Writing "429. foo bar"
12:31:25.768 [XNIO-15 I/O-2] DEBUG o.s.c.c.CharSequenceEncoder - [62e168b7] Writing "430. foo bar"
12:31:25.769 [XNIO-15 I/O-2] DEBUG o.s.c.c.CharSequenceEncoder - [62e168b7] Writing "431. foo bar"
12:31:25.769 [XNIO-15 I/O-2] DEBUG o.s.c.c.CharSequenceEncoder - [62e168b7] Writing "432. foo bar"
12:31:25.770 [XNIO-15 I/O-2] DEBUG o.s.c.c.CharSequenceEncoder - [62e168b7] Writing "433. foo bar"
12:31:25.770 [XNIO-15 I/O-2] DEBUG o.s.c.c.CharSequenceEncoder - [62e168b7] Writing "434. foo bar"
12:31:25.770 [XNIO-15 I/O-2] DEBUG o.s.c.c.CharSequenceEncoder - [62e168b7] Writing "435. foo bar"
12:31:25.770 [XNIO-15 I/O-2] DEBUG o.s.c.c.CharSequenceEncoder - [62e168b7] Writing "436. foo bar"
12:31:25.771 [XNIO-15 I/O-2] DEBUG o.s.c.c.CharSequenceEncoder - [62e168b7] Writing "437. foo bar"
12:31:25.771 [XNIO-15 I/O-2] DEBUG o.s.c.c.CharSequenceEncoder - [62e168b7] Writing "438. foo bar"
12:31:25.771 [XNIO-15 I/O-2] DEBUG o.s.c.c.CharSequenceEncoder - [62e168b7] Writing "439. foo bar"
12:31:25.771 [XNIO-15 I/O-2] DEBUG o.s.c.c.CharSequenceEncoder - [62e168b7] Writing "440. foo bar"
12:31:25.771 [XNIO-15 I/O-2] DEBUG o.s.c.c.CharSequenceEncoder - [62e168b7] Writing "441. foo bar"
12:31:25.771 [XNIO-15 I/O-2] DEBUG o.s.c.c.CharSequenceEncoder - [62e168b7] Writing "442. foo bar"
12:31:25.772 [XNIO-15 I/O-2] DEBUG o.s.c.c.CharSequenceEncoder - [62e168b7] Writing "443. foo bar"
12:31:25.772 [XNIO-15 I/O-2] DEBUG o.s.c.c.CharSequenceEncoder - [62e168b7] Writing "444. foo bar"
12:31:25.772 [XNIO-15 I/O-2] DEBUG o.s.c.c.CharSequenceEncoder - [62e168b7] Writing "445. foo bar"
12:31:25.773 [XNIO-15 I/O-2] DEBUG o.s.c.c.CharSequenceEncoder - [62e168b7] Writing "446. foo bar"
12:31:25.774 [XNIO-15 I/O-2] DEBUG o.s.c.c.CharSequenceEncoder - [62e168b7] Writing "447. foo bar"
12:31:25.774 [XNIO-15 I/O-2] DEBUG o.s.c.c.CharSequenceEncoder - [62e168b7] Writing "448. foo bar"
12:31:25.775 [XNIO-15 I/O-2] DEBUG o.s.c.c.CharSequenceEncoder - [62e168b7] Writing "449. foo bar"
12:31:25.775 [XNIO-15 I/O-2] DEBUG o.s.c.c.CharSequenceEncoder - [62e168b7] Writing "450. foo bar"
12:31:25.775 [XNIO-15 I/O-2] DEBUG o.s.c.c.CharSequenceEncoder - [62e168b7] Writing "451. foo bar"
12:31:25.776 [XNIO-15 I/O-2] DEBUG o.s.c.c.CharSequenceEncoder - [62e168b7] Writing "452. foo bar"
12:31:25.776 [XNIO-15 I/O-2] DEBUG o.s.c.c.CharSequenceEncoder - [62e168b7] Writing "453. foo bar"
12:31:25.776 [XNIO-15 I/O-2] DEBUG o.s.c.c.CharSequenceEncoder - [62e168b7] Writing "454. foo bar"
12:31:25.778 [XNIO-15 I/O-2] DEBUG o.s.c.c.CharSequenceEncoder - [62e168b7] Writing "455. foo bar"
12:31:25.778 [XNIO-15 I/O-2] DEBUG o.s.c.c.CharSequenceEncoder - [62e168b7] Writing "456. foo bar"
12:31:25.779 [XNIO-15 I/O-2] DEBUG o.s.c.c.CharSequenceEncoder - [62e168b7] Writing "457. foo bar"
12:31:25.779 [XNIO-15 I/O-2] DEBUG o.s.c.c.CharSequenceEncoder - [62e168b7] Writing "458. foo bar"
12:31:25.780 [XNIO-15 I/O-2] DEBUG o.s.c.c.CharSequenceEncoder - [62e168b7] Writing "459. foo bar"
12:31:25.780 [XNIO-15 I/O-2] DEBUG o.s.c.c.CharSequenceEncoder - [62e168b7] Writing "460. foo bar"
12:31:25.781 [XNIO-15 I/O-2] DEBUG o.s.c.c.CharSequenceEncoder - [62e168b7] Writing "461. foo bar"
12:31:25.781 [XNIO-15 I/O-2] DEBUG o.s.c.c.CharSequenceEncoder - [62e168b7] Writing "462. foo bar"
12:31:25.786 [XNIO-15 I/O-2] DEBUG o.s.c.c.CharSequenceEncoder - [62e168b7] Writing "463. foo bar"
12:31:25.787 [XNIO-15 I/O-2] DEBUG o.s.c.c.CharSequenceEncoder - [62e168b7] Writing "464. foo bar"
12:31:25.787 [XNIO-15 I/O-2] DEBUG o.s.c.c.CharSequenceEncoder - [62e168b7] Writing "465. foo bar"
12:31:25.788 [XNIO-15 I/O-2] DEBUG o.s.c.c.CharSequenceEncoder - [62e168b7] Writing "466. foo bar"
12:31:25.788 [XNIO-15 I/O-2] DEBUG o.s.c.c.CharSequenceEncoder - [62e168b7] Writing "467. foo bar"
12:31:25.789 [XNIO-15 I/O-2] DEBUG o.s.c.c.CharSequenceEncoder - [62e168b7] Writing "468. foo bar"
12:31:25.796 [XNIO-15 I/O-2] DEBUG o.s.c.c.CharSequenceEncoder - [62e168b7] Writing "469. foo bar"
12:31:25.797 [XNIO-15 I/O-2] DEBUG o.s.c.c.CharSequenceEncoder - [62e168b7] Writing "470. foo bar"
12:31:25.798 [XNIO-15 I/O-2] DEBUG o.s.c.c.CharSequenceEncoder - [62e168b7] Writing "471. foo bar"
12:31:25.798 [XNIO-15 I/O-2] DEBUG o.s.c.c.CharSequenceEncoder - [62e168b7] Writing "472. foo bar"
12:31:25.799 [XNIO-15 I/O-2] DEBUG o.s.c.c.CharSequenceEncoder - [62e168b7] Writing "473. foo bar"
12:31:25.799 [XNIO-15 I/O-2] DEBUG o.s.c.c.CharSequenceEncoder - [62e168b7] Writing "474. foo bar"
12:31:25.800 [XNIO-15 I/O-2] DEBUG o.s.c.c.CharSequenceEncoder - [62e168b7] Writing "475. foo bar"
12:31:25.800 [XNIO-15 I/O-2] DEBUG o.s.c.c.CharSequenceEncoder - [62e168b7] Writing "476. foo bar"
12:31:25.800 [XNIO-15 I/O-2] DEBUG o.s.c.c.CharSequenceEncoder - [62e168b7] Writing "477. foo bar"
12:31:25.801 [XNIO-15 I/O-2] DEBUG o.s.c.c.CharSequenceEncoder - [62e168b7] Writing "478. foo bar"
12:31:25.801 [XNIO-15 I/O-2] DEBUG o.s.c.c.CharSequenceEncoder - [62e168b7] Writing "479. foo bar"
12:31:25.801 [XNIO-15 I/O-2] DEBUG o.s.c.c.CharSequenceEncoder - [62e168b7] Writing "480. foo bar"
12:31:25.802 [XNIO-15 I/O-2] DEBUG o.s.c.c.CharSequenceEncoder - [62e168b7] Writing "481. foo bar"
12:31:25.802 [XNIO-15 I/O-2] DEBUG o.s.c.c.CharSequenceEncoder - [62e168b7] Writing "482. foo bar"
12:31:25.802 [XNIO-15 I/O-2] DEBUG o.s.c.c.CharSequenceEncoder - [62e168b7] Writing "483. foo bar"
12:31:25.802 [XNIO-15 I/O-2] DEBUG o.s.c.c.CharSequenceEncoder - [62e168b7] Writing "484. foo bar"
12:31:25.803 [XNIO-15 I/O-2] DEBUG o.s.c.c.CharSequenceEncoder - [62e168b7] Writing "485. foo bar"
12:31:25.803 [XNIO-15 I/O-2] DEBUG o.s.c.c.CharSequenceEncoder - [62e168b7] Writing "486. foo bar"
12:31:25.803 [XNIO-15 I/O-2] DEBUG o.s.c.c.CharSequenceEncoder - [62e168b7] Writing "487. foo bar"
12:31:25.803 [XNIO-15 I/O-2] DEBUG o.s.c.c.CharSequenceEncoder - [62e168b7] Writing "488. foo bar"
12:31:25.803 [XNIO-15 I/O-2] DEBUG o.s.c.c.CharSequenceEncoder - [62e168b7] Writing "489. foo bar"
12:31:25.803 [XNIO-15 I/O-2] DEBUG o.s.c.c.CharSequenceEncoder - [62e168b7] Writing "490. foo bar"
12:31:25.804 [XNIO-15 I/O-2] DEBUG o.s.c.c.CharSequenceEncoder - [62e168b7] Writing "491. foo bar"
12:31:25.804 [XNIO-15 I/O-2] DEBUG o.s.c.c.CharSequenceEncoder - [62e168b7] Writing "492. foo bar"
12:31:25.805 [XNIO-15 I/O-2] DEBUG o.s.c.c.CharSequenceEncoder - [62e168b7] Writing "493. foo bar"
12:31:25.805 [XNIO-15 I/O-2] DEBUG o.s.c.c.CharSequenceEncoder - [62e168b7] Writing "494. foo bar"
12:31:25.805 [XNIO-15 I/O-2] DEBUG o.s.c.c.CharSequenceEncoder - [62e168b7] Writing "495. foo bar"
12:31:25.805 [XNIO-15 I/O-2] DEBUG o.s.c.c.CharSequenceEncoder - [62e168b7] Writing "496. foo bar"
12:31:25.806 [XNIO-15 I/O-2] DEBUG o.s.c.c.CharSequenceEncoder - [62e168b7] Writing "497. foo bar"
12:31:25.806 [XNIO-15 I/O-2] DEBUG o.s.c.c.CharSequenceEncoder - [62e168b7] Writing "498. foo bar"
12:31:25.806 [XNIO-15 I/O-2] DEBUG o.s.c.c.CharSequenceEncoder - [62e168b7] Writing "499. foo bar"
12:31:25.806 [XNIO-15 I/O-2] DEBUG o.s.c.c.CharSequenceEncoder - [62e168b7] Writing "500. foo bar"
12:31:25.806 [XNIO-15 I/O-2] DEBUG o.s.c.c.CharSequenceEncoder - [62e168b7] Writing "501. foo bar"
12:31:25.807 [XNIO-15 I/O-2] DEBUG o.s.c.c.CharSequenceEncoder - [62e168b7] Writing "502. foo bar"
12:31:25.807 [XNIO-15 I/O-2] DEBUG o.s.c.c.CharSequenceEncoder - [62e168b7] Writing "503. foo bar"
12:31:25.807 [XNIO-15 I/O-2] DEBUG o.s.c.c.CharSequenceEncoder - [62e168b7] Writing "504. foo bar"
12:31:25.807 [XNIO-15 I/O-2] DEBUG o.s.c.c.CharSequenceEncoder - [62e168b7] Writing "505. foo bar"
12:31:25.807 [XNIO-15 I/O-2] DEBUG o.s.c.c.CharSequenceEncoder - [62e168b7] Writing "506. foo bar"
12:31:25.808 [XNIO-15 I/O-2] DEBUG o.s.c.c.CharSequenceEncoder - [62e168b7] Writing "507. foo bar"
12:31:25.808 [XNIO-15 I/O-2] DEBUG o.s.c.c.CharSequenceEncoder - [62e168b7] Writing "508. foo bar"
12:31:25.808 [XNIO-15 I/O-2] DEBUG o.s.c.c.CharSequenceEncoder - [62e168b7] Writing "509. foo bar"
12:31:25.808 [XNIO-15 I/O-2] DEBUG o.s.c.c.CharSequenceEncoder - [62e168b7] Writing "510. foo bar"
12:31:25.808 [XNIO-15 I/O-2] DEBUG o.s.c.c.CharSequenceEncoder - [62e168b7] Writing "511. foo bar"
12:31:25.809 [XNIO-15 I/O-2] DEBUG o.s.c.c.CharSequenceEncoder - [62e168b7] Writing "512. foo bar"
12:31:25.809 [XNIO-15 I/O-2] DEBUG o.s.c.c.CharSequenceEncoder - [62e168b7] Writing "513. foo bar"
12:31:25.809 [XNIO-15 I/O-2] DEBUG o.s.c.c.CharSequenceEncoder - [62e168b7] Writing "514. foo bar"
12:31:25.809 [XNIO-15 I/O-2] DEBUG o.s.c.c.CharSequenceEncoder - [62e168b7] Writing "515. foo bar"
12:31:25.810 [XNIO-15 I/O-2] DEBUG o.s.c.c.CharSequenceEncoder - [62e168b7] Writing "516. foo bar"
12:31:25.810 [XNIO-15 I/O-2] DEBUG o.s.c.c.CharSequenceEncoder - [62e168b7] Writing "517. foo bar"
12:31:25.811 [XNIO-15 I/O-2] DEBUG o.s.c.c.CharSequenceEncoder - [62e168b7] Writing "518. foo bar"
12:31:25.812 [XNIO-15 I/O-2] DEBUG o.s.c.c.CharSequenceEncoder - [62e168b7] Writing "519. foo bar"
12:31:25.813 [XNIO-15 I/O-2] DEBUG o.s.c.c.CharSequenceEncoder - [62e168b7] Writing "520. foo bar"
12:31:25.813 [XNIO-15 I/O-2] DEBUG o.s.c.c.CharSequenceEncoder - [62e168b7] Writing "521. foo bar"
12:31:25.814 [XNIO-15 I/O-2] DEBUG o.s.c.c.CharSequenceEncoder - [62e168b7] Writing "522. foo bar"
12:31:25.814 [XNIO-15 I/O-2] DEBUG o.s.c.c.CharSequenceEncoder - [62e168b7] Writing "523. foo bar"
12:31:25.819 [XNIO-15 I/O-2] DEBUG o.s.c.c.CharSequenceEncoder - [62e168b7] Writing "524. foo bar"
12:31:25.820 [XNIO-15 I/O-2] DEBUG o.s.c.c.CharSequenceEncoder - [62e168b7] Writing "525. foo bar"
12:31:25.821 [XNIO-15 I/O-2] DEBUG o.s.c.c.CharSequenceEncoder - [62e168b7] Writing "526. foo bar"
12:31:25.821 [XNIO-15 I/O-2] DEBUG o.s.c.c.CharSequenceEncoder - [62e168b7] Writing "527. foo bar"
12:31:25.822 [XNIO-15 I/O-2] DEBUG o.s.c.c.CharSequenceEncoder - [62e168b7] Writing "528. foo bar"
12:31:25.822 [XNIO-15 I/O-2] DEBUG o.s.c.c.CharSequenceEncoder - [62e168b7] Writing "529. foo bar"
12:31:25.822 [XNIO-15 I/O-2] DEBUG o.s.c.c.CharSequenceEncoder - [62e168b7] Writing "530. foo bar"
12:31:25.822 [XNIO-15 I/O-2] DEBUG o.s.c.c.CharSequenceEncoder - [62e168b7] Writing "531. foo bar"
12:31:25.823 [XNIO-15 I/O-2] DEBUG o.s.c.c.CharSequenceEncoder - [62e168b7] Writing "532. foo bar"
12:31:25.823 [XNIO-15 I/O-2] DEBUG o.s.c.c.CharSequenceEncoder - [62e168b7] Writing "533. foo bar"
12:31:25.823 [XNIO-15 I/O-2] DEBUG o.s.c.c.CharSequenceEncoder - [62e168b7] Writing "534. foo bar"
12:31:25.823 [XNIO-15 I/O-2] DEBUG o.s.c.c.CharSequenceEncoder - [62e168b7] Writing "535. foo bar"
12:31:25.823 [XNIO-15 I/O-2] DEBUG o.s.c.c.CharSequenceEncoder - [62e168b7] Writing "536. foo bar"
12:31:25.824 [XNIO-15 I/O-2] DEBUG o.s.c.c.CharSequenceEncoder - [62e168b7] Writing "537. foo bar"
12:31:25.828 [XNIO-15 I/O-2] DEBUG o.s.c.c.CharSequenceEncoder - [62e168b7] Writing "538. foo bar"
12:31:25.828 [XNIO-15 I/O-2] DEBUG o.s.c.c.CharSequenceEncoder - [62e168b7] Writing "539. foo bar"
12:31:25.828 [XNIO-15 I/O-2] DEBUG o.s.c.c.CharSequenceEncoder - [62e168b7] Writing "540. foo bar"
12:31:25.828 [XNIO-15 I/O-2] DEBUG o.s.c.c.CharSequenceEncoder - [62e168b7] Writing "541. foo bar"
12:31:25.829 [XNIO-15 I/O-2] DEBUG o.s.c.c.CharSequenceEncoder - [62e168b7] Writing "542. foo bar"
12:31:25.829 [XNIO-15 I/O-2] DEBUG o.s.c.c.CharSequenceEncoder - [62e168b7] Writing "543. foo bar"
12:31:25.829 [XNIO-15 I/O-2] DEBUG o.s.c.c.CharSequenceEncoder - [62e168b7] Writing "544. foo bar"
12:31:25.829 [XNIO-15 I/O-2] DEBUG o.s.c.c.CharSequenceEncoder - [62e168b7] Writing "545. foo bar"
12:31:25.829 [XNIO-15 I/O-2] DEBUG o.s.c.c.CharSequenceEncoder - [62e168b7] Writing "546. foo bar"
12:31:25.829 [XNIO-15 I/O-2] DEBUG o.s.c.c.CharSequenceEncoder - [62e168b7] Writing "547. foo bar"
12:31:25.830 [XNIO-15 I/O-2] DEBUG o.s.c.c.CharSequenceEncoder - [62e168b7] Writing "548. foo bar"
12:31:25.830 [XNIO-15 I/O-2] DEBUG o.s.c.c.CharSequenceEncoder - [62e168b7] Writing "549. foo bar"
12:31:25.830 [XNIO-15 I/O-2] DEBUG o.s.c.c.CharSequenceEncoder - [62e168b7] Writing "550. foo bar"
12:31:25.830 [XNIO-15 I/O-2] DEBUG o.s.c.c.CharSequenceEncoder - [62e168b7] Writing "551. foo bar"
12:31:25.830 [XNIO-15 I/O-2] DEBUG o.s.c.c.CharSequenceEncoder - [62e168b7] Writing "552. foo bar"
12:31:25.831 [XNIO-15 I/O-2] DEBUG o.s.c.c.CharSequenceEncoder - [62e168b7] Writing "553. foo bar"
12:31:25.831 [XNIO-15 I/O-2] DEBUG o.s.c.c.CharSequenceEncoder - [62e168b7] Writing "554. foo bar"
12:31:25.831 [XNIO-15 I/O-2] DEBUG o.s.c.c.CharSequenceEncoder - [62e168b7] Writing "555. foo bar"
12:31:25.831 [XNIO-15 I/O-2] DEBUG o.s.c.c.CharSequenceEncoder - [62e168b7] Writing "556. foo bar"
12:31:25.831 [XNIO-15 I/O-2] DEBUG o.s.c.c.CharSequenceEncoder - [62e168b7] Writing "557. foo bar"
12:31:25.831 [XNIO-15 I/O-2] DEBUG o.s.c.c.CharSequenceEncoder - [62e168b7] Writing "558. foo bar"
12:31:25.831 [XNIO-15 I/O-2] DEBUG o.s.c.c.CharSequenceEncoder - [62e168b7] Writing "559. foo bar"
12:31:25.832 [XNIO-15 I/O-2] DEBUG o.s.c.c.CharSequenceEncoder - [62e168b7] Writing "560. foo bar"
12:31:25.832 [XNIO-15 I/O-2] DEBUG o.s.c.c.CharSequenceEncoder - [62e168b7] Writing "561. foo bar"
12:31:25.832 [XNIO-15 I/O-2] DEBUG o.s.c.c.CharSequenceEncoder - [62e168b7] Writing "562. foo bar"
12:31:25.832 [XNIO-15 I/O-2] DEBUG o.s.c.c.CharSequenceEncoder - [62e168b7] Writing "563. foo bar"
12:31:25.832 [XNIO-15 I/O-2] DEBUG o.s.c.c.CharSequenceEncoder - [62e168b7] Writing "564. foo bar"
12:31:25.832 [XNIO-15 I/O-2] DEBUG o.s.c.c.CharSequenceEncoder - [62e168b7] Writing "565. foo bar"
12:31:25.832 [XNIO-15 I/O-2] DEBUG o.s.c.c.CharSequenceEncoder - [62e168b7] Writing "566. foo bar"
12:31:25.832 [XNIO-15 I/O-2] DEBUG o.s.c.c.CharSequenceEncoder - [62e168b7] Writing "567. foo bar"
12:31:25.833 [XNIO-15 I/O-2] DEBUG o.s.c.c.CharSequenceEncoder - [62e168b7] Writing "568. foo bar"
12:31:25.833 [XNIO-15 I/O-2] DEBUG o.s.c.c.CharSequenceEncoder - [62e168b7] Writing "569. foo bar"
12:31:25.833 [XNIO-15 I/O-2] DEBUG o.s.c.c.CharSequenceEncoder - [62e168b7] Writing "570. foo bar"
12:31:25.833 [XNIO-15 I/O-2] DEBUG o.s.c.c.CharSequenceEncoder - [62e168b7] Writing "571. foo bar"
12:31:25.874 [XNIO-15 I/O-2] DEBUG o.s.c.c.CharSequenceEncoder - [62e168b7] Writing "572. foo bar"
12:31:25.876 [XNIO-15 I/O-2] DEBUG o.s.c.c.CharSequenceEncoder - [62e168b7] Writing "573. foo bar"
12:31:25.877 [XNIO-15 I/O-2] DEBUG o.s.c.c.CharSequenceEncoder - [62e168b7] Writing "574. foo bar"
12:31:25.878 [XNIO-15 I/O-2] DEBUG o.s.c.c.CharSequenceEncoder - [62e168b7] Writing "575. foo bar"
12:31:25.878 [XNIO-15 I/O-2] DEBUG o.s.c.c.CharSequenceEncoder - [62e168b7] Writing "576. foo bar"
12:31:25.878 [XNIO-15 I/O-2] DEBUG o.s.c.c.CharSequenceEncoder - [62e168b7] Writing "577. foo bar"
12:31:25.879 [XNIO-15 I/O-2] DEBUG o.s.c.c.CharSequenceEncoder - [62e168b7] Writing "578. foo bar"
12:31:25.879 [XNIO-15 I/O-2] DEBUG o.s.c.c.CharSequenceEncoder - [62e168b7] Writing "579. foo bar"
12:31:25.880 [XNIO-15 I/O-2] DEBUG o.s.c.c.CharSequenceEncoder - [62e168b7] Writing "580. foo bar"
12:31:25.880 [XNIO-15 I/O-2] DEBUG o.s.c.c.CharSequenceEncoder - [62e168b7] Writing "581. foo bar"
12:31:25.881 [XNIO-15 I/O-2] DEBUG o.s.c.c.CharSequenceEncoder - [62e168b7] Writing "582. foo bar"
12:31:25.881 [XNIO-15 I/O-2] DEBUG o.s.c.c.CharSequenceEncoder - [62e168b7] Writing "583. foo bar"
12:31:25.881 [XNIO-15 I/O-2] DEBUG o.s.c.c.CharSequenceEncoder - [62e168b7] Writing "584. foo bar"
12:31:25.882 [XNIO-15 I/O-2] DEBUG o.s.c.c.CharSequenceEncoder - [62e168b7] Writing "585. foo bar"
12:31:25.883 [XNIO-15 I/O-2] DEBUG o.s.c.c.CharSequenceEncoder - [62e168b7] Writing "586. foo bar"
12:31:25.885 [XNIO-15 I/O-2] DEBUG o.s.c.c.CharSequenceEncoder - [62e168b7] Writing "587. foo bar"
12:31:25.886 [XNIO-15 I/O-2] DEBUG o.s.c.c.CharSequenceEncoder - [62e168b7] Writing "588. foo bar"
12:31:25.886 [XNIO-15 I/O-2] DEBUG o.s.c.c.CharSequenceEncoder - [62e168b7] Writing "589. foo bar"
12:31:25.886 [XNIO-15 I/O-2] DEBUG o.s.c.c.CharSequenceEncoder - [62e168b7] Writing "590. foo bar"
12:31:25.888 [XNIO-15 I/O-2] DEBUG o.s.c.c.CharSequenceEncoder - [62e168b7] Writing "591. foo bar"
12:31:25.888 [XNIO-15 I/O-2] DEBUG o.s.c.c.CharSequenceEncoder - [62e168b7] Writing "592. foo bar"
12:31:25.891 [XNIO-15 I/O-2] DEBUG o.s.c.c.CharSequenceEncoder - [62e168b7] Writing "593. foo bar"
12:31:25.891 [XNIO-15 I/O-2] DEBUG o.s.c.c.CharSequenceEncoder - [62e168b7] Writing "594. foo bar"
12:31:25.892 [XNIO-15 I/O-2] DEBUG o.s.c.c.CharSequenceEncoder - [62e168b7] Writing "595. foo bar"
12:31:25.892 [XNIO-15 I/O-2] DEBUG o.s.c.c.CharSequenceEncoder - [62e168b7] Writing "596. foo bar"
12:31:25.894 [XNIO-15 I/O-2] DEBUG o.s.c.c.CharSequenceEncoder - [62e168b7] Writing "597. foo bar"
12:31:25.895 [XNIO-15 I/O-2] DEBUG o.s.c.c.CharSequenceEncoder - [62e168b7] Writing "598. foo bar"
12:31:25.896 [XNIO-15 I/O-2] DEBUG o.s.c.c.CharSequenceEncoder - [62e168b7] Writing "599. foo bar"
12:31:25.898 [XNIO-15 I/O-2] DEBUG o.s.c.c.CharSequenceEncoder - [62e168b7] Writing "600. foo bar"
12:31:25.900 [XNIO-15 I/O-2] DEBUG o.s.c.c.CharSequenceEncoder - [62e168b7] Writing "601. foo bar"
12:31:26.059 [XNIO-15 I/O-2] DEBUG o.s.c.c.CharSequenceEncoder - [62e168b7] Writing "602. foo bar"
12:31:26.060 [XNIO-15 I/O-2] DEBUG o.s.c.c.CharSequenceEncoder - [62e168b7] Writing "603. foo bar"
12:31:26.061 [XNIO-15 I/O-2] DEBUG o.s.c.c.CharSequenceEncoder - [62e168b7] Writing "604. foo bar"
12:31:26.061 [XNIO-15 I/O-2] DEBUG o.s.c.c.CharSequenceEncoder - [62e168b7] Writing "605. foo bar"
12:31:26.062 [XNIO-15 I/O-2] DEBUG o.s.c.c.CharSequenceEncoder - [62e168b7] Writing "606. foo bar"
12:31:26.062 [XNIO-15 I/O-2] DEBUG o.s.c.c.CharSequenceEncoder - [62e168b7] Writing "607. foo bar"
12:31:26.063 [XNIO-15 I/O-2] DEBUG o.s.c.c.CharSequenceEncoder - [62e168b7] Writing "608. foo bar"
12:31:26.063 [XNIO-15 I/O-2] DEBUG o.s.c.c.CharSequenceEncoder - [62e168b7] Writing "609. foo bar"
12:31:26.064 [XNIO-15 I/O-2] DEBUG o.s.c.c.CharSequenceEncoder - [62e168b7] Writing "610. foo bar"
12:31:26.064 [XNIO-15 I/O-2] DEBUG o.s.c.c.CharSequenceEncoder - [62e168b7] Writing "611. foo bar"
12:31:26.065 [XNIO-15 I/O-2] DEBUG o.s.c.c.CharSequenceEncoder - [62e168b7] Writing "612. foo bar"
12:31:26.065 [XNIO-15 I/O-2] DEBUG o.s.c.c.CharSequenceEncoder - [62e168b7] Writing "613. foo bar"
12:31:26.065 [XNIO-15 I/O-2] DEBUG o.s.c.c.CharSequenceEncoder - [62e168b7] Writing "614. foo bar"
12:31:26.066 [XNIO-15 I/O-2] DEBUG o.s.c.c.CharSequenceEncoder - [62e168b7] Writing "615. foo bar"
12:31:26.066 [XNIO-15 I/O-2] DEBUG o.s.c.c.CharSequenceEncoder - [62e168b7] Writing "616. foo bar"
12:31:26.066 [XNIO-15 I/O-2] DEBUG o.s.c.c.CharSequenceEncoder - [62e168b7] Writing "617. foo bar"
12:31:26.066 [XNIO-15 I/O-2] DEBUG o.s.c.c.CharSequenceEncoder - [62e168b7] Writing "618. foo bar"
12:31:26.067 [XNIO-15 I/O-2] DEBUG o.s.c.c.CharSequenceEncoder - [62e168b7] Writing "619. foo bar"
12:31:26.067 [XNIO-15 I/O-2] DEBUG o.s.c.c.CharSequenceEncoder - [62e168b7] Writing "620. foo bar"
12:31:26.068 [XNIO-15 I/O-2] DEBUG o.s.c.c.CharSequenceEncoder - [62e168b7] Writing "621. foo bar"
12:31:26.068 [XNIO-15 I/O-2] DEBUG o.s.c.c.CharSequenceEncoder - [62e168b7] Writing "622. foo bar"
12:31:26.068 [XNIO-15 I/O-2] DEBUG o.s.c.c.CharSequenceEncoder - [62e168b7] Writing "623. foo bar"
12:31:26.069 [XNIO-15 I/O-2] DEBUG o.s.c.c.CharSequenceEncoder - [62e168b7] Writing "624. foo bar"
12:31:26.069 [XNIO-15 I/O-2] DEBUG o.s.c.c.CharSequenceEncoder - [62e168b7] Writing "625. foo bar"
12:31:26.070 [XNIO-15 I/O-2] DEBUG o.s.c.c.CharSequenceEncoder - [62e168b7] Writing "626. foo bar"
12:31:26.070 [XNIO-15 I/O-2] DEBUG o.s.c.c.CharSequenceEncoder - [62e168b7] Writing "627. foo bar"
12:31:26.071 [XNIO-15 I/O-2] DEBUG o.s.c.c.CharSequenceEncoder - [62e168b7] Writing "628. foo bar"
12:31:26.071 [XNIO-15 I/O-2] DEBUG o.s.c.c.CharSequenceEncoder - [62e168b7] Writing "629. foo bar"
12:31:26.071 [XNIO-15 I/O-2] DEBUG o.s.c.c.CharSequenceEncoder - [62e168b7] Writing "630. foo bar"
12:31:26.072 [XNIO-15 I/O-2] DEBUG o.s.c.c.CharSequenceEncoder - [62e168b7] Writing "631. foo bar"
12:31:26.072 [XNIO-15 I/O-2] DEBUG o.s.c.c.CharSequenceEncoder - [62e168b7] Writing "632. foo bar"
12:31:26.072 [XNIO-15 I/O-2] DEBUG o.s.c.c.CharSequenceEncoder - [62e168b7] Writing "633. foo bar"
12:31:26.073 [XNIO-15 I/O-2] DEBUG o.s.c.c.CharSequenceEncoder - [62e168b7] Writing "634. foo bar"
12:31:26.073 [XNIO-15 I/O-2] DEBUG o.s.c.c.CharSequenceEncoder - [62e168b7] Writing "635. foo bar"
12:31:26.073 [XNIO-15 I/O-2] DEBUG o.s.c.c.CharSequenceEncoder - [62e168b7] Writing "636. foo bar"
12:31:26.073 [XNIO-15 I/O-2] DEBUG o.s.c.c.CharSequenceEncoder - [62e168b7] Writing "637. foo bar"
12:31:26.073 [XNIO-15 I/O-2] DEBUG o.s.c.c.CharSequenceEncoder - [62e168b7] Writing "638. foo bar"
12:31:26.074 [XNIO-15 I/O-2] DEBUG o.s.c.c.CharSequenceEncoder - [62e168b7] Writing "639. foo bar"
12:31:26.074 [XNIO-15 I/O-2] DEBUG o.s.c.c.CharSequenceEncoder - [62e168b7] Writing "640. foo bar"
12:31:26.074 [XNIO-15 I/O-2] DEBUG o.s.c.c.CharSequenceEncoder - [62e168b7] Writing "641. foo bar"
12:31:26.074 [XNIO-15 I/O-2] DEBUG o.s.c.c.CharSequenceEncoder - [62e168b7] Writing "642. foo bar"
12:31:26.074 [XNIO-15 I/O-2] DEBUG o.s.c.c.CharSequenceEncoder - [62e168b7] Writing "643. foo bar"
12:31:26.075 [XNIO-15 I/O-2] DEBUG o.s.c.c.CharSequenceEncoder - [62e168b7] Writing "644. foo bar"
12:31:26.075 [XNIO-15 I/O-2] DEBUG o.s.c.c.CharSequenceEncoder - [62e168b7] Writing "645. foo bar"
12:31:26.075 [XNIO-15 I/O-2] DEBUG o.s.c.c.CharSequenceEncoder - [62e168b7] Writing "646. foo bar"
12:31:26.076 [XNIO-15 I/O-2] DEBUG o.s.c.c.CharSequenceEncoder - [62e168b7] Writing "647. foo bar"
12:31:26.076 [XNIO-15 I/O-2] DEBUG o.s.c.c.CharSequenceEncoder - [62e168b7] Writing "648. foo bar"
12:31:26.100 [XNIO-15 I/O-2] DEBUG o.s.c.c.CharSequenceEncoder - [62e168b7] Writing "649. foo bar"
12:31:26.111 [XNIO-15 I/O-2] DEBUG o.s.c.c.CharSequenceEncoder - [62e168b7] Writing "650. foo bar"
12:31:26.111 [XNIO-15 I/O-2] DEBUG o.s.c.c.CharSequenceEncoder - [62e168b7] Writing "651. foo bar"
12:31:26.112 [XNIO-15 I/O-2] DEBUG o.s.c.c.CharSequenceEncoder - [62e168b7] Writing "652. foo bar"
12:31:26.114 [XNIO-15 I/O-2] DEBUG o.s.c.c.CharSequenceEncoder - [62e168b7] Writing "653. foo bar"
12:31:26.116 [XNIO-15 I/O-2] DEBUG o.s.c.c.CharSequenceEncoder - [62e168b7] Writing "654. foo bar"
12:31:26.116 [XNIO-15 I/O-2] DEBUG o.s.c.c.CharSequenceEncoder - [62e168b7] Writing "655. foo bar"
12:31:26.117 [XNIO-15 I/O-2] DEBUG o.s.c.c.CharSequenceEncoder - [62e168b7] Writing "656. foo bar"
12:31:26.117 [XNIO-15 I/O-2] DEBUG o.s.c.c.CharSequenceEncoder - [62e168b7] Writing "657. foo bar"
12:31:26.117 [XNIO-15 I/O-2] DEBUG o.s.c.c.CharSequenceEncoder - [62e168b7] Writing "658. foo bar"
12:31:26.117 [XNIO-15 I/O-2] DEBUG o.s.c.c.CharSequenceEncoder - [62e168b7] Writing "659. foo bar"
12:31:26.118 [XNIO-15 I/O-2] DEBUG o.s.c.c.CharSequenceEncoder - [62e168b7] Writing "660. foo bar"
12:31:26.118 [XNIO-15 I/O-2] DEBUG o.s.c.c.CharSequenceEncoder - [62e168b7] Writing "661. foo bar"
12:31:26.118 [XNIO-15 I/O-2] DEBUG o.s.c.c.CharSequenceEncoder - [62e168b7] Writing "662. foo bar"
12:31:26.118 [XNIO-15 I/O-2] DEBUG o.s.c.c.CharSequenceEncoder - [62e168b7] Writing "663. foo bar"
12:31:26.118 [XNIO-15 I/O-2] DEBUG o.s.c.c.CharSequenceEncoder - [62e168b7] Writing "664. foo bar"
12:31:26.118 [XNIO-15 I/O-2] DEBUG o.s.c.c.CharSequenceEncoder - [62e168b7] Writing "665. foo bar"
12:31:26.119 [XNIO-15 I/O-2] DEBUG o.s.c.c.CharSequenceEncoder - [62e168b7] Writing "666. foo bar"
12:31:26.119 [XNIO-15 I/O-2] DEBUG o.s.c.c.CharSequenceEncoder - [62e168b7] Writing "667. foo bar"
12:31:26.119 [XNIO-15 I/O-2] DEBUG o.s.c.c.CharSequenceEncoder - [62e168b7] Writing "668. foo bar"
12:31:26.123 [XNIO-15 I/O-2] DEBUG o.s.c.c.CharSequenceEncoder - [62e168b7] Writing "669. foo bar"
12:31:26.123 [XNIO-15 I/O-2] DEBUG o.s.c.c.CharSequenceEncoder - [62e168b7] Writing "670. foo bar"
12:31:26.123 [XNIO-15 I/O-2] DEBUG o.s.c.c.CharSequenceEncoder - [62e168b7] Writing "671. foo bar"
12:31:26.124 [XNIO-15 I/O-2] DEBUG o.s.c.c.CharSequenceEncoder - [62e168b7] Writing "672. foo bar"
12:31:26.124 [XNIO-15 I/O-2] DEBUG o.s.c.c.CharSequenceEncoder - [62e168b7] Writing "673. foo bar"
12:31:26.124 [XNIO-15 I/O-2] DEBUG o.s.c.c.CharSequenceEncoder - [62e168b7] Writing "674. foo bar"
12:31:26.124 [XNIO-15 I/O-2] DEBUG o.s.c.c.CharSequenceEncoder - [62e168b7] Writing "675. foo bar"
12:31:26.124 [XNIO-15 I/O-2] DEBUG o.s.c.c.CharSequenceEncoder - [62e168b7] Writing "676. foo bar"
12:31:26.125 [XNIO-15 I/O-2] DEBUG o.s.c.c.CharSequenceEncoder - [62e168b7] Writing "677. foo bar"
12:31:26.125 [XNIO-15 I/O-2] DEBUG o.s.c.c.CharSequenceEncoder - [62e168b7] Writing "678. foo bar"
12:31:26.125 [XNIO-15 I/O-2] DEBUG o.s.c.c.CharSequenceEncoder - [62e168b7] Writing "679. foo bar"
12:31:26.125 [XNIO-15 I/O-2] DEBUG o.s.c.c.CharSequenceEncoder - [62e168b7] Writing "680. foo bar"
12:31:26.125 [XNIO-15 I/O-2] DEBUG o.s.c.c.CharSequenceEncoder - [62e168b7] Writing "681. foo bar"
12:31:26.125 [XNIO-15 I/O-2] DEBUG o.s.c.c.CharSequenceEncoder - [62e168b7] Writing "682. foo bar"
12:31:26.125 [XNIO-15 I/O-2] DEBUG o.s.c.c.CharSequenceEncoder - [62e168b7] Writing "683. foo bar"
12:31:26.126 [XNIO-15 I/O-2] DEBUG o.s.c.c.CharSequenceEncoder - [62e168b7] Writing "684. foo bar"
12:31:26.126 [XNIO-15 I/O-2] DEBUG o.s.c.c.CharSequenceEncoder - [62e168b7] Writing "685. foo bar"
12:31:26.126 [XNIO-15 I/O-2] DEBUG o.s.c.c.CharSequenceEncoder - [62e168b7] Writing "686. foo bar"
12:31:26.126 [XNIO-15 I/O-2] DEBUG o.s.c.c.CharSequenceEncoder - [62e168b7] Writing "687. foo bar"
12:31:26.126 [XNIO-15 I/O-2] DEBUG o.s.c.c.CharSequenceEncoder - [62e168b7] Writing "688. foo bar"
12:31:26.126 [XNIO-15 I/O-2] DEBUG o.s.c.c.CharSequenceEncoder - [62e168b7] Writing "689. foo bar"
12:31:26.127 [XNIO-15 I/O-2] DEBUG o.s.c.c.CharSequenceEncoder - [62e168b7] Writing "690. foo bar"
12:31:26.127 [XNIO-15 I/O-2] DEBUG o.s.c.c.CharSequenceEncoder - [62e168b7] Writing "691. foo bar"
12:31:26.127 [XNIO-15 I/O-2] DEBUG o.s.c.c.CharSequenceEncoder - [62e168b7] Writing "692. foo bar"
12:31:26.127 [XNIO-15 I/O-2] DEBUG o.s.c.c.CharSequenceEncoder - [62e168b7] Writing "693. foo bar"
12:31:26.127 [XNIO-15 I/O-2] DEBUG o.s.c.c.CharSequenceEncoder - [62e168b7] Writing "694. foo bar"
12:31:26.127 [XNIO-15 I/O-2] DEBUG o.s.c.c.CharSequenceEncoder - [62e168b7] Writing "695. foo bar"
12:31:26.128 [XNIO-15 I/O-2] DEBUG o.s.c.c.CharSequenceEncoder - [62e168b7] Writing "696. foo bar"
12:31:26.128 [XNIO-15 I/O-2] DEBUG o.s.c.c.CharSequenceEncoder - [62e168b7] Writing "697. foo bar"
12:31:26.128 [XNIO-15 I/O-2] DEBUG o.s.c.c.CharSequenceEncoder - [62e168b7] Writing "698. foo bar"
12:31:26.128 [XNIO-15 I/O-2] DEBUG o.s.c.c.CharSequenceEncoder - [62e168b7] Writing "699. foo bar"
12:31:26.129 [XNIO-15 I/O-2] DEBUG o.s.c.c.CharSequenceEncoder - [62e168b7] Writing "700. foo bar"
12:31:26.129 [XNIO-15 I/O-2] DEBUG o.s.c.c.CharSequenceEncoder - [62e168b7] Writing "701. foo bar"
12:31:26.129 [XNIO-15 I/O-2] DEBUG o.s.c.c.CharSequenceEncoder - [62e168b7] Writing "702. foo bar"
12:31:26.130 [XNIO-15 I/O-2] DEBUG o.s.c.c.CharSequenceEncoder - [62e168b7] Writing "703. foo bar"
12:31:26.130 [XNIO-15 I/O-2] DEBUG o.s.c.c.CharSequenceEncoder - [62e168b7] Writing "704. foo bar"
12:31:26.130 [XNIO-15 I/O-2] DEBUG o.s.c.c.CharSequenceEncoder - [62e168b7] Writing "705. foo bar"
12:31:26.131 [XNIO-15 I/O-2] DEBUG o.s.c.c.CharSequenceEncoder - [62e168b7] Writing "706. foo bar"
12:31:26.131 [XNIO-15 I/O-2] DEBUG o.s.c.c.CharSequenceEncoder - [62e168b7] Writing "707. foo bar"
12:31:26.132 [XNIO-15 I/O-2] DEBUG o.s.c.c.CharSequenceEncoder - [62e168b7] Writing "708. foo bar"
12:31:26.192 [XNIO-15 I/O-2] DEBUG o.s.c.c.CharSequenceEncoder - [62e168b7] Writing "709. foo bar"
12:31:26.192 [XNIO-15 I/O-2] DEBUG o.s.c.c.CharSequenceEncoder - [62e168b7] Writing "710. foo bar"
12:31:26.195 [XNIO-15 I/O-2] DEBUG o.s.c.c.CharSequenceEncoder - [62e168b7] Writing "711. foo bar"
12:31:26.196 [XNIO-15 I/O-2] DEBUG o.s.c.c.CharSequenceEncoder - [62e168b7] Writing "712. foo bar"
12:31:26.196 [XNIO-15 I/O-2] DEBUG o.s.c.c.CharSequenceEncoder - [62e168b7] Writing "713. foo bar"
12:31:26.197 [XNIO-15 I/O-2] DEBUG o.s.c.c.CharSequenceEncoder - [62e168b7] Writing "714. foo bar"
12:31:26.197 [XNIO-15 I/O-2] DEBUG o.s.c.c.CharSequenceEncoder - [62e168b7] Writing "715. foo bar"
12:31:26.198 [XNIO-15 I/O-2] DEBUG o.s.c.c.CharSequenceEncoder - [62e168b7] Writing "716. foo bar"
12:31:26.198 [XNIO-15 I/O-2] DEBUG o.s.c.c.CharSequenceEncoder - [62e168b7] Writing "717. foo bar"
12:31:26.198 [XNIO-15 I/O-2] DEBUG o.s.c.c.CharSequenceEncoder - [62e168b7] Writing "718. foo bar"
12:31:26.198 [XNIO-15 I/O-2] DEBUG o.s.c.c.CharSequenceEncoder - [62e168b7] Writing "719. foo bar"
12:31:26.199 [XNIO-15 I/O-2] DEBUG o.s.c.c.CharSequenceEncoder - [62e168b7] Writing "720. foo bar"
12:31:26.199 [XNIO-15 I/O-2] DEBUG o.s.c.c.CharSequenceEncoder - [62e168b7] Writing "721. foo bar"
12:31:26.199 [XNIO-15 I/O-2] DEBUG o.s.c.c.CharSequenceEncoder - [62e168b7] Writing "722. foo bar"
12:31:26.199 [XNIO-15 I/O-2] DEBUG o.s.c.c.CharSequenceEncoder - [62e168b7] Writing "723. foo bar"
12:31:26.200 [XNIO-15 I/O-2] DEBUG o.s.c.c.CharSequenceEncoder - [62e168b7] Writing "724. foo bar"
12:31:26.200 [XNIO-15 I/O-2] DEBUG o.s.c.c.CharSequenceEncoder - [62e168b7] Writing "725. foo bar"
12:31:26.200 [XNIO-15 I/O-2] DEBUG o.s.c.c.CharSequenceEncoder - [62e168b7] Writing "726. foo bar"
12:31:26.215 [XNIO-15 I/O-2] DEBUG o.s.c.c.CharSequenceEncoder - [62e168b7] Writing "727. foo bar"
12:31:26.216 [XNIO-15 I/O-2] DEBUG o.s.c.c.CharSequenceEncoder - [62e168b7] Writing "728. foo bar"
12:31:26.216 [XNIO-15 I/O-2] DEBUG o.s.c.c.CharSequenceEncoder - [62e168b7] Writing "729. foo bar"
12:31:26.217 [XNIO-15 I/O-2] DEBUG o.s.c.c.CharSequenceEncoder - [62e168b7] Writing "730. foo bar"
12:31:26.217 [XNIO-15 I/O-2] DEBUG o.s.c.c.CharSequenceEncoder - [62e168b7] Writing "731. foo bar"
12:31:26.217 [XNIO-15 I/O-2] DEBUG o.s.c.c.CharSequenceEncoder - [62e168b7] Writing "732. foo bar"
12:31:26.218 [XNIO-15 I/O-2] DEBUG o.s.c.c.CharSequenceEncoder - [62e168b7] Writing "733. foo bar"
12:31:26.218 [XNIO-15 I/O-2] DEBUG o.s.c.c.CharSequenceEncoder - [62e168b7] Writing "734. foo bar"
12:31:26.218 [XNIO-15 I/O-2] DEBUG o.s.c.c.CharSequenceEncoder - [62e168b7] Writing "735. foo bar"
12:31:26.219 [XNIO-15 I/O-2] DEBUG o.s.c.c.CharSequenceEncoder - [62e168b7] Writing "736. foo bar"
12:31:26.219 [XNIO-15 I/O-2] DEBUG o.s.c.c.CharSequenceEncoder - [62e168b7] Writing "737. foo bar"
12:31:26.220 [XNIO-15 I/O-2] DEBUG o.s.c.c.CharSequenceEncoder - [62e168b7] Writing "738. foo bar"
12:31:26.220 [XNIO-15 I/O-2] DEBUG o.s.c.c.CharSequenceEncoder - [62e168b7] Writing "739. foo bar"
12:31:26.221 [XNIO-15 I/O-2] DEBUG o.s.c.c.CharSequenceEncoder - [62e168b7] Writing "740. foo bar"
12:31:26.221 [XNIO-15 I/O-2] DEBUG o.s.c.c.CharSequenceEncoder - [62e168b7] Writing "741. foo bar"
12:31:26.225 [XNIO-15 I/O-2] DEBUG o.s.c.c.CharSequenceEncoder - [62e168b7] Writing "742. foo bar"
12:31:26.226 [XNIO-15 I/O-2] DEBUG o.s.c.c.CharSequenceEncoder - [62e168b7] Writing "743. foo bar"
12:31:26.227 [XNIO-15 I/O-2] DEBUG o.s.c.c.CharSequenceEncoder - [62e168b7] Writing "744. foo bar"
12:31:26.227 [XNIO-15 I/O-2] DEBUG o.s.c.c.CharSequenceEncoder - [62e168b7] Writing "745. foo bar"
12:31:26.227 [XNIO-15 I/O-2] DEBUG o.s.c.c.CharSequenceEncoder - [62e168b7] Writing "746. foo bar"
12:31:26.228 [XNIO-15 I/O-2] DEBUG o.s.c.c.CharSequenceEncoder - [62e168b7] Writing "747. foo bar"
12:31:26.228 [XNIO-15 I/O-2] DEBUG o.s.c.c.CharSequenceEncoder - [62e168b7] Writing "748. foo bar"
12:31:26.240 [XNIO-15 I/O-2] DEBUG o.s.c.c.CharSequenceEncoder - [62e168b7] Writing "749. foo bar"
12:31:26.240 [XNIO-15 I/O-2] DEBUG o.s.c.c.CharSequenceEncoder - [62e168b7] Writing "750. foo bar"
12:31:26.241 [XNIO-15 I/O-2] DEBUG o.s.c.c.CharSequenceEncoder - [62e168b7] Writing "751. foo bar"
12:31:26.241 [XNIO-15 I/O-2] DEBUG o.s.c.c.CharSequenceEncoder - [62e168b7] Writing "752. foo bar"
12:31:26.242 [XNIO-15 I/O-2] DEBUG o.s.c.c.CharSequenceEncoder - [62e168b7] Writing "753. foo bar"
12:31:26.242 [XNIO-15 I/O-2] DEBUG o.s.c.c.CharSequenceEncoder - [62e168b7] Writing "754. foo bar"
12:31:26.243 [XNIO-15 I/O-2] DEBUG o.s.c.c.CharSequenceEncoder - [62e168b7] Writing "755. foo bar"
12:31:26.243 [XNIO-15 I/O-2] DEBUG o.s.c.c.CharSequenceEncoder - [62e168b7] Writing "756. foo bar"
12:31:26.244 [XNIO-15 I/O-2] DEBUG o.s.c.c.CharSequenceEncoder - [62e168b7] Writing "757. foo bar"
12:31:26.245 [XNIO-15 I/O-2] DEBUG o.s.c.c.CharSequenceEncoder - [62e168b7] Writing "758. foo bar"
12:31:26.246 [XNIO-15 I/O-2] DEBUG o.s.c.c.CharSequenceEncoder - [62e168b7] Writing "759. foo bar"
12:31:26.247 [XNIO-15 I/O-2] DEBUG o.s.c.c.CharSequenceEncoder - [62e168b7] Writing "760. foo bar"
12:31:26.248 [XNIO-15 I/O-2] DEBUG o.s.c.c.CharSequenceEncoder - [62e168b7] Writing "761. foo bar"
12:31:26.248 [XNIO-15 I/O-2] DEBUG o.s.c.c.CharSequenceEncoder - [62e168b7] Writing "762. foo bar"
12:31:26.249 [XNIO-15 I/O-2] DEBUG o.s.c.c.CharSequenceEncoder - [62e168b7] Writing "763. foo bar"
12:31:26.249 [XNIO-15 I/O-2] DEBUG o.s.c.c.CharSequenceEncoder - [62e168b7] Writing "764. foo bar"
12:31:26.249 [XNIO-15 I/O-2] DEBUG o.s.c.c.CharSequenceEncoder - [62e168b7] Writing "765. foo bar"
12:31:26.249 [XNIO-15 I/O-2] DEBUG o.s.c.c.CharSequenceEncoder - [62e168b7] Writing "766. foo bar"
12:31:26.249 [XNIO-15 I/O-2] DEBUG o.s.c.c.CharSequenceEncoder - [62e168b7] Writing "767. foo bar"
12:31:26.250 [XNIO-15 I/O-2] DEBUG o.s.c.c.CharSequenceEncoder - [62e168b7] Writing "768. foo bar"
12:31:26.250 [XNIO-15 I/O-2] DEBUG o.s.c.c.CharSequenceEncoder - [62e168b7] Writing "769. foo bar"
12:31:26.250 [XNIO-15 I/O-2] DEBUG o.s.c.c.CharSequenceEncoder - [62e168b7] Writing "770. foo bar"
12:31:26.250 [XNIO-15 I/O-2] DEBUG o.s.c.c.CharSequenceEncoder - [62e168b7] Writing "771. foo bar"
12:31:26.251 [XNIO-15 I/O-2] DEBUG o.s.c.c.CharSequenceEncoder - [62e168b7] Writing "772. foo bar"
12:31:26.251 [XNIO-15 I/O-2] DEBUG o.s.c.c.CharSequenceEncoder - [62e168b7] Writing "773. foo bar"
12:31:26.251 [XNIO-15 I/O-2] DEBUG o.s.c.c.CharSequenceEncoder - [62e168b7] Writing "774. foo bar"
12:31:26.252 [XNIO-15 I/O-2] DEBUG o.s.c.c.CharSequenceEncoder - [62e168b7] Writing "775. foo bar"
12:31:26.252 [XNIO-15 I/O-2] DEBUG o.s.c.c.CharSequenceEncoder - [62e168b7] Writing "776. foo bar"
12:31:26.252 [XNIO-15 I/O-2] DEBUG o.s.c.c.CharSequenceEncoder - [62e168b7] Writing "777. foo bar"
12:31:26.255 [XNIO-15 I/O-2] DEBUG o.s.c.c.CharSequenceEncoder - [62e168b7] Writing "778. foo bar"
12:31:26.273 [XNIO-15 I/O-2] DEBUG o.s.c.c.CharSequenceEncoder - [62e168b7] Writing "779. foo bar"
12:31:26.290 [XNIO-15 I/O-2] DEBUG o.s.c.c.CharSequenceEncoder - [62e168b7] Writing "780. foo bar"
12:31:26.291 [XNIO-15 I/O-2] DEBUG o.s.c.c.CharSequenceEncoder - [62e168b7] Writing "781. foo bar"
12:31:26.291 [XNIO-15 I/O-2] DEBUG o.s.c.c.CharSequenceEncoder - [62e168b7] Writing "782. foo bar"
12:31:26.291 [XNIO-15 I/O-2] DEBUG o.s.c.c.CharSequenceEncoder - [62e168b7] Writing "783. foo bar"
12:31:26.292 [XNIO-15 I/O-2] DEBUG o.s.c.c.CharSequenceEncoder - [62e168b7] Writing "784. foo bar"
12:31:26.292 [XNIO-15 I/O-2] DEBUG o.s.c.c.CharSequenceEncoder - [62e168b7] Writing "785. foo bar"
12:31:26.292 [XNIO-15 I/O-2] DEBUG o.s.c.c.CharSequenceEncoder - [62e168b7] Writing "786. foo bar"
12:31:26.293 [XNIO-15 I/O-2] DEBUG o.s.c.c.CharSequenceEncoder - [62e168b7] Writing "787. foo bar"
12:31:26.293 [XNIO-15 I/O-2] DEBUG o.s.c.c.CharSequenceEncoder - [62e168b7] Writing "788. foo bar"
12:31:26.294 [XNIO-15 I/O-2] DEBUG o.s.c.c.CharSequenceEncoder - [62e168b7] Writing "789. foo bar"
12:31:26.294 [XNIO-15 I/O-2] DEBUG o.s.c.c.CharSequenceEncoder - [62e168b7] Writing "790. foo bar"
12:31:26.295 [XNIO-15 I/O-2] DEBUG o.s.c.c.CharSequenceEncoder - [62e168b7] Writing "791. foo bar"
12:31:26.295 [XNIO-15 I/O-2] DEBUG o.s.c.c.CharSequenceEncoder - [62e168b7] Writing "792. foo bar"
12:31:26.295 [XNIO-15 I/O-2] DEBUG o.s.c.c.CharSequenceEncoder - [62e168b7] Writing "793. foo bar"
12:31:26.296 [XNIO-15 I/O-2] DEBUG o.s.c.c.CharSequenceEncoder - [62e168b7] Writing "794. foo bar"
12:31:26.296 [XNIO-15 I/O-2] DEBUG o.s.c.c.CharSequenceEncoder - [62e168b7] Writing "795. foo bar"
12:31:26.297 [XNIO-15 I/O-2] DEBUG o.s.c.c.CharSequenceEncoder - [62e168b7] Writing "796. foo bar"
12:31:26.297 [XNIO-15 I/O-2] DEBUG o.s.c.c.CharSequenceEncoder - [62e168b7] Writing "797. foo bar"
12:31:26.297 [XNIO-15 I/O-2] DEBUG o.s.c.c.CharSequenceEncoder - [62e168b7] Writing "798. foo bar"
12:31:26.298 [XNIO-15 I/O-2] DEBUG o.s.c.c.CharSequenceEncoder - [62e168b7] Writing "799. foo bar"
12:31:26.309 [XNIO-15 I/O-2] DEBUG o.s.c.c.CharSequenceEncoder - [62e168b7] Writing "800. foo bar"
12:31:26.309 [XNIO-15 I/O-2] DEBUG o.s.c.c.CharSequenceEncoder - [62e168b7] Writing "801. foo bar"
12:31:26.310 [XNIO-15 I/O-2] DEBUG o.s.c.c.CharSequenceEncoder - [62e168b7] Writing "802. foo bar"
12:31:26.310 [XNIO-15 I/O-2] DEBUG o.s.c.c.CharSequenceEncoder - [62e168b7] Writing "803. foo bar"
12:31:26.311 [XNIO-15 I/O-2] DEBUG o.s.c.c.CharSequenceEncoder - [62e168b7] Writing "804. foo bar"
12:31:26.311 [XNIO-15 I/O-2] DEBUG o.s.c.c.CharSequenceEncoder - [62e168b7] Writing "805. foo bar"
12:31:26.311 [XNIO-15 I/O-2] DEBUG o.s.c.c.CharSequenceEncoder - [62e168b7] Writing "806. foo bar"
12:31:26.311 [XNIO-15 I/O-2] DEBUG o.s.c.c.CharSequenceEncoder - [62e168b7] Writing "807. foo bar"
12:31:26.312 [XNIO-15 I/O-2] DEBUG o.s.c.c.CharSequenceEncoder - [62e168b7] Writing "808. foo bar"
12:31:26.312 [XNIO-15 I/O-2] DEBUG o.s.c.c.CharSequenceEncoder - [62e168b7] Writing "809. foo bar"
12:31:26.312 [XNIO-15 I/O-2] DEBUG o.s.c.c.CharSequenceEncoder - [62e168b7] Writing "810. foo bar"
12:31:26.313 [XNIO-15 I/O-2] DEBUG o.s.c.c.CharSequenceEncoder - [62e168b7] Writing "811. foo bar"
12:31:26.313 [XNIO-15 I/O-2] DEBUG o.s.c.c.CharSequenceEncoder - [62e168b7] Writing "812. foo bar"
12:31:26.313 [XNIO-15 I/O-2] DEBUG o.s.c.c.CharSequenceEncoder - [62e168b7] Writing "813. foo bar"
12:31:26.314 [XNIO-15 I/O-2] DEBUG o.s.c.c.CharSequenceEncoder - [62e168b7] Writing "814. foo bar"
12:31:26.314 [XNIO-15 I/O-2] DEBUG o.s.c.c.CharSequenceEncoder - [62e168b7] Writing "815. foo bar"
12:31:26.314 [XNIO-15 I/O-2] DEBUG o.s.c.c.CharSequenceEncoder - [62e168b7] Writing "816. foo bar"
12:31:26.315 [XNIO-15 I/O-2] DEBUG o.s.c.c.CharSequenceEncoder - [62e168b7] Writing "817. foo bar"
12:31:26.315 [XNIO-15 I/O-2] DEBUG o.s.c.c.CharSequenceEncoder - [62e168b7] Writing "818. foo bar"
12:31:26.315 [XNIO-15 I/O-2] DEBUG o.s.c.c.CharSequenceEncoder - [62e168b7] Writing "819. foo bar"
12:31:26.315 [XNIO-15 I/O-2] DEBUG o.s.c.c.CharSequenceEncoder - [62e168b7] Writing "820. foo bar"
12:31:26.316 [XNIO-15 I/O-2] DEBUG o.s.c.c.CharSequenceEncoder - [62e168b7] Writing "821. foo bar"
12:31:26.316 [XNIO-15 I/O-2] DEBUG o.s.c.c.CharSequenceEncoder - [62e168b7] Writing "822. foo bar"
12:31:26.316 [XNIO-15 I/O-2] DEBUG o.s.c.c.CharSequenceEncoder - [62e168b7] Writing "823. foo bar"
12:31:26.317 [XNIO-15 I/O-2] DEBUG o.s.c.c.CharSequenceEncoder - [62e168b7] Writing "824. foo bar"
12:31:26.317 [XNIO-15 I/O-2] DEBUG o.s.c.c.CharSequenceEncoder - [62e168b7] Writing "825. foo bar"
12:31:26.317 [XNIO-15 I/O-2] DEBUG o.s.c.c.CharSequenceEncoder - [62e168b7] Writing "826. foo bar"
12:31:26.317 [XNIO-15 I/O-2] DEBUG o.s.c.c.CharSequenceEncoder - [62e168b7] Writing "827. foo bar"
12:31:26.318 [XNIO-15 I/O-2] DEBUG o.s.c.c.CharSequenceEncoder - [62e168b7] Writing "828. foo bar"
12:31:26.318 [XNIO-15 I/O-2] DEBUG o.s.c.c.CharSequenceEncoder - [62e168b7] Writing "829. foo bar"
12:31:26.318 [XNIO-15 I/O-2] DEBUG o.s.c.c.CharSequenceEncoder - [62e168b7] Writing "830. foo bar"
12:31:26.319 [XNIO-15 I/O-2] DEBUG o.s.c.c.CharSequenceEncoder - [62e168b7] Writing "831. foo bar"
12:31:26.327 [XNIO-15 I/O-2] DEBUG o.s.c.c.CharSequenceEncoder - [62e168b7] Writing "832. foo bar"
12:31:26.328 [XNIO-15 I/O-2] DEBUG o.s.c.c.CharSequenceEncoder - [62e168b7] Writing "833. foo bar"
12:31:26.328 [XNIO-15 I/O-2] DEBUG o.s.c.c.CharSequenceEncoder - [62e168b7] Writing "834. foo bar"
12:31:26.329 [XNIO-15 I/O-2] DEBUG o.s.c.c.CharSequenceEncoder - [62e168b7] Writing "835. foo bar"
12:31:26.330 [XNIO-15 I/O-2] DEBUG o.s.c.c.CharSequenceEncoder - [62e168b7] Writing "836. foo bar"
12:31:26.331 [XNIO-15 I/O-2] DEBUG o.s.c.c.CharSequenceEncoder - [62e168b7] Writing "837. foo bar"
12:31:26.331 [XNIO-15 I/O-2] DEBUG o.s.c.c.CharSequenceEncoder - [62e168b7] Writing "838. foo bar"
12:31:26.332 [XNIO-15 I/O-2] DEBUG o.s.c.c.CharSequenceEncoder - [62e168b7] Writing "839. foo bar"
12:31:26.332 [XNIO-15 I/O-2] DEBUG o.s.c.c.CharSequenceEncoder - [62e168b7] Writing "840. foo bar"
12:31:26.333 [XNIO-15 I/O-2] DEBUG o.s.c.c.CharSequenceEncoder - [62e168b7] Writing "841. foo bar"
12:31:26.333 [XNIO-15 I/O-2] DEBUG o.s.c.c.CharSequenceEncoder - [62e168b7] Writing "842. foo bar"
12:31:26.333 [XNIO-15 I/O-2] DEBUG o.s.c.c.CharSequenceEncoder - [62e168b7] Writing "843. foo bar"
12:31:26.334 [XNIO-15 I/O-2] DEBUG o.s.c.c.CharSequenceEncoder - [62e168b7] Writing "844. foo bar"
12:31:26.334 [XNIO-15 I/O-2] DEBUG o.s.c.c.CharSequenceEncoder - [62e168b7] Writing "845. foo bar"
12:31:26.334 [XNIO-15 I/O-2] DEBUG o.s.c.c.CharSequenceEncoder - [62e168b7] Writing "846. foo bar"
12:31:26.335 [XNIO-15 I/O-2] DEBUG o.s.c.c.CharSequenceEncoder - [62e168b7] Writing "847. foo bar"
12:31:26.335 [XNIO-15 I/O-2] DEBUG o.s.c.c.CharSequenceEncoder - [62e168b7] Writing "848. foo bar"
12:31:26.335 [XNIO-15 I/O-2] DEBUG o.s.c.c.CharSequenceEncoder - [62e168b7] Writing "849. foo bar"
12:31:26.336 [XNIO-15 I/O-2] DEBUG o.s.c.c.CharSequenceEncoder - [62e168b7] Writing "850. foo bar"
12:31:26.336 [XNIO-15 I/O-2] DEBUG o.s.c.c.CharSequenceEncoder - [62e168b7] Writing "851. foo bar"
12:31:26.337 [XNIO-15 I/O-2] DEBUG o.s.c.c.CharSequenceEncoder - [62e168b7] Writing "852. foo bar"
12:31:26.337 [XNIO-15 I/O-2] DEBUG o.s.c.c.CharSequenceEncoder - [62e168b7] Writing "853. foo bar"
12:31:26.337 [XNIO-15 I/O-2] DEBUG o.s.c.c.CharSequenceEncoder - [62e168b7] Writing "854. foo bar"
12:31:26.338 [XNIO-15 I/O-2] DEBUG o.s.c.c.CharSequenceEncoder - [62e168b7] Writing "855. foo bar"
12:31:26.338 [XNIO-15 I/O-2] DEBUG o.s.c.c.CharSequenceEncoder - [62e168b7] Writing "856. foo bar"
12:31:26.338 [XNIO-15 I/O-2] DEBUG o.s.c.c.CharSequenceEncoder - [62e168b7] Writing "857. foo bar"
12:31:26.339 [XNIO-15 I/O-2] DEBUG o.s.c.c.CharSequenceEncoder - [62e168b7] Writing "858. foo bar"
12:31:26.339 [XNIO-15 I/O-2] DEBUG o.s.c.c.CharSequenceEncoder - [62e168b7] Writing "859. foo bar"
12:31:26.340 [XNIO-15 I/O-2] DEBUG o.s.c.c.CharSequenceEncoder - [62e168b7] Writing "860. foo bar"
12:31:26.340 [XNIO-15 I/O-2] DEBUG o.s.c.c.CharSequenceEncoder - [62e168b7] Writing "861. foo bar"
12:31:26.341 [XNIO-15 I/O-2] DEBUG o.s.c.c.CharSequenceEncoder - [62e168b7] Writing "862. foo bar"
12:31:26.341 [XNIO-15 I/O-2] DEBUG o.s.c.c.CharSequenceEncoder - [62e168b7] Writing "863. foo bar"
12:31:26.341 [XNIO-15 I/O-2] DEBUG o.s.c.c.CharSequenceEncoder - [62e168b7] Writing "864. foo bar"
12:31:26.342 [XNIO-15 I/O-2] DEBUG o.s.c.c.CharSequenceEncoder - [62e168b7] Writing "865. foo bar"
12:31:26.342 [XNIO-15 I/O-2] DEBUG o.s.c.c.CharSequenceEncoder - [62e168b7] Writing "866. foo bar"
12:31:26.342 [XNIO-15 I/O-2] DEBUG o.s.c.c.CharSequenceEncoder - [62e168b7] Writing "867. foo bar"
12:31:26.343 [XNIO-15 I/O-2] DEBUG o.s.c.c.CharSequenceEncoder - [62e168b7] Writing "868. foo bar"
12:31:26.343 [XNIO-15 I/O-2] DEBUG o.s.c.c.CharSequenceEncoder - [62e168b7] Writing "869. foo bar"
12:31:26.344 [XNIO-15 I/O-2] DEBUG o.s.c.c.CharSequenceEncoder - [62e168b7] Writing "870. foo bar"
12:31:26.344 [XNIO-15 I/O-2] DEBUG o.s.c.c.CharSequenceEncoder - [62e168b7] Writing "871. foo bar"
12:31:26.344 [XNIO-15 I/O-2] DEBUG o.s.c.c.CharSequenceEncoder - [62e168b7] Writing "872. foo bar"
12:31:26.345 [XNIO-15 I/O-2] DEBUG o.s.c.c.CharSequenceEncoder - [62e168b7] Writing "873. foo bar"
12:31:26.345 [XNIO-15 I/O-2] DEBUG o.s.c.c.CharSequenceEncoder - [62e168b7] Writing "874. foo bar"
12:31:26.346 [XNIO-15 I/O-2] DEBUG o.s.c.c.CharSequenceEncoder - [62e168b7] Writing "875. foo bar"
12:31:26.346 [XNIO-15 I/O-2] DEBUG o.s.c.c.CharSequenceEncoder - [62e168b7] Writing "876. foo bar"
12:31:26.346 [XNIO-15 I/O-2] DEBUG o.s.c.c.CharSequenceEncoder - [62e168b7] Writing "877. foo bar"
12:31:26.347 [XNIO-15 I/O-2] DEBUG o.s.c.c.CharSequenceEncoder - [62e168b7] Writing "878. foo bar"
12:31:26.347 [XNIO-15 I/O-2] DEBUG o.s.c.c.CharSequenceEncoder - [62e168b7] Writing "879. foo bar"
12:31:26.347 [XNIO-15 I/O-2] DEBUG o.s.c.c.CharSequenceEncoder - [62e168b7] Writing "880. foo bar"
12:31:26.347 [XNIO-15 I/O-2] DEBUG o.s.c.c.CharSequenceEncoder - [62e168b7] Writing "881. foo bar"
12:31:26.348 [XNIO-15 I/O-2] DEBUG o.s.c.c.CharSequenceEncoder - [62e168b7] Writing "882. foo bar"
12:31:26.348 [XNIO-15 I/O-2] DEBUG o.s.c.c.CharSequenceEncoder - [62e168b7] Writing "883. foo bar"
12:31:26.348 [XNIO-15 I/O-2] DEBUG o.s.c.c.CharSequenceEncoder - [62e168b7] Writing "884. foo bar"
12:31:26.349 [XNIO-15 I/O-2] DEBUG o.s.c.c.CharSequenceEncoder - [62e168b7] Writing "885. foo bar"
12:31:26.349 [XNIO-15 I/O-2] DEBUG o.s.c.c.CharSequenceEncoder - [62e168b7] Writing "886. foo bar"
12:31:26.349 [XNIO-15 I/O-2] DEBUG o.s.c.c.CharSequenceEncoder - [62e168b7] Writing "887. foo bar"
12:31:26.350 [XNIO-15 I/O-2] DEBUG o.s.c.c.CharSequenceEncoder - [62e168b7] Writing "888. foo bar"
12:31:26.350 [XNIO-15 I/O-2] DEBUG o.s.c.c.CharSequenceEncoder - [62e168b7] Writing "889. foo bar"
12:31:26.350 [XNIO-15 I/O-2] DEBUG o.s.c.c.CharSequenceEncoder - [62e168b7] Writing "890. foo bar"
12:31:26.351 [XNIO-15 I/O-2] DEBUG o.s.c.c.CharSequenceEncoder - [62e168b7] Writing "891. foo bar"
12:31:26.351 [XNIO-15 I/O-2] DEBUG o.s.c.c.CharSequenceEncoder - [62e168b7] Writing "892. foo bar"
12:31:26.351 [XNIO-15 I/O-2] DEBUG o.s.c.c.CharSequenceEncoder - [62e168b7] Writing "893. foo bar"
12:31:26.352 [XNIO-15 I/O-2] DEBUG o.s.c.c.CharSequenceEncoder - [62e168b7] Writing "894. foo bar"
12:31:26.352 [XNIO-15 I/O-2] DEBUG o.s.c.c.CharSequenceEncoder - [62e168b7] Writing "895. foo bar"
12:31:26.352 [XNIO-15 I/O-2] DEBUG o.s.c.c.CharSequenceEncoder - [62e168b7] Writing "896. foo bar"
12:31:26.353 [XNIO-15 I/O-2] DEBUG o.s.c.c.CharSequenceEncoder - [62e168b7] Writing "897. foo bar"
12:31:26.353 [XNIO-15 I/O-2] DEBUG o.s.c.c.CharSequenceEncoder - [62e168b7] Writing "898. foo bar"
12:31:26.353 [XNIO-15 I/O-2] DEBUG o.s.c.c.CharSequenceEncoder - [62e168b7] Writing "899. foo bar"
12:31:26.354 [XNIO-15 I/O-2] DEBUG o.s.c.c.CharSequenceEncoder - [62e168b7] Writing "900. foo bar"
12:31:26.354 [XNIO-15 I/O-2] DEBUG o.s.c.c.CharSequenceEncoder - [62e168b7] Writing "901. foo bar"
12:31:26.354 [XNIO-15 I/O-2] DEBUG o.s.c.c.CharSequenceEncoder - [62e168b7] Writing "902. foo bar"
12:31:26.355 [XNIO-15 I/O-2] DEBUG o.s.c.c.CharSequenceEncoder - [62e168b7] Writing "903. foo bar"
12:31:26.356 [XNIO-15 I/O-2] DEBUG o.s.c.c.CharSequenceEncoder - [62e168b7] Writing "904. foo bar"
12:31:26.356 [XNIO-15 I/O-2] DEBUG o.s.c.c.CharSequenceEncoder - [62e168b7] Writing "905. foo bar"
12:31:26.356 [XNIO-15 I/O-2] DEBUG o.s.c.c.CharSequenceEncoder - [62e168b7] Writing "906. foo bar"
12:31:26.357 [XNIO-15 I/O-2] DEBUG o.s.c.c.CharSequenceEncoder - [62e168b7] Writing "907. foo bar"
12:31:26.357 [XNIO-15 I/O-2] DEBUG o.s.c.c.CharSequenceEncoder - [62e168b7] Writing "908. foo bar"
12:31:26.357 [XNIO-15 I/O-2] DEBUG o.s.c.c.CharSequenceEncoder - [62e168b7] Writing "909. foo bar"
12:31:26.358 [XNIO-15 I/O-2] DEBUG o.s.c.c.CharSequenceEncoder - [62e168b7] Writing "910. foo bar"
12:31:26.358 [XNIO-15 I/O-2] DEBUG o.s.c.c.CharSequenceEncoder - [62e168b7] Writing "911. foo bar"
12:31:26.358 [XNIO-15 I/O-2] DEBUG o.s.c.c.CharSequenceEncoder - [62e168b7] Writing "912. foo bar"
12:31:26.359 [XNIO-15 I/O-2] DEBUG o.s.c.c.CharSequenceEncoder - [62e168b7] Writing "913. foo bar"
12:31:26.359 [XNIO-15 I/O-2] DEBUG o.s.c.c.CharSequenceEncoder - [62e168b7] Writing "914. foo bar"
12:31:26.359 [XNIO-15 I/O-2] DEBUG o.s.c.c.CharSequenceEncoder - [62e168b7] Writing "915. foo bar"
12:31:26.360 [XNIO-15 I/O-2] DEBUG o.s.c.c.CharSequenceEncoder - [62e168b7] Writing "916. foo bar"
12:31:26.360 [XNIO-15 I/O-2] DEBUG o.s.c.c.CharSequenceEncoder - [62e168b7] Writing "917. foo bar"
12:31:26.360 [XNIO-15 I/O-2] DEBUG o.s.c.c.CharSequenceEncoder - [62e168b7] Writing "918. foo bar"
12:31:26.361 [XNIO-15 I/O-2] DEBUG o.s.c.c.CharSequenceEncoder - [62e168b7] Writing "919. foo bar"
12:31:26.361 [XNIO-15 I/O-2] DEBUG o.s.c.c.CharSequenceEncoder - [62e168b7] Writing "920. foo bar"
12:31:26.362 [XNIO-15 I/O-2] DEBUG o.s.c.c.CharSequenceEncoder - [62e168b7] Writing "921. foo bar"
12:31:26.362 [XNIO-15 I/O-2] DEBUG o.s.c.c.CharSequenceEncoder - [62e168b7] Writing "922. foo bar"
12:31:26.362 [XNIO-15 I/O-2] DEBUG o.s.c.c.CharSequenceEncoder - [62e168b7] Writing "923. foo bar"
12:31:26.363 [XNIO-15 I/O-2] DEBUG o.s.c.c.CharSequenceEncoder - [62e168b7] Writing "924. foo bar"
12:31:26.363 [XNIO-15 I/O-2] DEBUG o.s.c.c.CharSequenceEncoder - [62e168b7] Writing "925. foo bar"
12:31:26.363 [XNIO-15 I/O-2] DEBUG o.s.c.c.CharSequenceEncoder - [62e168b7] Writing "926. foo bar"
12:31:26.364 [XNIO-15 I/O-2] DEBUG o.s.c.c.CharSequenceEncoder - [62e168b7] Writing "927. foo bar"
12:31:26.364 [XNIO-15 I/O-2] DEBUG o.s.c.c.CharSequenceEncoder - [62e168b7] Writing "928. foo bar"
12:31:26.364 [XNIO-15 I/O-2] DEBUG o.s.c.c.CharSequenceEncoder - [62e168b7] Writing "929. foo bar"
12:31:26.365 [XNIO-15 I/O-2] DEBUG o.s.c.c.CharSequenceEncoder - [62e168b7] Writing "930. foo bar"
12:31:26.365 [XNIO-15 I/O-2] DEBUG o.s.c.c.CharSequenceEncoder - [62e168b7] Writing "931. foo bar"
12:31:26.366 [XNIO-15 I/O-2] DEBUG o.s.c.c.CharSequenceEncoder - [62e168b7] Writing "932. foo bar"
12:31:26.366 [XNIO-15 I/O-2] DEBUG o.s.c.c.CharSequenceEncoder - [62e168b7] Writing "933. foo bar"
12:31:26.366 [XNIO-15 I/O-2] DEBUG o.s.c.c.CharSequenceEncoder - [62e168b7] Writing "934. foo bar"
12:31:26.367 [XNIO-15 I/O-2] DEBUG o.s.c.c.CharSequenceEncoder - [62e168b7] Writing "935. foo bar"
12:31:26.367 [XNIO-15 I/O-2] DEBUG o.s.c.c.CharSequenceEncoder - [62e168b7] Writing "936. foo bar"
12:31:26.367 [XNIO-15 I/O-2] DEBUG o.s.c.c.CharSequenceEncoder - [62e168b7] Writing "937. foo bar"
12:31:26.368 [XNIO-15 I/O-2] DEBUG o.s.c.c.CharSequenceEncoder - [62e168b7] Writing "938. foo bar"
12:31:26.368 [XNIO-15 I/O-2] DEBUG o.s.c.c.CharSequenceEncoder - [62e168b7] Writing "939. foo bar"
12:31:26.368 [XNIO-15 I/O-2] DEBUG o.s.c.c.CharSequenceEncoder - [62e168b7] Writing "940. foo bar"
12:31:26.369 [XNIO-15 I/O-2] DEBUG o.s.c.c.CharSequenceEncoder - [62e168b7] Writing "941. foo bar"
12:31:26.369 [XNIO-15 I/O-2] DEBUG o.s.c.c.CharSequenceEncoder - [62e168b7] Writing "942. foo bar"
12:31:26.369 [XNIO-15 I/O-2] DEBUG o.s.c.c.CharSequenceEncoder - [62e168b7] Writing "943. foo bar"
12:31:26.370 [XNIO-15 I/O-2] DEBUG o.s.c.c.CharSequenceEncoder - [62e168b7] Writing "944. foo bar"
12:31:26.370 [XNIO-15 I/O-2] DEBUG o.s.c.c.CharSequenceEncoder - [62e168b7] Writing "945. foo bar"
12:31:26.371 [XNIO-15 I/O-2] DEBUG o.s.c.c.CharSequenceEncoder - [62e168b7] Writing "946. foo bar"
12:31:26.371 [XNIO-15 I/O-2] DEBUG o.s.c.c.CharSequenceEncoder - [62e168b7] Writing "947. foo bar"
12:31:26.371 [XNIO-15 I/O-2] DEBUG o.s.c.c.CharSequenceEncoder - [62e168b7] Writing "948. foo bar"
12:31:26.372 [XNIO-15 I/O-2] DEBUG o.s.c.c.CharSequenceEncoder - [62e168b7] Writing "949. foo bar"
12:31:26.372 [XNIO-15 I/O-2] DEBUG o.s.c.c.CharSequenceEncoder - [62e168b7] Writing "950. foo bar"
12:31:26.373 [XNIO-15 I/O-2] DEBUG o.s.c.c.CharSequenceEncoder - [62e168b7] Writing "951. foo bar"
12:31:26.373 [XNIO-15 I/O-2] DEBUG o.s.c.c.CharSequenceEncoder - [62e168b7] Writing "952. foo bar"
12:31:26.374 [XNIO-15 I/O-2] DEBUG o.s.c.c.CharSequenceEncoder - [62e168b7] Writing "953. foo bar"
12:31:26.374 [XNIO-15 I/O-2] DEBUG o.s.c.c.CharSequenceEncoder - [62e168b7] Writing "954. foo bar"
12:31:26.374 [XNIO-15 I/O-2] DEBUG o.s.c.c.CharSequenceEncoder - [62e168b7] Writing "955. foo bar"
12:31:26.375 [XNIO-15 I/O-2] DEBUG o.s.c.c.CharSequenceEncoder - [62e168b7] Writing "956. foo bar"
12:31:26.375 [XNIO-15 I/O-2] DEBUG o.s.c.c.CharSequenceEncoder - [62e168b7] Writing "957. foo bar"
12:31:26.375 [XNIO-15 I/O-2] DEBUG o.s.c.c.CharSequenceEncoder - [62e168b7] Writing "958. foo bar"
12:31:26.376 [XNIO-15 I/O-2] DEBUG o.s.c.c.CharSequenceEncoder - [62e168b7] Writing "959. foo bar"
12:31:26.376 [XNIO-15 I/O-2] DEBUG o.s.c.c.CharSequenceEncoder - [62e168b7] Writing "960. foo bar"
12:31:26.376 [XNIO-15 I/O-2] DEBUG o.s.c.c.CharSequenceEncoder - [62e168b7] Writing "961. foo bar"
12:31:26.376 [XNIO-15 I/O-2] DEBUG o.s.c.c.CharSequenceEncoder - [62e168b7] Writing "962. foo bar"
12:31:26.377 [XNIO-15 I/O-2] DEBUG o.s.c.c.CharSequenceEncoder - [62e168b7] Writing "963. foo bar"
12:31:26.377 [XNIO-15 I/O-2] DEBUG o.s.c.c.CharSequenceEncoder - [62e168b7] Writing "964. foo bar"
12:31:26.377 [XNIO-15 I/O-2] DEBUG o.s.c.c.CharSequenceEncoder - [62e168b7] Writing "965. foo bar"
12:31:26.378 [XNIO-15 I/O-2] DEBUG o.s.c.c.CharSequenceEncoder - [62e168b7] Writing "966. foo bar"
12:31:26.378 [XNIO-15 I/O-2] DEBUG o.s.c.c.CharSequenceEncoder - [62e168b7] Writing "967. foo bar"
12:31:26.378 [XNIO-15 I/O-2] DEBUG o.s.c.c.CharSequenceEncoder - [62e168b7] Writing "968. foo bar"
12:31:26.378 [XNIO-15 I/O-2] DEBUG o.s.c.c.CharSequenceEncoder - [62e168b7] Writing "969. foo bar"
12:31:26.379 [XNIO-15 I/O-2] DEBUG o.s.c.c.CharSequenceEncoder - [62e168b7] Writing "970. foo bar"
12:31:26.379 [XNIO-15 I/O-2] DEBUG o.s.c.c.CharSequenceEncoder - [62e168b7] Writing "971. foo bar"
12:31:26.379 [XNIO-15 I/O-2] DEBUG o.s.c.c.CharSequenceEncoder - [62e168b7] Writing "972. foo bar"
12:31:26.380 [XNIO-15 I/O-2] DEBUG o.s.c.c.CharSequenceEncoder - [62e168b7] Writing "973. foo bar"
12:31:26.381 [XNIO-15 I/O-2] DEBUG o.s.c.c.CharSequenceEncoder - [62e168b7] Writing "974. foo bar"
12:31:26.381 [XNIO-15 I/O-2] DEBUG o.s.c.c.CharSequenceEncoder - [62e168b7] Writing "975. foo bar"
12:31:26.382 [XNIO-15 I/O-2] DEBUG o.s.c.c.CharSequenceEncoder - [62e168b7] Writing "976. foo bar"
12:31:26.382 [XNIO-15 I/O-2] DEBUG o.s.c.c.CharSequenceEncoder - [62e168b7] Writing "977. foo bar"
12:31:26.382 [XNIO-15 I/O-2] DEBUG o.s.c.c.CharSequenceEncoder - [62e168b7] Writing "978. foo bar"
12:31:26.383 [XNIO-15 I/O-2] DEBUG o.s.c.c.CharSequenceEncoder - [62e168b7] Writing "979. foo bar"
12:31:26.383 [XNIO-15 I/O-2] DEBUG o.s.c.c.CharSequenceEncoder - [62e168b7] Writing "980. foo bar"
12:31:26.383 [XNIO-15 I/O-2] DEBUG o.s.c.c.CharSequenceEncoder - [62e168b7] Writing "981. foo bar"
12:31:26.384 [XNIO-15 I/O-2] DEBUG o.s.c.c.CharSequenceEncoder - [62e168b7] Writing "982. foo bar"
12:31:26.384 [XNIO-15 I/O-2] DEBUG o.s.c.c.CharSequenceEncoder - [62e168b7] Writing "983. foo bar"
12:31:26.384 [XNIO-15 I/O-2] DEBUG o.s.c.c.CharSequenceEncoder - [62e168b7] Writing "984. foo bar"
12:31:26.385 [XNIO-15 I/O-2] DEBUG o.s.c.c.CharSequenceEncoder - [62e168b7] Writing "985. foo bar"
12:31:26.385 [XNIO-15 I/O-2] DEBUG o.s.c.c.CharSequenceEncoder - [62e168b7] Writing "986. foo bar"
12:31:26.385 [XNIO-15 I/O-2] DEBUG o.s.c.c.CharSequenceEncoder - [62e168b7] Writing "987. foo bar"
12:31:26.386 [XNIO-15 I/O-2] DEBUG o.s.c.c.CharSequenceEncoder - [62e168b7] Writing "988. foo bar"
12:31:26.386 [XNIO-15 I/O-2] DEBUG o.s.c.c.CharSequenceEncoder - [62e168b7] Writing "989. foo bar"
12:31:26.386 [XNIO-15 I/O-2] DEBUG o.s.c.c.CharSequenceEncoder - [62e168b7] Writing "990. foo bar"
12:31:26.387 [XNIO-15 I/O-2] DEBUG o.s.c.c.CharSequenceEncoder - [62e168b7] Writing "991. foo bar"
12:31:26.405 [XNIO-15 I/O-2] DEBUG o.s.c.c.CharSequenceEncoder - [62e168b7] Writing "992. foo bar"
12:31:26.405 [XNIO-15 I/O-2] DEBUG o.s.c.c.CharSequenceEncoder - [62e168b7] Writing "993. foo bar"
12:31:26.406 [XNIO-15 I/O-2] DEBUG o.s.c.c.CharSequenceEncoder - [62e168b7] Writing "994. foo bar"
12:31:26.406 [XNIO-15 I/O-2] DEBUG o.s.c.c.CharSequenceEncoder - [62e168b7] Writing "995. foo bar"
12:31:26.408 [XNIO-15 I/O-2] DEBUG o.s.c.c.CharSequenceEncoder - [62e168b7] Writing "996. foo bar"
12:31:26.410 [XNIO-15 I/O-2] DEBUG o.s.c.c.CharSequenceEncoder - [62e168b7] Writing "997. foo bar"
12:31:26.412 [XNIO-15 I/O-2] DEBUG o.s.c.c.CharSequenceEncoder - [62e168b7] Writing "998. foo bar"
12:31:26.413 [XNIO-15 I/O-2] DEBUG o.s.c.c.CharSequenceEncoder - [62e168b7] Writing "999. foo bar"
12:31:26.422 [XNIO-15 I/O-2] ERROR o.s.w.s.a.HttpWebHandlerAdapter - [62e168b7] Error [java.lang.RuntimeException: Random error] for HTTP GET "/SPR-16051", but ServerHttpResponse already committed (200 OK)
12:31:26.423 [XNIO-15 I/O-2] DEBUG o.s.h.s.r.UndertowHttpHandlerAdapter - [62e168b7] Closing connection
12:31:26.426 [Test worker] DEBUG o.s.w.t.h.s.r.b.UndertowHttpServer - Stopping UndertowHttpServer...
12:31:26.426 [Test worker] INFO  i.undertow - stopping server: Undertow - 2.0.32.Final
12:31:26.433 [Test worker] DEBUG o.s.w.t.h.s.r.b.UndertowHttpServer - Server stopped (0 millis).
12:31:26.521 [Test worker] DEBUG o.s.w.r.r.m.a.RequestMappingHandlerMapping - 6 mappings in 'requestMappingHandlerMapping'
12:31:26.613 [Test worker] DEBUG o.s.w.r.r.m.a.ControllerMethodResolver - ControllerAdvice beans: none
12:31:26.689 [Test worker] DEBUG o.s.w.s.a.HttpWebHandlerAdapter - enableLoggingRequestDetails='false': form data and headers will be masked to prevent unsafe logging of potentially sensitive data
12:31:26.689 [Test worker] WARN  o.e.j.s.h.ContextHandler - Empty contextPath
12:31:26.690 [Test worker] INFO  o.e.j.s.h.ContextHandler - Started o.e.j.s.ServletContextHandler@293b76d4{/,null,AVAILABLE}
12:31:26.690 [Test worker] DEBUG o.s.w.t.h.s.r.b.JettyHttpServer - Starting JettyHttpServer...
12:31:26.690 [Test worker] INFO  o.e.j.s.Server - jetty-9.4.31.v20200723; built: 2020-07-23T17:57:36.812Z; git: 450ba27947e13e66baa8cd1ce7e85a4461cacc1d; jvm 1.8.0_191-b12
12:31:26.723 [Test worker] INFO  o.e.j.s.AbstractConnector - Started ServerConnector@69645d84{HTTP/1.1, (http/1.1)}{0.0.0.0:49669}
12:31:26.723 [Test worker] INFO  o.e.j.s.Server - Started @174424ms
12:31:26.723 [Test worker] DEBUG o.s.w.t.h.s.r.b.JettyHttpServer - Server started on port 49669(0 millis).
12:31:26.723 [Test worker] DEBUG o.s.w.c.RestTemplate - HTTP GET http://localhost:49669/thrown-exception-with-cause
12:31:26.724 [Test worker] DEBUG o.s.w.c.RestTemplate - Accept=[text/plain, application/json, application/x-jackson-smile, application/*+json, */*]
12:31:26.731 [qtp1340950778-582] DEBUG o.s.w.s.a.HttpWebHandlerAdapter - [3fe586cf] HTTP GET "/thrown-exception-with-cause"
12:31:26.731 [qtp1340950778-582] DEBUG o.s.w.r.r.m.a.RequestMappingHandlerMapping - [3fe586cf] Mapped to org.springframework.web.reactive.result.method.annotation.RequestMappingExceptionHandlingIntegrationTests$TestController#handleAndThrowExceptionWithCause()
12:31:26.732 [qtp1340950778-582] DEBUG o.s.w.r.r.m.a.RequestMappingHandlerAdapter - [3fe586cf] Using @ExceptionHandler org.springframework.web.reactive.result.method.annotation.RequestMappingExceptionHandlingIntegrationTests$TestController#handleStateException(IllegalStateException)
12:31:26.733 [qtp1340950778-582] DEBUG o.s.w.r.r.m.a.ResponseEntityResultHandler - Using 'text/plain;charset=UTF-8' given [text/plain, application/json, application/x-jackson-smile, application/*+json, */*] and supported [text/plain;charset=UTF-8, text/event-stream, text/plain;charset=UTF-8, */*]
12:31:26.733 [qtp1340950778-582] DEBUG o.s.w.r.r.m.a.ResponseEntityResultHandler - [3fe586cf] 0..1 [java.lang.String]
12:31:26.733 [qtp1340950778-582] DEBUG o.s.c.c.CharSequenceEncoder - [3fe586cf] Writing "Recovered from error: State"
12:31:26.735 [Test worker] DEBUG o.s.w.c.RestTemplate - Response 200 OK
12:31:26.735 [Test worker] DEBUG o.s.w.c.RestTemplate - Reading to [java.lang.String] as "text/plain;charset=utf-8"
12:31:26.735 [qtp1340950778-582] DEBUG o.s.w.s.a.HttpWebHandlerAdapter - [3fe586cf] Completed 200 OK
12:31:26.735 [Test worker] DEBUG o.s.w.t.h.s.r.b.JettyHttpServer - Stopping JettyHttpServer...
12:31:26.735 [Test worker] INFO  o.e.j.s.h.ContextHandler - Stopped o.e.j.s.ServletContextHandler@293b76d4{/,null,UNAVAILABLE}
12:31:26.738 [Test worker] INFO  o.e.j.s.AbstractConnector - Stopped ServerConnector@69645d84{HTTP/1.1, (http/1.1)}{0.0.0.0:0}
12:31:26.738 [Test worker] DEBUG o.s.w.t.h.s.r.b.JettyHttpServer - Server stopped (0 millis).
12:31:26.883 [Test worker] DEBUG o.s.w.r.r.m.a.RequestMappingHandlerMapping - 6 mappings in 'requestMappingHandlerMapping'
12:31:26.983 [Test worker] DEBUG o.s.w.r.r.m.a.ControllerMethodResolver - ControllerAdvice beans: none
12:31:27.041 [Test worker] DEBUG o.s.w.s.a.HttpWebHandlerAdapter - enableLoggingRequestDetails='false': form data and headers will be masked to prevent unsafe logging of potentially sensitive data
12:31:27.041 [Test worker] DEBUG o.s.w.t.h.s.r.b.ReactorHttpServer - Starting ReactorHttpServer...
12:31:27.044 [Test worker] DEBUG o.s.w.t.h.s.r.b.ReactorHttpServer - Server started on port 49700(0 millis).
12:31:27.044 [Test worker] DEBUG o.s.w.c.RestTemplate - HTTP GET http://localhost:49700/thrown-exception-with-cause
12:31:27.045 [Test worker] DEBUG o.s.w.c.RestTemplate - Accept=[text/plain, application/json, application/x-jackson-smile, application/*+json, */*]
12:31:27.048 [reactor-http-nio-4] DEBUG o.s.w.s.a.HttpWebHandlerAdapter - [513cbe4e-16] HTTP GET "/thrown-exception-with-cause"
12:31:27.049 [reactor-http-nio-4] DEBUG o.s.w.r.r.m.a.RequestMappingHandlerMapping - [513cbe4e-16] Mapped to org.springframework.web.reactive.result.method.annotation.RequestMappingExceptionHandlingIntegrationTests$TestController#handleAndThrowExceptionWithCause()
12:31:27.050 [reactor-http-nio-4] DEBUG o.s.w.r.r.m.a.RequestMappingHandlerAdapter - [513cbe4e-16] Using @ExceptionHandler org.springframework.web.reactive.result.method.annotation.RequestMappingExceptionHandlingIntegrationTests$TestController#handleStateException(IllegalStateException)
12:31:27.050 [reactor-http-nio-4] DEBUG o.s.w.r.r.m.a.ResponseEntityResultHandler - Using 'text/plain;charset=UTF-8' given [text/plain, application/json, application/x-jackson-smile, application/*+json, */*] and supported [text/plain;charset=UTF-8, text/event-stream, text/plain;charset=UTF-8, */*]
12:31:27.051 [reactor-http-nio-4] DEBUG o.s.w.r.r.m.a.ResponseEntityResultHandler - [513cbe4e-16] 0..1 [java.lang.String]
12:31:27.051 [reactor-http-nio-4] DEBUG o.s.c.c.CharSequenceEncoder - [513cbe4e-16] Writing "Recovered from error: State"
12:31:27.053 [reactor-http-nio-4] DEBUG o.s.w.s.a.HttpWebHandlerAdapter - [513cbe4e-16] Completed 200 OK
12:31:27.053 [Test worker] DEBUG o.s.w.c.RestTemplate - Response 200 OK
12:31:27.054 [Test worker] DEBUG o.s.w.c.RestTemplate - Reading to [java.lang.String] as "text/plain;charset=UTF-8"
12:31:27.054 [Test worker] DEBUG o.s.w.t.h.s.r.b.ReactorHttpServer - Stopping ReactorHttpServer...
12:31:27.054 [Test worker] DEBUG o.s.w.t.h.s.r.b.ReactorHttpServer - Server stopped (0 millis).
12:31:27.147 [Test worker] DEBUG o.s.w.r.r.m.a.RequestMappingHandlerMapping - 6 mappings in 'requestMappingHandlerMapping'
12:31:27.202 [Test worker] DEBUG o.s.w.r.r.m.a.ControllerMethodResolver - ControllerAdvice beans: none
12:31:27.256 [Test worker] DEBUG o.s.w.s.a.HttpWebHandlerAdapter - enableLoggingRequestDetails='false': form data and headers will be masked to prevent unsafe logging of potentially sensitive data
12:31:27.260 [Test worker] DEBUG o.s.w.t.h.s.r.b.TomcatHttpServer - Starting TomcatHttpServer...
12:31:27.337 [Test worker] DEBUG o.s.w.t.h.s.r.b.TomcatHttpServer - Server started on port 49707(0 millis).
12:31:27.338 [Test worker] DEBUG o.s.w.c.RestTemplate - HTTP GET http://localhost:49707/thrown-exception-with-cause
12:31:27.338 [Test worker] DEBUG o.s.w.c.RestTemplate - Accept=[text/plain, application/json, application/x-jackson-smile, application/*+json, */*]
12:31:31.827 [http-nio-auto-16-exec-1] DEBUG o.s.w.s.a.HttpWebHandlerAdapter - [60979275] HTTP GET "/thrown-exception-with-cause"
12:31:31.828 [http-nio-auto-16-exec-1] DEBUG o.s.w.r.r.m.a.RequestMappingHandlerMapping - [60979275] Mapped to org.springframework.web.reactive.result.method.annotation.RequestMappingExceptionHandlingIntegrationTests$TestController#handleAndThrowExceptionWithCause()
12:31:31.829 [http-nio-auto-16-exec-1] DEBUG o.s.w.r.r.m.a.RequestMappingHandlerAdapter - [60979275] Using @ExceptionHandler org.springframework.web.reactive.result.method.annotation.RequestMappingExceptionHandlingIntegrationTests$TestController#handleStateException(IllegalStateException)
12:31:31.830 [http-nio-auto-16-exec-1] DEBUG o.s.w.r.r.m.a.ResponseEntityResultHandler - Using 'text/plain;charset=UTF-8' given [text/plain, application/json, application/x-jackson-smile, application/*+json, */*] and supported [text/plain;charset=UTF-8, text/event-stream, text/plain;charset=UTF-8, */*]
12:31:31.830 [http-nio-auto-16-exec-1] DEBUG o.s.w.r.r.m.a.ResponseEntityResultHandler - [60979275] 0..1 [java.lang.String]
12:31:31.830 [http-nio-auto-16-exec-1] DEBUG o.s.c.c.CharSequenceEncoder - [60979275] Writing "Recovered from error: State"
12:31:31.831 [http-nio-auto-16-exec-1] DEBUG o.s.w.s.a.HttpWebHandlerAdapter - [60979275] Completed 200 OK
12:31:31.831 [Test worker] DEBUG o.s.w.c.RestTemplate - Response 200 OK
12:31:31.831 [Test worker] DEBUG o.s.w.c.RestTemplate - Reading to [java.lang.String] as "text/plain;charset=UTF-8"
12:31:32.008 [Test worker] DEBUG o.s.w.t.h.s.r.b.TomcatHttpServer - Stopping TomcatHttpServer...
12:31:32.622 [Test worker] DEBUG o.s.w.t.h.s.r.b.TomcatHttpServer - Server stopped (0 millis).
12:31:32.785 [Test worker] DEBUG o.s.w.r.r.m.a.RequestMappingHandlerMapping - 6 mappings in 'requestMappingHandlerMapping'
12:31:32.856 [Test worker] DEBUG o.s.w.r.r.m.a.ControllerMethodResolver - ControllerAdvice beans: none
12:31:32.965 [Test worker] DEBUG o.s.w.s.a.HttpWebHandlerAdapter - enableLoggingRequestDetails='false': form data and headers will be masked to prevent unsafe logging of potentially sensitive data
12:31:32.966 [Test worker] DEBUG o.s.w.t.h.s.r.b.UndertowHttpServer - Starting UndertowHttpServer...
12:31:32.966 [Test worker] INFO  i.undertow - starting server: Undertow - 2.0.32.Final
12:31:32.996 [Test worker] DEBUG o.s.w.t.h.s.r.b.UndertowHttpServer - Server started on port 49842(0 millis).
12:31:32.997 [Test worker] DEBUG o.s.w.c.RestTemplate - HTTP GET http://localhost:49842/thrown-exception-with-cause
12:31:32.998 [Test worker] DEBUG o.s.w.c.RestTemplate - Accept=[text/plain, application/json, application/x-jackson-smile, application/*+json, */*]
12:31:33.004 [XNIO-16 I/O-2] DEBUG o.s.w.s.a.HttpWebHandlerAdapter - [3d74daa] HTTP GET "/thrown-exception-with-cause"
12:31:33.004 [XNIO-16 I/O-2] DEBUG o.s.w.r.r.m.a.RequestMappingHandlerMapping - [3d74daa] Mapped to org.springframework.web.reactive.result.method.annotation.RequestMappingExceptionHandlingIntegrationTests$TestController#handleAndThrowExceptionWithCause()
12:31:33.005 [XNIO-16 I/O-2] DEBUG o.s.w.r.r.m.a.RequestMappingHandlerAdapter - [3d74daa] Using @ExceptionHandler org.springframework.web.reactive.result.method.annotation.RequestMappingExceptionHandlingIntegrationTests$TestController#handleStateException(IllegalStateException)
12:31:33.005 [XNIO-16 I/O-2] DEBUG o.s.w.r.r.m.a.ResponseEntityResultHandler - Using 'text/plain;charset=UTF-8' given [text/plain, application/json, application/x-jackson-smile, application/*+json, */*] and supported [text/plain;charset=UTF-8, text/event-stream, text/plain;charset=UTF-8, */*]
12:31:33.005 [XNIO-16 I/O-2] DEBUG o.s.w.r.r.m.a.ResponseEntityResultHandler - [3d74daa] 0..1 [java.lang.String]
12:31:33.005 [XNIO-16 I/O-2] DEBUG o.s.c.c.CharSequenceEncoder - [3d74daa] Writing "Recovered from error: State"
12:31:33.006 [XNIO-16 I/O-2] DEBUG o.s.w.s.a.HttpWebHandlerAdapter - [3d74daa] Completed 200 OK
12:31:33.006 [Test worker] DEBUG o.s.w.c.RestTemplate - Response 200 OK
12:31:33.006 [Test worker] DEBUG o.s.w.c.RestTemplate - Reading to [java.lang.String] as "text/plain;charset=UTF-8"
12:31:33.007 [Test worker] DEBUG o.s.w.t.h.s.r.b.UndertowHttpServer - Stopping UndertowHttpServer...
12:31:33.007 [Test worker] INFO  i.undertow - stopping server: Undertow - 2.0.32.Final
12:31:33.011 [Test worker] DEBUG o.s.w.t.h.s.r.b.UndertowHttpServer - Server stopped (0 millis).
]]></system-out>
  <system-err><![CDATA[]]></system-err>
</testsuite>
