<?xml version="1.0" encoding="UTF-8"?>
<testsuite name="org.springframework.web.reactive.function.server.RouterFunctionTests" tests="4" skipped="0" failures="0" errors="0" timestamp="2020-12-12T04:30:05" hostname="DESKTOP-TMNPDT1" time="0.022">
  <properties/>
  <testcase name="filter()" classname="org.springframework.web.reactive.function.server.RouterFunctionTests" time="0.008"/>
  <testcase name="andOther()" classname="org.springframework.web.reactive.function.server.RouterFunctionTests" time="0.008"/>
  <testcase name="andRoute()" classname="org.springframework.web.reactive.function.server.RouterFunctionTests" time="0.003"/>
  <testcase name="and()" classname="org.springframework.web.reactive.function.server.RouterFunctionTests" time="0.002"/>
  <system-out><![CDATA[]]></system-out>
  <system-err><![CDATA[]]></system-err>
</testsuite>
