<?xml version="1.0" encoding="UTF-8"?>
<testsuite name="org.springframework.web.reactive.function.client.ExchangeFilterFunctionsTests" tests="9" skipped="0" failures="0" errors="0" timestamp="2020-12-12T04:28:54" hostname="DESKTOP-TMNPDT1" time="1.669">
  <properties/>
  <testcase name="basicAuthenticationInvalidCharacters()" classname="org.springframework.web.reactive.function.client.ExchangeFilterFunctionsTests" time="0.011"/>
  <testcase name="basicAuthenticationUsernamePassword()" classname="org.springframework.web.reactive.function.client.ExchangeFilterFunctionsTests" time="0.129"/>
  <testcase name="statusHandlerNoMatch()" classname="org.springframework.web.reactive.function.client.ExchangeFilterFunctionsTests" time="0.029"/>
  <testcase name="andThen()" classname="org.springframework.web.reactive.function.client.ExchangeFilterFunctionsTests" time="0.003"/>
  <testcase name="basicAuthenticationAttributes()" classname="org.springframework.web.reactive.function.client.ExchangeFilterFunctionsTests" time="0.006"/>
  <testcase name="limitResponseSize()" classname="org.springframework.web.reactive.function.client.ExchangeFilterFunctionsTests" time="1.47"/>
  <testcase name="apply()" classname="org.springframework.web.reactive.function.client.ExchangeFilterFunctionsTests" time="0.002"/>
  <testcase name="basicAuthenticationAbsentAttributes()" classname="org.springframework.web.reactive.function.client.ExchangeFilterFunctionsTests" time="0.002"/>
  <testcase name="statusHandlerMatch()" classname="org.springframework.web.reactive.function.client.ExchangeFilterFunctionsTests" time="0.01"/>
  <system-out><![CDATA[12:28:55.681 [Test worker] WARN  o.s.h.c.j.Jackson2ObjectMapperBuilder - For Jackson Kotlin classes support please add "com.fasterxml.jackson.module:jackson-module-kotlin" to the classpath
]]></system-out>
  <system-err><![CDATA[]]></system-err>
</testsuite>
