<?xml version="1.0" encoding="UTF-8"?>
<testsuite name="org.springframework.web.reactive.result.view.freemarker.FreeMarkerMacroTests" tests="27" skipped="0" failures="0" errors="0" timestamp="2020-12-12T04:33:29" hostname="DESKTOP-TMNPDT1" time="0.85">
  <properties/>
  <testcase name="formSingleSelectFromList()" classname="org.springframework.web.reactive.result.view.freemarker.FreeMarkerMacroTests" time="0.325"/>
  <testcase name="formInputText()" classname="org.springframework.web.reactive.result.view.freemarker.FreeMarkerMacroTests" time="0.021"/>
  <testcase name="formMultiSelect()" classname="org.springframework.web.reactive.result.view.freemarker.FreeMarkerMacroTests" time="0.029"/>
  <testcase name="formInputWithCss()" classname="org.springframework.web.reactive.result.view.freemarker.FreeMarkerMacroTests" time="0.026"/>
  <testcase name="formRadioButtons()" classname="org.springframework.web.reactive.result.view.freemarker.FreeMarkerMacroTests" time="0.038"/>
  <testcase name="springMacroRequestContextIsAutomaticallyExposedAsModelAttribute()" classname="org.springframework.web.reactive.result.view.freemarker.FreeMarkerMacroTests" time="0.026"/>
  <testcase name="defaultMessage()" classname="org.springframework.web.reactive.result.view.freemarker.FreeMarkerMacroTests" time="0.019"/>
  <testcase name="formCheckboxForStringArray()" classname="org.springframework.web.reactive.result.view.freemarker.FreeMarkerMacroTests" time="0.026"/>
  <testcase name="formInputPassword()" classname="org.springframework.web.reactive.result.view.freemarker.FreeMarkerMacroTests" time="0.02"/>
  <testcase name="formCheckboxForBooleanProperty()" classname="org.springframework.web.reactive.result.view.freemarker.FreeMarkerMacroTests" time="0.027"/>
  <testcase name="formCheckboxForStringProperty()" classname="org.springframework.web.reactive.result.view.freemarker.FreeMarkerMacroTests" time="0.017"/>
  <testcase name="messageArgs()" classname="org.springframework.web.reactive.result.view.freemarker.FreeMarkerMacroTests" time="0.015"/>
  <testcase name="formCheckboxForNestedPath()" classname="org.springframework.web.reactive.result.view.freemarker.FreeMarkerMacroTests" time="0.016"/>
  <testcase name="urlParams()" classname="org.springframework.web.reactive.result.view.freemarker.FreeMarkerMacroTests" time="0.017"/>
  <testcase name="age()" classname="org.springframework.web.reactive.result.view.freemarker.FreeMarkerMacroTests" time="0.016"/>
  <testcase name="url()" classname="org.springframework.web.reactive.result.view.freemarker.FreeMarkerMacroTests" time="0.019"/>
  <testcase name="name()" classname="org.springframework.web.reactive.result.view.freemarker.FreeMarkerMacroTests" time="0.014"/>
  <testcase name="formSingleSelectFromMap()" classname="org.springframework.web.reactive.result.view.freemarker.FreeMarkerMacroTests" time="0.016"/>
  <testcase name="formTextareaWithCustomRowsAndColumns()" classname="org.springframework.web.reactive.result.view.freemarker.FreeMarkerMacroTests" time="0.015"/>
  <testcase name="message()" classname="org.springframework.web.reactive.result.view.freemarker.FreeMarkerMacroTests" time="0.016"/>
  <testcase name="forInputWithNestedPath()" classname="org.springframework.web.reactive.result.view.freemarker.FreeMarkerMacroTests" time="0.014"/>
  <testcase name="formTextarea()" classname="org.springframework.web.reactive.result.view.freemarker.FreeMarkerMacroTests" time="0.014"/>
  <testcase name="messageArgsWithDefaultMessage()" classname="org.springframework.web.reactive.result.view.freemarker.FreeMarkerMacroTests" time="0.013"/>
  <testcase name="formPasswordInput()" classname="org.springframework.web.reactive.result.view.freemarker.FreeMarkerMacroTests" time="0.014"/>
  <testcase name="formHiddenInput()" classname="org.springframework.web.reactive.result.view.freemarker.FreeMarkerMacroTests" time="0.018"/>
  <testcase name="formInput()" classname="org.springframework.web.reactive.result.view.freemarker.FreeMarkerMacroTests" time="0.017"/>
  <testcase name="formInputHidden()" classname="org.springframework.web.reactive.result.view.freemarker.FreeMarkerMacroTests" time="0.018"/>
  <system-out><![CDATA[12:33:29.370 [Test worker] DEBUG o.s.w.r.r.v.f.FreeMarkerConfigurer - Template loader path [class path resource []] resolved to file path [D:\IDEA\source_code\spring-framework-V5.1.11.RELEASE\spring-framework\spring-webflux\build\classes\java\test]
12:33:29.373 [Test worker] DEBUG o.s.w.r.r.v.f.FreeMarkerConfigurer - Template loader path [URL [file://C:/Users/Admin/AppData/Local/Temp/]] resolved to file path [C:\Users\Admin\AppData\Local\Temp]
12:33:29.382 [Test worker] DEBUG o.s.w.r.r.v.f.FreeMarkerView - [4a4fc298] View name 'myView', model {command=Darren, springMacroRequestContext=org.springframework.web.reactive.result.view.DummyMacroRequestContext@19b94560, msgArgs=[Ljava.lang.Object;@670d770e, nameOptionMap={Rob&Harrop=Rob Harrop, Darren=Darren Davison, John=John Doe, Fred=Fred Bloggs}, options=[Rob Harrop, Darren Davison, John Doe, Fred Bloggs]}
12:33:29.385 [Test worker] DEBUG o.s.w.r.r.v.f.FreeMarkerView - [4a4fc298] Rendering [tmp.ftl]
12:33:29.695 [Test worker] DEBUG o.s.w.r.r.v.f.FreeMarkerConfigurer - Template loader path [class path resource []] resolved to file path [D:\IDEA\source_code\spring-framework-V5.1.11.RELEASE\spring-framework\spring-webflux\build\classes\java\test]
12:33:29.696 [Test worker] DEBUG o.s.w.r.r.v.f.FreeMarkerConfigurer - Template loader path [URL [file://C:/Users/Admin/AppData/Local/Temp/]] resolved to file path [C:\Users\Admin\AppData\Local\Temp]
12:33:29.698 [Test worker] DEBUG o.s.w.r.r.v.f.FreeMarkerView - [30445efb] View name 'myView', model {command=Darren, springMacroRequestContext=org.springframework.web.reactive.result.view.DummyMacroRequestContext@7b7e42bb, msgArgs=[Ljava.lang.Object;@e6a84e3, nameOptionMap={Rob&Harrop=Rob Harrop, Darren=Darren Davison, John=John Doe, Fred=Fred Bloggs}, options=[Rob Harrop, Darren Davison, John Doe, Fred Bloggs]}
12:33:29.698 [Test worker] DEBUG o.s.w.r.r.v.f.FreeMarkerView - [30445efb] Rendering [tmp.ftl]
12:33:29.717 [Test worker] DEBUG o.s.w.r.r.v.f.FreeMarkerConfigurer - Template loader path [class path resource []] resolved to file path [D:\IDEA\source_code\spring-framework-V5.1.11.RELEASE\spring-framework\spring-webflux\build\classes\java\test]
12:33:29.717 [Test worker] DEBUG o.s.w.r.r.v.f.FreeMarkerConfigurer - Template loader path [URL [file://C:/Users/Admin/AppData/Local/Temp/]] resolved to file path [C:\Users\Admin\AppData\Local\Temp]
12:33:29.720 [Test worker] DEBUG o.s.w.r.r.v.f.FreeMarkerView - [2440901] View name 'myView', model {command=Darren, springMacroRequestContext=org.springframework.web.reactive.result.view.DummyMacroRequestContext@33140692, msgArgs=[Ljava.lang.Object;@53427a7a, nameOptionMap={Rob&Harrop=Rob Harrop, Darren=Darren Davison, John=John Doe, Fred=Fred Bloggs}, options=[Rob Harrop, Darren Davison, John Doe, Fred Bloggs]}
12:33:29.720 [Test worker] DEBUG o.s.w.r.r.v.f.FreeMarkerView - [2440901] Rendering [tmp.ftl]
12:33:29.746 [Test worker] DEBUG o.s.w.r.r.v.f.FreeMarkerConfigurer - Template loader path [class path resource []] resolved to file path [D:\IDEA\source_code\spring-framework-V5.1.11.RELEASE\spring-framework\spring-webflux\build\classes\java\test]
12:33:29.746 [Test worker] DEBUG o.s.w.r.r.v.f.FreeMarkerConfigurer - Template loader path [URL [file://C:/Users/Admin/AppData/Local/Temp/]] resolved to file path [C:\Users\Admin\AppData\Local\Temp]
12:33:29.751 [Test worker] DEBUG o.s.w.r.r.v.f.FreeMarkerView - [b4e7aaa] View name 'myView', model {command=Darren, springMacroRequestContext=org.springframework.web.reactive.result.view.DummyMacroRequestContext@11e89f25, msgArgs=[Ljava.lang.Object;@17c6d08c, nameOptionMap={Rob&Harrop=Rob Harrop, Darren=Darren Davison, John=John Doe, Fred=Fred Bloggs}, options=[Rob Harrop, Darren Davison, John Doe, Fred Bloggs]}
12:33:29.752 [Test worker] DEBUG o.s.w.r.r.v.f.FreeMarkerView - [b4e7aaa] Rendering [tmp.ftl]
12:33:29.773 [Test worker] DEBUG o.s.w.r.r.v.f.FreeMarkerConfigurer - Template loader path [class path resource []] resolved to file path [D:\IDEA\source_code\spring-framework-V5.1.11.RELEASE\spring-framework\spring-webflux\build\classes\java\test]
12:33:29.773 [Test worker] DEBUG o.s.w.r.r.v.f.FreeMarkerConfigurer - Template loader path [URL [file://C:/Users/Admin/AppData/Local/Temp/]] resolved to file path [C:\Users\Admin\AppData\Local\Temp]
12:33:29.778 [Test worker] DEBUG o.s.w.r.r.v.f.FreeMarkerView - [6eea7a29] View name 'myView', model {command=Darren, springMacroRequestContext=org.springframework.web.reactive.result.view.DummyMacroRequestContext@29564feb, msgArgs=[Ljava.lang.Object;@5cf49516, nameOptionMap={Rob&Harrop=Rob Harrop, Darren=Darren Davison, John=John Doe, Fred=Fred Bloggs}, options=[Rob Harrop, Darren Davison, John Doe, Fred Bloggs]}
12:33:29.779 [Test worker] DEBUG o.s.w.r.r.v.f.FreeMarkerView - [6eea7a29] Rendering [tmp.ftl]
12:33:29.811 [Test worker] DEBUG o.s.w.r.r.v.f.FreeMarkerConfigurer - Template loader path [class path resource []] resolved to file path [D:\IDEA\source_code\spring-framework-V5.1.11.RELEASE\spring-framework\spring-webflux\build\classes\java\test]
12:33:29.811 [Test worker] DEBUG o.s.w.r.r.v.f.FreeMarkerConfigurer - Template loader path [URL [file://C:/Users/Admin/AppData/Local/Temp/]] resolved to file path [C:\Users\Admin\AppData\Local\Temp]
12:33:29.814 [Test worker] DEBUG o.s.w.r.r.v.f.FreeMarkerMacroTests$1 - [23bde141] View name 'myView', model {testBean=Dilbert}
12:33:29.815 [Test worker] DEBUG o.s.w.r.r.v.f.FreeMarkerMacroTests$1 - [23bde141] Rendering [tmp.ftl]
12:33:29.837 [Test worker] DEBUG o.s.w.r.r.v.f.FreeMarkerConfigurer - Template loader path [class path resource []] resolved to file path [D:\IDEA\source_code\spring-framework-V5.1.11.RELEASE\spring-framework\spring-webflux\build\classes\java\test]
12:33:29.837 [Test worker] DEBUG o.s.w.r.r.v.f.FreeMarkerConfigurer - Template loader path [URL [file://C:/Users/Admin/AppData/Local/Temp/]] resolved to file path [C:\Users\Admin\AppData\Local\Temp]
12:33:29.840 [Test worker] DEBUG o.s.w.r.r.v.f.FreeMarkerView - [32f6940b] View name 'myView', model {command=Darren, springMacroRequestContext=org.springframework.web.reactive.result.view.DummyMacroRequestContext@7abd20f, msgArgs=[Ljava.lang.Object;@1f2606aa, nameOptionMap={Rob&Harrop=Rob Harrop, Darren=Darren Davison, John=John Doe, Fred=Fred Bloggs}, options=[Rob Harrop, Darren Davison, John Doe, Fred Bloggs]}
12:33:29.840 [Test worker] DEBUG o.s.w.r.r.v.f.FreeMarkerView - [32f6940b] Rendering [tmp.ftl]
12:33:29.860 [Test worker] DEBUG o.s.w.r.r.v.f.FreeMarkerConfigurer - Template loader path [class path resource []] resolved to file path [D:\IDEA\source_code\spring-framework-V5.1.11.RELEASE\spring-framework\spring-webflux\build\classes\java\test]
12:33:29.860 [Test worker] DEBUG o.s.w.r.r.v.f.FreeMarkerConfigurer - Template loader path [URL [file://C:/Users/Admin/AppData/Local/Temp/]] resolved to file path [C:\Users\Admin\AppData\Local\Temp]
12:33:29.863 [Test worker] DEBUG o.s.w.r.r.v.f.FreeMarkerView - [3986422a] View name 'myView', model {command=Darren, springMacroRequestContext=org.springframework.web.reactive.result.view.DummyMacroRequestContext@5b914d78, msgArgs=[Ljava.lang.Object;@1d1d739d, nameOptionMap={Rob&Harrop=Rob Harrop, Darren=Darren Davison, John=John Doe, Fred=Fred Bloggs}, options=[Rob Harrop, Darren Davison, John Doe, Fred Bloggs]}
12:33:29.863 [Test worker] DEBUG o.s.w.r.r.v.f.FreeMarkerView - [3986422a] Rendering [tmp.ftl]
12:33:29.888 [Test worker] DEBUG o.s.w.r.r.v.f.FreeMarkerConfigurer - Template loader path [class path resource []] resolved to file path [D:\IDEA\source_code\spring-framework-V5.1.11.RELEASE\spring-framework\spring-webflux\build\classes\java\test]
12:33:29.888 [Test worker] DEBUG o.s.w.r.r.v.f.FreeMarkerConfigurer - Template loader path [URL [file://C:/Users/Admin/AppData/Local/Temp/]] resolved to file path [C:\Users\Admin\AppData\Local\Temp]
12:33:29.891 [Test worker] DEBUG o.s.w.r.r.v.f.FreeMarkerView - [2c245dd5] View name 'myView', model {command=Darren, springMacroRequestContext=org.springframework.web.reactive.result.view.DummyMacroRequestContext@318cd898, msgArgs=[Ljava.lang.Object;@18472623, nameOptionMap={Rob&Harrop=Rob Harrop, Darren=Darren Davison, John=John Doe, Fred=Fred Bloggs}, options=[Rob Harrop, Darren Davison, John Doe, Fred Bloggs]}
12:33:29.891 [Test worker] DEBUG o.s.w.r.r.v.f.FreeMarkerView - [2c245dd5] Rendering [tmp.ftl]
12:33:29.910 [Test worker] DEBUG o.s.w.r.r.v.f.FreeMarkerConfigurer - Template loader path [class path resource []] resolved to file path [D:\IDEA\source_code\spring-framework-V5.1.11.RELEASE\spring-framework\spring-webflux\build\classes\java\test]
12:33:29.910 [Test worker] DEBUG o.s.w.r.r.v.f.FreeMarkerConfigurer - Template loader path [URL [file://C:/Users/Admin/AppData/Local/Temp/]] resolved to file path [C:\Users\Admin\AppData\Local\Temp]
12:33:29.920 [Test worker] DEBUG o.s.w.r.r.v.f.FreeMarkerView - [6d05d8aa] View name 'myView', model {command=Darren, springMacroRequestContext=org.springframework.web.reactive.result.view.DummyMacroRequestContext@618a520e, msgArgs=[Ljava.lang.Object;@6b97e7aa, nameOptionMap={Rob&Harrop=Rob Harrop, Darren=Darren Davison, John=John Doe, Fred=Fred Bloggs}, options=[Rob Harrop, Darren Davison, John Doe, Fred Bloggs]}
12:33:29.920 [Test worker] DEBUG o.s.w.r.r.v.f.FreeMarkerView - [6d05d8aa] Rendering [tmp.ftl]
12:33:29.936 [Test worker] DEBUG o.s.w.r.r.v.f.FreeMarkerConfigurer - Template loader path [class path resource []] resolved to file path [D:\IDEA\source_code\spring-framework-V5.1.11.RELEASE\spring-framework\spring-webflux\build\classes\java\test]
12:33:29.937 [Test worker] DEBUG o.s.w.r.r.v.f.FreeMarkerConfigurer - Template loader path [URL [file://C:/Users/Admin/AppData/Local/Temp/]] resolved to file path [C:\Users\Admin\AppData\Local\Temp]
12:33:29.939 [Test worker] DEBUG o.s.w.r.r.v.f.FreeMarkerView - [6c9f1a53] View name 'myView', model {command=Darren, springMacroRequestContext=org.springframework.web.reactive.result.view.DummyMacroRequestContext@6aab6aec, msgArgs=[Ljava.lang.Object;@2d4258af, nameOptionMap={Rob&Harrop=Rob Harrop, Darren=Darren Davison, John=John Doe, Fred=Fred Bloggs}, options=[Rob Harrop, Darren Davison, John Doe, Fred Bloggs]}
12:33:29.939 [Test worker] DEBUG o.s.w.r.r.v.f.FreeMarkerView - [6c9f1a53] Rendering [tmp.ftl]
12:33:29.955 [Test worker] DEBUG o.s.w.r.r.v.f.FreeMarkerConfigurer - Template loader path [class path resource []] resolved to file path [D:\IDEA\source_code\spring-framework-V5.1.11.RELEASE\spring-framework\spring-webflux\build\classes\java\test]
12:33:29.955 [Test worker] DEBUG o.s.w.r.r.v.f.FreeMarkerConfigurer - Template loader path [URL [file://C:/Users/Admin/AppData/Local/Temp/]] resolved to file path [C:\Users\Admin\AppData\Local\Temp]
12:33:29.957 [Test worker] DEBUG o.s.w.r.r.v.f.FreeMarkerView - [779d99d5] View name 'myView', model {command=Darren, springMacroRequestContext=org.springframework.web.reactive.result.view.DummyMacroRequestContext@728e6609, msgArgs=[Ljava.lang.Object;@232b99a2, nameOptionMap={Rob&Harrop=Rob Harrop, Darren=Darren Davison, John=John Doe, Fred=Fred Bloggs}, options=[Rob Harrop, Darren Davison, John Doe, Fred Bloggs]}
12:33:29.957 [Test worker] DEBUG o.s.w.r.r.v.f.FreeMarkerView - [779d99d5] Rendering [tmp.ftl]
12:33:29.970 [Test worker] DEBUG o.s.w.r.r.v.f.FreeMarkerConfigurer - Template loader path [class path resource []] resolved to file path [D:\IDEA\source_code\spring-framework-V5.1.11.RELEASE\spring-framework\spring-webflux\build\classes\java\test]
12:33:29.971 [Test worker] DEBUG o.s.w.r.r.v.f.FreeMarkerConfigurer - Template loader path [URL [file://C:/Users/Admin/AppData/Local/Temp/]] resolved to file path [C:\Users\Admin\AppData\Local\Temp]
12:33:29.972 [Test worker] DEBUG o.s.w.r.r.v.f.FreeMarkerView - [35dd9a5a] View name 'myView', model {command=Darren, springMacroRequestContext=org.springframework.web.reactive.result.view.DummyMacroRequestContext@28f4fa12, msgArgs=[Ljava.lang.Object;@77ed3f7a, nameOptionMap={Rob&Harrop=Rob Harrop, Darren=Darren Davison, John=John Doe, Fred=Fred Bloggs}, options=[Rob Harrop, Darren Davison, John Doe, Fred Bloggs]}
12:33:29.973 [Test worker] DEBUG o.s.w.r.r.v.f.FreeMarkerView - [35dd9a5a] Rendering [tmp.ftl]
12:33:29.987 [Test worker] DEBUG o.s.w.r.r.v.f.FreeMarkerConfigurer - Template loader path [class path resource []] resolved to file path [D:\IDEA\source_code\spring-framework-V5.1.11.RELEASE\spring-framework\spring-webflux\build\classes\java\test]
12:33:29.987 [Test worker] DEBUG o.s.w.r.r.v.f.FreeMarkerConfigurer - Template loader path [URL [file://C:/Users/Admin/AppData/Local/Temp/]] resolved to file path [C:\Users\Admin\AppData\Local\Temp]
12:33:29.989 [Test worker] DEBUG o.s.w.r.r.v.f.FreeMarkerView - [3fe431e8] View name 'myView', model {command=Darren, springMacroRequestContext=org.springframework.web.reactive.result.view.DummyMacroRequestContext@748c28e1, msgArgs=[Ljava.lang.Object;@2e72fd9c, nameOptionMap={Rob&Harrop=Rob Harrop, Darren=Darren Davison, John=John Doe, Fred=Fred Bloggs}, options=[Rob Harrop, Darren Davison, John Doe, Fred Bloggs]}
12:33:29.989 [Test worker] DEBUG o.s.w.r.r.v.f.FreeMarkerView - [3fe431e8] Rendering [tmp.ftl]
12:33:30.005 [Test worker] DEBUG o.s.w.r.r.v.f.FreeMarkerConfigurer - Template loader path [class path resource []] resolved to file path [D:\IDEA\source_code\spring-framework-V5.1.11.RELEASE\spring-framework\spring-webflux\build\classes\java\test]
12:33:30.006 [Test worker] DEBUG o.s.w.r.r.v.f.FreeMarkerConfigurer - Template loader path [URL [file://C:/Users/Admin/AppData/Local/Temp/]] resolved to file path [C:\Users\Admin\AppData\Local\Temp]
12:33:30.008 [Test worker] DEBUG o.s.w.r.r.v.f.FreeMarkerView - [9fb013c] View name 'myView', model {command=Darren, springMacroRequestContext=org.springframework.web.reactive.result.view.DummyMacroRequestContext@4c8b69db, msgArgs=[Ljava.lang.Object;@5d5208b9, nameOptionMap={Rob&Harrop=Rob Harrop, Darren=Darren Davison, John=John Doe, Fred=Fred Bloggs}, options=[Rob Harrop, Darren Davison, John Doe, Fred Bloggs]}
12:33:30.008 [Test worker] DEBUG o.s.w.r.r.v.f.FreeMarkerView - [9fb013c] Rendering [tmp.ftl]
12:33:30.026 [Test worker] DEBUG o.s.w.r.r.v.f.FreeMarkerConfigurer - Template loader path [class path resource []] resolved to file path [D:\IDEA\source_code\spring-framework-V5.1.11.RELEASE\spring-framework\spring-webflux\build\classes\java\test]
12:33:30.026 [Test worker] DEBUG o.s.w.r.r.v.f.FreeMarkerConfigurer - Template loader path [URL [file://C:/Users/Admin/AppData/Local/Temp/]] resolved to file path [C:\Users\Admin\AppData\Local\Temp]
12:33:30.029 [Test worker] DEBUG o.s.w.r.r.v.f.FreeMarkerView - [7d0a3d3d] View name 'myView', model {command=Darren, springMacroRequestContext=org.springframework.web.reactive.result.view.DummyMacroRequestContext@3a6b3f2a, msgArgs=[Ljava.lang.Object;@6b41024b, nameOptionMap={Rob&Harrop=Rob Harrop, Darren=Darren Davison, John=John Doe, Fred=Fred Bloggs}, options=[Rob Harrop, Darren Davison, John Doe, Fred Bloggs]}
12:33:30.030 [Test worker] DEBUG o.s.w.r.r.v.f.FreeMarkerView - [7d0a3d3d] Rendering [tmp.ftl]
12:33:30.043 [Test worker] DEBUG o.s.w.r.r.v.f.FreeMarkerConfigurer - Template loader path [class path resource []] resolved to file path [D:\IDEA\source_code\spring-framework-V5.1.11.RELEASE\spring-framework\spring-webflux\build\classes\java\test]
12:33:30.044 [Test worker] DEBUG o.s.w.r.r.v.f.FreeMarkerConfigurer - Template loader path [URL [file://C:/Users/Admin/AppData/Local/Temp/]] resolved to file path [C:\Users\Admin\AppData\Local\Temp]
12:33:30.046 [Test worker] DEBUG o.s.w.r.r.v.f.FreeMarkerView - [cd9ef55] View name 'myView', model {command=Darren, springMacroRequestContext=org.springframework.web.reactive.result.view.DummyMacroRequestContext@f3cd2c4, msgArgs=[Ljava.lang.Object;@1a445e6b, nameOptionMap={Rob&Harrop=Rob Harrop, Darren=Darren Davison, John=John Doe, Fred=Fred Bloggs}, options=[Rob Harrop, Darren Davison, John Doe, Fred Bloggs]}
12:33:30.046 [Test worker] DEBUG o.s.w.r.r.v.f.FreeMarkerView - [cd9ef55] Rendering [tmp.ftl]
12:33:30.059 [Test worker] DEBUG o.s.w.r.r.v.f.FreeMarkerConfigurer - Template loader path [class path resource []] resolved to file path [D:\IDEA\source_code\spring-framework-V5.1.11.RELEASE\spring-framework\spring-webflux\build\classes\java\test]
12:33:30.059 [Test worker] DEBUG o.s.w.r.r.v.f.FreeMarkerConfigurer - Template loader path [URL [file://C:/Users/Admin/AppData/Local/Temp/]] resolved to file path [C:\Users\Admin\AppData\Local\Temp]
12:33:30.061 [Test worker] DEBUG o.s.w.r.r.v.f.FreeMarkerView - [66065837] View name 'myView', model {command=Darren, springMacroRequestContext=org.springframework.web.reactive.result.view.DummyMacroRequestContext@6350a5aa, msgArgs=[Ljava.lang.Object;@1d8a8c23, nameOptionMap={Rob&Harrop=Rob Harrop, Darren=Darren Davison, John=John Doe, Fred=Fred Bloggs}, options=[Rob Harrop, Darren Davison, John Doe, Fred Bloggs]}
12:33:30.061 [Test worker] DEBUG o.s.w.r.r.v.f.FreeMarkerView - [66065837] Rendering [tmp.ftl]
12:33:30.075 [Test worker] DEBUG o.s.w.r.r.v.f.FreeMarkerConfigurer - Template loader path [class path resource []] resolved to file path [D:\IDEA\source_code\spring-framework-V5.1.11.RELEASE\spring-framework\spring-webflux\build\classes\java\test]
12:33:30.076 [Test worker] DEBUG o.s.w.r.r.v.f.FreeMarkerConfigurer - Template loader path [URL [file://C:/Users/Admin/AppData/Local/Temp/]] resolved to file path [C:\Users\Admin\AppData\Local\Temp]
12:33:30.078 [Test worker] DEBUG o.s.w.r.r.v.f.FreeMarkerView - [7aba18cb] View name 'myView', model {command=Darren, springMacroRequestContext=org.springframework.web.reactive.result.view.DummyMacroRequestContext@782c99cc, msgArgs=[Ljava.lang.Object;@75cbdf6e, nameOptionMap={Rob&Harrop=Rob Harrop, Darren=Darren Davison, John=John Doe, Fred=Fred Bloggs}, options=[Rob Harrop, Darren Davison, John Doe, Fred Bloggs]}
12:33:30.078 [Test worker] DEBUG o.s.w.r.r.v.f.FreeMarkerView - [7aba18cb] Rendering [tmp.ftl]
12:33:30.092 [Test worker] DEBUG o.s.w.r.r.v.f.FreeMarkerConfigurer - Template loader path [class path resource []] resolved to file path [D:\IDEA\source_code\spring-framework-V5.1.11.RELEASE\spring-framework\spring-webflux\build\classes\java\test]
12:33:30.092 [Test worker] DEBUG o.s.w.r.r.v.f.FreeMarkerConfigurer - Template loader path [URL [file://C:/Users/Admin/AppData/Local/Temp/]] resolved to file path [C:\Users\Admin\AppData\Local\Temp]
12:33:30.094 [Test worker] DEBUG o.s.w.r.r.v.f.FreeMarkerView - [4355b9ce] View name 'myView', model {command=Darren, springMacroRequestContext=org.springframework.web.reactive.result.view.DummyMacroRequestContext@6da7484c, msgArgs=[Ljava.lang.Object;@67d196e8, nameOptionMap={Rob&Harrop=Rob Harrop, Darren=Darren Davison, John=John Doe, Fred=Fred Bloggs}, options=[Rob Harrop, Darren Davison, John Doe, Fred Bloggs]}
12:33:30.095 [Test worker] DEBUG o.s.w.r.r.v.f.FreeMarkerView - [4355b9ce] Rendering [tmp.ftl]
12:33:30.108 [Test worker] DEBUG o.s.w.r.r.v.f.FreeMarkerConfigurer - Template loader path [class path resource []] resolved to file path [D:\IDEA\source_code\spring-framework-V5.1.11.RELEASE\spring-framework\spring-webflux\build\classes\java\test]
12:33:30.108 [Test worker] DEBUG o.s.w.r.r.v.f.FreeMarkerConfigurer - Template loader path [URL [file://C:/Users/Admin/AppData/Local/Temp/]] resolved to file path [C:\Users\Admin\AppData\Local\Temp]
12:33:30.110 [Test worker] DEBUG o.s.w.r.r.v.f.FreeMarkerView - [3c81fce4] View name 'myView', model {command=Darren, springMacroRequestContext=org.springframework.web.reactive.result.view.DummyMacroRequestContext@3b73c9cd, msgArgs=[Ljava.lang.Object;@3e8ddfff, nameOptionMap={Rob&Harrop=Rob Harrop, Darren=Darren Davison, John=John Doe, Fred=Fred Bloggs}, options=[Rob Harrop, Darren Davison, John Doe, Fred Bloggs]}
12:33:30.110 [Test worker] DEBUG o.s.w.r.r.v.f.FreeMarkerView - [3c81fce4] Rendering [tmp.ftl]
12:33:30.123 [Test worker] DEBUG o.s.w.r.r.v.f.FreeMarkerConfigurer - Template loader path [class path resource []] resolved to file path [D:\IDEA\source_code\spring-framework-V5.1.11.RELEASE\spring-framework\spring-webflux\build\classes\java\test]
12:33:30.123 [Test worker] DEBUG o.s.w.r.r.v.f.FreeMarkerConfigurer - Template loader path [URL [file://C:/Users/Admin/AppData/Local/Temp/]] resolved to file path [C:\Users\Admin\AppData\Local\Temp]
12:33:30.125 [Test worker] DEBUG o.s.w.r.r.v.f.FreeMarkerView - [7009d38e] View name 'myView', model {command=Darren, springMacroRequestContext=org.springframework.web.reactive.result.view.DummyMacroRequestContext@66c5cfa6, msgArgs=[Ljava.lang.Object;@547444ea, nameOptionMap={Rob&Harrop=Rob Harrop, Darren=Darren Davison, John=John Doe, Fred=Fred Bloggs}, options=[Rob Harrop, Darren Davison, John Doe, Fred Bloggs]}
12:33:30.125 [Test worker] DEBUG o.s.w.r.r.v.f.FreeMarkerView - [7009d38e] Rendering [tmp.ftl]
12:33:30.137 [Test worker] DEBUG o.s.w.r.r.v.f.FreeMarkerConfigurer - Template loader path [class path resource []] resolved to file path [D:\IDEA\source_code\spring-framework-V5.1.11.RELEASE\spring-framework\spring-webflux\build\classes\java\test]
12:33:30.137 [Test worker] DEBUG o.s.w.r.r.v.f.FreeMarkerConfigurer - Template loader path [URL [file://C:/Users/Admin/AppData/Local/Temp/]] resolved to file path [C:\Users\Admin\AppData\Local\Temp]
12:33:30.139 [Test worker] DEBUG o.s.w.r.r.v.f.FreeMarkerView - [53867c0e] View name 'myView', model {command=Darren, springMacroRequestContext=org.springframework.web.reactive.result.view.DummyMacroRequestContext@129f1f9, msgArgs=[Ljava.lang.Object;@500b56a0, nameOptionMap={Rob&Harrop=Rob Harrop, Darren=Darren Davison, John=John Doe, Fred=Fred Bloggs}, options=[Rob Harrop, Darren Davison, John Doe, Fred Bloggs]}
12:33:30.139 [Test worker] DEBUG o.s.w.r.r.v.f.FreeMarkerView - [53867c0e] Rendering [tmp.ftl]
12:33:30.151 [Test worker] DEBUG o.s.w.r.r.v.f.FreeMarkerConfigurer - Template loader path [class path resource []] resolved to file path [D:\IDEA\source_code\spring-framework-V5.1.11.RELEASE\spring-framework\spring-webflux\build\classes\java\test]
12:33:30.152 [Test worker] DEBUG o.s.w.r.r.v.f.FreeMarkerConfigurer - Template loader path [URL [file://C:/Users/Admin/AppData/Local/Temp/]] resolved to file path [C:\Users\Admin\AppData\Local\Temp]
12:33:30.154 [Test worker] DEBUG o.s.w.r.r.v.f.FreeMarkerView - [3e5f5163] View name 'myView', model {command=Darren, springMacroRequestContext=org.springframework.web.reactive.result.view.DummyMacroRequestContext@73be59d, msgArgs=[Ljava.lang.Object;@6395efd5, nameOptionMap={Rob&Harrop=Rob Harrop, Darren=Darren Davison, John=John Doe, Fred=Fred Bloggs}, options=[Rob Harrop, Darren Davison, John Doe, Fred Bloggs]}
12:33:30.154 [Test worker] DEBUG o.s.w.r.r.v.f.FreeMarkerView - [3e5f5163] Rendering [tmp.ftl]
12:33:30.167 [Test worker] DEBUG o.s.w.r.r.v.f.FreeMarkerConfigurer - Template loader path [class path resource []] resolved to file path [D:\IDEA\source_code\spring-framework-V5.1.11.RELEASE\spring-framework\spring-webflux\build\classes\java\test]
12:33:30.167 [Test worker] DEBUG o.s.w.r.r.v.f.FreeMarkerConfigurer - Template loader path [URL [file://C:/Users/Admin/AppData/Local/Temp/]] resolved to file path [C:\Users\Admin\AppData\Local\Temp]
12:33:30.170 [Test worker] DEBUG o.s.w.r.r.v.f.FreeMarkerView - [60b85308] View name 'myView', model {command=Darren, springMacroRequestContext=org.springframework.web.reactive.result.view.DummyMacroRequestContext@6277a9f9, msgArgs=[Ljava.lang.Object;@382ddc9f, nameOptionMap={Rob&Harrop=Rob Harrop, Darren=Darren Davison, John=John Doe, Fred=Fred Bloggs}, options=[Rob Harrop, Darren Davison, John Doe, Fred Bloggs]}
12:33:30.170 [Test worker] DEBUG o.s.w.r.r.v.f.FreeMarkerView - [60b85308] Rendering [tmp.ftl]
12:33:30.185 [Test worker] DEBUG o.s.w.r.r.v.f.FreeMarkerConfigurer - Template loader path [class path resource []] resolved to file path [D:\IDEA\source_code\spring-framework-V5.1.11.RELEASE\spring-framework\spring-webflux\build\classes\java\test]
12:33:30.185 [Test worker] DEBUG o.s.w.r.r.v.f.FreeMarkerConfigurer - Template loader path [URL [file://C:/Users/Admin/AppData/Local/Temp/]] resolved to file path [C:\Users\Admin\AppData\Local\Temp]
12:33:30.188 [Test worker] DEBUG o.s.w.r.r.v.f.FreeMarkerView - [88b65cb] View name 'myView', model {command=Darren, springMacroRequestContext=org.springframework.web.reactive.result.view.DummyMacroRequestContext@72789a1, msgArgs=[Ljava.lang.Object;@2093d359, nameOptionMap={Rob&Harrop=Rob Harrop, Darren=Darren Davison, John=John Doe, Fred=Fred Bloggs}, options=[Rob Harrop, Darren Davison, John Doe, Fred Bloggs]}
12:33:30.188 [Test worker] DEBUG o.s.w.r.r.v.f.FreeMarkerView - [88b65cb] Rendering [tmp.ftl]
12:33:30.202 [Test worker] DEBUG o.s.w.r.r.v.f.FreeMarkerConfigurer - Template loader path [class path resource []] resolved to file path [D:\IDEA\source_code\spring-framework-V5.1.11.RELEASE\spring-framework\spring-webflux\build\classes\java\test]
12:33:30.202 [Test worker] DEBUG o.s.w.r.r.v.f.FreeMarkerConfigurer - Template loader path [URL [file://C:/Users/Admin/AppData/Local/Temp/]] resolved to file path [C:\Users\Admin\AppData\Local\Temp]
12:33:30.205 [Test worker] DEBUG o.s.w.r.r.v.f.FreeMarkerView - [28c3a11d] View name 'myView', model {command=Darren, springMacroRequestContext=org.springframework.web.reactive.result.view.DummyMacroRequestContext@bb2cb88, msgArgs=[Ljava.lang.Object;@1a097517, nameOptionMap={Rob&Harrop=Rob Harrop, Darren=Darren Davison, John=John Doe, Fred=Fred Bloggs}, options=[Rob Harrop, Darren Davison, John Doe, Fred Bloggs]}
12:33:30.205 [Test worker] DEBUG o.s.w.r.r.v.f.FreeMarkerView - [28c3a11d] Rendering [tmp.ftl]
]]></system-out>
  <system-err><![CDATA[]]></system-err>
</testsuite>
