<?xml version="1.0" encoding="UTF-8"?>
<testsuite name="org.springframework.web.reactive.result.view.UrlBasedViewResolverTests" tests="5" skipped="0" failures="0" errors="0" timestamp="2020-12-12T04:33:39" hostname="DESKTOP-TMNPDT1" time="0.014">
  <properties/>
  <testcase name="viewNames()" classname="org.springframework.web.reactive.result.view.UrlBasedViewResolverTests" time="0.007"/>
  <testcase name="urlBasedViewResolverDoesNotOverrideCustomRequestContextAttributeWithNull()" classname="org.springframework.web.reactive.result.view.UrlBasedViewResolverTests" time="0.001"/>
  <testcase name="redirectView()" classname="org.springframework.web.reactive.result.view.UrlBasedViewResolverTests" time="0.001"/>
  <testcase name="urlBasedViewResolverOverridesCustomRequestContextAttributeWithNonNullValue()" classname="org.springframework.web.reactive.result.view.UrlBasedViewResolverTests" time="0.002"/>
  <testcase name="customizedRedirectView()" classname="org.springframework.web.reactive.result.view.UrlBasedViewResolverTests" time="0.002"/>
  <system-out><![CDATA[]]></system-out>
  <system-err><![CDATA[]]></system-err>
</testsuite>
