<?xml version="1.0" encoding="UTF-8"?>
<testsuite name="org.springframework.web.reactive.function.server.RenderingResponseIntegrationTests" tests="8" skipped="0" failures="0" errors="0" timestamp="2020-12-12T04:30:19" hostname="DESKTOP-TMNPDT1" time="21.516">
  <properties/>
  <testcase name="filter(HttpServer)[1]" classname="org.springframework.web.reactive.function.server.RenderingResponseIntegrationTests" time="0.077"/>
  <testcase name="filter(HttpServer)[2]" classname="org.springframework.web.reactive.function.server.RenderingResponseIntegrationTests" time="0.042"/>
  <testcase name="filter(HttpServer)[3]" classname="org.springframework.web.reactive.function.server.RenderingResponseIntegrationTests" time="7.797"/>
  <testcase name="filter(HttpServer)[4]" classname="org.springframework.web.reactive.function.server.RenderingResponseIntegrationTests" time="0.133"/>
  <testcase name="normal(HttpServer)[1]" classname="org.springframework.web.reactive.function.server.RenderingResponseIntegrationTests" time="0.128"/>
  <testcase name="normal(HttpServer)[2]" classname="org.springframework.web.reactive.function.server.RenderingResponseIntegrationTests" time="0.128"/>
  <testcase name="normal(HttpServer)[3]" classname="org.springframework.web.reactive.function.server.RenderingResponseIntegrationTests" time="12.914"/>
  <testcase name="normal(HttpServer)[4]" classname="org.springframework.web.reactive.function.server.RenderingResponseIntegrationTests" time="0.109"/>
  <system-out><![CDATA[12:30:19.372 [Test worker] DEBUG o.s.w.s.a.HttpWebHandlerAdapter - enableLoggingRequestDetails='false': form data and headers will be masked to prevent unsafe logging of potentially sensitive data
12:30:19.372 [Test worker] WARN  o.e.j.s.h.ContextHandler - Empty contextPath
12:30:19.378 [Test worker] INFO  o.e.j.s.h.ContextHandler - Started o.e.j.s.ServletContextHandler@9ac3a81{/,null,AVAILABLE}
12:30:19.380 [Test worker] DEBUG o.s.w.t.h.s.r.b.JettyHttpServer - Starting JettyHttpServer...
12:30:19.380 [Test worker] INFO  o.e.j.s.Server - jetty-9.4.31.v20200723; built: 2020-07-23T17:57:36.812Z; git: 450ba27947e13e66baa8cd1ce7e85a4461cacc1d; jvm 1.8.0_191-b12
12:30:19.401 [Test worker] INFO  o.e.j.s.AbstractConnector - Started ServerConnector@236708ce{HTTP/1.1, (http/1.1)}{0.0.0.0:65307}
12:30:19.401 [Test worker] INFO  o.e.j.s.Server - Started @107093ms
12:30:19.401 [Test worker] DEBUG o.s.w.t.h.s.r.b.JettyHttpServer - Server started on port 65307(0 millis).
12:30:19.402 [Test worker] DEBUG o.s.w.c.RestTemplate - HTTP GET http://localhost:65307/filter
12:30:19.402 [Test worker] DEBUG o.s.w.c.RestTemplate - Accept=[text/plain, application/json, application/x-jackson-smile, application/*+json, */*]
12:30:19.406 [qtp1511400454-255] DEBUG o.s.w.s.a.HttpWebHandlerAdapter - [1497c6b7] HTTP GET "/filter"
12:30:19.410 [Test worker] DEBUG o.s.w.c.RestTemplate - Response 200 OK
12:30:19.411 [Test worker] DEBUG o.s.w.c.RestTemplate - Reading to [java.lang.String] as "text/plain"
12:30:19.411 [qtp1511400454-255] DEBUG o.s.w.s.a.HttpWebHandlerAdapter - [1497c6b7] Completed 200 OK
12:30:19.413 [Test worker] DEBUG o.s.w.t.h.s.r.b.JettyHttpServer - Stopping JettyHttpServer...
12:30:19.413 [Test worker] INFO  o.e.j.s.h.ContextHandler - Stopped o.e.j.s.ServletContextHandler@9ac3a81{/,null,UNAVAILABLE}
12:30:19.416 [Test worker] INFO  o.e.j.s.AbstractConnector - Stopped ServerConnector@236708ce{HTTP/1.1, (http/1.1)}{0.0.0.0:0}
12:30:19.418 [Test worker] DEBUG o.s.w.t.h.s.r.b.JettyHttpServer - Server stopped (0 millis).
12:30:19.476 [Test worker] DEBUG o.s.w.s.a.HttpWebHandlerAdapter - enableLoggingRequestDetails='false': form data and headers will be masked to prevent unsafe logging of potentially sensitive data
12:30:19.477 [Test worker] DEBUG o.s.w.t.h.s.r.b.ReactorHttpServer - Starting ReactorHttpServer...
12:30:19.479 [Test worker] DEBUG o.s.w.t.h.s.r.b.ReactorHttpServer - Server started on port 65313(0 millis).
12:30:19.479 [Test worker] DEBUG o.s.w.c.RestTemplate - HTTP GET http://localhost:65313/filter
12:30:19.480 [Test worker] DEBUG o.s.w.c.RestTemplate - Accept=[text/plain, application/json, application/x-jackson-smile, application/*+json, */*]
12:30:19.483 [reactor-http-nio-2] DEBUG o.s.w.s.a.HttpWebHandlerAdapter - [9f99e873-9] HTTP GET "/filter"
12:30:19.485 [Test worker] DEBUG o.s.w.c.RestTemplate - Response 200 OK
12:30:19.485 [reactor-http-nio-2] DEBUG o.s.w.s.a.HttpWebHandlerAdapter - [9f99e873-9] Completed 200 OK
12:30:19.485 [Test worker] DEBUG o.s.w.c.RestTemplate - Reading to [java.lang.String] as "text/plain"
12:30:19.486 [Test worker] DEBUG o.s.w.t.h.s.r.b.ReactorHttpServer - Stopping ReactorHttpServer...
12:30:19.486 [Test worker] DEBUG o.s.w.t.h.s.r.b.ReactorHttpServer - Server stopped (0 millis).
12:30:19.550 [Test worker] DEBUG o.s.w.s.a.HttpWebHandlerAdapter - enableLoggingRequestDetails='false': form data and headers will be masked to prevent unsafe logging of potentially sensitive data
12:30:19.551 [Test worker] DEBUG o.s.w.t.h.s.r.b.TomcatHttpServer - Starting TomcatHttpServer...
12:30:19.591 [Test worker] DEBUG o.s.w.t.h.s.r.b.TomcatHttpServer - Server started on port 65315(0 millis).
12:30:19.597 [Test worker] DEBUG o.s.w.c.RestTemplate - HTTP GET http://localhost:65315/filter
12:30:19.598 [Test worker] DEBUG o.s.w.c.RestTemplate - Accept=[text/plain, application/json, application/x-jackson-smile, application/*+json, */*]
12:30:25.882 [http-nio-auto-9-exec-1] DEBUG o.s.w.s.a.HttpWebHandlerAdapter - [7d9c9cc5] HTTP GET "/filter"
12:30:25.884 [http-nio-auto-9-exec-1] DEBUG o.s.w.s.a.HttpWebHandlerAdapter - [7d9c9cc5] Completed 200 OK
12:30:25.884 [Test worker] DEBUG o.s.w.c.RestTemplate - Response 200 OK
12:30:25.885 [Test worker] DEBUG o.s.w.c.RestTemplate - Reading to [java.lang.String] as "text/plain"
12:30:25.885 [Test worker] DEBUG o.s.w.t.h.s.r.b.TomcatHttpServer - Stopping TomcatHttpServer...
12:30:27.307 [Test worker] DEBUG o.s.w.t.h.s.r.b.TomcatHttpServer - Server stopped (0 millis).
12:30:27.413 [Test worker] DEBUG o.s.w.s.a.HttpWebHandlerAdapter - enableLoggingRequestDetails='false': form data and headers will be masked to prevent unsafe logging of potentially sensitive data
12:30:27.413 [Test worker] DEBUG o.s.w.t.h.s.r.b.UndertowHttpServer - Starting UndertowHttpServer...
12:30:27.413 [Test worker] INFO  i.undertow - starting server: Undertow - 2.0.32.Final
12:30:27.425 [Test worker] DEBUG o.s.w.t.h.s.r.b.UndertowHttpServer - Server started on port 65414(0 millis).
12:30:27.426 [Test worker] DEBUG o.s.w.c.RestTemplate - HTTP GET http://localhost:65414/filter
12:30:27.426 [Test worker] DEBUG o.s.w.c.RestTemplate - Accept=[text/plain, application/json, application/x-jackson-smile, application/*+json, */*]
12:30:27.454 [XNIO-9 I/O-2] DEBUG o.s.w.s.a.HttpWebHandlerAdapter - [7de7e696] HTTP GET "/filter"
12:30:27.455 [XNIO-9 I/O-2] DEBUG o.s.w.s.a.HttpWebHandlerAdapter - [7de7e696] Completed 200 OK
12:30:27.456 [Test worker] DEBUG o.s.w.c.RestTemplate - Response 200 OK
12:30:27.456 [Test worker] DEBUG o.s.w.c.RestTemplate - Reading to [java.lang.String] as "text/plain"
12:30:27.457 [Test worker] DEBUG o.s.w.t.h.s.r.b.UndertowHttpServer - Stopping UndertowHttpServer...
12:30:27.457 [Test worker] INFO  i.undertow - stopping server: Undertow - 2.0.32.Final
12:30:27.462 [Test worker] DEBUG o.s.w.t.h.s.r.b.UndertowHttpServer - Server stopped (0 millis).
12:30:27.507 [Test worker] DEBUG o.s.w.s.a.HttpWebHandlerAdapter - enableLoggingRequestDetails='false': form data and headers will be masked to prevent unsafe logging of potentially sensitive data
12:30:27.508 [Test worker] WARN  o.e.j.s.h.ContextHandler - Empty contextPath
12:30:27.508 [Test worker] INFO  o.e.j.s.h.ContextHandler - Started o.e.j.s.ServletContextHandler@1bf06955{/,null,AVAILABLE}
12:30:27.508 [Test worker] DEBUG o.s.w.t.h.s.r.b.JettyHttpServer - Starting JettyHttpServer...
12:30:27.509 [Test worker] INFO  o.e.j.s.Server - jetty-9.4.31.v20200723; built: 2020-07-23T17:57:36.812Z; git: 450ba27947e13e66baa8cd1ce7e85a4461cacc1d; jvm 1.8.0_191-b12
12:30:27.602 [Test worker] INFO  o.e.j.s.AbstractConnector - Started ServerConnector@6013d1f4{HTTP/1.1, (http/1.1)}{0.0.0.0:65416}
12:30:27.603 [Test worker] INFO  o.e.j.s.Server - Started @115293ms
12:30:27.603 [Test worker] DEBUG o.s.w.t.h.s.r.b.JettyHttpServer - Server started on port 65416(0 millis).
12:30:27.603 [Test worker] DEBUG o.s.w.c.RestTemplate - HTTP GET http://localhost:65416/normal
12:30:27.603 [Test worker] DEBUG o.s.w.c.RestTemplate - Accept=[text/plain, application/json, application/x-jackson-smile, application/*+json, */*]
12:30:27.607 [qtp1583261039-283] DEBUG o.s.w.s.a.HttpWebHandlerAdapter - [1a8fb268] HTTP GET "/normal"
12:30:27.608 [Test worker] DEBUG o.s.w.c.RestTemplate - Response 200 OK
12:30:27.608 [Test worker] DEBUG o.s.w.c.RestTemplate - Reading to [java.lang.String] as "text/plain"
12:30:27.609 [qtp1583261039-283] DEBUG o.s.w.s.a.HttpWebHandlerAdapter - [1a8fb268] Completed 200 OK
12:30:27.609 [Test worker] DEBUG o.s.w.t.h.s.r.b.JettyHttpServer - Stopping JettyHttpServer...
12:30:27.610 [Test worker] INFO  o.e.j.s.h.ContextHandler - Stopped o.e.j.s.ServletContextHandler@1bf06955{/,null,UNAVAILABLE}
12:30:27.613 [Test worker] INFO  o.e.j.s.AbstractConnector - Stopped ServerConnector@6013d1f4{HTTP/1.1, (http/1.1)}{0.0.0.0:0}
12:30:27.614 [Test worker] DEBUG o.s.w.t.h.s.r.b.JettyHttpServer - Server stopped (0 millis).
12:30:27.725 [Test worker] DEBUG o.s.w.s.a.HttpWebHandlerAdapter - enableLoggingRequestDetails='false': form data and headers will be masked to prevent unsafe logging of potentially sensitive data
12:30:27.726 [Test worker] DEBUG o.s.w.t.h.s.r.b.ReactorHttpServer - Starting ReactorHttpServer...
12:30:27.756 [Test worker] DEBUG o.s.w.t.h.s.r.b.ReactorHttpServer - Server started on port 65422(0 millis).
12:30:27.756 [Test worker] DEBUG o.s.w.c.RestTemplate - HTTP GET http://localhost:65422/normal
12:30:27.757 [Test worker] DEBUG o.s.w.c.RestTemplate - Accept=[text/plain, application/json, application/x-jackson-smile, application/*+json, */*]
12:30:27.761 [reactor-http-nio-4] DEBUG o.s.w.s.a.HttpWebHandlerAdapter - [b59454ef-10] HTTP GET "/normal"
12:30:27.764 [reactor-http-nio-4] DEBUG o.s.w.s.a.HttpWebHandlerAdapter - [b59454ef-10] Completed 200 OK
12:30:27.764 [Test worker] DEBUG o.s.w.c.RestTemplate - Response 200 OK
12:30:27.764 [Test worker] DEBUG o.s.w.c.RestTemplate - Reading to [java.lang.String] as "text/plain"
12:30:27.765 [Test worker] DEBUG o.s.w.t.h.s.r.b.ReactorHttpServer - Stopping ReactorHttpServer...
12:30:27.765 [Test worker] DEBUG o.s.w.t.h.s.r.b.ReactorHttpServer - Server stopped (0 millis).
12:30:27.806 [Test worker] DEBUG o.s.w.s.a.HttpWebHandlerAdapter - enableLoggingRequestDetails='false': form data and headers will be masked to prevent unsafe logging of potentially sensitive data
12:30:27.808 [Test worker] DEBUG o.s.w.t.h.s.r.b.TomcatHttpServer - Starting TomcatHttpServer...
12:30:27.846 [Test worker] DEBUG o.s.w.t.h.s.r.b.TomcatHttpServer - Server started on port 65424(0 millis).
12:30:27.846 [Test worker] DEBUG o.s.w.c.RestTemplate - HTTP GET http://localhost:65424/normal
12:30:27.847 [Test worker] DEBUG o.s.w.c.RestTemplate - Accept=[text/plain, application/json, application/x-jackson-smile, application/*+json, */*]
12:30:39.719 [http-nio-auto-10-exec-1] DEBUG o.s.w.s.a.HttpWebHandlerAdapter - [63b5fe4] HTTP GET "/normal"
12:30:39.721 [http-nio-auto-10-exec-1] DEBUG o.s.w.s.a.HttpWebHandlerAdapter - [63b5fe4] Completed 200 OK
12:30:39.721 [Test worker] DEBUG o.s.w.c.RestTemplate - Response 200 OK
12:30:39.722 [Test worker] DEBUG o.s.w.c.RestTemplate - Reading to [java.lang.String] as "text/plain"
12:30:39.727 [Test worker] DEBUG o.s.w.t.h.s.r.b.TomcatHttpServer - Stopping TomcatHttpServer...
12:30:40.699 [Test worker] DEBUG o.s.w.t.h.s.r.b.TomcatHttpServer - Server stopped (0 millis).
12:30:40.790 [Test worker] DEBUG o.s.w.s.a.HttpWebHandlerAdapter - enableLoggingRequestDetails='false': form data and headers will be masked to prevent unsafe logging of potentially sensitive data
12:30:40.790 [Test worker] DEBUG o.s.w.t.h.s.r.b.UndertowHttpServer - Starting UndertowHttpServer...
12:30:40.791 [Test worker] INFO  i.undertow - starting server: Undertow - 2.0.32.Final
12:30:40.824 [Test worker] DEBUG o.s.w.t.h.s.r.b.UndertowHttpServer - Server started on port 49161(0 millis).
12:30:40.825 [Test worker] DEBUG o.s.w.c.RestTemplate - HTTP GET http://localhost:49161/normal
12:30:40.825 [Test worker] DEBUG o.s.w.c.RestTemplate - Accept=[text/plain, application/json, application/x-jackson-smile, application/*+json, */*]
12:30:40.850 [XNIO-10 I/O-2] DEBUG o.s.w.s.a.HttpWebHandlerAdapter - [303e2895] HTTP GET "/normal"
12:30:40.852 [XNIO-10 I/O-2] DEBUG o.s.w.s.a.HttpWebHandlerAdapter - [303e2895] Completed 200 OK
12:30:40.853 [Test worker] DEBUG o.s.w.c.RestTemplate - Response 200 OK
12:30:40.853 [Test worker] DEBUG o.s.w.c.RestTemplate - Reading to [java.lang.String] as "text/plain"
12:30:40.854 [Test worker] DEBUG o.s.w.t.h.s.r.b.UndertowHttpServer - Stopping UndertowHttpServer...
12:30:40.854 [Test worker] INFO  i.undertow - stopping server: Undertow - 2.0.32.Final
12:30:40.857 [Test worker] DEBUG o.s.w.t.h.s.r.b.UndertowHttpServer - Server stopped (0 millis).
]]></system-out>
  <system-err><![CDATA[]]></system-err>
</testsuite>
