<?xml version="1.0" encoding="UTF-8"?>
<testsuite name="org.springframework.web.reactive.result.method.annotation.RequestMappingIntegrationTests" tests="12" skipped="0" failures="0" errors="0" timestamp="2020-12-12T04:32:35" hostname="DESKTOP-TMNPDT1" time="9.527">
  <properties/>
  <testcase name="forwardedHeaders(HttpServer)[1]" classname="org.springframework.web.reactive.result.method.annotation.RequestMappingIntegrationTests" time="1.51"/>
  <testcase name="forwardedHeaders(HttpServer)[2]" classname="org.springframework.web.reactive.result.method.annotation.RequestMappingIntegrationTests" time="0.673"/>
  <testcase name="forwardedHeaders(HttpServer)[3]" classname="org.springframework.web.reactive.result.method.annotation.RequestMappingIntegrationTests" time="2.812"/>
  <testcase name="forwardedHeaders(HttpServer)[4]" classname="org.springframework.web.reactive.result.method.annotation.RequestMappingIntegrationTests" time="1.13"/>
  <testcase name="stream(HttpServer)[1]" classname="org.springframework.web.reactive.result.method.annotation.RequestMappingIntegrationTests" time="0.622"/>
  <testcase name="stream(HttpServer)[2]" classname="org.springframework.web.reactive.result.method.annotation.RequestMappingIntegrationTests" time="0.395"/>
  <testcase name="stream(HttpServer)[3]" classname="org.springframework.web.reactive.result.method.annotation.RequestMappingIntegrationTests" time="0.839"/>
  <testcase name="stream(HttpServer)[4]" classname="org.springframework.web.reactive.result.method.annotation.RequestMappingIntegrationTests" time="0.39"/>
  <testcase name="httpHead(HttpServer)[1]" classname="org.springframework.web.reactive.result.method.annotation.RequestMappingIntegrationTests" time="0.115"/>
  <testcase name="httpHead(HttpServer)[2]" classname="org.springframework.web.reactive.result.method.annotation.RequestMappingIntegrationTests" time="0.119"/>
  <testcase name="httpHead(HttpServer)[3]" classname="org.springframework.web.reactive.result.method.annotation.RequestMappingIntegrationTests" time="0.502"/>
  <testcase name="httpHead(HttpServer)[4]" classname="org.springframework.web.reactive.result.method.annotation.RequestMappingIntegrationTests" time="0.142"/>
  <system-out><![CDATA[12:32:36.025 [Test worker] DEBUG o.s.w.r.r.m.a.RequestMappingHandlerMapping - 4 mappings in 'requestMappingHandlerMapping'
12:32:36.490 [Test worker] DEBUG o.s.w.r.r.m.a.ControllerMethodResolver - ControllerAdvice beans: none
12:32:36.613 [Test worker] DEBUG o.s.w.s.a.HttpWebHandlerAdapter - enableLoggingRequestDetails='false': form data and headers will be masked to prevent unsafe logging of potentially sensitive data
12:32:36.615 [Test worker] WARN  o.e.j.s.h.ContextHandler - Empty contextPath
12:32:36.615 [Test worker] INFO  o.e.j.s.h.ContextHandler - Started o.e.j.s.ServletContextHandler@64bb1cb7{/,null,AVAILABLE}
12:32:36.616 [Test worker] DEBUG o.s.w.t.h.s.r.b.JettyHttpServer - Starting JettyHttpServer...
12:32:36.616 [Test worker] INFO  o.e.j.s.Server - jetty-9.4.31.v20200723; built: 2020-07-23T17:57:36.812Z; git: 450ba27947e13e66baa8cd1ce7e85a4461cacc1d; jvm 1.8.0_191-b12
12:32:36.630 [Test worker] INFO  o.e.j.s.AbstractConnector - Started ServerConnector@2f75d2fd{HTTP/1.1, (http/1.1)}{0.0.0.0:51259}
12:32:36.630 [Test worker] INFO  o.e.j.s.Server - Started @243693ms
12:32:36.630 [Test worker] DEBUG o.s.w.t.h.s.r.b.JettyHttpServer - Server started on port 51259(0 millis).
12:32:36.631 [Test worker] DEBUG o.s.w.c.RestTemplate - HTTP GET http://localhost:51259/uri
12:32:36.631 [Test worker] DEBUG o.s.w.c.RestTemplate - Accept=[text/plain, application/json, application/x-jackson-smile, application/*+json, */*]
12:32:36.643 [qtp1419108009-1482] DEBUG o.s.w.s.a.HttpWebHandlerAdapter - [2535a7f4] HTTP GET "/uri"
12:32:36.720 [qtp1419108009-1482] DEBUG o.s.w.r.r.m.a.RequestMappingHandlerMapping - [2535a7f4] Mapped to org.springframework.web.reactive.result.method.annotation.RequestMappingIntegrationTests$TestRestController#uri(ServerHttpRequest)
12:32:36.723 [qtp1419108009-1482] DEBUG o.s.w.r.r.m.a.ResponseBodyResultHandler - Using 'text/plain;charset=UTF-8' given [text/plain, application/json, application/x-jackson-smile, application/*+json, */*] and supported [text/plain;charset=UTF-8, text/event-stream, text/plain;charset=UTF-8, */*]
12:32:36.723 [qtp1419108009-1482] DEBUG o.s.w.r.r.m.a.ResponseBodyResultHandler - [2535a7f4] 0..1 [java.lang.String]
12:32:36.723 [qtp1419108009-1482] DEBUG o.s.c.c.CharSequenceEncoder - [2535a7f4] Writing "https://84.198.58.199/uri"
12:32:36.724 [Test worker] DEBUG o.s.w.c.RestTemplate - Response 200 OK
12:32:36.724 [Test worker] DEBUG o.s.w.c.RestTemplate - Reading to [java.lang.String] as "text/plain;charset=utf-8"
12:32:36.724 [Test worker] DEBUG o.s.w.t.h.s.r.b.JettyHttpServer - Stopping JettyHttpServer...
12:32:36.725 [Test worker] INFO  o.e.j.s.h.ContextHandler - Stopped o.e.j.s.ServletContextHandler@64bb1cb7{/,null,UNAVAILABLE}
12:32:36.729 [qtp1419108009-1482] DEBUG o.s.w.s.a.HttpWebHandlerAdapter - [2535a7f4] Completed 200 OK
12:32:36.732 [Test worker] INFO  o.e.j.s.AbstractConnector - Stopped ServerConnector@2f75d2fd{HTTP/1.1, (http/1.1)}{0.0.0.0:0}
12:32:37.034 [Test worker] DEBUG o.s.w.t.h.s.r.b.JettyHttpServer - Server stopped (0 millis).
12:32:37.397 [Test worker] DEBUG o.s.w.r.r.m.a.RequestMappingHandlerMapping - 4 mappings in 'requestMappingHandlerMapping'
12:32:37.549 [Test worker] DEBUG o.s.w.r.r.m.a.ControllerMethodResolver - ControllerAdvice beans: none
12:32:37.737 [Test worker] DEBUG o.s.w.s.a.HttpWebHandlerAdapter - enableLoggingRequestDetails='false': form data and headers will be masked to prevent unsafe logging of potentially sensitive data
12:32:37.737 [Test worker] DEBUG o.s.w.t.h.s.r.b.ReactorHttpServer - Starting ReactorHttpServer...
12:32:37.741 [Test worker] DEBUG o.s.w.t.h.s.r.b.ReactorHttpServer - Server started on port 51265(0 millis).
12:32:37.741 [Test worker] DEBUG o.s.w.c.RestTemplate - HTTP GET http://localhost:51265/uri
12:32:37.741 [Test worker] DEBUG o.s.w.c.RestTemplate - Accept=[text/plain, application/json, application/x-jackson-smile, application/*+json, */*]
12:32:37.744 [reactor-http-nio-3] DEBUG o.s.w.s.a.HttpWebHandlerAdapter - [106bfbab-33] HTTP GET "/uri"
12:32:37.745 [reactor-http-nio-3] DEBUG o.s.w.r.r.m.a.RequestMappingHandlerMapping - [106bfbab-33] Mapped to org.springframework.web.reactive.result.method.annotation.RequestMappingIntegrationTests$TestRestController#uri(ServerHttpRequest)
12:32:37.746 [reactor-http-nio-3] DEBUG o.s.w.r.r.m.a.ResponseBodyResultHandler - Using 'text/plain;charset=UTF-8' given [text/plain, application/json, application/x-jackson-smile, application/*+json, */*] and supported [text/plain;charset=UTF-8, text/event-stream, text/plain;charset=UTF-8, */*]
12:32:37.746 [reactor-http-nio-3] DEBUG o.s.w.r.r.m.a.ResponseBodyResultHandler - [106bfbab-33] 0..1 [java.lang.String]
12:32:37.747 [reactor-http-nio-3] DEBUG o.s.c.c.CharSequenceEncoder - [106bfbab-33] Writing "https://84.198.58.199/uri"
12:32:37.748 [reactor-http-nio-3] DEBUG o.s.w.s.a.HttpWebHandlerAdapter - [106bfbab-33] Completed 200 OK
12:32:37.749 [Test worker] DEBUG o.s.w.c.RestTemplate - Response 200 OK
12:32:37.749 [Test worker] DEBUG o.s.w.c.RestTemplate - Reading to [java.lang.String] as "text/plain;charset=UTF-8"
12:32:37.749 [Test worker] DEBUG o.s.w.t.h.s.r.b.ReactorHttpServer - Stopping ReactorHttpServer...
12:32:37.750 [Test worker] DEBUG o.s.w.t.h.s.r.b.ReactorHttpServer - Server stopped (0 millis).
12:32:38.012 [Test worker] DEBUG o.s.w.r.r.m.a.RequestMappingHandlerMapping - 4 mappings in 'requestMappingHandlerMapping'
12:32:38.206 [Test worker] DEBUG o.s.w.r.r.m.a.ControllerMethodResolver - ControllerAdvice beans: none
12:32:38.270 [Test worker] DEBUG o.s.w.s.a.HttpWebHandlerAdapter - enableLoggingRequestDetails='false': form data and headers will be masked to prevent unsafe logging of potentially sensitive data
12:32:38.271 [Test worker] DEBUG o.s.w.t.h.s.r.b.TomcatHttpServer - Starting TomcatHttpServer...
12:32:39.720 [Test worker] DEBUG o.s.w.t.h.s.r.b.TomcatHttpServer - Server started on port 51267(0 millis).
12:32:39.720 [Test worker] DEBUG o.s.w.c.RestTemplate - HTTP GET http://localhost:51267/uri
12:32:39.720 [Test worker] DEBUG o.s.w.c.RestTemplate - Accept=[text/plain, application/json, application/x-jackson-smile, application/*+json, */*]
12:32:39.850 [http-nio-auto-32-exec-9] DEBUG o.s.w.s.a.HttpWebHandlerAdapter - [59db3d4e] HTTP GET "/uri"
12:32:39.850 [http-nio-auto-32-exec-9] DEBUG o.s.w.r.r.m.a.RequestMappingHandlerMapping - [59db3d4e] Mapped to org.springframework.web.reactive.result.method.annotation.RequestMappingIntegrationTests$TestRestController#uri(ServerHttpRequest)
12:32:39.851 [http-nio-auto-32-exec-9] DEBUG o.s.w.r.r.m.a.ResponseBodyResultHandler - Using 'text/plain;charset=UTF-8' given [text/plain, application/json, application/x-jackson-smile, application/*+json, */*] and supported [text/plain;charset=UTF-8, text/event-stream, text/plain;charset=UTF-8, */*]
12:32:39.851 [http-nio-auto-32-exec-9] DEBUG o.s.w.r.r.m.a.ResponseBodyResultHandler - [59db3d4e] 0..1 [java.lang.String]
12:32:39.851 [http-nio-auto-32-exec-9] DEBUG o.s.c.c.CharSequenceEncoder - [59db3d4e] Writing "https://84.198.58.199/uri"
12:32:39.852 [Test worker] DEBUG o.s.w.c.RestTemplate - Response 200 OK
12:32:39.853 [Test worker] DEBUG o.s.w.c.RestTemplate - Reading to [java.lang.String] as "text/plain;charset=UTF-8"
12:32:39.854 [Test worker] DEBUG o.s.w.t.h.s.r.b.TomcatHttpServer - Stopping TomcatHttpServer...
12:32:39.854 [http-nio-auto-32-exec-9] DEBUG o.s.w.s.a.HttpWebHandlerAdapter - [59db3d4e] Completed 200 OK
12:32:40.602 [Test worker] DEBUG o.s.w.t.h.s.r.b.TomcatHttpServer - Server stopped (0 millis).
12:32:41.392 [Test worker] DEBUG o.s.w.r.r.m.a.RequestMappingHandlerMapping - 4 mappings in 'requestMappingHandlerMapping'
12:32:41.510 [Test worker] DEBUG o.s.w.r.r.m.a.ControllerMethodResolver - ControllerAdvice beans: none
12:32:41.613 [Test worker] DEBUG o.s.w.s.a.HttpWebHandlerAdapter - enableLoggingRequestDetails='false': form data and headers will be masked to prevent unsafe logging of potentially sensitive data
12:32:41.614 [Test worker] DEBUG o.s.w.t.h.s.r.b.UndertowHttpServer - Starting UndertowHttpServer...
12:32:41.615 [Test worker] INFO  i.undertow - starting server: Undertow - 2.0.32.Final
12:32:41.627 [Test worker] DEBUG o.s.w.t.h.s.r.b.UndertowHttpServer - Server started on port 51303(0 millis).
12:32:41.627 [Test worker] DEBUG o.s.w.c.RestTemplate - HTTP GET http://localhost:51303/uri
12:32:41.628 [Test worker] DEBUG o.s.w.c.RestTemplate - Accept=[text/plain, application/json, application/x-jackson-smile, application/*+json, */*]
12:32:41.746 [XNIO-31 I/O-2] DEBUG o.s.w.s.a.HttpWebHandlerAdapter - [1a96ff6b] HTTP GET "/uri"
12:32:41.746 [XNIO-31 I/O-2] DEBUG o.s.w.r.r.m.a.RequestMappingHandlerMapping - [1a96ff6b] Mapped to org.springframework.web.reactive.result.method.annotation.RequestMappingIntegrationTests$TestRestController#uri(ServerHttpRequest)
12:32:41.747 [XNIO-31 I/O-2] DEBUG o.s.w.r.r.m.a.ResponseBodyResultHandler - Using 'text/plain;charset=UTF-8' given [text/plain, application/json, application/x-jackson-smile, application/*+json, */*] and supported [text/plain;charset=UTF-8, text/event-stream, text/plain;charset=UTF-8, */*]
12:32:41.747 [XNIO-31 I/O-2] DEBUG o.s.w.r.r.m.a.ResponseBodyResultHandler - [1a96ff6b] 0..1 [java.lang.String]
12:32:41.748 [XNIO-31 I/O-2] DEBUG o.s.c.c.CharSequenceEncoder - [1a96ff6b] Writing "https://84.198.58.199/uri"
12:32:41.748 [XNIO-31 I/O-2] DEBUG o.s.w.s.a.HttpWebHandlerAdapter - [1a96ff6b] Completed 200 OK
12:32:41.748 [Test worker] DEBUG o.s.w.c.RestTemplate - Response 200 OK
12:32:41.749 [Test worker] DEBUG o.s.w.c.RestTemplate - Reading to [java.lang.String] as "text/plain;charset=UTF-8"
12:32:41.749 [Test worker] DEBUG o.s.w.t.h.s.r.b.UndertowHttpServer - Stopping UndertowHttpServer...
12:32:41.749 [Test worker] INFO  i.undertow - stopping server: Undertow - 2.0.32.Final
12:32:41.753 [Test worker] DEBUG o.s.w.t.h.s.r.b.UndertowHttpServer - Server stopped (0 millis).
12:32:41.810 [Test worker] DEBUG o.s.w.r.r.m.a.RequestMappingHandlerMapping - 4 mappings in 'requestMappingHandlerMapping'
12:32:41.895 [Test worker] DEBUG o.s.w.r.r.m.a.ControllerMethodResolver - ControllerAdvice beans: none
12:32:42.045 [Test worker] DEBUG o.s.w.s.a.HttpWebHandlerAdapter - enableLoggingRequestDetails='false': form data and headers will be masked to prevent unsafe logging of potentially sensitive data
12:32:42.045 [Test worker] WARN  o.e.j.s.h.ContextHandler - Empty contextPath
12:32:42.046 [Test worker] INFO  o.e.j.s.h.ContextHandler - Started o.e.j.s.ServletContextHandler@41a0b263{/,null,AVAILABLE}
12:32:42.046 [Test worker] DEBUG o.s.w.t.h.s.r.b.JettyHttpServer - Starting JettyHttpServer...
12:32:42.047 [Test worker] INFO  o.e.j.s.Server - jetty-9.4.31.v20200723; built: 2020-07-23T17:57:36.812Z; git: 450ba27947e13e66baa8cd1ce7e85a4461cacc1d; jvm 1.8.0_191-b12
12:32:42.076 [Test worker] INFO  o.e.j.s.AbstractConnector - Started ServerConnector@5438c6fd{HTTP/1.1, (http/1.1)}{0.0.0.0:51306}
12:32:42.076 [Test worker] INFO  o.e.j.s.Server - Started @249139ms
12:32:42.076 [Test worker] DEBUG o.s.w.t.h.s.r.b.JettyHttpServer - Server started on port 51306(0 millis).
12:32:42.076 [Test worker] DEBUG o.s.w.c.RestTemplate - HTTP GET http://localhost:51306/stream
12:32:42.077 [Test worker] DEBUG o.s.w.c.RestTemplate - Accept=[application/json, application/x-jackson-smile, application/*+json]
12:32:42.126 [qtp275729497-1512] DEBUG o.s.w.s.a.HttpWebHandlerAdapter - [21b27928] HTTP GET "/stream"
12:32:42.127 [qtp275729497-1512] DEBUG o.s.w.r.r.m.a.RequestMappingHandlerMapping - [21b27928] Mapped to org.springframework.web.reactive.result.method.annotation.RequestMappingIntegrationTests$TestRestController#stream()
12:32:42.129 [qtp275729497-1512] DEBUG o.s.w.r.r.m.a.ResponseBodyResultHandler - Using 'application/json' given [application/json, application/x-jackson-smile, application/*+json] and supported [application/json, application/*+json, application/x-jackson-smile, application/*+x-jackson-smile, text/event-stream]
12:32:42.129 [qtp275729497-1512] DEBUG o.s.w.r.r.m.a.ResponseBodyResultHandler - [21b27928] 0..N [java.lang.Long]
12:32:42.385 [parallel-1] DEBUG o.s.h.c.j.Jackson2JsonEncoder - [21b27928] Encoding [[0, 1, 2, 3, 4]]
12:32:42.387 [Test worker] DEBUG o.s.w.c.RestTemplate - Response 200 OK
12:32:42.387 [parallel-1] DEBUG o.s.w.s.a.HttpWebHandlerAdapter - [21b27928] Completed 200 OK
12:32:42.387 [Test worker] DEBUG o.s.w.c.RestTemplate - Reading to [java.lang.String[]]
12:32:42.390 [Test worker] DEBUG o.s.w.t.h.s.r.b.JettyHttpServer - Stopping JettyHttpServer...
12:32:42.390 [Test worker] INFO  o.e.j.s.h.ContextHandler - Stopped o.e.j.s.ServletContextHandler@41a0b263{/,null,UNAVAILABLE}
12:32:42.393 [Test worker] INFO  o.e.j.s.AbstractConnector - Stopped ServerConnector@5438c6fd{HTTP/1.1, (http/1.1)}{0.0.0.0:0}
12:32:42.393 [Test worker] DEBUG o.s.w.t.h.s.r.b.JettyHttpServer - Server stopped (0 millis).
12:32:42.459 [Test worker] DEBUG o.s.w.r.r.m.a.RequestMappingHandlerMapping - 4 mappings in 'requestMappingHandlerMapping'
12:32:42.508 [Test worker] DEBUG o.s.w.r.r.m.a.ControllerMethodResolver - ControllerAdvice beans: none
12:32:42.545 [Test worker] DEBUG o.s.w.s.a.HttpWebHandlerAdapter - enableLoggingRequestDetails='false': form data and headers will be masked to prevent unsafe logging of potentially sensitive data
12:32:42.545 [Test worker] DEBUG o.s.w.t.h.s.r.b.ReactorHttpServer - Starting ReactorHttpServer...
12:32:42.547 [Test worker] DEBUG o.s.w.t.h.s.r.b.ReactorHttpServer - Server started on port 51314(0 millis).
12:32:42.547 [Test worker] DEBUG o.s.w.c.RestTemplate - HTTP GET http://localhost:51314/stream
12:32:42.547 [Test worker] DEBUG o.s.w.c.RestTemplate - Accept=[application/json, application/x-jackson-smile, application/*+json]
12:32:42.550 [reactor-http-nio-1] DEBUG o.s.w.s.a.HttpWebHandlerAdapter - [5e73c227-34] HTTP GET "/stream"
12:32:42.550 [reactor-http-nio-1] DEBUG o.s.w.r.r.m.a.RequestMappingHandlerMapping - [5e73c227-34] Mapped to org.springframework.web.reactive.result.method.annotation.RequestMappingIntegrationTests$TestRestController#stream()
12:32:42.553 [reactor-http-nio-1] DEBUG o.s.w.r.r.m.a.ResponseBodyResultHandler - Using 'application/json' given [application/json, application/x-jackson-smile, application/*+json] and supported [application/json, application/*+json, application/x-jackson-smile, application/*+x-jackson-smile, text/event-stream]
12:32:42.553 [reactor-http-nio-1] DEBUG o.s.w.r.r.m.a.ResponseBodyResultHandler - [5e73c227-34] 0..N [java.lang.Long]
12:32:42.809 [parallel-2] DEBUG o.s.h.c.j.Jackson2JsonEncoder - [5e73c227-34] Encoding [[0, 1, 2, 3, 4]]
12:32:42.811 [Test worker] DEBUG o.s.w.c.RestTemplate - Response 200 OK
12:32:42.811 [reactor-http-nio-1] DEBUG o.s.w.s.a.HttpWebHandlerAdapter - [5e73c227-34] Completed 200 OK
12:32:42.812 [Test worker] DEBUG o.s.w.c.RestTemplate - Reading to [java.lang.String[]]
12:32:42.812 [Test worker] DEBUG o.s.w.t.h.s.r.b.ReactorHttpServer - Stopping ReactorHttpServer...
12:32:42.813 [Test worker] DEBUG o.s.w.t.h.s.r.b.ReactorHttpServer - Server stopped (0 millis).
12:32:42.873 [Test worker] DEBUG o.s.w.r.r.m.a.RequestMappingHandlerMapping - 4 mappings in 'requestMappingHandlerMapping'
12:32:42.933 [Test worker] DEBUG o.s.w.r.r.m.a.ControllerMethodResolver - ControllerAdvice beans: none
12:32:42.965 [Test worker] DEBUG o.s.w.s.a.HttpWebHandlerAdapter - enableLoggingRequestDetails='false': form data and headers will be masked to prevent unsafe logging of potentially sensitive data
12:32:42.966 [Test worker] DEBUG o.s.w.t.h.s.r.b.TomcatHttpServer - Starting TomcatHttpServer...
12:32:42.995 [Test worker] DEBUG o.s.w.t.h.s.r.b.TomcatHttpServer - Server started on port 51323(0 millis).
12:32:42.995 [Test worker] DEBUG o.s.w.c.RestTemplate - HTTP GET http://localhost:51323/stream
12:32:42.996 [Test worker] DEBUG o.s.w.c.RestTemplate - Accept=[application/json, application/x-jackson-smile, application/*+json]
12:32:43.011 [http-nio-auto-33-exec-1] DEBUG o.s.w.s.a.HttpWebHandlerAdapter - [2c639e30] HTTP GET "/stream"
12:32:43.011 [http-nio-auto-33-exec-1] DEBUG o.s.w.r.r.m.a.RequestMappingHandlerMapping - [2c639e30] Mapped to org.springframework.web.reactive.result.method.annotation.RequestMappingIntegrationTests$TestRestController#stream()
12:32:43.013 [http-nio-auto-33-exec-1] DEBUG o.s.w.r.r.m.a.ResponseBodyResultHandler - Using 'application/json' given [application/json, application/x-jackson-smile, application/*+json] and supported [application/json, application/*+json, application/x-jackson-smile, application/*+x-jackson-smile, text/event-stream]
12:32:43.013 [http-nio-auto-33-exec-1] DEBUG o.s.w.r.r.m.a.ResponseBodyResultHandler - [2c639e30] 0..N [java.lang.Long]
12:32:43.266 [parallel-3] DEBUG o.s.h.c.j.Jackson2JsonEncoder - [2c639e30] Encoding [[0, 1, 2, 3, 4]]
12:32:43.268 [parallel-3] DEBUG o.s.w.s.a.HttpWebHandlerAdapter - [2c639e30] Completed 200 OK
12:32:43.270 [Test worker] DEBUG o.s.w.c.RestTemplate - Response 200 OK
12:32:43.270 [Test worker] DEBUG o.s.w.c.RestTemplate - Reading to [java.lang.String[]]
12:32:43.271 [Test worker] DEBUG o.s.w.t.h.s.r.b.TomcatHttpServer - Stopping TomcatHttpServer...
12:32:43.677 [Test worker] DEBUG o.s.w.t.h.s.r.b.TomcatHttpServer - Server stopped (0 millis).
12:32:43.747 [Test worker] DEBUG o.s.w.r.r.m.a.RequestMappingHandlerMapping - 4 mappings in 'requestMappingHandlerMapping'
12:32:43.776 [Test worker] DEBUG o.s.w.r.r.m.a.ControllerMethodResolver - ControllerAdvice beans: none
12:32:43.813 [Test worker] DEBUG o.s.w.s.a.HttpWebHandlerAdapter - enableLoggingRequestDetails='false': form data and headers will be masked to prevent unsafe logging of potentially sensitive data
12:32:43.813 [Test worker] DEBUG o.s.w.t.h.s.r.b.UndertowHttpServer - Starting UndertowHttpServer...
12:32:43.814 [Test worker] INFO  i.undertow - starting server: Undertow - 2.0.32.Final
12:32:43.824 [Test worker] DEBUG o.s.w.t.h.s.r.b.UndertowHttpServer - Server started on port 51361(0 millis).
12:32:43.824 [Test worker] DEBUG o.s.w.c.RestTemplate - HTTP GET http://localhost:51361/stream
12:32:43.825 [Test worker] DEBUG o.s.w.c.RestTemplate - Accept=[application/json, application/x-jackson-smile, application/*+json]
12:32:43.833 [XNIO-32 I/O-2] DEBUG o.s.w.s.a.HttpWebHandlerAdapter - [2a9bf561] HTTP GET "/stream"
12:32:43.834 [XNIO-32 I/O-2] DEBUG o.s.w.r.r.m.a.RequestMappingHandlerMapping - [2a9bf561] Mapped to org.springframework.web.reactive.result.method.annotation.RequestMappingIntegrationTests$TestRestController#stream()
12:32:43.835 [XNIO-32 I/O-2] DEBUG o.s.w.r.r.m.a.ResponseBodyResultHandler - Using 'application/json' given [application/json, application/x-jackson-smile, application/*+json] and supported [application/json, application/*+json, application/x-jackson-smile, application/*+x-jackson-smile, text/event-stream]
12:32:43.835 [XNIO-32 I/O-2] DEBUG o.s.w.r.r.m.a.ResponseBodyResultHandler - [2a9bf561] 0..N [java.lang.Long]
12:32:44.089 [parallel-4] DEBUG o.s.h.c.j.Jackson2JsonEncoder - [2a9bf561] Encoding [[0, 1, 2, 3, 4]]
12:32:44.089 [XNIO-32 I/O-2] DEBUG o.s.w.s.a.HttpWebHandlerAdapter - [2a9bf561] Completed 200 OK
12:32:44.089 [Test worker] DEBUG o.s.w.c.RestTemplate - Response 200 OK
12:32:44.090 [Test worker] DEBUG o.s.w.c.RestTemplate - Reading to [java.lang.String[]]
12:32:44.090 [Test worker] DEBUG o.s.w.t.h.s.r.b.UndertowHttpServer - Stopping UndertowHttpServer...
12:32:44.090 [Test worker] INFO  i.undertow - stopping server: Undertow - 2.0.32.Final
12:32:44.093 [Test worker] DEBUG o.s.w.t.h.s.r.b.UndertowHttpServer - Server stopped (0 millis).
12:32:44.140 [Test worker] DEBUG o.s.w.r.r.m.a.RequestMappingHandlerMapping - 4 mappings in 'requestMappingHandlerMapping'
12:32:44.172 [Test worker] DEBUG o.s.w.r.r.m.a.ControllerMethodResolver - ControllerAdvice beans: none
12:32:44.210 [Test worker] DEBUG o.s.w.s.a.HttpWebHandlerAdapter - enableLoggingRequestDetails='false': form data and headers will be masked to prevent unsafe logging of potentially sensitive data
12:32:44.211 [Test worker] WARN  o.e.j.s.h.ContextHandler - Empty contextPath
12:32:44.212 [Test worker] INFO  o.e.j.s.h.ContextHandler - Started o.e.j.s.ServletContextHandler@4e8eefec{/,null,AVAILABLE}
12:32:44.212 [Test worker] DEBUG o.s.w.t.h.s.r.b.JettyHttpServer - Starting JettyHttpServer...
12:32:44.212 [Test worker] INFO  o.e.j.s.Server - jetty-9.4.31.v20200723; built: 2020-07-23T17:57:36.812Z; git: 450ba27947e13e66baa8cd1ce7e85a4461cacc1d; jvm 1.8.0_191-b12
12:32:44.217 [Test worker] INFO  o.e.j.s.AbstractConnector - Started ServerConnector@179a6aef{HTTP/1.1, (http/1.1)}{0.0.0.0:51370}
12:32:44.217 [Test worker] INFO  o.e.j.s.Server - Started @251280ms
12:32:44.217 [Test worker] DEBUG o.s.w.t.h.s.r.b.JettyHttpServer - Server started on port 51370(0 millis).
12:32:44.218 [Test worker] DEBUG o.s.w.c.RestTemplate - HTTP HEAD http://localhost:51370/text
12:32:44.223 [qtp1306430856-1542] DEBUG o.s.w.s.a.HttpWebHandlerAdapter - [117e6521] HTTP HEAD "/text"
12:32:44.224 [qtp1306430856-1542] DEBUG o.s.w.r.r.m.a.RequestMappingHandlerMapping - [117e6521] Mapped to org.springframework.web.reactive.result.method.annotation.RequestMappingIntegrationTests$TestRestController#textHead()
12:32:44.225 [qtp1306430856-1542] DEBUG o.s.w.r.r.m.a.ResponseBodyResultHandler - Using 'text/html' given [text/html, image/gif, image/jpeg, */*;q=.2, */*;q=.2] and supported [text/plain;charset=UTF-8, text/event-stream, text/plain;charset=UTF-8, */*]
12:32:44.225 [qtp1306430856-1542] DEBUG o.s.w.r.r.m.a.ResponseBodyResultHandler - [117e6521] 0..1 [java.lang.String]
12:32:44.225 [qtp1306430856-1542] DEBUG o.s.c.c.CharSequenceEncoder - [117e6521] Writing "Foo"
12:32:44.225 [qtp1306430856-1542] DEBUG o.s.w.s.a.HttpWebHandlerAdapter - [117e6521] Completed 200 OK
12:32:44.227 [Test worker] DEBUG o.s.w.c.RestTemplate - Response 200 OK
12:32:44.227 [Test worker] DEBUG o.s.w.t.h.s.r.b.JettyHttpServer - Stopping JettyHttpServer...
12:32:44.227 [Test worker] INFO  o.e.j.s.h.ContextHandler - Stopped o.e.j.s.ServletContextHandler@4e8eefec{/,null,UNAVAILABLE}
12:32:44.229 [Test worker] INFO  o.e.j.s.AbstractConnector - Stopped ServerConnector@179a6aef{HTTP/1.1, (http/1.1)}{0.0.0.0:0}
12:32:44.230 [Test worker] DEBUG o.s.w.t.h.s.r.b.JettyHttpServer - Server stopped (0 millis).
12:32:44.288 [Test worker] DEBUG o.s.w.r.r.m.a.RequestMappingHandlerMapping - 4 mappings in 'requestMappingHandlerMapping'
12:32:44.319 [Test worker] DEBUG o.s.w.r.r.m.a.ControllerMethodResolver - ControllerAdvice beans: none
12:32:44.361 [Test worker] DEBUG o.s.w.s.a.HttpWebHandlerAdapter - enableLoggingRequestDetails='false': form data and headers will be masked to prevent unsafe logging of potentially sensitive data
12:32:44.361 [Test worker] DEBUG o.s.w.t.h.s.r.b.ReactorHttpServer - Starting ReactorHttpServer...
12:32:44.362 [Test worker] DEBUG o.s.w.t.h.s.r.b.ReactorHttpServer - Server started on port 51388(0 millis).
12:32:44.362 [Test worker] DEBUG o.s.w.c.RestTemplate - HTTP HEAD http://localhost:51388/text
12:32:44.364 [reactor-http-nio-3] DEBUG o.s.w.s.a.HttpWebHandlerAdapter - [9f939cc6-35] HTTP HEAD "/text"
12:32:44.365 [reactor-http-nio-3] DEBUG o.s.w.r.r.m.a.RequestMappingHandlerMapping - [9f939cc6-35] Mapped to org.springframework.web.reactive.result.method.annotation.RequestMappingIntegrationTests$TestRestController#textHead()
12:32:44.366 [reactor-http-nio-3] DEBUG o.s.w.r.r.m.a.ResponseBodyResultHandler - Using 'text/html' given [text/html, image/gif, image/jpeg, */*;q=.2, */*;q=.2] and supported [text/plain;charset=UTF-8, text/event-stream, text/plain;charset=UTF-8, */*]
12:32:44.366 [reactor-http-nio-3] DEBUG o.s.w.r.r.m.a.ResponseBodyResultHandler - [9f939cc6-35] 0..1 [java.lang.String]
12:32:44.366 [reactor-http-nio-3] DEBUG o.s.c.c.CharSequenceEncoder - [9f939cc6-35] Writing "Foo"
12:32:44.366 [reactor-http-nio-3] DEBUG o.s.w.s.a.HttpWebHandlerAdapter - [9f939cc6-35] Completed 200 OK
12:32:44.367 [Test worker] DEBUG o.s.w.c.RestTemplate - Response 200 OK
12:32:44.367 [Test worker] DEBUG o.s.w.t.h.s.r.b.ReactorHttpServer - Stopping ReactorHttpServer...
12:32:44.368 [Test worker] DEBUG o.s.w.t.h.s.r.b.ReactorHttpServer - Server stopped (0 millis).
12:32:44.417 [Test worker] DEBUG o.s.w.r.r.m.a.RequestMappingHandlerMapping - 4 mappings in 'requestMappingHandlerMapping'
12:32:44.449 [Test worker] DEBUG o.s.w.r.r.m.a.ControllerMethodResolver - ControllerAdvice beans: none
12:32:44.487 [Test worker] DEBUG o.s.w.s.a.HttpWebHandlerAdapter - enableLoggingRequestDetails='false': form data and headers will be masked to prevent unsafe logging of potentially sensitive data
12:32:44.488 [Test worker] DEBUG o.s.w.t.h.s.r.b.TomcatHttpServer - Starting TomcatHttpServer...
12:32:44.501 [Test worker] DEBUG o.s.w.t.h.s.r.b.TomcatHttpServer - Server started on port 51390(0 millis).
12:32:44.501 [Test worker] DEBUG o.s.w.c.RestTemplate - HTTP HEAD http://localhost:51390/text
12:32:44.525 [http-nio-auto-34-exec-1] DEBUG o.s.w.s.a.HttpWebHandlerAdapter - [6d8e9c50] HTTP HEAD "/text"
12:32:44.526 [http-nio-auto-34-exec-1] DEBUG o.s.w.r.r.m.a.RequestMappingHandlerMapping - [6d8e9c50] Mapped to org.springframework.web.reactive.result.method.annotation.RequestMappingIntegrationTests$TestRestController#textHead()
12:32:44.527 [http-nio-auto-34-exec-1] DEBUG o.s.w.r.r.m.a.ResponseBodyResultHandler - Using 'text/html' given [text/html, image/gif, image/jpeg, */*;q=.2, */*;q=.2] and supported [text/plain;charset=UTF-8, text/event-stream, text/plain;charset=UTF-8, */*]
12:32:44.527 [http-nio-auto-34-exec-1] DEBUG o.s.w.r.r.m.a.ResponseBodyResultHandler - [6d8e9c50] 0..1 [java.lang.String]
12:32:44.527 [http-nio-auto-34-exec-1] DEBUG o.s.c.c.CharSequenceEncoder - [6d8e9c50] Writing "Foo"
12:32:44.527 [http-nio-auto-34-exec-1] DEBUG o.s.w.s.a.HttpWebHandlerAdapter - [6d8e9c50] Completed 200 OK
12:32:44.530 [Test worker] DEBUG o.s.w.c.RestTemplate - Response 200 OK
12:32:44.530 [Test worker] DEBUG o.s.w.t.h.s.r.b.TomcatHttpServer - Stopping TomcatHttpServer...
12:32:44.888 [Test worker] DEBUG o.s.w.t.h.s.r.b.TomcatHttpServer - Server stopped (0 millis).
12:32:44.964 [Test worker] DEBUG o.s.w.r.r.m.a.RequestMappingHandlerMapping - 4 mappings in 'requestMappingHandlerMapping'
12:32:44.996 [Test worker] DEBUG o.s.w.r.r.m.a.ControllerMethodResolver - ControllerAdvice beans: none
12:32:45.026 [Test worker] DEBUG o.s.w.s.a.HttpWebHandlerAdapter - enableLoggingRequestDetails='false': form data and headers will be masked to prevent unsafe logging of potentially sensitive data
12:32:45.026 [Test worker] DEBUG o.s.w.t.h.s.r.b.UndertowHttpServer - Starting UndertowHttpServer...
12:32:45.026 [Test worker] INFO  i.undertow - starting server: Undertow - 2.0.32.Final
12:32:45.036 [Test worker] DEBUG o.s.w.t.h.s.r.b.UndertowHttpServer - Server started on port 51421(0 millis).
12:32:45.037 [Test worker] DEBUG o.s.w.c.RestTemplate - HTTP HEAD http://localhost:51421/text
12:32:45.044 [XNIO-33 I/O-2] DEBUG o.s.w.s.a.HttpWebHandlerAdapter - [51da2ed7] HTTP HEAD "/text"
12:32:45.045 [XNIO-33 I/O-2] DEBUG o.s.w.r.r.m.a.RequestMappingHandlerMapping - [51da2ed7] Mapped to org.springframework.web.reactive.result.method.annotation.RequestMappingIntegrationTests$TestRestController#textHead()
12:32:45.046 [XNIO-33 I/O-2] DEBUG o.s.w.r.r.m.a.ResponseBodyResultHandler - Using 'text/html' given [text/html, image/gif, image/jpeg, */*;q=.2, */*;q=.2] and supported [text/plain;charset=UTF-8, text/event-stream, text/plain;charset=UTF-8, */*]
12:32:45.046 [XNIO-33 I/O-2] DEBUG o.s.w.r.r.m.a.ResponseBodyResultHandler - [51da2ed7] 0..1 [java.lang.String]
12:32:45.046 [XNIO-33 I/O-2] DEBUG o.s.c.c.CharSequenceEncoder - [51da2ed7] Writing "Foo"
12:32:45.046 [XNIO-33 I/O-2] DEBUG o.s.w.s.a.HttpWebHandlerAdapter - [51da2ed7] Completed 200 OK
12:32:45.048 [Test worker] DEBUG o.s.w.c.RestTemplate - Response 200 OK
12:32:45.048 [Test worker] DEBUG o.s.w.t.h.s.r.b.UndertowHttpServer - Stopping UndertowHttpServer...
12:32:45.048 [Test worker] INFO  i.undertow - stopping server: Undertow - 2.0.32.Final
12:32:45.052 [Test worker] DEBUG o.s.w.t.h.s.r.b.UndertowHttpServer - Server stopped (0 millis).
]]></system-out>
  <system-err><![CDATA[]]></system-err>
</testsuite>
