<?xml version="1.0" encoding="UTF-8"?>
<testsuite name="org.springframework.web.reactive.result.method.annotation.RequestMappingHandlerMappingTests" tests="10" skipped="0" failures="0" errors="0" timestamp="2020-12-12T04:30:22" hostname="DESKTOP-TMNPDT1" time="0.545">
  <properties/>
  <testcase name="getMappingOverridesConsumesFromTypeLevelAnnotation()" classname="org.springframework.web.reactive.result.method.annotation.RequestMappingHandlerMappingTests" time="0.051"/>
  <testcase name="patchMapping()" classname="org.springframework.web.reactive.result.method.annotation.RequestMappingHandlerMappingTests" time="0.005"/>
  <testcase name="resolveRequestMappingViaComposedAnnotation()" classname="org.springframework.web.reactive.result.method.annotation.RequestMappingHandlerMappingTests" time="0.013"/>
  <testcase name="consumesWithOptionalRequestBody()" classname="org.springframework.web.reactive.result.method.annotation.RequestMappingHandlerMappingTests" time="0.439"/>
  <testcase name="deleteMapping()" classname="org.springframework.web.reactive.result.method.annotation.RequestMappingHandlerMappingTests" time="0.001"/>
  <testcase name="pathPrefix()" classname="org.springframework.web.reactive.result.method.annotation.RequestMappingHandlerMappingTests" time="0.007"/>
  <testcase name="putMapping()" classname="org.springframework.web.reactive.result.method.annotation.RequestMappingHandlerMappingTests" time="0.003"/>
  <testcase name="resolveEmbeddedValuesInPatterns()" classname="org.springframework.web.reactive.result.method.annotation.RequestMappingHandlerMappingTests" time="0.001"/>
  <testcase name="postMapping()" classname="org.springframework.web.reactive.result.method.annotation.RequestMappingHandlerMappingTests" time="0.002"/>
  <testcase name="getMapping()" classname="org.springframework.web.reactive.result.method.annotation.RequestMappingHandlerMappingTests" time="0.001"/>
  <system-out><![CDATA[12:30:22.797 [Test worker] DEBUG o.s.w.c.s.StaticWebApplicationContext - Refreshing Root WebApplicationContext
12:30:23.232 [Test worker] DEBUG o.s.w.r.r.m.a.RequestMappingHandlerMapping - 7 mappings in <unknown>
]]></system-out>
  <system-err><![CDATA[]]></system-err>
</testsuite>
