<?xml version="1.0" encoding="UTF-8"?>
<testsuite name="org.springframework.web.reactive.resource.ResourceUrlProviderTests" tests="5" skipped="0" failures="0" errors="0" timestamp="2020-12-12T04:31:01" hostname="DESKTOP-TMNPDT1" time="0.124">
  <properties/>
  <testcase name="getStaticResourceUrl()" classname="org.springframework.web.reactive.resource.ResourceUrlProviderTests" time="0.005"/>
  <testcase name="getVersionedResourceUrl()" classname="org.springframework.web.reactive.resource.ResourceUrlProviderTests" time="0.009"/>
  <testcase name="getStaticResourceUrlRequestWithQueryOrHash()" classname="org.springframework.web.reactive.resource.ResourceUrlProviderTests" time="0.002"/>
  <testcase name="bestPatternMatch()" classname="org.springframework.web.reactive.resource.ResourceUrlProviderTests" time="0.009"/>
  <testcase name="initializeOnce()" classname="org.springframework.web.reactive.resource.ResourceUrlProviderTests" time="0.095"/>
  <system-out><![CDATA[12:31:01.934 [Test worker] DEBUG o.s.w.c.s.AnnotationConfigWebApplicationContext - Refreshing Root WebApplicationContext
12:31:01.962 [Test worker] DEBUG o.s.w.c.s.AnnotationConfigWebApplicationContext - Registering component classes: [class org.springframework.web.reactive.resource.ResourceUrlProviderTests$HandlerMappingConfiguration]
12:31:02.003 [Test worker] DEBUG o.s.w.r.h.SimpleUrlHandlerMapping - Patterns [/resources/**] in 'simpleUrlHandlerMapping'
]]></system-out>
  <system-err><![CDATA[]]></system-err>
</testsuite>
