<?xml version="1.0" encoding="UTF-8"?>
<testsuite name="org.springframework.cache.jcache.JCacheCacheManagerTests" tests="5" skipped="0" failures="0" errors="0" timestamp="2020-12-12T06:24:02" hostname="DESKTOP-TMNPDT1" time="0.081">
  <properties/>
  <testcase name="getTransactionalOnExistingCache()" classname="org.springframework.cache.jcache.JCacheCacheManagerTests" time="0.055"/>
  <testcase name="getOnExistingCache()" classname="org.springframework.cache.jcache.JCacheCacheManagerTests" time="0.009"/>
  <testcase name="getOnNewCache()" classname="org.springframework.cache.jcache.JCacheCacheManagerTests" time="0.003"/>
  <testcase name="getOnUnknownCache()" classname="org.springframework.cache.jcache.JCacheCacheManagerTests" time="0.005"/>
  <testcase name="getTransactionalOnNewCache()" classname="org.springframework.cache.jcache.JCacheCacheManagerTests" time="0.005"/>
  <system-out><![CDATA[]]></system-out>
  <system-err><![CDATA[]]></system-err>
</testsuite>
