<?xml version="1.0" encoding="UTF-8"?>
<testsuite name="org.springframework.cache.jcache.interceptor.JCacheInterceptorTests" tests="5" skipped="0" failures="0" errors="0" timestamp="2020-12-12T06:24:02" hostname="DESKTOP-TMNPDT1" time="0.022">
  <properties/>
  <testcase name="cacheManagerMandatoryIfCacheResolverNotSet()" classname="org.springframework.cache.jcache.interceptor.JCacheInterceptorTests" time="0.003"/>
  <testcase name="cacheManagerOptionalIfCacheResolversSet()" classname="org.springframework.cache.jcache.interceptor.JCacheInterceptorTests" time="0.004"/>
  <testcase name="noCacheCouldBeResolved()" classname="org.springframework.cache.jcache.interceptor.JCacheInterceptorTests" time="0.003"/>
  <testcase name="severalCachesNotSupported()" classname="org.springframework.cache.jcache.interceptor.JCacheInterceptorTests" time="0.003"/>
  <testcase name="cacheResultReturnsProperType()" classname="org.springframework.cache.jcache.interceptor.JCacheInterceptorTests" time="0.002"/>
  <system-out><![CDATA[]]></system-out>
  <system-err><![CDATA[]]></system-err>
</testsuite>
