<?xml version="1.0" encoding="UTF-8"?>
<testsuite name="org.springframework.mail.javamail.ConfigurableMimeFileTypeMapTests" tests="4" skipped="0" failures="0" errors="0" timestamp="2020-12-12T06:24:15" hostname="DESKTOP-TMNPDT1" time="0.034">
  <properties/>
  <testcase name="withCustomMappingLocation()" classname="org.springframework.mail.javamail.ConfigurableMimeFileTypeMapTests" time="0.009"/>
  <testcase name="withAdditionalMappings()" classname="org.springframework.mail.javamail.ConfigurableMimeFileTypeMapTests" time="0.005"/>
  <testcase name="againstDefaultConfigurationWithFilePath()" classname="org.springframework.mail.javamail.ConfigurableMimeFileTypeMapTests" time="0.014"/>
  <testcase name="againstDefaultConfiguration()" classname="org.springframework.mail.javamail.ConfigurableMimeFileTypeMapTests" time="0.005"/>
  <system-out><![CDATA[]]></system-out>
  <system-err><![CDATA[]]></system-err>
</testsuite>
