<?xml version="1.0" encoding="UTF-8"?>
<testsuite name="org.springframework.cache.jcache.config.JCacheNamespaceDrivenTests" tests="30" skipped="0" failures="0" errors="0" timestamp="2020-12-12T06:23:58" hostname="DESKTOP-TMNPDT1" time="2.024">
  <properties/>
  <testcase name="earlyPutWithExceptionVetoPut()" classname="org.springframework.cache.jcache.config.JCacheNamespaceDrivenTests" time="0.497"/>
  <testcase name="removeWithException()" classname="org.springframework.cache.jcache.config.JCacheNamespaceDrivenTests" time="0.12"/>
  <testcase name="cacheExceptionVetoed()" classname="org.springframework.cache.jcache.config.JCacheNamespaceDrivenTests" time="0.056"/>
  <testcase name="cacheWithCustomCacheResolver()" classname="org.springframework.cache.jcache.config.JCacheNamespaceDrivenTests" time="0.068"/>
  <testcase name="earlyRemove()" classname="org.springframework.cache.jcache.config.JCacheNamespaceDrivenTests" time="0.074"/>
  <testcase name="remove()" classname="org.springframework.cache.jcache.config.JCacheNamespaceDrivenTests" time="0.052"/>
  <testcase name="earlyPut()" classname="org.springframework.cache.jcache.config.JCacheNamespaceDrivenTests" time="0.044"/>
  <testcase name="putWithException()" classname="org.springframework.cache.jcache.config.JCacheNamespaceDrivenTests" time="0.052"/>
  <testcase name="removeWithExceptionVetoRemove()" classname="org.springframework.cache.jcache.config.JCacheNamespaceDrivenTests" time="0.055"/>
  <testcase name="cacheWithCustomKeyGenerator()" classname="org.springframework.cache.jcache.config.JCacheNamespaceDrivenTests" time="0.035"/>
  <testcase name="cacheNull()" classname="org.springframework.cache.jcache.config.JCacheNamespaceDrivenTests" time="0.041"/>
  <testcase name="cacheCheckedException()" classname="org.springframework.cache.jcache.config.JCacheNamespaceDrivenTests" time="0.046"/>
  <testcase name="earlyRemoveAll()" classname="org.springframework.cache.jcache.config.JCacheNamespaceDrivenTests" time="0.035"/>
  <testcase name="put()" classname="org.springframework.cache.jcache.config.JCacheNamespaceDrivenTests" time="0.066"/>
  <testcase name="earlyRemoveAllWithExceptionVetoRemove()" classname="org.springframework.cache.jcache.config.JCacheNamespaceDrivenTests" time="0.055"/>
  <testcase name="earlyPutWithException()" classname="org.springframework.cache.jcache.config.JCacheNamespaceDrivenTests" time="0.046"/>
  <testcase name="cache()" classname="org.springframework.cache.jcache.config.JCacheNamespaceDrivenTests" time="0.042"/>
  <testcase name="earlyRemoveAllWithException()" classname="org.springframework.cache.jcache.config.JCacheNamespaceDrivenTests" time="0.049"/>
  <testcase name="earlyRemoveWithException()" classname="org.springframework.cache.jcache.config.JCacheNamespaceDrivenTests" time="0.031"/>
  <testcase name="cacheAlwaysInvoke()" classname="org.springframework.cache.jcache.config.JCacheNamespaceDrivenTests" time="0.064"/>
  <testcase name="removeAllWithExceptionVetoRemove()" classname="org.springframework.cache.jcache.config.JCacheNamespaceDrivenTests" time="0.05"/>
  <testcase name="earlyRemoveWithExceptionVetoRemove()" classname="org.springframework.cache.jcache.config.JCacheNamespaceDrivenTests" time="0.032"/>
  <testcase name="removeAll()" classname="org.springframework.cache.jcache.config.JCacheNamespaceDrivenTests" time="0.037"/>
  <testcase name="removeAllWithException()" classname="org.springframework.cache.jcache.config.JCacheNamespaceDrivenTests" time="0.038"/>
  <testcase name="cacheWithPartialKey()" classname="org.springframework.cache.jcache.config.JCacheNamespaceDrivenTests" time="0.037"/>
  <testcase name="putWithExceptionVetoPut()" classname="org.springframework.cache.jcache.config.JCacheNamespaceDrivenTests" time="0.042"/>
  <testcase name="cacheException()" classname="org.springframework.cache.jcache.config.JCacheNamespaceDrivenTests" time="0.032"/>
  <testcase name="cacheExceptionRewriteCallStack()" classname="org.springframework.cache.jcache.config.JCacheNamespaceDrivenTests" time="0.075"/>
  <testcase name="testCacheErrorHandler()" classname="org.springframework.cache.jcache.config.JCacheNamespaceDrivenTests" time="0.042"/>
  <testcase name="cacheResolver()" classname="org.springframework.cache.jcache.config.JCacheNamespaceDrivenTests" time="0.082"/>
  <system-out><![CDATA[]]></system-out>
  <system-err><![CDATA[]]></system-err>
</testsuite>
