<?xml version="1.0" encoding="UTF-8"?>
<testsuite name="org.springframework.cache.jcache.JCacheEhCacheAnnotationTests" tests="64" skipped="1" failures="0" errors="0" timestamp="2020-12-12T06:24:07" hostname="DESKTOP-TMNPDT1" time="6.957">
  <properties/>
  <testcase name="testMultiConditionalCacheAndEvict()" classname="org.springframework.cache.jcache.JCacheEhCacheAnnotationTests" time="0.071"/>
  <testcase name="testClassEvictWithKeyEarly()" classname="org.springframework.cache.jcache.JCacheEhCacheAnnotationTests" time="0.065"/>
  <testcase name="testClassCheckedExceptionSync()" classname="org.springframework.cache.jcache.JCacheEhCacheAnnotationTests" time="0.105"/>
  <testcase name="testKeyExpression()" classname="org.springframework.cache.jcache.JCacheEhCacheAnnotationTests" time="0.081"/>
  <testcase name="testConditionalUpdate()" classname="org.springframework.cache.jcache.JCacheEhCacheAnnotationTests" time="0.066"/>
  <testcase name="testClassMultiCacheAndEvict()" classname="org.springframework.cache.jcache.JCacheEhCacheAnnotationTests" time="0.086"/>
  <testcase name="testCacheableSyncNull()" classname="org.springframework.cache.jcache.JCacheEhCacheAnnotationTests" time="0.06"/>
  <testcase name="testUnknownCustomKeyGenerator()" classname="org.springframework.cache.jcache.JCacheEhCacheAnnotationTests" time="0.058"/>
  <testcase name="testClassRootVars()" classname="org.springframework.cache.jcache.JCacheEhCacheAnnotationTests" time="0.045"/>
  <testcase name="testMethodName()" classname="org.springframework.cache.jcache.JCacheEhCacheAnnotationTests" time="0.063"/>
  <testcase name="testEvictWithException()" classname="org.springframework.cache.jcache.JCacheEhCacheAnnotationTests" time="0.053"/>
  <testcase name="testClassUpdate()" classname="org.springframework.cache.jcache.JCacheEhCacheAnnotationTests" time="0.065"/>
  <testcase name="testEvict()" classname="org.springframework.cache.jcache.JCacheEhCacheAnnotationTests" time="0.055"/>
  <testcase name="testCheckedExceptionSync()" classname="org.springframework.cache.jcache.JCacheEhCacheAnnotationTests" time="0.182"/>
  <testcase name="testClassEvictEarly()" classname="org.springframework.cache.jcache.JCacheEhCacheAnnotationTests" time="0.083"/>
  <testcase name="testClassNullArg()" classname="org.springframework.cache.jcache.JCacheEhCacheAnnotationTests" time="0.081"/>
  <testcase name="testClassEvictAll()" classname="org.springframework.cache.jcache.JCacheEhCacheAnnotationTests" time="0.137"/>
  <testcase name="testPutRefersToResult()" classname="org.springframework.cache.jcache.JCacheEhCacheAnnotationTests" time="0.044"/>
  <testcase name="testClassCacheUnlessExpression()" classname="org.springframework.cache.jcache.JCacheEhCacheAnnotationTests" time="0.064"/>
  <testcase name="testConditionalExpressionSync()" classname="org.springframework.cache.jcache.JCacheEhCacheAnnotationTests" time="0.167"/>
  <testcase name="testClassConditionalUpdate()" classname="org.springframework.cache.jcache.JCacheEhCacheAnnotationTests" time="0.083"/>
  <testcase name="testConditionalExpression()" classname="org.springframework.cache.jcache.JCacheEhCacheAnnotationTests" time="0.052"/>
  <testcase name="testClassMultiPut()" classname="org.springframework.cache.jcache.JCacheEhCacheAnnotationTests" time="0.11"/>
  <testcase name="testClassUncheckedException()" classname="org.springframework.cache.jcache.JCacheEhCacheAnnotationTests" time="0.22"/>
  <testcase name="testClassCacheEvictWithWKey()" classname="org.springframework.cache.jcache.JCacheEhCacheAnnotationTests" time="0.134"/>
  <testcase name="testClassNullValue()" classname="org.springframework.cache.jcache.JCacheEhCacheAnnotationTests" time="0.345"/>
  <testcase name="testUncheckedExceptionSync()" classname="org.springframework.cache.jcache.JCacheEhCacheAnnotationTests" time="0.046"/>
  <testcase name="testClassUncheckedExceptionSync()" classname="org.springframework.cache.jcache.JCacheEhCacheAnnotationTests" time="0.206"/>
  <testcase name="testClassCacheCacheable()" classname="org.springframework.cache.jcache.JCacheEhCacheAnnotationTests" time="0.146"/>
  <testcase name="testClassMethodName()" classname="org.springframework.cache.jcache.JCacheEhCacheAnnotationTests" time="0.165"/>
  <testcase name="testCustomKeyGenerator()" classname="org.springframework.cache.jcache.JCacheEhCacheAnnotationTests" time="0.138"/>
  <testcase name="testCacheable()" classname="org.springframework.cache.jcache.JCacheEhCacheAnnotationTests" time="0.115"/>
  <testcase name="testCheckedException()" classname="org.springframework.cache.jcache.JCacheEhCacheAnnotationTests" time="0.292"/>
  <testcase name="testClassPutRefersToResult()" classname="org.springframework.cache.jcache.JCacheEhCacheAnnotationTests" time="0.069"/>
  <testcase name="testVarArgsKey()" classname="org.springframework.cache.jcache.JCacheEhCacheAnnotationTests" time="0.08"/>
  <testcase name="testMultiCache()" classname="org.springframework.cache.jcache.JCacheEhCacheAnnotationTests" time="0.189"/>
  <testcase name="testMultiEvict()" classname="org.springframework.cache.jcache.JCacheEhCacheAnnotationTests" time="0.066"/>
  <testcase name="testMultiCacheAndEvict()" classname="org.springframework.cache.jcache.JCacheEhCacheAnnotationTests" time="0.129"/>
  <testcase name="testRootVars()" classname="org.springframework.cache.jcache.JCacheEhCacheAnnotationTests" time="0.123"/>
  <testcase name="testClassMultiConditionalCacheAndEvict()" classname="org.springframework.cache.jcache.JCacheEhCacheAnnotationTests" time="0.451"/>
  <testcase name="testClassEvictWithException()" classname="org.springframework.cache.jcache.JCacheEhCacheAnnotationTests" time="0.082"/>
  <testcase name="testClassCheckedException()" classname="org.springframework.cache.jcache.JCacheEhCacheAnnotationTests" time="0.079"/>
  <testcase name="testClassCacheEvict()" classname="org.springframework.cache.jcache.JCacheEhCacheAnnotationTests" time="0.073"/>
  <testcase name="testEvictWithKey()" classname="org.springframework.cache.jcache.JCacheEhCacheAnnotationTests" time="0.1"/>
  <testcase name="testUnlessExpression()" classname="org.springframework.cache.jcache.JCacheEhCacheAnnotationTests" time="0.107"/>
  <testcase name="testEvictAllEarly()" classname="org.springframework.cache.jcache.JCacheEhCacheAnnotationTests" time="0.2"/>
  <testcase name="testEvictAll()" classname="org.springframework.cache.jcache.JCacheEhCacheAnnotationTests" time="0.454"/>
  <testcase name="testCacheableNull()" classname="org.springframework.cache.jcache.JCacheEhCacheAnnotationTests" time="0.053"/>
  <testcase name="testCacheableSync()" classname="org.springframework.cache.jcache.JCacheEhCacheAnnotationTests" time="0.039"/>
  <testcase name="testEvictWithKeyEarly()" classname="org.springframework.cache.jcache.JCacheEhCacheAnnotationTests" time="0.079"/>
  <testcase name="testMultiPut()" classname="org.springframework.cache.jcache.JCacheEhCacheAnnotationTests" time="0.056"/>
  <testcase name="testUnknownCustomCacheManager()" classname="org.springframework.cache.jcache.JCacheEhCacheAnnotationTests" time="0.042"/>
  <testcase name="testUncheckedException()" classname="org.springframework.cache.jcache.JCacheEhCacheAnnotationTests" time="0.1"/>
  <testcase name="testNullValue()" classname="org.springframework.cache.jcache.JCacheEhCacheAnnotationTests" time="0.139"/>
  <testcase name="testEvictEarly()" classname="org.springframework.cache.jcache.JCacheEhCacheAnnotationTests" time="0.065"/>
  <testcase name="testUpdate()" classname="org.springframework.cache.jcache.JCacheEhCacheAnnotationTests" time="0.048"/>
  <testcase name="testNullArg()" classname="org.springframework.cache.jcache.JCacheEhCacheAnnotationTests" time="0.057"/>
  <testcase name="testClassMultiCache()" classname="org.springframework.cache.jcache.JCacheEhCacheAnnotationTests" time="0.068"/>
  <testcase name="testClassMultiEvict()" classname="org.springframework.cache.jcache.JCacheEhCacheAnnotationTests" time="0.084"/>
  <testcase name="testEvictAllWithTransaction()" classname="org.springframework.cache.jcache.JCacheEhCacheAnnotationTests" time="0.06"/>
  <testcase name="testCustomCacheManager()" classname="org.springframework.cache.jcache.JCacheEhCacheAnnotationTests" time="0.0">
    <skipped/>
  </testcase>
  <testcase name="testEvictEarlyWithTransaction()" classname="org.springframework.cache.jcache.JCacheEhCacheAnnotationTests" time="0.039"/>
  <testcase name="testEvictAllEarlyWithTransaction()" classname="org.springframework.cache.jcache.JCacheEhCacheAnnotationTests" time="0.051"/>
  <testcase name="testEvictWithTransaction()" classname="org.springframework.cache.jcache.JCacheEhCacheAnnotationTests" time="0.053"/>
  <system-out><![CDATA[]]></system-out>
  <system-err><![CDATA[]]></system-err>
</testsuite>
