<?xml version="1.0" encoding="UTF-8"?>
<testsuite name="org.springframework.cache.jcache.interceptor.CacheResolverAdapterTests" tests="2" skipped="0" failures="0" errors="0" timestamp="2020-12-12T06:24:01" hostname="DESKTOP-TMNPDT1" time="0.059">
  <properties/>
  <testcase name="resolveSimpleCache()" classname="org.springframework.cache.jcache.interceptor.CacheResolverAdapterTests" time="0.053"/>
  <testcase name="resolveUnknownCache()" classname="org.springframework.cache.jcache.interceptor.CacheResolverAdapterTests" time="0.005"/>
  <system-out><![CDATA[]]></system-out>
  <system-err><![CDATA[]]></system-err>
</testsuite>
