<?xml version="1.0" encoding="UTF-8"?>
<testsuite name="org.springframework.cache.jcache.JCacheEhCacheApiTests" tests="13" skipped="0" failures="0" errors="0" timestamp="2020-12-12T06:24:14" hostname="DESKTOP-TMNPDT1" time="0.417">
  <properties/>
  <testcase name="testCacheGetCallableNotInvokedWithHitNull()" classname="org.springframework.cache.jcache.JCacheEhCacheApiTests" time="0.022"/>
  <testcase name="testCacheGetSynchronized()" classname="org.springframework.cache.jcache.JCacheEhCacheApiTests" time="0.076"/>
  <testcase name="testCachePutIfAbsent()" classname="org.springframework.cache.jcache.JCacheEhCacheApiTests" time="0.022"/>
  <testcase name="testCacheClear()" classname="org.springframework.cache.jcache.JCacheEhCacheApiTests" time="0.039"/>
  <testcase name="testCacheRemove()" classname="org.springframework.cache.jcache.JCacheEhCacheApiTests" time="0.046"/>
  <testcase name="testCacheGetCallableNotInvokedWithHit()" classname="org.springframework.cache.jcache.JCacheEhCacheApiTests" time="0.049"/>
  <testcase name="testCacheName()" classname="org.springframework.cache.jcache.JCacheEhCacheApiTests" time="0.04"/>
  <testcase name="testCachePut()" classname="org.springframework.cache.jcache.JCacheEhCacheApiTests" time="0.053"/>
  <testcase name="testCacheGetCallable()" classname="org.springframework.cache.jcache.JCacheEhCacheApiTests" time="0.017"/>
  <testcase name="testNativeCache()" classname="org.springframework.cache.jcache.JCacheEhCacheApiTests" time="0.012"/>
  <testcase name="testCacheGetCallableFail()" classname="org.springframework.cache.jcache.JCacheEhCacheApiTests" time="0.011"/>
  <testcase name="testCacheGetCallableWithNull()" classname="org.springframework.cache.jcache.JCacheEhCacheApiTests" time="0.011"/>
  <testcase name="testCachePutNullValueAllowNullFalse()" classname="org.springframework.cache.jcache.JCacheEhCacheApiTests" time="0.014"/>
  <system-out><![CDATA[]]></system-out>
  <system-err><![CDATA[]]></system-err>
</testsuite>
