<?xml version="1.0" encoding="UTF-8"?>
<testsuite name="org.springframework.cache.jcache.config.JCacheJavaConfigTests" tests="32" skipped="0" failures="0" errors="0" timestamp="2020-12-12T06:23:52" hostname="DESKTOP-TMNPDT1" time="6.696">
  <properties/>
  <testcase name="earlyPutWithExceptionVetoPut()" classname="org.springframework.cache.jcache.config.JCacheJavaConfigTests" time="0.241"/>
  <testcase name="removeWithException()" classname="org.springframework.cache.jcache.config.JCacheJavaConfigTests" time="0.167"/>
  <testcase name="cacheExceptionVetoed()" classname="org.springframework.cache.jcache.config.JCacheJavaConfigTests" time="0.301"/>
  <testcase name="cacheWithCustomCacheResolver()" classname="org.springframework.cache.jcache.config.JCacheJavaConfigTests" time="0.708"/>
  <testcase name="earlyRemove()" classname="org.springframework.cache.jcache.config.JCacheJavaConfigTests" time="0.155"/>
  <testcase name="remove()" classname="org.springframework.cache.jcache.config.JCacheJavaConfigTests" time="0.214"/>
  <testcase name="earlyPut()" classname="org.springframework.cache.jcache.config.JCacheJavaConfigTests" time="0.156"/>
  <testcase name="putWithException()" classname="org.springframework.cache.jcache.config.JCacheJavaConfigTests" time="1.266"/>
  <testcase name="removeWithExceptionVetoRemove()" classname="org.springframework.cache.jcache.config.JCacheJavaConfigTests" time="0.071"/>
  <testcase name="cacheWithCustomKeyGenerator()" classname="org.springframework.cache.jcache.config.JCacheJavaConfigTests" time="0.049"/>
  <testcase name="cacheNull()" classname="org.springframework.cache.jcache.config.JCacheJavaConfigTests" time="0.14"/>
  <testcase name="cacheCheckedException()" classname="org.springframework.cache.jcache.config.JCacheJavaConfigTests" time="0.502"/>
  <testcase name="earlyRemoveAll()" classname="org.springframework.cache.jcache.config.JCacheJavaConfigTests" time="0.257"/>
  <testcase name="put()" classname="org.springframework.cache.jcache.config.JCacheJavaConfigTests" time="0.106"/>
  <testcase name="earlyRemoveAllWithExceptionVetoRemove()" classname="org.springframework.cache.jcache.config.JCacheJavaConfigTests" time="0.056"/>
  <testcase name="earlyPutWithException()" classname="org.springframework.cache.jcache.config.JCacheJavaConfigTests" time="0.162"/>
  <testcase name="cache()" classname="org.springframework.cache.jcache.config.JCacheJavaConfigTests" time="0.341"/>
  <testcase name="earlyRemoveAllWithException()" classname="org.springframework.cache.jcache.config.JCacheJavaConfigTests" time="0.489"/>
  <testcase name="earlyRemoveWithException()" classname="org.springframework.cache.jcache.config.JCacheJavaConfigTests" time="0.069"/>
  <testcase name="cacheAlwaysInvoke()" classname="org.springframework.cache.jcache.config.JCacheJavaConfigTests" time="0.05"/>
  <testcase name="removeAllWithExceptionVetoRemove()" classname="org.springframework.cache.jcache.config.JCacheJavaConfigTests" time="0.052"/>
  <testcase name="earlyRemoveWithExceptionVetoRemove()" classname="org.springframework.cache.jcache.config.JCacheJavaConfigTests" time="0.047"/>
  <testcase name="removeAll()" classname="org.springframework.cache.jcache.config.JCacheJavaConfigTests" time="0.047"/>
  <testcase name="removeAllWithException()" classname="org.springframework.cache.jcache.config.JCacheJavaConfigTests" time="0.036"/>
  <testcase name="cacheWithPartialKey()" classname="org.springframework.cache.jcache.config.JCacheJavaConfigTests" time="0.042"/>
  <testcase name="putWithExceptionVetoPut()" classname="org.springframework.cache.jcache.config.JCacheJavaConfigTests" time="0.03"/>
  <testcase name="cacheException()" classname="org.springframework.cache.jcache.config.JCacheJavaConfigTests" time="0.034"/>
  <testcase name="cacheExceptionRewriteCallStack()" classname="org.springframework.cache.jcache.config.JCacheJavaConfigTests" time="0.215"/>
  <testcase name="bothSetOnlyResolverIsUsed()" classname="org.springframework.cache.jcache.config.JCacheJavaConfigTests" time="0.121"/>
  <testcase name="emptyConfigSupport()" classname="org.springframework.cache.jcache.config.JCacheJavaConfigTests" time="0.084"/>
  <testcase name="fullCachingConfig()" classname="org.springframework.cache.jcache.config.JCacheJavaConfigTests" time="0.059"/>
  <testcase name="exceptionCacheResolverLazilyRequired()" classname="org.springframework.cache.jcache.config.JCacheJavaConfigTests" time="0.28"/>
  <system-out><![CDATA[]]></system-out>
  <system-err><![CDATA[]]></system-err>
</testsuite>
