<?xml version="1.0" encoding="UTF-8"?>
<testsuite name="org.springframework.mail.javamail.InternetAddressEditorTests" tests="7" skipped="0" failures="0" errors="0" timestamp="2020-12-12T06:24:15" hostname="DESKTOP-TMNPDT1" time="0.007">
  <properties/>
  <testcase name="simpleBadAddress()" classname="org.springframework.mail.javamail.InternetAddressEditorTests" time="0.003"/>
  <testcase name="uninitialized()" classname="org.springframework.mail.javamail.InternetAddressEditorTests" time="0.0"/>
  <testcase name="simpleGoodAddress()" classname="org.springframework.mail.javamail.InternetAddressEditorTests" time="0.001"/>
  <testcase name="allWhitespace()" classname="org.springframework.mail.javamail.InternetAddressEditorTests" time="0.001"/>
  <testcase name="setEmpty()" classname="org.springframework.mail.javamail.InternetAddressEditorTests" time="0.0"/>
  <testcase name="excessWhitespace()" classname="org.springframework.mail.javamail.InternetAddressEditorTests" time="0.0"/>
  <testcase name="setNull()" classname="org.springframework.mail.javamail.InternetAddressEditorTests" time="0.0"/>
  <system-out><![CDATA[]]></system-out>
  <system-err><![CDATA[]]></system-err>
</testsuite>
