<?xml version="1.0" encoding="UTF-8"?>
<testsuite name="org.springframework.cache.jcache.interceptor.CacheRemoveAllOperationTests" tests="2" skipped="0" failures="0" errors="0" timestamp="2020-12-12T06:24:01" hostname="DESKTOP-TMNPDT1" time="0.008">
  <properties/>
  <testcase name="simple()" classname="org.springframework.cache.jcache.interceptor.CacheRemoveAllOperationTests" time="0.001"/>
  <testcase name="simpleRemoveAll()" classname="org.springframework.cache.jcache.interceptor.CacheRemoveAllOperationTests" time="0.004"/>
  <system-out><![CDATA[]]></system-out>
  <system-err><![CDATA[]]></system-err>
</testsuite>
