<?xml version="1.0" encoding="UTF-8"?>
<testsuite name="org.springframework.cache.caffeine.CaffeineCacheTests" tests="14" skipped="0" failures="0" errors="0" timestamp="2020-12-12T06:23:45" hostname="DESKTOP-TMNPDT1" time="0.143">
  <properties/>
  <testcase name="testCacheGetCallableNotInvokedWithHitNull()" classname="org.springframework.cache.caffeine.CaffeineCacheTests" time="0.005"/>
  <testcase name="testCacheGetSynchronized()" classname="org.springframework.cache.caffeine.CaffeineCacheTests" time="0.077"/>
  <testcase name="testCachePutIfAbsent()" classname="org.springframework.cache.caffeine.CaffeineCacheTests" time="0.003"/>
  <testcase name="testCacheClear()" classname="org.springframework.cache.caffeine.CaffeineCacheTests" time="0.001"/>
  <testcase name="testCacheRemove()" classname="org.springframework.cache.caffeine.CaffeineCacheTests" time="0.002"/>
  <testcase name="testCacheGetCallableNotInvokedWithHit()" classname="org.springframework.cache.caffeine.CaffeineCacheTests" time="0.002"/>
  <testcase name="testCacheName()" classname="org.springframework.cache.caffeine.CaffeineCacheTests" time="0.016"/>
  <testcase name="testCachePut()" classname="org.springframework.cache.caffeine.CaffeineCacheTests" time="0.001"/>
  <testcase name="testCacheGetCallable()" classname="org.springframework.cache.caffeine.CaffeineCacheTests" time="0.001"/>
  <testcase name="testNativeCache()" classname="org.springframework.cache.caffeine.CaffeineCacheTests" time="0.002"/>
  <testcase name="testCacheGetCallableFail()" classname="org.springframework.cache.caffeine.CaffeineCacheTests" time="0.014"/>
  <testcase name="testCacheGetCallableWithNull()" classname="org.springframework.cache.caffeine.CaffeineCacheTests" time="0.003"/>
  <testcase name="testCachePutNullValueAllowNullFalse()" classname="org.springframework.cache.caffeine.CaffeineCacheTests" time="0.002"/>
  <testcase name="testPutIfAbsentNullValue()" classname="org.springframework.cache.caffeine.CaffeineCacheTests" time="0.002"/>
  <system-out><![CDATA[]]></system-out>
  <system-err><![CDATA[]]></system-err>
</testsuite>
