<?xml version="1.0" encoding="UTF-8"?>
<testsuite name="org.springframework.validation.beanvalidation2.MethodValidationTests" tests="4" skipped="0" failures="0" errors="0" timestamp="2020-12-12T06:27:17" hostname="DESKTOP-TMNPDT1" time="2.646">
  <properties/>
  <testcase name="testLazyValidatorForMethodValidation()" classname="org.springframework.validation.beanvalidation2.MethodValidationTests" time="0.765"/>
  <testcase name="testMethodValidationInterceptor()" classname="org.springframework.validation.beanvalidation2.MethodValidationTests" time="0.222"/>
  <testcase name="testLazyValidatorForMethodValidationWithProxyTargetClass()" classname="org.springframework.validation.beanvalidation2.MethodValidationTests" time="1.441"/>
  <testcase name="testMethodValidationPostProcessor()" classname="org.springframework.validation.beanvalidation2.MethodValidationTests" time="0.216"/>
  <system-out><![CDATA[]]></system-out>
  <system-err><![CDATA[]]></system-err>
</testsuite>
