<?xml version="1.0" encoding="UTF-8"?>
<testsuite name="org.springframework.cache.jcache.JCacheEhCache3AnnotationTests" tests="64" skipped="1" failures="0" errors="0" timestamp="2020-12-12T06:24:02" hostname="DESKTOP-TMNPDT1" time="4.515">
  <properties/>
  <testcase name="testMultiConditionalCacheAndEvict()" classname="org.springframework.cache.jcache.JCacheEhCache3AnnotationTests" time="0.838"/>
  <testcase name="testClassEvictWithKeyEarly()" classname="org.springframework.cache.jcache.JCacheEhCache3AnnotationTests" time="0.286"/>
  <testcase name="testClassCheckedExceptionSync()" classname="org.springframework.cache.jcache.JCacheEhCache3AnnotationTests" time="0.109"/>
  <testcase name="testKeyExpression()" classname="org.springframework.cache.jcache.JCacheEhCache3AnnotationTests" time="0.082"/>
  <testcase name="testConditionalUpdate()" classname="org.springframework.cache.jcache.JCacheEhCache3AnnotationTests" time="0.09"/>
  <testcase name="testClassMultiCacheAndEvict()" classname="org.springframework.cache.jcache.JCacheEhCache3AnnotationTests" time="0.104"/>
  <testcase name="testCacheableSyncNull()" classname="org.springframework.cache.jcache.JCacheEhCache3AnnotationTests" time="0.068"/>
  <testcase name="testUnknownCustomKeyGenerator()" classname="org.springframework.cache.jcache.JCacheEhCache3AnnotationTests" time="0.058"/>
  <testcase name="testClassRootVars()" classname="org.springframework.cache.jcache.JCacheEhCache3AnnotationTests" time="0.056"/>
  <testcase name="testMethodName()" classname="org.springframework.cache.jcache.JCacheEhCache3AnnotationTests" time="0.046"/>
  <testcase name="testEvictWithException()" classname="org.springframework.cache.jcache.JCacheEhCache3AnnotationTests" time="0.063"/>
  <testcase name="testClassUpdate()" classname="org.springframework.cache.jcache.JCacheEhCache3AnnotationTests" time="0.063"/>
  <testcase name="testEvict()" classname="org.springframework.cache.jcache.JCacheEhCache3AnnotationTests" time="0.048"/>
  <testcase name="testCheckedExceptionSync()" classname="org.springframework.cache.jcache.JCacheEhCache3AnnotationTests" time="0.06"/>
  <testcase name="testClassEvictEarly()" classname="org.springframework.cache.jcache.JCacheEhCache3AnnotationTests" time="0.075"/>
  <testcase name="testClassNullArg()" classname="org.springframework.cache.jcache.JCacheEhCache3AnnotationTests" time="0.086"/>
  <testcase name="testClassEvictAll()" classname="org.springframework.cache.jcache.JCacheEhCache3AnnotationTests" time="0.092"/>
  <testcase name="testPutRefersToResult()" classname="org.springframework.cache.jcache.JCacheEhCache3AnnotationTests" time="0.038"/>
  <testcase name="testClassCacheUnlessExpression()" classname="org.springframework.cache.jcache.JCacheEhCache3AnnotationTests" time="0.045"/>
  <testcase name="testConditionalExpressionSync()" classname="org.springframework.cache.jcache.JCacheEhCache3AnnotationTests" time="0.042"/>
  <testcase name="testClassConditionalUpdate()" classname="org.springframework.cache.jcache.JCacheEhCache3AnnotationTests" time="0.061"/>
  <testcase name="testConditionalExpression()" classname="org.springframework.cache.jcache.JCacheEhCache3AnnotationTests" time="0.043"/>
  <testcase name="testClassMultiPut()" classname="org.springframework.cache.jcache.JCacheEhCache3AnnotationTests" time="0.067"/>
  <testcase name="testClassUncheckedException()" classname="org.springframework.cache.jcache.JCacheEhCache3AnnotationTests" time="0.035"/>
  <testcase name="testClassCacheEvictWithWKey()" classname="org.springframework.cache.jcache.JCacheEhCache3AnnotationTests" time="0.046"/>
  <testcase name="testClassNullValue()" classname="org.springframework.cache.jcache.JCacheEhCache3AnnotationTests" time="0.05"/>
  <testcase name="testUncheckedExceptionSync()" classname="org.springframework.cache.jcache.JCacheEhCache3AnnotationTests" time="0.043"/>
  <testcase name="testClassUncheckedExceptionSync()" classname="org.springframework.cache.jcache.JCacheEhCache3AnnotationTests" time="0.05"/>
  <testcase name="testClassCacheCacheable()" classname="org.springframework.cache.jcache.JCacheEhCache3AnnotationTests" time="0.051"/>
  <testcase name="testClassMethodName()" classname="org.springframework.cache.jcache.JCacheEhCache3AnnotationTests" time="0.055"/>
  <testcase name="testCustomKeyGenerator()" classname="org.springframework.cache.jcache.JCacheEhCache3AnnotationTests" time="0.043"/>
  <testcase name="testCacheable()" classname="org.springframework.cache.jcache.JCacheEhCache3AnnotationTests" time="0.042"/>
  <testcase name="testCheckedException()" classname="org.springframework.cache.jcache.JCacheEhCache3AnnotationTests" time="0.053"/>
  <testcase name="testClassPutRefersToResult()" classname="org.springframework.cache.jcache.JCacheEhCache3AnnotationTests" time="0.047"/>
  <testcase name="testVarArgsKey()" classname="org.springframework.cache.jcache.JCacheEhCache3AnnotationTests" time="0.035"/>
  <testcase name="testMultiCache()" classname="org.springframework.cache.jcache.JCacheEhCache3AnnotationTests" time="0.05"/>
  <testcase name="testMultiEvict()" classname="org.springframework.cache.jcache.JCacheEhCache3AnnotationTests" time="0.05"/>
  <testcase name="testMultiCacheAndEvict()" classname="org.springframework.cache.jcache.JCacheEhCache3AnnotationTests" time="0.044"/>
  <testcase name="testRootVars()" classname="org.springframework.cache.jcache.JCacheEhCache3AnnotationTests" time="0.038"/>
  <testcase name="testClassMultiConditionalCacheAndEvict()" classname="org.springframework.cache.jcache.JCacheEhCache3AnnotationTests" time="0.046"/>
  <testcase name="testClassEvictWithException()" classname="org.springframework.cache.jcache.JCacheEhCache3AnnotationTests" time="0.058"/>
  <testcase name="testClassCheckedException()" classname="org.springframework.cache.jcache.JCacheEhCache3AnnotationTests" time="0.049"/>
  <testcase name="testClassCacheEvict()" classname="org.springframework.cache.jcache.JCacheEhCache3AnnotationTests" time="0.04"/>
  <testcase name="testEvictWithKey()" classname="org.springframework.cache.jcache.JCacheEhCache3AnnotationTests" time="0.046"/>
  <testcase name="testUnlessExpression()" classname="org.springframework.cache.jcache.JCacheEhCache3AnnotationTests" time="0.038"/>
  <testcase name="testEvictAllEarly()" classname="org.springframework.cache.jcache.JCacheEhCache3AnnotationTests" time="0.064"/>
  <testcase name="testEvictAll()" classname="org.springframework.cache.jcache.JCacheEhCache3AnnotationTests" time="0.043"/>
  <testcase name="testCacheableNull()" classname="org.springframework.cache.jcache.JCacheEhCache3AnnotationTests" time="0.068"/>
  <testcase name="testCacheableSync()" classname="org.springframework.cache.jcache.JCacheEhCache3AnnotationTests" time="0.038"/>
  <testcase name="testEvictWithKeyEarly()" classname="org.springframework.cache.jcache.JCacheEhCache3AnnotationTests" time="0.05"/>
  <testcase name="testMultiPut()" classname="org.springframework.cache.jcache.JCacheEhCache3AnnotationTests" time="0.059"/>
  <testcase name="testUnknownCustomCacheManager()" classname="org.springframework.cache.jcache.JCacheEhCache3AnnotationTests" time="0.045"/>
  <testcase name="testUncheckedException()" classname="org.springframework.cache.jcache.JCacheEhCache3AnnotationTests" time="0.061"/>
  <testcase name="testNullValue()" classname="org.springframework.cache.jcache.JCacheEhCache3AnnotationTests" time="0.047"/>
  <testcase name="testEvictEarly()" classname="org.springframework.cache.jcache.JCacheEhCache3AnnotationTests" time="0.045"/>
  <testcase name="testUpdate()" classname="org.springframework.cache.jcache.JCacheEhCache3AnnotationTests" time="0.048"/>
  <testcase name="testNullArg()" classname="org.springframework.cache.jcache.JCacheEhCache3AnnotationTests" time="0.037"/>
  <testcase name="testClassMultiCache()" classname="org.springframework.cache.jcache.JCacheEhCache3AnnotationTests" time="0.05"/>
  <testcase name="testClassMultiEvict()" classname="org.springframework.cache.jcache.JCacheEhCache3AnnotationTests" time="0.055"/>
  <testcase name="testEvictAllWithTransaction()" classname="org.springframework.cache.jcache.JCacheEhCache3AnnotationTests" time="0.051"/>
  <testcase name="testCustomCacheManager()" classname="org.springframework.cache.jcache.JCacheEhCache3AnnotationTests" time="0.0">
    <skipped/>
  </testcase>
  <testcase name="testEvictEarlyWithTransaction()" classname="org.springframework.cache.jcache.JCacheEhCache3AnnotationTests" time="0.049"/>
  <testcase name="testEvictAllEarlyWithTransaction()" classname="org.springframework.cache.jcache.JCacheEhCache3AnnotationTests" time="0.043"/>
  <testcase name="testEvictWithTransaction()" classname="org.springframework.cache.jcache.JCacheEhCache3AnnotationTests" time="0.038"/>
  <system-out><![CDATA[]]></system-out>
  <system-err><![CDATA[]]></system-err>
</testsuite>
