<?xml version="1.0" encoding="UTF-8"?>
<testsuite name="org.springframework.web.servlet.function.ToStringVisitorTests" tests="2" skipped="0" failures="0" errors="0" timestamp="2020-12-11T20:00:23" hostname="DESKTOP-TMNPDT1" time="0.006">
  <properties/>
  <testcase name="nested()" classname="org.springframework.web.servlet.function.ToStringVisitorTests" time="0.004"/>
  <testcase name="predicates()" classname="org.springframework.web.servlet.function.ToStringVisitorTests" time="0.001"/>
  <system-out><![CDATA[]]></system-out>
  <system-err><![CDATA[]]></system-err>
</testsuite>
