<?xml version="1.0" encoding="UTF-8"?>
<testsuite name="org.springframework.web.servlet.view.InternalResourceViewTests" tests="5" skipped="0" failures="0" errors="0" timestamp="2020-12-11T20:00:57" hostname="DESKTOP-TMNPDT1" time="0.022">
  <properties/>
  <testcase name="forward()" classname="org.springframework.web.servlet.view.InternalResourceViewTests" time="0.002"/>
  <testcase name="rejectsNullUrl()" classname="org.springframework.web.servlet.view.InternalResourceViewTests" time="0.001"/>
  <testcase name="includeOnCommitted()" classname="org.springframework.web.servlet.view.InternalResourceViewTests" time="0.005"/>
  <testcase name="alwaysInclude()" classname="org.springframework.web.servlet.view.InternalResourceViewTests" time="0.003"/>
  <testcase name="includeOnAttribute()" classname="org.springframework.web.servlet.view.InternalResourceViewTests" time="0.009"/>
  <system-out><![CDATA[]]></system-out>
  <system-err><![CDATA[]]></system-err>
</testsuite>
