<?xml version="1.0" encoding="UTF-8"?>
<testsuite name="org.springframework.web.servlet.tags.form.TagWriterTests" tests="8" skipped="0" failures="0" errors="0" timestamp="2020-12-11T20:00:51" hostname="DESKTOP-TMNPDT1" time="0.001">
  <properties/>
  <testcase name="simpleTag()" classname="org.springframework.web.servlet.tags.form.TagWriterTests" time="0.0"/>
  <testcase name="multipleNestedTags()" classname="org.springframework.web.servlet.tags.form.TagWriterTests" time="0.0"/>
  <testcase name="nestedTags()" classname="org.springframework.web.servlet.tags.form.TagWriterTests" time="0.0"/>
  <testcase name="appendingValue()" classname="org.springframework.web.servlet.tags.form.TagWriterTests" time="0.0"/>
  <testcase name="simpleBlockTag()" classname="org.springframework.web.servlet.tags.form.TagWriterTests" time="0.0"/>
  <testcase name="writeInterleavedWithForceBlock()" classname="org.springframework.web.servlet.tags.form.TagWriterTests" time="0.0"/>
  <testcase name="blockTagWithAttributes()" classname="org.springframework.web.servlet.tags.form.TagWriterTests" time="0.0"/>
  <testcase name="emptyTag()" classname="org.springframework.web.servlet.tags.form.TagWriterTests" time="0.0"/>
  <system-out><![CDATA[]]></system-out>
  <system-err><![CDATA[]]></system-err>
</testsuite>
