<?xml version="1.0" encoding="UTF-8"?>
<testsuite name="org.springframework.web.servlet.resource.AppCacheManifestTransformerTests" tests="3" skipped="0" failures="0" errors="0" timestamp="2020-12-11T20:00:41" hostname="DESKTOP-TMNPDT1" time="0.029">
  <properties/>
  <testcase name="noTransformIfExtensionDoesNotMatch()" classname="org.springframework.web.servlet.resource.AppCacheManifestTransformerTests" time="0.0"/>
  <testcase name="transformManifest()" classname="org.springframework.web.servlet.resource.AppCacheManifestTransformerTests" time="0.024"/>
  <testcase name="syntaxErrorInManifest()" classname="org.springframework.web.servlet.resource.AppCacheManifestTransformerTests" time="0.001"/>
  <system-out><![CDATA[]]></system-out>
  <system-err><![CDATA[]]></system-err>
</testsuite>
