<?xml version="1.0" encoding="UTF-8"?>
<testsuite name="org.springframework.web.servlet.config.annotation.CorsRegistryTests" tests="3" skipped="0" failures="0" errors="0" timestamp="2020-12-11T19:59:42" hostname="DESKTOP-TMNPDT1" time="0.008">
  <properties/>
  <testcase name="customizedMapping()" classname="org.springframework.web.servlet.config.annotation.CorsRegistryTests" time="0.007"/>
  <testcase name="noMapping()" classname="org.springframework.web.servlet.config.annotation.CorsRegistryTests" time="0.001"/>
  <testcase name="multipleMappings()" classname="org.springframework.web.servlet.config.annotation.CorsRegistryTests" time="0.0"/>
  <system-out><![CDATA[]]></system-out>
  <system-err><![CDATA[]]></system-err>
</testsuite>
