<?xml version="1.0" encoding="UTF-8"?>
<testsuite name="org.springframework.web.servlet.resource.FixedVersionStrategyTests" tests="5" skipped="0" failures="0" errors="0" timestamp="2020-12-11T20:00:42" hostname="DESKTOP-TMNPDT1" time="0.004">
  <properties/>
  <testcase name="addVersion()" classname="org.springframework.web.servlet.resource.FixedVersionStrategyTests" time="0.0"/>
  <testcase name="addVersionRelativePath()" classname="org.springframework.web.servlet.resource.FixedVersionStrategyTests" time="0.0"/>
  <testcase name="emptyPrefixVersion()" classname="org.springframework.web.servlet.resource.FixedVersionStrategyTests" time="0.001"/>
  <testcase name="extractVersion()" classname="org.springframework.web.servlet.resource.FixedVersionStrategyTests" time="0.001"/>
  <testcase name="removeVersion()" classname="org.springframework.web.servlet.resource.FixedVersionStrategyTests" time="0.0"/>
  <system-out><![CDATA[]]></system-out>
  <system-err><![CDATA[]]></system-err>
</testsuite>
