<?xml version="1.0" encoding="UTF-8"?>
<testsuite name="org.springframework.web.servlet.resource.WebJarsResourceResolverTests" tests="7" skipped="0" failures="0" errors="0" timestamp="2020-12-11T20:00:45" hostname="DESKTOP-TMNPDT1" time="3.012">
  <properties/>
  <testcase name="resolveResourceWebJar()" classname="org.springframework.web.servlet.resource.WebJarsResourceResolverTests" time="0.442"/>
  <testcase name="resolveUrlExistingNotInJarFile()" classname="org.springframework.web.servlet.resource.WebJarsResourceResolverTests" time="0.512"/>
  <testcase name="resolveUrlWebJarResource()" classname="org.springframework.web.servlet.resource.WebJarsResourceResolverTests" time="0.378"/>
  <testcase name="resolveResourceNotFound()" classname="org.springframework.web.servlet.resource.WebJarsResourceResolverTests" time="0.328"/>
  <testcase name="resolveUrlExisting()" classname="org.springframework.web.servlet.resource.WebJarsResourceResolverTests" time="0.393"/>
  <testcase name="resolveUrlWebJarResourceNotFound()" classname="org.springframework.web.servlet.resource.WebJarsResourceResolverTests" time="0.596"/>
  <testcase name="resolveResourceExisting()" classname="org.springframework.web.servlet.resource.WebJarsResourceResolverTests" time="0.362"/>
  <system-out><![CDATA[]]></system-out>
  <system-err><![CDATA[]]></system-err>
</testsuite>
