<?xml version="1.0" encoding="UTF-8"?>
<testsuite name="org.springframework.web.servlet.support.AnnotationConfigDispatcherServletInitializerTests" tests="4" skipped="0" failures="0" errors="0" timestamp="2020-12-11T20:00:48" hostname="DESKTOP-TMNPDT1" time="0.184">
  <properties/>
  <testcase name="register()" classname="org.springframework.web.servlet.support.AnnotationConfigDispatcherServletInitializerTests" time="0.021"/>
  <testcase name="noFilters()" classname="org.springframework.web.servlet.support.AnnotationConfigDispatcherServletInitializerTests" time="0.001"/>
  <testcase name="rootContextOnly()" classname="org.springframework.web.servlet.support.AnnotationConfigDispatcherServletInitializerTests" time="0.161"/>
  <testcase name="asyncSupportedFalse()" classname="org.springframework.web.servlet.support.AnnotationConfigDispatcherServletInitializerTests" time="0.001"/>
  <system-out><![CDATA[]]></system-out>
  <system-err><![CDATA[]]></system-err>
</testsuite>
