<?xml version="1.0" encoding="UTF-8"?>
<testsuite name="org.springframework.web.servlet.config.annotation.ResourceHandlerRegistryTests" tests="11" skipped="0" failures="0" errors="0" timestamp="2020-12-11T19:59:48" hostname="DESKTOP-TMNPDT1" time="4.685">
  <properties/>
  <testcase name="resourceChainWithVersionResolver()" classname="org.springframework.web.servlet.config.annotation.ResourceHandlerRegistryTests" time="1.76"/>
  <testcase name="cacheControl()" classname="org.springframework.web.servlet.config.annotation.ResourceHandlerRegistryTests" time="0.003"/>
  <testcase name="hasMappingForPattern()" classname="org.springframework.web.servlet.config.annotation.ResourceHandlerRegistryTests" time="0.0"/>
  <testcase name="noResourceHandlers()" classname="org.springframework.web.servlet.config.annotation.ResourceHandlerRegistryTests" time="0.001"/>
  <testcase name="urlResourceWithCharset()" classname="org.springframework.web.servlet.config.annotation.ResourceHandlerRegistryTests" time="1.07"/>
  <testcase name="mapPathToLocation()" classname="org.springframework.web.servlet.config.annotation.ResourceHandlerRegistryTests" time="0.066"/>
  <testcase name="resourceChainWithOverrides()" classname="org.springframework.web.servlet.config.annotation.ResourceHandlerRegistryTests" time="0.203"/>
  <testcase name="order()" classname="org.springframework.web.servlet.config.annotation.ResourceHandlerRegistryTests" time="0.001"/>
  <testcase name="cachePeriod()" classname="org.springframework.web.servlet.config.annotation.ResourceHandlerRegistryTests" time="0.001"/>
  <testcase name="resourceChainWithoutCaching()" classname="org.springframework.web.servlet.config.annotation.ResourceHandlerRegistryTests" time="0.899"/>
  <testcase name="resourceChain()" classname="org.springframework.web.servlet.config.annotation.ResourceHandlerRegistryTests" time="0.676"/>
  <system-out><![CDATA[]]></system-out>
  <system-err><![CDATA[]]></system-err>
</testsuite>
