<?xml version="1.0" encoding="UTF-8"?>
<testsuite name="org.springframework.web.servlet.mvc.method.RequestMappingInfoHandlerMappingTests" tests="20" skipped="0" failures="0" errors="0" timestamp="2020-12-11T20:00:41" hostname="DESKTOP-TMNPDT1" time="0.094">
  <properties/>
  <testcase name="getHandlerHttpOptions()" classname="org.springframework.web.servlet.mvc.method.RequestMappingInfoHandlerMappingTests" time="0.004"/>
  <testcase name="getHandlerUnsatisfiedServletRequestParameterException()" classname="org.springframework.web.servlet.mvc.method.RequestMappingInfoHandlerMappingTests" time="0.005"/>
  <testcase name="getHandlerGlobMatch()" classname="org.springframework.web.servlet.mvc.method.RequestMappingInfoHandlerMappingTests" time="0.002"/>
  <testcase name="handleMatchBestMatchingPatternAttributeNoPatternsDefined()" classname="org.springframework.web.servlet.mvc.method.RequestMappingInfoHandlerMappingTests" time="0.002"/>
  <testcase name="getHandlerMediaTypeNotSupported()" classname="org.springframework.web.servlet.mvc.method.RequestMappingInfoHandlerMappingTests" time="0.01"/>
  <testcase name="getHandlerRequestMethodNotAllowed()" classname="org.springframework.web.servlet.mvc.method.RequestMappingInfoHandlerMappingTests" time="0.011"/>
  <testcase name="handleMatchUriTemplateVariables()" classname="org.springframework.web.servlet.mvc.method.RequestMappingInfoHandlerMappingTests" time="0.002"/>
  <testcase name="getHandlerBestMatch()" classname="org.springframework.web.servlet.mvc.method.RequestMappingInfoHandlerMappingTests" time="0.002"/>
  <testcase name="getHandlerProducibleMediaTypesAttribute()" classname="org.springframework.web.servlet.mvc.method.RequestMappingInfoHandlerMappingTests" time="0.002"/>
  <testcase name="handleMatchBestMatchingPatternAttribute()" classname="org.springframework.web.servlet.mvc.method.RequestMappingInfoHandlerMappingTests" time="0.001"/>
  <testcase name="handleMatchUriTemplateVariablesDecode()" classname="org.springframework.web.servlet.mvc.method.RequestMappingInfoHandlerMappingTests" time="0.003"/>
  <testcase name="getHandlerEmptyPathMatch()" classname="org.springframework.web.servlet.mvc.method.RequestMappingInfoHandlerMappingTests" time="0.001"/>
  <testcase name="getMappingPathPatterns()" classname="org.springframework.web.servlet.mvc.method.RequestMappingInfoHandlerMappingTests" time="0.001"/>
  <testcase name="getHandlerTestInvalidContentType()" classname="org.springframework.web.servlet.mvc.method.RequestMappingInfoHandlerMappingTests" time="0.002"/>
  <testcase name="getHandlerDirectMatch()" classname="org.springframework.web.servlet.mvc.method.RequestMappingInfoHandlerMappingTests" time="0.001"/>
  <testcase name="getHandlerRequestMethodMatchFalsePositive()" classname="org.springframework.web.servlet.mvc.method.RequestMappingInfoHandlerMappingTests" time="0.002"/>
  <testcase name="handleMatchMatrixVariablesDecoding()" classname="org.springframework.web.servlet.mvc.method.RequestMappingInfoHandlerMappingTests" time="0.001"/>
  <testcase name="getHandlerMappedInterceptors()" classname="org.springframework.web.servlet.mvc.method.RequestMappingInfoHandlerMappingTests" time="0.012"/>
  <testcase name="handleMatchMatrixVariables()" classname="org.springframework.web.servlet.mvc.method.RequestMappingInfoHandlerMappingTests" time="0.002"/>
  <testcase name="getHandlerMediaTypeNotAccepted()" classname="org.springframework.web.servlet.mvc.method.RequestMappingInfoHandlerMappingTests" time="0.005"/>
  <system-out><![CDATA[]]></system-out>
  <system-err><![CDATA[]]></system-err>
</testsuite>
