<?xml version="1.0" encoding="UTF-8"?>
<testsuite name="org.springframework.web.context.support.HttpRequestHandlerTests" tests="1" skipped="0" failures="0" errors="0" timestamp="2020-12-11T19:59:36" hostname="DESKTOP-TMNPDT1" time="0.027">
  <properties/>
  <testcase name="testHttpRequestHandlerServletPassThrough()" classname="org.springframework.web.context.support.HttpRequestHandlerTests" time="0.027"/>
  <system-out><![CDATA[]]></system-out>
  <system-err><![CDATA[]]></system-err>
</testsuite>
