<?xml version="1.0" encoding="UTF-8"?>
<testsuite name="org.springframework.web.servlet.view.tiles3.TilesViewTests" tests="3" skipped="0" failures="0" errors="0" timestamp="2020-12-11T20:01:18" hostname="DESKTOP-TMNPDT1" time="0.003">
  <properties/>
  <testcase name="alwaysIncludeEnabled()" classname="org.springframework.web.servlet.view.tiles3.TilesViewTests" time="0.001"/>
  <testcase name="render()" classname="org.springframework.web.servlet.view.tiles3.TilesViewTests" time="0.001"/>
  <testcase name="alwaysIncludeDefaults()" classname="org.springframework.web.servlet.view.tiles3.TilesViewTests" time="0.0"/>
  <system-out><![CDATA[]]></system-out>
  <system-err><![CDATA[]]></system-err>
</testsuite>
