<?xml version="1.0" encoding="UTF-8"?>
<testsuite name="org.springframework.web.servlet.tags.ArgumentTagTests" tests="5" skipped="0" failures="0" errors="0" timestamp="2020-12-11T20:00:48" hostname="DESKTOP-TMNPDT1" time="0.047">
  <properties/>
  <testcase name="argumentWithImplicitNullValue()" classname="org.springframework.web.servlet.tags.ArgumentTagTests" time="0.012"/>
  <testcase name="argumentWithExplicitNullValue()" classname="org.springframework.web.servlet.tags.ArgumentTagTests" time="0.007"/>
  <testcase name="argumentWithStringValue()" classname="org.springframework.web.servlet.tags.ArgumentTagTests" time="0.008"/>
  <testcase name="argumentWithValueThenReleaseThenBodyValue()" classname="org.springframework.web.servlet.tags.ArgumentTagTests" time="0.013"/>
  <testcase name="argumentWithBodyValue()" classname="org.springframework.web.servlet.tags.ArgumentTagTests" time="0.005"/>
  <system-out><![CDATA[]]></system-out>
  <system-err><![CDATA[]]></system-err>
</testsuite>
