<?xml version="1.0" encoding="UTF-8"?>
<testsuite name="org.springframework.web.servlet.config.annotation.InterceptorRegistryTests" tests="10" skipped="0" failures="0" errors="0" timestamp="2020-12-11T19:59:48" hostname="DESKTOP-TMNPDT1" time="0.054">
  <properties/>
  <testcase name="addInterceptor()" classname="org.springframework.web.servlet.config.annotation.InterceptorRegistryTests" time="0.0"/>
  <testcase name="addInterceptorWithExcludePathPatternOnly()" classname="org.springframework.web.servlet.config.annotation.InterceptorRegistryTests" time="0.001"/>
  <testcase name="addWebRequestInterceptors()" classname="org.springframework.web.servlet.config.annotation.InterceptorRegistryTests" time="0.004"/>
  <testcase name="addTwoInterceptors()" classname="org.springframework.web.servlet.config.annotation.InterceptorRegistryTests" time="0.001"/>
  <testcase name="addInterceptorsWithCustomPathMatcher()" classname="org.springframework.web.servlet.config.annotation.InterceptorRegistryTests" time="0.001"/>
  <testcase name="addWebRequestInterceptorsWithUrlPatterns()" classname="org.springframework.web.servlet.config.annotation.InterceptorRegistryTests" time="0.002"/>
  <testcase name="orderedInterceptors()" classname="org.springframework.web.servlet.config.annotation.InterceptorRegistryTests" time="0.001"/>
  <testcase name="nonOrderedInterceptors()" classname="org.springframework.web.servlet.config.annotation.InterceptorRegistryTests" time="0.001"/>
  <testcase name="addWebRequestInterceptor()" classname="org.springframework.web.servlet.config.annotation.InterceptorRegistryTests" time="0.001"/>
  <testcase name="addInterceptorsWithUrlPatterns()" classname="org.springframework.web.servlet.config.annotation.InterceptorRegistryTests" time="0.001"/>
  <system-out><![CDATA[]]></system-out>
  <system-err><![CDATA[]]></system-err>
</testsuite>
