<?xml version="1.0" encoding="UTF-8"?>
<testsuite name="org.springframework.web.servlet.view.xml.MarshallingViewTests" tests="11" skipped="0" failures="0" errors="0" timestamp="2020-12-11T20:01:19" hostname="DESKTOP-TMNPDT1" time="0.034">
  <properties/>
  <testcase name="renderModelKeyUnsupported()" classname="org.springframework.web.servlet.view.xml.MarshallingViewTests" time="0.015"/>
  <testcase name="renderInvalidModelKey()" classname="org.springframework.web.servlet.view.xml.MarshallingViewTests" time="0.002"/>
  <testcase name="getContentType()" classname="org.springframework.web.servlet.view.xml.MarshallingViewTests" time="0.0"/>
  <testcase name="isExposePathVarsDefaultConstructor()" classname="org.springframework.web.servlet.view.xml.MarshallingViewTests" time="0.0"/>
  <testcase name="isExposePathVars()" classname="org.springframework.web.servlet.view.xml.MarshallingViewTests" time="0.001"/>
  <testcase name="renderNoModelKey()" classname="org.springframework.web.servlet.view.xml.MarshallingViewTests" time="0.001"/>
  <testcase name="renderNullModelValue()" classname="org.springframework.web.servlet.view.xml.MarshallingViewTests" time="0.001"/>
  <testcase name="renderModelKeyWithJaxbElement()" classname="org.springframework.web.servlet.view.xml.MarshallingViewTests" time="0.003"/>
  <testcase name="testRenderUnsupportedModel()" classname="org.springframework.web.servlet.view.xml.MarshallingViewTests" time="0.002"/>
  <testcase name="renderNoModelKeyAndBindingResultFirst()" classname="org.springframework.web.servlet.view.xml.MarshallingViewTests" time="0.002"/>
  <testcase name="renderModelKey()" classname="org.springframework.web.servlet.view.xml.MarshallingViewTests" time="0.001"/>
  <system-out><![CDATA[]]></system-out>
  <system-err><![CDATA[]]></system-err>
</testsuite>
