<?xml version="1.0" encoding="UTF-8"?>
<testsuite name="org.springframework.web.servlet.mvc.annotation.ResponseStatusExceptionResolverTests" tests="9" skipped="0" failures="0" errors="0" timestamp="2020-12-11T20:00:24" hostname="DESKTOP-TMNPDT1" time="0.021">
  <properties/>
  <testcase name="statusCodeAndReason()" classname="org.springframework.web.servlet.mvc.annotation.ResponseStatusExceptionResolverTests" time="0.002"/>
  <testcase name="statusCodeAndReasonMessage()" classname="org.springframework.web.servlet.mvc.annotation.ResponseStatusExceptionResolverTests" time="0.002"/>
  <testcase name="responseStatusExceptionWithReason()" classname="org.springframework.web.servlet.mvc.annotation.ResponseStatusExceptionResolverTests" time="0.003"/>
  <testcase name="responseStatusException()" classname="org.springframework.web.servlet.mvc.annotation.ResponseStatusExceptionResolverTests" time="0.001"/>
  <testcase name="responseStatusExceptionWithHeaders()" classname="org.springframework.web.servlet.mvc.annotation.ResponseStatusExceptionResolverTests" time="0.001"/>
  <testcase name="statusCode()" classname="org.springframework.web.servlet.mvc.annotation.ResponseStatusExceptionResolverTests" time="0.001"/>
  <testcase name="statusCodeFromComposedResponseStatus()" classname="org.springframework.web.servlet.mvc.annotation.ResponseStatusExceptionResolverTests" time="0.003"/>
  <testcase name="nestedException()" classname="org.springframework.web.servlet.mvc.annotation.ResponseStatusExceptionResolverTests" time="0.001"/>
  <testcase name="notAnnotated()" classname="org.springframework.web.servlet.mvc.annotation.ResponseStatusExceptionResolverTests" time="0.001"/>
  <system-out><![CDATA[04:00:24.685 [Test worker] WARN  o.s.w.s.m.a.ResponseStatusExceptionResolver - Resolved [org.springframework.web.servlet.mvc.annotation.ResponseStatusExceptionResolverTests$StatusCodeAndReasonException]
04:00:24.688 [Test worker] WARN  o.s.w.s.m.a.ResponseStatusExceptionResolver - Resolved [org.springframework.web.servlet.mvc.annotation.ResponseStatusExceptionResolverTests$StatusCodeAndReasonMessageException]
04:00:24.691 [Test worker] WARN  o.s.w.s.m.a.ResponseStatusExceptionResolver - Resolved [org.springframework.web.server.ResponseStatusException: 400 BAD_REQUEST "The reason"]
04:00:24.692 [Test worker] WARN  o.s.w.s.m.a.ResponseStatusExceptionResolver - Resolved [org.springframework.web.server.ResponseStatusException: 400 BAD_REQUEST]
04:00:24.694 [Test worker] WARN  o.s.w.s.m.a.ResponseStatusExceptionResolver - Resolved [org.springframework.web.server.MethodNotAllowedException: 405 METHOD_NOT_ALLOWED "Request method 'GET' not supported"]
04:00:24.696 [Test worker] WARN  o.s.w.s.m.a.ResponseStatusExceptionResolver - Resolved [org.springframework.web.servlet.mvc.annotation.ResponseStatusExceptionResolverTests$StatusCodeException]
04:00:24.701 [Test worker] WARN  o.s.w.s.m.a.ResponseStatusExceptionResolver - Resolved [org.springframework.web.servlet.mvc.annotation.ResponseStatusExceptionResolverTests$StatusCodeFromComposedResponseStatusException]
04:00:24.702 [Test worker] WARN  o.s.w.s.m.a.ResponseStatusExceptionResolver - Resolved [org.springframework.beans.TypeMismatchException: Failed to convert value of type 'java.lang.String' to required type 'org.springframework.beans.testfixture.beans.ITestBean'; nested exception is org.springframework.web.servlet.mvc.annotation.ResponseStatusExceptionResolverTests$StatusCodeAndReasonMessageException]
]]></system-out>
  <system-err><![CDATA[]]></system-err>
</testsuite>
