<?xml version="1.0" encoding="UTF-8"?>
<testsuite name="org.springframework.web.servlet.view.groovy.GroovyMarkupViewResolverTests" tests="2" skipped="0" failures="0" errors="0" timestamp="2020-12-11T20:00:56" hostname="DESKTOP-TMNPDT1" time="0.002">
  <properties/>
  <testcase name="viewClass()" classname="org.springframework.web.servlet.view.groovy.GroovyMarkupViewResolverTests" time="0.001"/>
  <testcase name="cacheKey()" classname="org.springframework.web.servlet.view.groovy.GroovyMarkupViewResolverTests" time="0.001"/>
  <system-out><![CDATA[]]></system-out>
  <system-err><![CDATA[]]></system-err>
</testsuite>
