<?xml version="1.0" encoding="UTF-8"?>
<testsuite name="org.springframework.web.servlet.function.RouterFunctionBuilderTests" tests="4" skipped="0" failures="0" errors="0" timestamp="2020-12-11T20:00:23" hostname="DESKTOP-TMNPDT1" time="0.059">
  <properties/>
  <testcase name="resources()" classname="org.springframework.web.servlet.function.RouterFunctionBuilderTests" time="0.018"/>
  <testcase name="filters()" classname="org.springframework.web.servlet.function.RouterFunctionBuilderTests" time="0.023"/>
  <testcase name="nest()" classname="org.springframework.web.servlet.function.RouterFunctionBuilderTests" time="0.011"/>
  <testcase name="route()" classname="org.springframework.web.servlet.function.RouterFunctionBuilderTests" time="0.005"/>
  <system-out><![CDATA[]]></system-out>
  <system-err><![CDATA[]]></system-err>
</testsuite>
