<?xml version="1.0" encoding="UTF-8"?>
<testsuite name="org.springframework.web.servlet.mvc.method.annotation.ExtendedServletRequestDataBinderTests" tests="3" skipped="0" failures="0" errors="0" timestamp="2020-12-11T20:00:25" hostname="DESKTOP-TMNPDT1" time="0.005">
  <properties/>
  <testcase name="noUriTemplateVars()" classname="org.springframework.web.servlet.mvc.method.annotation.ExtendedServletRequestDataBinderTests" time="0.0"/>
  <testcase name="uriTemplateVarAndRequestParam()" classname="org.springframework.web.servlet.mvc.method.annotation.ExtendedServletRequestDataBinderTests" time="0.003"/>
  <testcase name="createBinder()" classname="org.springframework.web.servlet.mvc.method.annotation.ExtendedServletRequestDataBinderTests" time="0.001"/>
  <system-out><![CDATA[]]></system-out>
  <system-err><![CDATA[]]></system-err>
</testsuite>
