<?xml version="1.0" encoding="UTF-8"?>
<testsuite name="org.springframework.web.servlet.function.ServerResponseExtensionsTests" tests="1" skipped="0" failures="0" errors="0" timestamp="2020-12-11T20:01:24" hostname="DESKTOP-TMNPDT1" time="0.872">
  <properties/>
  <testcase name="bodyWithType()" classname="org.springframework.web.servlet.function.ServerResponseExtensionsTests" time="0.872"/>
  <system-out><![CDATA[]]></system-out>
  <system-err><![CDATA[]]></system-err>
</testsuite>
