<?xml version="1.0" encoding="UTF-8"?>
<testsuite name="org.springframework.web.servlet.config.annotation.ViewControllerRegistryTests" tests="7" skipped="0" failures="0" errors="0" timestamp="2020-12-11T19:59:53" hostname="DESKTOP-TMNPDT1" time="0.017">
  <properties/>
  <testcase name="addStatusController()" classname="org.springframework.web.servlet.config.annotation.ViewControllerRegistryTests" time="0.001"/>
  <testcase name="addRedirectViewControllerWithCustomSettings()" classname="org.springframework.web.servlet.config.annotation.ViewControllerRegistryTests" time="0.008"/>
  <testcase name="noViewControllers()" classname="org.springframework.web.servlet.config.annotation.ViewControllerRegistryTests" time="0.001"/>
  <testcase name="addViewControllerWithDefaultViewName()" classname="org.springframework.web.servlet.config.annotation.ViewControllerRegistryTests" time="0.0"/>
  <testcase name="order()" classname="org.springframework.web.servlet.config.annotation.ViewControllerRegistryTests" time="0.0"/>
  <testcase name="addRedirectViewController()" classname="org.springframework.web.servlet.config.annotation.ViewControllerRegistryTests" time="0.0"/>
  <testcase name="addViewController()" classname="org.springframework.web.servlet.config.annotation.ViewControllerRegistryTests" time="0.001"/>
  <system-out><![CDATA[]]></system-out>
  <system-err><![CDATA[]]></system-err>
</testsuite>
