<?xml version="1.0" encoding="UTF-8"?>
<testsuite name="org.springframework.web.servlet.mvc.method.annotation.ModelAndViewResolverMethodReturnValueHandlerTests" tests="5" skipped="0" failures="0" errors="0" timestamp="2020-12-11T20:00:26" hostname="DESKTOP-TMNPDT1" time="0.02">
  <properties/>
  <testcase name="handleNonSimpleType()" classname="org.springframework.web.servlet.mvc.method.annotation.ModelAndViewResolverMethodReturnValueHandlerTests" time="0.0"/>
  <testcase name="handleSimpleType()" classname="org.springframework.web.servlet.mvc.method.annotation.ModelAndViewResolverMethodReturnValueHandlerTests" time="0.001"/>
  <testcase name="modelAndViewResolverUnresolved()" classname="org.springframework.web.servlet.mvc.method.annotation.ModelAndViewResolverMethodReturnValueHandlerTests" time="0.002"/>
  <testcase name="handleNull()" classname="org.springframework.web.servlet.mvc.method.annotation.ModelAndViewResolverMethodReturnValueHandlerTests" time="0.002"/>
  <testcase name="modelAndViewResolver()" classname="org.springframework.web.servlet.mvc.method.annotation.ModelAndViewResolverMethodReturnValueHandlerTests" time="0.003"/>
  <system-out><![CDATA[]]></system-out>
  <system-err><![CDATA[]]></system-err>
</testsuite>
