<?xml version="1.0" encoding="UTF-8"?>
<testsuite name="org.springframework.web.servlet.handler.BeanNameUrlHandlerMappingTests" tests="7" skipped="0" failures="0" errors="0" timestamp="2020-12-11T20:00:23" hostname="DESKTOP-TMNPDT1" time="0.082">
  <properties/>
  <testcase name="requestsWithoutHandlers()" classname="org.springframework.web.servlet.handler.BeanNameUrlHandlerMappingTests" time="0.017"/>
  <testcase name="requestsWithSubPathsInParentContext()" classname="org.springframework.web.servlet.handler.BeanNameUrlHandlerMappingTests" time="0.006"/>
  <testcase name="asteriskMatches()" classname="org.springframework.web.servlet.handler.BeanNameUrlHandlerMappingTests" time="0.005"/>
  <testcase name="doubleMappings()" classname="org.springframework.web.servlet.handler.BeanNameUrlHandlerMappingTests" time="0.006"/>
  <testcase name="requestsWithSubPaths()" classname="org.springframework.web.servlet.handler.BeanNameUrlHandlerMappingTests" time="0.006"/>
  <testcase name="requestsWithFullPaths()" classname="org.springframework.web.servlet.handler.BeanNameUrlHandlerMappingTests" time="0.021"/>
  <testcase name="overlappingMappings()" classname="org.springframework.web.servlet.handler.BeanNameUrlHandlerMappingTests" time="0.015"/>
  <system-out><![CDATA[]]></system-out>
  <system-err><![CDATA[]]></system-err>
</testsuite>
