<?xml version="1.0" encoding="UTF-8"?>
<testsuite name="org.springframework.web.servlet.mvc.method.annotation.RequestPartIntegrationTests" tests="3" skipped="0" failures="0" errors="0" timestamp="2020-12-11T20:00:28" hostname="DESKTOP-TMNPDT1" time="3.519">
  <properties/>
  <testcase name="standardMultipartResolver()" classname="org.springframework.web.servlet.mvc.method.annotation.RequestPartIntegrationTests" time="2.774"/>
  <testcase name="standardMultipartResolverWithEncodedFileName()" classname="org.springframework.web.servlet.mvc.method.annotation.RequestPartIntegrationTests" time="0.115"/>
  <testcase name="commonsMultipartResolver()" classname="org.springframework.web.servlet.mvc.method.annotation.RequestPartIntegrationTests" time="0.629"/>
  <system-out><![CDATA[]]></system-out>
  <system-err><![CDATA[]]></system-err>
</testsuite>
