<?xml version="1.0" encoding="UTF-8"?>
<testsuite name="org.springframework.web.servlet.function.PathResourceLookupFunctionTests" tests="4" skipped="0" failures="0" errors="0" timestamp="2020-12-11T20:00:23" hostname="DESKTOP-TMNPDT1" time="0.057">
  <properties/>
  <testcase name="subPath()" classname="org.springframework.web.servlet.function.PathResourceLookupFunctionTests" time="0.049"/>
  <testcase name="normal()" classname="org.springframework.web.servlet.function.PathResourceLookupFunctionTests" time="0.002"/>
  <testcase name="composeResourceLookupFunction()" classname="org.springframework.web.servlet.function.PathResourceLookupFunctionTests" time="0.003"/>
  <testcase name="notFound()" classname="org.springframework.web.servlet.function.PathResourceLookupFunctionTests" time="0.001"/>
  <system-out><![CDATA[]]></system-out>
  <system-err><![CDATA[]]></system-err>
</testsuite>
