<?xml version="1.0" encoding="UTF-8"?>
<testsuite name="org.springframework.web.servlet.handler.HandlerMappingTests" tests="1" skipped="0" failures="0" errors="0" timestamp="2020-12-11T20:00:23" hostname="DESKTOP-TMNPDT1" time="0.002">
  <properties/>
  <testcase name="orderedInterceptors()" classname="org.springframework.web.servlet.handler.HandlerMappingTests" time="0.002"/>
  <system-out><![CDATA[]]></system-out>
  <system-err><![CDATA[]]></system-err>
</testsuite>
