<?xml version="1.0" encoding="UTF-8"?>
<testsuite name="org.springframework.web.servlet.view.ResourceBundleViewResolverTests" tests="8" skipped="0" failures="0" errors="0" timestamp="2020-12-11T20:00:57" hostname="DESKTOP-TMNPDT1" time="0.021">
  <properties/>
  <testcase name="parentsAreAbstract()" classname="org.springframework.web.servlet.view.ResourceBundleViewResolverTests" time="0.002"/>
  <testcase name="debugViewFrench()" classname="org.springframework.web.servlet.view.ResourceBundleViewResolverTests" time="0.003"/>
  <testcase name="onSetContextCalledOnce()" classname="org.springframework.web.servlet.view.ResourceBundleViewResolverTests" time="0.002"/>
  <testcase name="debugViewEnglish()" classname="org.springframework.web.servlet.view.ResourceBundleViewResolverTests" time="0.004"/>
  <testcase name="sameBundleOnlyCachedOnce()" classname="org.springframework.web.servlet.view.ResourceBundleViewResolverTests" time="0.003"/>
  <testcase name="noSuchViewEnglish()" classname="org.springframework.web.servlet.view.ResourceBundleViewResolverTests" time="0.002"/>
  <testcase name="noSuchBasename()" classname="org.springframework.web.servlet.view.ResourceBundleViewResolverTests" time="0.001"/>
  <testcase name="eagerInitialization()" classname="org.springframework.web.servlet.view.ResourceBundleViewResolverTests" time="0.003"/>
  <system-out><![CDATA[]]></system-out>
  <system-err><![CDATA[]]></system-err>
</testsuite>
