<?xml version="1.0" encoding="UTF-8"?>
<testsuite name="org.springframework.web.servlet.mvc.method.RequestMappingInfoHandlerMethodMappingNamingStrategyTests" tests="2" skipped="0" failures="0" errors="0" timestamp="2020-12-11T20:00:41" hostname="DESKTOP-TMNPDT1" time="0.002">
  <properties/>
  <testcase name="getNameExplicit()" classname="org.springframework.web.servlet.mvc.method.RequestMappingInfoHandlerMethodMappingNamingStrategyTests" time="0.001"/>
  <testcase name="getNameConvention()" classname="org.springframework.web.servlet.mvc.method.RequestMappingInfoHandlerMethodMappingNamingStrategyTests" time="0.0"/>
  <system-out><![CDATA[]]></system-out>
  <system-err><![CDATA[]]></system-err>
</testsuite>
