<?xml version="1.0" encoding="UTF-8"?>
<testsuite name="org.springframework.web.servlet.mvc.method.annotation.SseEmitterTests" tests="7" skipped="0" failures="0" errors="0" timestamp="2020-12-11T20:00:40" hostname="DESKTOP-TMNPDT1" time="0.002">
  <properties/>
  <testcase name="sendEventWithDataLine()" classname="org.springframework.web.servlet.mvc.method.annotation.SseEmitterTests" time="0.0"/>
  <testcase name="sendEventFullWithTwoDataLinesInTheMiddle()" classname="org.springframework.web.servlet.mvc.method.annotation.SseEmitterTests" time="0.0"/>
  <testcase name="sendEventEmpty()" classname="org.springframework.web.servlet.mvc.method.annotation.SseEmitterTests" time="0.0"/>
  <testcase name="sendWithMediaType()" classname="org.springframework.web.servlet.mvc.method.annotation.SseEmitterTests" time="0.0"/>
  <testcase name="send()" classname="org.springframework.web.servlet.mvc.method.annotation.SseEmitterTests" time="0.0"/>
  <testcase name="sendEventFull()" classname="org.springframework.web.servlet.mvc.method.annotation.SseEmitterTests" time="0.0"/>
  <testcase name="sendEventWithTwoDataLines()" classname="org.springframework.web.servlet.mvc.method.annotation.SseEmitterTests" time="0.0"/>
  <system-out><![CDATA[]]></system-out>
  <system-err><![CDATA[]]></system-err>
</testsuite>
