<?xml version="1.0" encoding="UTF-8"?>
<testsuite name="org.springframework.web.servlet.view.RedirectViewUriTemplateTests" tests="8" skipped="0" failures="0" errors="0" timestamp="2020-12-11T20:00:57" hostname="DESKTOP-TMNPDT1" time="0.016">
  <properties/>
  <testcase name="uriTemplateNullValue()" classname="org.springframework.web.servlet.view.RedirectViewUriTemplateTests" time="0.001"/>
  <testcase name="uriTemplateAndArrayQueryParam()" classname="org.springframework.web.servlet.view.RedirectViewUriTemplateTests" time="0.001"/>
  <testcase name="dontApplyUriVariables()" classname="org.springframework.web.servlet.view.RedirectViewUriTemplateTests" time="0.001"/>
  <testcase name="uriTemplateWithObjectConversion()" classname="org.springframework.web.servlet.view.RedirectViewUriTemplateTests" time="0.002"/>
  <testcase name="emptyRedirectString()" classname="org.springframework.web.servlet.view.RedirectViewUriTemplateTests" time="0.001"/>
  <testcase name="uriTemplate()" classname="org.springframework.web.servlet.view.RedirectViewUriTemplateTests" time="0.001"/>
  <testcase name="uriTemplateReuseCurrentRequestVars()" classname="org.springframework.web.servlet.view.RedirectViewUriTemplateTests" time="0.001"/>
  <testcase name="uriTemplateEncode()" classname="org.springframework.web.servlet.view.RedirectViewUriTemplateTests" time="0.004"/>
  <system-out><![CDATA[]]></system-out>
  <system-err><![CDATA[]]></system-err>
</testsuite>
