<?xml version="1.0" encoding="UTF-8"?>
<testsuite name="org.springframework.web.servlet.mvc.method.annotation.HttpEntityMethodProcessorTests" tests="7" skipped="0" failures="0" errors="0" timestamp="2020-12-11T20:00:26" hostname="DESKTOP-TMNPDT1" time="0.237">
  <properties/>
  <testcase name="resolveArgumentWithEmptyBody()" classname="org.springframework.web.servlet.mvc.method.annotation.HttpEntityMethodProcessorTests" time="0.139"/>
  <testcase name="handleReturnValueWithETagAndETagFilter()" classname="org.springframework.web.servlet.mvc.method.annotation.HttpEntityMethodProcessorTests" time="0.002"/>
  <testcase name="resolveArgumentTypeVariable()" classname="org.springframework.web.servlet.mvc.method.annotation.HttpEntityMethodProcessorTests" time="0.007"/>
  <testcase name="resolveArgument()" classname="org.springframework.web.servlet.mvc.method.annotation.HttpEntityMethodProcessorTests" time="0.007"/>
  <testcase name="jacksonTypeInfoList()" classname="org.springframework.web.servlet.mvc.method.annotation.HttpEntityMethodProcessorTests" time="0.07"/>
  <testcase name="resolveGenericArgument()" classname="org.springframework.web.servlet.mvc.method.annotation.HttpEntityMethodProcessorTests" time="0.008"/>
  <testcase name="handleReturnValueCharSequence()" classname="org.springframework.web.servlet.mvc.method.annotation.HttpEntityMethodProcessorTests" time="0.001"/>
  <system-out><![CDATA[]]></system-out>
  <system-err><![CDATA[]]></system-err>
</testsuite>
