<?xml version="1.0" encoding="UTF-8"?>
<testsuite name="org.springframework.web.servlet.resource.PathResourceResolverTests" tests="10" skipped="0" failures="0" errors="0" timestamp="2020-12-11T20:00:42" hostname="DESKTOP-TMNPDT1" time="0.042">
  <properties/>
  <testcase name="checkFileLocation()" classname="org.springframework.web.servlet.resource.PathResourceResolverTests" time="0.001"/>
  <testcase name="ignoreInvalidEscapeSequence()" classname="org.springframework.web.servlet.resource.PathResourceResolverTests" time="0.001"/>
  <testcase name="checkResourceWithAllowedLocations()" classname="org.springframework.web.servlet.resource.PathResourceResolverTests" time="0.001"/>
  <testcase name="resolveFromClasspathRoot()" classname="org.springframework.web.servlet.resource.PathResourceResolverTests" time="0.001"/>
  <testcase name="checkServletContextResource()" classname="org.springframework.web.servlet.resource.PathResourceResolverTests" time="0.001"/>
  <testcase name="resolveFromClasspath()" classname="org.springframework.web.servlet.resource.PathResourceResolverTests" time="0.002"/>
  <testcase name="relativePathEncodedForUrlResource()" classname="org.springframework.web.servlet.resource.PathResourceResolverTests" time="0.002"/>
  <testcase name="resolvePathRootResource()" classname="org.springframework.web.servlet.resource.PathResourceResolverTests" time="0.001"/>
  <testcase name="checkRelativeLocation()" classname="org.springframework.web.servlet.resource.PathResourceResolverTests" time="0.004"/>
  <testcase name="checkResource()" classname="org.springframework.web.servlet.resource.PathResourceResolverTests" time="0.021"/>
  <system-out><![CDATA[04:00:42.156 [Test worker] WARN  o.s.w.s.r.PathResourceResolver - Resource path "../testsecret/secret.txt" was successfully resolved but resource "file:/D:/IDEA/source_code/spring-framework-V5.1.11.RELEASE/spring-framework/spring-webmvc/build/resources/test/org/springframework/web/servlet/resource/testsecret/secret.txt" is neither under the current location "file:/D:/IDEA/source_code/spring-framework-V5.1.11.RELEASE/spring-framework/spring-webmvc/build/resources/test/org/springframework/web/servlet/resource/test/" nor under any of the allowed locations []
04:00:42.159 [Test worker] WARN  o.s.w.s.r.PathResourceResolver - Resource path "test/../../testsecret/secret.txt" was successfully resolved but resource "file:/D:/IDEA/source_code/spring-framework-V5.1.11.RELEASE/spring-framework/spring-webmvc/build/resources/test/org/springframework/web/servlet/resource/testsecret/secret.txt" is neither under the current location "file:/D:/IDEA/source_code/spring-framework-V5.1.11.RELEASE/spring-framework/spring-webmvc/build/resources/test/org/springframework/web/servlet/resource/test/" nor under any of the allowed locations []
04:00:42.160 [Test worker] WARN  o.s.w.s.r.PathResourceResolver - Resource path "file:/D:/IDEA/source_code/spring-framework-V5.1.11.RELEASE/spring-framework/spring-webmvc/build/resources/test/org/springframework/web/servlet/resource/testsecret/secret.txt" was successfully resolved but resource "file:/D:/IDEA/source_code/spring-framework-V5.1.11.RELEASE/spring-framework/spring-webmvc/build/resources/test/org/springframework/web/servlet/resource/testsecret/secret.txt" is neither under the current location "file:/D:/IDEA/source_code/spring-framework-V5.1.11.RELEASE/spring-framework/spring-webmvc/build/resources/test/org/springframework/web/servlet/resource/test/" nor under any of the allowed locations []
04:00:42.161 [Test worker] WARN  o.s.w.s.r.PathResourceResolver - Resource path "/file:/D:/IDEA/source_code/spring-framework-V5.1.11.RELEASE/spring-framework/spring-webmvc/build/resources/test/org/springframework/web/servlet/resource/testsecret/secret.txt" was successfully resolved but resource "file:/D:/IDEA/source_code/spring-framework-V5.1.11.RELEASE/spring-framework/spring-webmvc/build/resources/test/org/springframework/web/servlet/resource/testsecret/secret.txt" is neither under the current location "file:/D:/IDEA/source_code/spring-framework-V5.1.11.RELEASE/spring-framework/spring-webmvc/build/resources/test/org/springframework/web/servlet/resource/test/" nor under any of the allowed locations []
04:00:42.161 [Test worker] WARN  o.s.w.s.r.PathResourceResolver - Resource path "//D:/IDEA/source_code/spring-framework-V5.1.11.RELEASE/spring-framework/spring-webmvc/build/resources/test/org/springframework/web/servlet/resource/testsecret/secret.txt" was successfully resolved but resource "file:/D:/IDEA/source_code/spring-framework-V5.1.11.RELEASE/spring-framework/spring-webmvc/build/resources/test/org/springframework/web/servlet/resource/testsecret/secret.txt" is neither under the current location "file:/D:/IDEA/source_code/spring-framework-V5.1.11.RELEASE/spring-framework/spring-webmvc/build/resources/test/org/springframework/web/servlet/resource/test/" nor under any of the allowed locations []
04:00:42.165 [Test worker] WARN  o.s.w.s.r.PathResourceResolver - Resolved resource path contains encoded "../" or "..\": file:/D:/IDEA/source_code/spring-framework-V5.1.11.RELEASE/spring-framework/spring-webmvc/build/resources/test/org/springframework/web/servlet/resource/test/%2E%2E/testsecret/secret.txt
04:00:42.166 [Test worker] WARN  o.s.w.s.r.PathResourceResolver - Resource path "/%2E%2E/testsecret/secret.txt" was successfully resolved but resource "file:/D:/IDEA/source_code/spring-framework-V5.1.11.RELEASE/spring-framework/spring-webmvc/build/resources/test/org/springframework/web/servlet/resource/test/%2E%2E/testsecret/secret.txt" is neither under the current location "file:/D:/IDEA/source_code/spring-framework-V5.1.11.RELEASE/spring-framework/spring-webmvc/build/resources/test/org/springframework/web/servlet/resource/test/" nor under any of the allowed locations []
04:00:42.167 [Test worker] WARN  o.s.w.s.r.PathResourceResolver - Resolved resource path contains encoded "../" or "..\": file:/D:/IDEA/source_code/spring-framework-V5.1.11.RELEASE/spring-framework/spring-webmvc/build/resources/test/org/springframework/web/servlet/resource/test/%2e%2e/testsecret/secret.txt
04:00:42.168 [Test worker] WARN  o.s.w.s.r.PathResourceResolver - Resource path "/%2e%2e/testsecret/secret.txt" was successfully resolved but resource "file:/D:/IDEA/source_code/spring-framework-V5.1.11.RELEASE/spring-framework/spring-webmvc/build/resources/test/org/springframework/web/servlet/resource/test/%2e%2e/testsecret/secret.txt" is neither under the current location "file:/D:/IDEA/source_code/spring-framework-V5.1.11.RELEASE/spring-framework/spring-webmvc/build/resources/test/org/springframework/web/servlet/resource/test/" nor under any of the allowed locations []
04:00:42.168 [Test worker] WARN  o.s.w.s.r.PathResourceResolver - Resource path " /D:/IDEA/source_code/spring-framework-V5.1.11.RELEASE/spring-framework/spring-webmvc/build/resources/test/org/springframework/web/servlet/resource/testsecret/secret.txt" was successfully resolved but resource "file:/D:/IDEA/source_code/spring-framework-V5.1.11.RELEASE/spring-framework/spring-webmvc/build/resources/test/org/springframework/web/servlet/resource/testsecret/secret.txt" is neither under the current location "file:/D:/IDEA/source_code/spring-framework-V5.1.11.RELEASE/spring-framework/spring-webmvc/build/resources/test/org/springframework/web/servlet/resource/test/" nor under any of the allowed locations []
04:00:42.169 [Test worker] WARN  o.s.w.s.r.PathResourceResolver - Resource path "/  /D:/IDEA/source_code/spring-framework-V5.1.11.RELEASE/spring-framework/spring-webmvc/build/resources/test/org/springframework/web/servlet/resource/testsecret/secret.txt" was successfully resolved but resource "file:/D:/IDEA/source_code/spring-framework-V5.1.11.RELEASE/spring-framework/spring-webmvc/build/resources/test/org/springframework/web/servlet/resource/testsecret/secret.txt" is neither under the current location "file:/D:/IDEA/source_code/spring-framework-V5.1.11.RELEASE/spring-framework/spring-webmvc/build/resources/test/org/springframework/web/servlet/resource/test/" nor under any of the allowed locations []
04:00:42.169 [Test worker] WARN  o.s.w.s.r.PathResourceResolver - Resource path "url:/D:/IDEA/source_code/spring-framework-V5.1.11.RELEASE/spring-framework/spring-webmvc/build/resources/test/org/springframework/web/servlet/resource/testsecret/secret.txt" was successfully resolved but resource "file:/D:/IDEA/source_code/spring-framework-V5.1.11.RELEASE/spring-framework/spring-webmvc/build/resources/test/org/springframework/web/servlet/resource/testsecret/secret.txt" is neither under the current location "file:/D:/IDEA/source_code/spring-framework-V5.1.11.RELEASE/spring-framework/spring-webmvc/build/resources/test/org/springframework/web/servlet/resource/test/" nor under any of the allowed locations []
]]></system-out>
  <system-err><![CDATA[]]></system-err>
</testsuite>
