<?xml version="1.0" encoding="UTF-8"?>
<testsuite name="org.springframework.web.servlet.config.annotation.DefaultServletHandlerConfigurerTests" tests="3" skipped="0" failures="0" errors="0" timestamp="2020-12-11T19:59:42" hostname="DESKTOP-TMNPDT1" time="0.011">
  <properties/>
  <testcase name="enableWithServletName()" classname="org.springframework.web.servlet.config.annotation.DefaultServletHandlerConfigurerTests" time="0.005"/>
  <testcase name="enable()" classname="org.springframework.web.servlet.config.annotation.DefaultServletHandlerConfigurerTests" time="0.001"/>
  <testcase name="notEnabled()" classname="org.springframework.web.servlet.config.annotation.DefaultServletHandlerConfigurerTests" time="0.004"/>
  <system-out><![CDATA[]]></system-out>
  <system-err><![CDATA[]]></system-err>
</testsuite>
