<?xml version="1.0" encoding="UTF-8"?>
<testsuite name="org.springframework.web.servlet.function.RequestPredicateTests" tests="3" skipped="0" failures="0" errors="0" timestamp="2020-12-11T20:00:23" hostname="DESKTOP-TMNPDT1" time="0.013">
  <properties/>
  <testcase name="negate()" classname="org.springframework.web.servlet.function.RequestPredicateTests" time="0.006"/>
  <testcase name="or()" classname="org.springframework.web.servlet.function.RequestPredicateTests" time="0.004"/>
  <testcase name="and()" classname="org.springframework.web.servlet.function.RequestPredicateTests" time="0.003"/>
  <system-out><![CDATA[]]></system-out>
  <system-err><![CDATA[]]></system-err>
</testsuite>
