<?xml version="1.0" encoding="UTF-8"?>
<testsuite name="org.springframework.web.servlet.resource.CachingResourceResolverTests" tests="9" skipped="0" failures="0" errors="0" timestamp="2020-12-11T20:00:41" hostname="DESKTOP-TMNPDT1" time="0.114">
  <properties/>
  <testcase name="resolveResourceMatchingEncoding()" classname="org.springframework.web.servlet.resource.CachingResourceResolverTests" time="0.028"/>
  <testcase name="resolveResourceInternal()" classname="org.springframework.web.servlet.resource.CachingResourceResolverTests" time="0.002"/>
  <testcase name="resolverUrlPathNoMatch()" classname="org.springframework.web.servlet.resource.CachingResourceResolverTests" time="0.002"/>
  <testcase name="resolverUrlPath()" classname="org.springframework.web.servlet.resource.CachingResourceResolverTests" time="0.002"/>
  <testcase name="resolverUrlPathFromCache()" classname="org.springframework.web.servlet.resource.CachingResourceResolverTests" time="0.001"/>
  <testcase name="resolveResourceInternalNoMatch()" classname="org.springframework.web.servlet.resource.CachingResourceResolverTests" time="0.001"/>
  <testcase name="resolveResourceNoAcceptEncoding()" classname="org.springframework.web.servlet.resource.CachingResourceResolverTests" time="0.003"/>
  <testcase name="resolveResourceAcceptEncodingInCacheKey(GzippedFiles)" classname="org.springframework.web.servlet.resource.CachingResourceResolverTests" time="0.073"/>
  <testcase name="resolveResourceInternalFromCache()" classname="org.springframework.web.servlet.resource.CachingResourceResolverTests" time="0.001"/>
  <system-out><![CDATA[]]></system-out>
  <system-err><![CDATA[]]></system-err>
</testsuite>
