<?xml version="1.0" encoding="UTF-8"?>
<testsuite name="org.springframework.web.servlet.mvc.method.annotation.SessionAttributeMethodArgumentResolverTests" tests="5" skipped="0" failures="0" errors="0" timestamp="2020-12-11T20:00:40" hostname="DESKTOP-TMNPDT1" time="0.008">
  <properties/>
  <testcase name="resolveOptional()" classname="org.springframework.web.servlet.mvc.method.annotation.SessionAttributeMethodArgumentResolverTests" time="0.003"/>
  <testcase name="resolve()" classname="org.springframework.web.servlet.mvc.method.annotation.SessionAttributeMethodArgumentResolverTests" time="0.002"/>
  <testcase name="resolveNotRequired()" classname="org.springframework.web.servlet.mvc.method.annotation.SessionAttributeMethodArgumentResolverTests" time="0.001"/>
  <testcase name="resolveWithName()" classname="org.springframework.web.servlet.mvc.method.annotation.SessionAttributeMethodArgumentResolverTests" time="0.001"/>
  <testcase name="supportsParameter()" classname="org.springframework.web.servlet.mvc.method.annotation.SessionAttributeMethodArgumentResolverTests" time="0.001"/>
  <system-out><![CDATA[]]></system-out>
  <system-err><![CDATA[]]></system-err>
</testsuite>
