<?xml version="1.0" encoding="UTF-8"?>
<testsuite name="org.springframework.web.servlet.i18n.LocaleResolverTests" tests="4" skipped="0" failures="0" errors="0" timestamp="2020-12-11T20:00:24" hostname="DESKTOP-TMNPDT1" time="0.006">
  <properties/>
  <testcase name="testSessionLocaleResolver()" classname="org.springframework.web.servlet.i18n.LocaleResolverTests" time="0.001"/>
  <testcase name="testCookieLocaleResolver()" classname="org.springframework.web.servlet.i18n.LocaleResolverTests" time="0.001"/>
  <testcase name="testAcceptHeaderLocaleResolver()" classname="org.springframework.web.servlet.i18n.LocaleResolverTests" time="0.0"/>
  <testcase name="testFixedLocaleResolver()" classname="org.springframework.web.servlet.i18n.LocaleResolverTests" time="0.003"/>
  <system-out><![CDATA[]]></system-out>
  <system-err><![CDATA[]]></system-err>
</testsuite>
