<?xml version="1.0" encoding="UTF-8"?>
<testsuite name="org.springframework.web.servlet.view.xslt.XsltViewResolverTests" tests="1" skipped="0" failures="0" errors="0" timestamp="2020-12-11T20:01:19" hostname="DESKTOP-TMNPDT1" time="0.014">
  <properties/>
  <testcase name="resolveView()" classname="org.springframework.web.servlet.view.xslt.XsltViewResolverTests" time="0.014"/>
  <system-out><![CDATA[]]></system-out>
  <system-err><![CDATA[]]></system-err>
</testsuite>
