<?xml version="1.0" encoding="UTF-8"?>
<testsuite name="org.springframework.web.servlet.handler.SimpleUrlHandlerMappingTests" tests="4" skipped="0" failures="0" errors="0" timestamp="2020-12-11T20:00:24" hostname="DESKTOP-TMNPDT1" time="0.043">
  <properties/>
  <testcase name="urlMappingWithProps()" classname="org.springframework.web.servlet.handler.SimpleUrlHandlerMappingTests" time="0.016"/>
  <testcase name="testNewlineInRequest()" classname="org.springframework.web.servlet.handler.SimpleUrlHandlerMappingTests" time="0.002"/>
  <testcase name="urlMappingWithUrlMap()" classname="org.springframework.web.servlet.handler.SimpleUrlHandlerMappingTests" time="0.009"/>
  <testcase name="handlerBeanNotFound()" classname="org.springframework.web.servlet.handler.SimpleUrlHandlerMappingTests" time="0.013"/>
  <system-out><![CDATA[]]></system-out>
  <system-err><![CDATA[]]></system-err>
</testsuite>
