<?xml version="1.0" encoding="UTF-8"?>
<testsuite name="org.springframework.web.servlet.mvc.condition.RequestMethodsRequestConditionTests" tests="8" skipped="0" failures="0" errors="0" timestamp="2020-12-11T20:00:24" hostname="DESKTOP-TMNPDT1" time="0.002">
  <properties/>
  <testcase name="getMatchingConditionWithCustomMethod()" classname="org.springframework.web.servlet.mvc.condition.RequestMethodsRequestConditionTests" time="0.0"/>
  <testcase name="compareTo()" classname="org.springframework.web.servlet.mvc.condition.RequestMethodsRequestConditionTests" time="0.001"/>
  <testcase name="getMatchingConditionWithCorsPreFlight()" classname="org.springframework.web.servlet.mvc.condition.RequestMethodsRequestConditionTests" time="0.0"/>
  <testcase name="getMatchingCondition()" classname="org.springframework.web.servlet.mvc.condition.RequestMethodsRequestConditionTests" time="0.0"/>
  <testcase name="getMatchingConditionWithHttpHead()" classname="org.springframework.web.servlet.mvc.condition.RequestMethodsRequestConditionTests" time="0.0"/>
  <testcase name="getMatchingConditionWithHttpOptionsInErrorDispatch()" classname="org.springframework.web.servlet.mvc.condition.RequestMethodsRequestConditionTests" time="0.001"/>
  <testcase name="combine()" classname="org.springframework.web.servlet.mvc.condition.RequestMethodsRequestConditionTests" time="0.0"/>
  <testcase name="getMatchingConditionWithEmptyConditions()" classname="org.springframework.web.servlet.mvc.condition.RequestMethodsRequestConditionTests" time="0.0"/>
  <system-out><![CDATA[]]></system-out>
  <system-err><![CDATA[]]></system-err>
</testsuite>
