<?xml version="1.0" encoding="UTF-8"?>
<testsuite name="org.springframework.web.servlet.view.tiles3.TilesConfigurerTests" tests="1" skipped="0" failures="0" errors="0" timestamp="2020-12-11T20:01:18" hostname="DESKTOP-TMNPDT1" time="0.006">
  <properties/>
  <testcase name="simpleBootstrap()" classname="org.springframework.web.servlet.view.tiles3.TilesConfigurerTests" time="0.006"/>
  <system-out><![CDATA[]]></system-out>
  <system-err><![CDATA[]]></system-err>
</testsuite>
