<?xml version="1.0" encoding="UTF-8"?>
<testsuite name="org.springframework.web.servlet.mvc.method.annotation.RequestResponseBodyMethodProcessorMockTests" tests="24" skipped="0" failures="0" errors="0" timestamp="2020-12-11T20:00:32" hostname="DESKTOP-TMNPDT1" time="0.398">
  <properties/>
  <testcase name="handleReturnValueNotAcceptable()" classname="org.springframework.web.servlet.mvc.method.annotation.RequestResponseBodyMethodProcessorMockTests" time="0.004"/>
  <testcase name="handleReturnValueMediaTypeSuffix()" classname="org.springframework.web.servlet.mvc.method.annotation.RequestResponseBodyMethodProcessorMockTests" time="0.003"/>
  <testcase name="resolveArgumentNotRequiredNoContent()" classname="org.springframework.web.servlet.mvc.method.annotation.RequestResponseBodyMethodProcessorMockTests" time="0.016"/>
  <testcase name="handleReturnTypeResourceIllegalByteRange()" classname="org.springframework.web.servlet.mvc.method.annotation.RequestResponseBodyMethodProcessorMockTests" time="0.005"/>
  <testcase name="resolveArgumentNotRequiredNoContentNoContentType()" classname="org.springframework.web.servlet.mvc.method.annotation.RequestResponseBodyMethodProcessorMockTests" time="0.013"/>
  <testcase name="resolveArgumentNotGetRequests()" classname="org.springframework.web.servlet.mvc.method.annotation.RequestResponseBodyMethodProcessorMockTests" time="0.011"/>
  <testcase name="handleReturnValue()" classname="org.springframework.web.servlet.mvc.method.annotation.RequestResponseBodyMethodProcessorMockTests" time="0.003"/>
  <testcase name="resolveArgumentNotRequiredWithContent()" classname="org.springframework.web.servlet.mvc.method.annotation.RequestResponseBodyMethodProcessorMockTests" time="0.019"/>
  <testcase name="handleReturnValueNotAcceptableProduces()" classname="org.springframework.web.servlet.mvc.method.annotation.RequestResponseBodyMethodProcessorMockTests" time="0.004"/>
  <testcase name="handleReturnTypeResourceByteRange()" classname="org.springframework.web.servlet.mvc.method.annotation.RequestResponseBodyMethodProcessorMockTests" time="0.004"/>
  <testcase name="resolveArgumentCannotRead()" classname="org.springframework.web.servlet.mvc.method.annotation.RequestResponseBodyMethodProcessorMockTests" time="0.041"/>
  <testcase name="resolveArgumentNoContentType()" classname="org.springframework.web.servlet.mvc.method.annotation.RequestResponseBodyMethodProcessorMockTests" time="0.002"/>
  <testcase name="resolveArgumentNotValid()" classname="org.springframework.web.servlet.mvc.method.annotation.RequestResponseBodyMethodProcessorMockTests" time="0.026"/>
  <testcase name="resolveArgumentOptionalNoContent()" classname="org.springframework.web.servlet.mvc.method.annotation.RequestResponseBodyMethodProcessorMockTests" time="0.047"/>
  <testcase name="resolveArgumentRequiredNoContent()" classname="org.springframework.web.servlet.mvc.method.annotation.RequestResponseBodyMethodProcessorMockTests" time="0.019"/>
  <testcase name="resolveArgument()" classname="org.springframework.web.servlet.mvc.method.annotation.RequestResponseBodyMethodProcessorMockTests" time="0.065"/>
  <testcase name="resolveArgumentOptionalWithContent()" classname="org.springframework.web.servlet.mvc.method.annotation.RequestResponseBodyMethodProcessorMockTests" time="0.01"/>
  <testcase name="handleReturnValueProduces()" classname="org.springframework.web.servlet.mvc.method.annotation.RequestResponseBodyMethodProcessorMockTests" time="0.002"/>
  <testcase name="resolveArgumentInvalidContentType()" classname="org.springframework.web.servlet.mvc.method.annotation.RequestResponseBodyMethodProcessorMockTests" time="0.003"/>
  <testcase name="handleReturnTypeResource()" classname="org.springframework.web.servlet.mvc.method.annotation.RequestResponseBodyMethodProcessorMockTests" time="0.002"/>
  <testcase name="supportsParameter()" classname="org.springframework.web.servlet.mvc.method.annotation.RequestResponseBodyMethodProcessorMockTests" time="0.002"/>
  <testcase name="resolveArgumentValid()" classname="org.springframework.web.servlet.mvc.method.annotation.RequestResponseBodyMethodProcessorMockTests" time="0.062"/>
  <testcase name="resolveArgumentOptionalNoContentNoContentType()" classname="org.springframework.web.servlet.mvc.method.annotation.RequestResponseBodyMethodProcessorMockTests" time="0.017"/>
  <testcase name="supportsReturnType()" classname="org.springframework.web.servlet.mvc.method.annotation.RequestResponseBodyMethodProcessorMockTests" time="0.002"/>
  <system-out><![CDATA[]]></system-out>
  <system-err><![CDATA[]]></system-err>
</testsuite>
