<?xml version="1.0" encoding="UTF-8"?>
<testsuite name="org.springframework.web.servlet.config.annotation.ViewResolverRegistryTests" tests="18" skipped="0" failures="0" errors="0" timestamp="2020-12-11T20:00:03" hostname="DESKTOP-TMNPDT1" time="0.191">
  <properties/>
  <testcase name="hasRegistrations()" classname="org.springframework.web.servlet.config.annotation.ViewResolverRegistryTests" time="0.009"/>
  <testcase name="freeMarker()" classname="org.springframework.web.servlet.config.annotation.ViewResolverRegistryTests" time="0.008"/>
  <testcase name="hasRegistrationsWhenContentNegotiationEnabled()" classname="org.springframework.web.servlet.config.annotation.ViewResolverRegistryTests" time="0.006"/>
  <testcase name="freeMarkerDefaultValues()" classname="org.springframework.web.servlet.config.annotation.ViewResolverRegistryTests" time="0.001"/>
  <testcase name="contentNegotiation()" classname="org.springframework.web.servlet.config.annotation.ViewResolverRegistryTests" time="0.143"/>
  <testcase name="noResolvers()" classname="org.springframework.web.servlet.config.annotation.ViewResolverRegistryTests" time="0.0"/>
  <testcase name="scriptTemplateDefaultValues()" classname="org.springframework.web.servlet.config.annotation.ViewResolverRegistryTests" time="0.001"/>
  <testcase name="scriptTemplate()" classname="org.springframework.web.servlet.config.annotation.ViewResolverRegistryTests" time="0.001"/>
  <testcase name="jsp()" classname="org.springframework.web.servlet.config.annotation.ViewResolverRegistryTests" time="0.0"/>
  <testcase name="jspDefaultValues()" classname="org.springframework.web.servlet.config.annotation.ViewResolverRegistryTests" time="0.0"/>
  <testcase name="order()" classname="org.springframework.web.servlet.config.annotation.ViewResolverRegistryTests" time="0.0"/>
  <testcase name="tiles()" classname="org.springframework.web.servlet.config.annotation.ViewResolverRegistryTests" time="0.001"/>
  <testcase name="groovyMarkup()" classname="org.springframework.web.servlet.config.annotation.ViewResolverRegistryTests" time="0.002"/>
  <testcase name="groovyMarkupDefaultValues()" classname="org.springframework.web.servlet.config.annotation.ViewResolverRegistryTests" time="0.001"/>
  <testcase name="contentNegotiationAddsDefaultViewRegistrations()" classname="org.springframework.web.servlet.config.annotation.ViewResolverRegistryTests" time="0.006"/>
  <testcase name="jspMultipleResolvers()" classname="org.springframework.web.servlet.config.annotation.ViewResolverRegistryTests" time="0.001"/>
  <testcase name="customViewResolver()" classname="org.springframework.web.servlet.config.annotation.ViewResolverRegistryTests" time="0.001"/>
  <testcase name="beanName()" classname="org.springframework.web.servlet.config.annotation.ViewResolverRegistryTests" time="0.002"/>
  <system-out><![CDATA[]]></system-out>
  <system-err><![CDATA[]]></system-err>
</testsuite>
