<?xml version="1.0" encoding="UTF-8"?>
<testsuite name="org.springframework.web.servlet.tags.ThemeTagTests" tests="2" skipped="0" failures="0" errors="0" timestamp="2020-12-11T20:00:52" hostname="DESKTOP-TMNPDT1" time="0.02">
  <properties/>
  <testcase name="requestContext()" classname="org.springframework.web.servlet.tags.ThemeTagTests" time="0.011"/>
  <testcase name="themeTag()" classname="org.springframework.web.servlet.tags.ThemeTagTests" time="0.009"/>
  <system-out><![CDATA[]]></system-out>
  <system-err><![CDATA[]]></system-err>
</testsuite>
