<?xml version="1.0" encoding="UTF-8"?>
<testsuite name="org.springframework.web.servlet.mvc.method.annotation.ResponseBodyEmitterTests" tests="11" skipped="0" failures="0" errors="0" timestamp="2020-12-11T20:00:34" hostname="DESKTOP-TMNPDT1" time="0.044">
  <properties/>
  <testcase name="sendDuplicateBeforeHandlerInitialized()" classname="org.springframework.web.servlet.mvc.method.annotation.ResponseBodyEmitterTests" time="0.015"/>
  <testcase name="sendBeforeHandlerInitializedWithError()" classname="org.springframework.web.servlet.mvc.method.annotation.ResponseBodyEmitterTests" time="0.003"/>
  <testcase name="sendAfterHandlerInitializedWithError()" classname="org.springframework.web.servlet.mvc.method.annotation.ResponseBodyEmitterTests" time="0.002"/>
  <testcase name="sendFailsAfterComplete()" classname="org.springframework.web.servlet.mvc.method.annotation.ResponseBodyEmitterTests" time="0.001"/>
  <testcase name="onCompletionBeforeHandlerInitialized()" classname="org.springframework.web.servlet.mvc.method.annotation.ResponseBodyEmitterTests" time="0.002"/>
  <testcase name="sendBeforeHandlerInitialized()" classname="org.springframework.web.servlet.mvc.method.annotation.ResponseBodyEmitterTests" time="0.002"/>
  <testcase name="sendAfterHandlerInitialized()" classname="org.springframework.web.servlet.mvc.method.annotation.ResponseBodyEmitterTests" time="0.001"/>
  <testcase name="onTimeoutAfterHandlerInitialized()" classname="org.springframework.web.servlet.mvc.method.annotation.ResponseBodyEmitterTests" time="0.002"/>
  <testcase name="sendWithError()" classname="org.springframework.web.servlet.mvc.method.annotation.ResponseBodyEmitterTests" time="0.004"/>
  <testcase name="onCompletionAfterHandlerInitialized()" classname="org.springframework.web.servlet.mvc.method.annotation.ResponseBodyEmitterTests" time="0.001"/>
  <testcase name="onTimeoutBeforeHandlerInitialized()" classname="org.springframework.web.servlet.mvc.method.annotation.ResponseBodyEmitterTests" time="0.001"/>
  <system-out><![CDATA[]]></system-out>
  <system-err><![CDATA[]]></system-err>
</testsuite>
