<?xml version="1.0" encoding="UTF-8"?>
<testsuite name="org.springframework.web.servlet.handler.PathMatchingUrlHandlerMappingTests" tests="4" skipped="0" failures="0" errors="0" timestamp="2020-12-11T20:00:23" hostname="DESKTOP-TMNPDT1" time="0.044">
  <properties/>
  <testcase name="defaultMapping()" classname="org.springframework.web.servlet.handler.PathMatchingUrlHandlerMappingTests" time="0.006"/>
  <testcase name="actualPathMatching()" classname="org.springframework.web.servlet.handler.PathMatchingUrlHandlerMappingTests" time="0.018"/>
  <testcase name="mappingExposedInRequest()" classname="org.springframework.web.servlet.handler.PathMatchingUrlHandlerMappingTests" time="0.006"/>
  <testcase name="requestsWithHandlers()" classname="org.springframework.web.servlet.handler.PathMatchingUrlHandlerMappingTests" time="0.007"/>
  <system-out><![CDATA[]]></system-out>
  <system-err><![CDATA[]]></system-err>
</testsuite>
