<?xml version="1.0" encoding="UTF-8"?>
<testsuite name="org.springframework.web.servlet.config.annotation.ContentNegotiationConfigurerTests" tests="7" skipped="0" failures="0" errors="0" timestamp="2020-12-11T19:59:41" hostname="DESKTOP-TMNPDT1" time="0.224">
  <properties/>
  <testcase name="setDefaultContentTypeStrategy()" classname="org.springframework.web.servlet.config.annotation.ContentNegotiationConfigurerTests" time="0.013"/>
  <testcase name="defaultSettings()" classname="org.springframework.web.servlet.config.annotation.ContentNegotiationConfigurerTests" time="0.176"/>
  <testcase name="setDefaultContentType()" classname="org.springframework.web.servlet.config.annotation.ContentNegotiationConfigurerTests" time="0.001"/>
  <testcase name="ignoreAcceptHeader()" classname="org.springframework.web.servlet.config.annotation.ContentNegotiationConfigurerTests" time="0.003"/>
  <testcase name="favorParameter()" classname="org.springframework.web.servlet.config.annotation.ContentNegotiationConfigurerTests" time="0.002"/>
  <testcase name="setMultipleDefaultContentTypes()" classname="org.springframework.web.servlet.config.annotation.ContentNegotiationConfigurerTests" time="0.008"/>
  <testcase name="addMediaTypes()" classname="org.springframework.web.servlet.config.annotation.ContentNegotiationConfigurerTests" time="0.001"/>
  <system-out><![CDATA[]]></system-out>
  <system-err><![CDATA[]]></system-err>
</testsuite>
