<?xml version="1.0" encoding="UTF-8"?>
<testsuite name="org.springframework.web.servlet.handler.SimpleMappingExceptionResolverTests" tests="23" skipped="0" failures="0" errors="0" timestamp="2020-12-11T20:00:24" hostname="DESKTOP-TMNPDT1" time="0.021">
  <properties/>
  <testcase name="nullExceptionAttribute()" classname="org.springframework.web.servlet.handler.SimpleMappingExceptionResolverTests" time="0.001"/>
  <testcase name="defaultErrorViewDifferentHandlerClass()" classname="org.springframework.web.servlet.handler.SimpleMappingExceptionResolverTests" time="0.0"/>
  <testcase name="noDefaultStatusCode()" classname="org.springframework.web.servlet.handler.SimpleMappingExceptionResolverTests" time="0.001"/>
  <testcase name="simpleExceptionMappingWithHandlerSpecifiedButWrongHandler()" classname="org.springframework.web.servlet.handler.SimpleMappingExceptionResolverTests" time="0.001"/>
  <testcase name="simpleExceptionMapping()" classname="org.springframework.web.servlet.handler.SimpleMappingExceptionResolverTests" time="0.001"/>
  <testcase name="exactExceptionMappingWithHandlerInterfaceSpecified()" classname="org.springframework.web.servlet.handler.SimpleMappingExceptionResolverTests" time="0.001"/>
  <testcase name="nullExceptionMappings()" classname="org.springframework.web.servlet.handler.SimpleMappingExceptionResolverTests" time="0.0"/>
  <testcase name="twoMappingsOneShortOneLongThrowOddException()" classname="org.springframework.web.servlet.handler.SimpleMappingExceptionResolverTests" time="0.001"/>
  <testcase name="simpleExceptionMappingWithHandlerClassSpecifiedButWrongHandler()" classname="org.springframework.web.servlet.handler.SimpleMappingExceptionResolverTests" time="0.0"/>
  <testcase name="exactExceptionMappingWithHandlerClassSpecified()" classname="org.springframework.web.servlet.handler.SimpleMappingExceptionResolverTests" time="0.001"/>
  <testcase name="twoMappingsOneShortOneLong()" classname="org.springframework.web.servlet.handler.SimpleMappingExceptionResolverTests" time="0.001"/>
  <testcase name="specificStatusCode()" classname="org.springframework.web.servlet.handler.SimpleMappingExceptionResolverTests" time="0.001"/>
  <testcase name="simpleExceptionMappingWithExclusion()" classname="org.springframework.web.servlet.handler.SimpleMappingExceptionResolverTests" time="0.001"/>
  <testcase name="setDefaultStatusCode()" classname="org.springframework.web.servlet.handler.SimpleMappingExceptionResolverTests" time="0.0"/>
  <testcase name="setOrder()" classname="org.springframework.web.servlet.handler.SimpleMappingExceptionResolverTests" time="0.0"/>
  <testcase name="defaultErrorViewDifferentHandler()" classname="org.springframework.web.servlet.handler.SimpleMappingExceptionResolverTests" time="0.0"/>
  <testcase name="noDefaultStatusCodeInInclude()" classname="org.springframework.web.servlet.handler.SimpleMappingExceptionResolverTests" time="0.0"/>
  <testcase name="exactExceptionMappingWithHandlerSpecified()" classname="org.springframework.web.servlet.handler.SimpleMappingExceptionResolverTests" time="0.001"/>
  <testcase name="twoMappings()" classname="org.springframework.web.servlet.handler.SimpleMappingExceptionResolverTests" time="0.0"/>
  <testcase name="missingExceptionInMapping()" classname="org.springframework.web.servlet.handler.SimpleMappingExceptionResolverTests" time="0.0"/>
  <testcase name="threeMappings()" classname="org.springframework.web.servlet.handler.SimpleMappingExceptionResolverTests" time="0.001"/>
  <testcase name="twoMappingsThrowOddExceptionUseLongExceptionMapping()" classname="org.springframework.web.servlet.handler.SimpleMappingExceptionResolverTests" time="0.0"/>
  <testcase name="defaultErrorView()" classname="org.springframework.web.servlet.handler.SimpleMappingExceptionResolverTests" time="0.0"/>
  <system-out><![CDATA[]]></system-out>
  <system-err><![CDATA[]]></system-err>
</testsuite>
