<?xml version="1.0" encoding="UTF-8"?>
<testsuite name="org.springframework.web.servlet.function.DefaultServerRequestBuilderTests" tests="1" skipped="0" failures="0" errors="0" timestamp="2020-12-11T20:00:22" hostname="DESKTOP-TMNPDT1" time="0.023">
  <properties/>
  <testcase name="from()" classname="org.springframework.web.servlet.function.DefaultServerRequestBuilderTests" time="0.023"/>
  <system-out><![CDATA[]]></system-out>
  <system-err><![CDATA[]]></system-err>
</testsuite>
