<?xml version="1.0" encoding="UTF-8"?>
<testsuite name="org.springframework.web.servlet.tags.EvalTagTests" tests="10" skipped="0" failures="0" errors="0" timestamp="2020-12-11T20:00:49" hostname="DESKTOP-TMNPDT1" time="0.102">
  <properties/>
  <testcase name="printHtmlEscapedAttributeResult()" classname="org.springframework.web.servlet.tags.EvalTagTests" time="0.018"/>
  <testcase name="environmentAccess()" classname="org.springframework.web.servlet.tags.EvalTagTests" time="0.014"/>
  <testcase name="mapAccess()" classname="org.springframework.web.servlet.tags.EvalTagTests" time="0.008"/>
  <testcase name="printJavaScriptEscapedAttributeResult()" classname="org.springframework.web.servlet.tags.EvalTagTests" time="0.009"/>
  <testcase name="printScopedAttributeResult()" classname="org.springframework.web.servlet.tags.EvalTagTests" time="0.008"/>
  <testcase name="nestedPropertyWithAttributeName()" classname="org.springframework.web.servlet.tags.EvalTagTests" time="0.009"/>
  <testcase name="setFormattedScopedAttributeResult()" classname="org.springframework.web.servlet.tags.EvalTagTests" time="0.007"/>
  <testcase name="printNullAsEmptyString()" classname="org.springframework.web.servlet.tags.EvalTagTests" time="0.007"/>
  <testcase name="printFormattedScopedAttributeResult()" classname="org.springframework.web.servlet.tags.EvalTagTests" time="0.01"/>
  <testcase name="accessUsingBeanSyntax()" classname="org.springframework.web.servlet.tags.EvalTagTests" time="0.008"/>
  <system-out><![CDATA[]]></system-out>
  <system-err><![CDATA[]]></system-err>
</testsuite>
