<?xml version="1.0" encoding="UTF-8"?>
<testsuite name="org.springframework.web.servlet.mvc.method.annotation.RequestScopedControllerAdviceIntegrationTests" tests="1" skipped="0" failures="0" errors="0" timestamp="2020-12-11T20:00:33" hostname="DESKTOP-TMNPDT1" time="0.132">
  <properties/>
  <testcase name="loadContextWithRequestScopedControllerAdvice()" classname="org.springframework.web.servlet.mvc.method.annotation.RequestScopedControllerAdviceIntegrationTests" time="0.132"/>
  <system-out><![CDATA[]]></system-out>
  <system-err><![CDATA[]]></system-err>
</testsuite>
