<?xml version="1.0" encoding="UTF-8"?>
<testsuite name="org.springframework.web.servlet.tags.form.RadioButtonTagTests" tests="10" skipped="0" failures="0" errors="0" timestamp="2020-12-11T20:00:51" hostname="DESKTOP-TMNPDT1" time="0.115">
  <properties/>
  <testcase name="collectionOfPets()" classname="org.springframework.web.servlet.tags.form.RadioButtonTagTests" time="0.011"/>
  <testcase name="withCheckedObjectValueAndEditor()" classname="org.springframework.web.servlet.tags.form.RadioButtonTagTests" time="0.009"/>
  <testcase name="withCheckedObjectValue()" classname="org.springframework.web.servlet.tags.form.RadioButtonTagTests" time="0.008"/>
  <testcase name="withUncheckedValue()" classname="org.springframework.web.servlet.tags.form.RadioButtonTagTests" time="0.006"/>
  <testcase name="dynamicTypeAttribute()" classname="org.springframework.web.servlet.tags.form.RadioButtonTagTests" time="0.011"/>
  <testcase name="collectionOfPetsNotSelected()" classname="org.springframework.web.servlet.tags.form.RadioButtonTagTests" time="0.014"/>
  <testcase name="withUncheckedObjectValue()" classname="org.springframework.web.servlet.tags.form.RadioButtonTagTests" time="0.006"/>
  <testcase name="withCheckedValueAndDynamicAttributes()" classname="org.springframework.web.servlet.tags.form.RadioButtonTagTests" time="0.014"/>
  <testcase name="collectionOfPetsWithEditor()" classname="org.springframework.web.servlet.tags.form.RadioButtonTagTests" time="0.017"/>
  <testcase name="withCheckedValue()" classname="org.springframework.web.servlet.tags.form.RadioButtonTagTests" time="0.01"/>
  <system-out><![CDATA[]]></system-out>
  <system-err><![CDATA[]]></system-err>
</testsuite>
