<?xml version="1.0" encoding="UTF-8"?>
<testsuite name="org.springframework.web.servlet.config.AnnotationDrivenBeanDefinitionParserTests" tests="7" skipped="0" failures="0" errors="0" timestamp="2020-12-11T20:00:06" hostname="DESKTOP-TMNPDT1" time="2.792">
  <properties/>
  <testcase name="testMessageConvertersWithoutDefaultRegistrations()" classname="org.springframework.web.servlet.config.AnnotationDrivenBeanDefinitionParserTests" time="0.389"/>
  <testcase name="testMessageCodesResolver()" classname="org.springframework.web.servlet.config.AnnotationDrivenBeanDefinitionParserTests" time="0.365"/>
  <testcase name="testPathMatchingConfiguration()" classname="org.springframework.web.servlet.config.AnnotationDrivenBeanDefinitionParserTests" time="0.253"/>
  <testcase name="beanNameUrlHandlerMapping()" classname="org.springframework.web.servlet.config.AnnotationDrivenBeanDefinitionParserTests" time="0.245"/>
  <testcase name="testMessageConverters()" classname="org.springframework.web.servlet.config.AnnotationDrivenBeanDefinitionParserTests" time="0.432"/>
  <testcase name="testArgumentResolvers()" classname="org.springframework.web.servlet.config.AnnotationDrivenBeanDefinitionParserTests" time="0.686"/>
  <testcase name="testReturnValueHandlers()" classname="org.springframework.web.servlet.config.AnnotationDrivenBeanDefinitionParserTests" time="0.387"/>
  <system-out><![CDATA[]]></system-out>
  <system-err><![CDATA[]]></system-err>
</testsuite>
