<?xml version="1.0" encoding="UTF-8"?>
<testsuite name="org.springframework.web.servlet.config.annotation.WebMvcConfigurationSupportExtensionTests" tests="7" skipped="0" failures="0" errors="0" timestamp="2020-12-11T20:00:03" hostname="DESKTOP-TMNPDT1" time="0.266">
  <properties/>
  <testcase name="exceptionResolvers()" classname="org.springframework.web.servlet.config.annotation.WebMvcConfigurationSupportExtensionTests" time="0.004"/>
  <testcase name="crossOrigin()" classname="org.springframework.web.servlet.config.annotation.WebMvcConfigurationSupportExtensionTests" time="0.0"/>
  <testcase name="webBindingInitializer()" classname="org.springframework.web.servlet.config.annotation.WebMvcConfigurationSupportExtensionTests" time="0.093"/>
  <testcase name="requestMappingHandlerAdapter()" classname="org.springframework.web.servlet.config.annotation.WebMvcConfigurationSupportExtensionTests" time="0.062"/>
  <testcase name="contentNegotiation()" classname="org.springframework.web.servlet.config.annotation.WebMvcConfigurationSupportExtensionTests" time="0.049"/>
  <testcase name="handlerMappings()" classname="org.springframework.web.servlet.config.annotation.WebMvcConfigurationSupportExtensionTests" time="0.035"/>
  <testcase name="viewResolvers()" classname="org.springframework.web.servlet.config.annotation.WebMvcConfigurationSupportExtensionTests" time="0.017"/>
  <system-out><![CDATA[]]></system-out>
  <system-err><![CDATA[]]></system-err>
</testsuite>
