<?xml version="1.0" encoding="UTF-8"?>
<testsuite name="org.springframework.web.context.support.WebApplicationObjectSupportTests" tests="2" skipped="0" failures="0" errors="0" timestamp="2020-12-11T19:59:36" hostname="DESKTOP-TMNPDT1" time="0.013">
  <properties/>
  <testcase name="testWebApplicationObjectSupportWithWrongContext()" classname="org.springframework.web.context.support.WebApplicationObjectSupportTests" time="0.001"/>
  <testcase name="testWebApplicationObjectSupport()" classname="org.springframework.web.context.support.WebApplicationObjectSupportTests" time="0.011"/>
  <system-out><![CDATA[]]></system-out>
  <system-err><![CDATA[]]></system-err>
</testsuite>
