<?xml version="1.0" encoding="UTF-8"?>
<testsuite name="org.springframework.web.servlet.tags.ParamTagTests" tests="6" skipped="0" failures="0" errors="0" timestamp="2020-12-11T20:00:52" hostname="DESKTOP-TMNPDT1" time="0.056">
  <properties/>
  <testcase name="paramWithNameAndValue()" classname="org.springframework.web.servlet.tags.ParamTagTests" time="0.018"/>
  <testcase name="paramWithNoParent()" classname="org.springframework.web.servlet.tags.ParamTagTests" time="0.007"/>
  <testcase name="paramWithValueThenReleaseThenBodyValue()" classname="org.springframework.web.servlet.tags.ParamTagTests" time="0.011"/>
  <testcase name="paramWithImplicitNullValue()" classname="org.springframework.web.servlet.tags.ParamTagTests" time="0.005"/>
  <testcase name="paramWithBodyValue()" classname="org.springframework.web.servlet.tags.ParamTagTests" time="0.007"/>
  <testcase name="paramWithExplicitNullValue()" classname="org.springframework.web.servlet.tags.ParamTagTests" time="0.006"/>
  <system-out><![CDATA[]]></system-out>
  <system-err><![CDATA[]]></system-err>
</testsuite>
