<?xml version="1.0" encoding="UTF-8"?>
<testsuite name="org.springframework.web.servlet.view.feed.RssFeedViewTests" tests="1" skipped="0" failures="0" errors="0" timestamp="2020-12-11T20:00:55" hostname="DESKTOP-TMNPDT1" time="0.029">
  <properties/>
  <testcase name="render()" classname="org.springframework.web.servlet.view.feed.RssFeedViewTests" time="0.029"/>
  <system-out><![CDATA[]]></system-out>
  <system-err><![CDATA[]]></system-err>
</testsuite>
