<?xml version="1.0" encoding="UTF-8"?>
<testsuite name="org.springframework.web.servlet.mvc.ControllerTests" tests="6" skipped="0" failures="0" errors="0" timestamp="2020-12-11T20:00:24" hostname="DESKTOP-TMNPDT1" time="0.083">
  <properties/>
  <testcase name="servletWrappingController()" classname="org.springframework.web.servlet.mvc.ControllerTests" time="0.005"/>
  <testcase name="parameterizableViewController()" classname="org.springframework.web.servlet.mvc.ControllerTests" time="0.0"/>
  <testcase name="servletWrappingControllerWithBeanName()" classname="org.springframework.web.servlet.mvc.ControllerTests" time="0.001"/>
  <testcase name="servletForwardingControllerWithInclude()" classname="org.springframework.web.servlet.mvc.ControllerTests" time="0.07"/>
  <testcase name="servletForwardingControllerWithBeanName()" classname="org.springframework.web.servlet.mvc.ControllerTests" time="0.003"/>
  <testcase name="servletForwardingController()" classname="org.springframework.web.servlet.mvc.ControllerTests" time="0.003"/>
  <system-out><![CDATA[]]></system-out>
  <system-err><![CDATA[]]></system-err>
</testsuite>
