<?xml version="1.0" encoding="UTF-8"?>
<testsuite name="org.springframework.web.servlet.mvc.method.annotation.ServletModelAttributeMethodProcessorTests" tests="8" skipped="0" failures="0" errors="0" timestamp="2020-12-11T20:00:40" hostname="DESKTOP-TMNPDT1" time="0.02">
  <properties/>
  <testcase name="attributesAsNullValues()" classname="org.springframework.web.servlet.mvc.method.annotation.ServletModelAttributeMethodProcessorTests" time="0.002"/>
  <testcase name="createAttributeRequestParameter()" classname="org.springframework.web.servlet.mvc.method.annotation.ServletModelAttributeMethodProcessorTests" time="0.003"/>
  <testcase name="createAttributeUriTemplateVarCannotConvert()" classname="org.springframework.web.servlet.mvc.method.annotation.ServletModelAttributeMethodProcessorTests" time="0.005"/>
  <testcase name="createAttributeRequestParameterWithOptional()" classname="org.springframework.web.servlet.mvc.method.annotation.ServletModelAttributeMethodProcessorTests" time="0.001"/>
  <testcase name="createAttributeUriTemplateVar()" classname="org.springframework.web.servlet.mvc.method.annotation.ServletModelAttributeMethodProcessorTests" time="0.002"/>
  <testcase name="createAttributeRequestParameterCannotConvert()" classname="org.springframework.web.servlet.mvc.method.annotation.ServletModelAttributeMethodProcessorTests" time="0.001"/>
  <testcase name="createAttributeUriTemplateVarWithOptional()" classname="org.springframework.web.servlet.mvc.method.annotation.ServletModelAttributeMethodProcessorTests" time="0.001"/>
  <testcase name="attributesAsOptionalEmpty()" classname="org.springframework.web.servlet.mvc.method.annotation.ServletModelAttributeMethodProcessorTests" time="0.001"/>
  <system-out><![CDATA[]]></system-out>
  <system-err><![CDATA[]]></system-err>
</testsuite>
