<?xml version="1.0" encoding="UTF-8"?>
<testsuite name="org.springframework.web.servlet.tags.form.LabelTagTests" tests="4" skipped="0" failures="0" errors="0" timestamp="2020-12-11T20:00:50" hostname="DESKTOP-TMNPDT1" time="0.028">
  <properties/>
  <testcase name="simpleRenderWithMapElement()" classname="org.springframework.web.servlet.tags.form.LabelTagTests" time="0.009"/>
  <testcase name="simpleRender()" classname="org.springframework.web.servlet.tags.form.LabelTagTests" time="0.006"/>
  <testcase name="simpleRenderWithDynamicAttributes()" classname="org.springframework.web.servlet.tags.form.LabelTagTests" time="0.005"/>
  <testcase name="overrideFor()" classname="org.springframework.web.servlet.tags.form.LabelTagTests" time="0.006"/>
  <system-out><![CDATA[]]></system-out>
  <system-err><![CDATA[]]></system-err>
</testsuite>
