<?xml version="1.0" encoding="UTF-8"?>
<testsuite name="org.springframework.web.servlet.tags.form.HiddenInputTagTests" tests="5" skipped="0" failures="0" errors="0" timestamp="2020-12-11T20:00:50" hostname="DESKTOP-TMNPDT1" time="0.051">
  <properties/>
  <testcase name="disabledTrue()" classname="org.springframework.web.servlet.tags.form.HiddenInputTagTests" time="0.008"/>
  <testcase name="render()" classname="org.springframework.web.servlet.tags.form.HiddenInputTagTests" time="0.015"/>
  <testcase name="dynamicTypeAttribute()" classname="org.springframework.web.servlet.tags.form.HiddenInputTagTests" time="0.007"/>
  <testcase name="disabledFalse()" classname="org.springframework.web.servlet.tags.form.HiddenInputTagTests" time="0.008"/>
  <testcase name="withCustomBinder()" classname="org.springframework.web.servlet.tags.form.HiddenInputTagTests" time="0.009"/>
  <system-out><![CDATA[]]></system-out>
  <system-err><![CDATA[]]></system-err>
</testsuite>
