<?xml version="1.0" encoding="UTF-8"?>
<testsuite name="org.springframework.web.servlet.view.document.XlsViewTests" tests="3" skipped="0" failures="0" errors="0" timestamp="2020-12-11T20:00:52" hostname="DESKTOP-TMNPDT1" time="2.347">
  <properties/>
  <testcase name="testXls()" classname="org.springframework.web.servlet.view.document.XlsViewTests" time="0.537"/>
  <testcase name="testXlsxView()" classname="org.springframework.web.servlet.view.document.XlsViewTests" time="1.441"/>
  <testcase name="testXlsxStreamingView()" classname="org.springframework.web.servlet.view.document.XlsViewTests" time="0.369"/>
  <system-out><![CDATA[]]></system-out>
  <system-err><![CDATA[]]></system-err>
</testsuite>
