<?xml version="1.0" encoding="UTF-8"?>
<testsuite name="org.springframework.web.servlet.resource.CssLinkResourceTransformerTests" tests="6" skipped="0" failures="0" errors="0" timestamp="2020-12-11T20:00:42" hostname="DESKTOP-TMNPDT1" time="0.064">
  <properties/>
  <testcase name="transformSkippedForNonCssResource()" classname="org.springframework.web.servlet.resource.CssLinkResourceTransformerTests" time="0.001"/>
  <testcase name="transformEmptyUrlFunction()" classname="org.springframework.web.servlet.resource.CssLinkResourceTransformerTests" time="0.009"/>
  <testcase name="transformSkippedForGzippedResource(GzippedFiles)" classname="org.springframework.web.servlet.resource.CssLinkResourceTransformerTests" time="0.008"/>
  <testcase name="transformNoLinks()" classname="org.springframework.web.servlet.resource.CssLinkResourceTransformerTests" time="0.002"/>
  <testcase name="transformExtLinksNotAllowed()" classname="org.springframework.web.servlet.resource.CssLinkResourceTransformerTests" time="0.019"/>
  <testcase name="transform()" classname="org.springframework.web.servlet.resource.CssLinkResourceTransformerTests" time="0.02"/>
  <system-out><![CDATA[]]></system-out>
  <system-err><![CDATA[]]></system-err>
</testsuite>
