<?xml version="1.0" encoding="UTF-8"?>
<testsuite name="org.springframework.web.servlet.view.script.KotlinScriptTemplateTests" tests="3" skipped="0" failures="0" errors="0" timestamp="2020-12-11T20:01:03" hostname="DESKTOP-TMNPDT1" time="14.268">
  <properties/>
  <testcase name="renderTemplateWithFrenchLocale()" classname="org.springframework.web.servlet.view.script.KotlinScriptTemplateTests" time="11.942"/>
  <testcase name="renderTemplateWithoutRenderFunction()" classname="org.springframework.web.servlet.view.script.KotlinScriptTemplateTests" time="0.595"/>
  <testcase name="renderTemplateWithEnglishLocale()" classname="org.springframework.web.servlet.view.script.KotlinScriptTemplateTests" time="1.729"/>
  <system-out><![CDATA[]]></system-out>
  <system-err><![CDATA[]]></system-err>
</testsuite>
