<?xml version="1.0" encoding="UTF-8"?>
<testsuite name="org.springframework.web.servlet.tags.HtmlEscapeTagTests" tests="7" skipped="0" failures="0" errors="0" timestamp="2020-12-11T20:00:51" hostname="DESKTOP-TMNPDT1" time="0.052">
  <properties/>
  <testcase name="htmlEscapeTag()" classname="org.springframework.web.servlet.tags.HtmlEscapeTagTests" time="0.006"/>
  <testcase name="escapeBodyWithHtmlEscape()" classname="org.springframework.web.servlet.tags.HtmlEscapeTagTests" time="0.007"/>
  <testcase name="escapeBody()" classname="org.springframework.web.servlet.tags.HtmlEscapeTagTests" time="0.007"/>
  <testcase name="htmlEscapeTagWithContextParamFalse()" classname="org.springframework.web.servlet.tags.HtmlEscapeTagTests" time="0.007"/>
  <testcase name="escapeBodyWithHtmlEscapeAndJavaScriptEscape()" classname="org.springframework.web.servlet.tags.HtmlEscapeTagTests" time="0.006"/>
  <testcase name="htmlEscapeTagWithContextParamTrue()" classname="org.springframework.web.servlet.tags.HtmlEscapeTagTests" time="0.007"/>
  <testcase name="escapeBodyWithJavaScriptEscape()" classname="org.springframework.web.servlet.tags.HtmlEscapeTagTests" time="0.006"/>
  <system-out><![CDATA[]]></system-out>
  <system-err><![CDATA[]]></system-err>
</testsuite>
