<?xml version="1.0" encoding="UTF-8"?>
<testsuite name="org.springframework.web.servlet.tags.form.ErrorsTagTests" tests="20" skipped="0" failures="0" errors="0" timestamp="2020-12-11T20:00:49" hostname="DESKTOP-TMNPDT1" time="0.185">
  <properties/>
  <testcase name="withErrorsAndCustomElement()" classname="org.springframework.web.servlet.tags.form.ErrorsTagTests" time="0.008"/>
  <testcase name="withExplicitNonWhitespaceBodyContent()" classname="org.springframework.web.servlet.tags.form.ErrorsTagTests" time="0.009"/>
  <testcase name="omittedPathMatchesObjectErrorsOnly()" classname="org.springframework.web.servlet.tags.form.ErrorsTagTests" time="0.007"/>
  <testcase name="withExplicitEmptyWhitespaceBodyContent()" classname="org.springframework.web.servlet.tags.form.ErrorsTagTests" time="0.006"/>
  <testcase name="withoutErrors()" classname="org.springframework.web.servlet.tags.form.ErrorsTagTests" time="0.007"/>
  <testcase name="asBodyTagWithNoErrorsAndExistingMessagesAttributeInPageScopeAreNotClobbered()" classname="org.springframework.web.servlet.tags.form.ErrorsTagTests" time="0.012"/>
  <testcase name="starMatchesAllErrors()" classname="org.springframework.web.servlet.tags.form.ErrorsTagTests" time="0.008"/>
  <testcase name="asBodyTagWithErrorsAndExistingMessagesAttributeInNonPageScopeAreNotClobbered()" classname="org.springframework.web.servlet.tags.form.ErrorsTagTests" time="0.008"/>
  <testcase name="withErrorsAndDynamicAttributes()" classname="org.springframework.web.servlet.tags.form.ErrorsTagTests" time="0.007"/>
  <testcase name="specificPathMatchesSpecificFieldOnly()" classname="org.springframework.web.servlet.tags.form.ErrorsTagTests" time="0.018"/>
  <testcase name="withExplicitWhitespaceBodyContent()" classname="org.springframework.web.servlet.tags.form.ErrorsTagTests" time="0.007"/>
  <testcase name="asBodyTag()" classname="org.springframework.web.servlet.tags.form.ErrorsTagTests" time="0.006"/>
  <testcase name="asBodyTagWithNoErrorsAndExistingMessagesAttributeInRequestScopeAreNotClobbered()" classname="org.springframework.web.servlet.tags.form.ErrorsTagTests" time="0.008"/>
  <testcase name="withoutErrorsInstance()" classname="org.springframework.web.servlet.tags.form.ErrorsTagTests" time="0.008"/>
  <testcase name="asBodyTagWithExistingMessagesAttribute()" classname="org.springframework.web.servlet.tags.form.ErrorsTagTests" time="0.008"/>
  <testcase name="asBodyTagWithNoErrorsAndExistingMessagesAttributeInSessionScopeAreNotClobbered()" classname="org.springframework.web.servlet.tags.form.ErrorsTagTests" time="0.006"/>
  <testcase name="withEscapedErrors()" classname="org.springframework.web.servlet.tags.form.ErrorsTagTests" time="0.01"/>
  <testcase name="withErrors()" classname="org.springframework.web.servlet.tags.form.ErrorsTagTests" time="0.007"/>
  <testcase name="asBodyTagWithNoErrorsAndExistingMessagesAttributeInApplicationScopeAreNotClobbered()" classname="org.springframework.web.servlet.tags.form.ErrorsTagTests" time="0.008"/>
  <testcase name="withNonEscapedErrors()" classname="org.springframework.web.servlet.tags.form.ErrorsTagTests" time="0.011"/>
  <system-out><![CDATA[]]></system-out>
  <system-err><![CDATA[]]></system-err>
</testsuite>
