<?xml version="1.0" encoding="UTF-8"?>
<testsuite name="org.springframework.web.servlet.mvc.method.annotation.StreamingResponseBodyReturnValueHandlerTests" tests="5" skipped="0" failures="0" errors="0" timestamp="2020-12-11T20:00:40" hostname="DESKTOP-TMNPDT1" time="0.038">
  <properties/>
  <testcase name="streamingResponseBody()" classname="org.springframework.web.servlet.mvc.method.annotation.StreamingResponseBodyReturnValueHandlerTests" time="0.03"/>
  <testcase name="responseEntity()" classname="org.springframework.web.servlet.mvc.method.annotation.StreamingResponseBodyReturnValueHandlerTests" time="0.006"/>
  <testcase name="responseEntityNoContent()" classname="org.springframework.web.servlet.mvc.method.annotation.StreamingResponseBodyReturnValueHandlerTests" time="0.001"/>
  <testcase name="responseEntityWithHeadersAndNoContent()" classname="org.springframework.web.servlet.mvc.method.annotation.StreamingResponseBodyReturnValueHandlerTests" time="0.0"/>
  <testcase name="supportsReturnType()" classname="org.springframework.web.servlet.mvc.method.annotation.StreamingResponseBodyReturnValueHandlerTests" time="0.001"/>
  <system-out><![CDATA[]]></system-out>
  <system-err><![CDATA[]]></system-err>
</testsuite>
