<?xml version="1.0" encoding="UTF-8"?>
<testsuite name="org.springframework.web.servlet.config.annotation.WebMvcConfigurationSupportTests" tests="11" skipped="0" failures="0" errors="0" timestamp="2020-12-11T20:00:04" hostname="DESKTOP-TMNPDT1" time="2.473">
  <properties/>
  <testcase name="uriComponentsContributor()" classname="org.springframework.web.servlet.config.annotation.WebMvcConfigurationSupportTests" time="0.264"/>
  <testcase name="emptyHandlerMappings()" classname="org.springframework.web.servlet.config.annotation.WebMvcConfigurationSupportTests" time="0.209"/>
  <testcase name="requestMappingHandlerAdapter()" classname="org.springframework.web.servlet.config.annotation.WebMvcConfigurationSupportTests" time="0.28"/>
  <testcase name="mvcViewResolverWithOrderSet()" classname="org.springframework.web.servlet.config.annotation.WebMvcConfigurationSupportTests" time="0.263"/>
  <testcase name="customArgumentResolvers()" classname="org.springframework.web.servlet.config.annotation.WebMvcConfigurationSupportTests" time="0.21"/>
  <testcase name="requestMappingHandlerMapping()" classname="org.springframework.web.servlet.config.annotation.WebMvcConfigurationSupportTests" time="0.256"/>
  <testcase name="mvcViewResolverWithExistingResolver()" classname="org.springframework.web.servlet.config.annotation.WebMvcConfigurationSupportTests" time="0.26"/>
  <testcase name="beanNameHandlerMapping()" classname="org.springframework.web.servlet.config.annotation.WebMvcConfigurationSupportTests" time="0.234"/>
  <testcase name="defaultPathMatchConfiguration()" classname="org.springframework.web.servlet.config.annotation.WebMvcConfigurationSupportTests" time="0.152"/>
  <testcase name="handlerExceptionResolver()" classname="org.springframework.web.servlet.config.annotation.WebMvcConfigurationSupportTests" time="0.179"/>
  <testcase name="mvcViewResolver()" classname="org.springframework.web.servlet.config.annotation.WebMvcConfigurationSupportTests" time="0.159"/>
  <system-out><![CDATA[]]></system-out>
  <system-err><![CDATA[]]></system-err>
</testsuite>
