<?xml version="1.0" encoding="UTF-8"?>
<testsuite name="org.springframework.web.servlet.mvc.method.annotation.RequestResponseBodyMethodProcessorTests" tests="32" skipped="0" failures="0" errors="0" timestamp="2020-12-11T20:00:33" hostname="DESKTOP-TMNPDT1" time="0.602">
  <properties/>
  <testcase name="resolveArgumentTypeVariableWithNonGenericConverter()" classname="org.springframework.web.servlet.mvc.method.annotation.RequestResponseBodyMethodProcessorTests" time="0.045"/>
  <testcase name="jacksonJsonViewWithResponseBodyAndXmlMessageConverter()" classname="org.springframework.web.servlet.mvc.method.annotation.RequestResponseBodyMethodProcessorTests" time="0.091"/>
  <testcase name="jacksonJsonViewWithResponseBodyAndJsonMessageConverter()" classname="org.springframework.web.servlet.mvc.method.annotation.RequestResponseBodyMethodProcessorTests" time="0.005"/>
  <testcase name="handleReturnValueString()" classname="org.springframework.web.servlet.mvc.method.annotation.RequestResponseBodyMethodProcessorTests" time="0.001"/>
  <testcase name="jacksonSubType()" classname="org.springframework.web.servlet.mvc.method.annotation.RequestResponseBodyMethodProcessorTests" time="0.009"/>
  <testcase name="jacksonJsonViewWithResponseEntityAndXmlMessageConverter()" classname="org.springframework.web.servlet.mvc.method.annotation.RequestResponseBodyMethodProcessorTests" time="0.015"/>
  <testcase name="resolveHttpEntityArgumentWithJacksonJsonViewAndXmlMessageConverter()" classname="org.springframework.web.servlet.mvc.method.annotation.RequestResponseBodyMethodProcessorTests" time="0.183"/>
  <testcase name="jacksonJsonViewWithResponseEntityAndJsonMessageConverter()" classname="org.springframework.web.servlet.mvc.method.annotation.RequestResponseBodyMethodProcessorTests" time="0.012"/>
  <testcase name="resolveParameterizedWithTypeVariableArgument()" classname="org.springframework.web.servlet.mvc.method.annotation.RequestResponseBodyMethodProcessorTests" time="0.017"/>
  <testcase name="resolveArgumentWithJacksonJsonView()" classname="org.springframework.web.servlet.mvc.method.annotation.RequestResponseBodyMethodProcessorTests" time="0.014"/>
  <testcase name="addContentDispositionHeaderToErrorResponse()" classname="org.springframework.web.servlet.mvc.method.annotation.RequestResponseBodyMethodProcessorTests" time="0.002"/>
  <testcase name="handleReturnValueStringAcceptCharset()" classname="org.springframework.web.servlet.mvc.method.annotation.RequestResponseBodyMethodProcessorTests" time="0.001"/>
  <testcase name="resolveArgumentRequiredNoContent()" classname="org.springframework.web.servlet.mvc.method.annotation.RequestResponseBodyMethodProcessorTests" time="0.002"/>
  <testcase name="resolveArgumentWithJacksonJsonViewAndXmlMessageConverter()" classname="org.springframework.web.servlet.mvc.method.annotation.RequestResponseBodyMethodProcessorTests" time="0.017"/>
  <testcase name="resolveArgumentTypeVariable()" classname="org.springframework.web.servlet.mvc.method.annotation.RequestResponseBodyMethodProcessorTests" time="0.015"/>
  <testcase name="resolveArgumentClassString()" classname="org.springframework.web.servlet.mvc.method.annotation.RequestResponseBodyMethodProcessorTests" time="0.009"/>
  <testcase name="resolveHttpEntityArgumentWithJacksonJsonView()" classname="org.springframework.web.servlet.mvc.method.annotation.RequestResponseBodyMethodProcessorTests" time="0.007"/>
  <testcase name="jacksonTypeInfoList()" classname="org.springframework.web.servlet.mvc.method.annotation.RequestResponseBodyMethodProcessorTests" time="0.009"/>
  <testcase name="supportsReturnTypeRestController()" classname="org.springframework.web.servlet.mvc.method.annotation.RequestResponseBodyMethodProcessorTests" time="0.001"/>
  <testcase name="handleReturnValueCharSequence()" classname="org.springframework.web.servlet.mvc.method.annotation.RequestResponseBodyMethodProcessorTests" time="0.001"/>
  <testcase name="resolveArgumentTypeVariableWithGenericInterface()" classname="org.springframework.web.servlet.mvc.method.annotation.RequestResponseBodyMethodProcessorTests" time="0.01"/>
  <testcase name="resolveArgumentRequiredNoContentDefaultValue()" classname="org.springframework.web.servlet.mvc.method.annotation.RequestResponseBodyMethodProcessorTests" time="0.009"/>
  <testcase name="resolveArgumentTypeVariableWithGenericInterfaceAndSubclass()" classname="org.springframework.web.servlet.mvc.method.annotation.RequestResponseBodyMethodProcessorTests" time="0.009"/>
  <testcase name="supportsReturnTypeResponseBodyOnType()" classname="org.springframework.web.servlet.mvc.method.annotation.RequestResponseBodyMethodProcessorTests" time="0.0"/>
  <testcase name="addContentDispositionHeader()" classname="org.springframework.web.servlet.mvc.method.annotation.RequestResponseBodyMethodProcessorTests" time="0.008"/>
  <testcase name="resolveArgumentParameterizedType()" classname="org.springframework.web.servlet.mvc.method.annotation.RequestResponseBodyMethodProcessorTests" time="0.018"/>
  <testcase name="handleReturnValueSortByQuality()" classname="org.springframework.web.servlet.mvc.method.annotation.RequestResponseBodyMethodProcessorTests" time="0.007"/>
  <testcase name="handleReturnValueImage()" classname="org.springframework.web.servlet.mvc.method.annotation.RequestResponseBodyMethodProcessorTests" time="0.004"/>
  <testcase name="handleReturnValueWithInvalidReturnType()" classname="org.springframework.web.servlet.mvc.method.annotation.RequestResponseBodyMethodProcessorTests" time="0.001"/>
  <testcase name="jacksonSubTypeList()" classname="org.springframework.web.servlet.mvc.method.annotation.RequestResponseBodyMethodProcessorTests" time="0.011"/>
  <testcase name="resolveArgumentRawTypeFromParameterizedType()" classname="org.springframework.web.servlet.mvc.method.annotation.RequestResponseBodyMethodProcessorTests" time="0.031"/>
  <testcase name="resolveArgumentClassJson()" classname="org.springframework.web.servlet.mvc.method.annotation.RequestResponseBodyMethodProcessorTests" time="0.015"/>
  <system-out><![CDATA[]]></system-out>
  <system-err><![CDATA[]]></system-err>
</testsuite>
