<?xml version="1.0" encoding="UTF-8"?>
<testsuite name="org.springframework.web.servlet.mvc.condition.ParamsRequestConditionTests" tests="11" skipped="0" failures="0" errors="0" timestamp="2020-12-11T20:00:24" hostname="DESKTOP-TMNPDT1" time="0.037">
  <properties/>
  <testcase name="paramNotPresent()" classname="org.springframework.web.servlet.mvc.condition.ParamsRequestConditionTests" time="0.001"/>
  <testcase name="paramValueNoMatch()" classname="org.springframework.web.servlet.mvc.condition.ParamsRequestConditionTests" time="0.024"/>
  <testcase name="compareTo()" classname="org.springframework.web.servlet.mvc.condition.ParamsRequestConditionTests" time="0.0"/>
  <testcase name="paramPresentNoMatch()" classname="org.springframework.web.servlet.mvc.condition.ParamsRequestConditionTests" time="0.0"/>
  <testcase name="paramPresentNullValue()" classname="org.springframework.web.servlet.mvc.condition.ParamsRequestConditionTests" time="0.0"/>
  <testcase name="paramEquals()" classname="org.springframework.web.servlet.mvc.condition.ParamsRequestConditionTests" time="0.0"/>
  <testcase name="combine()" classname="org.springframework.web.servlet.mvc.condition.ParamsRequestConditionTests" time="0.001"/>
  <testcase name="paramPresent()" classname="org.springframework.web.servlet.mvc.condition.ParamsRequestConditionTests" time="0.001"/>
  <testcase name="compareToWithNegatedMatch()" classname="org.springframework.web.servlet.mvc.condition.ParamsRequestConditionTests" time="0.001"/>
  <testcase name="paramValueMatch()" classname="org.springframework.web.servlet.mvc.condition.ParamsRequestConditionTests" time="0.001"/>
  <testcase name="compareToWithMoreSpecificMatchByValue()" classname="org.springframework.web.servlet.mvc.condition.ParamsRequestConditionTests" time="0.001"/>
  <system-out><![CDATA[]]></system-out>
  <system-err><![CDATA[]]></system-err>
</testsuite>
