<?xml version="1.0" encoding="UTF-8"?>
<testsuite name="org.springframework.web.servlet.mvc.method.annotation.ResponseBodyEmitterReturnValueHandlerTests" tests="12" skipped="0" failures="0" errors="0" timestamp="2020-12-11T20:00:34" hostname="DESKTOP-TMNPDT1" time="0.163">
  <properties/>
  <testcase name="responseBodyFluxWithError()" classname="org.springframework.web.servlet.mvc.method.annotation.ResponseBodyEmitterReturnValueHandlerTests" time="0.017"/>
  <testcase name="responseBodyEmitter()" classname="org.springframework.web.servlet.mvc.method.annotation.ResponseBodyEmitterReturnValueHandlerTests" time="0.009"/>
  <testcase name="responseBodyEmitterWithErrorValue()" classname="org.springframework.web.servlet.mvc.method.annotation.ResponseBodyEmitterReturnValueHandlerTests" time="0.053"/>
  <testcase name="responseBodyFlux()" classname="org.springframework.web.servlet.mvc.method.annotation.ResponseBodyEmitterReturnValueHandlerTests" time="0.007"/>
  <testcase name="responseEntityFlux()" classname="org.springframework.web.servlet.mvc.method.annotation.ResponseBodyEmitterReturnValueHandlerTests" time="0.015"/>
  <testcase name="responseEntitySseNoContent()" classname="org.springframework.web.servlet.mvc.method.annotation.ResponseBodyEmitterReturnValueHandlerTests" time="0.006"/>
  <testcase name="responseBodyEmitterWithTimeoutValue()" classname="org.springframework.web.servlet.mvc.method.annotation.ResponseBodyEmitterReturnValueHandlerTests" time="0.007"/>
  <testcase name="supportsReturnTypes()" classname="org.springframework.web.servlet.mvc.method.annotation.ResponseBodyEmitterReturnValueHandlerTests" time="0.006"/>
  <testcase name="sseEmitter()" classname="org.springframework.web.servlet.mvc.method.annotation.ResponseBodyEmitterReturnValueHandlerTests" time="0.012"/>
  <testcase name="doesNotSupportReturnTypes()" classname="org.springframework.web.servlet.mvc.method.annotation.ResponseBodyEmitterReturnValueHandlerTests" time="0.007"/>
  <testcase name="responseEntitySse()" classname="org.springframework.web.servlet.mvc.method.annotation.ResponseBodyEmitterReturnValueHandlerTests" time="0.006"/>
  <testcase name="responseEntityFluxWithCustomHeader()" classname="org.springframework.web.servlet.mvc.method.annotation.ResponseBodyEmitterReturnValueHandlerTests" time="0.008"/>
  <system-out><![CDATA[04:00:34.130 [Test worker] WARN  o.s.w.s.m.m.a.ReactiveTypeHandler - 
!!!
Streaming through a reactive type requires an Executor to write to the response.
Please, configure a TaskExecutor in the MVC config under "async support".
The SyncTaskExecutor currently in use is not suitable under load.
-------------------------------
Controller:	org.springframework.web.servlet.mvc.method.annotation.ResponseBodyEmitterReturnValueHandlerTests$TestController
Method:		h8
Returning:	reactor.core.publisher.Flux<java.lang.String>
!!!
04:00:34.209 [Test worker] WARN  o.s.w.s.m.m.a.ReactiveTypeHandler - 
!!!
Streaming through a reactive type requires an Executor to write to the response.
Please, configure a TaskExecutor in the MVC config under "async support".
The SyncTaskExecutor currently in use is not suitable under load.
-------------------------------
Controller:	org.springframework.web.servlet.mvc.method.annotation.ResponseBodyEmitterReturnValueHandlerTests$TestController
Method:		h8
Returning:	reactor.core.publisher.Flux<java.lang.String>
!!!
04:00:34.218 [Test worker] WARN  o.s.w.s.m.m.a.ReactiveTypeHandler - 
!!!
Streaming through a reactive type requires an Executor to write to the response.
Please, configure a TaskExecutor in the MVC config under "async support".
The SyncTaskExecutor currently in use is not suitable under load.
-------------------------------
Controller:	org.springframework.web.servlet.mvc.method.annotation.ResponseBodyEmitterReturnValueHandlerTests$TestController
Method:		h9
Returning:	reactor.core.publisher.Flux<java.lang.String>
!!!
]]></system-out>
  <system-err><![CDATA[]]></system-err>
</testsuite>
