<?xml version="1.0" encoding="UTF-8"?>
<testsuite name="org.springframework.core.env.PropertyPlaceholderConfigurerEnvironmentIntegrationTests" tests="1" skipped="0" failures="0" errors="0" timestamp="2020-12-12T06:24:49" hostname="DESKTOP-TMNPDT1" time="0.03">
  <properties/>
  <testcase name="test()" classname="org.springframework.core.env.PropertyPlaceholderConfigurerEnvironmentIntegrationTests" time="0.03"/>
  <system-out><![CDATA[14:24:49.952 [Test worker] DEBUG o.s.c.s.GenericApplicationContext - Refreshing org.springframework.context.support.GenericApplicationContext@ac837e2
14:24:49.953 [Test worker] DEBUG o.s.b.f.s.DefaultListableBeanFactory - Creating shared instance of singleton bean 'ppc'
14:24:49.978 [Test worker] DEBUG o.s.c.s.GenericApplicationContext - Closing org.springframework.context.support.GenericApplicationContext@ac837e2, started on Sat Dec 12 14:24:49 CST 2020
]]></system-out>
  <system-err><![CDATA[]]></system-err>
</testsuite>
