<?xml version="1.0" encoding="UTF-8"?>
<testsuite name="org.springframework.aop.config.AopNamespaceHandlerScopeIntegrationTests" tests="3" skipped="0" failures="0" errors="0" timestamp="2020-12-12T06:24:42" hostname="DESKTOP-TMNPDT1" time="0.765">
  <properties/>
  <testcase name="testSessionScoping()" classname="org.springframework.aop.config.AopNamespaceHandlerScopeIntegrationTests" time="0.048"/>
  <testcase name="testRequestScoping()" classname="org.springframework.aop.config.AopNamespaceHandlerScopeIntegrationTests" time="0.256"/>
  <testcase name="testSingletonScoping()" classname="org.springframework.aop.config.AopNamespaceHandlerScopeIntegrationTests" time="0.437"/>
  <system-out><![CDATA[14:24:41.531 [Test worker] DEBUG o.s.t.c.BootstrapUtils - Instantiating CacheAwareContextLoaderDelegate from class [org.springframework.test.context.cache.DefaultCacheAwareContextLoaderDelegate]
14:24:41.532 [Test worker] DEBUG o.s.t.c.BootstrapUtils - Instantiating BootstrapContext using constructor [public org.springframework.test.context.support.DefaultBootstrapContext(java.lang.Class,org.springframework.test.context.CacheAwareContextLoaderDelegate)]
14:24:41.537 [Test worker] DEBUG o.s.t.c.BootstrapUtils - Instantiating TestContextBootstrapper for test class [org.springframework.aop.config.AopNamespaceHandlerScopeIntegrationTests] from class [org.springframework.test.context.web.WebTestContextBootstrapper]
14:24:41.550 [Test worker] DEBUG o.s.t.c.s.AbstractDelegatingSmartContextLoader - Delegating to GenericXmlWebContextLoader to process context configuration [ContextConfigurationAttributes@443af4ee declaringClass = 'org.springframework.aop.config.AopNamespaceHandlerScopeIntegrationTests', classes = '{}', locations = '{}', inheritLocations = true, initializers = '{}', inheritInitializers = true, name = [null], contextLoaderClass = 'org.springframework.test.context.ContextLoader'].
14:24:41.647 [Test worker] INFO  o.s.t.c.s.AbstractContextLoader - Detected default resource location "classpath:org/springframework/aop/config/AopNamespaceHandlerScopeIntegrationTests-context.xml" for test class [org.springframework.aop.config.AopNamespaceHandlerScopeIntegrationTests]
14:24:41.648 [Test worker] INFO  o.s.t.c.s.AbstractDelegatingSmartContextLoader - GenericXmlWebContextLoader detected default locations for context configuration [ContextConfigurationAttributes@443af4ee declaringClass = 'org.springframework.aop.config.AopNamespaceHandlerScopeIntegrationTests', classes = '{}', locations = '{classpath:org/springframework/aop/config/AopNamespaceHandlerScopeIntegrationTests-context.xml}', inheritLocations = true, initializers = '{}', inheritInitializers = true, name = [null], contextLoaderClass = 'org.springframework.test.context.ContextLoader'].
14:24:41.651 [Test worker] DEBUG o.s.t.c.s.AbstractDelegatingSmartContextLoader - Delegating to AnnotationConfigWebContextLoader to process context configuration [ContextConfigurationAttributes@443af4ee declaringClass = 'org.springframework.aop.config.AopNamespaceHandlerScopeIntegrationTests', classes = '{}', locations = '{classpath:org/springframework/aop/config/AopNamespaceHandlerScopeIntegrationTests-context.xml}', inheritLocations = true, initializers = '{}', inheritInitializers = true, name = [null], contextLoaderClass = 'org.springframework.test.context.ContextLoader'].
14:24:41.653 [Test worker] INFO  o.s.t.c.s.AnnotationConfigContextLoaderUtils - Could not detect default configuration classes for test class [org.springframework.aop.config.AopNamespaceHandlerScopeIntegrationTests]: AopNamespaceHandlerScopeIntegrationTests does not declare any static, non-private, non-final, nested classes annotated with @Configuration.
14:24:41.659 [Test worker] DEBUG o.s.t.c.s.ActiveProfilesUtils - Could not find an 'annotation declaring class' for annotation type [org.springframework.test.context.ActiveProfiles] and class [org.springframework.aop.config.AopNamespaceHandlerScopeIntegrationTests]
14:24:41.662 [Test worker] DEBUG o.s.t.c.w.WebTestContextBootstrapper - @TestExecutionListeners is not present for class [org.springframework.aop.config.AopNamespaceHandlerScopeIntegrationTests]: using defaults.
14:24:41.664 [Test worker] INFO  o.s.t.c.w.WebTestContextBootstrapper - Loaded default TestExecutionListener class names from location [META-INF/spring.factories]: [org.springframework.test.context.web.ServletTestExecutionListener, org.springframework.test.context.support.DirtiesContextBeforeModesTestExecutionListener, org.springframework.test.context.support.DependencyInjectionTestExecutionListener, org.springframework.test.context.support.DirtiesContextTestExecutionListener, org.springframework.test.context.transaction.TransactionalTestExecutionListener, org.springframework.test.context.jdbc.SqlScriptsTestExecutionListener, org.springframework.test.context.event.EventPublishingTestExecutionListener]
14:24:41.664 [Test worker] INFO  o.s.t.c.w.WebTestContextBootstrapper - Using TestExecutionListeners: [org.springframework.test.context.web.ServletTestExecutionListener@1918f9e2, org.springframework.test.context.support.DirtiesContextBeforeModesTestExecutionListener@69866e5d, org.springframework.test.context.support.DependencyInjectionTestExecutionListener@7a244a3e, org.springframework.test.context.support.DirtiesContextTestExecutionListener@1f2c3d90, org.springframework.test.context.transaction.TransactionalTestExecutionListener@41a5107e, org.springframework.test.context.jdbc.SqlScriptsTestExecutionListener@1b0b7a91, org.springframework.test.context.event.EventPublishingTestExecutionListener@43a6a674]
14:24:41.665 [Test worker] DEBUG o.s.t.c.s.AbstractDirtiesContextTestExecutionListener - Before test class: context [DefaultTestContext@3d98d32d testClass = AopNamespaceHandlerScopeIntegrationTests, testInstance = [null], testMethod = [null], testException = [null], mergedContextConfiguration = [WebMergedContextConfiguration@54570200 testClass = AopNamespaceHandlerScopeIntegrationTests, locations = '{classpath:org/springframework/aop/config/AopNamespaceHandlerScopeIntegrationTests-context.xml}', classes = '{}', contextInitializerClasses = '[]', activeProfiles = '{}', propertySourceLocations = '{}', propertySourceProperties = '{}', contextCustomizers = set[[empty]], resourceBasePath = 'src/main/webapp', contextLoader = 'org.springframework.test.context.web.WebDelegatingSmartContextLoader', parent = [null]], attributes = map[[empty]]], class annotated with @DirtiesContext [false] with mode [null].
14:24:41.666 [Test worker] DEBUG o.s.t.c.s.AbstractDelegatingSmartContextLoader - Delegating to GenericXmlWebContextLoader to load context from [WebMergedContextConfiguration@54570200 testClass = AopNamespaceHandlerScopeIntegrationTests, locations = '{classpath:org/springframework/aop/config/AopNamespaceHandlerScopeIntegrationTests-context.xml}', classes = '{}', contextInitializerClasses = '[]', activeProfiles = '{}', propertySourceLocations = '{}', propertySourceProperties = '{}', contextCustomizers = set[[empty]], resourceBasePath = 'src/main/webapp', contextLoader = 'org.springframework.test.context.web.WebDelegatingSmartContextLoader', parent = [null]].
14:24:41.667 [Test worker] DEBUG o.s.t.c.w.AbstractGenericWebContextLoader - Loading WebApplicationContext for merged context configuration [WebMergedContextConfiguration@54570200 testClass = AopNamespaceHandlerScopeIntegrationTests, locations = '{classpath:org/springframework/aop/config/AopNamespaceHandlerScopeIntegrationTests-context.xml}', classes = '{}', contextInitializerClasses = '[]', activeProfiles = '{}', propertySourceLocations = '{}', propertySourceProperties = '{}', contextCustomizers = set[[empty]], resourceBasePath = 'src/main/webapp', contextLoader = 'org.springframework.test.context.web.WebDelegatingSmartContextLoader', parent = [null]].
14:24:41.691 [Test worker] DEBUG o.s.w.c.s.StandardServletEnvironment - Activating profiles []
14:24:41.967 [Test worker] DEBUG o.s.b.f.x.XmlBeanDefinitionReader - Loaded 10 bean definitions from class path resource [org/springframework/aop/config/AopNamespaceHandlerScopeIntegrationTests-context.xml]
14:24:41.968 [Test worker] DEBUG o.s.w.c.s.GenericWebApplicationContext - Refreshing org.springframework.web.context.support.GenericWebApplicationContext@20c850c2
14:24:41.987 [Test worker] DEBUG o.s.b.f.s.DefaultListableBeanFactory - Creating shared instance of singleton bean 'org.springframework.context.annotation.internalConfigurationAnnotationProcessor'
14:24:41.991 [Test worker] DEBUG o.s.b.f.s.DefaultListableBeanFactory - Creating shared instance of singleton bean 'org.springframework.context.event.internalEventListenerProcessor'
14:24:41.992 [Test worker] DEBUG o.s.b.f.s.DefaultListableBeanFactory - Creating shared instance of singleton bean 'org.springframework.context.event.internalEventListenerFactory'
14:24:41.992 [Test worker] DEBUG o.s.b.f.s.DefaultListableBeanFactory - Creating shared instance of singleton bean 'org.springframework.context.annotation.internalAutowiredAnnotationProcessor'
14:24:41.993 [Test worker] DEBUG o.s.b.f.s.DefaultListableBeanFactory - Creating shared instance of singleton bean 'org.springframework.context.annotation.internalCommonAnnotationProcessor'
14:24:41.993 [Test worker] DEBUG o.s.b.f.s.DefaultListableBeanFactory - Creating shared instance of singleton bean 'org.springframework.context.annotation.internalPersistenceAnnotationProcessor'
14:24:41.993 [Test worker] DEBUG o.s.b.f.s.DefaultListableBeanFactory - Creating shared instance of singleton bean 'org.springframework.aop.config.internalAutoProxyCreator'
14:24:42.028 [Test worker] DEBUG o.s.u.c.s.UiApplicationContextUtils - Unable to locate ThemeSource with name 'themeSource': using default [org.springframework.ui.context.support.ResourceBundleThemeSource@59ccf392]
14:24:42.032 [Test worker] DEBUG o.s.b.f.s.DefaultListableBeanFactory - Creating shared instance of singleton bean 'org.springframework.aop.support.DefaultBeanFactoryPointcutAdvisor#0'
14:24:42.048 [Test worker] DEBUG o.s.b.f.s.DefaultListableBeanFactory - Creating shared instance of singleton bean 'advice'
14:24:42.049 [Test worker] DEBUG o.s.b.f.s.DefaultListableBeanFactory - Creating shared instance of singleton bean 'testBean'
14:24:42.108 [Test worker] DEBUG o.s.b.f.s.DefaultListableBeanFactory - Creating shared instance of singleton bean 'scopedTarget.singletonScoped'
14:24:42.294 [Test worker] DEBUG o.s.b.f.s.DefaultListableBeanFactory - Creating shared instance of singleton bean 'singletonScoped'
14:24:42.387 [Test worker] DEBUG o.s.b.f.s.DefaultListableBeanFactory - Creating shared instance of singleton bean 'requestScoped'
14:24:42.417 [Test worker] DEBUG o.s.b.f.s.DefaultListableBeanFactory - Creating shared instance of singleton bean 'sessionScoped'
14:24:42.426 [Test worker] DEBUG o.s.t.c.c.DefaultCacheAwareContextLoaderDelegate - Storing ApplicationContext [549998786] in cache under key [[WebMergedContextConfiguration@54570200 testClass = AopNamespaceHandlerScopeIntegrationTests, locations = '{classpath:org/springframework/aop/config/AopNamespaceHandlerScopeIntegrationTests-context.xml}', classes = '{}', contextInitializerClasses = '[]', activeProfiles = '{}', propertySourceLocations = '{}', propertySourceProperties = '{}', contextCustomizers = set[[empty]], resourceBasePath = 'src/main/webapp', contextLoader = 'org.springframework.test.context.web.WebDelegatingSmartContextLoader', parent = [null]]]
14:24:42.427 [Test worker] DEBUG o.s.t.c.cache - Spring test ApplicationContext cache statistics: [DefaultContextCache@12587176 size = 1, maxSize = 32, parentContextCount = 0, hitCount = 16, missCount = 3]
14:24:42.429 [Test worker] DEBUG o.s.t.c.w.ServletTestExecutionListener - Setting up MockHttpServletRequest, MockHttpServletResponse, ServletWebRequest, and RequestContextHolder for test context [DefaultTestContext@3d98d32d testClass = AopNamespaceHandlerScopeIntegrationTests, testInstance = org.springframework.aop.config.AopNamespaceHandlerScopeIntegrationTests@47fdce35, testMethod = [null], testException = [null], mergedContextConfiguration = [WebMergedContextConfiguration@54570200 testClass = AopNamespaceHandlerScopeIntegrationTests, locations = '{classpath:org/springframework/aop/config/AopNamespaceHandlerScopeIntegrationTests-context.xml}', classes = '{}', contextInitializerClasses = '[]', activeProfiles = '{}', propertySourceLocations = '{}', propertySourceProperties = '{}', contextCustomizers = set[[empty]], resourceBasePath = 'src/main/webapp', contextLoader = 'org.springframework.test.context.web.WebDelegatingSmartContextLoader', parent = [null]], attributes = map[[empty]]].
14:24:42.490 [Test worker] DEBUG o.s.t.c.s.DependencyInjectionTestExecutionListener - Performing dependency injection for test context [[DefaultTestContext@3d98d32d testClass = AopNamespaceHandlerScopeIntegrationTests, testInstance = org.springframework.aop.config.AopNamespaceHandlerScopeIntegrationTests@47fdce35, testMethod = [null], testException = [null], mergedContextConfiguration = [WebMergedContextConfiguration@54570200 testClass = AopNamespaceHandlerScopeIntegrationTests, locations = '{classpath:org/springframework/aop/config/AopNamespaceHandlerScopeIntegrationTests-context.xml}', classes = '{}', contextInitializerClasses = '[]', activeProfiles = '{}', propertySourceLocations = '{}', propertySourceProperties = '{}', contextCustomizers = set[[empty]], resourceBasePath = 'src/main/webapp', contextLoader = 'org.springframework.test.context.web.WebDelegatingSmartContextLoader', parent = [null]], attributes = map['org.springframework.test.context.web.ServletTestExecutionListener.populatedRequestContextHolder' -> true, 'org.springframework.test.context.web.ServletTestExecutionListener.resetRequestContextHolder' -> true]]].
14:24:42.492 [Test worker] DEBUG o.s.t.c.c.DefaultCacheAwareContextLoaderDelegate - Retrieved ApplicationContext [549998786] from cache with key [[WebMergedContextConfiguration@54570200 testClass = AopNamespaceHandlerScopeIntegrationTests, locations = '{classpath:org/springframework/aop/config/AopNamespaceHandlerScopeIntegrationTests-context.xml}', classes = '{}', contextInitializerClasses = '[]', activeProfiles = '{}', propertySourceLocations = '{}', propertySourceProperties = '{}', contextCustomizers = set[[empty]], resourceBasePath = 'src/main/webapp', contextLoader = 'org.springframework.test.context.web.WebDelegatingSmartContextLoader', parent = [null]]]
14:24:42.493 [Test worker] DEBUG o.s.t.c.cache - Spring test ApplicationContext cache statistics: [DefaultContextCache@12587176 size = 1, maxSize = 32, parentContextCount = 0, hitCount = 17, missCount = 3]
14:24:42.507 [Test worker] DEBUG o.s.t.c.c.DefaultCacheAwareContextLoaderDelegate - Retrieved ApplicationContext [549998786] from cache with key [[WebMergedContextConfiguration@54570200 testClass = AopNamespaceHandlerScopeIntegrationTests, locations = '{classpath:org/springframework/aop/config/AopNamespaceHandlerScopeIntegrationTests-context.xml}', classes = '{}', contextInitializerClasses = '[]', activeProfiles = '{}', propertySourceLocations = '{}', propertySourceProperties = '{}', contextCustomizers = set[[empty]], resourceBasePath = 'src/main/webapp', contextLoader = 'org.springframework.test.context.web.WebDelegatingSmartContextLoader', parent = [null]]]
14:24:42.508 [Test worker] DEBUG o.s.t.c.cache - Spring test ApplicationContext cache statistics: [DefaultContextCache@12587176 size = 1, maxSize = 32, parentContextCount = 0, hitCount = 18, missCount = 3]
14:24:42.511 [Test worker] DEBUG o.s.t.c.s.AbstractDirtiesContextTestExecutionListener - Before test method: context [DefaultTestContext@3d98d32d testClass = AopNamespaceHandlerScopeIntegrationTests, testInstance = org.springframework.aop.config.AopNamespaceHandlerScopeIntegrationTests@47fdce35, testMethod = testSessionScoping@AopNamespaceHandlerScopeIntegrationTests, testException = [null], mergedContextConfiguration = [WebMergedContextConfiguration@54570200 testClass = AopNamespaceHandlerScopeIntegrationTests, locations = '{classpath:org/springframework/aop/config/AopNamespaceHandlerScopeIntegrationTests-context.xml}', classes = '{}', contextInitializerClasses = '[]', activeProfiles = '{}', propertySourceLocations = '{}', propertySourceProperties = '{}', contextCustomizers = set[[empty]], resourceBasePath = 'src/main/webapp', contextLoader = 'org.springframework.test.context.web.WebDelegatingSmartContextLoader', parent = [null]], attributes = map['org.springframework.test.context.web.ServletTestExecutionListener.populatedRequestContextHolder' -> true, 'org.springframework.test.context.web.ServletTestExecutionListener.resetRequestContextHolder' -> true]], class annotated with @DirtiesContext [false] with mode [null], method annotated with @DirtiesContext [false] with mode [null].
14:24:42.513 [Test worker] DEBUG o.s.t.c.c.DefaultCacheAwareContextLoaderDelegate - Retrieved ApplicationContext [549998786] from cache with key [[WebMergedContextConfiguration@54570200 testClass = AopNamespaceHandlerScopeIntegrationTests, locations = '{classpath:org/springframework/aop/config/AopNamespaceHandlerScopeIntegrationTests-context.xml}', classes = '{}', contextInitializerClasses = '[]', activeProfiles = '{}', propertySourceLocations = '{}', propertySourceProperties = '{}', contextCustomizers = set[[empty]], resourceBasePath = 'src/main/webapp', contextLoader = 'org.springframework.test.context.web.WebDelegatingSmartContextLoader', parent = [null]]]
14:24:42.513 [Test worker] DEBUG o.s.t.c.cache - Spring test ApplicationContext cache statistics: [DefaultContextCache@12587176 size = 1, maxSize = 32, parentContextCount = 0, hitCount = 19, missCount = 3]
14:24:42.514 [Test worker] DEBUG o.s.t.c.c.DefaultCacheAwareContextLoaderDelegate - Retrieved ApplicationContext [549998786] from cache with key [[WebMergedContextConfiguration@54570200 testClass = AopNamespaceHandlerScopeIntegrationTests, locations = '{classpath:org/springframework/aop/config/AopNamespaceHandlerScopeIntegrationTests-context.xml}', classes = '{}', contextInitializerClasses = '[]', activeProfiles = '{}', propertySourceLocations = '{}', propertySourceProperties = '{}', contextCustomizers = set[[empty]], resourceBasePath = 'src/main/webapp', contextLoader = 'org.springframework.test.context.web.WebDelegatingSmartContextLoader', parent = [null]]]
14:24:42.514 [Test worker] DEBUG o.s.t.c.cache - Spring test ApplicationContext cache statistics: [DefaultContextCache@12587176 size = 1, maxSize = 32, parentContextCount = 0, hitCount = 20, missCount = 3]
14:24:42.554 [Test worker] DEBUG o.s.t.c.c.DefaultCacheAwareContextLoaderDelegate - Retrieved ApplicationContext [549998786] from cache with key [[WebMergedContextConfiguration@54570200 testClass = AopNamespaceHandlerScopeIntegrationTests, locations = '{classpath:org/springframework/aop/config/AopNamespaceHandlerScopeIntegrationTests-context.xml}', classes = '{}', contextInitializerClasses = '[]', activeProfiles = '{}', propertySourceLocations = '{}', propertySourceProperties = '{}', contextCustomizers = set[[empty]], resourceBasePath = 'src/main/webapp', contextLoader = 'org.springframework.test.context.web.WebDelegatingSmartContextLoader', parent = [null]]]
14:24:42.555 [Test worker] DEBUG o.s.t.c.cache - Spring test ApplicationContext cache statistics: [DefaultContextCache@12587176 size = 1, maxSize = 32, parentContextCount = 0, hitCount = 21, missCount = 3]
14:24:42.555 [Test worker] DEBUG o.s.t.c.c.DefaultCacheAwareContextLoaderDelegate - Retrieved ApplicationContext [549998786] from cache with key [[WebMergedContextConfiguration@54570200 testClass = AopNamespaceHandlerScopeIntegrationTests, locations = '{classpath:org/springframework/aop/config/AopNamespaceHandlerScopeIntegrationTests-context.xml}', classes = '{}', contextInitializerClasses = '[]', activeProfiles = '{}', propertySourceLocations = '{}', propertySourceProperties = '{}', contextCustomizers = set[[empty]], resourceBasePath = 'src/main/webapp', contextLoader = 'org.springframework.test.context.web.WebDelegatingSmartContextLoader', parent = [null]]]
14:24:42.556 [Test worker] DEBUG o.s.t.c.cache - Spring test ApplicationContext cache statistics: [DefaultContextCache@12587176 size = 1, maxSize = 32, parentContextCount = 0, hitCount = 22, missCount = 3]
14:24:42.556 [Test worker] DEBUG o.s.t.c.s.AbstractDirtiesContextTestExecutionListener - After test method: context [DefaultTestContext@3d98d32d testClass = AopNamespaceHandlerScopeIntegrationTests, testInstance = org.springframework.aop.config.AopNamespaceHandlerScopeIntegrationTests@47fdce35, testMethod = testSessionScoping@AopNamespaceHandlerScopeIntegrationTests, testException = [null], mergedContextConfiguration = [WebMergedContextConfiguration@54570200 testClass = AopNamespaceHandlerScopeIntegrationTests, locations = '{classpath:org/springframework/aop/config/AopNamespaceHandlerScopeIntegrationTests-context.xml}', classes = '{}', contextInitializerClasses = '[]', activeProfiles = '{}', propertySourceLocations = '{}', propertySourceProperties = '{}', contextCustomizers = set[[empty]], resourceBasePath = 'src/main/webapp', contextLoader = 'org.springframework.test.context.web.WebDelegatingSmartContextLoader', parent = [null]], attributes = map['org.springframework.test.context.web.ServletTestExecutionListener.populatedRequestContextHolder' -> true, 'org.springframework.test.context.web.ServletTestExecutionListener.resetRequestContextHolder' -> true]], class annotated with @DirtiesContext [false] with mode [null], method annotated with @DirtiesContext [false] with mode [null].
14:24:42.557 [Test worker] DEBUG o.s.t.c.w.ServletTestExecutionListener - Resetting RequestContextHolder for test context [DefaultTestContext@3d98d32d testClass = AopNamespaceHandlerScopeIntegrationTests, testInstance = org.springframework.aop.config.AopNamespaceHandlerScopeIntegrationTests@47fdce35, testMethod = testSessionScoping@AopNamespaceHandlerScopeIntegrationTests, testException = [null], mergedContextConfiguration = [WebMergedContextConfiguration@54570200 testClass = AopNamespaceHandlerScopeIntegrationTests, locations = '{classpath:org/springframework/aop/config/AopNamespaceHandlerScopeIntegrationTests-context.xml}', classes = '{}', contextInitializerClasses = '[]', activeProfiles = '{}', propertySourceLocations = '{}', propertySourceProperties = '{}', contextCustomizers = set[[empty]], resourceBasePath = 'src/main/webapp', contextLoader = 'org.springframework.test.context.web.WebDelegatingSmartContextLoader', parent = [null]], attributes = map['org.springframework.test.context.web.ServletTestExecutionListener.populatedRequestContextHolder' -> true, 'org.springframework.test.context.web.ServletTestExecutionListener.resetRequestContextHolder' -> true]].
14:24:42.558 [Test worker] DEBUG o.s.t.c.c.DefaultCacheAwareContextLoaderDelegate - Retrieved ApplicationContext [549998786] from cache with key [[WebMergedContextConfiguration@54570200 testClass = AopNamespaceHandlerScopeIntegrationTests, locations = '{classpath:org/springframework/aop/config/AopNamespaceHandlerScopeIntegrationTests-context.xml}', classes = '{}', contextInitializerClasses = '[]', activeProfiles = '{}', propertySourceLocations = '{}', propertySourceProperties = '{}', contextCustomizers = set[[empty]], resourceBasePath = 'src/main/webapp', contextLoader = 'org.springframework.test.context.web.WebDelegatingSmartContextLoader', parent = [null]]]
14:24:42.558 [Test worker] DEBUG o.s.t.c.cache - Spring test ApplicationContext cache statistics: [DefaultContextCache@12587176 size = 1, maxSize = 32, parentContextCount = 0, hitCount = 23, missCount = 3]
14:24:42.559 [Test worker] DEBUG o.s.t.c.w.ServletTestExecutionListener - Setting up MockHttpServletRequest, MockHttpServletResponse, ServletWebRequest, and RequestContextHolder for test context [DefaultTestContext@3d98d32d testClass = AopNamespaceHandlerScopeIntegrationTests, testInstance = org.springframework.aop.config.AopNamespaceHandlerScopeIntegrationTests@4567face, testMethod = [null], testException = [null], mergedContextConfiguration = [WebMergedContextConfiguration@54570200 testClass = AopNamespaceHandlerScopeIntegrationTests, locations = '{classpath:org/springframework/aop/config/AopNamespaceHandlerScopeIntegrationTests-context.xml}', classes = '{}', contextInitializerClasses = '[]', activeProfiles = '{}', propertySourceLocations = '{}', propertySourceProperties = '{}', contextCustomizers = set[[empty]], resourceBasePath = 'src/main/webapp', contextLoader = 'org.springframework.test.context.web.WebDelegatingSmartContextLoader', parent = [null]], attributes = map['org.springframework.test.context.support.DependencyInjectionTestExecutionListener.reinjectDependencies' -> true]].
14:24:42.559 [Test worker] DEBUG o.s.t.c.s.DependencyInjectionTestExecutionListener - Performing dependency injection for test context [[DefaultTestContext@3d98d32d testClass = AopNamespaceHandlerScopeIntegrationTests, testInstance = org.springframework.aop.config.AopNamespaceHandlerScopeIntegrationTests@4567face, testMethod = [null], testException = [null], mergedContextConfiguration = [WebMergedContextConfiguration@54570200 testClass = AopNamespaceHandlerScopeIntegrationTests, locations = '{classpath:org/springframework/aop/config/AopNamespaceHandlerScopeIntegrationTests-context.xml}', classes = '{}', contextInitializerClasses = '[]', activeProfiles = '{}', propertySourceLocations = '{}', propertySourceProperties = '{}', contextCustomizers = set[[empty]], resourceBasePath = 'src/main/webapp', contextLoader = 'org.springframework.test.context.web.WebDelegatingSmartContextLoader', parent = [null]], attributes = map['org.springframework.test.context.web.ServletTestExecutionListener.populatedRequestContextHolder' -> true, 'org.springframework.test.context.web.ServletTestExecutionListener.resetRequestContextHolder' -> true, 'org.springframework.test.context.support.DependencyInjectionTestExecutionListener.reinjectDependencies' -> true]]].
14:24:42.559 [Test worker] DEBUG o.s.t.c.c.DefaultCacheAwareContextLoaderDelegate - Retrieved ApplicationContext [549998786] from cache with key [[WebMergedContextConfiguration@54570200 testClass = AopNamespaceHandlerScopeIntegrationTests, locations = '{classpath:org/springframework/aop/config/AopNamespaceHandlerScopeIntegrationTests-context.xml}', classes = '{}', contextInitializerClasses = '[]', activeProfiles = '{}', propertySourceLocations = '{}', propertySourceProperties = '{}', contextCustomizers = set[[empty]], resourceBasePath = 'src/main/webapp', contextLoader = 'org.springframework.test.context.web.WebDelegatingSmartContextLoader', parent = [null]]]
14:24:42.559 [Test worker] DEBUG o.s.t.c.cache - Spring test ApplicationContext cache statistics: [DefaultContextCache@12587176 size = 1, maxSize = 32, parentContextCount = 0, hitCount = 24, missCount = 3]
14:24:42.560 [Test worker] DEBUG o.s.t.c.c.DefaultCacheAwareContextLoaderDelegate - Retrieved ApplicationContext [549998786] from cache with key [[WebMergedContextConfiguration@54570200 testClass = AopNamespaceHandlerScopeIntegrationTests, locations = '{classpath:org/springframework/aop/config/AopNamespaceHandlerScopeIntegrationTests-context.xml}', classes = '{}', contextInitializerClasses = '[]', activeProfiles = '{}', propertySourceLocations = '{}', propertySourceProperties = '{}', contextCustomizers = set[[empty]], resourceBasePath = 'src/main/webapp', contextLoader = 'org.springframework.test.context.web.WebDelegatingSmartContextLoader', parent = [null]]]
14:24:42.560 [Test worker] DEBUG o.s.t.c.cache - Spring test ApplicationContext cache statistics: [DefaultContextCache@12587176 size = 1, maxSize = 32, parentContextCount = 0, hitCount = 25, missCount = 3]
14:24:42.564 [Test worker] DEBUG o.s.t.c.s.AbstractDirtiesContextTestExecutionListener - Before test method: context [DefaultTestContext@3d98d32d testClass = AopNamespaceHandlerScopeIntegrationTests, testInstance = org.springframework.aop.config.AopNamespaceHandlerScopeIntegrationTests@4567face, testMethod = testRequestScoping@AopNamespaceHandlerScopeIntegrationTests, testException = [null], mergedContextConfiguration = [WebMergedContextConfiguration@54570200 testClass = AopNamespaceHandlerScopeIntegrationTests, locations = '{classpath:org/springframework/aop/config/AopNamespaceHandlerScopeIntegrationTests-context.xml}', classes = '{}', contextInitializerClasses = '[]', activeProfiles = '{}', propertySourceLocations = '{}', propertySourceProperties = '{}', contextCustomizers = set[[empty]], resourceBasePath = 'src/main/webapp', contextLoader = 'org.springframework.test.context.web.WebDelegatingSmartContextLoader', parent = [null]], attributes = map['org.springframework.test.context.web.ServletTestExecutionListener.populatedRequestContextHolder' -> true, 'org.springframework.test.context.web.ServletTestExecutionListener.resetRequestContextHolder' -> true]], class annotated with @DirtiesContext [false] with mode [null], method annotated with @DirtiesContext [false] with mode [null].
14:24:42.565 [Test worker] DEBUG o.s.t.c.c.DefaultCacheAwareContextLoaderDelegate - Retrieved ApplicationContext [549998786] from cache with key [[WebMergedContextConfiguration@54570200 testClass = AopNamespaceHandlerScopeIntegrationTests, locations = '{classpath:org/springframework/aop/config/AopNamespaceHandlerScopeIntegrationTests-context.xml}', classes = '{}', contextInitializerClasses = '[]', activeProfiles = '{}', propertySourceLocations = '{}', propertySourceProperties = '{}', contextCustomizers = set[[empty]], resourceBasePath = 'src/main/webapp', contextLoader = 'org.springframework.test.context.web.WebDelegatingSmartContextLoader', parent = [null]]]
14:24:42.566 [Test worker] DEBUG o.s.t.c.cache - Spring test ApplicationContext cache statistics: [DefaultContextCache@12587176 size = 1, maxSize = 32, parentContextCount = 0, hitCount = 26, missCount = 3]
14:24:42.566 [Test worker] DEBUG o.s.t.c.c.DefaultCacheAwareContextLoaderDelegate - Retrieved ApplicationContext [549998786] from cache with key [[WebMergedContextConfiguration@54570200 testClass = AopNamespaceHandlerScopeIntegrationTests, locations = '{classpath:org/springframework/aop/config/AopNamespaceHandlerScopeIntegrationTests-context.xml}', classes = '{}', contextInitializerClasses = '[]', activeProfiles = '{}', propertySourceLocations = '{}', propertySourceProperties = '{}', contextCustomizers = set[[empty]], resourceBasePath = 'src/main/webapp', contextLoader = 'org.springframework.test.context.web.WebDelegatingSmartContextLoader', parent = [null]]]
14:24:42.567 [Test worker] DEBUG o.s.t.c.cache - Spring test ApplicationContext cache statistics: [DefaultContextCache@12587176 size = 1, maxSize = 32, parentContextCount = 0, hitCount = 27, missCount = 3]
14:24:42.722 [Test worker] DEBUG o.s.t.c.c.DefaultCacheAwareContextLoaderDelegate - Retrieved ApplicationContext [549998786] from cache with key [[WebMergedContextConfiguration@54570200 testClass = AopNamespaceHandlerScopeIntegrationTests, locations = '{classpath:org/springframework/aop/config/AopNamespaceHandlerScopeIntegrationTests-context.xml}', classes = '{}', contextInitializerClasses = '[]', activeProfiles = '{}', propertySourceLocations = '{}', propertySourceProperties = '{}', contextCustomizers = set[[empty]], resourceBasePath = 'src/main/webapp', contextLoader = 'org.springframework.test.context.web.WebDelegatingSmartContextLoader', parent = [null]]]
14:24:42.724 [Test worker] DEBUG o.s.t.c.cache - Spring test ApplicationContext cache statistics: [DefaultContextCache@12587176 size = 1, maxSize = 32, parentContextCount = 0, hitCount = 28, missCount = 3]
14:24:42.816 [Test worker] DEBUG o.s.t.c.c.DefaultCacheAwareContextLoaderDelegate - Retrieved ApplicationContext [549998786] from cache with key [[WebMergedContextConfiguration@54570200 testClass = AopNamespaceHandlerScopeIntegrationTests, locations = '{classpath:org/springframework/aop/config/AopNamespaceHandlerScopeIntegrationTests-context.xml}', classes = '{}', contextInitializerClasses = '[]', activeProfiles = '{}', propertySourceLocations = '{}', propertySourceProperties = '{}', contextCustomizers = set[[empty]], resourceBasePath = 'src/main/webapp', contextLoader = 'org.springframework.test.context.web.WebDelegatingSmartContextLoader', parent = [null]]]
14:24:42.816 [Test worker] DEBUG o.s.t.c.cache - Spring test ApplicationContext cache statistics: [DefaultContextCache@12587176 size = 1, maxSize = 32, parentContextCount = 0, hitCount = 29, missCount = 3]
14:24:42.818 [Test worker] DEBUG o.s.t.c.s.AbstractDirtiesContextTestExecutionListener - After test method: context [DefaultTestContext@3d98d32d testClass = AopNamespaceHandlerScopeIntegrationTests, testInstance = org.springframework.aop.config.AopNamespaceHandlerScopeIntegrationTests@4567face, testMethod = testRequestScoping@AopNamespaceHandlerScopeIntegrationTests, testException = [null], mergedContextConfiguration = [WebMergedContextConfiguration@54570200 testClass = AopNamespaceHandlerScopeIntegrationTests, locations = '{classpath:org/springframework/aop/config/AopNamespaceHandlerScopeIntegrationTests-context.xml}', classes = '{}', contextInitializerClasses = '[]', activeProfiles = '{}', propertySourceLocations = '{}', propertySourceProperties = '{}', contextCustomizers = set[[empty]], resourceBasePath = 'src/main/webapp', contextLoader = 'org.springframework.test.context.web.WebDelegatingSmartContextLoader', parent = [null]], attributes = map['org.springframework.test.context.web.ServletTestExecutionListener.populatedRequestContextHolder' -> true, 'org.springframework.test.context.web.ServletTestExecutionListener.resetRequestContextHolder' -> true]], class annotated with @DirtiesContext [false] with mode [null], method annotated with @DirtiesContext [false] with mode [null].
14:24:42.819 [Test worker] DEBUG o.s.t.c.w.ServletTestExecutionListener - Resetting RequestContextHolder for test context [DefaultTestContext@3d98d32d testClass = AopNamespaceHandlerScopeIntegrationTests, testInstance = org.springframework.aop.config.AopNamespaceHandlerScopeIntegrationTests@4567face, testMethod = testRequestScoping@AopNamespaceHandlerScopeIntegrationTests, testException = [null], mergedContextConfiguration = [WebMergedContextConfiguration@54570200 testClass = AopNamespaceHandlerScopeIntegrationTests, locations = '{classpath:org/springframework/aop/config/AopNamespaceHandlerScopeIntegrationTests-context.xml}', classes = '{}', contextInitializerClasses = '[]', activeProfiles = '{}', propertySourceLocations = '{}', propertySourceProperties = '{}', contextCustomizers = set[[empty]], resourceBasePath = 'src/main/webapp', contextLoader = 'org.springframework.test.context.web.WebDelegatingSmartContextLoader', parent = [null]], attributes = map['org.springframework.test.context.web.ServletTestExecutionListener.populatedRequestContextHolder' -> true, 'org.springframework.test.context.web.ServletTestExecutionListener.resetRequestContextHolder' -> true]].
14:24:42.821 [Test worker] DEBUG o.s.t.c.c.DefaultCacheAwareContextLoaderDelegate - Retrieved ApplicationContext [549998786] from cache with key [[WebMergedContextConfiguration@54570200 testClass = AopNamespaceHandlerScopeIntegrationTests, locations = '{classpath:org/springframework/aop/config/AopNamespaceHandlerScopeIntegrationTests-context.xml}', classes = '{}', contextInitializerClasses = '[]', activeProfiles = '{}', propertySourceLocations = '{}', propertySourceProperties = '{}', contextCustomizers = set[[empty]], resourceBasePath = 'src/main/webapp', contextLoader = 'org.springframework.test.context.web.WebDelegatingSmartContextLoader', parent = [null]]]
14:24:42.822 [Test worker] DEBUG o.s.t.c.cache - Spring test ApplicationContext cache statistics: [DefaultContextCache@12587176 size = 1, maxSize = 32, parentContextCount = 0, hitCount = 30, missCount = 3]
14:24:42.828 [Test worker] DEBUG o.s.t.c.w.ServletTestExecutionListener - Setting up MockHttpServletRequest, MockHttpServletResponse, ServletWebRequest, and RequestContextHolder for test context [DefaultTestContext@3d98d32d testClass = AopNamespaceHandlerScopeIntegrationTests, testInstance = org.springframework.aop.config.AopNamespaceHandlerScopeIntegrationTests@651ab8e2, testMethod = [null], testException = [null], mergedContextConfiguration = [WebMergedContextConfiguration@54570200 testClass = AopNamespaceHandlerScopeIntegrationTests, locations = '{classpath:org/springframework/aop/config/AopNamespaceHandlerScopeIntegrationTests-context.xml}', classes = '{}', contextInitializerClasses = '[]', activeProfiles = '{}', propertySourceLocations = '{}', propertySourceProperties = '{}', contextCustomizers = set[[empty]], resourceBasePath = 'src/main/webapp', contextLoader = 'org.springframework.test.context.web.WebDelegatingSmartContextLoader', parent = [null]], attributes = map['org.springframework.test.context.support.DependencyInjectionTestExecutionListener.reinjectDependencies' -> true]].
14:24:42.831 [Test worker] DEBUG o.s.t.c.s.DependencyInjectionTestExecutionListener - Performing dependency injection for test context [[DefaultTestContext@3d98d32d testClass = AopNamespaceHandlerScopeIntegrationTests, testInstance = org.springframework.aop.config.AopNamespaceHandlerScopeIntegrationTests@651ab8e2, testMethod = [null], testException = [null], mergedContextConfiguration = [WebMergedContextConfiguration@54570200 testClass = AopNamespaceHandlerScopeIntegrationTests, locations = '{classpath:org/springframework/aop/config/AopNamespaceHandlerScopeIntegrationTests-context.xml}', classes = '{}', contextInitializerClasses = '[]', activeProfiles = '{}', propertySourceLocations = '{}', propertySourceProperties = '{}', contextCustomizers = set[[empty]], resourceBasePath = 'src/main/webapp', contextLoader = 'org.springframework.test.context.web.WebDelegatingSmartContextLoader', parent = [null]], attributes = map['org.springframework.test.context.web.ServletTestExecutionListener.populatedRequestContextHolder' -> true, 'org.springframework.test.context.web.ServletTestExecutionListener.resetRequestContextHolder' -> true, 'org.springframework.test.context.support.DependencyInjectionTestExecutionListener.reinjectDependencies' -> true]]].
14:24:42.832 [Test worker] DEBUG o.s.t.c.c.DefaultCacheAwareContextLoaderDelegate - Retrieved ApplicationContext [549998786] from cache with key [[WebMergedContextConfiguration@54570200 testClass = AopNamespaceHandlerScopeIntegrationTests, locations = '{classpath:org/springframework/aop/config/AopNamespaceHandlerScopeIntegrationTests-context.xml}', classes = '{}', contextInitializerClasses = '[]', activeProfiles = '{}', propertySourceLocations = '{}', propertySourceProperties = '{}', contextCustomizers = set[[empty]], resourceBasePath = 'src/main/webapp', contextLoader = 'org.springframework.test.context.web.WebDelegatingSmartContextLoader', parent = [null]]]
14:24:42.834 [Test worker] DEBUG o.s.t.c.cache - Spring test ApplicationContext cache statistics: [DefaultContextCache@12587176 size = 1, maxSize = 32, parentContextCount = 0, hitCount = 31, missCount = 3]
14:24:42.836 [Test worker] DEBUG o.s.t.c.c.DefaultCacheAwareContextLoaderDelegate - Retrieved ApplicationContext [549998786] from cache with key [[WebMergedContextConfiguration@54570200 testClass = AopNamespaceHandlerScopeIntegrationTests, locations = '{classpath:org/springframework/aop/config/AopNamespaceHandlerScopeIntegrationTests-context.xml}', classes = '{}', contextInitializerClasses = '[]', activeProfiles = '{}', propertySourceLocations = '{}', propertySourceProperties = '{}', contextCustomizers = set[[empty]], resourceBasePath = 'src/main/webapp', contextLoader = 'org.springframework.test.context.web.WebDelegatingSmartContextLoader', parent = [null]]]
14:24:42.836 [Test worker] DEBUG o.s.t.c.cache - Spring test ApplicationContext cache statistics: [DefaultContextCache@12587176 size = 1, maxSize = 32, parentContextCount = 0, hitCount = 32, missCount = 3]
14:24:42.839 [Test worker] DEBUG o.s.t.c.s.AbstractDirtiesContextTestExecutionListener - Before test method: context [DefaultTestContext@3d98d32d testClass = AopNamespaceHandlerScopeIntegrationTests, testInstance = org.springframework.aop.config.AopNamespaceHandlerScopeIntegrationTests@651ab8e2, testMethod = testSingletonScoping@AopNamespaceHandlerScopeIntegrationTests, testException = [null], mergedContextConfiguration = [WebMergedContextConfiguration@54570200 testClass = AopNamespaceHandlerScopeIntegrationTests, locations = '{classpath:org/springframework/aop/config/AopNamespaceHandlerScopeIntegrationTests-context.xml}', classes = '{}', contextInitializerClasses = '[]', activeProfiles = '{}', propertySourceLocations = '{}', propertySourceProperties = '{}', contextCustomizers = set[[empty]], resourceBasePath = 'src/main/webapp', contextLoader = 'org.springframework.test.context.web.WebDelegatingSmartContextLoader', parent = [null]], attributes = map['org.springframework.test.context.web.ServletTestExecutionListener.populatedRequestContextHolder' -> true, 'org.springframework.test.context.web.ServletTestExecutionListener.resetRequestContextHolder' -> true]], class annotated with @DirtiesContext [false] with mode [null], method annotated with @DirtiesContext [false] with mode [null].
14:24:42.841 [Test worker] DEBUG o.s.t.c.c.DefaultCacheAwareContextLoaderDelegate - Retrieved ApplicationContext [549998786] from cache with key [[WebMergedContextConfiguration@54570200 testClass = AopNamespaceHandlerScopeIntegrationTests, locations = '{classpath:org/springframework/aop/config/AopNamespaceHandlerScopeIntegrationTests-context.xml}', classes = '{}', contextInitializerClasses = '[]', activeProfiles = '{}', propertySourceLocations = '{}', propertySourceProperties = '{}', contextCustomizers = set[[empty]], resourceBasePath = 'src/main/webapp', contextLoader = 'org.springframework.test.context.web.WebDelegatingSmartContextLoader', parent = [null]]]
14:24:42.842 [Test worker] DEBUG o.s.t.c.cache - Spring test ApplicationContext cache statistics: [DefaultContextCache@12587176 size = 1, maxSize = 32, parentContextCount = 0, hitCount = 33, missCount = 3]
14:24:42.844 [Test worker] DEBUG o.s.t.c.c.DefaultCacheAwareContextLoaderDelegate - Retrieved ApplicationContext [549998786] from cache with key [[WebMergedContextConfiguration@54570200 testClass = AopNamespaceHandlerScopeIntegrationTests, locations = '{classpath:org/springframework/aop/config/AopNamespaceHandlerScopeIntegrationTests-context.xml}', classes = '{}', contextInitializerClasses = '[]', activeProfiles = '{}', propertySourceLocations = '{}', propertySourceProperties = '{}', contextCustomizers = set[[empty]], resourceBasePath = 'src/main/webapp', contextLoader = 'org.springframework.test.context.web.WebDelegatingSmartContextLoader', parent = [null]]]
14:24:42.845 [Test worker] DEBUG o.s.t.c.cache - Spring test ApplicationContext cache statistics: [DefaultContextCache@12587176 size = 1, maxSize = 32, parentContextCount = 0, hitCount = 34, missCount = 3]
14:24:43.267 [Test worker] DEBUG o.s.t.c.c.DefaultCacheAwareContextLoaderDelegate - Retrieved ApplicationContext [549998786] from cache with key [[WebMergedContextConfiguration@54570200 testClass = AopNamespaceHandlerScopeIntegrationTests, locations = '{classpath:org/springframework/aop/config/AopNamespaceHandlerScopeIntegrationTests-context.xml}', classes = '{}', contextInitializerClasses = '[]', activeProfiles = '{}', propertySourceLocations = '{}', propertySourceProperties = '{}', contextCustomizers = set[[empty]], resourceBasePath = 'src/main/webapp', contextLoader = 'org.springframework.test.context.web.WebDelegatingSmartContextLoader', parent = [null]]]
14:24:43.269 [Test worker] DEBUG o.s.t.c.cache - Spring test ApplicationContext cache statistics: [DefaultContextCache@12587176 size = 1, maxSize = 32, parentContextCount = 0, hitCount = 35, missCount = 3]
14:24:43.270 [Test worker] DEBUG o.s.t.c.c.DefaultCacheAwareContextLoaderDelegate - Retrieved ApplicationContext [549998786] from cache with key [[WebMergedContextConfiguration@54570200 testClass = AopNamespaceHandlerScopeIntegrationTests, locations = '{classpath:org/springframework/aop/config/AopNamespaceHandlerScopeIntegrationTests-context.xml}', classes = '{}', contextInitializerClasses = '[]', activeProfiles = '{}', propertySourceLocations = '{}', propertySourceProperties = '{}', contextCustomizers = set[[empty]], resourceBasePath = 'src/main/webapp', contextLoader = 'org.springframework.test.context.web.WebDelegatingSmartContextLoader', parent = [null]]]
14:24:43.270 [Test worker] DEBUG o.s.t.c.cache - Spring test ApplicationContext cache statistics: [DefaultContextCache@12587176 size = 1, maxSize = 32, parentContextCount = 0, hitCount = 36, missCount = 3]
14:24:43.271 [Test worker] DEBUG o.s.t.c.s.AbstractDirtiesContextTestExecutionListener - After test method: context [DefaultTestContext@3d98d32d testClass = AopNamespaceHandlerScopeIntegrationTests, testInstance = org.springframework.aop.config.AopNamespaceHandlerScopeIntegrationTests@651ab8e2, testMethod = testSingletonScoping@AopNamespaceHandlerScopeIntegrationTests, testException = [null], mergedContextConfiguration = [WebMergedContextConfiguration@54570200 testClass = AopNamespaceHandlerScopeIntegrationTests, locations = '{classpath:org/springframework/aop/config/AopNamespaceHandlerScopeIntegrationTests-context.xml}', classes = '{}', contextInitializerClasses = '[]', activeProfiles = '{}', propertySourceLocations = '{}', propertySourceProperties = '{}', contextCustomizers = set[[empty]], resourceBasePath = 'src/main/webapp', contextLoader = 'org.springframework.test.context.web.WebDelegatingSmartContextLoader', parent = [null]], attributes = map['org.springframework.test.context.web.ServletTestExecutionListener.populatedRequestContextHolder' -> true, 'org.springframework.test.context.web.ServletTestExecutionListener.resetRequestContextHolder' -> true]], class annotated with @DirtiesContext [false] with mode [null], method annotated with @DirtiesContext [false] with mode [null].
14:24:43.272 [Test worker] DEBUG o.s.t.c.w.ServletTestExecutionListener - Resetting RequestContextHolder for test context [DefaultTestContext@3d98d32d testClass = AopNamespaceHandlerScopeIntegrationTests, testInstance = org.springframework.aop.config.AopNamespaceHandlerScopeIntegrationTests@651ab8e2, testMethod = testSingletonScoping@AopNamespaceHandlerScopeIntegrationTests, testException = [null], mergedContextConfiguration = [WebMergedContextConfiguration@54570200 testClass = AopNamespaceHandlerScopeIntegrationTests, locations = '{classpath:org/springframework/aop/config/AopNamespaceHandlerScopeIntegrationTests-context.xml}', classes = '{}', contextInitializerClasses = '[]', activeProfiles = '{}', propertySourceLocations = '{}', propertySourceProperties = '{}', contextCustomizers = set[[empty]], resourceBasePath = 'src/main/webapp', contextLoader = 'org.springframework.test.context.web.WebDelegatingSmartContextLoader', parent = [null]], attributes = map['org.springframework.test.context.web.ServletTestExecutionListener.populatedRequestContextHolder' -> true, 'org.springframework.test.context.web.ServletTestExecutionListener.resetRequestContextHolder' -> true]].
14:24:43.275 [Test worker] DEBUG o.s.t.c.c.DefaultCacheAwareContextLoaderDelegate - Retrieved ApplicationContext [549998786] from cache with key [[WebMergedContextConfiguration@54570200 testClass = AopNamespaceHandlerScopeIntegrationTests, locations = '{classpath:org/springframework/aop/config/AopNamespaceHandlerScopeIntegrationTests-context.xml}', classes = '{}', contextInitializerClasses = '[]', activeProfiles = '{}', propertySourceLocations = '{}', propertySourceProperties = '{}', contextCustomizers = set[[empty]], resourceBasePath = 'src/main/webapp', contextLoader = 'org.springframework.test.context.web.WebDelegatingSmartContextLoader', parent = [null]]]
14:24:43.275 [Test worker] DEBUG o.s.t.c.cache - Spring test ApplicationContext cache statistics: [DefaultContextCache@12587176 size = 1, maxSize = 32, parentContextCount = 0, hitCount = 37, missCount = 3]
14:24:43.277 [Test worker] DEBUG o.s.t.c.s.AbstractDirtiesContextTestExecutionListener - After test class: context [DefaultTestContext@3d98d32d testClass = AopNamespaceHandlerScopeIntegrationTests, testInstance = [null], testMethod = [null], testException = [null], mergedContextConfiguration = [WebMergedContextConfiguration@54570200 testClass = AopNamespaceHandlerScopeIntegrationTests, locations = '{classpath:org/springframework/aop/config/AopNamespaceHandlerScopeIntegrationTests-context.xml}', classes = '{}', contextInitializerClasses = '[]', activeProfiles = '{}', propertySourceLocations = '{}', propertySourceProperties = '{}', contextCustomizers = set[[empty]], resourceBasePath = 'src/main/webapp', contextLoader = 'org.springframework.test.context.web.WebDelegatingSmartContextLoader', parent = [null]], attributes = map['org.springframework.test.context.support.DependencyInjectionTestExecutionListener.reinjectDependencies' -> true]], class annotated with @DirtiesContext [false] with mode [null].
]]></system-out>
  <system-err><![CDATA[]]></system-err>
</testsuite>
