<?xml version="1.0" encoding="UTF-8"?>
<testsuite name="org.springframework.aop.config.AopNamespaceHandlerAdviceOrderIntegrationTests$AfterAdviceLastTests" tests="1" skipped="0" failures="0" errors="0" timestamp="2020-12-12T06:24:40" hostname="DESKTOP-TMNPDT1" time="0.652">
  <properties/>
  <testcase name="afterAdviceIsInvokedLast(Echo, InvocationTrackingAspect)" classname="org.springframework.aop.config.AopNamespaceHandlerAdviceOrderIntegrationTests$AfterAdviceLastTests" time="0.652"/>
  <system-out><![CDATA[14:24:35.762 [Test worker] DEBUG o.s.t.c.BootstrapUtils - Instantiating CacheAwareContextLoaderDelegate from class [org.springframework.test.context.cache.DefaultCacheAwareContextLoaderDelegate]
14:24:35.834 [Test worker] DEBUG o.s.t.c.BootstrapUtils - Instantiating BootstrapContext using constructor [public org.springframework.test.context.support.DefaultBootstrapContext(java.lang.Class,org.springframework.test.context.CacheAwareContextLoaderDelegate)]
14:24:35.965 [Test worker] DEBUG o.s.t.c.BootstrapUtils - Instantiating TestContextBootstrapper for test class [org.springframework.aop.config.AopNamespaceHandlerAdviceOrderIntegrationTests$AfterAdviceLastTests] from class [org.springframework.test.context.support.DefaultTestContextBootstrapper]
14:24:36.044 [Test worker] DEBUG o.s.t.c.s.AbstractDelegatingSmartContextLoader - Delegating to GenericXmlContextLoader to process context configuration [ContextConfigurationAttributes@1b80c6a4 declaringClass = 'org.springframework.aop.config.AopNamespaceHandlerAdviceOrderIntegrationTests$AfterAdviceLastTests', classes = '{}', locations = '{AopNamespaceHandlerAdviceOrderIntegrationTests-afterLast.xml}', inheritLocations = true, initializers = '{}', inheritInitializers = true, name = [null], contextLoaderClass = 'org.springframework.test.context.ContextLoader'].
14:24:36.112 [Test worker] DEBUG o.s.t.c.s.ActiveProfilesUtils - Could not find an 'annotation declaring class' for annotation type [org.springframework.test.context.ActiveProfiles] and class [org.springframework.aop.config.AopNamespaceHandlerAdviceOrderIntegrationTests$AfterAdviceLastTests]
14:24:36.117 [Test worker] DEBUG o.s.t.c.s.DefaultTestContextBootstrapper - @TestExecutionListeners is not present for class [org.springframework.aop.config.AopNamespaceHandlerAdviceOrderIntegrationTests$AfterAdviceLastTests]: using defaults.
14:24:36.118 [Test worker] INFO  o.s.t.c.s.DefaultTestContextBootstrapper - Loaded default TestExecutionListener class names from location [META-INF/spring.factories]: [org.springframework.test.context.web.ServletTestExecutionListener, org.springframework.test.context.support.DirtiesContextBeforeModesTestExecutionListener, org.springframework.test.context.support.DependencyInjectionTestExecutionListener, org.springframework.test.context.support.DirtiesContextTestExecutionListener, org.springframework.test.context.transaction.TransactionalTestExecutionListener, org.springframework.test.context.jdbc.SqlScriptsTestExecutionListener, org.springframework.test.context.event.EventPublishingTestExecutionListener]
14:24:36.166 [Test worker] INFO  o.s.t.c.s.DefaultTestContextBootstrapper - Using TestExecutionListeners: [org.springframework.test.context.web.ServletTestExecutionListener@5dc4bbf0, org.springframework.test.context.support.DirtiesContextBeforeModesTestExecutionListener@3f3014e7, org.springframework.test.context.support.DependencyInjectionTestExecutionListener@615a5622, org.springframework.test.context.support.DirtiesContextTestExecutionListener@44f7795, org.springframework.test.context.transaction.TransactionalTestExecutionListener@7cac47d7, org.springframework.test.context.jdbc.SqlScriptsTestExecutionListener@4304f389, org.springframework.test.context.event.EventPublishingTestExecutionListener@705c568d]
14:24:36.168 [Test worker] DEBUG o.s.t.c.s.AbstractDirtiesContextTestExecutionListener - Before test class: context [DefaultTestContext@11dc080e testClass = AopNamespaceHandlerAdviceOrderIntegrationTests.AfterAdviceLastTests, testInstance = [null], testMethod = [null], testException = [null], mergedContextConfiguration = [MergedContextConfiguration@75202907 testClass = AopNamespaceHandlerAdviceOrderIntegrationTests.AfterAdviceLastTests, locations = '{classpath:/org/springframework/aop/config/AopNamespaceHandlerAdviceOrderIntegrationTests-afterLast.xml}', classes = '{}', contextInitializerClasses = '[]', activeProfiles = '{}', propertySourceLocations = '{}', propertySourceProperties = '{}', contextCustomizers = set[[empty]], contextLoader = 'org.springframework.test.context.support.DelegatingSmartContextLoader', parent = [null]], attributes = map[[empty]]], class annotated with @DirtiesContext [true] with mode [AFTER_CLASS].
14:24:36.203 [Test worker] DEBUG o.s.t.c.s.DependencyInjectionTestExecutionListener - Performing dependency injection for test context [[DefaultTestContext@11dc080e testClass = AopNamespaceHandlerAdviceOrderIntegrationTests.AfterAdviceLastTests, testInstance = org.springframework.aop.config.AopNamespaceHandlerAdviceOrderIntegrationTests$AfterAdviceLastTests@199cbddf, testMethod = [null], testException = [null], mergedContextConfiguration = [MergedContextConfiguration@75202907 testClass = AopNamespaceHandlerAdviceOrderIntegrationTests.AfterAdviceLastTests, locations = '{classpath:/org/springframework/aop/config/AopNamespaceHandlerAdviceOrderIntegrationTests-afterLast.xml}', classes = '{}', contextInitializerClasses = '[]', activeProfiles = '{}', propertySourceLocations = '{}', propertySourceProperties = '{}', contextCustomizers = set[[empty]], contextLoader = 'org.springframework.test.context.support.DelegatingSmartContextLoader', parent = [null]], attributes = map[[empty]]]].
14:24:36.204 [Test worker] DEBUG o.s.t.c.s.AbstractDelegatingSmartContextLoader - Delegating to GenericXmlContextLoader to load context from [MergedContextConfiguration@75202907 testClass = AopNamespaceHandlerAdviceOrderIntegrationTests.AfterAdviceLastTests, locations = '{classpath:/org/springframework/aop/config/AopNamespaceHandlerAdviceOrderIntegrationTests-afterLast.xml}', classes = '{}', contextInitializerClasses = '[]', activeProfiles = '{}', propertySourceLocations = '{}', propertySourceProperties = '{}', contextCustomizers = set[[empty]], contextLoader = 'org.springframework.test.context.support.DelegatingSmartContextLoader', parent = [null]].
14:24:36.211 [Test worker] DEBUG o.s.t.c.s.AbstractGenericContextLoader - Loading ApplicationContext for merged context configuration [[MergedContextConfiguration@75202907 testClass = AopNamespaceHandlerAdviceOrderIntegrationTests.AfterAdviceLastTests, locations = '{classpath:/org/springframework/aop/config/AopNamespaceHandlerAdviceOrderIntegrationTests-afterLast.xml}', classes = '{}', contextInitializerClasses = '[]', activeProfiles = '{}', propertySourceLocations = '{}', propertySourceProperties = '{}', contextCustomizers = set[[empty]], contextLoader = 'org.springframework.test.context.support.DelegatingSmartContextLoader', parent = [null]]].
14:24:36.421 [Test worker] DEBUG o.s.c.e.StandardEnvironment - Activating profiles []
14:24:37.136 [Test worker] DEBUG o.s.b.f.x.XmlBeanDefinitionReader - Loaded 9 bean definitions from class path resource [org/springframework/aop/config/AopNamespaceHandlerAdviceOrderIntegrationTests-afterLast.xml]
14:24:37.161 [Test worker] DEBUG o.s.c.s.GenericApplicationContext - Refreshing org.springframework.context.support.GenericApplicationContext@3c4276ca
14:24:37.215 [Test worker] DEBUG o.s.b.f.s.DefaultListableBeanFactory - Creating shared instance of singleton bean 'org.springframework.context.annotation.internalConfigurationAnnotationProcessor'
14:24:37.459 [Test worker] DEBUG o.s.b.f.s.DefaultListableBeanFactory - Creating shared instance of singleton bean 'org.springframework.context.event.internalEventListenerProcessor'
14:24:37.472 [Test worker] DEBUG o.s.b.f.s.DefaultListableBeanFactory - Creating shared instance of singleton bean 'org.springframework.context.event.internalEventListenerFactory'
14:24:37.481 [Test worker] DEBUG o.s.b.f.s.DefaultListableBeanFactory - Creating shared instance of singleton bean 'org.springframework.context.annotation.internalAutowiredAnnotationProcessor'
14:24:37.483 [Test worker] DEBUG o.s.b.f.s.DefaultListableBeanFactory - Creating shared instance of singleton bean 'org.springframework.context.annotation.internalCommonAnnotationProcessor'
14:24:37.504 [Test worker] DEBUG o.s.b.f.s.DefaultListableBeanFactory - Creating shared instance of singleton bean 'org.springframework.context.annotation.internalPersistenceAnnotationProcessor'
14:24:37.506 [Test worker] DEBUG o.s.b.f.s.DefaultListableBeanFactory - Creating shared instance of singleton bean 'org.springframework.aop.config.internalAutoProxyCreator'
14:24:37.675 [Test worker] DEBUG o.s.b.f.s.DefaultListableBeanFactory - Creating shared instance of singleton bean 'echo'
14:24:37.677 [Test worker] DEBUG o.s.b.f.s.DefaultListableBeanFactory - Creating shared instance of singleton bean 'org.springframework.aop.aspectj.AspectJPointcutAdvisor#0'
14:24:38.500 [Test worker] DEBUG o.s.b.f.s.DefaultListableBeanFactory - Creating shared instance of singleton bean 'org.springframework.aop.aspectj.AspectJPointcutAdvisor#1'
14:24:38.517 [Test worker] DEBUG o.s.b.f.s.DefaultListableBeanFactory - Creating shared instance of singleton bean 'org.springframework.aop.aspectj.AspectJPointcutAdvisor#2'
14:24:38.564 [Test worker] DEBUG o.s.b.f.s.DefaultListableBeanFactory - Creating shared instance of singleton bean 'org.springframework.aop.aspectj.AspectJPointcutAdvisor#3'
14:24:38.647 [Test worker] DEBUG o.s.b.f.s.DefaultListableBeanFactory - Creating shared instance of singleton bean 'org.springframework.aop.aspectj.AspectJPointcutAdvisor#4'
14:24:39.818 [Test worker] DEBUG o.s.b.f.s.DefaultListableBeanFactory - Creating shared instance of singleton bean 'invocationTrackingAspect'
14:24:39.998 [Test worker] DEBUG o.s.t.c.c.DefaultCacheAwareContextLoaderDelegate - Storing ApplicationContext [1010988746] in cache under key [[MergedContextConfiguration@75202907 testClass = AopNamespaceHandlerAdviceOrderIntegrationTests.AfterAdviceLastTests, locations = '{classpath:/org/springframework/aop/config/AopNamespaceHandlerAdviceOrderIntegrationTests-afterLast.xml}', classes = '{}', contextInitializerClasses = '[]', activeProfiles = '{}', propertySourceLocations = '{}', propertySourceProperties = '{}', contextCustomizers = set[[empty]], contextLoader = 'org.springframework.test.context.support.DelegatingSmartContextLoader', parent = [null]]]
14:24:39.999 [Test worker] DEBUG o.s.t.c.cache - Spring test ApplicationContext cache statistics: [DefaultContextCache@12587176 size = 1, maxSize = 32, parentContextCount = 0, hitCount = 0, missCount = 1]
14:24:40.007 [Test worker] DEBUG o.s.t.c.c.DefaultCacheAwareContextLoaderDelegate - Retrieved ApplicationContext [1010988746] from cache with key [[MergedContextConfiguration@75202907 testClass = AopNamespaceHandlerAdviceOrderIntegrationTests.AfterAdviceLastTests, locations = '{classpath:/org/springframework/aop/config/AopNamespaceHandlerAdviceOrderIntegrationTests-afterLast.xml}', classes = '{}', contextInitializerClasses = '[]', activeProfiles = '{}', propertySourceLocations = '{}', propertySourceProperties = '{}', contextCustomizers = set[[empty]], contextLoader = 'org.springframework.test.context.support.DelegatingSmartContextLoader', parent = [null]]]
14:24:40.007 [Test worker] DEBUG o.s.t.c.cache - Spring test ApplicationContext cache statistics: [DefaultContextCache@12587176 size = 1, maxSize = 32, parentContextCount = 0, hitCount = 1, missCount = 1]
14:24:40.113 [Test worker] DEBUG o.s.t.c.s.AbstractDirtiesContextTestExecutionListener - Before test method: context [DefaultTestContext@11dc080e testClass = AopNamespaceHandlerAdviceOrderIntegrationTests.AfterAdviceLastTests, testInstance = org.springframework.aop.config.AopNamespaceHandlerAdviceOrderIntegrationTests$AfterAdviceLastTests@199cbddf, testMethod = afterAdviceIsInvokedLast@AopNamespaceHandlerAdviceOrderIntegrationTests.AfterAdviceLastTests, testException = [null], mergedContextConfiguration = [MergedContextConfiguration@75202907 testClass = AopNamespaceHandlerAdviceOrderIntegrationTests.AfterAdviceLastTests, locations = '{classpath:/org/springframework/aop/config/AopNamespaceHandlerAdviceOrderIntegrationTests-afterLast.xml}', classes = '{}', contextInitializerClasses = '[]', activeProfiles = '{}', propertySourceLocations = '{}', propertySourceProperties = '{}', contextCustomizers = set[[empty]], contextLoader = 'org.springframework.test.context.support.DelegatingSmartContextLoader', parent = [null]], attributes = map[[empty]]], class annotated with @DirtiesContext [true] with mode [AFTER_CLASS], method annotated with @DirtiesContext [false] with mode [null].
14:24:40.137 [Test worker] DEBUG o.s.t.c.c.DefaultCacheAwareContextLoaderDelegate - Retrieved ApplicationContext [1010988746] from cache with key [[MergedContextConfiguration@75202907 testClass = AopNamespaceHandlerAdviceOrderIntegrationTests.AfterAdviceLastTests, locations = '{classpath:/org/springframework/aop/config/AopNamespaceHandlerAdviceOrderIntegrationTests-afterLast.xml}', classes = '{}', contextInitializerClasses = '[]', activeProfiles = '{}', propertySourceLocations = '{}', propertySourceProperties = '{}', contextCustomizers = set[[empty]], contextLoader = 'org.springframework.test.context.support.DelegatingSmartContextLoader', parent = [null]]]
14:24:40.142 [Test worker] DEBUG o.s.t.c.cache - Spring test ApplicationContext cache statistics: [DefaultContextCache@12587176 size = 1, maxSize = 32, parentContextCount = 0, hitCount = 2, missCount = 1]
14:24:40.148 [Test worker] DEBUG o.s.t.c.c.DefaultCacheAwareContextLoaderDelegate - Retrieved ApplicationContext [1010988746] from cache with key [[MergedContextConfiguration@75202907 testClass = AopNamespaceHandlerAdviceOrderIntegrationTests.AfterAdviceLastTests, locations = '{classpath:/org/springframework/aop/config/AopNamespaceHandlerAdviceOrderIntegrationTests-afterLast.xml}', classes = '{}', contextInitializerClasses = '[]', activeProfiles = '{}', propertySourceLocations = '{}', propertySourceProperties = '{}', contextCustomizers = set[[empty]], contextLoader = 'org.springframework.test.context.support.DelegatingSmartContextLoader', parent = [null]]]
14:24:40.149 [Test worker] DEBUG o.s.t.c.cache - Spring test ApplicationContext cache statistics: [DefaultContextCache@12587176 size = 1, maxSize = 32, parentContextCount = 0, hitCount = 3, missCount = 1]
14:24:40.165 [Test worker] DEBUG o.s.t.c.c.DefaultCacheAwareContextLoaderDelegate - Retrieved ApplicationContext [1010988746] from cache with key [[MergedContextConfiguration@75202907 testClass = AopNamespaceHandlerAdviceOrderIntegrationTests.AfterAdviceLastTests, locations = '{classpath:/org/springframework/aop/config/AopNamespaceHandlerAdviceOrderIntegrationTests-afterLast.xml}', classes = '{}', contextInitializerClasses = '[]', activeProfiles = '{}', propertySourceLocations = '{}', propertySourceProperties = '{}', contextCustomizers = set[[empty]], contextLoader = 'org.springframework.test.context.support.DelegatingSmartContextLoader', parent = [null]]]
14:24:40.166 [Test worker] DEBUG o.s.t.c.cache - Spring test ApplicationContext cache statistics: [DefaultContextCache@12587176 size = 1, maxSize = 32, parentContextCount = 0, hitCount = 4, missCount = 1]
14:24:40.189 [Test worker] DEBUG o.s.t.c.c.DefaultCacheAwareContextLoaderDelegate - Retrieved ApplicationContext [1010988746] from cache with key [[MergedContextConfiguration@75202907 testClass = AopNamespaceHandlerAdviceOrderIntegrationTests.AfterAdviceLastTests, locations = '{classpath:/org/springframework/aop/config/AopNamespaceHandlerAdviceOrderIntegrationTests-afterLast.xml}', classes = '{}', contextInitializerClasses = '[]', activeProfiles = '{}', propertySourceLocations = '{}', propertySourceProperties = '{}', contextCustomizers = set[[empty]], contextLoader = 'org.springframework.test.context.support.DelegatingSmartContextLoader', parent = [null]]]
14:24:40.190 [Test worker] DEBUG o.s.t.c.cache - Spring test ApplicationContext cache statistics: [DefaultContextCache@12587176 size = 1, maxSize = 32, parentContextCount = 0, hitCount = 5, missCount = 1]
14:24:40.648 [Test worker] DEBUG o.s.t.c.c.DefaultCacheAwareContextLoaderDelegate - Retrieved ApplicationContext [1010988746] from cache with key [[MergedContextConfiguration@75202907 testClass = AopNamespaceHandlerAdviceOrderIntegrationTests.AfterAdviceLastTests, locations = '{classpath:/org/springframework/aop/config/AopNamespaceHandlerAdviceOrderIntegrationTests-afterLast.xml}', classes = '{}', contextInitializerClasses = '[]', activeProfiles = '{}', propertySourceLocations = '{}', propertySourceProperties = '{}', contextCustomizers = set[[empty]], contextLoader = 'org.springframework.test.context.support.DelegatingSmartContextLoader', parent = [null]]]
14:24:40.648 [Test worker] DEBUG o.s.t.c.cache - Spring test ApplicationContext cache statistics: [DefaultContextCache@12587176 size = 1, maxSize = 32, parentContextCount = 0, hitCount = 6, missCount = 1]
14:24:40.652 [Test worker] DEBUG o.s.t.c.c.DefaultCacheAwareContextLoaderDelegate - Retrieved ApplicationContext [1010988746] from cache with key [[MergedContextConfiguration@75202907 testClass = AopNamespaceHandlerAdviceOrderIntegrationTests.AfterAdviceLastTests, locations = '{classpath:/org/springframework/aop/config/AopNamespaceHandlerAdviceOrderIntegrationTests-afterLast.xml}', classes = '{}', contextInitializerClasses = '[]', activeProfiles = '{}', propertySourceLocations = '{}', propertySourceProperties = '{}', contextCustomizers = set[[empty]], contextLoader = 'org.springframework.test.context.support.DelegatingSmartContextLoader', parent = [null]]]
14:24:40.652 [Test worker] DEBUG o.s.t.c.cache - Spring test ApplicationContext cache statistics: [DefaultContextCache@12587176 size = 1, maxSize = 32, parentContextCount = 0, hitCount = 7, missCount = 1]
14:24:40.653 [Test worker] DEBUG o.s.t.c.s.AbstractDirtiesContextTestExecutionListener - After test method: context [DefaultTestContext@11dc080e testClass = AopNamespaceHandlerAdviceOrderIntegrationTests.AfterAdviceLastTests, testInstance = org.springframework.aop.config.AopNamespaceHandlerAdviceOrderIntegrationTests$AfterAdviceLastTests@199cbddf, testMethod = afterAdviceIsInvokedLast@AopNamespaceHandlerAdviceOrderIntegrationTests.AfterAdviceLastTests, testException = [null], mergedContextConfiguration = [MergedContextConfiguration@75202907 testClass = AopNamespaceHandlerAdviceOrderIntegrationTests.AfterAdviceLastTests, locations = '{classpath:/org/springframework/aop/config/AopNamespaceHandlerAdviceOrderIntegrationTests-afterLast.xml}', classes = '{}', contextInitializerClasses = '[]', activeProfiles = '{}', propertySourceLocations = '{}', propertySourceProperties = '{}', contextCustomizers = set[[empty]], contextLoader = 'org.springframework.test.context.support.DelegatingSmartContextLoader', parent = [null]], attributes = map[[empty]]], class annotated with @DirtiesContext [true] with mode [AFTER_CLASS], method annotated with @DirtiesContext [false] with mode [null].
14:24:40.692 [Test worker] DEBUG o.s.t.c.c.DefaultCacheAwareContextLoaderDelegate - Retrieved ApplicationContext [1010988746] from cache with key [[MergedContextConfiguration@75202907 testClass = AopNamespaceHandlerAdviceOrderIntegrationTests.AfterAdviceLastTests, locations = '{classpath:/org/springframework/aop/config/AopNamespaceHandlerAdviceOrderIntegrationTests-afterLast.xml}', classes = '{}', contextInitializerClasses = '[]', activeProfiles = '{}', propertySourceLocations = '{}', propertySourceProperties = '{}', contextCustomizers = set[[empty]], contextLoader = 'org.springframework.test.context.support.DelegatingSmartContextLoader', parent = [null]]]
14:24:40.693 [Test worker] DEBUG o.s.t.c.cache - Spring test ApplicationContext cache statistics: [DefaultContextCache@12587176 size = 1, maxSize = 32, parentContextCount = 0, hitCount = 8, missCount = 1]
14:24:40.694 [Test worker] DEBUG o.s.t.c.s.AbstractDirtiesContextTestExecutionListener - After test class: context [DefaultTestContext@11dc080e testClass = AopNamespaceHandlerAdviceOrderIntegrationTests.AfterAdviceLastTests, testInstance = [null], testMethod = [null], testException = [null], mergedContextConfiguration = [MergedContextConfiguration@75202907 testClass = AopNamespaceHandlerAdviceOrderIntegrationTests.AfterAdviceLastTests, locations = '{classpath:/org/springframework/aop/config/AopNamespaceHandlerAdviceOrderIntegrationTests-afterLast.xml}', classes = '{}', contextInitializerClasses = '[]', activeProfiles = '{}', propertySourceLocations = '{}', propertySourceProperties = '{}', contextCustomizers = set[[empty]], contextLoader = 'org.springframework.test.context.support.DelegatingSmartContextLoader', parent = [null]], attributes = map[[empty]]], class annotated with @DirtiesContext [true] with mode [AFTER_CLASS].
14:24:40.701 [Test worker] DEBUG o.s.c.s.GenericApplicationContext - Closing org.springframework.context.support.GenericApplicationContext@3c4276ca, started on Sat Dec 12 14:24:37 CST 2020
]]></system-out>
  <system-err><![CDATA[]]></system-err>
</testsuite>
