<?xml version="1.0" encoding="UTF-8"?>
<testsuite name="org.springframework.aop.framework.autoproxy.AspectJAutoProxyAdviceOrderIntegrationTests$AfterAdviceLastTests" tests="1" skipped="0" failures="0" errors="0" timestamp="2020-12-12T06:24:46" hostname="DESKTOP-TMNPDT1" time="0.017">
  <properties/>
  <testcase name="afterAdviceIsInvokedLast(Echo, AfterAdviceLastAspect)" classname="org.springframework.aop.framework.autoproxy.AspectJAutoProxyAdviceOrderIntegrationTests$AfterAdviceLastTests" time="0.017"/>
  <system-out><![CDATA[14:24:45.775 [Test worker] DEBUG o.s.t.c.BootstrapUtils - Instantiating CacheAwareContextLoaderDelegate from class [org.springframework.test.context.cache.DefaultCacheAwareContextLoaderDelegate]
14:24:45.775 [Test worker] DEBUG o.s.t.c.BootstrapUtils - Instantiating BootstrapContext using constructor [public org.springframework.test.context.support.DefaultBootstrapContext(java.lang.Class,org.springframework.test.context.CacheAwareContextLoaderDelegate)]
14:24:45.787 [Test worker] DEBUG o.s.t.c.BootstrapUtils - Instantiating TestContextBootstrapper for test class [org.springframework.aop.framework.autoproxy.AspectJAutoProxyAdviceOrderIntegrationTests$AfterAdviceLastTests] from class [org.springframework.test.context.support.DefaultTestContextBootstrapper]
14:24:45.790 [Test worker] DEBUG o.s.t.c.s.AbstractDelegatingSmartContextLoader - Delegating to AnnotationConfigContextLoader to process context configuration [ContextConfigurationAttributes@29df2b0c declaringClass = 'org.springframework.aop.framework.autoproxy.AspectJAutoProxyAdviceOrderIntegrationTests$AfterAdviceLastTests', classes = '{class org.springframework.aop.framework.autoproxy.AspectJAutoProxyAdviceOrderIntegrationTests$AfterAdviceLastConfig}', locations = '{}', inheritLocations = true, initializers = '{}', inheritInitializers = true, name = [null], contextLoaderClass = 'org.springframework.test.context.ContextLoader'].
14:24:45.792 [Test worker] DEBUG o.s.t.c.s.ActiveProfilesUtils - Could not find an 'annotation declaring class' for annotation type [org.springframework.test.context.ActiveProfiles] and class [org.springframework.aop.framework.autoproxy.AspectJAutoProxyAdviceOrderIntegrationTests$AfterAdviceLastTests]
14:24:45.799 [Test worker] DEBUG o.s.t.c.s.DefaultTestContextBootstrapper - @TestExecutionListeners is not present for class [org.springframework.aop.framework.autoproxy.AspectJAutoProxyAdviceOrderIntegrationTests$AfterAdviceLastTests]: using defaults.
14:24:45.799 [Test worker] INFO  o.s.t.c.s.DefaultTestContextBootstrapper - Loaded default TestExecutionListener class names from location [META-INF/spring.factories]: [org.springframework.test.context.web.ServletTestExecutionListener, org.springframework.test.context.support.DirtiesContextBeforeModesTestExecutionListener, org.springframework.test.context.support.DependencyInjectionTestExecutionListener, org.springframework.test.context.support.DirtiesContextTestExecutionListener, org.springframework.test.context.transaction.TransactionalTestExecutionListener, org.springframework.test.context.jdbc.SqlScriptsTestExecutionListener, org.springframework.test.context.event.EventPublishingTestExecutionListener]
14:24:45.800 [Test worker] INFO  o.s.t.c.s.DefaultTestContextBootstrapper - Using TestExecutionListeners: [org.springframework.test.context.web.ServletTestExecutionListener@2e63e7b9, org.springframework.test.context.support.DirtiesContextBeforeModesTestExecutionListener@72f69785, org.springframework.test.context.support.DependencyInjectionTestExecutionListener@339d2ca6, org.springframework.test.context.support.DirtiesContextTestExecutionListener@63caf692, org.springframework.test.context.transaction.TransactionalTestExecutionListener@52a58b7d, org.springframework.test.context.jdbc.SqlScriptsTestExecutionListener@14a97413, org.springframework.test.context.event.EventPublishingTestExecutionListener@4e0b923c]
14:24:45.800 [Test worker] DEBUG o.s.t.c.s.AbstractDirtiesContextTestExecutionListener - Before test class: context [DefaultTestContext@7a418309 testClass = AspectJAutoProxyAdviceOrderIntegrationTests.AfterAdviceLastTests, testInstance = [null], testMethod = [null], testException = [null], mergedContextConfiguration = [MergedContextConfiguration@4c1115f testClass = AspectJAutoProxyAdviceOrderIntegrationTests.AfterAdviceLastTests, locations = '{}', classes = '{class org.springframework.aop.framework.autoproxy.AspectJAutoProxyAdviceOrderIntegrationTests$AfterAdviceLastConfig}', contextInitializerClasses = '[]', activeProfiles = '{}', propertySourceLocations = '{}', propertySourceProperties = '{}', contextCustomizers = set[[empty]], contextLoader = 'org.springframework.test.context.support.DelegatingSmartContextLoader', parent = [null]], attributes = map[[empty]]], class annotated with @DirtiesContext [true] with mode [AFTER_CLASS].
14:24:45.801 [Test worker] DEBUG o.s.t.c.s.DependencyInjectionTestExecutionListener - Performing dependency injection for test context [[DefaultTestContext@7a418309 testClass = AspectJAutoProxyAdviceOrderIntegrationTests.AfterAdviceLastTests, testInstance = org.springframework.aop.framework.autoproxy.AspectJAutoProxyAdviceOrderIntegrationTests$AfterAdviceLastTests@5b97f438, testMethod = [null], testException = [null], mergedContextConfiguration = [MergedContextConfiguration@4c1115f testClass = AspectJAutoProxyAdviceOrderIntegrationTests.AfterAdviceLastTests, locations = '{}', classes = '{class org.springframework.aop.framework.autoproxy.AspectJAutoProxyAdviceOrderIntegrationTests$AfterAdviceLastConfig}', contextInitializerClasses = '[]', activeProfiles = '{}', propertySourceLocations = '{}', propertySourceProperties = '{}', contextCustomizers = set[[empty]], contextLoader = 'org.springframework.test.context.support.DelegatingSmartContextLoader', parent = [null]], attributes = map[[empty]]]].
14:24:45.801 [Test worker] DEBUG o.s.t.c.s.AbstractDelegatingSmartContextLoader - Delegating to AnnotationConfigContextLoader to load context from [MergedContextConfiguration@4c1115f testClass = AspectJAutoProxyAdviceOrderIntegrationTests.AfterAdviceLastTests, locations = '{}', classes = '{class org.springframework.aop.framework.autoproxy.AspectJAutoProxyAdviceOrderIntegrationTests$AfterAdviceLastConfig}', contextInitializerClasses = '[]', activeProfiles = '{}', propertySourceLocations = '{}', propertySourceProperties = '{}', contextCustomizers = set[[empty]], contextLoader = 'org.springframework.test.context.support.DelegatingSmartContextLoader', parent = [null]].
14:24:45.801 [Test worker] DEBUG o.s.t.c.s.AbstractGenericContextLoader - Loading ApplicationContext for merged context configuration [[MergedContextConfiguration@4c1115f testClass = AspectJAutoProxyAdviceOrderIntegrationTests.AfterAdviceLastTests, locations = '{}', classes = '{class org.springframework.aop.framework.autoproxy.AspectJAutoProxyAdviceOrderIntegrationTests$AfterAdviceLastConfig}', contextInitializerClasses = '[]', activeProfiles = '{}', propertySourceLocations = '{}', propertySourceProperties = '{}', contextCustomizers = set[[empty]], contextLoader = 'org.springframework.test.context.support.DelegatingSmartContextLoader', parent = [null]]].
14:24:45.802 [Test worker] DEBUG o.s.c.e.StandardEnvironment - Activating profiles []
14:24:45.802 [Test worker] DEBUG o.s.t.c.s.AnnotationConfigContextLoader - Registering component classes: {class org.springframework.aop.framework.autoproxy.AspectJAutoProxyAdviceOrderIntegrationTests$AfterAdviceLastConfig}
14:24:45.828 [Test worker] DEBUG o.s.c.s.GenericApplicationContext - Refreshing org.springframework.context.support.GenericApplicationContext@491f1704
14:24:45.830 [Test worker] DEBUG o.s.b.f.s.DefaultListableBeanFactory - Creating shared instance of singleton bean 'org.springframework.context.annotation.internalConfigurationAnnotationProcessor'
14:24:45.892 [Test worker] DEBUG o.s.b.f.s.DefaultListableBeanFactory - Creating shared instance of singleton bean 'org.springframework.context.event.internalEventListenerProcessor'
14:24:45.893 [Test worker] DEBUG o.s.b.f.s.DefaultListableBeanFactory - Creating shared instance of singleton bean 'org.springframework.context.event.internalEventListenerFactory'
14:24:45.894 [Test worker] DEBUG o.s.b.f.s.DefaultListableBeanFactory - Creating shared instance of singleton bean 'org.springframework.context.annotation.internalAutowiredAnnotationProcessor'
14:24:45.894 [Test worker] DEBUG o.s.b.f.s.DefaultListableBeanFactory - Creating shared instance of singleton bean 'org.springframework.context.annotation.internalCommonAnnotationProcessor'
14:24:45.894 [Test worker] DEBUG o.s.b.f.s.DefaultListableBeanFactory - Creating shared instance of singleton bean 'org.springframework.context.annotation.internalPersistenceAnnotationProcessor'
14:24:45.895 [Test worker] DEBUG o.s.b.f.s.DefaultListableBeanFactory - Creating shared instance of singleton bean 'org.springframework.aop.config.internalAutoProxyCreator'
14:24:45.917 [Test worker] DEBUG o.s.b.f.s.DefaultListableBeanFactory - Creating shared instance of singleton bean 'aspectJAutoProxyAdviceOrderIntegrationTests.AfterAdviceLastConfig'
14:24:45.943 [Test worker] DEBUG o.s.a.a.a.ReflectiveAspectJAdvisorFactory - Found AspectJ method: java.lang.Object org.springframework.aop.framework.autoproxy.AspectJAutoProxyAdviceOrderIntegrationTests$AfterAdviceLastAspect.around(org.aspectj.lang.ProceedingJoinPoint) throws java.lang.Throwable
14:24:45.944 [Test worker] DEBUG o.s.a.a.a.ReflectiveAspectJAdvisorFactory - Found AspectJ method: void org.springframework.aop.framework.autoproxy.AspectJAutoProxyAdviceOrderIntegrationTests$AfterAdviceLastAspect.before()
14:24:45.945 [Test worker] DEBUG o.s.a.a.a.ReflectiveAspectJAdvisorFactory - Found AspectJ method: void org.springframework.aop.framework.autoproxy.AspectJAutoProxyAdviceOrderIntegrationTests$AfterAdviceLastAspect.after()
14:24:45.946 [Test worker] DEBUG o.s.a.a.a.ReflectiveAspectJAdvisorFactory - Found AspectJ method: void org.springframework.aop.framework.autoproxy.AspectJAutoProxyAdviceOrderIntegrationTests$AfterAdviceLastAspect.afterReturning()
14:24:45.946 [Test worker] DEBUG o.s.a.a.a.ReflectiveAspectJAdvisorFactory - Found AspectJ method: void org.springframework.aop.framework.autoproxy.AspectJAutoProxyAdviceOrderIntegrationTests$AfterAdviceLastAspect.afterThrowing()
14:24:46.027 [Test worker] DEBUG o.s.b.f.s.DefaultListableBeanFactory - Creating shared instance of singleton bean 'echoAspect'
14:24:46.064 [Test worker] DEBUG o.s.b.f.s.DefaultListableBeanFactory - Creating shared instance of singleton bean 'echo'
14:24:46.086 [Test worker] DEBUG o.s.t.c.c.DefaultCacheAwareContextLoaderDelegate - Storing ApplicationContext [1226774276] in cache under key [[MergedContextConfiguration@4c1115f testClass = AspectJAutoProxyAdviceOrderIntegrationTests.AfterAdviceLastTests, locations = '{}', classes = '{class org.springframework.aop.framework.autoproxy.AspectJAutoProxyAdviceOrderIntegrationTests$AfterAdviceLastConfig}', contextInitializerClasses = '[]', activeProfiles = '{}', propertySourceLocations = '{}', propertySourceProperties = '{}', contextCustomizers = set[[empty]], contextLoader = 'org.springframework.test.context.support.DelegatingSmartContextLoader', parent = [null]]]
14:24:46.087 [Test worker] DEBUG o.s.t.c.cache - Spring test ApplicationContext cache statistics: [DefaultContextCache@12587176 size = 2, maxSize = 32, parentContextCount = 0, hitCount = 37, missCount = 4]
14:24:46.090 [Test worker] DEBUG o.s.t.c.c.DefaultCacheAwareContextLoaderDelegate - Retrieved ApplicationContext [1226774276] from cache with key [[MergedContextConfiguration@4c1115f testClass = AspectJAutoProxyAdviceOrderIntegrationTests.AfterAdviceLastTests, locations = '{}', classes = '{class org.springframework.aop.framework.autoproxy.AspectJAutoProxyAdviceOrderIntegrationTests$AfterAdviceLastConfig}', contextInitializerClasses = '[]', activeProfiles = '{}', propertySourceLocations = '{}', propertySourceProperties = '{}', contextCustomizers = set[[empty]], contextLoader = 'org.springframework.test.context.support.DelegatingSmartContextLoader', parent = [null]]]
14:24:46.091 [Test worker] DEBUG o.s.t.c.cache - Spring test ApplicationContext cache statistics: [DefaultContextCache@12587176 size = 2, maxSize = 32, parentContextCount = 0, hitCount = 38, missCount = 4]
14:24:46.093 [Test worker] DEBUG o.s.t.c.s.AbstractDirtiesContextTestExecutionListener - Before test method: context [DefaultTestContext@7a418309 testClass = AspectJAutoProxyAdviceOrderIntegrationTests.AfterAdviceLastTests, testInstance = org.springframework.aop.framework.autoproxy.AspectJAutoProxyAdviceOrderIntegrationTests$AfterAdviceLastTests@5b97f438, testMethod = afterAdviceIsInvokedLast@AspectJAutoProxyAdviceOrderIntegrationTests.AfterAdviceLastTests, testException = [null], mergedContextConfiguration = [MergedContextConfiguration@4c1115f testClass = AspectJAutoProxyAdviceOrderIntegrationTests.AfterAdviceLastTests, locations = '{}', classes = '{class org.springframework.aop.framework.autoproxy.AspectJAutoProxyAdviceOrderIntegrationTests$AfterAdviceLastConfig}', contextInitializerClasses = '[]', activeProfiles = '{}', propertySourceLocations = '{}', propertySourceProperties = '{}', contextCustomizers = set[[empty]], contextLoader = 'org.springframework.test.context.support.DelegatingSmartContextLoader', parent = [null]], attributes = map[[empty]]], class annotated with @DirtiesContext [true] with mode [AFTER_CLASS], method annotated with @DirtiesContext [false] with mode [null].
14:24:46.094 [Test worker] DEBUG o.s.t.c.c.DefaultCacheAwareContextLoaderDelegate - Retrieved ApplicationContext [1226774276] from cache with key [[MergedContextConfiguration@4c1115f testClass = AspectJAutoProxyAdviceOrderIntegrationTests.AfterAdviceLastTests, locations = '{}', classes = '{class org.springframework.aop.framework.autoproxy.AspectJAutoProxyAdviceOrderIntegrationTests$AfterAdviceLastConfig}', contextInitializerClasses = '[]', activeProfiles = '{}', propertySourceLocations = '{}', propertySourceProperties = '{}', contextCustomizers = set[[empty]], contextLoader = 'org.springframework.test.context.support.DelegatingSmartContextLoader', parent = [null]]]
14:24:46.095 [Test worker] DEBUG o.s.t.c.cache - Spring test ApplicationContext cache statistics: [DefaultContextCache@12587176 size = 2, maxSize = 32, parentContextCount = 0, hitCount = 39, missCount = 4]
14:24:46.096 [Test worker] DEBUG o.s.t.c.c.DefaultCacheAwareContextLoaderDelegate - Retrieved ApplicationContext [1226774276] from cache with key [[MergedContextConfiguration@4c1115f testClass = AspectJAutoProxyAdviceOrderIntegrationTests.AfterAdviceLastTests, locations = '{}', classes = '{class org.springframework.aop.framework.autoproxy.AspectJAutoProxyAdviceOrderIntegrationTests$AfterAdviceLastConfig}', contextInitializerClasses = '[]', activeProfiles = '{}', propertySourceLocations = '{}', propertySourceProperties = '{}', contextCustomizers = set[[empty]], contextLoader = 'org.springframework.test.context.support.DelegatingSmartContextLoader', parent = [null]]]
14:24:46.096 [Test worker] DEBUG o.s.t.c.cache - Spring test ApplicationContext cache statistics: [DefaultContextCache@12587176 size = 2, maxSize = 32, parentContextCount = 0, hitCount = 40, missCount = 4]
14:24:46.098 [Test worker] DEBUG o.s.t.c.c.DefaultCacheAwareContextLoaderDelegate - Retrieved ApplicationContext [1226774276] from cache with key [[MergedContextConfiguration@4c1115f testClass = AspectJAutoProxyAdviceOrderIntegrationTests.AfterAdviceLastTests, locations = '{}', classes = '{class org.springframework.aop.framework.autoproxy.AspectJAutoProxyAdviceOrderIntegrationTests$AfterAdviceLastConfig}', contextInitializerClasses = '[]', activeProfiles = '{}', propertySourceLocations = '{}', propertySourceProperties = '{}', contextCustomizers = set[[empty]], contextLoader = 'org.springframework.test.context.support.DelegatingSmartContextLoader', parent = [null]]]
14:24:46.098 [Test worker] DEBUG o.s.t.c.cache - Spring test ApplicationContext cache statistics: [DefaultContextCache@12587176 size = 2, maxSize = 32, parentContextCount = 0, hitCount = 41, missCount = 4]
14:24:46.100 [Test worker] DEBUG o.s.t.c.c.DefaultCacheAwareContextLoaderDelegate - Retrieved ApplicationContext [1226774276] from cache with key [[MergedContextConfiguration@4c1115f testClass = AspectJAutoProxyAdviceOrderIntegrationTests.AfterAdviceLastTests, locations = '{}', classes = '{class org.springframework.aop.framework.autoproxy.AspectJAutoProxyAdviceOrderIntegrationTests$AfterAdviceLastConfig}', contextInitializerClasses = '[]', activeProfiles = '{}', propertySourceLocations = '{}', propertySourceProperties = '{}', contextCustomizers = set[[empty]], contextLoader = 'org.springframework.test.context.support.DelegatingSmartContextLoader', parent = [null]]]
14:24:46.102 [Test worker] DEBUG o.s.t.c.cache - Spring test ApplicationContext cache statistics: [DefaultContextCache@12587176 size = 2, maxSize = 32, parentContextCount = 0, hitCount = 42, missCount = 4]
14:24:46.106 [Test worker] DEBUG o.s.t.c.c.DefaultCacheAwareContextLoaderDelegate - Retrieved ApplicationContext [1226774276] from cache with key [[MergedContextConfiguration@4c1115f testClass = AspectJAutoProxyAdviceOrderIntegrationTests.AfterAdviceLastTests, locations = '{}', classes = '{class org.springframework.aop.framework.autoproxy.AspectJAutoProxyAdviceOrderIntegrationTests$AfterAdviceLastConfig}', contextInitializerClasses = '[]', activeProfiles = '{}', propertySourceLocations = '{}', propertySourceProperties = '{}', contextCustomizers = set[[empty]], contextLoader = 'org.springframework.test.context.support.DelegatingSmartContextLoader', parent = [null]]]
14:24:46.106 [Test worker] DEBUG o.s.t.c.cache - Spring test ApplicationContext cache statistics: [DefaultContextCache@12587176 size = 2, maxSize = 32, parentContextCount = 0, hitCount = 43, missCount = 4]
14:24:46.107 [Test worker] DEBUG o.s.t.c.c.DefaultCacheAwareContextLoaderDelegate - Retrieved ApplicationContext [1226774276] from cache with key [[MergedContextConfiguration@4c1115f testClass = AspectJAutoProxyAdviceOrderIntegrationTests.AfterAdviceLastTests, locations = '{}', classes = '{class org.springframework.aop.framework.autoproxy.AspectJAutoProxyAdviceOrderIntegrationTests$AfterAdviceLastConfig}', contextInitializerClasses = '[]', activeProfiles = '{}', propertySourceLocations = '{}', propertySourceProperties = '{}', contextCustomizers = set[[empty]], contextLoader = 'org.springframework.test.context.support.DelegatingSmartContextLoader', parent = [null]]]
14:24:46.107 [Test worker] DEBUG o.s.t.c.cache - Spring test ApplicationContext cache statistics: [DefaultContextCache@12587176 size = 2, maxSize = 32, parentContextCount = 0, hitCount = 44, missCount = 4]
14:24:46.108 [Test worker] DEBUG o.s.t.c.s.AbstractDirtiesContextTestExecutionListener - After test method: context [DefaultTestContext@7a418309 testClass = AspectJAutoProxyAdviceOrderIntegrationTests.AfterAdviceLastTests, testInstance = org.springframework.aop.framework.autoproxy.AspectJAutoProxyAdviceOrderIntegrationTests$AfterAdviceLastTests@5b97f438, testMethod = afterAdviceIsInvokedLast@AspectJAutoProxyAdviceOrderIntegrationTests.AfterAdviceLastTests, testException = [null], mergedContextConfiguration = [MergedContextConfiguration@4c1115f testClass = AspectJAutoProxyAdviceOrderIntegrationTests.AfterAdviceLastTests, locations = '{}', classes = '{class org.springframework.aop.framework.autoproxy.AspectJAutoProxyAdviceOrderIntegrationTests$AfterAdviceLastConfig}', contextInitializerClasses = '[]', activeProfiles = '{}', propertySourceLocations = '{}', propertySourceProperties = '{}', contextCustomizers = set[[empty]], contextLoader = 'org.springframework.test.context.support.DelegatingSmartContextLoader', parent = [null]], attributes = map[[empty]]], class annotated with @DirtiesContext [true] with mode [AFTER_CLASS], method annotated with @DirtiesContext [false] with mode [null].
14:24:46.109 [Test worker] DEBUG o.s.t.c.c.DefaultCacheAwareContextLoaderDelegate - Retrieved ApplicationContext [1226774276] from cache with key [[MergedContextConfiguration@4c1115f testClass = AspectJAutoProxyAdviceOrderIntegrationTests.AfterAdviceLastTests, locations = '{}', classes = '{class org.springframework.aop.framework.autoproxy.AspectJAutoProxyAdviceOrderIntegrationTests$AfterAdviceLastConfig}', contextInitializerClasses = '[]', activeProfiles = '{}', propertySourceLocations = '{}', propertySourceProperties = '{}', contextCustomizers = set[[empty]], contextLoader = 'org.springframework.test.context.support.DelegatingSmartContextLoader', parent = [null]]]
14:24:46.109 [Test worker] DEBUG o.s.t.c.cache - Spring test ApplicationContext cache statistics: [DefaultContextCache@12587176 size = 2, maxSize = 32, parentContextCount = 0, hitCount = 45, missCount = 4]
14:24:46.110 [Test worker] DEBUG o.s.t.c.s.AbstractDirtiesContextTestExecutionListener - After test class: context [DefaultTestContext@7a418309 testClass = AspectJAutoProxyAdviceOrderIntegrationTests.AfterAdviceLastTests, testInstance = [null], testMethod = [null], testException = [null], mergedContextConfiguration = [MergedContextConfiguration@4c1115f testClass = AspectJAutoProxyAdviceOrderIntegrationTests.AfterAdviceLastTests, locations = '{}', classes = '{class org.springframework.aop.framework.autoproxy.AspectJAutoProxyAdviceOrderIntegrationTests$AfterAdviceLastConfig}', contextInitializerClasses = '[]', activeProfiles = '{}', propertySourceLocations = '{}', propertySourceProperties = '{}', contextCustomizers = set[[empty]], contextLoader = 'org.springframework.test.context.support.DelegatingSmartContextLoader', parent = [null]], attributes = map[[empty]]], class annotated with @DirtiesContext [true] with mode [AFTER_CLASS].
14:24:46.110 [Test worker] DEBUG o.s.c.s.GenericApplicationContext - Closing org.springframework.context.support.GenericApplicationContext@491f1704, started on Sat Dec 12 14:24:45 CST 2020
]]></system-out>
  <system-err><![CDATA[]]></system-err>
</testsuite>
