<?xml version="1.0" encoding="UTF-8"?>
<testsuite name="org.springframework.context.annotation.scope.ClassPathBeanDefinitionScannerScopeIntegrationTests" tests="9" skipped="0" failures="0" errors="0" timestamp="2020-12-12T06:24:47" hostname="DESKTOP-TMNPDT1" time="0.518">
  <properties/>
  <testcase name="sessionScopeWithNoProxy()" classname="org.springframework.context.annotation.scope.ClassPathBeanDefinitionScannerScopeIntegrationTests" time="0.034"/>
  <testcase name="requestScopeWithNoProxy()" classname="org.springframework.context.annotation.scope.ClassPathBeanDefinitionScannerScopeIntegrationTests" time="0.025"/>
  <testcase name="singletonScopeWithNoProxy()" classname="org.springframework.context.annotation.scope.ClassPathBeanDefinitionScannerScopeIntegrationTests" time="0.015"/>
  <testcase name="sessionScopeWithProxiedTargetClass()" classname="org.springframework.context.annotation.scope.ClassPathBeanDefinitionScannerScopeIntegrationTests" time="0.127"/>
  <testcase name="singletonScopeIgnoresProxyInterfaces()" classname="org.springframework.context.annotation.scope.ClassPathBeanDefinitionScannerScopeIntegrationTests" time="0.067"/>
  <testcase name="requestScopeWithProxiedTargetClass()" classname="org.springframework.context.annotation.scope.ClassPathBeanDefinitionScannerScopeIntegrationTests" time="0.045"/>
  <testcase name="singletonScopeIgnoresProxyTargetClass()" classname="org.springframework.context.annotation.scope.ClassPathBeanDefinitionScannerScopeIntegrationTests" time="0.033"/>
  <testcase name="requestScopeWithProxiedInterfaces()" classname="org.springframework.context.annotation.scope.ClassPathBeanDefinitionScannerScopeIntegrationTests" time="0.102"/>
  <testcase name="sessionScopeWithProxiedInterfaces()" classname="org.springframework.context.annotation.scope.ClassPathBeanDefinitionScannerScopeIntegrationTests" time="0.06"/>
  <system-out><![CDATA[14:24:47.998 [Test worker] DEBUG o.s.c.a.ClassPathBeanDefinitionScanner - Identified candidate component class: file [D:\IDEA\source_code\spring-framework-V5.1.11.RELEASE\spring-framework\integration-tests\build\classes\java\test\org\springframework\context\annotation\scope\ClassPathBeanDefinitionScannerScopeIntegrationTests$RequestScopedTestBean.class]
14:24:48.000 [Test worker] DEBUG o.s.c.a.ClassPathBeanDefinitionScanner - Identified candidate component class: file [D:\IDEA\source_code\spring-framework-V5.1.11.RELEASE\spring-framework\integration-tests\build\classes\java\test\org\springframework\context\annotation\scope\ClassPathBeanDefinitionScannerScopeIntegrationTests$SessionScopedTestBean.class]
14:24:48.002 [Test worker] DEBUG o.s.c.a.ClassPathBeanDefinitionScanner - Identified candidate component class: file [D:\IDEA\source_code\spring-framework-V5.1.11.RELEASE\spring-framework\integration-tests\build\classes\java\test\org\springframework\context\annotation\scope\ClassPathBeanDefinitionScannerScopeIntegrationTests$SingletonScopedTestBean.class]
14:24:48.010 [Test worker] DEBUG o.s.c.a.ClassPathBeanDefinitionScanner - Identified candidate component class: file [D:\IDEA\source_code\spring-framework-V5.1.11.RELEASE\spring-framework\integration-tests\build\classes\java\test\org\springframework\context\annotation\scope\ClassPathBeanDefinitionScannerScopeIntegrationTests$RequestScopedTestBean.class]
14:24:48.010 [Test worker] DEBUG o.s.c.a.ClassPathBeanDefinitionScanner - Identified candidate component class: file [D:\IDEA\source_code\spring-framework-V5.1.11.RELEASE\spring-framework\integration-tests\build\classes\java\test\org\springframework\context\annotation\scope\ClassPathBeanDefinitionScannerScopeIntegrationTests$SessionScopedTestBean.class]
14:24:48.010 [Test worker] DEBUG o.s.c.a.ClassPathBeanDefinitionScanner - Identified candidate component class: file [D:\IDEA\source_code\spring-framework-V5.1.11.RELEASE\spring-framework\integration-tests\build\classes\java\test\org\springframework\context\annotation\scope\ClassPathBeanDefinitionScannerScopeIntegrationTests$SingletonScopedTestBean.class]
14:24:48.011 [Test worker] DEBUG o.s.w.c.s.GenericWebApplicationContext - Refreshing org.springframework.web.context.support.GenericWebApplicationContext@13c86837
14:24:48.012 [Test worker] DEBUG o.s.u.c.s.UiApplicationContextUtils - Unable to locate ThemeSource with name 'themeSource': using default [org.springframework.ui.context.support.ResourceBundleThemeSource@f0b9438]
14:24:48.012 [Test worker] DEBUG o.s.b.f.s.DefaultListableBeanFactory - Creating shared instance of singleton bean 'singleton'
14:24:48.031 [Test worker] DEBUG o.s.c.a.ClassPathBeanDefinitionScanner - Identified candidate component class: file [D:\IDEA\source_code\spring-framework-V5.1.11.RELEASE\spring-framework\integration-tests\build\classes\java\test\org\springframework\context\annotation\scope\ClassPathBeanDefinitionScannerScopeIntegrationTests$RequestScopedTestBean.class]
14:24:48.033 [Test worker] DEBUG o.s.c.a.ClassPathBeanDefinitionScanner - Identified candidate component class: file [D:\IDEA\source_code\spring-framework-V5.1.11.RELEASE\spring-framework\integration-tests\build\classes\java\test\org\springframework\context\annotation\scope\ClassPathBeanDefinitionScannerScopeIntegrationTests$SessionScopedTestBean.class]
14:24:48.033 [Test worker] DEBUG o.s.c.a.ClassPathBeanDefinitionScanner - Identified candidate component class: file [D:\IDEA\source_code\spring-framework-V5.1.11.RELEASE\spring-framework\integration-tests\build\classes\java\test\org\springframework\context\annotation\scope\ClassPathBeanDefinitionScannerScopeIntegrationTests$SingletonScopedTestBean.class]
14:24:48.037 [Test worker] DEBUG o.s.c.a.ClassPathBeanDefinitionScanner - Identified candidate component class: file [D:\IDEA\source_code\spring-framework-V5.1.11.RELEASE\spring-framework\integration-tests\build\classes\java\test\org\springframework\context\annotation\scope\ClassPathBeanDefinitionScannerScopeIntegrationTests$RequestScopedTestBean.class]
14:24:48.037 [Test worker] DEBUG o.s.c.a.ClassPathBeanDefinitionScanner - Identified candidate component class: file [D:\IDEA\source_code\spring-framework-V5.1.11.RELEASE\spring-framework\integration-tests\build\classes\java\test\org\springframework\context\annotation\scope\ClassPathBeanDefinitionScannerScopeIntegrationTests$SessionScopedTestBean.class]
14:24:48.037 [Test worker] DEBUG o.s.c.a.ClassPathBeanDefinitionScanner - Identified candidate component class: file [D:\IDEA\source_code\spring-framework-V5.1.11.RELEASE\spring-framework\integration-tests\build\classes\java\test\org\springframework\context\annotation\scope\ClassPathBeanDefinitionScannerScopeIntegrationTests$SingletonScopedTestBean.class]
14:24:48.038 [Test worker] DEBUG o.s.w.c.s.GenericWebApplicationContext - Refreshing org.springframework.web.context.support.GenericWebApplicationContext@62bdc2b8
14:24:48.039 [Test worker] DEBUG o.s.u.c.s.UiApplicationContextUtils - Unable to locate ThemeSource with name 'themeSource': using default [org.springframework.ui.context.support.ResourceBundleThemeSource@2eb3afb6]
14:24:48.039 [Test worker] DEBUG o.s.b.f.s.DefaultListableBeanFactory - Creating shared instance of singleton bean 'singleton'
14:24:48.049 [Test worker] DEBUG o.s.c.a.ClassPathBeanDefinitionScanner - Identified candidate component class: file [D:\IDEA\source_code\spring-framework-V5.1.11.RELEASE\spring-framework\integration-tests\build\classes\java\test\org\springframework\context\annotation\scope\ClassPathBeanDefinitionScannerScopeIntegrationTests$RequestScopedTestBean.class]
14:24:48.051 [Test worker] DEBUG o.s.c.a.ClassPathBeanDefinitionScanner - Identified candidate component class: file [D:\IDEA\source_code\spring-framework-V5.1.11.RELEASE\spring-framework\integration-tests\build\classes\java\test\org\springframework\context\annotation\scope\ClassPathBeanDefinitionScannerScopeIntegrationTests$SessionScopedTestBean.class]
14:24:48.052 [Test worker] DEBUG o.s.c.a.ClassPathBeanDefinitionScanner - Identified candidate component class: file [D:\IDEA\source_code\spring-framework-V5.1.11.RELEASE\spring-framework\integration-tests\build\classes\java\test\org\springframework\context\annotation\scope\ClassPathBeanDefinitionScannerScopeIntegrationTests$SingletonScopedTestBean.class]
14:24:48.054 [Test worker] DEBUG o.s.c.a.ClassPathBeanDefinitionScanner - Identified candidate component class: file [D:\IDEA\source_code\spring-framework-V5.1.11.RELEASE\spring-framework\integration-tests\build\classes\java\test\org\springframework\context\annotation\scope\ClassPathBeanDefinitionScannerScopeIntegrationTests$RequestScopedTestBean.class]
14:24:48.054 [Test worker] DEBUG o.s.c.a.ClassPathBeanDefinitionScanner - Identified candidate component class: file [D:\IDEA\source_code\spring-framework-V5.1.11.RELEASE\spring-framework\integration-tests\build\classes\java\test\org\springframework\context\annotation\scope\ClassPathBeanDefinitionScannerScopeIntegrationTests$SessionScopedTestBean.class]
14:24:48.054 [Test worker] DEBUG o.s.c.a.ClassPathBeanDefinitionScanner - Identified candidate component class: file [D:\IDEA\source_code\spring-framework-V5.1.11.RELEASE\spring-framework\integration-tests\build\classes\java\test\org\springframework\context\annotation\scope\ClassPathBeanDefinitionScannerScopeIntegrationTests$SingletonScopedTestBean.class]
14:24:48.055 [Test worker] DEBUG o.s.w.c.s.GenericWebApplicationContext - Refreshing org.springframework.web.context.support.GenericWebApplicationContext@4c48d814
14:24:48.056 [Test worker] DEBUG o.s.u.c.s.UiApplicationContextUtils - Unable to locate ThemeSource with name 'themeSource': using default [org.springframework.ui.context.support.ResourceBundleThemeSource@49214602]
14:24:48.056 [Test worker] DEBUG o.s.b.f.s.DefaultListableBeanFactory - Creating shared instance of singleton bean 'singleton'
14:24:48.097 [Test worker] DEBUG o.s.c.a.ClassPathBeanDefinitionScanner - Identified candidate component class: file [D:\IDEA\source_code\spring-framework-V5.1.11.RELEASE\spring-framework\integration-tests\build\classes\java\test\org\springframework\context\annotation\scope\ClassPathBeanDefinitionScannerScopeIntegrationTests$RequestScopedTestBean.class]
14:24:48.099 [Test worker] DEBUG o.s.c.a.ClassPathBeanDefinitionScanner - Identified candidate component class: file [D:\IDEA\source_code\spring-framework-V5.1.11.RELEASE\spring-framework\integration-tests\build\classes\java\test\org\springframework\context\annotation\scope\ClassPathBeanDefinitionScannerScopeIntegrationTests$SessionScopedTestBean.class]
14:24:48.105 [Test worker] DEBUG o.s.c.a.ClassPathBeanDefinitionScanner - Identified candidate component class: file [D:\IDEA\source_code\spring-framework-V5.1.11.RELEASE\spring-framework\integration-tests\build\classes\java\test\org\springframework\context\annotation\scope\ClassPathBeanDefinitionScannerScopeIntegrationTests$SingletonScopedTestBean.class]
14:24:48.121 [Test worker] DEBUG o.s.c.a.ClassPathBeanDefinitionScanner - Identified candidate component class: file [D:\IDEA\source_code\spring-framework-V5.1.11.RELEASE\spring-framework\integration-tests\build\classes\java\test\org\springframework\context\annotation\scope\ClassPathBeanDefinitionScannerScopeIntegrationTests$RequestScopedTestBean.class]
14:24:48.122 [Test worker] DEBUG o.s.c.a.ClassPathBeanDefinitionScanner - Identified candidate component class: file [D:\IDEA\source_code\spring-framework-V5.1.11.RELEASE\spring-framework\integration-tests\build\classes\java\test\org\springframework\context\annotation\scope\ClassPathBeanDefinitionScannerScopeIntegrationTests$SessionScopedTestBean.class]
14:24:48.124 [Test worker] DEBUG o.s.c.a.ClassPathBeanDefinitionScanner - Identified candidate component class: file [D:\IDEA\source_code\spring-framework-V5.1.11.RELEASE\spring-framework\integration-tests\build\classes\java\test\org\springframework\context\annotation\scope\ClassPathBeanDefinitionScannerScopeIntegrationTests$SingletonScopedTestBean.class]
14:24:48.125 [Test worker] DEBUG o.s.w.c.s.GenericWebApplicationContext - Refreshing org.springframework.web.context.support.GenericWebApplicationContext@6f4f505f
14:24:48.126 [Test worker] DEBUG o.s.u.c.s.UiApplicationContextUtils - Unable to locate ThemeSource with name 'themeSource': using default [org.springframework.ui.context.support.ResourceBundleThemeSource@f1093e0]
14:24:48.127 [Test worker] DEBUG o.s.b.f.s.DefaultListableBeanFactory - Creating shared instance of singleton bean 'request'
14:24:48.152 [Test worker] DEBUG o.s.b.f.s.DefaultListableBeanFactory - Creating shared instance of singleton bean 'session'
14:24:48.168 [Test worker] DEBUG o.s.b.f.s.DefaultListableBeanFactory - Creating shared instance of singleton bean 'singleton'
14:24:48.209 [Test worker] DEBUG o.s.c.a.ClassPathBeanDefinitionScanner - Identified candidate component class: file [D:\IDEA\source_code\spring-framework-V5.1.11.RELEASE\spring-framework\integration-tests\build\classes\java\test\org\springframework\context\annotation\scope\ClassPathBeanDefinitionScannerScopeIntegrationTests$RequestScopedTestBean.class]
14:24:48.211 [Test worker] DEBUG o.s.c.a.ClassPathBeanDefinitionScanner - Identified candidate component class: file [D:\IDEA\source_code\spring-framework-V5.1.11.RELEASE\spring-framework\integration-tests\build\classes\java\test\org\springframework\context\annotation\scope\ClassPathBeanDefinitionScannerScopeIntegrationTests$SessionScopedTestBean.class]
14:24:48.212 [Test worker] DEBUG o.s.c.a.ClassPathBeanDefinitionScanner - Identified candidate component class: file [D:\IDEA\source_code\spring-framework-V5.1.11.RELEASE\spring-framework\integration-tests\build\classes\java\test\org\springframework\context\annotation\scope\ClassPathBeanDefinitionScannerScopeIntegrationTests$SingletonScopedTestBean.class]
14:24:48.220 [Test worker] DEBUG o.s.c.a.ClassPathBeanDefinitionScanner - Identified candidate component class: file [D:\IDEA\source_code\spring-framework-V5.1.11.RELEASE\spring-framework\integration-tests\build\classes\java\test\org\springframework\context\annotation\scope\ClassPathBeanDefinitionScannerScopeIntegrationTests$RequestScopedTestBean.class]
14:24:48.221 [Test worker] DEBUG o.s.c.a.ClassPathBeanDefinitionScanner - Identified candidate component class: file [D:\IDEA\source_code\spring-framework-V5.1.11.RELEASE\spring-framework\integration-tests\build\classes\java\test\org\springframework\context\annotation\scope\ClassPathBeanDefinitionScannerScopeIntegrationTests$SessionScopedTestBean.class]
14:24:48.221 [Test worker] DEBUG o.s.c.a.ClassPathBeanDefinitionScanner - Identified candidate component class: file [D:\IDEA\source_code\spring-framework-V5.1.11.RELEASE\spring-framework\integration-tests\build\classes\java\test\org\springframework\context\annotation\scope\ClassPathBeanDefinitionScannerScopeIntegrationTests$SingletonScopedTestBean.class]
14:24:48.222 [Test worker] DEBUG o.s.w.c.s.GenericWebApplicationContext - Refreshing org.springframework.web.context.support.GenericWebApplicationContext@77f6e9b3
14:24:48.224 [Test worker] DEBUG o.s.u.c.s.UiApplicationContextUtils - Unable to locate ThemeSource with name 'themeSource': using default [org.springframework.ui.context.support.ResourceBundleThemeSource@1dafa3a4]
14:24:48.224 [Test worker] DEBUG o.s.b.f.s.DefaultListableBeanFactory - Creating shared instance of singleton bean 'request'
14:24:48.250 [Test worker] DEBUG o.s.b.f.s.DefaultListableBeanFactory - Creating shared instance of singleton bean 'session'
14:24:48.251 [Test worker] DEBUG o.s.b.f.s.DefaultListableBeanFactory - Creating shared instance of singleton bean 'singleton'
14:24:48.268 [Test worker] DEBUG o.s.c.a.ClassPathBeanDefinitionScanner - Identified candidate component class: file [D:\IDEA\source_code\spring-framework-V5.1.11.RELEASE\spring-framework\integration-tests\build\classes\java\test\org\springframework\context\annotation\scope\ClassPathBeanDefinitionScannerScopeIntegrationTests$RequestScopedTestBean.class]
14:24:48.271 [Test worker] DEBUG o.s.c.a.ClassPathBeanDefinitionScanner - Identified candidate component class: file [D:\IDEA\source_code\spring-framework-V5.1.11.RELEASE\spring-framework\integration-tests\build\classes\java\test\org\springframework\context\annotation\scope\ClassPathBeanDefinitionScannerScopeIntegrationTests$SessionScopedTestBean.class]
14:24:48.274 [Test worker] DEBUG o.s.c.a.ClassPathBeanDefinitionScanner - Identified candidate component class: file [D:\IDEA\source_code\spring-framework-V5.1.11.RELEASE\spring-framework\integration-tests\build\classes\java\test\org\springframework\context\annotation\scope\ClassPathBeanDefinitionScannerScopeIntegrationTests$SingletonScopedTestBean.class]
14:24:48.281 [Test worker] DEBUG o.s.c.a.ClassPathBeanDefinitionScanner - Identified candidate component class: file [D:\IDEA\source_code\spring-framework-V5.1.11.RELEASE\spring-framework\integration-tests\build\classes\java\test\org\springframework\context\annotation\scope\ClassPathBeanDefinitionScannerScopeIntegrationTests$RequestScopedTestBean.class]
14:24:48.282 [Test worker] DEBUG o.s.c.a.ClassPathBeanDefinitionScanner - Identified candidate component class: file [D:\IDEA\source_code\spring-framework-V5.1.11.RELEASE\spring-framework\integration-tests\build\classes\java\test\org\springframework\context\annotation\scope\ClassPathBeanDefinitionScannerScopeIntegrationTests$SessionScopedTestBean.class]
14:24:48.282 [Test worker] DEBUG o.s.c.a.ClassPathBeanDefinitionScanner - Identified candidate component class: file [D:\IDEA\source_code\spring-framework-V5.1.11.RELEASE\spring-framework\integration-tests\build\classes\java\test\org\springframework\context\annotation\scope\ClassPathBeanDefinitionScannerScopeIntegrationTests$SingletonScopedTestBean.class]
14:24:48.283 [Test worker] DEBUG o.s.w.c.s.GenericWebApplicationContext - Refreshing org.springframework.web.context.support.GenericWebApplicationContext@6c162836
14:24:48.284 [Test worker] DEBUG o.s.u.c.s.UiApplicationContextUtils - Unable to locate ThemeSource with name 'themeSource': using default [org.springframework.ui.context.support.ResourceBundleThemeSource@38398903]
14:24:48.285 [Test worker] DEBUG o.s.b.f.s.DefaultListableBeanFactory - Creating shared instance of singleton bean 'request'
14:24:48.287 [Test worker] DEBUG o.s.b.f.s.DefaultListableBeanFactory - Creating shared instance of singleton bean 'session'
14:24:48.294 [Test worker] DEBUG o.s.b.f.s.DefaultListableBeanFactory - Creating shared instance of singleton bean 'singleton'
14:24:48.306 [Test worker] DEBUG o.s.c.a.ClassPathBeanDefinitionScanner - Identified candidate component class: file [D:\IDEA\source_code\spring-framework-V5.1.11.RELEASE\spring-framework\integration-tests\build\classes\java\test\org\springframework\context\annotation\scope\ClassPathBeanDefinitionScannerScopeIntegrationTests$RequestScopedTestBean.class]
14:24:48.308 [Test worker] DEBUG o.s.c.a.ClassPathBeanDefinitionScanner - Identified candidate component class: file [D:\IDEA\source_code\spring-framework-V5.1.11.RELEASE\spring-framework\integration-tests\build\classes\java\test\org\springframework\context\annotation\scope\ClassPathBeanDefinitionScannerScopeIntegrationTests$SessionScopedTestBean.class]
14:24:48.309 [Test worker] DEBUG o.s.c.a.ClassPathBeanDefinitionScanner - Identified candidate component class: file [D:\IDEA\source_code\spring-framework-V5.1.11.RELEASE\spring-framework\integration-tests\build\classes\java\test\org\springframework\context\annotation\scope\ClassPathBeanDefinitionScannerScopeIntegrationTests$SingletonScopedTestBean.class]
14:24:48.320 [Test worker] DEBUG o.s.c.a.ClassPathBeanDefinitionScanner - Identified candidate component class: file [D:\IDEA\source_code\spring-framework-V5.1.11.RELEASE\spring-framework\integration-tests\build\classes\java\test\org\springframework\context\annotation\scope\ClassPathBeanDefinitionScannerScopeIntegrationTests$RequestScopedTestBean.class]
14:24:48.321 [Test worker] DEBUG o.s.c.a.ClassPathBeanDefinitionScanner - Identified candidate component class: file [D:\IDEA\source_code\spring-framework-V5.1.11.RELEASE\spring-framework\integration-tests\build\classes\java\test\org\springframework\context\annotation\scope\ClassPathBeanDefinitionScannerScopeIntegrationTests$SessionScopedTestBean.class]
14:24:48.328 [Test worker] DEBUG o.s.c.a.ClassPathBeanDefinitionScanner - Identified candidate component class: file [D:\IDEA\source_code\spring-framework-V5.1.11.RELEASE\spring-framework\integration-tests\build\classes\java\test\org\springframework\context\annotation\scope\ClassPathBeanDefinitionScannerScopeIntegrationTests$SingletonScopedTestBean.class]
14:24:48.330 [Test worker] DEBUG o.s.w.c.s.GenericWebApplicationContext - Refreshing org.springframework.web.context.support.GenericWebApplicationContext@34e6b48a
14:24:48.331 [Test worker] DEBUG o.s.u.c.s.UiApplicationContextUtils - Unable to locate ThemeSource with name 'themeSource': using default [org.springframework.ui.context.support.ResourceBundleThemeSource@4ee7977e]
14:24:48.331 [Test worker] DEBUG o.s.b.f.s.DefaultListableBeanFactory - Creating shared instance of singleton bean 'request'
14:24:48.333 [Test worker] DEBUG o.s.b.f.s.DefaultListableBeanFactory - Creating shared instance of singleton bean 'session'
14:24:48.333 [Test worker] DEBUG o.s.b.f.s.DefaultListableBeanFactory - Creating shared instance of singleton bean 'singleton'
14:24:48.344 [Test worker] DEBUG o.s.c.a.ClassPathBeanDefinitionScanner - Identified candidate component class: file [D:\IDEA\source_code\spring-framework-V5.1.11.RELEASE\spring-framework\integration-tests\build\classes\java\test\org\springframework\context\annotation\scope\ClassPathBeanDefinitionScannerScopeIntegrationTests$RequestScopedTestBean.class]
14:24:48.348 [Test worker] DEBUG o.s.c.a.ClassPathBeanDefinitionScanner - Identified candidate component class: file [D:\IDEA\source_code\spring-framework-V5.1.11.RELEASE\spring-framework\integration-tests\build\classes\java\test\org\springframework\context\annotation\scope\ClassPathBeanDefinitionScannerScopeIntegrationTests$SessionScopedTestBean.class]
14:24:48.349 [Test worker] DEBUG o.s.c.a.ClassPathBeanDefinitionScanner - Identified candidate component class: file [D:\IDEA\source_code\spring-framework-V5.1.11.RELEASE\spring-framework\integration-tests\build\classes\java\test\org\springframework\context\annotation\scope\ClassPathBeanDefinitionScannerScopeIntegrationTests$SingletonScopedTestBean.class]
14:24:48.365 [Test worker] DEBUG o.s.c.a.ClassPathBeanDefinitionScanner - Identified candidate component class: file [D:\IDEA\source_code\spring-framework-V5.1.11.RELEASE\spring-framework\integration-tests\build\classes\java\test\org\springframework\context\annotation\scope\ClassPathBeanDefinitionScannerScopeIntegrationTests$RequestScopedTestBean.class]
14:24:48.366 [Test worker] DEBUG o.s.c.a.ClassPathBeanDefinitionScanner - Identified candidate component class: file [D:\IDEA\source_code\spring-framework-V5.1.11.RELEASE\spring-framework\integration-tests\build\classes\java\test\org\springframework\context\annotation\scope\ClassPathBeanDefinitionScannerScopeIntegrationTests$SessionScopedTestBean.class]
14:24:48.366 [Test worker] DEBUG o.s.c.a.ClassPathBeanDefinitionScanner - Identified candidate component class: file [D:\IDEA\source_code\spring-framework-V5.1.11.RELEASE\spring-framework\integration-tests\build\classes\java\test\org\springframework\context\annotation\scope\ClassPathBeanDefinitionScannerScopeIntegrationTests$SingletonScopedTestBean.class]
14:24:48.367 [Test worker] DEBUG o.s.w.c.s.GenericWebApplicationContext - Refreshing org.springframework.web.context.support.GenericWebApplicationContext@5f519949
14:24:48.424 [Test worker] DEBUG o.s.u.c.s.UiApplicationContextUtils - Unable to locate ThemeSource with name 'themeSource': using default [org.springframework.ui.context.support.ResourceBundleThemeSource@696e70f1]
14:24:48.424 [Test worker] DEBUG o.s.b.f.s.DefaultListableBeanFactory - Creating shared instance of singleton bean 'request'
14:24:48.425 [Test worker] DEBUG o.s.b.f.s.DefaultListableBeanFactory - Creating shared instance of singleton bean 'session'
14:24:48.427 [Test worker] DEBUG o.s.b.f.s.DefaultListableBeanFactory - Creating shared instance of singleton bean 'singleton'
14:24:48.466 [Test worker] DEBUG o.s.c.a.ClassPathBeanDefinitionScanner - Identified candidate component class: file [D:\IDEA\source_code\spring-framework-V5.1.11.RELEASE\spring-framework\integration-tests\build\classes\java\test\org\springframework\context\annotation\scope\ClassPathBeanDefinitionScannerScopeIntegrationTests$RequestScopedTestBean.class]
14:24:48.468 [Test worker] DEBUG o.s.c.a.ClassPathBeanDefinitionScanner - Identified candidate component class: file [D:\IDEA\source_code\spring-framework-V5.1.11.RELEASE\spring-framework\integration-tests\build\classes\java\test\org\springframework\context\annotation\scope\ClassPathBeanDefinitionScannerScopeIntegrationTests$SessionScopedTestBean.class]
14:24:48.469 [Test worker] DEBUG o.s.c.a.ClassPathBeanDefinitionScanner - Identified candidate component class: file [D:\IDEA\source_code\spring-framework-V5.1.11.RELEASE\spring-framework\integration-tests\build\classes\java\test\org\springframework\context\annotation\scope\ClassPathBeanDefinitionScannerScopeIntegrationTests$SingletonScopedTestBean.class]
14:24:48.479 [Test worker] DEBUG o.s.c.a.ClassPathBeanDefinitionScanner - Identified candidate component class: file [D:\IDEA\source_code\spring-framework-V5.1.11.RELEASE\spring-framework\integration-tests\build\classes\java\test\org\springframework\context\annotation\scope\ClassPathBeanDefinitionScannerScopeIntegrationTests$RequestScopedTestBean.class]
14:24:48.480 [Test worker] DEBUG o.s.c.a.ClassPathBeanDefinitionScanner - Identified candidate component class: file [D:\IDEA\source_code\spring-framework-V5.1.11.RELEASE\spring-framework\integration-tests\build\classes\java\test\org\springframework\context\annotation\scope\ClassPathBeanDefinitionScannerScopeIntegrationTests$SessionScopedTestBean.class]
14:24:48.480 [Test worker] DEBUG o.s.c.a.ClassPathBeanDefinitionScanner - Identified candidate component class: file [D:\IDEA\source_code\spring-framework-V5.1.11.RELEASE\spring-framework\integration-tests\build\classes\java\test\org\springframework\context\annotation\scope\ClassPathBeanDefinitionScannerScopeIntegrationTests$SingletonScopedTestBean.class]
14:24:48.481 [Test worker] DEBUG o.s.w.c.s.GenericWebApplicationContext - Refreshing org.springframework.web.context.support.GenericWebApplicationContext@41116b57
14:24:48.482 [Test worker] DEBUG o.s.u.c.s.UiApplicationContextUtils - Unable to locate ThemeSource with name 'themeSource': using default [org.springframework.ui.context.support.ResourceBundleThemeSource@6d2bf503]
14:24:48.483 [Test worker] DEBUG o.s.b.f.s.DefaultListableBeanFactory - Creating shared instance of singleton bean 'request'
14:24:48.491 [Test worker] DEBUG o.s.b.f.s.DefaultListableBeanFactory - Creating shared instance of singleton bean 'session'
14:24:48.497 [Test worker] DEBUG o.s.b.f.s.DefaultListableBeanFactory - Creating shared instance of singleton bean 'singleton'
]]></system-out>
  <system-err><![CDATA[]]></system-err>
</testsuite>
