<?xml version="1.0" encoding="UTF-8"?>
<testsuite name="org.springframework.core.env.EnvironmentSystemIntegrationTests" tests="30" skipped="0" failures="0" errors="0" timestamp="2020-12-12T06:24:48" hostname="DESKTOP-TMNPDT1" time="1.445">
  <properties/>
  <testcase name="annotatedBeanDefinitionReader_inheritsEnvironmentFromEnvironmentCapableBDR()" classname="org.springframework.core.env.EnvironmentSystemIntegrationTests" time="0.066"/>
  <testcase name="annotationConfigApplicationContext_withProfileExpressionMatchOr()" classname="org.springframework.core.env.EnvironmentSystemIntegrationTests" time="0.037"/>
  <testcase name="annotationConfigApplicationContext_withProdEnvAndDevConfigClass()" classname="org.springframework.core.env.EnvironmentSystemIntegrationTests" time="0.016"/>
  <testcase name="annotationConfigWebApplicationContext()" classname="org.springframework.core.env.EnvironmentSystemIntegrationTests" time="0.034"/>
  <testcase name="genericXmlApplicationContext()" classname="org.springframework.core.env.EnvironmentSystemIntegrationTests" time="0.133"/>
  <testcase name="xmlWebApplicationContext()" classname="org.springframework.core.env.EnvironmentSystemIntegrationTests" time="0.059"/>
  <testcase name="mostSpecificDerivedClassDrivesEnvironment_withDevEnvAndDerivedDevConfigClass()" classname="org.springframework.core.env.EnvironmentSystemIntegrationTests" time="0.013"/>
  <testcase name="webApplicationContext()" classname="org.springframework.core.env.EnvironmentSystemIntegrationTests" time="0.003"/>
  <testcase name="staticApplicationContext()" classname="org.springframework.core.env.EnvironmentSystemIntegrationTests" time="0.01"/>
  <testcase name="abstractApplicationContextValidatesRequiredPropertiesOnRefresh()" classname="org.springframework.core.env.EnvironmentSystemIntegrationTests" time="0.146"/>
  <testcase name="resourceAdapterApplicationContext()" classname="org.springframework.core.env.EnvironmentSystemIntegrationTests" time="0.02"/>
  <testcase name="genericApplicationContext_standardEnv()" classname="org.springframework.core.env.EnvironmentSystemIntegrationTests" time="0.007"/>
  <testcase name="xmlBeanDefinitionReader_inheritsEnvironmentFromEnvironmentCapableBDR()" classname="org.springframework.core.env.EnvironmentSystemIntegrationTests" time="0.221"/>
  <testcase name="annotationConfigApplicationContext_withImportedConfigClasses()" classname="org.springframework.core.env.EnvironmentSystemIntegrationTests" time="0.027"/>
  <testcase name="annotationConfigApplicationContext_withProdEnvAndProdConfigClass()" classname="org.springframework.core.env.EnvironmentSystemIntegrationTests" time="0.012"/>
  <testcase name="mostSpecificDerivedClassDrivesEnvironment_withDerivedDevEnvAndDerivedDevConfigClass()" classname="org.springframework.core.env.EnvironmentSystemIntegrationTests" time="0.048"/>
  <testcase name="classPathXmlApplicationContext()" classname="org.springframework.core.env.EnvironmentSystemIntegrationTests" time="0.156"/>
  <testcase name="genericApplicationContext_customEnv()" classname="org.springframework.core.env.EnvironmentSystemIntegrationTests" time="0.009"/>
  <testcase name="fileSystemXmlApplicationContext()" classname="org.springframework.core.env.EnvironmentSystemIntegrationTests" time="0.115"/>
  <testcase name="classPathBeanDefinitionScanner_inheritsEnvironmentFromEnvironmentCapableBDR_scanProfileAnnotatedConfigClasses()" classname="org.springframework.core.env.EnvironmentSystemIntegrationTests" time="0.052"/>
  <testcase name="annotationConfigApplicationContext_withProfileExpressionNoMatchNone()" classname="org.springframework.core.env.EnvironmentSystemIntegrationTests" time="0.02"/>
  <testcase name="registerServletParamPropertySources_AbstractRefreshableWebApplicationContext()" classname="org.springframework.core.env.EnvironmentSystemIntegrationTests" time="0.058"/>
  <testcase name="registerServletParamPropertySources_GenericWebApplicationContext()" classname="org.springframework.core.env.EnvironmentSystemIntegrationTests" time="0.005"/>
  <testcase name="annotationConfigApplicationContext_withProfileExpressionMatchAnd()" classname="org.springframework.core.env.EnvironmentSystemIntegrationTests" time="0.01"/>
  <testcase name="classPathBeanDefinitionScanner_inheritsEnvironmentFromEnvironmentCapableBDR_scanProfileAnnotatedComponents()" classname="org.springframework.core.env.EnvironmentSystemIntegrationTests" time="0.014"/>
  <testcase name="annotationConfigApplicationContext_withPojos()" classname="org.springframework.core.env.EnvironmentSystemIntegrationTests" time="0.026"/>
  <testcase name="annotationConfigApplicationContext_withDevEnvAndDevConfigClass()" classname="org.springframework.core.env.EnvironmentSystemIntegrationTests" time="0.009"/>
  <testcase name="annotationConfigApplicationContext_withProfileExpressionNoMatchAnd()" classname="org.springframework.core.env.EnvironmentSystemIntegrationTests" time="0.009"/>
  <testcase name="registerServletParamPropertySources_StaticWebApplicationContext()" classname="org.springframework.core.env.EnvironmentSystemIntegrationTests" time="0.013"/>
  <testcase name="staticWebApplicationContext()" classname="org.springframework.core.env.EnvironmentSystemIntegrationTests" time="0.004"/>
  <system-out><![CDATA[14:24:48.502 [Test worker] DEBUG o.s.c.e.StandardEnvironment - Activating profiles [prod]
14:24:48.503 [Test worker] DEBUG o.s.c.e.StandardEnvironment - Activating profiles [dev]
14:24:48.503 [Test worker] DEBUG o.s.w.c.s.StandardServletEnvironment - Activating profiles [prod]
14:24:48.504 [Test worker] DEBUG o.s.c.s.GenericApplicationContext - Refreshing org.springframework.context.support.GenericApplicationContext@3db032fd
14:24:48.505 [Test worker] DEBUG o.s.b.f.s.DefaultListableBeanFactory - Creating shared instance of singleton bean 'org.springframework.context.annotation.internalConfigurationAnnotationProcessor'
14:24:48.551 [Test worker] DEBUG o.s.b.f.s.DefaultListableBeanFactory - Creating shared instance of singleton bean 'org.springframework.context.event.internalEventListenerProcessor'
14:24:48.552 [Test worker] DEBUG o.s.b.f.s.DefaultListableBeanFactory - Creating shared instance of singleton bean 'org.springframework.context.event.internalEventListenerFactory'
14:24:48.552 [Test worker] DEBUG o.s.b.f.s.DefaultListableBeanFactory - Creating shared instance of singleton bean 'org.springframework.context.annotation.internalAutowiredAnnotationProcessor'
14:24:48.552 [Test worker] DEBUG o.s.b.f.s.DefaultListableBeanFactory - Creating shared instance of singleton bean 'org.springframework.context.annotation.internalCommonAnnotationProcessor'
14:24:48.552 [Test worker] DEBUG o.s.b.f.s.DefaultListableBeanFactory - Creating shared instance of singleton bean 'org.springframework.context.annotation.internalPersistenceAnnotationProcessor'
14:24:48.554 [Test worker] DEBUG o.s.b.f.s.DefaultListableBeanFactory - Creating shared instance of singleton bean 'environmentSystemIntegrationTests.Config'
14:24:48.556 [Test worker] DEBUG o.s.b.f.s.DefaultListableBeanFactory - Creating shared instance of singleton bean 'org.springframework.core.env.EnvironmentSystemIntegrationTests$ProdConfig'
14:24:48.557 [Test worker] DEBUG o.s.b.f.s.DefaultListableBeanFactory - Creating shared instance of singleton bean 'prodBean'
14:24:48.560 [Test worker] DEBUG o.s.b.f.s.DefaultListableBeanFactory - Creating shared instance of singleton bean 'envAwareBean'
14:24:48.568 [Test worker] DEBUG o.s.c.e.StandardEnvironment - Activating profiles [prod]
14:24:48.568 [Test worker] DEBUG o.s.c.e.StandardEnvironment - Activating profiles [dev]
14:24:48.568 [Test worker] DEBUG o.s.w.c.s.StandardServletEnvironment - Activating profiles [prod]
14:24:48.570 [Test worker] DEBUG o.s.c.e.StandardEnvironment - Activating profiles [p3]
14:24:48.579 [Test worker] DEBUG o.s.c.a.AnnotationConfigApplicationContext - Refreshing org.springframework.context.annotation.AnnotationConfigApplicationContext@6e8bbad5
14:24:48.580 [Test worker] DEBUG o.s.b.f.s.DefaultListableBeanFactory - Creating shared instance of singleton bean 'org.springframework.context.annotation.internalConfigurationAnnotationProcessor'
14:24:48.583 [Test worker] DEBUG o.s.b.f.s.DefaultListableBeanFactory - Creating shared instance of singleton bean 'org.springframework.context.event.internalEventListenerProcessor'
14:24:48.584 [Test worker] DEBUG o.s.b.f.s.DefaultListableBeanFactory - Creating shared instance of singleton bean 'org.springframework.context.event.internalEventListenerFactory'
14:24:48.584 [Test worker] DEBUG o.s.b.f.s.DefaultListableBeanFactory - Creating shared instance of singleton bean 'org.springframework.context.annotation.internalAutowiredAnnotationProcessor'
14:24:48.585 [Test worker] DEBUG o.s.b.f.s.DefaultListableBeanFactory - Creating shared instance of singleton bean 'org.springframework.context.annotation.internalCommonAnnotationProcessor'
14:24:48.585 [Test worker] DEBUG o.s.b.f.s.DefaultListableBeanFactory - Creating shared instance of singleton bean 'org.springframework.context.annotation.internalPersistenceAnnotationProcessor'
14:24:48.585 [Test worker] DEBUG o.s.b.f.s.DefaultListableBeanFactory - Creating shared instance of singleton bean 'environmentSystemIntegrationTests.ProfileExpressionConfig'
14:24:48.587 [Test worker] DEBUG o.s.b.f.s.DefaultListableBeanFactory - Creating shared instance of singleton bean 'expressionBean'
14:24:48.608 [Test worker] DEBUG o.s.c.e.StandardEnvironment - Activating profiles [prod]
14:24:48.608 [Test worker] DEBUG o.s.c.e.StandardEnvironment - Activating profiles [dev]
14:24:48.608 [Test worker] DEBUG o.s.w.c.s.StandardServletEnvironment - Activating profiles [prod]
14:24:48.614 [Test worker] DEBUG o.s.c.a.AnnotationConfigApplicationContext - Refreshing org.springframework.context.annotation.AnnotationConfigApplicationContext@516a6e00
14:24:48.615 [Test worker] DEBUG o.s.b.f.s.DefaultListableBeanFactory - Creating shared instance of singleton bean 'org.springframework.context.annotation.internalConfigurationAnnotationProcessor'
14:24:48.616 [Test worker] DEBUG o.s.b.f.s.DefaultListableBeanFactory - Creating shared instance of singleton bean 'org.springframework.context.event.internalEventListenerProcessor'
14:24:48.619 [Test worker] DEBUG o.s.b.f.s.DefaultListableBeanFactory - Creating shared instance of singleton bean 'org.springframework.context.event.internalEventListenerFactory'
14:24:48.620 [Test worker] DEBUG o.s.b.f.s.DefaultListableBeanFactory - Creating shared instance of singleton bean 'org.springframework.context.annotation.internalAutowiredAnnotationProcessor'
14:24:48.620 [Test worker] DEBUG o.s.b.f.s.DefaultListableBeanFactory - Creating shared instance of singleton bean 'org.springframework.context.annotation.internalCommonAnnotationProcessor'
14:24:48.621 [Test worker] DEBUG o.s.b.f.s.DefaultListableBeanFactory - Creating shared instance of singleton bean 'org.springframework.context.annotation.internalPersistenceAnnotationProcessor'
14:24:48.627 [Test worker] DEBUG o.s.c.e.StandardEnvironment - Activating profiles [prod]
14:24:48.629 [Test worker] DEBUG o.s.c.e.StandardEnvironment - Activating profiles [dev]
14:24:48.631 [Test worker] DEBUG o.s.w.c.s.StandardServletEnvironment - Activating profiles [prod]
14:24:48.632 [Test worker] DEBUG o.s.w.c.s.AnnotationConfigWebApplicationContext - Refreshing Root WebApplicationContext
14:24:48.638 [Test worker] DEBUG o.s.b.f.s.DefaultListableBeanFactory - Creating shared instance of singleton bean 'org.springframework.context.annotation.internalConfigurationAnnotationProcessor'
14:24:48.639 [Test worker] DEBUG o.s.b.f.s.DefaultListableBeanFactory - Creating shared instance of singleton bean 'org.springframework.context.event.internalEventListenerProcessor'
14:24:48.640 [Test worker] DEBUG o.s.b.f.s.DefaultListableBeanFactory - Creating shared instance of singleton bean 'org.springframework.context.event.internalEventListenerFactory'
14:24:48.641 [Test worker] DEBUG o.s.b.f.s.DefaultListableBeanFactory - Creating shared instance of singleton bean 'org.springframework.context.annotation.internalAutowiredAnnotationProcessor'
14:24:48.641 [Test worker] DEBUG o.s.b.f.s.DefaultListableBeanFactory - Creating shared instance of singleton bean 'org.springframework.context.annotation.internalCommonAnnotationProcessor'
14:24:48.642 [Test worker] DEBUG o.s.b.f.s.DefaultListableBeanFactory - Creating shared instance of singleton bean 'org.springframework.context.annotation.internalPersistenceAnnotationProcessor'
14:24:48.650 [Test worker] DEBUG o.s.u.c.s.UiApplicationContextUtils - Unable to locate ThemeSource with name 'themeSource': using default [org.springframework.ui.context.support.ResourceBundleThemeSource@63dee9b5]
14:24:48.657 [Test worker] DEBUG o.s.b.f.s.DefaultListableBeanFactory - Creating shared instance of singleton bean 'environmentSystemIntegrationTests.EnvironmentAwareBean'
14:24:48.701 [Test worker] DEBUG o.s.c.e.StandardEnvironment - Activating profiles [prod]
14:24:48.701 [Test worker] DEBUG o.s.c.e.StandardEnvironment - Activating profiles [dev]
14:24:48.702 [Test worker] DEBUG o.s.w.c.s.StandardServletEnvironment - Activating profiles [prod]
14:24:48.766 [Test worker] DEBUG o.s.b.f.x.DefaultBeanDefinitionDocumentReader - Skipped XML bean definition file due to specified profiles [dev] not matching: class path resource [org/springframework/core/env/EnvironmentSystemIntegrationTests-context-dev.xml]
14:24:48.767 [Test worker] DEBUG o.s.b.f.x.XmlBeanDefinitionReader - Loaded 0 bean definitions from class path resource [org/springframework/core/env/EnvironmentSystemIntegrationTests-context-dev.xml]
14:24:48.824 [Test worker] DEBUG o.s.b.f.x.XmlBeanDefinitionReader - Loaded 1 bean definitions from class path resource [org/springframework/core/env/EnvironmentSystemIntegrationTests-context-prod.xml]
14:24:48.825 [Test worker] DEBUG o.s.b.f.x.XmlBeanDefinitionReader - Loaded 2 bean definitions from class path resource [org/springframework/core/env/EnvironmentSystemIntegrationTests-context.xml]
14:24:48.825 [Test worker] DEBUG o.s.c.s.GenericXmlApplicationContext - Refreshing org.springframework.context.support.GenericXmlApplicationContext@400bdf50
14:24:48.825 [Test worker] DEBUG o.s.b.f.s.DefaultListableBeanFactory - Creating shared instance of singleton bean 'envAwareBean'
14:24:48.826 [Test worker] DEBUG o.s.b.f.s.DefaultListableBeanFactory - Creating shared instance of singleton bean 'prodBean'
14:24:48.831 [Test worker] DEBUG o.s.c.e.StandardEnvironment - Activating profiles [prod]
14:24:48.832 [Test worker] DEBUG o.s.c.e.StandardEnvironment - Activating profiles [dev]
14:24:48.832 [Test worker] DEBUG o.s.w.c.s.StandardServletEnvironment - Activating profiles [prod]
14:24:48.833 [Test worker] DEBUG o.s.w.c.s.XmlWebApplicationContext - Refreshing Root WebApplicationContext
14:24:48.874 [Test worker] DEBUG o.s.b.f.x.DefaultBeanDefinitionDocumentReader - Skipped XML bean definition file due to specified profiles [dev] not matching: class path resource [org/springframework/core/env/EnvironmentSystemIntegrationTests-context-dev.xml]
14:24:48.874 [Test worker] DEBUG o.s.b.f.x.XmlBeanDefinitionReader - Loaded 0 bean definitions from class path resource [org/springframework/core/env/EnvironmentSystemIntegrationTests-context-dev.xml]
14:24:48.885 [Test worker] DEBUG o.s.b.f.x.XmlBeanDefinitionReader - Loaded 1 bean definitions from class path resource [org/springframework/core/env/EnvironmentSystemIntegrationTests-context-prod.xml]
14:24:48.886 [Test worker] DEBUG o.s.b.f.x.XmlBeanDefinitionReader - Loaded 2 bean definitions from class path resource [org/springframework/core/env/EnvironmentSystemIntegrationTests-context.xml]
14:24:48.887 [Test worker] DEBUG o.s.u.c.s.UiApplicationContextUtils - Unable to locate ThemeSource with name 'themeSource': using default [org.springframework.ui.context.support.ResourceBundleThemeSource@3b16f30c]
14:24:48.887 [Test worker] DEBUG o.s.b.f.s.DefaultListableBeanFactory - Creating shared instance of singleton bean 'envAwareBean'
14:24:48.888 [Test worker] DEBUG o.s.b.f.s.DefaultListableBeanFactory - Creating shared instance of singleton bean 'prodBean'
14:24:48.892 [Test worker] DEBUG o.s.c.e.StandardEnvironment - Activating profiles [prod]
14:24:48.892 [Test worker] DEBUG o.s.c.e.StandardEnvironment - Activating profiles [dev]
14:24:48.893 [Test worker] DEBUG o.s.w.c.s.StandardServletEnvironment - Activating profiles [prod]
14:24:48.897 [Test worker] DEBUG o.s.c.a.AnnotationConfigApplicationContext - Refreshing org.springframework.context.annotation.AnnotationConfigApplicationContext@35259a38
14:24:48.897 [Test worker] DEBUG o.s.b.f.s.DefaultListableBeanFactory - Creating shared instance of singleton bean 'org.springframework.context.annotation.internalConfigurationAnnotationProcessor'
14:24:48.898 [Test worker] DEBUG o.s.b.f.s.DefaultListableBeanFactory - Creating shared instance of singleton bean 'org.springframework.context.event.internalEventListenerProcessor'
14:24:48.899 [Test worker] DEBUG o.s.b.f.s.DefaultListableBeanFactory - Creating shared instance of singleton bean 'org.springframework.context.event.internalEventListenerFactory'
14:24:48.899 [Test worker] DEBUG o.s.b.f.s.DefaultListableBeanFactory - Creating shared instance of singleton bean 'org.springframework.context.annotation.internalAutowiredAnnotationProcessor'
14:24:48.900 [Test worker] DEBUG o.s.b.f.s.DefaultListableBeanFactory - Creating shared instance of singleton bean 'org.springframework.context.annotation.internalCommonAnnotationProcessor'
14:24:48.900 [Test worker] DEBUG o.s.b.f.s.DefaultListableBeanFactory - Creating shared instance of singleton bean 'org.springframework.context.annotation.internalPersistenceAnnotationProcessor'
14:24:48.907 [Test worker] DEBUG o.s.c.e.StandardEnvironment - Activating profiles [prod]
14:24:48.907 [Test worker] DEBUG o.s.c.e.StandardEnvironment - Activating profiles [dev]
14:24:48.907 [Test worker] DEBUG o.s.w.c.s.StandardServletEnvironment - Activating profiles [prod]
14:24:48.907 [Test worker] DEBUG o.s.w.c.s.GenericWebApplicationContext - Refreshing org.springframework.web.context.support.GenericWebApplicationContext@5ba87856
14:24:48.908 [Test worker] DEBUG o.s.u.c.s.UiApplicationContextUtils - Unable to locate ThemeSource with name 'themeSource': using default [org.springframework.ui.context.support.ResourceBundleThemeSource@471d73c3]
14:24:48.908 [Test worker] DEBUG o.s.b.f.s.DefaultListableBeanFactory - Creating shared instance of singleton bean 'envAwareBean'
14:24:48.910 [Test worker] DEBUG o.s.c.e.StandardEnvironment - Activating profiles [prod]
14:24:48.910 [Test worker] DEBUG o.s.c.e.StandardEnvironment - Activating profiles [dev]
14:24:48.910 [Test worker] DEBUG o.s.w.c.s.StandardServletEnvironment - Activating profiles [prod]
14:24:48.919 [Test worker] DEBUG o.s.c.s.StaticApplicationContext - Refreshing org.springframework.context.support.StaticApplicationContext@32d3f857
14:24:48.919 [Test worker] DEBUG o.s.b.f.s.DefaultListableBeanFactory - Creating shared instance of singleton bean 'envAwareBean'
14:24:48.920 [Test worker] DEBUG o.s.c.e.StandardEnvironment - Activating profiles [prod]
14:24:48.920 [Test worker] DEBUG o.s.c.e.StandardEnvironment - Activating profiles [dev]
14:24:48.920 [Test worker] DEBUG o.s.w.c.s.StandardServletEnvironment - Activating profiles [prod]
14:24:48.936 [Test worker] DEBUG o.s.c.a.AnnotationConfigApplicationContext - Refreshing org.springframework.context.annotation.AnnotationConfigApplicationContext@413bef9
14:24:49.043 [Test worker] DEBUG o.s.b.f.s.DefaultListableBeanFactory - Creating shared instance of singleton bean 'org.springframework.context.annotation.internalConfigurationAnnotationProcessor'
14:24:49.047 [Test worker] DEBUG o.s.b.f.s.DefaultListableBeanFactory - Creating shared instance of singleton bean 'org.springframework.context.event.internalEventListenerProcessor'
14:24:49.048 [Test worker] DEBUG o.s.b.f.s.DefaultListableBeanFactory - Creating shared instance of singleton bean 'org.springframework.context.event.internalEventListenerFactory'
14:24:49.050 [Test worker] DEBUG o.s.b.f.s.DefaultListableBeanFactory - Creating shared instance of singleton bean 'org.springframework.context.annotation.internalAutowiredAnnotationProcessor'
14:24:49.050 [Test worker] DEBUG o.s.b.f.s.DefaultListableBeanFactory - Creating shared instance of singleton bean 'org.springframework.context.annotation.internalCommonAnnotationProcessor'
14:24:49.051 [Test worker] DEBUG o.s.b.f.s.DefaultListableBeanFactory - Creating shared instance of singleton bean 'org.springframework.context.annotation.internalPersistenceAnnotationProcessor'
14:24:49.055 [Test worker] DEBUG o.s.c.a.AnnotationConfigApplicationContext - Refreshing org.springframework.context.annotation.AnnotationConfigApplicationContext@5189fb38
14:24:49.059 [Test worker] DEBUG o.s.c.a.AnnotationConfigApplicationContext - Refreshing org.springframework.context.annotation.AnnotationConfigApplicationContext@16babfa0
14:24:49.061 [Test worker] DEBUG o.s.b.f.s.DefaultListableBeanFactory - Creating shared instance of singleton bean 'org.springframework.context.annotation.internalConfigurationAnnotationProcessor'
14:24:49.061 [Test worker] DEBUG o.s.b.f.s.DefaultListableBeanFactory - Creating shared instance of singleton bean 'org.springframework.context.event.internalEventListenerProcessor'
14:24:49.062 [Test worker] DEBUG o.s.b.f.s.DefaultListableBeanFactory - Creating shared instance of singleton bean 'org.springframework.context.event.internalEventListenerFactory'
14:24:49.062 [Test worker] DEBUG o.s.b.f.s.DefaultListableBeanFactory - Creating shared instance of singleton bean 'org.springframework.context.annotation.internalAutowiredAnnotationProcessor'
14:24:49.063 [Test worker] DEBUG o.s.b.f.s.DefaultListableBeanFactory - Creating shared instance of singleton bean 'org.springframework.context.annotation.internalCommonAnnotationProcessor'
14:24:49.063 [Test worker] DEBUG o.s.b.f.s.DefaultListableBeanFactory - Creating shared instance of singleton bean 'org.springframework.context.annotation.internalPersistenceAnnotationProcessor'
14:24:49.075 [Test worker] DEBUG o.s.c.e.StandardEnvironment - Activating profiles [prod]
14:24:49.075 [Test worker] DEBUG o.s.c.e.StandardEnvironment - Activating profiles [dev]
14:24:49.076 [Test worker] DEBUG o.s.w.c.s.StandardServletEnvironment - Activating profiles [prod]
14:24:49.087 [Test worker] DEBUG o.s.j.c.ResourceAdapterApplicationContext - Refreshing org.springframework.jca.context.ResourceAdapterApplicationContext@7f617cae
14:24:49.090 [Test worker] DEBUG o.s.b.f.s.DefaultListableBeanFactory - Creating shared instance of singleton bean 'envAwareBean'
14:24:49.096 [Test worker] DEBUG o.s.c.e.StandardEnvironment - Activating profiles [prod]
14:24:49.096 [Test worker] DEBUG o.s.c.e.StandardEnvironment - Activating profiles [dev]
14:24:49.096 [Test worker] DEBUG o.s.w.c.s.StandardServletEnvironment - Activating profiles [prod]
14:24:49.096 [Test worker] DEBUG o.s.c.s.GenericApplicationContext - Refreshing org.springframework.context.support.GenericApplicationContext@41e110ec
14:24:49.099 [Test worker] DEBUG o.s.b.f.s.DefaultListableBeanFactory - Creating shared instance of singleton bean 'envAwareBean'
14:24:49.103 [Test worker] DEBUG o.s.c.e.StandardEnvironment - Activating profiles [prod]
14:24:49.103 [Test worker] DEBUG o.s.c.e.StandardEnvironment - Activating profiles [dev]
14:24:49.103 [Test worker] DEBUG o.s.w.c.s.StandardServletEnvironment - Activating profiles [prod]
14:24:49.302 [Test worker] DEBUG o.s.b.f.x.DefaultBeanDefinitionDocumentReader - Skipped XML bean definition file due to specified profiles [dev] not matching: class path resource [org/springframework/core/env/EnvironmentSystemIntegrationTests-context-dev.xml]
14:24:49.302 [Test worker] DEBUG o.s.b.f.x.XmlBeanDefinitionReader - Loaded 0 bean definitions from class path resource [org/springframework/core/env/EnvironmentSystemIntegrationTests-context-dev.xml]
14:24:49.320 [Test worker] DEBUG o.s.b.f.x.XmlBeanDefinitionReader - Loaded 1 bean definitions from class path resource [org/springframework/core/env/EnvironmentSystemIntegrationTests-context-prod.xml]
14:24:49.320 [Test worker] DEBUG o.s.b.f.x.XmlBeanDefinitionReader - Loaded 2 bean definitions from class path resource [org/springframework/core/env/EnvironmentSystemIntegrationTests-context.xml]
14:24:49.320 [Test worker] DEBUG o.s.c.s.GenericApplicationContext - Refreshing org.springframework.context.support.GenericApplicationContext@282ed037
14:24:49.320 [Test worker] DEBUG o.s.b.f.s.DefaultListableBeanFactory - Creating shared instance of singleton bean 'envAwareBean'
14:24:49.324 [Test worker] DEBUG o.s.b.f.s.DefaultListableBeanFactory - Creating shared instance of singleton bean 'prodBean'
14:24:49.327 [Test worker] DEBUG o.s.c.e.StandardEnvironment - Activating profiles [prod]
14:24:49.327 [Test worker] DEBUG o.s.c.e.StandardEnvironment - Activating profiles [dev]
14:24:49.327 [Test worker] DEBUG o.s.w.c.s.StandardServletEnvironment - Activating profiles [prod]
14:24:49.330 [Test worker] DEBUG o.s.c.a.AnnotationConfigApplicationContext - Refreshing org.springframework.context.annotation.AnnotationConfigApplicationContext@37f6d9d3
14:24:49.331 [Test worker] DEBUG o.s.b.f.s.DefaultListableBeanFactory - Creating shared instance of singleton bean 'org.springframework.context.annotation.internalConfigurationAnnotationProcessor'
14:24:49.347 [Test worker] DEBUG o.s.b.f.s.DefaultListableBeanFactory - Creating shared instance of singleton bean 'org.springframework.context.event.internalEventListenerProcessor'
14:24:49.348 [Test worker] DEBUG o.s.b.f.s.DefaultListableBeanFactory - Creating shared instance of singleton bean 'org.springframework.context.event.internalEventListenerFactory'
14:24:49.348 [Test worker] DEBUG o.s.b.f.s.DefaultListableBeanFactory - Creating shared instance of singleton bean 'org.springframework.context.annotation.internalAutowiredAnnotationProcessor'
14:24:49.349 [Test worker] DEBUG o.s.b.f.s.DefaultListableBeanFactory - Creating shared instance of singleton bean 'org.springframework.context.annotation.internalCommonAnnotationProcessor'
14:24:49.349 [Test worker] DEBUG o.s.b.f.s.DefaultListableBeanFactory - Creating shared instance of singleton bean 'org.springframework.context.annotation.internalPersistenceAnnotationProcessor'
14:24:49.349 [Test worker] DEBUG o.s.b.f.s.DefaultListableBeanFactory - Creating shared instance of singleton bean 'environmentSystemIntegrationTests.Config'
14:24:49.350 [Test worker] DEBUG o.s.b.f.s.DefaultListableBeanFactory - Creating shared instance of singleton bean 'org.springframework.core.env.EnvironmentSystemIntegrationTests$ProdConfig'
14:24:49.351 [Test worker] DEBUG o.s.b.f.s.DefaultListableBeanFactory - Creating shared instance of singleton bean 'prodBean'
14:24:49.352 [Test worker] DEBUG o.s.b.f.s.DefaultListableBeanFactory - Creating shared instance of singleton bean 'envAwareBean'
14:24:49.363 [Test worker] DEBUG o.s.c.e.StandardEnvironment - Activating profiles [prod]
14:24:49.364 [Test worker] DEBUG o.s.c.e.StandardEnvironment - Activating profiles [dev]
14:24:49.364 [Test worker] DEBUG o.s.w.c.s.StandardServletEnvironment - Activating profiles [prod]
14:24:49.367 [Test worker] DEBUG o.s.c.a.AnnotationConfigApplicationContext - Refreshing org.springframework.context.annotation.AnnotationConfigApplicationContext@26ee0bfe
14:24:49.368 [Test worker] DEBUG o.s.b.f.s.DefaultListableBeanFactory - Creating shared instance of singleton bean 'org.springframework.context.annotation.internalConfigurationAnnotationProcessor'
14:24:49.370 [Test worker] DEBUG o.s.b.f.s.DefaultListableBeanFactory - Creating shared instance of singleton bean 'org.springframework.context.event.internalEventListenerProcessor'
14:24:49.371 [Test worker] DEBUG o.s.b.f.s.DefaultListableBeanFactory - Creating shared instance of singleton bean 'org.springframework.context.event.internalEventListenerFactory'
14:24:49.371 [Test worker] DEBUG o.s.b.f.s.DefaultListableBeanFactory - Creating shared instance of singleton bean 'org.springframework.context.annotation.internalAutowiredAnnotationProcessor'
14:24:49.371 [Test worker] DEBUG o.s.b.f.s.DefaultListableBeanFactory - Creating shared instance of singleton bean 'org.springframework.context.annotation.internalCommonAnnotationProcessor'
14:24:49.372 [Test worker] DEBUG o.s.b.f.s.DefaultListableBeanFactory - Creating shared instance of singleton bean 'org.springframework.context.annotation.internalPersistenceAnnotationProcessor'
14:24:49.372 [Test worker] DEBUG o.s.b.f.s.DefaultListableBeanFactory - Creating shared instance of singleton bean 'environmentSystemIntegrationTests.ProdConfig'
14:24:49.373 [Test worker] DEBUG o.s.b.f.s.DefaultListableBeanFactory - Creating shared instance of singleton bean 'prodBean'
14:24:49.378 [Test worker] DEBUG o.s.c.e.StandardEnvironment - Activating profiles [prod]
14:24:49.379 [Test worker] DEBUG o.s.c.e.StandardEnvironment - Activating profiles [dev]
14:24:49.379 [Test worker] DEBUG o.s.w.c.s.StandardServletEnvironment - Activating profiles [prod]
14:24:49.381 [Test worker] DEBUG o.s.c.e.StandardEnvironment - Activating profiles [derivedDev]
14:24:49.383 [Test worker] DEBUG o.s.c.a.AnnotationConfigApplicationContext - Refreshing org.springframework.context.annotation.AnnotationConfigApplicationContext@3b30ce89
14:24:49.384 [Test worker] DEBUG o.s.b.f.s.DefaultListableBeanFactory - Creating shared instance of singleton bean 'org.springframework.context.annotation.internalConfigurationAnnotationProcessor'
14:24:49.403 [Test worker] DEBUG o.s.b.f.s.DefaultListableBeanFactory - Creating shared instance of singleton bean 'org.springframework.context.event.internalEventListenerProcessor'
14:24:49.405 [Test worker] DEBUG o.s.b.f.s.DefaultListableBeanFactory - Creating shared instance of singleton bean 'org.springframework.context.event.internalEventListenerFactory'
14:24:49.406 [Test worker] DEBUG o.s.b.f.s.DefaultListableBeanFactory - Creating shared instance of singleton bean 'org.springframework.context.annotation.internalAutowiredAnnotationProcessor'
14:24:49.407 [Test worker] DEBUG o.s.b.f.s.DefaultListableBeanFactory - Creating shared instance of singleton bean 'org.springframework.context.annotation.internalCommonAnnotationProcessor'
14:24:49.408 [Test worker] DEBUG o.s.b.f.s.DefaultListableBeanFactory - Creating shared instance of singleton bean 'org.springframework.context.annotation.internalPersistenceAnnotationProcessor'
14:24:49.409 [Test worker] DEBUG o.s.b.f.s.DefaultListableBeanFactory - Creating shared instance of singleton bean 'environmentSystemIntegrationTests.DerivedDevConfig'
14:24:49.412 [Test worker] DEBUG o.s.b.f.s.DefaultListableBeanFactory - Creating shared instance of singleton bean 'org.springframework.core.env.EnvironmentSystemIntegrationTests$TransitiveConfig'
14:24:49.415 [Test worker] DEBUG o.s.b.f.s.DefaultListableBeanFactory - Creating shared instance of singleton bean 'transitiveBean'
14:24:49.418 [Test worker] DEBUG o.s.b.f.s.DefaultListableBeanFactory - Creating shared instance of singleton bean 'derivedDevBean'
14:24:49.421 [Test worker] DEBUG o.s.b.f.s.DefaultListableBeanFactory - Creating shared instance of singleton bean 'devBean'
14:24:49.426 [Test worker] DEBUG o.s.c.e.StandardEnvironment - Activating profiles [prod]
14:24:49.426 [Test worker] DEBUG o.s.c.e.StandardEnvironment - Activating profiles [dev]
14:24:49.426 [Test worker] DEBUG o.s.w.c.s.StandardServletEnvironment - Activating profiles [prod]
14:24:49.426 [Test worker] DEBUG o.s.c.s.ClassPathXmlApplicationContext - Refreshing org.springframework.context.support.ClassPathXmlApplicationContext@5b0c24f0
14:24:49.497 [Test worker] DEBUG o.s.b.f.x.DefaultBeanDefinitionDocumentReader - Skipped XML bean definition file due to specified profiles [dev] not matching: class path resource [org/springframework/core/env/EnvironmentSystemIntegrationTests-context-dev.xml]
14:24:49.498 [Test worker] DEBUG o.s.b.f.x.XmlBeanDefinitionReader - Loaded 0 bean definitions from class path resource [org/springframework/core/env/EnvironmentSystemIntegrationTests-context-dev.xml]
14:24:49.509 [Test worker] DEBUG o.s.b.f.x.DefaultBeanDefinitionDocumentReader - Skipped XML bean definition file due to specified profiles [prod] not matching: class path resource [org/springframework/core/env/EnvironmentSystemIntegrationTests-context-prod.xml]
14:24:49.509 [Test worker] DEBUG o.s.b.f.x.XmlBeanDefinitionReader - Loaded 0 bean definitions from class path resource [org/springframework/core/env/EnvironmentSystemIntegrationTests-context-prod.xml]
14:24:49.510 [Test worker] DEBUG o.s.b.f.x.XmlBeanDefinitionReader - Loaded 1 bean definitions from class path resource [org/springframework/core/env/EnvironmentSystemIntegrationTests-context.xml]
14:24:49.510 [Test worker] DEBUG o.s.b.f.s.DefaultListableBeanFactory - Creating shared instance of singleton bean 'envAwareBean'
14:24:49.511 [Test worker] DEBUG o.s.c.s.ClassPathXmlApplicationContext - Refreshing org.springframework.context.support.ClassPathXmlApplicationContext@5b0c24f0
14:24:49.563 [Test worker] DEBUG o.s.b.f.x.DefaultBeanDefinitionDocumentReader - Skipped XML bean definition file due to specified profiles [dev] not matching: class path resource [org/springframework/core/env/EnvironmentSystemIntegrationTests-context-dev.xml]
14:24:49.563 [Test worker] DEBUG o.s.b.f.x.XmlBeanDefinitionReader - Loaded 0 bean definitions from class path resource [org/springframework/core/env/EnvironmentSystemIntegrationTests-context-dev.xml]
14:24:49.577 [Test worker] DEBUG o.s.b.f.x.XmlBeanDefinitionReader - Loaded 1 bean definitions from class path resource [org/springframework/core/env/EnvironmentSystemIntegrationTests-context-prod.xml]
14:24:49.577 [Test worker] DEBUG o.s.b.f.x.XmlBeanDefinitionReader - Loaded 2 bean definitions from class path resource [org/springframework/core/env/EnvironmentSystemIntegrationTests-context.xml]
14:24:49.579 [Test worker] DEBUG o.s.b.f.s.DefaultListableBeanFactory - Creating shared instance of singleton bean 'envAwareBean'
14:24:49.580 [Test worker] DEBUG o.s.b.f.s.DefaultListableBeanFactory - Creating shared instance of singleton bean 'prodBean'
14:24:49.587 [Test worker] DEBUG o.s.c.e.StandardEnvironment - Activating profiles [prod]
14:24:49.589 [Test worker] DEBUG o.s.c.e.StandardEnvironment - Activating profiles [dev]
14:24:49.590 [Test worker] DEBUG o.s.w.c.s.StandardServletEnvironment - Activating profiles [prod]
14:24:49.591 [Test worker] DEBUG o.s.c.s.GenericApplicationContext - Refreshing org.springframework.context.support.GenericApplicationContext@35642897
14:24:49.592 [Test worker] DEBUG o.s.b.f.s.DefaultListableBeanFactory - Creating shared instance of singleton bean 'envAwareBean'
14:24:49.598 [Test worker] DEBUG o.s.c.e.StandardEnvironment - Activating profiles [prod]
14:24:49.598 [Test worker] DEBUG o.s.c.e.StandardEnvironment - Activating profiles [dev]
14:24:49.599 [Test worker] DEBUG o.s.w.c.s.StandardServletEnvironment - Activating profiles [prod]
14:24:49.651 [Test worker] DEBUG o.s.c.s.FileSystemXmlApplicationContext - Refreshing org.springframework.context.support.FileSystemXmlApplicationContext@296065fe
14:24:49.693 [Test worker] DEBUG o.s.b.f.x.DefaultBeanDefinitionDocumentReader - Skipped XML bean definition file due to specified profiles [dev] not matching: class path resource [org/springframework/core/env/EnvironmentSystemIntegrationTests-context-dev.xml]
14:24:49.694 [Test worker] DEBUG o.s.b.f.x.XmlBeanDefinitionReader - Loaded 0 bean definitions from class path resource [org/springframework/core/env/EnvironmentSystemIntegrationTests-context-dev.xml]
14:24:49.704 [Test worker] DEBUG o.s.b.f.x.XmlBeanDefinitionReader - Loaded 1 bean definitions from class path resource [org/springframework/core/env/EnvironmentSystemIntegrationTests-context-prod.xml]
14:24:49.704 [Test worker] DEBUG o.s.b.f.x.XmlBeanDefinitionReader - Loaded 2 bean definitions from URL [file:C:/Users/Admin/AppData/Local/Temp/test196493077257365769xml]
14:24:49.705 [Test worker] DEBUG o.s.b.f.s.DefaultListableBeanFactory - Creating shared instance of singleton bean 'envAwareBean'
14:24:49.705 [Test worker] DEBUG o.s.b.f.s.DefaultListableBeanFactory - Creating shared instance of singleton bean 'prodBean'
14:24:49.714 [Test worker] DEBUG o.s.c.e.StandardEnvironment - Activating profiles [prod]
14:24:49.714 [Test worker] DEBUG o.s.c.e.StandardEnvironment - Activating profiles [dev]
14:24:49.715 [Test worker] DEBUG o.s.w.c.s.StandardServletEnvironment - Activating profiles [prod]
14:24:49.721 [Test worker] DEBUG o.s.c.a.ClassPathBeanDefinitionScanner - Identified candidate component class: file [D:\IDEA\source_code\spring-framework-V5.1.11.RELEASE\spring-framework\integration-tests\build\classes\java\test\org\springframework\core\env\scan1\Config.class]
14:24:49.731 [Test worker] DEBUG o.s.c.a.ClassPathBeanDefinitionScanner - Identified candidate component class: file [D:\IDEA\source_code\spring-framework-V5.1.11.RELEASE\spring-framework\integration-tests\build\classes\java\test\org\springframework\core\env\scan1\ProdConfig.class]
14:24:49.734 [Test worker] DEBUG o.s.c.s.GenericApplicationContext - Refreshing org.springframework.context.support.GenericApplicationContext@67582cca
14:24:49.735 [Test worker] DEBUG o.s.b.f.s.DefaultListableBeanFactory - Creating shared instance of singleton bean 'org.springframework.context.annotation.internalConfigurationAnnotationProcessor'
14:24:49.749 [Test worker] DEBUG o.s.b.f.s.DefaultListableBeanFactory - Creating shared instance of singleton bean 'org.springframework.context.event.internalEventListenerProcessor'
14:24:49.749 [Test worker] DEBUG o.s.b.f.s.DefaultListableBeanFactory - Creating shared instance of singleton bean 'org.springframework.context.event.internalEventListenerFactory'
14:24:49.750 [Test worker] DEBUG o.s.b.f.s.DefaultListableBeanFactory - Creating shared instance of singleton bean 'org.springframework.context.annotation.internalAutowiredAnnotationProcessor'
14:24:49.751 [Test worker] DEBUG o.s.b.f.s.DefaultListableBeanFactory - Creating shared instance of singleton bean 'org.springframework.context.annotation.internalCommonAnnotationProcessor'
14:24:49.751 [Test worker] DEBUG o.s.b.f.s.DefaultListableBeanFactory - Creating shared instance of singleton bean 'org.springframework.context.annotation.internalPersistenceAnnotationProcessor'
14:24:49.752 [Test worker] DEBUG o.s.b.f.s.DefaultListableBeanFactory - Creating shared instance of singleton bean 'config'
14:24:49.753 [Test worker] DEBUG o.s.b.f.s.DefaultListableBeanFactory - Creating shared instance of singleton bean 'prodConfig'
14:24:49.754 [Test worker] DEBUG o.s.b.f.s.DefaultListableBeanFactory - Creating shared instance of singleton bean 'prodBean'
14:24:49.770 [Test worker] DEBUG o.s.c.e.StandardEnvironment - Activating profiles [prod]
14:24:49.770 [Test worker] DEBUG o.s.c.e.StandardEnvironment - Activating profiles [dev]
14:24:49.771 [Test worker] DEBUG o.s.w.c.s.StandardServletEnvironment - Activating profiles [prod]
14:24:49.784 [Test worker] DEBUG o.s.c.e.StandardEnvironment - Activating profiles [p4]
14:24:49.785 [Test worker] DEBUG o.s.c.a.AnnotationConfigApplicationContext - Refreshing org.springframework.context.annotation.AnnotationConfigApplicationContext@3cec5bf7
14:24:49.786 [Test worker] DEBUG o.s.b.f.s.DefaultListableBeanFactory - Creating shared instance of singleton bean 'org.springframework.context.annotation.internalConfigurationAnnotationProcessor'
14:24:49.787 [Test worker] DEBUG o.s.b.f.s.DefaultListableBeanFactory - Creating shared instance of singleton bean 'org.springframework.context.event.internalEventListenerProcessor'
14:24:49.787 [Test worker] DEBUG o.s.b.f.s.DefaultListableBeanFactory - Creating shared instance of singleton bean 'org.springframework.context.event.internalEventListenerFactory'
14:24:49.787 [Test worker] DEBUG o.s.b.f.s.DefaultListableBeanFactory - Creating shared instance of singleton bean 'org.springframework.context.annotation.internalAutowiredAnnotationProcessor'
14:24:49.788 [Test worker] DEBUG o.s.b.f.s.DefaultListableBeanFactory - Creating shared instance of singleton bean 'org.springframework.context.annotation.internalCommonAnnotationProcessor'
14:24:49.788 [Test worker] DEBUG o.s.b.f.s.DefaultListableBeanFactory - Creating shared instance of singleton bean 'org.springframework.context.annotation.internalPersistenceAnnotationProcessor'
14:24:49.792 [Test worker] DEBUG o.s.c.e.StandardEnvironment - Activating profiles [prod]
14:24:49.827 [Test worker] DEBUG o.s.c.e.StandardEnvironment - Activating profiles [dev]
14:24:49.830 [Test worker] DEBUG o.s.w.c.s.StandardServletEnvironment - Activating profiles [prod]
14:24:49.832 [Test worker] DEBUG o.s.w.c.s.AnnotationConfigWebApplicationContext - Refreshing Root WebApplicationContext
14:24:49.835 [Test worker] DEBUG o.s.b.f.s.DefaultListableBeanFactory - Creating shared instance of singleton bean 'org.springframework.context.annotation.internalConfigurationAnnotationProcessor'
14:24:49.836 [Test worker] DEBUG o.s.b.f.s.DefaultListableBeanFactory - Creating shared instance of singleton bean 'org.springframework.context.event.internalEventListenerProcessor'
14:24:49.837 [Test worker] DEBUG o.s.b.f.s.DefaultListableBeanFactory - Creating shared instance of singleton bean 'org.springframework.context.event.internalEventListenerFactory'
14:24:49.837 [Test worker] DEBUG o.s.b.f.s.DefaultListableBeanFactory - Creating shared instance of singleton bean 'org.springframework.context.annotation.internalAutowiredAnnotationProcessor'
14:24:49.838 [Test worker] DEBUG o.s.b.f.s.DefaultListableBeanFactory - Creating shared instance of singleton bean 'org.springframework.context.annotation.internalCommonAnnotationProcessor'
14:24:49.838 [Test worker] DEBUG o.s.b.f.s.DefaultListableBeanFactory - Creating shared instance of singleton bean 'org.springframework.context.annotation.internalPersistenceAnnotationProcessor'
14:24:49.838 [Test worker] DEBUG o.s.u.c.s.UiApplicationContextUtils - Unable to locate ThemeSource with name 'themeSource': using default [org.springframework.ui.context.support.ResourceBundleThemeSource@12e68749]
14:24:49.840 [Test worker] DEBUG o.s.b.f.s.DefaultListableBeanFactory - Creating shared instance of singleton bean 'environmentSystemIntegrationTests.EnvironmentAwareBean'
14:24:49.841 [Test worker] DEBUG o.s.c.e.PropertySourcesPropertyResolver - Found key 'pCommon' in PropertySource 'servletConfigInitParams' with value of type String
14:24:49.848 [Test worker] DEBUG o.s.c.e.PropertySourcesPropertyResolver - Found key 'pContext1' in PropertySource 'servletContextInitParams' with value of type String
14:24:49.848 [Test worker] DEBUG o.s.c.e.PropertySourcesPropertyResolver - Found key 'pConfig1' in PropertySource 'servletConfigInitParams' with value of type String
14:24:49.848 [Test worker] DEBUG o.s.c.e.PropertySourcesPropertyResolver - Found key 'pCommon' in PropertySource 'servletConfigInitParams' with value of type String
14:24:49.849 [Test worker] DEBUG o.s.c.e.PropertySourcesPropertyResolver - Found key 'pSysProps1' in PropertySource 'systemProperties' with value of type String
14:24:49.851 [Test worker] DEBUG o.s.c.e.StandardEnvironment - Activating profiles [prod]
14:24:49.852 [Test worker] DEBUG o.s.c.e.StandardEnvironment - Activating profiles [dev]
14:24:49.852 [Test worker] DEBUG o.s.w.c.s.StandardServletEnvironment - Activating profiles [prod]
14:24:49.853 [Test worker] DEBUG o.s.w.c.s.GenericWebApplicationContext - Refreshing org.springframework.web.context.support.GenericWebApplicationContext@11f3b837
14:24:49.853 [Test worker] DEBUG o.s.u.c.s.UiApplicationContextUtils - Unable to locate ThemeSource with name 'themeSource': using default [org.springframework.ui.context.support.ResourceBundleThemeSource@366da202]
14:24:49.854 [Test worker] DEBUG o.s.c.e.PropertySourcesPropertyResolver - Found key 'pCommon' in PropertySource 'servletContextInitParams' with value of type String
14:24:49.854 [Test worker] DEBUG o.s.c.e.PropertySourcesPropertyResolver - Found key 'pContext1' in PropertySource 'servletContextInitParams' with value of type String
14:24:49.855 [Test worker] DEBUG o.s.c.e.PropertySourcesPropertyResolver - Found key 'pCommon' in PropertySource 'servletContextInitParams' with value of type String
14:24:49.855 [Test worker] DEBUG o.s.c.e.PropertySourcesPropertyResolver - Found key 'pSysProps1' in PropertySource 'systemProperties' with value of type String
14:24:49.858 [Test worker] DEBUG o.s.c.e.StandardEnvironment - Activating profiles [prod]
14:24:49.858 [Test worker] DEBUG o.s.c.e.StandardEnvironment - Activating profiles [dev]
14:24:49.858 [Test worker] DEBUG o.s.w.c.s.StandardServletEnvironment - Activating profiles [prod]
14:24:49.861 [Test worker] DEBUG o.s.c.e.StandardEnvironment - Activating profiles [p1, p2]
14:24:49.863 [Test worker] DEBUG o.s.c.a.AnnotationConfigApplicationContext - Refreshing org.springframework.context.annotation.AnnotationConfigApplicationContext@64a784b8
14:24:49.863 [Test worker] DEBUG o.s.b.f.s.DefaultListableBeanFactory - Creating shared instance of singleton bean 'org.springframework.context.annotation.internalConfigurationAnnotationProcessor'
14:24:49.865 [Test worker] DEBUG o.s.b.f.s.DefaultListableBeanFactory - Creating shared instance of singleton bean 'org.springframework.context.event.internalEventListenerProcessor'
14:24:49.865 [Test worker] DEBUG o.s.b.f.s.DefaultListableBeanFactory - Creating shared instance of singleton bean 'org.springframework.context.event.internalEventListenerFactory'
14:24:49.865 [Test worker] DEBUG o.s.b.f.s.DefaultListableBeanFactory - Creating shared instance of singleton bean 'org.springframework.context.annotation.internalAutowiredAnnotationProcessor'
14:24:49.865 [Test worker] DEBUG o.s.b.f.s.DefaultListableBeanFactory - Creating shared instance of singleton bean 'org.springframework.context.annotation.internalCommonAnnotationProcessor'
14:24:49.866 [Test worker] DEBUG o.s.b.f.s.DefaultListableBeanFactory - Creating shared instance of singleton bean 'org.springframework.context.annotation.internalPersistenceAnnotationProcessor'
14:24:49.866 [Test worker] DEBUG o.s.b.f.s.DefaultListableBeanFactory - Creating shared instance of singleton bean 'environmentSystemIntegrationTests.ProfileExpressionConfig'
14:24:49.866 [Test worker] DEBUG o.s.b.f.s.DefaultListableBeanFactory - Creating shared instance of singleton bean 'expressionBean'
14:24:49.869 [Test worker] DEBUG o.s.c.e.StandardEnvironment - Activating profiles [prod]
14:24:49.869 [Test worker] DEBUG o.s.c.e.StandardEnvironment - Activating profiles [dev]
14:24:49.870 [Test worker] DEBUG o.s.w.c.s.StandardServletEnvironment - Activating profiles [prod]
14:24:49.875 [Test worker] DEBUG o.s.c.a.ClassPathBeanDefinitionScanner - Identified candidate component class: file [D:\IDEA\source_code\spring-framework-V5.1.11.RELEASE\spring-framework\integration-tests\build\classes\java\test\org\springframework\core\env\scan2\ProdBean.class]
14:24:49.876 [Test worker] DEBUG o.s.c.s.GenericApplicationContext - Refreshing org.springframework.context.support.GenericApplicationContext@534c63fb
14:24:49.877 [Test worker] DEBUG o.s.b.f.s.DefaultListableBeanFactory - Creating shared instance of singleton bean 'org.springframework.context.annotation.internalConfigurationAnnotationProcessor'
14:24:49.881 [Test worker] DEBUG o.s.b.f.s.DefaultListableBeanFactory - Creating shared instance of singleton bean 'org.springframework.context.event.internalEventListenerProcessor'
14:24:49.881 [Test worker] DEBUG o.s.b.f.s.DefaultListableBeanFactory - Creating shared instance of singleton bean 'org.springframework.context.event.internalEventListenerFactory'
14:24:49.881 [Test worker] DEBUG o.s.b.f.s.DefaultListableBeanFactory - Creating shared instance of singleton bean 'org.springframework.context.annotation.internalAutowiredAnnotationProcessor'
14:24:49.881 [Test worker] DEBUG o.s.b.f.s.DefaultListableBeanFactory - Creating shared instance of singleton bean 'org.springframework.context.annotation.internalCommonAnnotationProcessor'
14:24:49.881 [Test worker] DEBUG o.s.b.f.s.DefaultListableBeanFactory - Creating shared instance of singleton bean 'org.springframework.context.annotation.internalPersistenceAnnotationProcessor'
14:24:49.881 [Test worker] DEBUG o.s.b.f.s.DefaultListableBeanFactory - Creating shared instance of singleton bean 'prodBean'
14:24:49.900 [Test worker] DEBUG o.s.c.e.StandardEnvironment - Activating profiles [prod]
14:24:49.901 [Test worker] DEBUG o.s.c.e.StandardEnvironment - Activating profiles [dev]
14:24:49.901 [Test worker] DEBUG o.s.w.c.s.StandardServletEnvironment - Activating profiles [prod]
14:24:49.904 [Test worker] DEBUG o.s.c.a.AnnotationConfigApplicationContext - Refreshing org.springframework.context.annotation.AnnotationConfigApplicationContext@73831d65
14:24:49.904 [Test worker] DEBUG o.s.b.f.s.DefaultListableBeanFactory - Creating shared instance of singleton bean 'org.springframework.context.annotation.internalConfigurationAnnotationProcessor'
14:24:49.905 [Test worker] DEBUG o.s.b.f.s.DefaultListableBeanFactory - Creating shared instance of singleton bean 'org.springframework.context.event.internalEventListenerProcessor'
14:24:49.906 [Test worker] DEBUG o.s.b.f.s.DefaultListableBeanFactory - Creating shared instance of singleton bean 'org.springframework.context.event.internalEventListenerFactory'
14:24:49.906 [Test worker] DEBUG o.s.b.f.s.DefaultListableBeanFactory - Creating shared instance of singleton bean 'org.springframework.context.annotation.internalAutowiredAnnotationProcessor'
14:24:49.906 [Test worker] DEBUG o.s.b.f.s.DefaultListableBeanFactory - Creating shared instance of singleton bean 'org.springframework.context.annotation.internalCommonAnnotationProcessor'
14:24:49.906 [Test worker] DEBUG o.s.b.f.s.DefaultListableBeanFactory - Creating shared instance of singleton bean 'org.springframework.context.annotation.internalPersistenceAnnotationProcessor'
14:24:49.906 [Test worker] DEBUG o.s.b.f.s.DefaultListableBeanFactory - Creating shared instance of singleton bean 'environmentSystemIntegrationTests.EnvironmentAwareBean'
14:24:49.909 [Test worker] DEBUG o.s.c.e.StandardEnvironment - Activating profiles [prod]
14:24:49.909 [Test worker] DEBUG o.s.c.e.StandardEnvironment - Activating profiles [dev]
14:24:49.909 [Test worker] DEBUG o.s.w.c.s.StandardServletEnvironment - Activating profiles [prod]
14:24:49.912 [Test worker] DEBUG o.s.c.a.AnnotationConfigApplicationContext - Refreshing org.springframework.context.annotation.AnnotationConfigApplicationContext@7d34fe3b
14:24:49.912 [Test worker] DEBUG o.s.b.f.s.DefaultListableBeanFactory - Creating shared instance of singleton bean 'org.springframework.context.annotation.internalConfigurationAnnotationProcessor'
14:24:49.915 [Test worker] DEBUG o.s.b.f.s.DefaultListableBeanFactory - Creating shared instance of singleton bean 'org.springframework.context.event.internalEventListenerProcessor'
14:24:49.915 [Test worker] DEBUG o.s.b.f.s.DefaultListableBeanFactory - Creating shared instance of singleton bean 'org.springframework.context.event.internalEventListenerFactory'
14:24:49.915 [Test worker] DEBUG o.s.b.f.s.DefaultListableBeanFactory - Creating shared instance of singleton bean 'org.springframework.context.annotation.internalAutowiredAnnotationProcessor'
14:24:49.915 [Test worker] DEBUG o.s.b.f.s.DefaultListableBeanFactory - Creating shared instance of singleton bean 'org.springframework.context.annotation.internalCommonAnnotationProcessor'
14:24:49.916 [Test worker] DEBUG o.s.b.f.s.DefaultListableBeanFactory - Creating shared instance of singleton bean 'org.springframework.context.annotation.internalPersistenceAnnotationProcessor'
14:24:49.916 [Test worker] DEBUG o.s.b.f.s.DefaultListableBeanFactory - Creating shared instance of singleton bean 'environmentSystemIntegrationTests.DevConfig'
14:24:49.916 [Test worker] DEBUG o.s.b.f.s.DefaultListableBeanFactory - Creating shared instance of singleton bean 'org.springframework.core.env.EnvironmentSystemIntegrationTests$TransitiveConfig'
14:24:49.916 [Test worker] DEBUG o.s.b.f.s.DefaultListableBeanFactory - Creating shared instance of singleton bean 'transitiveBean'
14:24:49.917 [Test worker] DEBUG o.s.b.f.s.DefaultListableBeanFactory - Creating shared instance of singleton bean 'devBean'
14:24:49.923 [Test worker] DEBUG o.s.c.e.StandardEnvironment - Activating profiles [prod]
14:24:49.923 [Test worker] DEBUG o.s.c.e.StandardEnvironment - Activating profiles [dev]
14:24:49.923 [Test worker] DEBUG o.s.w.c.s.StandardServletEnvironment - Activating profiles [prod]
14:24:49.925 [Test worker] DEBUG o.s.c.e.StandardEnvironment - Activating profiles [p1]
14:24:49.926 [Test worker] DEBUG o.s.c.a.AnnotationConfigApplicationContext - Refreshing org.springframework.context.annotation.AnnotationConfigApplicationContext@a019194
14:24:49.926 [Test worker] DEBUG o.s.b.f.s.DefaultListableBeanFactory - Creating shared instance of singleton bean 'org.springframework.context.annotation.internalConfigurationAnnotationProcessor'
14:24:49.927 [Test worker] DEBUG o.s.b.f.s.DefaultListableBeanFactory - Creating shared instance of singleton bean 'org.springframework.context.event.internalEventListenerProcessor'
14:24:49.927 [Test worker] DEBUG o.s.b.f.s.DefaultListableBeanFactory - Creating shared instance of singleton bean 'org.springframework.context.event.internalEventListenerFactory'
14:24:49.927 [Test worker] DEBUG o.s.b.f.s.DefaultListableBeanFactory - Creating shared instance of singleton bean 'org.springframework.context.annotation.internalAutowiredAnnotationProcessor'
14:24:49.927 [Test worker] DEBUG o.s.b.f.s.DefaultListableBeanFactory - Creating shared instance of singleton bean 'org.springframework.context.annotation.internalCommonAnnotationProcessor'
14:24:49.927 [Test worker] DEBUG o.s.b.f.s.DefaultListableBeanFactory - Creating shared instance of singleton bean 'org.springframework.context.annotation.internalPersistenceAnnotationProcessor'
14:24:49.936 [Test worker] DEBUG o.s.c.e.StandardEnvironment - Activating profiles [prod]
14:24:49.936 [Test worker] DEBUG o.s.c.e.StandardEnvironment - Activating profiles [dev]
14:24:49.936 [Test worker] DEBUG o.s.w.c.s.StandardServletEnvironment - Activating profiles [prod]
14:24:49.940 [Test worker] DEBUG o.s.w.c.s.StaticWebApplicationContext - Refreshing Root WebApplicationContext
14:24:49.941 [Test worker] DEBUG o.s.u.c.s.UiApplicationContextUtils - Unable to locate ThemeSource with name 'themeSource': using default [org.springframework.ui.context.support.ResourceBundleThemeSource@7a774a9a]
14:24:49.941 [Test worker] DEBUG o.s.c.e.PropertySourcesPropertyResolver - Found key 'pCommon' in PropertySource 'servletConfigInitParams' with value of type String
14:24:49.941 [Test worker] DEBUG o.s.c.e.PropertySourcesPropertyResolver - Found key 'pContext1' in PropertySource 'servletContextInitParams' with value of type String
14:24:49.941 [Test worker] DEBUG o.s.c.e.PropertySourcesPropertyResolver - Found key 'pConfig1' in PropertySource 'servletConfigInitParams' with value of type String
14:24:49.942 [Test worker] DEBUG o.s.c.e.PropertySourcesPropertyResolver - Found key 'pCommon' in PropertySource 'servletConfigInitParams' with value of type String
14:24:49.942 [Test worker] DEBUG o.s.c.e.PropertySourcesPropertyResolver - Found key 'pSysProps1' in PropertySource 'systemProperties' with value of type String
14:24:49.943 [Test worker] DEBUG o.s.c.e.StandardEnvironment - Activating profiles [prod]
14:24:49.943 [Test worker] DEBUG o.s.c.e.StandardEnvironment - Activating profiles [dev]
14:24:49.943 [Test worker] DEBUG o.s.w.c.s.StandardServletEnvironment - Activating profiles [prod]
14:24:49.943 [Test worker] DEBUG o.s.w.c.s.StaticWebApplicationContext - Refreshing Root WebApplicationContext
14:24:49.943 [Test worker] DEBUG o.s.u.c.s.UiApplicationContextUtils - Unable to locate ThemeSource with name 'themeSource': using default [org.springframework.ui.context.support.ResourceBundleThemeSource@2c1a4945]
14:24:49.943 [Test worker] DEBUG o.s.b.f.s.DefaultListableBeanFactory - Creating shared instance of singleton bean 'envAwareBean'
]]></system-out>
  <system-err><![CDATA[]]></system-err>
</testsuite>
