<?xml version="1.0" encoding="UTF-8"?>
<testsuite name="org.springframework.scheduling.annotation.ScheduledAndTransactionalAnnotationIntegrationTests" tests="4" skipped="4" failures="0" errors="0" timestamp="2020-12-12T06:24:50" hostname="DESKTOP-TMNPDT1" time="0.001">
  <properties/>
  <testcase name="failsWhenJdkProxyAndScheduledMethodNotPresentOnInterface()" classname="org.springframework.scheduling.annotation.ScheduledAndTransactionalAnnotationIntegrationTests" time="0.001">
    <skipped/>
  </testcase>
  <testcase name="withAspectConfig()" classname="org.springframework.scheduling.annotation.ScheduledAndTransactionalAnnotationIntegrationTests" time="0.0">
    <skipped/>
  </testcase>
  <testcase name="succeedsWhenSubclassProxyAndScheduledMethodNotPresentOnInterface()" classname="org.springframework.scheduling.annotation.ScheduledAndTransactionalAnnotationIntegrationTests" time="0.0">
    <skipped/>
  </testcase>
  <testcase name="succeedsWhenJdkProxyAndScheduledMethodIsPresentOnInterface()" classname="org.springframework.scheduling.annotation.ScheduledAndTransactionalAnnotationIntegrationTests" time="0.0">
    <skipped/>
  </testcase>
  <system-out><![CDATA[]]></system-out>
  <system-err><![CDATA[]]></system-err>
</testsuite>
