<?xml version="1.0" encoding="UTF-8"?>
<testsuite name="org.springframework.cache.aspectj.JCacheAspectJJavaConfigTests" tests="28" skipped="0" failures="0" errors="0" timestamp="2020-12-12T06:25:10" hostname="DESKTOP-TMNPDT1" time="3.054">
  <properties/>
  <testcase name="earlyPutWithExceptionVetoPut()" classname="org.springframework.cache.aspectj.JCacheAspectJJavaConfigTests" time="0.121"/>
  <testcase name="removeWithException()" classname="org.springframework.cache.aspectj.JCacheAspectJJavaConfigTests" time="0.032"/>
  <testcase name="cacheExceptionVetoed()" classname="org.springframework.cache.aspectj.JCacheAspectJJavaConfigTests" time="0.057"/>
  <testcase name="cacheWithCustomCacheResolver()" classname="org.springframework.cache.aspectj.JCacheAspectJJavaConfigTests" time="1.794"/>
  <testcase name="earlyRemove()" classname="org.springframework.cache.aspectj.JCacheAspectJJavaConfigTests" time="0.032"/>
  <testcase name="remove()" classname="org.springframework.cache.aspectj.JCacheAspectJJavaConfigTests" time="0.017"/>
  <testcase name="earlyPut()" classname="org.springframework.cache.aspectj.JCacheAspectJJavaConfigTests" time="0.075"/>
  <testcase name="putWithException()" classname="org.springframework.cache.aspectj.JCacheAspectJJavaConfigTests" time="0.062"/>
  <testcase name="removeWithExceptionVetoRemove()" classname="org.springframework.cache.aspectj.JCacheAspectJJavaConfigTests" time="0.101"/>
  <testcase name="cacheWithCustomKeyGenerator()" classname="org.springframework.cache.aspectj.JCacheAspectJJavaConfigTests" time="0.024"/>
  <testcase name="cacheNull()" classname="org.springframework.cache.aspectj.JCacheAspectJJavaConfigTests" time="0.035"/>
  <testcase name="cacheCheckedException()" classname="org.springframework.cache.aspectj.JCacheAspectJJavaConfigTests" time="0.029"/>
  <testcase name="earlyRemoveAll()" classname="org.springframework.cache.aspectj.JCacheAspectJJavaConfigTests" time="0.065"/>
  <testcase name="put()" classname="org.springframework.cache.aspectj.JCacheAspectJJavaConfigTests" time="0.042"/>
  <testcase name="earlyRemoveAllWithExceptionVetoRemove()" classname="org.springframework.cache.aspectj.JCacheAspectJJavaConfigTests" time="0.026"/>
  <testcase name="earlyPutWithException()" classname="org.springframework.cache.aspectj.JCacheAspectJJavaConfigTests" time="0.063"/>
  <testcase name="cache()" classname="org.springframework.cache.aspectj.JCacheAspectJJavaConfigTests" time="0.03"/>
  <testcase name="earlyRemoveAllWithException()" classname="org.springframework.cache.aspectj.JCacheAspectJJavaConfigTests" time="0.067"/>
  <testcase name="earlyRemoveWithException()" classname="org.springframework.cache.aspectj.JCacheAspectJJavaConfigTests" time="0.016"/>
  <testcase name="cacheAlwaysInvoke()" classname="org.springframework.cache.aspectj.JCacheAspectJJavaConfigTests" time="0.018"/>
  <testcase name="removeAllWithExceptionVetoRemove()" classname="org.springframework.cache.aspectj.JCacheAspectJJavaConfigTests" time="0.023"/>
  <testcase name="earlyRemoveWithExceptionVetoRemove()" classname="org.springframework.cache.aspectj.JCacheAspectJJavaConfigTests" time="0.038"/>
  <testcase name="removeAll()" classname="org.springframework.cache.aspectj.JCacheAspectJJavaConfigTests" time="0.018"/>
  <testcase name="removeAllWithException()" classname="org.springframework.cache.aspectj.JCacheAspectJJavaConfigTests" time="0.035"/>
  <testcase name="cacheWithPartialKey()" classname="org.springframework.cache.aspectj.JCacheAspectJJavaConfigTests" time="0.015"/>
  <testcase name="putWithExceptionVetoPut()" classname="org.springframework.cache.aspectj.JCacheAspectJJavaConfigTests" time="0.069"/>
  <testcase name="cacheException()" classname="org.springframework.cache.aspectj.JCacheAspectJJavaConfigTests" time="0.032"/>
  <testcase name="cacheExceptionRewriteCallStack()" classname="org.springframework.cache.aspectj.JCacheAspectJJavaConfigTests" time="0.069"/>
  <system-out><![CDATA[]]></system-out>
  <system-err><![CDATA[]]></system-err>
</testsuite>
