<?xml version="1.0" encoding="UTF-8"?>
<testsuite name="org.springframework.cache.aspectj.AspectJCacheAnnotationTests" tests="61" skipped="0" failures="0" errors="0" timestamp="2020-12-12T06:25:00" hostname="DESKTOP-TMNPDT1" time="4.944">
  <properties/>
  <testcase name="testMultiConditionalCacheAndEvict()" classname="org.springframework.cache.aspectj.AspectJCacheAnnotationTests" time="0.517"/>
  <testcase name="testClassEvictWithKeyEarly()" classname="org.springframework.cache.aspectj.AspectJCacheAnnotationTests" time="0.061"/>
  <testcase name="testClassCheckedExceptionSync()" classname="org.springframework.cache.aspectj.AspectJCacheAnnotationTests" time="0.074"/>
  <testcase name="testKeyExpression()" classname="org.springframework.cache.aspectj.AspectJCacheAnnotationTests" time="0.091"/>
  <testcase name="testConditionalUpdate()" classname="org.springframework.cache.aspectj.AspectJCacheAnnotationTests" time="0.142"/>
  <testcase name="testClassMultiCacheAndEvict()" classname="org.springframework.cache.aspectj.AspectJCacheAnnotationTests" time="0.11"/>
  <testcase name="testCacheableSyncNull()" classname="org.springframework.cache.aspectj.AspectJCacheAnnotationTests" time="0.077"/>
  <testcase name="testUnknownCustomKeyGenerator()" classname="org.springframework.cache.aspectj.AspectJCacheAnnotationTests" time="0.072"/>
  <testcase name="testClassRootVars()" classname="org.springframework.cache.aspectj.AspectJCacheAnnotationTests" time="0.071"/>
  <testcase name="testMethodName()" classname="org.springframework.cache.aspectj.AspectJCacheAnnotationTests" time="0.077"/>
  <testcase name="testEvictWithException()" classname="org.springframework.cache.aspectj.AspectJCacheAnnotationTests" time="0.071"/>
  <testcase name="testClassUpdate()" classname="org.springframework.cache.aspectj.AspectJCacheAnnotationTests" time="0.075"/>
  <testcase name="testCustomCacheManager()" classname="org.springframework.cache.aspectj.AspectJCacheAnnotationTests" time="0.074"/>
  <testcase name="testEvict()" classname="org.springframework.cache.aspectj.AspectJCacheAnnotationTests" time="0.06"/>
  <testcase name="testCheckedExceptionSync()" classname="org.springframework.cache.aspectj.AspectJCacheAnnotationTests" time="0.055"/>
  <testcase name="testClassEvictEarly()" classname="org.springframework.cache.aspectj.AspectJCacheAnnotationTests" time="0.045"/>
  <testcase name="testClassNullArg()" classname="org.springframework.cache.aspectj.AspectJCacheAnnotationTests" time="0.07"/>
  <testcase name="testClassEvictAll()" classname="org.springframework.cache.aspectj.AspectJCacheAnnotationTests" time="0.075"/>
  <testcase name="testPutRefersToResult()" classname="org.springframework.cache.aspectj.AspectJCacheAnnotationTests" time="0.064"/>
  <testcase name="testClassCacheUnlessExpression()" classname="org.springframework.cache.aspectj.AspectJCacheAnnotationTests" time="0.035"/>
  <testcase name="testConditionalExpressionSync()" classname="org.springframework.cache.aspectj.AspectJCacheAnnotationTests" time="0.036"/>
  <testcase name="testClassConditionalUpdate()" classname="org.springframework.cache.aspectj.AspectJCacheAnnotationTests" time="0.081"/>
  <testcase name="testConditionalExpression()" classname="org.springframework.cache.aspectj.AspectJCacheAnnotationTests" time="0.118"/>
  <testcase name="testClassMultiPut()" classname="org.springframework.cache.aspectj.AspectJCacheAnnotationTests" time="0.094"/>
  <testcase name="testClassUncheckedException()" classname="org.springframework.cache.aspectj.AspectJCacheAnnotationTests" time="0.088"/>
  <testcase name="testClassCacheEvictWithWKey()" classname="org.springframework.cache.aspectj.AspectJCacheAnnotationTests" time="0.036"/>
  <testcase name="testClassNullValue()" classname="org.springframework.cache.aspectj.AspectJCacheAnnotationTests" time="0.026"/>
  <testcase name="testUncheckedExceptionSync()" classname="org.springframework.cache.aspectj.AspectJCacheAnnotationTests" time="0.057"/>
  <testcase name="testClassUncheckedExceptionSync()" classname="org.springframework.cache.aspectj.AspectJCacheAnnotationTests" time="0.036"/>
  <testcase name="testClassCacheCacheable()" classname="org.springframework.cache.aspectj.AspectJCacheAnnotationTests" time="0.082"/>
  <testcase name="testClassMethodName()" classname="org.springframework.cache.aspectj.AspectJCacheAnnotationTests" time="0.089"/>
  <testcase name="testCustomKeyGenerator()" classname="org.springframework.cache.aspectj.AspectJCacheAnnotationTests" time="0.061"/>
  <testcase name="testCacheable()" classname="org.springframework.cache.aspectj.AspectJCacheAnnotationTests" time="0.037"/>
  <testcase name="testCheckedException()" classname="org.springframework.cache.aspectj.AspectJCacheAnnotationTests" time="0.118"/>
  <testcase name="testClassPutRefersToResult()" classname="org.springframework.cache.aspectj.AspectJCacheAnnotationTests" time="0.067"/>
  <testcase name="testVarArgsKey()" classname="org.springframework.cache.aspectj.AspectJCacheAnnotationTests" time="0.04"/>
  <testcase name="testMultiCache()" classname="org.springframework.cache.aspectj.AspectJCacheAnnotationTests" time="0.051"/>
  <testcase name="testMultiEvict()" classname="org.springframework.cache.aspectj.AspectJCacheAnnotationTests" time="0.033"/>
  <testcase name="testMultiCacheAndEvict()" classname="org.springframework.cache.aspectj.AspectJCacheAnnotationTests" time="0.048"/>
  <testcase name="testRootVars()" classname="org.springframework.cache.aspectj.AspectJCacheAnnotationTests" time="0.029"/>
  <testcase name="testClassMultiConditionalCacheAndEvict()" classname="org.springframework.cache.aspectj.AspectJCacheAnnotationTests" time="0.069"/>
  <testcase name="testClassEvictWithException()" classname="org.springframework.cache.aspectj.AspectJCacheAnnotationTests" time="0.023"/>
  <testcase name="testClassCheckedException()" classname="org.springframework.cache.aspectj.AspectJCacheAnnotationTests" time="0.038"/>
  <testcase name="testClassCacheEvict()" classname="org.springframework.cache.aspectj.AspectJCacheAnnotationTests" time="0.073"/>
  <testcase name="testEvictWithKey()" classname="org.springframework.cache.aspectj.AspectJCacheAnnotationTests" time="0.04"/>
  <testcase name="testUnlessExpression()" classname="org.springframework.cache.aspectj.AspectJCacheAnnotationTests" time="0.142"/>
  <testcase name="testEvictAllEarly()" classname="org.springframework.cache.aspectj.AspectJCacheAnnotationTests" time="0.045"/>
  <testcase name="testEvictAll()" classname="org.springframework.cache.aspectj.AspectJCacheAnnotationTests" time="0.023"/>
  <testcase name="testCacheableNull()" classname="org.springframework.cache.aspectj.AspectJCacheAnnotationTests" time="0.06"/>
  <testcase name="testCacheableSync()" classname="org.springframework.cache.aspectj.AspectJCacheAnnotationTests" time="0.063"/>
  <testcase name="testEvictWithKeyEarly()" classname="org.springframework.cache.aspectj.AspectJCacheAnnotationTests" time="0.053"/>
  <testcase name="testMultiPut()" classname="org.springframework.cache.aspectj.AspectJCacheAnnotationTests" time="0.125"/>
  <testcase name="testUnknownCustomCacheManager()" classname="org.springframework.cache.aspectj.AspectJCacheAnnotationTests" time="0.093"/>
  <testcase name="testUncheckedException()" classname="org.springframework.cache.aspectj.AspectJCacheAnnotationTests" time="0.05"/>
  <testcase name="testNullValue()" classname="org.springframework.cache.aspectj.AspectJCacheAnnotationTests" time="0.042"/>
  <testcase name="testEvictEarly()" classname="org.springframework.cache.aspectj.AspectJCacheAnnotationTests" time="0.134"/>
  <testcase name="testUpdate()" classname="org.springframework.cache.aspectj.AspectJCacheAnnotationTests" time="0.179"/>
  <testcase name="testNullArg()" classname="org.springframework.cache.aspectj.AspectJCacheAnnotationTests" time="0.042"/>
  <testcase name="testClassMultiCache()" classname="org.springframework.cache.aspectj.AspectJCacheAnnotationTests" time="0.038"/>
  <testcase name="testClassMultiEvict()" classname="org.springframework.cache.aspectj.AspectJCacheAnnotationTests" time="0.127"/>
  <testcase name="testKeyStrategy()" classname="org.springframework.cache.aspectj.AspectJCacheAnnotationTests" time="0.232"/>
  <system-out><![CDATA[]]></system-out>
  <system-err><![CDATA[]]></system-err>
</testsuite>
