<?xml version="1.0" encoding="UTF-8"?>
<testsuite name="org.springframework.cache.aspectj.AspectJEnableCachingTests" tests="60" skipped="0" failures="0" errors="0" timestamp="2020-12-12T06:25:06" hostname="DESKTOP-TMNPDT1" time="3.649">
  <properties/>
  <testcase name="testMultiConditionalCacheAndEvict()" classname="org.springframework.cache.aspectj.AspectJEnableCachingTests" time="0.071"/>
  <testcase name="testClassEvictWithKeyEarly()" classname="org.springframework.cache.aspectj.AspectJEnableCachingTests" time="0.048"/>
  <testcase name="testClassCheckedExceptionSync()" classname="org.springframework.cache.aspectj.AspectJEnableCachingTests" time="0.067"/>
  <testcase name="testKeyExpression()" classname="org.springframework.cache.aspectj.AspectJEnableCachingTests" time="0.079"/>
  <testcase name="testConditionalUpdate()" classname="org.springframework.cache.aspectj.AspectJEnableCachingTests" time="0.045"/>
  <testcase name="testClassMultiCacheAndEvict()" classname="org.springframework.cache.aspectj.AspectJEnableCachingTests" time="0.055"/>
  <testcase name="testCacheableSyncNull()" classname="org.springframework.cache.aspectj.AspectJEnableCachingTests" time="0.088"/>
  <testcase name="testUnknownCustomKeyGenerator()" classname="org.springframework.cache.aspectj.AspectJEnableCachingTests" time="0.057"/>
  <testcase name="testClassRootVars()" classname="org.springframework.cache.aspectj.AspectJEnableCachingTests" time="0.03"/>
  <testcase name="testMethodName()" classname="org.springframework.cache.aspectj.AspectJEnableCachingTests" time="0.033"/>
  <testcase name="testEvictWithException()" classname="org.springframework.cache.aspectj.AspectJEnableCachingTests" time="0.022"/>
  <testcase name="testClassUpdate()" classname="org.springframework.cache.aspectj.AspectJEnableCachingTests" time="0.026"/>
  <testcase name="testCustomCacheManager()" classname="org.springframework.cache.aspectj.AspectJEnableCachingTests" time="0.051"/>
  <testcase name="testEvict()" classname="org.springframework.cache.aspectj.AspectJEnableCachingTests" time="0.097"/>
  <testcase name="testCheckedExceptionSync()" classname="org.springframework.cache.aspectj.AspectJEnableCachingTests" time="0.035"/>
  <testcase name="testClassEvictEarly()" classname="org.springframework.cache.aspectj.AspectJEnableCachingTests" time="0.21"/>
  <testcase name="testClassNullArg()" classname="org.springframework.cache.aspectj.AspectJEnableCachingTests" time="0.347"/>
  <testcase name="testClassEvictAll()" classname="org.springframework.cache.aspectj.AspectJEnableCachingTests" time="0.029"/>
  <testcase name="testPutRefersToResult()" classname="org.springframework.cache.aspectj.AspectJEnableCachingTests" time="0.081"/>
  <testcase name="testClassCacheUnlessExpression()" classname="org.springframework.cache.aspectj.AspectJEnableCachingTests" time="0.048"/>
  <testcase name="testConditionalExpressionSync()" classname="org.springframework.cache.aspectj.AspectJEnableCachingTests" time="0.083"/>
  <testcase name="testClassConditionalUpdate()" classname="org.springframework.cache.aspectj.AspectJEnableCachingTests" time="0.149"/>
  <testcase name="testConditionalExpression()" classname="org.springframework.cache.aspectj.AspectJEnableCachingTests" time="0.038"/>
  <testcase name="testClassMultiPut()" classname="org.springframework.cache.aspectj.AspectJEnableCachingTests" time="0.072"/>
  <testcase name="testClassUncheckedException()" classname="org.springframework.cache.aspectj.AspectJEnableCachingTests" time="0.044"/>
  <testcase name="testClassCacheEvictWithWKey()" classname="org.springframework.cache.aspectj.AspectJEnableCachingTests" time="0.034"/>
  <testcase name="testClassNullValue()" classname="org.springframework.cache.aspectj.AspectJEnableCachingTests" time="0.064"/>
  <testcase name="testUncheckedExceptionSync()" classname="org.springframework.cache.aspectj.AspectJEnableCachingTests" time="0.107"/>
  <testcase name="testClassUncheckedExceptionSync()" classname="org.springframework.cache.aspectj.AspectJEnableCachingTests" time="0.063"/>
  <testcase name="testClassCacheCacheable()" classname="org.springframework.cache.aspectj.AspectJEnableCachingTests" time="0.14"/>
  <testcase name="testClassMethodName()" classname="org.springframework.cache.aspectj.AspectJEnableCachingTests" time="0.126"/>
  <testcase name="testCustomKeyGenerator()" classname="org.springframework.cache.aspectj.AspectJEnableCachingTests" time="0.027"/>
  <testcase name="testCacheable()" classname="org.springframework.cache.aspectj.AspectJEnableCachingTests" time="0.026"/>
  <testcase name="testCheckedException()" classname="org.springframework.cache.aspectj.AspectJEnableCachingTests" time="0.029"/>
  <testcase name="testClassPutRefersToResult()" classname="org.springframework.cache.aspectj.AspectJEnableCachingTests" time="0.043"/>
  <testcase name="testVarArgsKey()" classname="org.springframework.cache.aspectj.AspectJEnableCachingTests" time="0.069"/>
  <testcase name="testMultiCache()" classname="org.springframework.cache.aspectj.AspectJEnableCachingTests" time="0.021"/>
  <testcase name="testMultiEvict()" classname="org.springframework.cache.aspectj.AspectJEnableCachingTests" time="0.098"/>
  <testcase name="testMultiCacheAndEvict()" classname="org.springframework.cache.aspectj.AspectJEnableCachingTests" time="0.017"/>
  <testcase name="testRootVars()" classname="org.springframework.cache.aspectj.AspectJEnableCachingTests" time="0.098"/>
  <testcase name="testClassMultiConditionalCacheAndEvict()" classname="org.springframework.cache.aspectj.AspectJEnableCachingTests" time="0.064"/>
  <testcase name="testClassEvictWithException()" classname="org.springframework.cache.aspectj.AspectJEnableCachingTests" time="0.027"/>
  <testcase name="testClassCheckedException()" classname="org.springframework.cache.aspectj.AspectJEnableCachingTests" time="0.076"/>
  <testcase name="testClassCacheEvict()" classname="org.springframework.cache.aspectj.AspectJEnableCachingTests" time="0.024"/>
  <testcase name="testEvictWithKey()" classname="org.springframework.cache.aspectj.AspectJEnableCachingTests" time="0.035"/>
  <testcase name="testUnlessExpression()" classname="org.springframework.cache.aspectj.AspectJEnableCachingTests" time="0.018"/>
  <testcase name="testEvictAllEarly()" classname="org.springframework.cache.aspectj.AspectJEnableCachingTests" time="0.03"/>
  <testcase name="testEvictAll()" classname="org.springframework.cache.aspectj.AspectJEnableCachingTests" time="0.023"/>
  <testcase name="testCacheableNull()" classname="org.springframework.cache.aspectj.AspectJEnableCachingTests" time="0.023"/>
  <testcase name="testCacheableSync()" classname="org.springframework.cache.aspectj.AspectJEnableCachingTests" time="0.033"/>
  <testcase name="testEvictWithKeyEarly()" classname="org.springframework.cache.aspectj.AspectJEnableCachingTests" time="0.027"/>
  <testcase name="testMultiPut()" classname="org.springframework.cache.aspectj.AspectJEnableCachingTests" time="0.023"/>
  <testcase name="testUnknownCustomCacheManager()" classname="org.springframework.cache.aspectj.AspectJEnableCachingTests" time="0.038"/>
  <testcase name="testUncheckedException()" classname="org.springframework.cache.aspectj.AspectJEnableCachingTests" time="0.021"/>
  <testcase name="testNullValue()" classname="org.springframework.cache.aspectj.AspectJEnableCachingTests" time="0.056"/>
  <testcase name="testEvictEarly()" classname="org.springframework.cache.aspectj.AspectJEnableCachingTests" time="0.032"/>
  <testcase name="testUpdate()" classname="org.springframework.cache.aspectj.AspectJEnableCachingTests" time="0.023"/>
  <testcase name="testNullArg()" classname="org.springframework.cache.aspectj.AspectJEnableCachingTests" time="0.027"/>
  <testcase name="testClassMultiCache()" classname="org.springframework.cache.aspectj.AspectJEnableCachingTests" time="0.02"/>
  <testcase name="testClassMultiEvict()" classname="org.springframework.cache.aspectj.AspectJEnableCachingTests" time="0.029"/>
  <system-out><![CDATA[]]></system-out>
  <system-err><![CDATA[]]></system-err>
</testsuite>
