<?xml version="1.0" encoding="UTF-8"?>
<testsuite name="org.springframework.transaction.aspectj.TransactionAspectTests" tests="12" skipped="0" failures="0" errors="0" timestamp="2020-12-12T06:25:16" hostname="DESKTOP-TMNPDT1" time="0.032">
  <properties/>
  <testcase name="commitOnAnnotatedPrivateMethod()" classname="org.springframework.transaction.aspectj.TransactionAspectTests" time="0.003"/>
  <testcase name="notTransactional()" classname="org.springframework.transaction.aspectj.TransactionAspectTests" time="0.001"/>
  <testcase name="noCommitOnImplementationOfAnnotatedInterface()" classname="org.springframework.transaction.aspectj.TransactionAspectTests" time="0.001"/>
  <testcase name="defaultRollbackOnAnnotatedClass()" classname="org.springframework.transaction.aspectj.TransactionAspectTests" time="0.001"/>
  <testcase name="commitOnAnnotatedProtectedMethod()" classname="org.springframework.transaction.aspectj.TransactionAspectTests" time="0.001"/>
  <testcase name="commitOnNonAnnotatedNonPublicMethodInTransactionalType()" classname="org.springframework.transaction.aspectj.TransactionAspectTests" time="0.001"/>
  <testcase name="defaultCommitOnSubclassOfAnnotatedClass()" classname="org.springframework.transaction.aspectj.TransactionAspectTests" time="0.001"/>
  <testcase name="testCommitOnAnnotatedClass()" classname="org.springframework.transaction.aspectj.TransactionAspectTests" time="0.001"/>
  <testcase name="commitOnAnnotatedMethod()" classname="org.springframework.transaction.aspectj.TransactionAspectTests" time="0.001"/>
  <testcase name="defaultCommitOnSubclassOfClassWithTransactionalMethodAnnotated()" classname="org.springframework.transaction.aspectj.TransactionAspectTests" time="0.01"/>
  <testcase name="defaultCommitOnAnnotatedClass()" classname="org.springframework.transaction.aspectj.TransactionAspectTests" time="0.002"/>
  <testcase name="noRollbackOnImplementationOfAnnotatedInterface()" classname="org.springframework.transaction.aspectj.TransactionAspectTests" time="0.002"/>
  <system-out><![CDATA[]]></system-out>
  <system-err><![CDATA[]]></system-err>
</testsuite>
