<?xml version="1.0" encoding="UTF-8"?>
<testsuite name="org.springframework.cache.aspectj.AspectJEnableCachingIsolatedTests" tests="9" skipped="1" failures="0" errors="0" timestamp="2020-12-12T06:25:05" hostname="DESKTOP-TMNPDT1" time="1.435">
  <properties/>
  <testcase name="multipleCacheManagerBeans_implementsCachingConfigurer()" classname="org.springframework.cache.aspectj.AspectJEnableCachingIsolatedTests" time="0.984"/>
  <testcase name="bothSetOnlyResolverIsUsed()" classname="org.springframework.cache.aspectj.AspectJEnableCachingIsolatedTests" time="0.074"/>
  <testcase name="emptyConfigSupport()" classname="org.springframework.cache.aspectj.AspectJEnableCachingIsolatedTests" time="0.006">
    <skipped/>
  </testcase>
  <testcase name="testKeyStrategy()" classname="org.springframework.cache.aspectj.AspectJEnableCachingIsolatedTests" time="0.118"/>
  <testcase name="testCacheErrorHandler()" classname="org.springframework.cache.aspectj.AspectJEnableCachingIsolatedTests" time="0.053"/>
  <testcase name="multipleCacheManagerBeans()" classname="org.springframework.cache.aspectj.AspectJEnableCachingIsolatedTests" time="0.087"/>
  <testcase name="multipleCachingConfigurers()" classname="org.springframework.cache.aspectj.AspectJEnableCachingIsolatedTests" time="0.05"/>
  <testcase name="noCacheManagerBeans()" classname="org.springframework.cache.aspectj.AspectJEnableCachingIsolatedTests" time="0.022"/>
  <testcase name="singleCacheManagerBean()" classname="org.springframework.cache.aspectj.AspectJEnableCachingIsolatedTests" time="0.031"/>
  <system-out><![CDATA[]]></system-out>
  <system-err><![CDATA[]]></system-err>
</testsuite>
