<?xml version="1.0" encoding="UTF-8"?>
<testsuite name="org.springframework.cache.aspectj.JCacheAspectJNamespaceConfigTests" tests="28" skipped="0" failures="0" errors="0" timestamp="2020-12-12T06:25:13" hostname="DESKTOP-TMNPDT1" time="2.001">
  <properties/>
  <testcase name="earlyPutWithExceptionVetoPut()" classname="org.springframework.cache.aspectj.JCacheAspectJNamespaceConfigTests" time="0.053"/>
  <testcase name="removeWithException()" classname="org.springframework.cache.aspectj.JCacheAspectJNamespaceConfigTests" time="0.077"/>
  <testcase name="cacheExceptionVetoed()" classname="org.springframework.cache.aspectj.JCacheAspectJNamespaceConfigTests" time="0.052"/>
  <testcase name="cacheWithCustomCacheResolver()" classname="org.springframework.cache.aspectj.JCacheAspectJNamespaceConfigTests" time="0.097"/>
  <testcase name="earlyRemove()" classname="org.springframework.cache.aspectj.JCacheAspectJNamespaceConfigTests" time="0.105"/>
  <testcase name="remove()" classname="org.springframework.cache.aspectj.JCacheAspectJNamespaceConfigTests" time="0.06"/>
  <testcase name="earlyPut()" classname="org.springframework.cache.aspectj.JCacheAspectJNamespaceConfigTests" time="0.028"/>
  <testcase name="putWithException()" classname="org.springframework.cache.aspectj.JCacheAspectJNamespaceConfigTests" time="0.089"/>
  <testcase name="removeWithExceptionVetoRemove()" classname="org.springframework.cache.aspectj.JCacheAspectJNamespaceConfigTests" time="0.019"/>
  <testcase name="cacheWithCustomKeyGenerator()" classname="org.springframework.cache.aspectj.JCacheAspectJNamespaceConfigTests" time="0.098"/>
  <testcase name="cacheNull()" classname="org.springframework.cache.aspectj.JCacheAspectJNamespaceConfigTests" time="0.027"/>
  <testcase name="cacheCheckedException()" classname="org.springframework.cache.aspectj.JCacheAspectJNamespaceConfigTests" time="0.155"/>
  <testcase name="earlyRemoveAll()" classname="org.springframework.cache.aspectj.JCacheAspectJNamespaceConfigTests" time="0.176"/>
  <testcase name="put()" classname="org.springframework.cache.aspectj.JCacheAspectJNamespaceConfigTests" time="0.098"/>
  <testcase name="earlyRemoveAllWithExceptionVetoRemove()" classname="org.springframework.cache.aspectj.JCacheAspectJNamespaceConfigTests" time="0.04"/>
  <testcase name="earlyPutWithException()" classname="org.springframework.cache.aspectj.JCacheAspectJNamespaceConfigTests" time="0.055"/>
  <testcase name="cache()" classname="org.springframework.cache.aspectj.JCacheAspectJNamespaceConfigTests" time="0.024"/>
  <testcase name="earlyRemoveAllWithException()" classname="org.springframework.cache.aspectj.JCacheAspectJNamespaceConfigTests" time="0.031"/>
  <testcase name="earlyRemoveWithException()" classname="org.springframework.cache.aspectj.JCacheAspectJNamespaceConfigTests" time="0.03"/>
  <testcase name="cacheAlwaysInvoke()" classname="org.springframework.cache.aspectj.JCacheAspectJNamespaceConfigTests" time="0.083"/>
  <testcase name="removeAllWithExceptionVetoRemove()" classname="org.springframework.cache.aspectj.JCacheAspectJNamespaceConfigTests" time="0.042"/>
  <testcase name="earlyRemoveWithExceptionVetoRemove()" classname="org.springframework.cache.aspectj.JCacheAspectJNamespaceConfigTests" time="0.042"/>
  <testcase name="removeAll()" classname="org.springframework.cache.aspectj.JCacheAspectJNamespaceConfigTests" time="0.019"/>
  <testcase name="removeAllWithException()" classname="org.springframework.cache.aspectj.JCacheAspectJNamespaceConfigTests" time="0.066"/>
  <testcase name="cacheWithPartialKey()" classname="org.springframework.cache.aspectj.JCacheAspectJNamespaceConfigTests" time="0.019"/>
  <testcase name="putWithExceptionVetoPut()" classname="org.springframework.cache.aspectj.JCacheAspectJNamespaceConfigTests" time="0.101"/>
  <testcase name="cacheException()" classname="org.springframework.cache.aspectj.JCacheAspectJNamespaceConfigTests" time="0.1"/>
  <testcase name="cacheExceptionRewriteCallStack()" classname="org.springframework.cache.aspectj.JCacheAspectJNamespaceConfigTests" time="0.051"/>
  <system-out><![CDATA[]]></system-out>
  <system-err><![CDATA[]]></system-err>
</testsuite>
