<?xml version="1.0" encoding="UTF-8"?>
<testsuite name="org.springframework.context.annotation.aspectj.AnnotationBeanConfigurerTests" tests="1" skipped="0" failures="0" errors="0" timestamp="2020-12-12T06:25:15" hostname="DESKTOP-TMNPDT1" time="0.072">
  <properties/>
  <testcase name="injection()" classname="org.springframework.context.annotation.aspectj.AnnotationBeanConfigurerTests" time="0.072"/>
  <system-out><![CDATA[]]></system-out>
  <system-err><![CDATA[]]></system-err>
</testsuite>
