<?xml version="1.0" encoding="UTF-8"?>
<testsuite name="org.springframework.scheduling.aspectj.AnnotationDrivenBeanDefinitionParserTests" tests="3" skipped="0" failures="0" errors="0" timestamp="2020-12-12T06:25:15" hostname="DESKTOP-TMNPDT1" time="0.155">
  <properties/>
  <testcase name="asyncPostProcessorExceptionHandlerReference()" classname="org.springframework.scheduling.aspectj.AnnotationDrivenBeanDefinitionParserTests" time="0.085"/>
  <testcase name="asyncAspectRegistered()" classname="org.springframework.scheduling.aspectj.AnnotationDrivenBeanDefinitionParserTests" time="0.038"/>
  <testcase name="asyncPostProcessorExecutorReference()" classname="org.springframework.scheduling.aspectj.AnnotationDrivenBeanDefinitionParserTests" time="0.031"/>
  <system-out><![CDATA[]]></system-out>
  <system-err><![CDATA[]]></system-err>
</testsuite>
