<?xml version="1.0" encoding="UTF-8"?>
<testsuite name="org.springframework.messaging.simp.SimpAttributesContextHolderTests" tests="8" skipped="0" failures="0" errors="0" timestamp="2020-12-12T06:27:53" hostname="DESKTOP-TMNPDT1" time="0.022">
  <properties/>
  <testcase name="setAttributesFromMessageWithMissingSessionId()" classname="org.springframework.messaging.simp.SimpAttributesContextHolderTests" time="0.001"/>
  <testcase name="currentAttributesNone()" classname="org.springframework.messaging.simp.SimpAttributesContextHolderTests" time="0.0"/>
  <testcase name="getAttributes()" classname="org.springframework.messaging.simp.SimpAttributesContextHolderTests" time="0.001"/>
  <testcase name="setAttributes()" classname="org.springframework.messaging.simp.SimpAttributesContextHolderTests" time="0.011"/>
  <testcase name="currentAttributes()" classname="org.springframework.messaging.simp.SimpAttributesContextHolderTests" time="0.001"/>
  <testcase name="resetAttributes()" classname="org.springframework.messaging.simp.SimpAttributesContextHolderTests" time="0.001"/>
  <testcase name="setAttributesFromMessageWithMissingSessionAttributes()" classname="org.springframework.messaging.simp.SimpAttributesContextHolderTests" time="0.002"/>
  <testcase name="setAttributesFromMessage()" classname="org.springframework.messaging.simp.SimpAttributesContextHolderTests" time="0.001"/>
  <system-out><![CDATA[]]></system-out>
  <system-err><![CDATA[]]></system-err>
</testsuite>
