<?xml version="1.0" encoding="UTF-8"?>
<testsuite name="org.springframework.messaging.handler.annotation.support.MessageMethodArgumentResolverTests" tests="15" skipped="0" failures="0" errors="0" timestamp="2020-12-12T06:27:40" hostname="DESKTOP-TMNPDT1" time="0.049">
  <properties/>
  <testcase name="resolveWithPayloadTypeSubclass()" classname="org.springframework.messaging.handler.annotation.support.MessageMethodArgumentResolverTests" time="0.018"/>
  <testcase name="resolveWithConversion()" classname="org.springframework.messaging.handler.annotation.support.MessageMethodArgumentResolverTests" time="0.002"/>
  <testcase name="resolveWithConversionEmptyPayload()" classname="org.springframework.messaging.handler.annotation.support.MessageMethodArgumentResolverTests" time="0.001"/>
  <testcase name="resolveWithJacksonConverter()" classname="org.springframework.messaging.handler.annotation.support.MessageMethodArgumentResolverTests" time="0.006"/>
  <testcase name="resolveWithConversionNeededButNoConverter()" classname="org.springframework.messaging.handler.annotation.support.MessageMethodArgumentResolverTests" time="0.001"/>
  <testcase name="resolveWithPayloadTypeUpperBound()" classname="org.springframework.messaging.handler.annotation.support.MessageMethodArgumentResolverTests" time="0.001"/>
  <testcase name="resolveWithMessageSubclassAndPayloadWildcard()" classname="org.springframework.messaging.handler.annotation.support.MessageMethodArgumentResolverTests" time="0.001"/>
  <testcase name="resolveWithConversionEmptyPayloadButNoConverter()" classname="org.springframework.messaging.handler.annotation.support.MessageMethodArgumentResolverTests" time="0.002"/>
  <testcase name="resolveWithPayloadTypeAsWildcardAndNoConverter()" classname="org.springframework.messaging.handler.annotation.support.MessageMethodArgumentResolverTests" time="0.0"/>
  <testcase name="resolveWithPayloadTypeOutOfBound()" classname="org.springframework.messaging.handler.annotation.support.MessageMethodArgumentResolverTests" time="0.001"/>
  <testcase name="resolveMessageSubclassMatch()" classname="org.springframework.messaging.handler.annotation.support.MessageMethodArgumentResolverTests" time="0.001"/>
  <testcase name="resolveWithPayloadTypeAsWildcard()" classname="org.springframework.messaging.handler.annotation.support.MessageMethodArgumentResolverTests" time="0.001"/>
  <testcase name="resolveWithConversionNoMatchingConverter()" classname="org.springframework.messaging.handler.annotation.support.MessageMethodArgumentResolverTests" time="0.001"/>
  <testcase name="resolveWithMatchingPayloadType()" classname="org.springframework.messaging.handler.annotation.support.MessageMethodArgumentResolverTests" time="0.001"/>
  <testcase name="resolveWithWrongMessageType()" classname="org.springframework.messaging.handler.annotation.support.MessageMethodArgumentResolverTests" time="0.002"/>
  <system-out><![CDATA[]]></system-out>
  <system-err><![CDATA[]]></system-err>
</testsuite>
