<?xml version="1.0" encoding="UTF-8"?>
<testsuite name="org.springframework.messaging.converter.GenericMessageConverterTests" tests="3" skipped="0" failures="0" errors="0" timestamp="2020-12-12T06:27:29" hostname="DESKTOP-TMNPDT1" time="0.042">
  <properties/>
  <testcase name="fromMessageWithFailedConversion()" classname="org.springframework.messaging.converter.GenericMessageConverterTests" time="0.022"/>
  <testcase name="fromMessageNoConverter()" classname="org.springframework.messaging.converter.GenericMessageConverterTests" time="0.012"/>
  <testcase name="fromMessageWithConversion()" classname="org.springframework.messaging.converter.GenericMessageConverterTests" time="0.002"/>
  <system-out><![CDATA[]]></system-out>
  <system-err><![CDATA[]]></system-err>
</testsuite>
