<?xml version="1.0" encoding="UTF-8"?>
<testsuite name="org.springframework.messaging.rsocket.annotation.support.RSocketFrameTypeMessageConditionTests" tests="4" skipped="0" failures="0" errors="0" timestamp="2020-12-12T06:27:41" hostname="DESKTOP-TMNPDT1" time="0.011">
  <properties/>
  <testcase name="getMatchingConditionEmpty()" classname="org.springframework.messaging.rsocket.annotation.support.RSocketFrameTypeMessageConditionTests" time="0.001"/>
  <testcase name="compareTo()" classname="org.springframework.messaging.rsocket.annotation.support.RSocketFrameTypeMessageConditionTests" time="0.001"/>
  <testcase name="getMatchingCondition()" classname="org.springframework.messaging.rsocket.annotation.support.RSocketFrameTypeMessageConditionTests" time="0.006"/>
  <testcase name="combine()" classname="org.springframework.messaging.rsocket.annotation.support.RSocketFrameTypeMessageConditionTests" time="0.002"/>
  <system-out><![CDATA[]]></system-out>
  <system-err><![CDATA[]]></system-err>
</testsuite>
