<?xml version="1.0" encoding="UTF-8"?>
<testsuite name="org.springframework.messaging.support.NativeMessageHeaderAccessorTests" tests="16" skipped="0" failures="0" errors="0" timestamp="2020-12-12T06:28:26" hostname="DESKTOP-TMNPDT1" time="0.012">
  <properties/>
  <testcase name="setImmutableIdempotent()" classname="org.springframework.messaging.support.NativeMessageHeaderAccessorTests" time="0.0"/>
  <testcase name="addNativeHeaderLazyInitNullValue()" classname="org.springframework.messaging.support.NativeMessageHeaderAccessorTests" time="0.0"/>
  <testcase name="addNativeHeaderNullValue()" classname="org.springframework.messaging.support.NativeMessageHeaderAccessorTests" time="0.001"/>
  <testcase name="addNativeHeaderImmutable()" classname="org.springframework.messaging.support.NativeMessageHeaderAccessorTests" time="0.001"/>
  <testcase name="copyImmutableToMutable()" classname="org.springframework.messaging.support.NativeMessageHeaderAccessorTests" time="0.001"/>
  <testcase name="addNativeHeader()" classname="org.springframework.messaging.support.NativeMessageHeaderAccessorTests" time="0.0"/>
  <testcase name="setNativeHeaderLazyInit()" classname="org.springframework.messaging.support.NativeMessageHeaderAccessorTests" time="0.001"/>
  <testcase name="setNativeHeaderNullValue()" classname="org.springframework.messaging.support.NativeMessageHeaderAccessorTests" time="0.0"/>
  <testcase name="setNativeHeader()" classname="org.springframework.messaging.support.NativeMessageHeaderAccessorTests" time="0.0"/>
  <testcase name="createFromNativeHeaderMap()" classname="org.springframework.messaging.support.NativeMessageHeaderAccessorTests" time="0.001"/>
  <testcase name="createFromMessageAndModify()" classname="org.springframework.messaging.support.NativeMessageHeaderAccessorTests" time="0.0"/>
  <testcase name="setNativeHeaderImmutable()" classname="org.springframework.messaging.support.NativeMessageHeaderAccessorTests" time="0.0"/>
  <testcase name="createFromMessageNull()" classname="org.springframework.messaging.support.NativeMessageHeaderAccessorTests" time="0.0"/>
  <testcase name="setNativeHeaderLazyInitNullValue()" classname="org.springframework.messaging.support.NativeMessageHeaderAccessorTests" time="0.001"/>
  <testcase name="createFromMessage()" classname="org.springframework.messaging.support.NativeMessageHeaderAccessorTests" time="0.0"/>
  <testcase name="addNativeHeaderLazyInit()" classname="org.springframework.messaging.support.NativeMessageHeaderAccessorTests" time="0.001"/>
  <system-out><![CDATA[]]></system-out>
  <system-err><![CDATA[]]></system-err>
</testsuite>
