<?xml version="1.0" encoding="UTF-8"?>
<testsuite name="org.springframework.messaging.simp.config.StompBrokerRelayRegistrationTests" tests="1" skipped="0" failures="0" errors="0" timestamp="2020-12-12T06:27:53" hostname="DESKTOP-TMNPDT1" time="0.0">
  <properties/>
  <testcase name="test()" classname="org.springframework.messaging.simp.config.StompBrokerRelayRegistrationTests" time="0.0"/>
  <system-out><![CDATA[]]></system-out>
  <system-err><![CDATA[]]></system-err>
</testsuite>
