<?xml version="1.0" encoding="UTF-8"?>
<testsuite name="org.springframework.messaging.rsocket.DefaultRSocketRequesterTests" tests="11" skipped="0" failures="0" errors="0" timestamp="2020-12-12T06:27:42" hostname="DESKTOP-TMNPDT1" time="0.443">
  <properties/>
  <testcase name="retrieveMonoWithoutData()" classname="org.springframework.messaging.rsocket.DefaultRSocketRequesterTests" time="0.006"/>
  <testcase name="sendWithoutData()" classname="org.springframework.messaging.rsocket.DefaultRSocketRequesterTests" time="0.001"/>
  <testcase name="retrieveFluxVoid()" classname="org.springframework.messaging.rsocket.DefaultRSocketRequesterTests" time="0.028"/>
  <testcase name="fluxToMonoIsRejected()" classname="org.springframework.messaging.rsocket.DefaultRSocketRequesterTests" time="0.003"/>
  <testcase name="retrieveFlux()" classname="org.springframework.messaging.rsocket.DefaultRSocketRequesterTests" time="0.037"/>
  <testcase name="retrieveMono()" classname="org.springframework.messaging.rsocket.DefaultRSocketRequesterTests" time="0.016"/>
  <testcase name="testSendWithAsyncMetadata()" classname="org.springframework.messaging.rsocket.DefaultRSocketRequesterTests" time="0.008"/>
  <testcase name="sendFlux()" classname="org.springframework.messaging.rsocket.DefaultRSocketRequesterTests" time="0.201"/>
  <testcase name="sendMono()" classname="org.springframework.messaging.rsocket.DefaultRSocketRequesterTests" time="0.118"/>
  <testcase name="retrieveMonoVoid()" classname="org.springframework.messaging.rsocket.DefaultRSocketRequesterTests" time="0.015"/>
  <testcase name="retrieveFluxWithoutData()" classname="org.springframework.messaging.rsocket.DefaultRSocketRequesterTests" time="0.001"/>
  <system-out><![CDATA[]]></system-out>
  <system-err><![CDATA[]]></system-err>
</testsuite>
