<?xml version="1.0" encoding="UTF-8"?>
<testsuite name="org.springframework.messaging.handler.invocation.reactive.EncoderMethodReturnValueHandlerTests" tests="6" skipped="0" failures="0" errors="0" timestamp="2020-12-12T06:27:40" hostname="DESKTOP-TMNPDT1" time="0.281">
  <properties/>
  <testcase name="fluxStringReturnValue()" classname="org.springframework.messaging.handler.invocation.reactive.EncoderMethodReturnValueHandlerTests" time="0.003"/>
  <testcase name="stringReturnValue()" classname="org.springframework.messaging.handler.invocation.reactive.EncoderMethodReturnValueHandlerTests" time="0.001"/>
  <testcase name="noEncoder()" classname="org.springframework.messaging.handler.invocation.reactive.EncoderMethodReturnValueHandlerTests" time="0.016"/>
  <testcase name="fluxObjectReturnValue()" classname="org.springframework.messaging.handler.invocation.reactive.EncoderMethodReturnValueHandlerTests" time="0.002"/>
  <testcase name="voidReturnValue()" classname="org.springframework.messaging.handler.invocation.reactive.EncoderMethodReturnValueHandlerTests" time="0.253"/>
  <testcase name="objectReturnValue()" classname="org.springframework.messaging.handler.invocation.reactive.EncoderMethodReturnValueHandlerTests" time="0.001"/>
  <system-out><![CDATA[]]></system-out>
  <system-err><![CDATA[]]></system-err>
</testsuite>
