<?xml version="1.0" encoding="UTF-8"?>
<testsuite name="org.springframework.messaging.handler.DestinationPatternsMessageConditionTests" tests="12" skipped="0" failures="0" errors="0" timestamp="2020-12-12T06:27:40" hostname="DESKTOP-TMNPDT1" time="0.011">
  <properties/>
  <testcase name="combineOnePatternWithEmptySet()" classname="org.springframework.messaging.handler.DestinationPatternsMessageConditionTests" time="0.0"/>
  <testcase name="comparePatternSpecificity()" classname="org.springframework.messaging.handler.DestinationPatternsMessageConditionTests" time="0.002"/>
  <testcase name="prependNonEmptyPatternsOnly()" classname="org.springframework.messaging.handler.DestinationPatternsMessageConditionTests" time="0.0"/>
  <testcase name="matchDirectPath()" classname="org.springframework.messaging.handler.DestinationPatternsMessageConditionTests" time="0.0"/>
  <testcase name="matchSortPatterns()" classname="org.springframework.messaging.handler.DestinationPatternsMessageConditionTests" time="0.0"/>
  <testcase name="matchPattern()" classname="org.springframework.messaging.handler.DestinationPatternsMessageConditionTests" time="0.0"/>
  <testcase name="combineMultiplePatterns()" classname="org.springframework.messaging.handler.DestinationPatternsMessageConditionTests" time="0.0"/>
  <testcase name="compareNumberOfMatchingPatterns()" classname="org.springframework.messaging.handler.DestinationPatternsMessageConditionTests" time="0.0"/>
  <testcase name="prependSlashWithCustomPathSeparator()" classname="org.springframework.messaging.handler.DestinationPatternsMessageConditionTests" time="0.0"/>
  <testcase name="prependSlash()" classname="org.springframework.messaging.handler.DestinationPatternsMessageConditionTests" time="0.002"/>
  <testcase name="combineEmptySets()" classname="org.springframework.messaging.handler.DestinationPatternsMessageConditionTests" time="0.0"/>
  <testcase name="compareEqualPatterns()" classname="org.springframework.messaging.handler.DestinationPatternsMessageConditionTests" time="0.0"/>
  <system-out><![CDATA[]]></system-out>
  <system-err><![CDATA[]]></system-err>
</testsuite>
