<?xml version="1.0" encoding="UTF-8"?>
<testsuite name="org.springframework.messaging.rsocket.RSocketClientToServerCoroutinesIntegrationTests" tests="9" skipped="0" failures="0" errors="0" timestamp="2020-12-12T06:28:27" hostname="DESKTOP-TMNPDT1" time="0.659">
  <properties/>
  <testcase name="unitReturnValueFromExceptionHandler()" classname="org.springframework.messaging.rsocket.RSocketClientToServerCoroutinesIntegrationTests" time="0.095"/>
  <testcase name="echoStreamAsync()" classname="org.springframework.messaging.rsocket.RSocketClientToServerCoroutinesIntegrationTests" time="0.129"/>
  <testcase name="handleWithThrownException()" classname="org.springframework.messaging.rsocket.RSocketClientToServerCoroutinesIntegrationTests" time="0.04"/>
  <testcase name="echoAsync()" classname="org.springframework.messaging.rsocket.RSocketClientToServerCoroutinesIntegrationTests" time="0.047"/>
  <testcase name="echoChannel()" classname="org.springframework.messaging.rsocket.RSocketClientToServerCoroutinesIntegrationTests" time="0.157"/>
  <testcase name="fireAndForgetAsync()" classname="org.springframework.messaging.rsocket.RSocketClientToServerCoroutinesIntegrationTests" time="0.07"/>
  <testcase name="fireAndForget()" classname="org.springframework.messaging.rsocket.RSocketClientToServerCoroutinesIntegrationTests" time="0.003"/>
  <testcase name="echoStream()" classname="org.springframework.messaging.rsocket.RSocketClientToServerCoroutinesIntegrationTests" time="0.096"/>
  <testcase name="unitReturnValue()" classname="org.springframework.messaging.rsocket.RSocketClientToServerCoroutinesIntegrationTests" time="0.016"/>
  <system-out><![CDATA[]]></system-out>
  <system-err><![CDATA[]]></system-err>
</testsuite>
