<?xml version="1.0" encoding="UTF-8"?>
<testsuite name="org.springframework.messaging.rsocket.RSocketServerToClientIntegrationTests" tests="4" skipped="0" failures="0" errors="0" timestamp="2020-12-12T06:27:47" hostname="DESKTOP-TMNPDT1" time="0.386">
  <properties/>
  <testcase name="echoAsync()" classname="org.springframework.messaging.rsocket.RSocketServerToClientIntegrationTests" time="0.104"/>
  <testcase name="echo()" classname="org.springframework.messaging.rsocket.RSocketServerToClientIntegrationTests" time="0.037"/>
  <testcase name="echoChannel()" classname="org.springframework.messaging.rsocket.RSocketServerToClientIntegrationTests" time="0.138"/>
  <testcase name="echoStream()" classname="org.springframework.messaging.rsocket.RSocketServerToClientIntegrationTests" time="0.105"/>
  <system-out><![CDATA[]]></system-out>
  <system-err><![CDATA[]]></system-err>
</testsuite>
