<?xml version="1.0" encoding="UTF-8"?>
<testsuite name="org.springframework.messaging.handler.invocation.reactive.InvocableHandlerMethodTests" tests="10" skipped="0" failures="0" errors="0" timestamp="2020-12-12T06:27:41" hostname="DESKTOP-TMNPDT1" time="0.188">
  <properties/>
  <testcase name="resolveArg()" classname="org.springframework.messaging.handler.invocation.reactive.InvocableHandlerMethodTests" time="0.034"/>
  <testcase name="voidMethod()" classname="org.springframework.messaging.handler.invocation.reactive.InvocableHandlerMethodTests" time="0.003"/>
  <testcase name="cannotResolveArg()" classname="org.springframework.messaging.handler.invocation.reactive.InvocableHandlerMethodTests" time="0.005"/>
  <testcase name="voidMonoMethod()" classname="org.springframework.messaging.handler.invocation.reactive.InvocableHandlerMethodTests" time="0.13"/>
  <testcase name="resolveProvidedArg()" classname="org.springframework.messaging.handler.invocation.reactive.InvocableHandlerMethodTests" time="0.002"/>
  <testcase name="illegalArgumentException()" classname="org.springframework.messaging.handler.invocation.reactive.InvocableHandlerMethodTests" time="0.002"/>
  <testcase name="invocationTargetException()" classname="org.springframework.messaging.handler.invocation.reactive.InvocableHandlerMethodTests" time="0.001"/>
  <testcase name="resolveProvidedArgFirst()" classname="org.springframework.messaging.handler.invocation.reactive.InvocableHandlerMethodTests" time="0.001"/>
  <testcase name="exceptionInResolvingArg()" classname="org.springframework.messaging.handler.invocation.reactive.InvocableHandlerMethodTests" time="0.002"/>
  <testcase name="resolveNoArgValue()" classname="org.springframework.messaging.handler.invocation.reactive.InvocableHandlerMethodTests" time="0.001"/>
  <system-out><![CDATA[]]></system-out>
  <system-err><![CDATA[]]></system-err>
</testsuite>
