<?xml version="1.0" encoding="UTF-8"?>
<testsuite name="org.springframework.messaging.handler.annotation.support.HeadersMethodArgumentResolverTests" tests="6" skipped="0" failures="0" errors="0" timestamp="2020-12-12T06:27:40" hostname="DESKTOP-TMNPDT1" time="0.016">
  <properties/>
  <testcase name="resolveArgumentAnnotatedNotMap()" classname="org.springframework.messaging.handler.annotation.support.HeadersMethodArgumentResolverTests" time="0.003"/>
  <testcase name="resolveArgumentAnnotated()" classname="org.springframework.messaging.handler.annotation.support.HeadersMethodArgumentResolverTests" time="0.001"/>
  <testcase name="resolveArgumentMessageHeaderAccessor()" classname="org.springframework.messaging.handler.annotation.support.HeadersMethodArgumentResolverTests" time="0.002"/>
  <testcase name="resolveArgumentMessageHeaders()" classname="org.springframework.messaging.handler.annotation.support.HeadersMethodArgumentResolverTests" time="0.001"/>
  <testcase name="supportsParameter()" classname="org.springframework.messaging.handler.annotation.support.HeadersMethodArgumentResolverTests" time="0.004"/>
  <testcase name="resolveArgumentMessageHeaderAccessorSubclass()" classname="org.springframework.messaging.handler.annotation.support.HeadersMethodArgumentResolverTests" time="0.001"/>
  <system-out><![CDATA[]]></system-out>
  <system-err><![CDATA[]]></system-err>
</testsuite>
