<?xml version="1.0" encoding="UTF-8"?>
<testsuite name="org.springframework.messaging.rsocket.RSocketBufferLeakTests" tests="6" skipped="1" failures="0" errors="0" timestamp="2020-12-12T06:27:45" hostname="DESKTOP-TMNPDT1" time="0.276">
  <properties/>
  <testcase name="assemblyTimeErrorForHandleAndReply()" classname="org.springframework.messaging.rsocket.RSocketBufferLeakTests" time="0.053"/>
  <testcase name="errorSignalWithExceptionHandler()" classname="org.springframework.messaging.rsocket.RSocketBufferLeakTests" time="0.028"/>
  <testcase name="echoChannel()" classname="org.springframework.messaging.rsocket.RSocketBufferLeakTests" time="0.163"/>
  <testcase name="subscriptionTimeErrorForHandleAndReply()" classname="org.springframework.messaging.rsocket.RSocketBufferLeakTests" time="0.009"/>
  <testcase name="ignoreInput()" classname="org.springframework.messaging.rsocket.RSocketBufferLeakTests" time="0.018"/>
  <testcase name="noSuchRouteOnChannelInteraction()" classname="org.springframework.messaging.rsocket.RSocketBufferLeakTests" time="0.0">
    <skipped/>
  </testcase>
  <system-out><![CDATA[14:27:46.189 [reactor-tcp-nio-3] ERROR o.s.m.h.i.r.InvocableHelper - No exception handling method
org.springframework.messaging.handler.invocation.MethodArgumentResolutionException: Could not resolve method parameter at index 0 in void org.springframework.messaging.rsocket.RSocketBufferLeakTests$ServerController.notDecodable(org.springframework.core.io.Resource): Cannot decode to [org.springframework.core.io.Resource]GenericMessage [payload=FluxPeekFuseable, headers={dataBufferFactory=NettyDataBufferFactory (PooledByteBufAllocator(directByDefault: true)), rsocketRequester=org.springframework.messaging.rsocket.DefaultRSocketRequester@d953a3a, rsocketResponse=MonoProcessor, lookupDestination=not-decodable, contentType=text/plain, rsocketFrameType=REQUEST_RESPONSE}]
	at org.springframework.messaging.handler.annotation.reactive.PayloadMethodArgumentResolver.decodeContent(PayloadMethodArgumentResolver.java:261) ~[main/:?]
	at org.springframework.messaging.handler.annotation.reactive.PayloadMethodArgumentResolver.resolveArgument(PayloadMethodArgumentResolver.java:168) ~[main/:?]
	at org.springframework.messaging.handler.invocation.reactive.HandlerMethodArgumentResolverComposite.resolveArgument(HandlerMethodArgumentResolverComposite.java:119) ~[main/:?]
	at org.springframework.messaging.handler.invocation.reactive.InvocableHandlerMethod.getMethodArgumentValues(InvocableHandlerMethod.java:183) ~[main/:?]
	at org.springframework.messaging.handler.invocation.reactive.InvocableHandlerMethod.invoke(InvocableHandlerMethod.java:128) ~[main/:?]
	at org.springframework.messaging.handler.invocation.reactive.InvocableHelper.handleMessage(InvocableHelper.java:194) ~[main/:?]
	at org.springframework.messaging.handler.invocation.reactive.AbstractMethodMessageHandler.handleMatch(AbstractMethodMessageHandler.java:458) ~[main/:?]
	at org.springframework.messaging.handler.annotation.reactive.MessageMappingMessageHandler.handleMatch(MessageMappingMessageHandler.java:330) ~[main/:?]
	at org.springframework.messaging.handler.annotation.reactive.MessageMappingMessageHandler.handleMatch(MessageMappingMessageHandler.java:83) ~[main/:?]
	at org.springframework.messaging.handler.invocation.reactive.AbstractMethodMessageHandler.handleMessage(AbstractMethodMessageHandler.java:453) ~[main/:?]
	at org.springframework.messaging.rsocket.annotation.support.MessagingRSocket.lambda$handleAndReply$4(MessagingRSocket.java:172) ~[main/:?]
	at reactor.core.publisher.MonoDefer.subscribe(MonoDefer.java:44) ~[reactor-core-3.3.11.RELEASE.jar:3.3.11.RELEASE]
	at reactor.core.publisher.Mono.subscribe(Mono.java:4213) ~[reactor-core-3.3.11.RELEASE.jar:3.3.11.RELEASE]
	at reactor.core.publisher.FluxConcatArray$ConcatArraySubscriber.onComplete(FluxConcatArray.java:207) ~[reactor-core-3.3.11.RELEASE.jar:3.3.11.RELEASE]
	at reactor.core.publisher.FluxConcatArray.subscribe(FluxConcatArray.java:80) ~[reactor-core-3.3.11.RELEASE.jar:3.3.11.RELEASE]
	at reactor.core.publisher.InternalMonoOperator.subscribe(InternalMonoOperator.java:64) ~[reactor-core-3.3.11.RELEASE.jar:3.3.11.RELEASE]
	at io.rsocket.core.RSocketResponder.handleRequestResponse(RSocketResponder.java:445) ~[rsocket-core-1.0.3.jar:?]
	at io.rsocket.core.RSocketResponder.handleFrame(RSocketResponder.java:304) ~[rsocket-core-1.0.3.jar:?]
	at reactor.core.publisher.LambdaSubscriber.onNext(LambdaSubscriber.java:160) [reactor-core-3.3.11.RELEASE.jar:3.3.11.RELEASE]
	at reactor.core.publisher.MonoFlatMapMany$FlatMapManyInner.onNext(MonoFlatMapMany.java:242) [reactor-core-3.3.11.RELEASE.jar:3.3.11.RELEASE]
	at reactor.core.publisher.FluxGroupBy$UnicastGroupedFlux.drainRegular(FluxGroupBy.java:554) [reactor-core-3.3.11.RELEASE.jar:3.3.11.RELEASE]
	at reactor.core.publisher.FluxGroupBy$UnicastGroupedFlux.drain(FluxGroupBy.java:630) [reactor-core-3.3.11.RELEASE.jar:3.3.11.RELEASE]
	at reactor.core.publisher.FluxGroupBy$UnicastGroupedFlux.onNext(FluxGroupBy.java:670) [reactor-core-3.3.11.RELEASE.jar:3.3.11.RELEASE]
	at reactor.core.publisher.FluxGroupBy$GroupByMain.onNext(FluxGroupBy.java:205) [reactor-core-3.3.11.RELEASE.jar:3.3.11.RELEASE]
	at reactor.core.publisher.FluxHandle$HandleSubscriber.onNext(FluxHandle.java:112) [reactor-core-3.3.11.RELEASE.jar:3.3.11.RELEASE]
	at reactor.core.publisher.FluxMap$MapConditionalSubscriber.onNext(FluxMap.java:213) [reactor-core-3.3.11.RELEASE.jar:3.3.11.RELEASE]
	at reactor.core.publisher.FluxMap$MapConditionalSubscriber.onNext(FluxMap.java:213) [reactor-core-3.3.11.RELEASE.jar:3.3.11.RELEASE]
	at reactor.netty.channel.FluxReceive.drainReceiver(FluxReceive.java:256) [reactor-netty-0.9.13.RELEASE.jar:0.9.13.RELEASE]
	at reactor.netty.channel.FluxReceive.onInboundNext(FluxReceive.java:362) [reactor-netty-0.9.13.RELEASE.jar:0.9.13.RELEASE]
	at reactor.netty.channel.ChannelOperations.onInboundNext(ChannelOperations.java:358) [reactor-netty-0.9.13.RELEASE.jar:0.9.13.RELEASE]
	at reactor.netty.channel.ChannelOperationsHandler.channelRead(ChannelOperationsHandler.java:96) [reactor-netty-0.9.13.RELEASE.jar:0.9.13.RELEASE]
	at io.netty.channel.AbstractChannelHandlerContext.invokeChannelRead(AbstractChannelHandlerContext.java:379) [netty-transport-4.1.51.Final.jar:4.1.51.Final]
	at io.netty.channel.AbstractChannelHandlerContext.invokeChannelRead(AbstractChannelHandlerContext.java:365) [netty-transport-4.1.51.Final.jar:4.1.51.Final]
	at io.netty.channel.AbstractChannelHandlerContext.fireChannelRead(AbstractChannelHandlerContext.java:357) [netty-transport-4.1.51.Final.jar:4.1.51.Final]
	at io.netty.handler.codec.ByteToMessageDecoder.fireChannelRead(ByteToMessageDecoder.java:324) [netty-codec-4.1.51.Final.jar:4.1.51.Final]
	at io.netty.handler.codec.ByteToMessageDecoder.channelRead(ByteToMessageDecoder.java:296) [netty-codec-4.1.51.Final.jar:4.1.51.Final]
	at io.netty.channel.AbstractChannelHandlerContext.invokeChannelRead(AbstractChannelHandlerContext.java:379) [netty-transport-4.1.51.Final.jar:4.1.51.Final]
	at io.netty.channel.AbstractChannelHandlerContext.invokeChannelRead(AbstractChannelHandlerContext.java:365) [netty-transport-4.1.51.Final.jar:4.1.51.Final]
	at io.netty.channel.AbstractChannelHandlerContext.fireChannelRead(AbstractChannelHandlerContext.java:357) [netty-transport-4.1.51.Final.jar:4.1.51.Final]
	at io.netty.channel.DefaultChannelPipeline$HeadContext.channelRead(DefaultChannelPipeline.java:1410) [netty-transport-4.1.51.Final.jar:4.1.51.Final]
	at io.netty.channel.AbstractChannelHandlerContext.invokeChannelRead(AbstractChannelHandlerContext.java:379) [netty-transport-4.1.51.Final.jar:4.1.51.Final]
	at io.netty.channel.AbstractChannelHandlerContext.invokeChannelRead(AbstractChannelHandlerContext.java:365) [netty-transport-4.1.51.Final.jar:4.1.51.Final]
	at io.netty.channel.DefaultChannelPipeline.fireChannelRead(DefaultChannelPipeline.java:919) [netty-transport-4.1.51.Final.jar:4.1.51.Final]
	at io.netty.channel.nio.AbstractNioByteChannel$NioByteUnsafe.read(AbstractNioByteChannel.java:163) [netty-transport-4.1.51.Final.jar:4.1.51.Final]
	at io.netty.channel.nio.NioEventLoop.processSelectedKey(NioEventLoop.java:714) [netty-transport-4.1.51.Final.jar:4.1.51.Final]
	at io.netty.channel.nio.NioEventLoop.processSelectedKeysOptimized(NioEventLoop.java:650) [netty-transport-4.1.51.Final.jar:4.1.51.Final]
	at io.netty.channel.nio.NioEventLoop.processSelectedKeys(NioEventLoop.java:576) [netty-transport-4.1.51.Final.jar:4.1.51.Final]
	at io.netty.channel.nio.NioEventLoop.run(NioEventLoop.java:493) [netty-transport-4.1.51.Final.jar:4.1.51.Final]
	at io.netty.util.concurrent.SingleThreadEventExecutor$4.run(SingleThreadEventExecutor.java:989) [netty-common-4.1.51.Final.jar:4.1.51.Final]
	at io.netty.util.internal.ThreadExecutorMap$2.run(ThreadExecutorMap.java:74) [netty-common-4.1.51.Final.jar:4.1.51.Final]
	at io.netty.util.concurrent.FastThreadLocalRunnable.run(FastThreadLocalRunnable.java:30) [netty-common-4.1.51.Final.jar:4.1.51.Final]
	at java.lang.Thread.run(Thread.java:748) [?:1.8.0_191]
]]></system-out>
  <system-err><![CDATA[]]></system-err>
</testsuite>
