<?xml version="1.0" encoding="UTF-8"?>
<testsuite name="org.springframework.messaging.support.MessageBuilderTests" tests="19" skipped="0" failures="0" errors="0" timestamp="2020-12-12T06:28:26" hostname="DESKTOP-TMNPDT1" time="0.018">
  <properties/>
  <testcase name="testContainsHeaderNotModifiedSameMessage()" classname="org.springframework.messaging.support.MessageBuilderTests" time="0.001"/>
  <testcase name="testBuildMultipleMessages()" classname="org.springframework.messaging.support.MessageBuilderTests" time="0.001"/>
  <testcase name="testBuildMessageWithoutIdAndTimestamp()" classname="org.springframework.messaging.support.MessageBuilderTests" time="0.002"/>
  <testcase name="testIdHeaderValueReadOnly()" classname="org.springframework.messaging.support.MessageBuilderTests" time="0.001"/>
  <testcase name="testSimpleMessageCreation()" classname="org.springframework.messaging.support.MessageBuilderTests" time="0.0"/>
  <testcase name="copyHeadersIfAbsent()" classname="org.springframework.messaging.support.MessageBuilderTests" time="0.001"/>
  <testcase name="testHeaderValues()" classname="org.springframework.messaging.support.MessageBuilderTests" time="0.001"/>
  <testcase name="testBuildMessageWithMutableHeaders()" classname="org.springframework.messaging.support.MessageBuilderTests" time="0.0"/>
  <testcase name="testSameHeaderValueAddedNotModifiedSameMessage()" classname="org.springframework.messaging.support.MessageBuilderTests" time="0.001"/>
  <testcase name="testBuildMessageWithDefaultMutability()" classname="org.springframework.messaging.support.MessageBuilderTests" time="0.001"/>
  <testcase name="testCopiedHeaderValues()" classname="org.springframework.messaging.support.MessageBuilderTests" time="0.001"/>
  <testcase name="testCopySameHeaderValuesNotModifiedSameMessage()" classname="org.springframework.messaging.support.MessageBuilderTests" time="0.0"/>
  <testcase name="testSettingToNullRemoves()" classname="org.springframework.messaging.support.MessageBuilderTests" time="0.0"/>
  <testcase name="testTimestampValueReadOnly()" classname="org.springframework.messaging.support.MessageBuilderTests" time="0.001"/>
  <testcase name="createErrorMessageFromErrorMessage()" classname="org.springframework.messaging.support.MessageBuilderTests" time="0.001"/>
  <testcase name="createIdRegenerated()" classname="org.springframework.messaging.support.MessageBuilderTests" time="0.001"/>
  <testcase name="testRemove()" classname="org.springframework.messaging.support.MessageBuilderTests" time="0.0"/>
  <testcase name="createFromMessage()" classname="org.springframework.messaging.support.MessageBuilderTests" time="0.0"/>
  <testcase name="testNotModifiedSameMessage()" classname="org.springframework.messaging.support.MessageBuilderTests" time="0.0"/>
  <system-out><![CDATA[]]></system-out>
  <system-err><![CDATA[]]></system-err>
</testsuite>
