<?xml version="1.0" encoding="UTF-8"?>
<testsuite name="org.springframework.messaging.converter.MappingJackson2MessageConverterTests" tests="14" skipped="0" failures="0" errors="0" timestamp="2020-12-12T06:27:29" hostname="DESKTOP-TMNPDT1" time="1.925">
  <properties/>
  <testcase name="fromMessageToList()" classname="org.springframework.messaging.converter.MappingJackson2MessageConverterTests" time="1.205"/>
  <testcase name="fromMessageInvalidJson()" classname="org.springframework.messaging.converter.MappingJackson2MessageConverterTests" time="0.185"/>
  <testcase name="fromMessageMatchingInstance()" classname="org.springframework.messaging.converter.MappingJackson2MessageConverterTests" time="0.006"/>
  <testcase name="fromMessageToMessageWithPojo()" classname="org.springframework.messaging.converter.MappingJackson2MessageConverterTests" time="0.049"/>
  <testcase name="mimetypesParametrizedConstructor()" classname="org.springframework.messaging.converter.MappingJackson2MessageConverterTests" time="0.059"/>
  <testcase name="fromMessageValidJsonWithUnknownProperty()" classname="org.springframework.messaging.converter.MappingJackson2MessageConverterTests" time="0.01"/>
  <testcase name="toMessage()" classname="org.springframework.messaging.converter.MappingJackson2MessageConverterTests" time="0.124"/>
  <testcase name="toMessageJsonView()" classname="org.springframework.messaging.converter.MappingJackson2MessageConverterTests" time="0.119"/>
  <testcase name="defaultConstructor()" classname="org.springframework.messaging.converter.MappingJackson2MessageConverterTests" time="0.002"/>
  <testcase name="mimetypeParametrizedConstructor()" classname="org.springframework.messaging.converter.MappingJackson2MessageConverterTests" time="0.002"/>
  <testcase name="toMessageUtf16String()" classname="org.springframework.messaging.converter.MappingJackson2MessageConverterTests" time="0.006"/>
  <testcase name="fromMessageUntyped()" classname="org.springframework.messaging.converter.MappingJackson2MessageConverterTests" time="0.092"/>
  <testcase name="fromMessage()" classname="org.springframework.messaging.converter.MappingJackson2MessageConverterTests" time="0.022"/>
  <testcase name="toMessageUtf16()" classname="org.springframework.messaging.converter.MappingJackson2MessageConverterTests" time="0.005"/>
  <system-out><![CDATA[]]></system-out>
  <system-err><![CDATA[]]></system-err>
</testsuite>
