<?xml version="1.0" encoding="UTF-8"?>
<testsuite name="org.springframework.messaging.core.CachingDestinationResolverTests" tests="3" skipped="0" failures="0" errors="0" timestamp="2020-12-12T06:27:36" hostname="DESKTOP-TMNPDT1" time="0.111">
  <properties/>
  <testcase name="nullTargetThroughConstructor()" classname="org.springframework.messaging.core.CachingDestinationResolverTests" time="0.003"/>
  <testcase name="noTargetSet()" classname="org.springframework.messaging.core.CachingDestinationResolverTests" time="0.001"/>
  <testcase name="cachedDestination()" classname="org.springframework.messaging.core.CachingDestinationResolverTests" time="0.106"/>
  <system-out><![CDATA[]]></system-out>
  <system-err><![CDATA[]]></system-err>
</testsuite>
