<?xml version="1.0" encoding="UTF-8"?>
<testsuite name="org.springframework.messaging.simp.broker.OrderedMessageSenderTests" tests="1" skipped="0" failures="0" errors="0" timestamp="2020-12-12T06:27:49" hostname="DESKTOP-TMNPDT1" time="0.455">
  <properties/>
  <testcase name="test()" classname="org.springframework.messaging.simp.broker.OrderedMessageSenderTests" time="0.455"/>
  <system-out><![CDATA[]]></system-out>
  <system-err><![CDATA[]]></system-err>
</testsuite>
