<?xml version="1.0" encoding="UTF-8"?>
<testsuite name="org.springframework.messaging.converter.MarshallingMessageConverterTests" tests="4" skipped="0" failures="0" errors="0" timestamp="2020-12-12T06:27:31" hostname="DESKTOP-TMNPDT1" time="1.752">
  <properties/>
  <testcase name="fromMessageValidXmlWithUnknownProperty()" classname="org.springframework.messaging.converter.MarshallingMessageConverterTests" time="1.455"/>
  <testcase name="toMessage()" classname="org.springframework.messaging.converter.MarshallingMessageConverterTests" time="0.265"/>
  <testcase name="fromMessage()" classname="org.springframework.messaging.converter.MarshallingMessageConverterTests" time="0.014"/>
  <testcase name="fromMessageInvalidXml()" classname="org.springframework.messaging.converter.MarshallingMessageConverterTests" time="0.014"/>
  <system-out><![CDATA[]]></system-out>
  <system-err><![CDATA[]]></system-err>
</testsuite>
