<?xml version="1.0" encoding="UTF-8"?>
<testsuite name="org.springframework.messaging.core.GenericMessagingTemplateTests" tests="7" skipped="0" failures="0" errors="0" timestamp="2020-12-12T06:27:36" hostname="DESKTOP-TMNPDT1" time="1.913">
  <properties/>
  <testcase name="sendAndReceiveVariableTimeoutCustomHeaders()" classname="org.springframework.messaging.core.GenericMessagingTemplateTests" time="0.577"/>
  <testcase name="sendAndReceive()" classname="org.springframework.messaging.core.GenericMessagingTemplateTests" time="0.014"/>
  <testcase name="sendAndReceiveVariableTimeout()" classname="org.springframework.messaging.core.GenericMessagingTemplateTests" time="0.55"/>
  <testcase name="sendWithTimeout()" classname="org.springframework.messaging.core.GenericMessagingTemplateTests" time="0.016"/>
  <testcase name="convertAndSendWithSimpMessageHeaders()" classname="org.springframework.messaging.core.GenericMessagingTemplateTests" time="0.01"/>
  <testcase name="sendWithTimeoutMutable()" classname="org.springframework.messaging.core.GenericMessagingTemplateTests" time="0.036"/>
  <testcase name="sendAndReceiveTimeout()" classname="org.springframework.messaging.core.GenericMessagingTemplateTests" time="0.688"/>
  <system-out><![CDATA[14:27:37.080 [ThreadPoolTaskExecutor-1] WARN  o.s.m.c.GenericMessagingTemplate$TemporaryReplyChannel - Reply message received but the receiving thread has exited due to a timeout: GenericMessage [payload=response, headers={id=64cfe693-eb1e-52c7-2e5d-bc5eba451c00, timestamp=1607754457076}]
14:27:37.658 [ThreadPoolTaskExecutor-1] WARN  o.s.m.c.GenericMessagingTemplate$TemporaryReplyChannel - Reply message received but the receiving thread has exited due to a timeout: GenericMessage [payload=response, headers={id=54203dae-ef5f-7382-3f2f-96a0fecce0d9, timestamp=1607754457657}]
14:27:38.441 [ThreadPoolTaskExecutor-1] WARN  o.s.m.c.GenericMessagingTemplate$TemporaryReplyChannel - Reply message received but the receiving thread has exited due to a timeout: GenericMessage [payload=response, headers={id=11608d07-b77d-dcbe-4c6f-88965b3cc865, timestamp=1607754458441}]
]]></system-out>
  <system-err><![CDATA[]]></system-err>
</testsuite>
