<?xml version="1.0" encoding="UTF-8"?>
<testsuite name="org.springframework.messaging.simp.stomp.StompClientSupportTests" tests="5" skipped="0" failures="0" errors="0" timestamp="2020-12-12T06:28:26" hostname="DESKTOP-TMNPDT1" time="0.004">
  <properties/>
  <testcase name="defaultHeartbeatValue()" classname="org.springframework.messaging.simp.stomp.StompClientSupportTests" time="0.0"/>
  <testcase name="defaultHeartbeatValidation()" classname="org.springframework.messaging.simp.stomp.StompClientSupportTests" time="0.002"/>
  <testcase name="processConnectHeadersDefault()" classname="org.springframework.messaging.simp.stomp.StompClientSupportTests" time="0.0"/>
  <testcase name="processConnectHeadersWithExplicitHeartbeat()" classname="org.springframework.messaging.simp.stomp.StompClientSupportTests" time="0.0"/>
  <testcase name="isDefaultHeartbeatEnabled()" classname="org.springframework.messaging.simp.stomp.StompClientSupportTests" time="0.0"/>
  <system-out><![CDATA[]]></system-out>
  <system-err><![CDATA[]]></system-err>
</testsuite>
