<?xml version="1.0" encoding="UTF-8"?>
<testsuite name="org.springframework.messaging.handler.annotation.support.HeaderMethodArgumentResolverTests" tests="10" skipped="0" failures="0" errors="0" timestamp="2020-12-12T06:27:40" hostname="DESKTOP-TMNPDT1" time="0.052">
  <properties/>
  <testcase name="resolveOptionalHeaderWithValue()" classname="org.springframework.messaging.handler.annotation.support.HeaderMethodArgumentResolverTests" time="0.006"/>
  <testcase name="resolveNameFromSystemProperty()" classname="org.springframework.messaging.handler.annotation.support.HeaderMethodArgumentResolverTests" time="0.003"/>
  <testcase name="resolveArgumentNativeHeaderAmbiguity()" classname="org.springframework.messaging.handler.annotation.support.HeaderMethodArgumentResolverTests" time="0.009"/>
  <testcase name="resolveArgumentNativeHeader()" classname="org.springframework.messaging.handler.annotation.support.HeaderMethodArgumentResolverTests" time="0.004"/>
  <testcase name="resolveDefaultValueSystemProperty()" classname="org.springframework.messaging.handler.annotation.support.HeaderMethodArgumentResolverTests" time="0.004"/>
  <testcase name="resolveOptionalHeaderAsEmpty()" classname="org.springframework.messaging.handler.annotation.support.HeaderMethodArgumentResolverTests" time="0.004"/>
  <testcase name="resolveArgumentDefaultValue()" classname="org.springframework.messaging.handler.annotation.support.HeaderMethodArgumentResolverTests" time="0.005"/>
  <testcase name="resolveArgumentNotFound()" classname="org.springframework.messaging.handler.annotation.support.HeaderMethodArgumentResolverTests" time="0.004"/>
  <testcase name="resolveArgument()" classname="org.springframework.messaging.handler.annotation.support.HeaderMethodArgumentResolverTests" time="0.006"/>
  <testcase name="supportsParameter()" classname="org.springframework.messaging.handler.annotation.support.HeaderMethodArgumentResolverTests" time="0.002"/>
  <system-out><![CDATA[]]></system-out>
  <system-err><![CDATA[]]></system-err>
</testsuite>
