<?xml version="1.0" encoding="UTF-8"?>
<testsuite name="org.springframework.messaging.simp.annotation.support.SubscriptionMethodReturnValueHandlerTests" tests="4" skipped="0" failures="0" errors="0" timestamp="2020-12-12T06:27:48" hostname="DESKTOP-TMNPDT1" time="0.137">
  <properties/>
  <testcase name="testJsonView()" classname="org.springframework.messaging.simp.annotation.support.SubscriptionMethodReturnValueHandlerTests" time="0.005"/>
  <testcase name="testHeadersPassedToMessagingTemplate()" classname="org.springframework.messaging.simp.annotation.support.SubscriptionMethodReturnValueHandlerTests" time="0.121"/>
  <testcase name="testMessageSentToChannel()" classname="org.springframework.messaging.simp.annotation.support.SubscriptionMethodReturnValueHandlerTests" time="0.004"/>
  <testcase name="supportsReturnType()" classname="org.springframework.messaging.simp.annotation.support.SubscriptionMethodReturnValueHandlerTests" time="0.005"/>
  <system-out><![CDATA[]]></system-out>
  <system-err><![CDATA[]]></system-err>
</testsuite>
