<?xml version="1.0" encoding="UTF-8"?>
<testsuite name="org.springframework.messaging.simp.SimpSessionScopeTests" tests="5" skipped="0" failures="0" errors="0" timestamp="2020-12-12T06:27:53" hostname="DESKTOP-TMNPDT1" time="0.023">
  <properties/>
  <testcase name="remove()" classname="org.springframework.messaging.simp.SimpSessionScopeTests" time="0.017"/>
  <testcase name="getWithObjectFactory()" classname="org.springframework.messaging.simp.SimpSessionScopeTests" time="0.001"/>
  <testcase name="get()" classname="org.springframework.messaging.simp.SimpSessionScopeTests" time="0.001"/>
  <testcase name="getSessionId()" classname="org.springframework.messaging.simp.SimpSessionScopeTests" time="0.0"/>
  <testcase name="registerDestructionCallback()" classname="org.springframework.messaging.simp.SimpSessionScopeTests" time="0.004"/>
  <system-out><![CDATA[]]></system-out>
  <system-err><![CDATA[]]></system-err>
</testsuite>
