<?xml version="1.0" encoding="UTF-8"?>
<testsuite name="org.springframework.expression.spel.ListTests" tests="18" skipped="0" failures="0" errors="0" timestamp="2020-12-11T19:50:43" hostname="DESKTOP-TMNPDT1" time="0.101">
  <properties/>
  <testcase name="testSetConstruction01()" classname="org.springframework.expression.spel.ListTests" time="0.001"/>
  <testcase name="testRelOperatorsBetweenErrors02()" classname="org.springframework.expression.spel.ListTests" time="0.001"/>
  <testcase name="testRelOperatorsBetween01()" classname="org.springframework.expression.spel.ListTests" time="0.0"/>
  <testcase name="testRelOperatorsBetween02()" classname="org.springframework.expression.spel.ListTests" time="0.001"/>
  <testcase name="testRelOperatorsBetween03()" classname="org.springframework.expression.spel.ListTests" time="0.001"/>
  <testcase name="testRelOperatorsBetween04()" classname="org.springframework.expression.spel.ListTests" time="0.006"/>
  <testcase name="testConstantRepresentation1()" classname="org.springframework.expression.spel.ListTests" time="0.001"/>
  <testcase name="testInlineListCreation01()" classname="org.springframework.expression.spel.ListTests" time="0.001"/>
  <testcase name="testInlineListCreation02()" classname="org.springframework.expression.spel.ListTests" time="0.001"/>
  <testcase name="testInlineListCreation03()" classname="org.springframework.expression.spel.ListTests" time="0.0"/>
  <testcase name="testInlineListCreation04()" classname="org.springframework.expression.spel.ListTests" time="0.004"/>
  <testcase name="testInlineListCreation05()" classname="org.springframework.expression.spel.ListTests" time="0.001"/>
  <testcase name="testInlineListCreation06()" classname="org.springframework.expression.spel.ListTests" time="0.002"/>
  <testcase name="testInlineListError()" classname="org.springframework.expression.spel.ListTests" time="0.002"/>
  <testcase name="testInlineListAndProjectionSelection()" classname="org.springframework.expression.spel.ListTests" time="0.003"/>
  <testcase name="testInlineListAndNesting()" classname="org.springframework.expression.spel.ListTests" time="0.001"/>
  <testcase name="testInlineListWriting()" classname="org.springframework.expression.spel.ListTests" time="0.001"/>
  <testcase name="testRelOperatorsIs02()" classname="org.springframework.expression.spel.ListTests" time="0.036"/>
  <system-out><![CDATA[]]></system-out>
  <system-err><![CDATA[]]></system-err>
</testsuite>
