<?xml version="1.0" encoding="UTF-8"?>
<testsuite name="org.springframework.expression.spel.PerformanceTests" tests="2" skipped="2" failures="0" errors="0" timestamp="2020-12-11T19:50:44" hostname="DESKTOP-TMNPDT1" time="0.0">
  <properties/>
  <testcase name="testPerformanceOfMethodAccess()" classname="org.springframework.expression.spel.PerformanceTests" time="0.0">
    <skipped/>
  </testcase>
  <testcase name="testPerformanceOfPropertyAccess()" classname="org.springframework.expression.spel.PerformanceTests" time="0.0">
    <skipped/>
  </testcase>
  <system-out><![CDATA[]]></system-out>
  <system-err><![CDATA[]]></system-err>
</testsuite>
