<?xml version="1.0" encoding="UTF-8"?>
<testsuite name="org.springframework.expression.spel.SpelDocumentationTests" tests="24" skipped="0" failures="0" errors="0" timestamp="2020-12-11T19:50:51" hostname="DESKTOP-TMNPDT1" time="0.135">
  <properties/>
  <testcase name="testTernary()" classname="org.springframework.expression.spel.SpelDocumentationTests" time="0.001"/>
  <testcase name="testMethodInvocation2()" classname="org.springframework.expression.spel.SpelDocumentationTests" time="0.001"/>
  <testcase name="testRelationalOperators()" classname="org.springframework.expression.spel.SpelDocumentationTests" time="0.006"/>
  <testcase name="testPropertyNavigation()" classname="org.springframework.expression.spel.SpelDocumentationTests" time="0.003"/>
  <testcase name="testTypes()" classname="org.springframework.expression.spel.SpelDocumentationTests" time="0.001"/>
  <testcase name="testDictionaryAccess()" classname="org.springframework.expression.spel.SpelDocumentationTests" time="0.001"/>
  <testcase name="testSelection()" classname="org.springframework.expression.spel.SpelDocumentationTests" time="0.001"/>
  <testcase name="testConstructors()" classname="org.springframework.expression.spel.SpelDocumentationTests" time="0.058"/>
  <testcase name="testSpecialVariables()" classname="org.springframework.expression.spel.SpelDocumentationTests" time="0.004"/>
  <testcase name="testMethodInvocation()" classname="org.springframework.expression.spel.SpelDocumentationTests" time="0.001"/>
  <testcase name="testLogicalOperators()" classname="org.springframework.expression.spel.SpelDocumentationTests" time="0.007"/>
  <testcase name="testBeanPropertyAccess()" classname="org.springframework.expression.spel.SpelDocumentationTests" time="0.003"/>
  <testcase name="testAssignment()" classname="org.springframework.expression.spel.SpelDocumentationTests" time="0.007"/>
  <testcase name="testFunctions()" classname="org.springframework.expression.spel.SpelDocumentationTests" time="0.003"/>
  <testcase name="testNumericalOperators()" classname="org.springframework.expression.spel.SpelDocumentationTests" time="0.001"/>
  <testcase name="testVariables()" classname="org.springframework.expression.spel.SpelDocumentationTests" time="0.003"/>
  <testcase name="testTemplating()" classname="org.springframework.expression.spel.SpelDocumentationTests" time="0.004"/>
  <testcase name="testPropertyAccess()" classname="org.springframework.expression.spel.SpelDocumentationTests" time="0.001"/>
  <testcase name="testOtherOperators()" classname="org.springframework.expression.spel.SpelDocumentationTests" time="0.001"/>
  <testcase name="testXMLBasedConfig()" classname="org.springframework.expression.spel.SpelDocumentationTests" time="0.0"/>
  <testcase name="testRootObject()" classname="org.springframework.expression.spel.SpelDocumentationTests" time="0.001"/>
  <testcase name="testArrayLengthAccess()" classname="org.springframework.expression.spel.SpelDocumentationTests" time="0.001"/>
  <testcase name="testLiterals()" classname="org.springframework.expression.spel.SpelDocumentationTests" time="0.0"/>
  <testcase name="testEqualityCheck()" classname="org.springframework.expression.spel.SpelDocumentationTests" time="0.0"/>
  <system-out><![CDATA[]]></system-out>
  <system-err><![CDATA[]]></system-err>
</testsuite>
