<?xml version="1.0" encoding="UTF-8"?>
<testsuite name="org.springframework.expression.spel.standard.SpelCompilerTests" tests="2" skipped="0" failures="0" errors="0" timestamp="2020-12-11T19:50:52" hostname="DESKTOP-TMNPDT1" time="0.178">
  <properties/>
  <testcase name="expressionCompilesWhenMethodComesFromPublicInterface()" classname="org.springframework.expression.spel.standard.SpelCompilerTests" time="0.171"/>
  <testcase name="defaultMethodInvocation()" classname="org.springframework.expression.spel.standard.SpelCompilerTests" time="0.007"/>
  <system-out><![CDATA[]]></system-out>
  <system-err><![CDATA[]]></system-err>
</testsuite>
