<?xml version="1.0" encoding="UTF-8"?>
<testsuite name="org.springframework.expression.spel.OperatorOverloaderTests" tests="1" skipped="0" failures="0" errors="0" timestamp="2020-12-11T19:50:43" hostname="DESKTOP-TMNPDT1" time="0.002">
  <properties/>
  <testcase name="testSimpleOperations()" classname="org.springframework.expression.spel.OperatorOverloaderTests" time="0.002"/>
  <system-out><![CDATA[]]></system-out>
  <system-err><![CDATA[]]></system-err>
</testsuite>
