<?xml version="1.0" encoding="UTF-8"?>
<testsuite name="org.springframework.expression.spel.StandardTypeLocatorTests" tests="1" skipped="0" failures="0" errors="0" timestamp="2020-12-11T19:50:52" hostname="DESKTOP-TMNPDT1" time="0.006">
  <properties/>
  <testcase name="testImports()" classname="org.springframework.expression.spel.StandardTypeLocatorTests" time="0.006"/>
  <system-out><![CDATA[]]></system-out>
  <system-err><![CDATA[]]></system-err>
</testsuite>
