<?xml version="1.0" encoding="UTF-8"?>
<testsuite name="org.springframework.expression.spel.SetValueTests" tests="20" skipped="0" failures="0" errors="0" timestamp="2020-12-11T19:50:44" hostname="DESKTOP-TMNPDT1" time="0.325">
  <properties/>
  <testcase name="testSetPropertyTypeCoersionThroughSetter()" classname="org.springframework.expression.spel.SetValueTests" time="0.003"/>
  <testcase name="testIsWritableForInvalidExpressions_SPR10610()" classname="org.springframework.expression.spel.SetValueTests" time="0.12"/>
  <testcase name="testSetGenericMapElementRequiresCoercion()" classname="org.springframework.expression.spel.SetValueTests" time="0.118"/>
  <testcase name="testSetGenericListElementValueTypeCoersionOK()" classname="org.springframework.expression.spel.SetValueTests" time="0.004"/>
  <testcase name="testSetArrayElementInvalidIndex()" classname="org.springframework.expression.spel.SetValueTests" time="0.006"/>
  <testcase name="testSetPropertyTypeCoersion()" classname="org.springframework.expression.spel.SetValueTests" time="0.002"/>
  <testcase name="testSetElementOfNull()" classname="org.springframework.expression.spel.SetValueTests" time="0.002"/>
  <testcase name="testSetListElementNestedValue()" classname="org.springframework.expression.spel.SetValueTests" time="0.002"/>
  <testcase name="testSetMapElements()" classname="org.springframework.expression.spel.SetValueTests" time="0.001"/>
  <testcase name="testSetArrayElementValue()" classname="org.springframework.expression.spel.SetValueTests" time="0.001"/>
  <testcase name="testSetProperty()" classname="org.springframework.expression.spel.SetValueTests" time="0.002"/>
  <testcase name="testSetArrayElementValueAllPrimitiveTypes()" classname="org.springframework.expression.spel.SetValueTests" time="0.005"/>
  <testcase name="testSetGenericListElementValueTypeCoersion()" classname="org.springframework.expression.spel.SetValueTests" time="0.001"/>
  <testcase name="testErrorCase()" classname="org.springframework.expression.spel.SetValueTests" time="0.007"/>
  <testcase name="testSetArrayElementValueAllPrimitiveTypesErrors()" classname="org.springframework.expression.spel.SetValueTests" time="0.009"/>
  <testcase name="testAssign()" classname="org.springframework.expression.spel.SetValueTests" time="0.001"/>
  <testcase name="testSetNestedProperty()" classname="org.springframework.expression.spel.SetValueTests" time="0.001"/>
  <testcase name="testSetArrayElementNestedValue()" classname="org.springframework.expression.spel.SetValueTests" time="0.001"/>
  <testcase name="testSetListElementValue()" classname="org.springframework.expression.spel.SetValueTests" time="0.001"/>
  <testcase name="testIndexingIntoUnsupportedType()" classname="org.springframework.expression.spel.SetValueTests" time="0.001"/>
  <system-out><![CDATA[]]></system-out>
  <system-err><![CDATA[]]></system-err>
</testsuite>
