<?xml version="1.0" encoding="UTF-8"?>
<testsuite name="org.springframework.expression.spel.SpelCompilationPerformanceTests" tests="11" skipped="11" failures="0" errors="0" timestamp="2020-12-11T19:50:51" hostname="DESKTOP-TMNPDT1" time="0.01">
  <properties/>
  <testcase name="compilingPropertyReferenceField()" classname="org.springframework.expression.spel.SpelCompilationPerformanceTests" time="0.0">
    <skipped/>
  </testcase>
  <testcase name="compilingPropertyReferenceNestedField()" classname="org.springframework.expression.spel.SpelCompilationPerformanceTests" time="0.0">
    <skipped/>
  </testcase>
  <testcase name="inlineLists()" classname="org.springframework.expression.spel.SpelCompilationPerformanceTests" time="0.001">
    <skipped/>
  </testcase>
  <testcase name="compilingPropertyReferenceGetter()" classname="org.springframework.expression.spel.SpelCompilationPerformanceTests" time="0.0">
    <skipped/>
  </testcase>
  <testcase name="complexExpressionPerformance()" classname="org.springframework.expression.spel.SpelCompilationPerformanceTests" time="0.001">
    <skipped/>
  </testcase>
  <testcase name="compilingMethodReference()" classname="org.springframework.expression.spel.SpelCompilationPerformanceTests" time="0.0">
    <skipped/>
  </testcase>
  <testcase name="inlineNestedLists()" classname="org.springframework.expression.spel.SpelCompilationPerformanceTests" time="0.001">
    <skipped/>
  </testcase>
  <testcase name="compilingNestedMixedFieldPropertyReferenceMethodReference()" classname="org.springframework.expression.spel.SpelCompilationPerformanceTests" time="0.0">
    <skipped/>
  </testcase>
  <testcase name="compilingPropertyReferenceNestedMixedFieldGetter()" classname="org.springframework.expression.spel.SpelCompilationPerformanceTests" time="0.004">
    <skipped/>
  </testcase>
  <testcase name="compilingMathematicalExpressionsWithDifferentOperandTypes()" classname="org.springframework.expression.spel.SpelCompilationPerformanceTests" time="0.0">
    <skipped/>
  </testcase>
  <testcase name="stringConcatenation()" classname="org.springframework.expression.spel.SpelCompilationPerformanceTests" time="0.0">
    <skipped/>
  </testcase>
  <system-out><![CDATA[]]></system-out>
  <system-err><![CDATA[]]></system-err>
</testsuite>
