<?xml version="1.0" encoding="UTF-8"?>
<testsuite name="org.springframework.expression.spel.ScenariosForSpringSecurityExpressionTests" tests="4" skipped="0" failures="0" errors="0" timestamp="2020-12-11T19:50:44" hostname="DESKTOP-TMNPDT1" time="0.064">
  <properties/>
  <testcase name="testScenario03_Arithmetic()" classname="org.springframework.expression.spel.ScenariosForSpringSecurityExpressionTests" time="0.002"/>
  <testcase name="testScenario04_ControllingWhichMethodsRun()" classname="org.springframework.expression.spel.ScenariosForSpringSecurityExpressionTests" time="0.018"/>
  <testcase name="testScenario02_ComparingNames()" classname="org.springframework.expression.spel.ScenariosForSpringSecurityExpressionTests" time="0.019"/>
  <testcase name="testScenario01_Roles()" classname="org.springframework.expression.spel.ScenariosForSpringSecurityExpressionTests" time="0.022"/>
  <system-out><![CDATA[]]></system-out>
  <system-err><![CDATA[]]></system-err>
</testsuite>
