<?xml version="1.0" encoding="UTF-8"?>
<testsuite name="org.springframework.expression.spel.standard.PropertiesConversionSpelTests" tests="4" skipped="0" failures="0" errors="0" timestamp="2020-12-11T19:50:52" hostname="DESKTOP-TMNPDT1" time="0.206">
  <properties/>
  <testcase name="customMapWithNonStringValue()" classname="org.springframework.expression.spel.standard.PropertiesConversionSpelTests" time="0.006"/>
  <testcase name="mapWithAllStringValues()" classname="org.springframework.expression.spel.standard.PropertiesConversionSpelTests" time="0.003"/>
  <testcase name="props()" classname="org.springframework.expression.spel.standard.PropertiesConversionSpelTests" time="0.007"/>
  <testcase name="mapWithNonStringValue()" classname="org.springframework.expression.spel.standard.PropertiesConversionSpelTests" time="0.002"/>
  <system-out><![CDATA[]]></system-out>
  <system-err><![CDATA[]]></system-err>
</testsuite>
