<?xml version="1.0" encoding="UTF-8"?>
<testsuite name="org.springframework.expression.spel.ast.FormatHelperTests" tests="2" skipped="0" failures="0" errors="0" timestamp="2020-12-11T19:50:41" hostname="DESKTOP-TMNPDT1" time="0.002">
  <properties/>
  <testcase name="formatMethodWithMultipleArgumentsForMessage()" classname="org.springframework.expression.spel.ast.FormatHelperTests" time="0.0"/>
  <testcase name="formatMethodWithSingleArgumentForMessage()" classname="org.springframework.expression.spel.ast.FormatHelperTests" time="0.001"/>
  <system-out><![CDATA[]]></system-out>
  <system-err><![CDATA[]]></system-err>
</testsuite>
