<?xml version="1.0" encoding="UTF-8"?>
<testsuite name="org.springframework.expression.spel.ConstructorInvocationTests" tests="8" skipped="1" failures="0" errors="0" timestamp="2020-12-11T19:50:41" hostname="DESKTOP-TMNPDT1" time="0.087">
  <properties/>
  <testcase name="testAddingConstructorResolvers()" classname="org.springframework.expression.spel.ConstructorInvocationTests" time="0.001"/>
  <testcase name="testArgumentConversion01()" classname="org.springframework.expression.spel.ConstructorInvocationTests" time="0.001">
    <skipped/>
  </testcase>
  <testcase name="testConstructorThrowingException_SPR6760()" classname="org.springframework.expression.spel.ConstructorInvocationTests" time="0.017"/>
  <testcase name="testTypeConstructors()" classname="org.springframework.expression.spel.ConstructorInvocationTests" time="0.036"/>
  <testcase name="testNonExistentType()" classname="org.springframework.expression.spel.ConstructorInvocationTests" time="0.004"/>
  <testcase name="testVarargsInvocation01()" classname="org.springframework.expression.spel.ConstructorInvocationTests" time="0.011"/>
  <testcase name="testVarargsInvocation02()" classname="org.springframework.expression.spel.ConstructorInvocationTests" time="0.004"/>
  <testcase name="testWidening01()" classname="org.springframework.expression.spel.ConstructorInvocationTests" time="0.004"/>
  <system-out><![CDATA[]]></system-out>
  <system-err><![CDATA[]]></system-err>
</testsuite>
