<?xml version="1.0" encoding="UTF-8"?>
<testsuite name="org.springframework.expression.spel.support.StandardComponentsTests" tests="4" skipped="0" failures="0" errors="0" timestamp="2020-12-11T19:50:52" hostname="DESKTOP-TMNPDT1" time="0.018">
  <properties/>
  <testcase name="testStandardEvaluationContext()" classname="org.springframework.expression.spel.support.StandardComponentsTests" time="0.01"/>
  <testcase name="testStandardOperatorOverloader()" classname="org.springframework.expression.spel.support.StandardComponentsTests" time="0.002"/>
  <testcase name="testStandardTypeConverter()" classname="org.springframework.expression.spel.support.StandardComponentsTests" time="0.0"/>
  <testcase name="testStandardTypeLocator()" classname="org.springframework.expression.spel.support.StandardComponentsTests" time="0.001"/>
  <system-out><![CDATA[]]></system-out>
  <system-err><![CDATA[]]></system-err>
</testsuite>
