<?xml version="1.0" encoding="UTF-8"?>
<testsuite name="org.springframework.expression.spel.ArrayConstructorTests" tests="10" skipped="0" failures="0" errors="0" timestamp="2020-12-11T19:50:40" hostname="DESKTOP-TMNPDT1" time="1.052">
  <properties/>
  <testcase name="typeArrayConstructors()" classname="org.springframework.expression.spel.ArrayConstructorTests" time="0.839"/>
  <testcase name="simpleArrayWithInitializer()" classname="org.springframework.expression.spel.ArrayConstructorTests" time="0.016"/>
  <testcase name="basicArray()" classname="org.springframework.expression.spel.ArrayConstructorTests" time="0.001"/>
  <testcase name="multidimensionalArrays()" classname="org.springframework.expression.spel.ArrayConstructorTests" time="0.002"/>
  <testcase name="primitiveTypeArrayConstructors()" classname="org.springframework.expression.spel.ArrayConstructorTests" time="0.096"/>
  <testcase name="primitiveTypeArrayConstructorsElements()" classname="org.springframework.expression.spel.ArrayConstructorTests" time="0.059"/>
  <testcase name="constructorInvocation03()" classname="org.springframework.expression.spel.ArrayConstructorTests" time="0.003"/>
  <testcase name="multiDimensionalArray()" classname="org.springframework.expression.spel.ArrayConstructorTests" time="0.003"/>
  <testcase name="errorCases()" classname="org.springframework.expression.spel.ArrayConstructorTests" time="0.018"/>
  <testcase name="conversion()" classname="org.springframework.expression.spel.ArrayConstructorTests" time="0.002"/>
  <system-out><![CDATA[]]></system-out>
  <system-err><![CDATA[]]></system-err>
</testsuite>
